[2024-08-04T20:00:05.272+0000] {local_task_job_runner.py:120} INFO - ::group::Pre task execution logs
[2024-08-04T20:00:05.282+0000] {taskinstance.py:2076} INFO - Dependencies all met for dep_context=non-requeueable deps ti=<TaskInstance: etl_dag.transform_data scheduled__2024-08-04T19:50:00+00:00 [queued]>
[2024-08-04T20:00:05.286+0000] {taskinstance.py:2076} INFO - Dependencies all met for dep_context=requeueable deps ti=<TaskInstance: etl_dag.transform_data scheduled__2024-08-04T19:50:00+00:00 [queued]>
[2024-08-04T20:00:05.286+0000] {taskinstance.py:2306} INFO - Starting attempt 1 of 6
[2024-08-04T20:00:05.293+0000] {taskinstance.py:2330} INFO - Executing <Task(PythonOperator): transform_data> on 2024-08-04 19:50:00+00:00
[2024-08-04T20:00:05.317+0000] {warnings.py:112} WARNING - /home/***/.local/lib/python3.12/site-packages/***/task/task_runner/standard_task_runner.py:62: DeprecationWarning: This process (pid=1881) is multi-threaded, use of fork() may lead to deadlocks in the child.
  pid = os.fork()

[2024-08-04T20:00:05.320+0000] {standard_task_runner.py:64} INFO - Started process 1883 to run task
[2024-08-04T20:00:05.321+0000] {standard_task_runner.py:90} INFO - Running: ['***', 'tasks', 'run', 'etl_dag', 'transform_data', 'scheduled__2024-08-04T19:50:00+00:00', '--job-id', '878', '--raw', '--subdir', 'DAGS_FOLDER/etl_dag.py', '--cfg-path', '/tmp/tmpdha940pm']
[2024-08-04T20:00:05.322+0000] {standard_task_runner.py:91} INFO - Job 878: Subtask transform_data
[2024-08-04T20:00:05.356+0000] {task_command.py:426} INFO - Running <TaskInstance: etl_dag.transform_data scheduled__2024-08-04T19:50:00+00:00 [running]> on host 83ccd21ce624
[2024-08-04T20:00:05.408+0000] {taskinstance.py:2648} INFO - Exporting env vars: AIRFLOW_CTX_DAG_OWNER='Gabriel Almeida' AIRFLOW_CTX_DAG_ID='etl_dag' AIRFLOW_CTX_TASK_ID='transform_data' AIRFLOW_CTX_EXECUTION_DATE='2024-08-04T19:50:00+00:00' AIRFLOW_CTX_TRY_NUMBER='1' AIRFLOW_CTX_DAG_RUN_ID='scheduled__2024-08-04T19:50:00+00:00'
[2024-08-04T20:00:05.409+0000] {taskinstance.py:430} INFO - ::endgroup::
[2024-08-04T20:00:05.426+0000] {logging_mixin.py:188} INFO - DataFrame:
[2024-08-04T20:00:05.446+0000] {logging_mixin.py:188} INFO -         id  id_campaign  ...                      opened_at clicked_at
0  1811898         1199  ...  2024-07-08T08:11:58.000-03:00       None
1  1811899         1161  ...  2024-07-08T08:12:35.000-03:00       None
2  1811900         1161  ...  2024-07-08T08:13:09.000-03:00       None
3  1811901         1161  ...                           None       None
4  1811902         1162  ...                           None       None

[5 rows x 12 columns]
[2024-08-04T20:00:05.467+0000] {crypto.py:82} WARNING - empty cryptography key - values will not be stored encrypted.
[2024-08-04T20:00:05.476+0000] {python.py:237} INFO - Done. Returned value was:           id  id_campaign  ...                      opened_at clicked_at
0    1811898         1199  ...  2024-07-08T08:11:58.000-03:00       None
1    1811899         1161  ...  2024-07-08T08:12:35.000-03:00       None
2    1811900         1161  ...  2024-07-08T08:13:09.000-03:00       None
3    1811901         1161  ...                           None       None
4    1811902         1162  ...                           None       None
..       ...          ...  ...                            ...        ...
995  1812893         1141  ...                           None       None
996  1812894         1141  ...                           None       None
997  1812895         1141  ...  2024-07-11T05:39:31.000-03:00       None
998  1812896         1141  ...                           None       None
999  1812897         1141  ...  2024-07-11T05:39:34.000-03:00       None

[1000 rows x 12 columns]
[2024-08-04T20:00:05.493+0000] {taskinstance.py:441} INFO - ::group::Post task execution logs
[2024-08-04T20:00:05.617+0000] {taskinstance.py:1206} INFO - Marking task as SUCCESS. dag_id=etl_dag, task_id=transform_data, run_id=scheduled__2024-08-04T19:50:00+00:00, execution_date=20240804T195000, start_date=20240804T200005, end_date=20240804T200005
[2024-08-04T20:00:05.674+0000] {local_task_job_runner.py:243} INFO - Task exited with return code 0
[2024-08-04T20:00:05.692+0000] {warnings.py:112} WARNING - /home/***/.local/lib/python3.12/site-packages/***/models/baseoperator.py:1297: AirflowProviderDeprecationWarning: Call to deprecated class PostgresOperator. (Please use `***.providers.common.sql.operators.sql.SQLExecuteQueryOperator`.Also, you can provide `hook_params={'schema': <database>}`.)
  result = cls.__new__(cls)

[2024-08-04T20:00:05.705+0000] {taskinstance.py:3503} INFO - 1 downstream tasks scheduled from follow-on schedule check
[2024-08-04T20:00:05.706+0000] {local_task_job_runner.py:222} INFO - ::endgroup::
