[2024-08-05T00:01:29.074+0000] {local_task_job_runner.py:120} INFO - ::group::Pre task execution logs
[2024-08-05T00:01:29.085+0000] {taskinstance.py:2076} INFO - Dependencies all met for dep_context=non-requeueable deps ti=<TaskInstance: etl_dag.transform_data manual__2024-08-05T00:01:22.329536+00:00 [queued]>
[2024-08-05T00:01:29.089+0000] {taskinstance.py:2076} INFO - Dependencies all met for dep_context=requeueable deps ti=<TaskInstance: etl_dag.transform_data manual__2024-08-05T00:01:22.329536+00:00 [queued]>
[2024-08-05T00:01:29.089+0000] {taskinstance.py:2306} INFO - Starting attempt 1 of 6
[2024-08-05T00:01:29.096+0000] {taskinstance.py:2330} INFO - Executing <Task(PythonOperator): transform_data> on 2024-08-05 00:01:22.329536+00:00
[2024-08-05T00:01:29.104+0000] {warnings.py:112} WARNING - /home/***/.local/lib/python3.12/site-packages/***/task/task_runner/standard_task_runner.py:62: DeprecationWarning: This process (pid=3740) is multi-threaded, use of fork() may lead to deadlocks in the child.
  pid = os.fork()

[2024-08-05T00:01:29.105+0000] {standard_task_runner.py:64} INFO - Started process 3742 to run task
[2024-08-05T00:01:29.105+0000] {standard_task_runner.py:90} INFO - Running: ['***', 'tasks', 'run', 'etl_dag', 'transform_data', 'manual__2024-08-05T00:01:22.329536+00:00', '--job-id', '1477', '--raw', '--subdir', 'DAGS_FOLDER/etl_dag.py', '--cfg-path', '/tmp/tmp8lll31d3']
[2024-08-05T00:01:29.106+0000] {standard_task_runner.py:91} INFO - Job 1477: Subtask transform_data
[2024-08-05T00:01:29.145+0000] {task_command.py:426} INFO - Running <TaskInstance: etl_dag.transform_data manual__2024-08-05T00:01:22.329536+00:00 [running]> on host 88edf8e2824b
[2024-08-05T00:01:29.215+0000] {taskinstance.py:2648} INFO - Exporting env vars: AIRFLOW_CTX_DAG_OWNER='Gabriel Almeida' AIRFLOW_CTX_DAG_ID='etl_dag' AIRFLOW_CTX_TASK_ID='transform_data' AIRFLOW_CTX_EXECUTION_DATE='2024-08-05T00:01:22.329536+00:00' AIRFLOW_CTX_TRY_NUMBER='1' AIRFLOW_CTX_DAG_RUN_ID='manual__2024-08-05T00:01:22.329536+00:00'
[2024-08-05T00:01:29.217+0000] {taskinstance.py:430} INFO - ::endgroup::
[2024-08-05T00:01:29.226+0000] {logging_mixin.py:188} INFO - DataFrame:
[2024-08-05T00:01:29.240+0000] {logging_mixin.py:188} INFO -         id  ...                     clicked_at
0  1812018  ...                           None
1  1812019  ...                           None
2  1812020  ...                           None
3  1812021  ...                           None
4  1812022  ...                           None
5  1812023  ...                           None
6  1812024  ...                           None
7  1812025  ...  2024-07-09T13:45:41.000-03:00
8  1812026  ...                           None
9  1812027  ...                           None

[10 rows x 12 columns]
[2024-08-05T00:01:29.242+0000] {logging_mixin.py:188} INFO - id             10
id_campaign    10
campaign       10
company        10
user_type      10
to             10
mailer         10
subject         6
sent_at        10
token          10
opened_at       9
clicked_at      1
dtype: int64
[2024-08-05T00:01:29.251+0000] {crypto.py:82} WARNING - empty cryptography key - values will not be stored encrypted.
[2024-08-05T00:01:29.252+0000] {python.py:237} INFO - Done. Returned value was:         id  ...                     clicked_at
0  1812018  ...                           None
1  1812019  ...                           None
2  1812020  ...                           None
3  1812021  ...                           None
4  1812022  ...                           None
5  1812023  ...                           None
6  1812024  ...                           None
7  1812025  ...  2024-07-09T13:45:41.000-03:00
8  1812026  ...                           None
9  1812027  ...                           None

[10 rows x 12 columns]
[2024-08-05T00:01:29.259+0000] {taskinstance.py:441} INFO - ::group::Post task execution logs
[2024-08-05T00:01:29.320+0000] {taskinstance.py:1206} INFO - Marking task as SUCCESS. dag_id=etl_dag, task_id=transform_data, run_id=manual__2024-08-05T00:01:22.329536+00:00, execution_date=20240805T000122, start_date=20240805T000129, end_date=20240805T000129
[2024-08-05T00:01:29.333+0000] {local_task_job_runner.py:243} INFO - Task exited with return code 0
[2024-08-05T00:01:29.346+0000] {warnings.py:112} WARNING - /home/***/.local/lib/python3.12/site-packages/***/models/baseoperator.py:1297: AirflowProviderDeprecationWarning: Call to deprecated class PostgresOperator. (Please use `***.providers.common.sql.operators.sql.SQLExecuteQueryOperator`.Also, you can provide `hook_params={'schema': <database>}`.)
  result = cls.__new__(cls)

[2024-08-05T00:01:29.366+0000] {taskinstance.py:3503} INFO - 1 downstream tasks scheduled from follow-on schedule check
[2024-08-05T00:01:29.367+0000] {local_task_job_runner.py:222} INFO - ::endgroup::
