[2024-08-05T00:32:38.672+0000] {local_task_job_runner.py:120} INFO - ::group::Pre task execution logs
[2024-08-05T00:32:38.686+0000] {taskinstance.py:2076} INFO - Dependencies all met for dep_context=non-requeueable deps ti=<TaskInstance: etl_dag.carga_fatoemailmarketing manual__2024-08-05T00:32:17.919842+00:00 [queued]>
[2024-08-05T00:32:38.690+0000] {taskinstance.py:2076} INFO - Dependencies all met for dep_context=requeueable deps ti=<TaskInstance: etl_dag.carga_fatoemailmarketing manual__2024-08-05T00:32:17.919842+00:00 [queued]>
[2024-08-05T00:32:38.691+0000] {taskinstance.py:2306} INFO - Starting attempt 1 of 6
[2024-08-05T00:32:38.698+0000] {taskinstance.py:2330} INFO - Executing <Task(PythonOperator): carga_fatoemailmarketing> on 2024-08-05 00:32:17.919842+00:00
[2024-08-05T00:32:38.702+0000] {warnings.py:112} WARNING - /home/***/.local/lib/python3.12/site-packages/***/task/task_runner/standard_task_runner.py:62: DeprecationWarning: This process (pid=4911) is multi-threaded, use of fork() may lead to deadlocks in the child.
  pid = os.fork()

[2024-08-05T00:32:38.703+0000] {standard_task_runner.py:64} INFO - Started process 4913 to run task
[2024-08-05T00:32:38.703+0000] {standard_task_runner.py:90} INFO - Running: ['***', 'tasks', 'run', 'etl_dag', 'carga_fatoemailmarketing', 'manual__2024-08-05T00:32:17.919842+00:00', '--job-id', '1598', '--raw', '--subdir', 'DAGS_FOLDER/etl_dag.py', '--cfg-path', '/tmp/tmpeq0h3lcx']
[2024-08-05T00:32:38.704+0000] {standard_task_runner.py:91} INFO - Job 1598: Subtask carga_fatoemailmarketing
[2024-08-05T00:32:38.728+0000] {task_command.py:426} INFO - Running <TaskInstance: etl_dag.carga_fatoemailmarketing manual__2024-08-05T00:32:17.919842+00:00 [running]> on host 88edf8e2824b
[2024-08-05T00:32:38.770+0000] {taskinstance.py:2648} INFO - Exporting env vars: AIRFLOW_CTX_DAG_OWNER='Gabriel Almeida' AIRFLOW_CTX_DAG_ID='etl_dag' AIRFLOW_CTX_TASK_ID='carga_fatoemailmarketing' AIRFLOW_CTX_EXECUTION_DATE='2024-08-05T00:32:17.919842+00:00' AIRFLOW_CTX_TRY_NUMBER='1' AIRFLOW_CTX_DAG_RUN_ID='manual__2024-08-05T00:32:17.919842+00:00'
[2024-08-05T00:32:38.771+0000] {taskinstance.py:430} INFO - ::endgroup::
[2024-08-05T00:32:38.803+0000] {base.py:84} INFO - Using connection ID 'postgres_conn' for task execution.
[2024-08-05T00:32:38.841+0000] {python.py:237} INFO - Done. Returned value was: None
[2024-08-05T00:32:38.842+0000] {taskinstance.py:441} INFO - ::group::Post task execution logs
[2024-08-05T00:32:38.848+0000] {taskinstance.py:1206} INFO - Marking task as SUCCESS. dag_id=etl_dag, task_id=carga_fatoemailmarketing, run_id=manual__2024-08-05T00:32:17.919842+00:00, execution_date=20240805T003217, start_date=20240805T003238, end_date=20240805T003238
[2024-08-05T00:32:38.888+0000] {local_task_job_runner.py:243} INFO - Task exited with return code 0
[2024-08-05T00:32:38.900+0000] {taskinstance.py:3503} INFO - 0 downstream tasks scheduled from follow-on schedule check
[2024-08-05T00:32:38.901+0000] {local_task_job_runner.py:222} INFO - ::endgroup::
