[2024-07-31T02:04:14.581+0000] {local_task_job_runner.py:120} INFO - ::group::Pre task execution logs
[2024-07-31T02:04:14.593+0000] {taskinstance.py:2076} INFO - Dependencies all met for dep_context=non-requeueable deps ti=<TaskInstance: etl_dag.transform_data manual__2024-07-31T02:04:09.238840+00:00 [queued]>
[2024-07-31T02:04:14.610+0000] {taskinstance.py:2076} INFO - Dependencies all met for dep_context=requeueable deps ti=<TaskInstance: etl_dag.transform_data manual__2024-07-31T02:04:09.238840+00:00 [queued]>
[2024-07-31T02:04:14.612+0000] {taskinstance.py:2306} INFO - Starting attempt 1 of 2
[2024-07-31T02:04:14.628+0000] {taskinstance.py:2330} INFO - Executing <Task(PythonOperator): transform_data> on 2024-07-31 02:04:09.238840+00:00
[2024-07-31T02:04:14.641+0000] {warnings.py:112} WARNING - /home/***/.local/lib/python3.12/site-packages/***/task/task_runner/standard_task_runner.py:62: DeprecationWarning: This process (pid=285) is multi-threaded, use of fork() may lead to deadlocks in the child.
  pid = os.fork()

[2024-07-31T02:04:14.646+0000] {standard_task_runner.py:64} INFO - Started process 287 to run task
[2024-07-31T02:04:14.644+0000] {standard_task_runner.py:90} INFO - Running: ['***', 'tasks', 'run', 'etl_dag', 'transform_data', 'manual__2024-07-31T02:04:09.238840+00:00', '--job-id', '74', '--raw', '--subdir', 'DAGS_FOLDER/etl_dag.py', '--cfg-path', '/tmp/tmpk9f_37z1']
[2024-07-31T02:04:14.648+0000] {standard_task_runner.py:91} INFO - Job 74: Subtask transform_data
[2024-07-31T02:04:14.693+0000] {task_command.py:426} INFO - Running <TaskInstance: etl_dag.transform_data manual__2024-07-31T02:04:09.238840+00:00 [running]> on host 742a5a66f118
[2024-07-31T02:04:14.752+0000] {taskinstance.py:2648} INFO - Exporting env vars: AIRFLOW_CTX_DAG_OWNER='Gabriel Almeida' AIRFLOW_CTX_DAG_ID='etl_dag' AIRFLOW_CTX_TASK_ID='transform_data' AIRFLOW_CTX_EXECUTION_DATE='2024-07-31T02:04:09.238840+00:00' AIRFLOW_CTX_TRY_NUMBER='1' AIRFLOW_CTX_DAG_RUN_ID='manual__2024-07-31T02:04:09.238840+00:00'
[2024-07-31T02:04:14.757+0000] {taskinstance.py:430} INFO - ::endgroup::
[2024-07-31T02:04:14.780+0000] {logging_mixin.py:188} INFO - DataFrame:
[2024-07-31T02:04:14.800+0000] {logging_mixin.py:188} INFO -         id  id_campaign  ...                      opened_at clicked_at
0  1825658         1140  ...  2024-07-26T22:48:36.000-03:00       None
1  1825659         1140  ...  2024-07-27T10:54:02.000-03:00       None
2  1825660         1140  ...  2024-07-26T22:48:57.000-03:00       None
3  1825661         1140  ...  2024-07-26T22:49:12.000-03:00       None
4  1825662         1140  ...  2024-07-26T22:49:20.000-03:00       None

[5 rows x 12 columns]
[2024-07-31T02:04:14.815+0000] {crypto.py:82} WARNING - empty cryptography key - values will not be stored encrypted.
[2024-07-31T02:04:14.821+0000] {logging_mixin.py:188} INFO - 1826657
[2024-07-31T02:04:14.821+0000] {python.py:237} INFO - Done. Returned value was:           id  id_campaign  ...                      opened_at clicked_at
0    1825658         1140  ...  2024-07-26T22:48:36.000-03:00       None
1    1825659         1140  ...  2024-07-27T10:54:02.000-03:00       None
2    1825660         1140  ...  2024-07-26T22:48:57.000-03:00       None
3    1825661         1140  ...  2024-07-26T22:49:12.000-03:00       None
4    1825662         1140  ...  2024-07-26T22:49:20.000-03:00       None
..       ...          ...  ...                            ...        ...
995  1826653         1150  ...  2024-07-29T18:26:38.000-03:00       None
996  1826654         1150  ...                           None       None
997  1826655         1150  ...                           None       None
998  1826656         1157  ...                           None       None
999  1826657         1150  ...  2024-07-29T18:26:52.000-03:00       None

[1000 rows x 12 columns]
[2024-07-31T02:04:14.834+0000] {taskinstance.py:441} INFO - ::group::Post task execution logs
[2024-07-31T02:04:14.897+0000] {taskinstance.py:1206} INFO - Marking task as SUCCESS. dag_id=etl_dag, task_id=transform_data, run_id=manual__2024-07-31T02:04:09.238840+00:00, execution_date=20240731T020409, start_date=20240731T020414, end_date=20240731T020414
[2024-07-31T02:04:14.955+0000] {local_task_job_runner.py:243} INFO - Task exited with return code 0
[2024-07-31T02:04:14.971+0000] {taskinstance.py:3503} INFO - 1 downstream tasks scheduled from follow-on schedule check
[2024-07-31T02:04:14.972+0000] {local_task_job_runner.py:222} INFO - ::endgroup::
