[2024-08-03T00:02:56.787+0000] {local_task_job_runner.py:120} INFO - ::group::Pre task execution logs
[2024-08-03T00:02:57.508+0000] {taskinstance.py:2076} INFO - Dependencies all met for dep_context=non-requeueable deps ti=<TaskInstance: etl_dag.create_dim_campaign scheduled__2024-08-02T16:00:00+00:00 [queued]>
[2024-08-03T00:02:57.858+0000] {taskinstance.py:2076} INFO - Dependencies all met for dep_context=requeueable deps ti=<TaskInstance: etl_dag.create_dim_campaign scheduled__2024-08-02T16:00:00+00:00 [queued]>
[2024-08-03T00:02:57.957+0000] {taskinstance.py:2306} INFO - Starting attempt 1 of 6
[2024-08-03T00:02:59.670+0000] {taskinstance.py:2330} INFO - Executing <Task(PostgresOperator): create_dim_campaign> on 2024-08-02 16:00:00+00:00
[2024-08-03T00:03:02.073+0000] {warnings.py:112} WARNING - /home/***/.local/lib/python3.12/site-packages/***/task/task_runner/standard_task_runner.py:62: DeprecationWarning: This process (pid=2521) is multi-threaded, use of fork() may lead to deadlocks in the child.
  pid = os.fork()

[2024-08-03T00:03:02.144+0000] {standard_task_runner.py:64} INFO - Started process 2587 to run task
[2024-08-03T00:03:02.492+0000] {standard_task_runner.py:90} INFO - Running: ['***', 'tasks', 'run', 'etl_dag', 'create_dim_campaign', 'scheduled__2024-08-02T16:00:00+00:00', '--job-id', '459', '--raw', '--subdir', 'DAGS_FOLDER/etl_dag.py', '--cfg-path', '/tmp/tmp1p1a0h8y']
[2024-08-03T00:03:02.601+0000] {standard_task_runner.py:91} INFO - Job 459: Subtask create_dim_campaign
[2024-08-03T00:03:06.097+0000] {task_command.py:426} INFO - Running <TaskInstance: etl_dag.create_dim_campaign scheduled__2024-08-02T16:00:00+00:00 [running]> on host 69633e19c226
[2024-08-03T00:03:08.021+0000] {taskinstance.py:2648} INFO - Exporting env vars: AIRFLOW_CTX_DAG_OWNER='Gabriel Almeida' AIRFLOW_CTX_DAG_ID='etl_dag' AIRFLOW_CTX_TASK_ID='create_dim_campaign' AIRFLOW_CTX_EXECUTION_DATE='2024-08-02T16:00:00+00:00' AIRFLOW_CTX_TRY_NUMBER='1' AIRFLOW_CTX_DAG_RUN_ID='scheduled__2024-08-02T16:00:00+00:00'
[2024-08-03T00:03:08.178+0000] {taskinstance.py:430} INFO - ::endgroup::
[2024-08-03T00:03:08.190+0000] {sql.py:282} INFO - Executing: 
            CREATE TABLE IF NOT EXISTS DimCampaign (
                id_campaign INT PRIMARY KEY,
                campaign VARCHAR(255)
            );
        
[2024-08-03T00:03:10.760+0000] {base.py:84} INFO - Using connection ID 'postgres_conn' for task execution.
[2024-08-03T00:03:11.611+0000] {base.py:84} INFO - Using connection ID 'postgres_conn' for task execution.
[2024-08-03T00:03:12.222+0000] {sql.py:495} INFO - Running statement: 
            CREATE TABLE IF NOT EXISTS DimCampaign (
                id_campaign INT PRIMARY KEY,
                campaign VARCHAR(255)
            );
        , parameters: None
[2024-08-03T00:03:12.400+0000] {taskinstance.py:441} INFO - ::group::Post task execution logs
[2024-08-03T00:03:13.373+0000] {taskinstance.py:1206} INFO - Marking task as SUCCESS. dag_id=etl_dag, task_id=create_dim_campaign, run_id=scheduled__2024-08-02T16:00:00+00:00, execution_date=20240802T160000, start_date=20240803T000257, end_date=20240803T000313
[2024-08-03T00:03:14.882+0000] {local_task_job_runner.py:243} INFO - Task exited with return code 0
[2024-08-03T00:03:15.396+0000] {warnings.py:112} WARNING - /home/***/.local/lib/python3.12/site-packages/***/models/baseoperator.py:1297: AirflowProviderDeprecationWarning: Call to deprecated class PostgresOperator. (Please use `***.providers.common.sql.operators.sql.SQLExecuteQueryOperator`.Also, you can provide `hook_params={'schema': <database>}`.)
  result = cls.__new__(cls)

[2024-08-03T00:03:15.603+0000] {taskinstance.py:3503} INFO - 0 downstream tasks scheduled from follow-on schedule check
[2024-08-03T00:03:15.646+0000] {local_task_job_runner.py:222} INFO - ::endgroup::
