[2024-08-05T00:10:18.861+0000] {local_task_job_runner.py:120} INFO - ::group::Pre task execution logs
[2024-08-05T00:10:18.937+0000] {taskinstance.py:2076} INFO - Dependencies all met for dep_context=non-requeueable deps ti=<TaskInstance: etl_dag.carga_dimensao_user_type scheduled__2024-08-05T00:00:00+00:00 [queued]>
[2024-08-05T00:10:18.950+0000] {taskinstance.py:2076} INFO - Dependencies all met for dep_context=requeueable deps ti=<TaskInstance: etl_dag.carga_dimensao_user_type scheduled__2024-08-05T00:00:00+00:00 [queued]>
[2024-08-05T00:10:18.951+0000] {taskinstance.py:2306} INFO - Starting attempt 1 of 6
[2024-08-05T00:10:18.982+0000] {taskinstance.py:2330} INFO - Executing <Task(PythonOperator): carga_dimensao_user_type> on 2024-08-05 00:00:00+00:00
[2024-08-05T00:10:19.007+0000] {warnings.py:112} WARNING - /home/***/.local/lib/python3.12/site-packages/***/task/task_runner/standard_task_runner.py:62: DeprecationWarning: This process (pid=4008) is multi-threaded, use of fork() may lead to deadlocks in the child.
  pid = os.fork()

[2024-08-05T00:10:19.012+0000] {standard_task_runner.py:64} INFO - Started process 4014 to run task
[2024-08-05T00:10:19.028+0000] {standard_task_runner.py:90} INFO - Running: ['***', 'tasks', 'run', 'etl_dag', 'carga_dimensao_user_type', 'scheduled__2024-08-05T00:00:00+00:00', '--job-id', '1507', '--raw', '--subdir', 'DAGS_FOLDER/etl_dag.py', '--cfg-path', '/tmp/tmpe5gc2sww']
[2024-08-05T00:10:19.032+0000] {standard_task_runner.py:91} INFO - Job 1507: Subtask carga_dimensao_user_type
[2024-08-05T00:10:19.127+0000] {task_command.py:426} INFO - Running <TaskInstance: etl_dag.carga_dimensao_user_type scheduled__2024-08-05T00:00:00+00:00 [running]> on host 88edf8e2824b
[2024-08-05T00:10:19.384+0000] {taskinstance.py:2648} INFO - Exporting env vars: AIRFLOW_CTX_DAG_OWNER='Gabriel Almeida' AIRFLOW_CTX_DAG_ID='etl_dag' AIRFLOW_CTX_TASK_ID='carga_dimensao_user_type' AIRFLOW_CTX_EXECUTION_DATE='2024-08-05T00:00:00+00:00' AIRFLOW_CTX_TRY_NUMBER='1' AIRFLOW_CTX_DAG_RUN_ID='scheduled__2024-08-05T00:00:00+00:00'
[2024-08-05T00:10:19.389+0000] {taskinstance.py:430} INFO - ::endgroup::
[2024-08-05T00:10:19.831+0000] {base.py:84} INFO - Using connection ID 'postgres_conn' for task execution.
[2024-08-05T00:10:20.050+0000] {logging_mixin.py:188} INFO - Dados inseridos na tabela DimUserType com sucesso.
[2024-08-05T00:10:20.054+0000] {python.py:237} INFO - Done. Returned value was: None
[2024-08-05T00:10:20.054+0000] {taskinstance.py:441} INFO - ::group::Post task execution logs
[2024-08-05T00:10:20.133+0000] {taskinstance.py:1206} INFO - Marking task as SUCCESS. dag_id=etl_dag, task_id=carga_dimensao_user_type, run_id=scheduled__2024-08-05T00:00:00+00:00, execution_date=20240805T000000, start_date=20240805T001018, end_date=20240805T001020
[2024-08-05T00:10:20.302+0000] {local_task_job_runner.py:243} INFO - Task exited with return code 0
[2024-08-05T00:10:20.408+0000] {local_task_job_runner.py:222} INFO - ::endgroup::
