[2024-07-30T23:55:52.731+0000] {local_task_job_runner.py:120} INFO - ::group::Pre task execution logs
[2024-07-30T23:55:52.739+0000] {taskinstance.py:2076} INFO - Dependencies all met for dep_context=non-requeueable deps ti=<TaskInstance: etl_dag.transform_data manual__2024-07-30T23:55:48.383584+00:00 [queued]>
[2024-07-30T23:55:52.742+0000] {taskinstance.py:2076} INFO - Dependencies all met for dep_context=requeueable deps ti=<TaskInstance: etl_dag.transform_data manual__2024-07-30T23:55:48.383584+00:00 [queued]>
[2024-07-30T23:55:52.743+0000] {taskinstance.py:2306} INFO - Starting attempt 1 of 2
[2024-07-30T23:55:52.748+0000] {taskinstance.py:2330} INFO - Executing <Task(PythonOperator): transform_data> on 2024-07-30 23:55:48.383584+00:00
[2024-07-30T23:55:52.753+0000] {warnings.py:112} WARNING - /home/***/.local/lib/python3.12/site-packages/***/task/task_runner/standard_task_runner.py:62: DeprecationWarning: This process (pid=737) is multi-threaded, use of fork() may lead to deadlocks in the child.
  pid = os.fork()

[2024-07-30T23:55:52.754+0000] {standard_task_runner.py:64} INFO - Started process 739 to run task
[2024-07-30T23:55:52.754+0000] {standard_task_runner.py:90} INFO - Running: ['***', 'tasks', 'run', 'etl_dag', 'transform_data', 'manual__2024-07-30T23:55:48.383584+00:00', '--job-id', '32', '--raw', '--subdir', 'DAGS_FOLDER/etl_dag.py', '--cfg-path', '/tmp/tmp2zggqw8a']
[2024-07-30T23:55:52.755+0000] {standard_task_runner.py:91} INFO - Job 32: Subtask transform_data
[2024-07-30T23:55:52.778+0000] {task_command.py:426} INFO - Running <TaskInstance: etl_dag.transform_data manual__2024-07-30T23:55:48.383584+00:00 [running]> on host bb49ef30ae89
[2024-07-30T23:55:52.819+0000] {taskinstance.py:2648} INFO - Exporting env vars: AIRFLOW_CTX_DAG_OWNER='Gabriel Almeida' AIRFLOW_CTX_DAG_ID='etl_dag' AIRFLOW_CTX_TASK_ID='transform_data' AIRFLOW_CTX_EXECUTION_DATE='2024-07-30T23:55:48.383584+00:00' AIRFLOW_CTX_TRY_NUMBER='1' AIRFLOW_CTX_DAG_RUN_ID='manual__2024-07-30T23:55:48.383584+00:00'
[2024-07-30T23:55:52.820+0000] {taskinstance.py:430} INFO - ::endgroup::
[2024-07-30T23:55:52.834+0000] {logging_mixin.py:188} INFO - DataFrame:
[2024-07-30T23:55:52.841+0000] {logging_mixin.py:188} INFO -         id  id_campaign  ...                      opened_at clicked_at
0  1812658         2352  ...  2024-07-11T02:19:30.000-03:00       None
1  1812659         2352  ...  2024-07-11T02:19:32.000-03:00       None
2  1812660         2352  ...                           None       None
3  1812661         2352  ...                           None       None
4  1812662         2352  ...                           None       None

[5 rows x 12 columns]
[2024-07-30T23:55:52.851+0000] {crypto.py:82} WARNING - empty cryptography key - values will not be stored encrypted.
[2024-07-30T23:55:52.852+0000] {logging_mixin.py:188} INFO - 1813657
[2024-07-30T23:55:52.853+0000] {python.py:237} INFO - Done. Returned value was:           id  id_campaign  ...                      opened_at clicked_at
0    1812658         2352  ...  2024-07-11T02:19:30.000-03:00       None
1    1812659         2352  ...  2024-07-11T02:19:32.000-03:00       None
2    1812660         2352  ...                           None       None
3    1812661         2352  ...                           None       None
4    1812662         2352  ...                           None       None
..       ...          ...  ...                            ...        ...
995  1813653         2354  ...  2024-07-12T04:21:41.000-03:00       None
996  1813654         1142  ...  2024-07-12T06:08:26.000-03:00       None
997  1813655         1142  ...  2024-07-12T05:35:10.000-03:00       None
998  1813656         1142  ...                           None       None
999  1813657         1142  ...  2024-07-12T05:35:22.000-03:00       None

[1000 rows x 12 columns]
[2024-07-30T23:55:52.861+0000] {taskinstance.py:441} INFO - ::group::Post task execution logs
[2024-07-30T23:55:52.896+0000] {taskinstance.py:1206} INFO - Marking task as SUCCESS. dag_id=etl_dag, task_id=transform_data, run_id=manual__2024-07-30T23:55:48.383584+00:00, execution_date=20240730T235548, start_date=20240730T235552, end_date=20240730T235552
[2024-07-30T23:55:52.939+0000] {local_task_job_runner.py:243} INFO - Task exited with return code 0
[2024-07-30T23:55:52.951+0000] {taskinstance.py:3503} INFO - 0 downstream tasks scheduled from follow-on schedule check
[2024-07-30T23:55:52.952+0000] {local_task_job_runner.py:222} INFO - ::endgroup::
