[2024-08-04T20:18:07.695+0000] {local_task_job_runner.py:120} INFO - ::group::Pre task execution logs
[2024-08-04T20:18:07.716+0000] {taskinstance.py:2076} INFO - Dependencies all met for dep_context=non-requeueable deps ti=<TaskInstance: etl_dag.create_dim_company manual__2024-08-04T20:17:56.233274+00:00 [queued]>
[2024-08-04T20:18:07.723+0000] {taskinstance.py:2076} INFO - Dependencies all met for dep_context=requeueable deps ti=<TaskInstance: etl_dag.create_dim_company manual__2024-08-04T20:17:56.233274+00:00 [queued]>
[2024-08-04T20:18:07.723+0000] {taskinstance.py:2306} INFO - Starting attempt 1 of 6
[2024-08-04T20:18:07.733+0000] {taskinstance.py:2330} INFO - Executing <Task(PostgresOperator): create_dim_company> on 2024-08-04 20:17:56.233274+00:00
[2024-08-04T20:18:07.777+0000] {warnings.py:112} WARNING - /home/***/.local/lib/python3.12/site-packages/***/task/task_runner/standard_task_runner.py:62: DeprecationWarning: This process (pid=2382) is multi-threaded, use of fork() may lead to deadlocks in the child.
  pid = os.fork()

[2024-08-04T20:18:07.791+0000] {standard_task_runner.py:64} INFO - Started process 2387 to run task
[2024-08-04T20:18:07.831+0000] {standard_task_runner.py:90} INFO - Running: ['***', 'tasks', 'run', 'etl_dag', 'create_dim_company', 'manual__2024-08-04T20:17:56.233274+00:00', '--job-id', '928', '--raw', '--subdir', 'DAGS_FOLDER/etl_dag.py', '--cfg-path', '/tmp/tmppx2g5u59']
[2024-08-04T20:18:07.841+0000] {standard_task_runner.py:91} INFO - Job 928: Subtask create_dim_company
[2024-08-04T20:18:08.023+0000] {task_command.py:426} INFO - Running <TaskInstance: etl_dag.create_dim_company manual__2024-08-04T20:17:56.233274+00:00 [running]> on host 83ccd21ce624
[2024-08-04T20:18:08.326+0000] {taskinstance.py:2648} INFO - Exporting env vars: AIRFLOW_CTX_DAG_OWNER='Gabriel Almeida' AIRFLOW_CTX_DAG_ID='etl_dag' AIRFLOW_CTX_TASK_ID='create_dim_company' AIRFLOW_CTX_EXECUTION_DATE='2024-08-04T20:17:56.233274+00:00' AIRFLOW_CTX_TRY_NUMBER='1' AIRFLOW_CTX_DAG_RUN_ID='manual__2024-08-04T20:17:56.233274+00:00'
[2024-08-04T20:18:08.330+0000] {taskinstance.py:430} INFO - ::endgroup::
[2024-08-04T20:18:08.331+0000] {sql.py:282} INFO - Executing: 
            CREATE TABLE IF NOT EXISTS DimCompany (
                id_company SERIAL PRIMARY KEY,
                company VARCHAR(255) UNIQUE NOT NULL
            );
        
[2024-08-04T20:18:08.341+0000] {base.py:84} INFO - Using connection ID 'postgres_conn' for task execution.
[2024-08-04T20:18:08.349+0000] {base.py:84} INFO - Using connection ID 'postgres_conn' for task execution.
[2024-08-04T20:18:08.393+0000] {sql.py:495} INFO - Running statement: 
            CREATE TABLE IF NOT EXISTS DimCompany (
                id_company SERIAL PRIMARY KEY,
                company VARCHAR(255) UNIQUE NOT NULL
            );
        , parameters: None
[2024-08-04T20:18:08.415+0000] {taskinstance.py:441} INFO - ::group::Post task execution logs
[2024-08-04T20:18:08.426+0000] {taskinstance.py:1206} INFO - Marking task as SUCCESS. dag_id=etl_dag, task_id=create_dim_company, run_id=manual__2024-08-04T20:17:56.233274+00:00, execution_date=20240804T201756, start_date=20240804T201807, end_date=20240804T201808
[2024-08-04T20:18:08.492+0000] {local_task_job_runner.py:243} INFO - Task exited with return code 0
[2024-08-04T20:18:08.524+0000] {warnings.py:112} WARNING - /home/***/.local/lib/python3.12/site-packages/***/models/baseoperator.py:1297: AirflowProviderDeprecationWarning: Call to deprecated class PostgresOperator. (Please use `***.providers.common.sql.operators.sql.SQLExecuteQueryOperator`.Also, you can provide `hook_params={'schema': <database>}`.)
  result = cls.__new__(cls)

[2024-08-04T20:18:08.554+0000] {taskinstance.py:3503} INFO - 1 downstream tasks scheduled from follow-on schedule check
[2024-08-04T20:18:08.556+0000] {local_task_job_runner.py:222} INFO - ::endgroup::
