[2024-08-04T20:52:32.281+0000] {local_task_job_runner.py:120} INFO - ::group::Pre task execution logs
[2024-08-04T20:52:32.296+0000] {taskinstance.py:2076} INFO - Dependencies all met for dep_context=non-requeueable deps ti=<TaskInstance: etl_dag.transform_data manual__2024-08-04T20:52:26.187913+00:00 [queued]>
[2024-08-04T20:52:32.300+0000] {taskinstance.py:2076} INFO - Dependencies all met for dep_context=requeueable deps ti=<TaskInstance: etl_dag.transform_data manual__2024-08-04T20:52:26.187913+00:00 [queued]>
[2024-08-04T20:52:32.300+0000] {taskinstance.py:2306} INFO - Starting attempt 1 of 6
[2024-08-04T20:52:32.306+0000] {taskinstance.py:2330} INFO - Executing <Task(PythonOperator): transform_data> on 2024-08-04 20:52:26.187913+00:00
[2024-08-04T20:52:32.313+0000] {warnings.py:112} WARNING - /home/***/.local/lib/python3.12/site-packages/***/task/task_runner/standard_task_runner.py:62: DeprecationWarning: This process (pid=3184) is multi-threaded, use of fork() may lead to deadlocks in the child.
  pid = os.fork()

[2024-08-04T20:52:32.314+0000] {standard_task_runner.py:64} INFO - Started process 3186 to run task
[2024-08-04T20:52:32.314+0000] {standard_task_runner.py:90} INFO - Running: ['***', 'tasks', 'run', 'etl_dag', 'transform_data', 'manual__2024-08-04T20:52:26.187913+00:00', '--job-id', '993', '--raw', '--subdir', 'DAGS_FOLDER/etl_dag.py', '--cfg-path', '/tmp/tmpil6gzwfw']
[2024-08-04T20:52:32.315+0000] {standard_task_runner.py:91} INFO - Job 993: Subtask transform_data
[2024-08-04T20:52:32.344+0000] {task_command.py:426} INFO - Running <TaskInstance: etl_dag.transform_data manual__2024-08-04T20:52:26.187913+00:00 [running]> on host 83ccd21ce624
[2024-08-04T20:52:32.404+0000] {taskinstance.py:2648} INFO - Exporting env vars: AIRFLOW_CTX_DAG_OWNER='Gabriel Almeida' AIRFLOW_CTX_DAG_ID='etl_dag' AIRFLOW_CTX_TASK_ID='transform_data' AIRFLOW_CTX_EXECUTION_DATE='2024-08-04T20:52:26.187913+00:00' AIRFLOW_CTX_TRY_NUMBER='1' AIRFLOW_CTX_DAG_RUN_ID='manual__2024-08-04T20:52:26.187913+00:00'
[2024-08-04T20:52:32.406+0000] {taskinstance.py:430} INFO - ::endgroup::
[2024-08-04T20:52:32.442+0000] {logging_mixin.py:188} INFO - DataFrame:
[2024-08-04T20:52:32.475+0000] {logging_mixin.py:188} INFO -           id  id_campaign  ...                      opened_at clicked_at
0    1812018         2521  ...                           None       None
1    1812019         2524  ...  2024-07-09T13:22:49.000-03:00       None
2    1812020         2524  ...  2024-07-09T13:41:35.000-03:00       None
3    1812021         2524  ...  2024-07-09T13:31:04.000-03:00       None
4    1812022         2524  ...  2024-07-09T13:23:50.000-03:00       None
..       ...          ...  ...                            ...        ...
995  1813013         1153  ...  2024-07-12T14:52:21.000-03:00       None
996  1813014         1153  ...  2024-07-11T08:08:51.000-03:00       None
997  1813015         1158  ...  2024-07-11T08:09:02.000-03:00       None
998  1813016         1190  ...  2024-07-11T08:09:04.000-03:00       None
999  1813017         1153  ...  2024-07-11T08:09:13.000-03:00       None

[1000 rows x 12 columns]
[2024-08-04T20:52:32.477+0000] {logging_mixin.py:188} INFO - id             1000
id_campaign    1000
campaign       1000
company        1000
user_type      1000
to             1000
mailer         1000
subject         996
sent_at        1000
token          1000
opened_at       633
clicked_at        7
dtype: int64
[2024-08-04T20:52:32.490+0000] {crypto.py:82} WARNING - empty cryptography key - values will not be stored encrypted.
[2024-08-04T20:52:32.492+0000] {python.py:237} INFO - Done. Returned value was:           id  id_campaign  ...                      opened_at clicked_at
0    1812018         2521  ...                           None       None
1    1812019         2524  ...  2024-07-09T13:22:49.000-03:00       None
2    1812020         2524  ...  2024-07-09T13:41:35.000-03:00       None
3    1812021         2524  ...  2024-07-09T13:31:04.000-03:00       None
4    1812022         2524  ...  2024-07-09T13:23:50.000-03:00       None
..       ...          ...  ...                            ...        ...
995  1813013         1153  ...  2024-07-12T14:52:21.000-03:00       None
996  1813014         1153  ...  2024-07-11T08:08:51.000-03:00       None
997  1813015         1158  ...  2024-07-11T08:09:02.000-03:00       None
998  1813016         1190  ...  2024-07-11T08:09:04.000-03:00       None
999  1813017         1153  ...  2024-07-11T08:09:13.000-03:00       None

[1000 rows x 12 columns]
[2024-08-04T20:52:32.509+0000] {taskinstance.py:441} INFO - ::group::Post task execution logs
[2024-08-04T20:52:32.574+0000] {taskinstance.py:1206} INFO - Marking task as SUCCESS. dag_id=etl_dag, task_id=transform_data, run_id=manual__2024-08-04T20:52:26.187913+00:00, execution_date=20240804T205226, start_date=20240804T205232, end_date=20240804T205232
[2024-08-04T20:52:32.620+0000] {local_task_job_runner.py:243} INFO - Task exited with return code 0
[2024-08-04T20:52:32.632+0000] {warnings.py:112} WARNING - /home/***/.local/lib/python3.12/site-packages/***/models/baseoperator.py:1297: AirflowProviderDeprecationWarning: Call to deprecated class PostgresOperator. (Please use `***.providers.common.sql.operators.sql.SQLExecuteQueryOperator`.Also, you can provide `hook_params={'schema': <database>}`.)
  result = cls.__new__(cls)

[2024-08-04T20:52:32.642+0000] {taskinstance.py:3503} INFO - 1 downstream tasks scheduled from follow-on schedule check
[2024-08-04T20:52:32.643+0000] {local_task_job_runner.py:222} INFO - ::endgroup::
