[2024-08-05T00:51:33.006+0000] {local_task_job_runner.py:120} INFO - ::group::Pre task execution logs
[2024-08-05T00:51:35.768+0000] {taskinstance.py:2076} INFO - Dependencies all met for dep_context=non-requeueable deps ti=<TaskInstance: etl_dag.create_fato_email_marketing scheduled__2024-08-05T00:40:00+00:00 [queued]>
[2024-08-05T00:51:36.329+0000] {taskinstance.py:2076} INFO - Dependencies all met for dep_context=requeueable deps ti=<TaskInstance: etl_dag.create_fato_email_marketing scheduled__2024-08-05T00:40:00+00:00 [queued]>
[2024-08-05T00:51:36.360+0000] {taskinstance.py:2306} INFO - Starting attempt 1 of 6
[2024-08-05T00:51:37.233+0000] {taskinstance.py:2330} INFO - Executing <Task(PostgresOperator): create_fato_email_marketing> on 2024-08-05 00:40:00+00:00
[2024-08-05T00:51:37.510+0000] {warnings.py:112} WARNING - /home/***/.local/lib/python3.12/site-packages/***/task/task_runner/standard_task_runner.py:62: DeprecationWarning: This process (pid=77) is multi-threaded, use of fork() may lead to deadlocks in the child.
  pid = os.fork()

[2024-08-05T00:51:37.555+0000] {standard_task_runner.py:90} INFO - Running: ['***', 'tasks', 'run', 'etl_dag', 'create_fato_email_marketing', 'scheduled__2024-08-05T00:40:00+00:00', '--job-id', '1609', '--raw', '--subdir', 'DAGS_FOLDER/etl_dag.py', '--cfg-path', '/tmp/tmppqcrzlmo']
[2024-08-05T00:51:37.607+0000] {standard_task_runner.py:91} INFO - Job 1609: Subtask create_fato_email_marketing
[2024-08-05T00:51:37.602+0000] {standard_task_runner.py:64} INFO - Started process 110 to run task
[2024-08-05T00:52:31.336+0000] {task_command.py:426} INFO - Running <TaskInstance: etl_dag.create_fato_email_marketing scheduled__2024-08-05T00:40:00+00:00 [running]> on host e5e34d4cb805
[2024-08-05T00:52:47.871+0000] {taskinstance.py:2648} INFO - Exporting env vars: AIRFLOW_CTX_DAG_OWNER='Gabriel Almeida' AIRFLOW_CTX_DAG_ID='etl_dag' AIRFLOW_CTX_TASK_ID='create_fato_email_marketing' AIRFLOW_CTX_EXECUTION_DATE='2024-08-05T00:40:00+00:00' AIRFLOW_CTX_TRY_NUMBER='1' AIRFLOW_CTX_DAG_RUN_ID='scheduled__2024-08-05T00:40:00+00:00'
[2024-08-05T00:52:50.344+0000] {taskinstance.py:430} INFO - ::endgroup::
[2024-08-05T00:52:52.747+0000] {sql.py:282} INFO - Executing: 
            CREATE TABLE IF NOT EXISTS FatoEmailMarketing (
                id SERIAL PRIMARY KEY,
                id_campaign INT,
                id_company INT,
                id_user_type INT,
                "to" VARCHAR(255),
                mailer VARCHAR(255),
                subject VARCHAR(255),
                sent_at TIMESTAMP,
                opened_at TIMESTAMP,
                clicked_at TIMESTAMP,
                token VARCHAR(255),
                FOREIGN KEY (id_campaign) REFERENCES DimCampaign(id_campaign),
                FOREIGN KEY (id_company) REFERENCES DimCompany(id_company),
                FOREIGN KEY (id_user_type) REFERENCES DimUserType(id_user_type)
            );
        
[2024-08-05T00:52:56.851+0000] {base.py:84} INFO - Using connection ID 'postgres_conn' for task execution.
[2024-08-05T00:52:58.197+0000] {base.py:84} INFO - Using connection ID 'postgres_conn' for task execution.
[2024-08-05T00:52:59.123+0000] {sql.py:495} INFO - Running statement: 
            CREATE TABLE IF NOT EXISTS FatoEmailMarketing (
                id SERIAL PRIMARY KEY,
                id_campaign INT,
                id_company INT,
                id_user_type INT,
                "to" VARCHAR(255),
                mailer VARCHAR(255),
                subject VARCHAR(255),
                sent_at TIMESTAMP,
                opened_at TIMESTAMP,
                clicked_at TIMESTAMP,
                token VARCHAR(255),
                FOREIGN KEY (id_campaign) REFERENCES DimCampaign(id_campaign),
                FOREIGN KEY (id_company) REFERENCES DimCompany(id_company),
                FOREIGN KEY (id_user_type) REFERENCES DimUserType(id_user_type)
            );
        , parameters: None
[2024-08-05T00:52:59.722+0000] {taskinstance.py:441} INFO - ::group::Post task execution logs
[2024-08-05T00:53:00.435+0000] {taskinstance.py:2905} ERROR - Task failed with exception
Traceback (most recent call last):
  File "/home/airflow/.local/lib/python3.12/site-packages/airflow/models/taskinstance.py", line 465, in _execute_task
    result = _execute_callable(context=context, **execute_callable_kwargs)
             ^^^^^^^^^^^^^^^^^^^^^^^^^^^^^^^^^^^^^^^^^^^^^^^^^^^^^^^^^^^^^
  File "/home/airflow/.local/lib/python3.12/site-packages/airflow/models/taskinstance.py", line 432, in _execute_callable
    return execute_callable(context=context, **execute_callable_kwargs)
           ^^^^^^^^^^^^^^^^^^^^^^^^^^^^^^^^^^^^^^^^^^^^^^^^^^^^^^^^^^^^
  File "/home/airflow/.local/lib/python3.12/site-packages/airflow/models/baseoperator.py", line 401, in wrapper
    return func(self, *args, **kwargs)
           ^^^^^^^^^^^^^^^^^^^^^^^^^^^
  File "/home/airflow/.local/lib/python3.12/site-packages/airflow/providers/common/sql/operators/sql.py", line 288, in execute
    output = hook.run(
             ^^^^^^^^^
  File "/home/airflow/.local/lib/python3.12/site-packages/airflow/providers/common/sql/hooks/sql.py", line 442, in run
    self._run_command(cur, sql_statement, parameters)
  File "/home/airflow/.local/lib/python3.12/site-packages/airflow/providers/common/sql/hooks/sql.py", line 500, in _run_command
    cur.execute(sql_statement)
psycopg2.errors.UndefinedTable: relation "dimcampaign" does not exist

[2024-08-05T00:53:02.977+0000] {taskinstance.py:1206} INFO - Marking task as UP_FOR_RETRY. dag_id=etl_dag, task_id=create_fato_email_marketing, run_id=scheduled__2024-08-05T00:40:00+00:00, execution_date=20240805T004000, start_date=20240805T005135, end_date=20240805T005302
[2024-08-05T00:53:06.025+0000] {standard_task_runner.py:110} ERROR - Failed to execute job 1609 for task create_fato_email_marketing (relation "dimcampaign" does not exist
; 110)
[2024-08-05T00:53:06.459+0000] {local_task_job_runner.py:243} INFO - Task exited with return code 1
[2024-08-05T00:53:08.262+0000] {taskinstance.py:3503} INFO - 0 downstream tasks scheduled from follow-on schedule check
[2024-08-05T00:53:08.398+0000] {local_task_job_runner.py:222} INFO - ::endgroup::
