[2024-08-04T23:42:33.467+0000] {local_task_job_runner.py:120} INFO - ::group::Pre task execution logs
[2024-08-04T23:42:33.485+0000] {taskinstance.py:2076} INFO - Dependencies all met for dep_context=non-requeueable deps ti=<TaskInstance: etl_dag.carga_fatoemailmarketing scheduled__2024-08-04T23:30:00+00:00 [queued]>
[2024-08-04T23:42:33.501+0000] {taskinstance.py:2076} INFO - Dependencies all met for dep_context=requeueable deps ti=<TaskInstance: etl_dag.carga_fatoemailmarketing scheduled__2024-08-04T23:30:00+00:00 [queued]>
[2024-08-04T23:42:33.502+0000] {taskinstance.py:2306} INFO - Starting attempt 1 of 6
[2024-08-04T23:42:33.521+0000] {taskinstance.py:2330} INFO - Executing <Task(PythonOperator): carga_fatoemailmarketing> on 2024-08-04 23:30:00+00:00
[2024-08-04T23:42:33.538+0000] {warnings.py:112} WARNING - /home/***/.local/lib/python3.12/site-packages/***/task/task_runner/standard_task_runner.py:62: DeprecationWarning: This process (pid=2818) is multi-threaded, use of fork() may lead to deadlocks in the child.
  pid = os.fork()

[2024-08-04T23:42:33.539+0000] {standard_task_runner.py:90} INFO - Running: ['***', 'tasks', 'run', 'etl_dag', 'carga_fatoemailmarketing', 'scheduled__2024-08-04T23:30:00+00:00', '--job-id', '1372', '--raw', '--subdir', 'DAGS_FOLDER/etl_dag.py', '--cfg-path', '/tmp/tmpnz0p0uco']
[2024-08-04T23:42:33.541+0000] {standard_task_runner.py:64} INFO - Started process 2820 to run task
[2024-08-04T23:42:33.541+0000] {standard_task_runner.py:91} INFO - Job 1372: Subtask carga_fatoemailmarketing
[2024-08-04T23:42:33.594+0000] {task_command.py:426} INFO - Running <TaskInstance: etl_dag.carga_fatoemailmarketing scheduled__2024-08-04T23:30:00+00:00 [running]> on host 88edf8e2824b
[2024-08-04T23:42:33.670+0000] {taskinstance.py:2648} INFO - Exporting env vars: AIRFLOW_CTX_DAG_OWNER='Gabriel Almeida' AIRFLOW_CTX_DAG_ID='etl_dag' AIRFLOW_CTX_TASK_ID='carga_fatoemailmarketing' AIRFLOW_CTX_EXECUTION_DATE='2024-08-04T23:30:00+00:00' AIRFLOW_CTX_TRY_NUMBER='1' AIRFLOW_CTX_DAG_RUN_ID='scheduled__2024-08-04T23:30:00+00:00'
[2024-08-04T23:42:33.672+0000] {taskinstance.py:430} INFO - ::endgroup::
[2024-08-04T23:42:33.755+0000] {base.py:84} INFO - Using connection ID 'postgres_conn' for task execution.
[2024-08-04T23:42:33.782+0000] {taskinstance.py:441} INFO - ::group::Post task execution logs
[2024-08-04T23:42:33.783+0000] {taskinstance.py:2905} ERROR - Task failed with exception
Traceback (most recent call last):
  File "/home/airflow/.local/lib/python3.12/site-packages/airflow/models/taskinstance.py", line 465, in _execute_task
    result = _execute_callable(context=context, **execute_callable_kwargs)
             ^^^^^^^^^^^^^^^^^^^^^^^^^^^^^^^^^^^^^^^^^^^^^^^^^^^^^^^^^^^^^
  File "/home/airflow/.local/lib/python3.12/site-packages/airflow/models/taskinstance.py", line 432, in _execute_callable
    return execute_callable(context=context, **execute_callable_kwargs)
           ^^^^^^^^^^^^^^^^^^^^^^^^^^^^^^^^^^^^^^^^^^^^^^^^^^^^^^^^^^^^
  File "/home/airflow/.local/lib/python3.12/site-packages/airflow/models/baseoperator.py", line 401, in wrapper
    return func(self, *args, **kwargs)
           ^^^^^^^^^^^^^^^^^^^^^^^^^^^
  File "/home/airflow/.local/lib/python3.12/site-packages/airflow/operators/python.py", line 235, in execute
    return_value = self.execute_callable()
                   ^^^^^^^^^^^^^^^^^^^^^^^
  File "/home/airflow/.local/lib/python3.12/site-packages/airflow/operators/python.py", line 252, in execute_callable
    return self.python_callable(*self.op_args, **self.op_kwargs)
           ^^^^^^^^^^^^^^^^^^^^^^^^^^^^^^^^^^^^^^^^^^^^^^^^^^^^^
  File "/opt/airflow/dags/etl/dim_load.py", line 90, in load_fatoemailmarketing
    cursor.execute(f"""
psycopg2.errors.InvalidDatetimeFormat: invalid input syntax for type timestamp: "None"
LINE 4: ...1:55.000-03:00', '2024-07-08T12:31:58.000-03:00', 'None', 'c...
                                                             ^

[2024-08-04T23:42:33.796+0000] {taskinstance.py:1206} INFO - Marking task as UP_FOR_RETRY. dag_id=etl_dag, task_id=carga_fatoemailmarketing, run_id=scheduled__2024-08-04T23:30:00+00:00, execution_date=20240804T233000, start_date=20240804T234233, end_date=20240804T234233
[2024-08-04T23:42:33.818+0000] {standard_task_runner.py:110} ERROR - Failed to execute job 1372 for task carga_fatoemailmarketing (invalid input syntax for type timestamp: "None"
LINE 4: ...1:55.000-03:00', '2024-07-08T12:31:58.000-03:00', 'None', 'c...
                                                             ^
; 2820)
[2024-08-04T23:42:33.859+0000] {local_task_job_runner.py:243} INFO - Task exited with return code 1
[2024-08-04T23:42:33.910+0000] {taskinstance.py:3503} INFO - 0 downstream tasks scheduled from follow-on schedule check
[2024-08-04T23:42:33.912+0000] {local_task_job_runner.py:222} INFO - ::endgroup::
