[2024-08-04T22:12:49.593+0000] {local_task_job_runner.py:120} INFO - ::group::Pre task execution logs
[2024-08-04T22:12:49.669+0000] {taskinstance.py:2076} INFO - Dependencies all met for dep_context=non-requeueable deps ti=<TaskInstance: etl_dag.transform_data scheduled__2024-08-04T22:00:00+00:00 [queued]>
[2024-08-04T22:12:49.677+0000] {taskinstance.py:2076} INFO - Dependencies all met for dep_context=requeueable deps ti=<TaskInstance: etl_dag.transform_data scheduled__2024-08-04T22:00:00+00:00 [queued]>
[2024-08-04T22:12:49.679+0000] {taskinstance.py:2306} INFO - Starting attempt 1 of 6
[2024-08-04T22:12:49.691+0000] {taskinstance.py:2330} INFO - Executing <Task(PythonOperator): transform_data> on 2024-08-04 22:00:00+00:00
[2024-08-04T22:12:49.705+0000] {warnings.py:112} WARNING - /home/***/.local/lib/python3.12/site-packages/***/task/task_runner/standard_task_runner.py:62: DeprecationWarning: This process (pid=5046) is multi-threaded, use of fork() may lead to deadlocks in the child.
  pid = os.fork()

[2024-08-04T22:12:49.708+0000] {standard_task_runner.py:64} INFO - Started process 5048 to run task
[2024-08-04T22:12:49.708+0000] {standard_task_runner.py:90} INFO - Running: ['***', 'tasks', 'run', 'etl_dag', 'transform_data', 'scheduled__2024-08-04T22:00:00+00:00', '--job-id', '1110', '--raw', '--subdir', 'DAGS_FOLDER/etl_dag.py', '--cfg-path', '/tmp/tmp82p5_o_6']
[2024-08-04T22:12:49.709+0000] {standard_task_runner.py:91} INFO - Job 1110: Subtask transform_data
[2024-08-04T22:12:49.754+0000] {task_command.py:426} INFO - Running <TaskInstance: etl_dag.transform_data scheduled__2024-08-04T22:00:00+00:00 [running]> on host 83ccd21ce624
[2024-08-04T22:12:49.824+0000] {taskinstance.py:2648} INFO - Exporting env vars: AIRFLOW_CTX_DAG_OWNER='Gabriel Almeida' AIRFLOW_CTX_DAG_ID='etl_dag' AIRFLOW_CTX_TASK_ID='transform_data' AIRFLOW_CTX_EXECUTION_DATE='2024-08-04T22:00:00+00:00' AIRFLOW_CTX_TRY_NUMBER='1' AIRFLOW_CTX_DAG_RUN_ID='scheduled__2024-08-04T22:00:00+00:00'
[2024-08-04T22:12:49.825+0000] {taskinstance.py:430} INFO - ::endgroup::
[2024-08-04T22:12:49.837+0000] {logging_mixin.py:188} INFO - DataFrame:
[2024-08-04T22:12:49.862+0000] {logging_mixin.py:188} INFO -         id  id_campaign  ...                      opened_at clicked_at
0  1811718         1140  ...  2024-07-08T03:37:21.000-03:00       None
1  1811719         1140  ...  2024-07-08T03:37:21.000-03:00       None
2  1811720         1140  ...  2024-07-08T03:37:25.000-03:00       None
3  1811721         1140  ...  2024-07-08T03:37:25.000-03:00       None
4  1811722         1140  ...  2024-07-08T03:37:28.000-03:00       None
5  1811723         1140  ...  2024-07-08T03:37:32.000-03:00       None
6  1811724         1140  ...                           None       None
7  1811725         1140  ...                           None       None
8  1811726         1140  ...  2024-07-08T03:37:41.000-03:00       None
9  1811727         1140  ...                           None       None

[10 rows x 12 columns]
[2024-08-04T22:12:49.863+0000] {logging_mixin.py:188} INFO - id             10
id_campaign    10
campaign       10
company        10
user_type      10
to             10
mailer         10
subject        10
sent_at        10
token          10
opened_at       7
clicked_at      0
dtype: int64
[2024-08-04T22:12:49.876+0000] {crypto.py:82} WARNING - empty cryptography key - values will not be stored encrypted.
[2024-08-04T22:12:49.878+0000] {python.py:237} INFO - Done. Returned value was:         id  id_campaign  ...                      opened_at clicked_at
0  1811718         1140  ...  2024-07-08T03:37:21.000-03:00       None
1  1811719         1140  ...  2024-07-08T03:37:21.000-03:00       None
2  1811720         1140  ...  2024-07-08T03:37:25.000-03:00       None
3  1811721         1140  ...  2024-07-08T03:37:25.000-03:00       None
4  1811722         1140  ...  2024-07-08T03:37:28.000-03:00       None
5  1811723         1140  ...  2024-07-08T03:37:32.000-03:00       None
6  1811724         1140  ...                           None       None
7  1811725         1140  ...                           None       None
8  1811726         1140  ...  2024-07-08T03:37:41.000-03:00       None
9  1811727         1140  ...                           None       None

[10 rows x 12 columns]
[2024-08-04T22:12:49.887+0000] {taskinstance.py:441} INFO - ::group::Post task execution logs
[2024-08-04T22:12:49.980+0000] {taskinstance.py:1206} INFO - Marking task as SUCCESS. dag_id=etl_dag, task_id=transform_data, run_id=scheduled__2024-08-04T22:00:00+00:00, execution_date=20240804T220000, start_date=20240804T221249, end_date=20240804T221249
[2024-08-04T22:12:50.016+0000] {local_task_job_runner.py:243} INFO - Task exited with return code 0
[2024-08-04T22:12:50.034+0000] {local_task_job_runner.py:222} INFO - ::endgroup::
