[2024-08-04T23:32:48.155+0000] {local_task_job_runner.py:120} INFO - ::group::Pre task execution logs
[2024-08-04T23:32:48.174+0000] {taskinstance.py:2076} INFO - Dependencies all met for dep_context=non-requeueable deps ti=<TaskInstance: etl_dag.transform_data manual__2024-08-04T23:32:38.377652+00:00 [queued]>
[2024-08-04T23:32:48.180+0000] {taskinstance.py:2076} INFO - Dependencies all met for dep_context=requeueable deps ti=<TaskInstance: etl_dag.transform_data manual__2024-08-04T23:32:38.377652+00:00 [queued]>
[2024-08-04T23:32:48.181+0000] {taskinstance.py:2306} INFO - Starting attempt 1 of 6
[2024-08-04T23:32:48.190+0000] {taskinstance.py:2330} INFO - Executing <Task(PythonOperator): transform_data> on 2024-08-04 23:32:38.377652+00:00
[2024-08-04T23:32:48.200+0000] {warnings.py:112} WARNING - /home/***/.local/lib/python3.12/site-packages/***/task/task_runner/standard_task_runner.py:62: DeprecationWarning: This process (pid=2490) is multi-threaded, use of fork() may lead to deadlocks in the child.
  pid = os.fork()

[2024-08-04T23:32:48.202+0000] {standard_task_runner.py:64} INFO - Started process 2492 to run task
[2024-08-04T23:32:48.212+0000] {standard_task_runner.py:90} INFO - Running: ['***', 'tasks', 'run', 'etl_dag', 'transform_data', 'manual__2024-08-04T23:32:38.377652+00:00', '--job-id', '1339', '--raw', '--subdir', 'DAGS_FOLDER/etl_dag.py', '--cfg-path', '/tmp/tmp5i4ui4km']
[2024-08-04T23:32:48.213+0000] {standard_task_runner.py:91} INFO - Job 1339: Subtask transform_data
[2024-08-04T23:32:48.269+0000] {task_command.py:426} INFO - Running <TaskInstance: etl_dag.transform_data manual__2024-08-04T23:32:38.377652+00:00 [running]> on host 88edf8e2824b
[2024-08-04T23:32:48.318+0000] {taskinstance.py:2648} INFO - Exporting env vars: AIRFLOW_CTX_DAG_OWNER='Gabriel Almeida' AIRFLOW_CTX_DAG_ID='etl_dag' AIRFLOW_CTX_TASK_ID='transform_data' AIRFLOW_CTX_EXECUTION_DATE='2024-08-04T23:32:38.377652+00:00' AIRFLOW_CTX_TRY_NUMBER='1' AIRFLOW_CTX_DAG_RUN_ID='manual__2024-08-04T23:32:38.377652+00:00'
[2024-08-04T23:32:48.319+0000] {taskinstance.py:430} INFO - ::endgroup::
[2024-08-04T23:32:48.331+0000] {logging_mixin.py:188} INFO - DataFrame:
[2024-08-04T23:32:48.350+0000] {logging_mixin.py:188} INFO -         id  id_campaign  ...                      opened_at clicked_at
0  1811898         1199  ...  2024-07-08T08:11:58.000-03:00       None
1  1811899         1161  ...  2024-07-08T08:12:35.000-03:00       None
2  1811900         1161  ...  2024-07-08T08:13:09.000-03:00       None
3  1811901         1161  ...                           None       None
4  1811902         1162  ...                           None       None
5  1811903         1162  ...  2024-07-08T08:14:21.000-03:00       None
6  1811904         1195  ...  2024-07-08T12:10:43.000-03:00       None
7  1811905         1195  ...  2024-07-08T12:13:35.000-03:00       None
8  1811906         1195  ...  2024-07-08T12:15:02.000-03:00       None
9  1811907         1194  ...  2024-07-08T12:30:11.000-03:00       None

[10 rows x 12 columns]
[2024-08-04T23:32:48.352+0000] {logging_mixin.py:188} INFO - id             10
id_campaign    10
campaign       10
company        10
user_type      10
to             10
mailer         10
subject        10
sent_at        10
token          10
opened_at       8
clicked_at      0
dtype: int64
[2024-08-04T23:32:48.362+0000] {crypto.py:82} WARNING - empty cryptography key - values will not be stored encrypted.
[2024-08-04T23:32:48.364+0000] {python.py:237} INFO - Done. Returned value was:         id  id_campaign  ...                      opened_at clicked_at
0  1811898         1199  ...  2024-07-08T08:11:58.000-03:00       None
1  1811899         1161  ...  2024-07-08T08:12:35.000-03:00       None
2  1811900         1161  ...  2024-07-08T08:13:09.000-03:00       None
3  1811901         1161  ...                           None       None
4  1811902         1162  ...                           None       None
5  1811903         1162  ...  2024-07-08T08:14:21.000-03:00       None
6  1811904         1195  ...  2024-07-08T12:10:43.000-03:00       None
7  1811905         1195  ...  2024-07-08T12:13:35.000-03:00       None
8  1811906         1195  ...  2024-07-08T12:15:02.000-03:00       None
9  1811907         1194  ...  2024-07-08T12:30:11.000-03:00       None

[10 rows x 12 columns]
[2024-08-04T23:32:48.373+0000] {taskinstance.py:441} INFO - ::group::Post task execution logs
[2024-08-04T23:32:48.426+0000] {taskinstance.py:1206} INFO - Marking task as SUCCESS. dag_id=etl_dag, task_id=transform_data, run_id=manual__2024-08-04T23:32:38.377652+00:00, execution_date=20240804T233238, start_date=20240804T233248, end_date=20240804T233248
[2024-08-04T23:32:48.473+0000] {local_task_job_runner.py:243} INFO - Task exited with return code 0
[2024-08-04T23:32:48.485+0000] {warnings.py:112} WARNING - /home/***/.local/lib/python3.12/site-packages/***/models/baseoperator.py:1297: AirflowProviderDeprecationWarning: Call to deprecated class PostgresOperator. (Please use `***.providers.common.sql.operators.sql.SQLExecuteQueryOperator`.Also, you can provide `hook_params={'schema': <database>}`.)
  result = cls.__new__(cls)

[2024-08-04T23:32:48.515+0000] {taskinstance.py:3503} INFO - 1 downstream tasks scheduled from follow-on schedule check
[2024-08-04T23:32:48.516+0000] {local_task_job_runner.py:222} INFO - ::endgroup::
