[2024-08-02T09:42:33.344+0000] {local_task_job_runner.py:120} INFO - ::group::Pre task execution logs
[2024-08-02T09:42:33.355+0000] {taskinstance.py:2076} INFO - Dependencies all met for dep_context=non-requeueable deps ti=<TaskInstance: etl_dag.Carga_Dimensao_user_type manual__2024-08-02T09:42:23.054609+00:00 [queued]>
[2024-08-02T09:42:33.359+0000] {taskinstance.py:2076} INFO - Dependencies all met for dep_context=requeueable deps ti=<TaskInstance: etl_dag.Carga_Dimensao_user_type manual__2024-08-02T09:42:23.054609+00:00 [queued]>
[2024-08-02T09:42:33.360+0000] {taskinstance.py:2306} INFO - Starting attempt 1 of 6
[2024-08-02T09:42:33.366+0000] {taskinstance.py:2330} INFO - Executing <Task(PythonOperator): Carga_Dimensao_user_type> on 2024-08-02 09:42:23.054609+00:00
[2024-08-02T09:42:33.371+0000] {warnings.py:112} WARNING - /home/***/.local/lib/python3.12/site-packages/***/task/task_runner/standard_task_runner.py:62: DeprecationWarning: This process (pid=413) is multi-threaded, use of fork() may lead to deadlocks in the child.
  pid = os.fork()

[2024-08-02T09:42:33.372+0000] {standard_task_runner.py:64} INFO - Started process 415 to run task
[2024-08-02T09:42:33.372+0000] {standard_task_runner.py:90} INFO - Running: ['***', 'tasks', 'run', 'etl_dag', 'Carga_Dimensao_user_type', 'manual__2024-08-02T09:42:23.054609+00:00', '--job-id', '194', '--raw', '--subdir', 'DAGS_FOLDER/etl_dag.py', '--cfg-path', '/tmp/tmpjw7j5r4c']
[2024-08-02T09:42:33.373+0000] {standard_task_runner.py:91} INFO - Job 194: Subtask Carga_Dimensao_user_type
[2024-08-02T09:42:33.401+0000] {task_command.py:426} INFO - Running <TaskInstance: etl_dag.Carga_Dimensao_user_type manual__2024-08-02T09:42:23.054609+00:00 [running]> on host 69633e19c226
[2024-08-02T09:42:33.448+0000] {taskinstance.py:2648} INFO - Exporting env vars: AIRFLOW_CTX_DAG_OWNER='Gabriel Almeida' AIRFLOW_CTX_DAG_ID='etl_dag' AIRFLOW_CTX_TASK_ID='Carga_Dimensao_user_type' AIRFLOW_CTX_EXECUTION_DATE='2024-08-02T09:42:23.054609+00:00' AIRFLOW_CTX_TRY_NUMBER='1' AIRFLOW_CTX_DAG_RUN_ID='manual__2024-08-02T09:42:23.054609+00:00'
[2024-08-02T09:42:33.449+0000] {taskinstance.py:430} INFO - ::endgroup::
[2024-08-02T09:42:33.524+0000] {logging_mixin.py:188} INFO -           id  id_campaign  ...                      opened_at clicked_at
0    1822658         2517  ...  2024-07-23T18:43:24.000-03:00       None
1    1822659         2517  ...  2024-07-23T23:23:54.000-03:00       None
2    1822660         2517  ...  2024-07-23T18:43:24.000-03:00       None
3    1822661         2517  ...                           None       None
4    1822662         2517  ...  2024-07-23T18:43:34.000-03:00       None
..       ...          ...  ...                            ...        ...
995  1823653         2519  ...                           None       None
996  1823654         2519  ...  2024-07-24T16:03:45.000-03:00       None
997  1823655         2519  ...                           None       None
998  1823656         2519  ...  2024-07-24T17:00:32.000-03:00       None
999  1823657         2519  ...  2024-07-24T16:03:41.000-03:00       None

[1000 rows x 12 columns]
[2024-08-02T09:42:33.527+0000] {logging_mixin.py:188} INFO -   user_type
0      Lead
[2024-08-02T09:42:33.533+0000] {base.py:84} INFO - Using connection ID 'postgres_conn' for task execution.
[2024-08-02T09:42:33.557+0000] {taskinstance.py:441} INFO - ::group::Post task execution logs
[2024-08-02T09:42:33.559+0000] {taskinstance.py:2905} ERROR - Task failed with exception
Traceback (most recent call last):
  File "/home/airflow/.local/lib/python3.12/site-packages/airflow/models/taskinstance.py", line 465, in _execute_task
    result = _execute_callable(context=context, **execute_callable_kwargs)
             ^^^^^^^^^^^^^^^^^^^^^^^^^^^^^^^^^^^^^^^^^^^^^^^^^^^^^^^^^^^^^
  File "/home/airflow/.local/lib/python3.12/site-packages/airflow/models/taskinstance.py", line 432, in _execute_callable
    return execute_callable(context=context, **execute_callable_kwargs)
           ^^^^^^^^^^^^^^^^^^^^^^^^^^^^^^^^^^^^^^^^^^^^^^^^^^^^^^^^^^^^
  File "/home/airflow/.local/lib/python3.12/site-packages/airflow/models/baseoperator.py", line 401, in wrapper
    return func(self, *args, **kwargs)
           ^^^^^^^^^^^^^^^^^^^^^^^^^^^
  File "/home/airflow/.local/lib/python3.12/site-packages/airflow/operators/python.py", line 235, in execute
    return_value = self.execute_callable()
                   ^^^^^^^^^^^^^^^^^^^^^^^
  File "/home/airflow/.local/lib/python3.12/site-packages/airflow/operators/python.py", line 252, in execute_callable
    return self.python_callable(*self.op_args, **self.op_kwargs)
           ^^^^^^^^^^^^^^^^^^^^^^^^^^^^^^^^^^^^^^^^^^^^^^^^^^^^^
  File "/opt/airflow/dags/etl/dim_load.py", line 18, in load_dim_user_type
    cursor.execute(f"""
psycopg2.errors.UndefinedColumn: column "lead" does not exist
LINE 3:             VALUES (0, Lead)
                               ^

[2024-08-02T09:42:33.571+0000] {taskinstance.py:1206} INFO - Marking task as UP_FOR_RETRY. dag_id=etl_dag, task_id=Carga_Dimensao_user_type, run_id=manual__2024-08-02T09:42:23.054609+00:00, execution_date=20240802T094223, start_date=20240802T094233, end_date=20240802T094233
[2024-08-02T09:42:33.580+0000] {standard_task_runner.py:110} ERROR - Failed to execute job 194 for task Carga_Dimensao_user_type (column "lead" does not exist
LINE 3:             VALUES (0, Lead)
                               ^
; 415)
[2024-08-02T09:42:33.595+0000] {local_task_job_runner.py:243} INFO - Task exited with return code 1
[2024-08-02T09:42:33.609+0000] {taskinstance.py:3503} INFO - 0 downstream tasks scheduled from follow-on schedule check
[2024-08-02T09:42:33.610+0000] {local_task_job_runner.py:222} INFO - ::endgroup::
