[2024-08-04T21:00:05.806+0000] {local_task_job_runner.py:120} INFO - ::group::Pre task execution logs
[2024-08-04T21:00:05.816+0000] {taskinstance.py:2076} INFO - Dependencies all met for dep_context=non-requeueable deps ti=<TaskInstance: etl_dag.transform_data scheduled__2024-08-04T20:50:00+00:00 [queued]>
[2024-08-04T21:00:05.819+0000] {taskinstance.py:2076} INFO - Dependencies all met for dep_context=requeueable deps ti=<TaskInstance: etl_dag.transform_data scheduled__2024-08-04T20:50:00+00:00 [queued]>
[2024-08-04T21:00:05.820+0000] {taskinstance.py:2306} INFO - Starting attempt 1 of 6
[2024-08-04T21:00:05.826+0000] {taskinstance.py:2330} INFO - Executing <Task(PythonOperator): transform_data> on 2024-08-04 20:50:00+00:00
[2024-08-04T21:00:05.832+0000] {warnings.py:112} WARNING - /home/***/.local/lib/python3.12/site-packages/***/task/task_runner/standard_task_runner.py:62: DeprecationWarning: This process (pid=3395) is multi-threaded, use of fork() may lead to deadlocks in the child.
  pid = os.fork()

[2024-08-04T21:00:05.833+0000] {standard_task_runner.py:64} INFO - Started process 3397 to run task
[2024-08-04T21:00:05.834+0000] {standard_task_runner.py:90} INFO - Running: ['***', 'tasks', 'run', 'etl_dag', 'transform_data', 'scheduled__2024-08-04T20:50:00+00:00', '--job-id', '1013', '--raw', '--subdir', 'DAGS_FOLDER/etl_dag.py', '--cfg-path', '/tmp/tmpw1npq0ej']
[2024-08-04T21:00:05.834+0000] {standard_task_runner.py:91} INFO - Job 1013: Subtask transform_data
[2024-08-04T21:00:05.867+0000] {task_command.py:426} INFO - Running <TaskInstance: etl_dag.transform_data scheduled__2024-08-04T20:50:00+00:00 [running]> on host 83ccd21ce624
[2024-08-04T21:00:05.950+0000] {taskinstance.py:2648} INFO - Exporting env vars: AIRFLOW_CTX_DAG_OWNER='Gabriel Almeida' AIRFLOW_CTX_DAG_ID='etl_dag' AIRFLOW_CTX_TASK_ID='transform_data' AIRFLOW_CTX_EXECUTION_DATE='2024-08-04T20:50:00+00:00' AIRFLOW_CTX_TRY_NUMBER='1' AIRFLOW_CTX_DAG_RUN_ID='scheduled__2024-08-04T20:50:00+00:00'
[2024-08-04T21:00:05.951+0000] {taskinstance.py:430} INFO - ::endgroup::
[2024-08-04T21:00:05.961+0000] {logging_mixin.py:188} INFO - DataFrame:
[2024-08-04T21:00:05.984+0000] {logging_mixin.py:188} INFO -         id  id_campaign  ...                      opened_at clicked_at
0  1812038         1195  ...  2024-07-10T12:33:04.000-03:00       None
1  1812039         1195  ...  2024-07-10T12:33:07.000-03:00       None
2  1812040         1161  ...  2024-07-10T13:16:35.000-03:00       None
3  1812041         2525  ...  2024-07-10T13:36:30.000-03:00       None
4  1812042         2525  ...  2024-07-10T13:20:08.000-03:00       None
5  1812043         2525  ...  2024-07-12T10:45:26.000-03:00       None
6  1812044         2525  ...                           None       None
7  1812045         2527  ...  2024-07-10T13:38:26.000-03:00       None
8  1812046         2527  ...  2024-07-10T13:20:06.000-03:00       None
9  1812047         2527  ...  2024-07-12T10:45:28.000-03:00       None

[10 rows x 12 columns]
[2024-08-04T21:00:05.987+0000] {logging_mixin.py:188} INFO - id             10
id_campaign    10
campaign       10
company        10
user_type      10
to             10
mailer         10
subject        10
sent_at        10
token          10
opened_at       9
clicked_at      0
dtype: int64
[2024-08-04T21:00:06.015+0000] {crypto.py:82} WARNING - empty cryptography key - values will not be stored encrypted.
[2024-08-04T21:00:06.018+0000] {python.py:237} INFO - Done. Returned value was:         id  id_campaign  ...                      opened_at clicked_at
0  1812038         1195  ...  2024-07-10T12:33:04.000-03:00       None
1  1812039         1195  ...  2024-07-10T12:33:07.000-03:00       None
2  1812040         1161  ...  2024-07-10T13:16:35.000-03:00       None
3  1812041         2525  ...  2024-07-10T13:36:30.000-03:00       None
4  1812042         2525  ...  2024-07-10T13:20:08.000-03:00       None
5  1812043         2525  ...  2024-07-12T10:45:26.000-03:00       None
6  1812044         2525  ...                           None       None
7  1812045         2527  ...  2024-07-10T13:38:26.000-03:00       None
8  1812046         2527  ...  2024-07-10T13:20:06.000-03:00       None
9  1812047         2527  ...  2024-07-12T10:45:28.000-03:00       None

[10 rows x 12 columns]
[2024-08-04T21:00:06.029+0000] {taskinstance.py:441} INFO - ::group::Post task execution logs
[2024-08-04T21:00:06.067+0000] {taskinstance.py:1206} INFO - Marking task as SUCCESS. dag_id=etl_dag, task_id=transform_data, run_id=scheduled__2024-08-04T20:50:00+00:00, execution_date=20240804T205000, start_date=20240804T210005, end_date=20240804T210006
[2024-08-04T21:00:06.102+0000] {local_task_job_runner.py:243} INFO - Task exited with return code 0
[2024-08-04T21:00:06.111+0000] {warnings.py:112} WARNING - /home/***/.local/lib/python3.12/site-packages/***/models/baseoperator.py:1297: AirflowProviderDeprecationWarning: Call to deprecated class PostgresOperator. (Please use `***.providers.common.sql.operators.sql.SQLExecuteQueryOperator`.Also, you can provide `hook_params={'schema': <database>}`.)
  result = cls.__new__(cls)

[2024-08-04T21:00:06.121+0000] {taskinstance.py:3503} INFO - 1 downstream tasks scheduled from follow-on schedule check
[2024-08-04T21:00:06.123+0000] {local_task_job_runner.py:222} INFO - ::endgroup::
