[2024-08-01T16:45:27.352+0000] {local_task_job_runner.py:120} INFO - ::group::Pre task execution logs
[2024-08-01T16:45:27.361+0000] {taskinstance.py:2076} INFO - Dependencies all met for dep_context=non-requeueable deps ti=<TaskInstance: etl_dag.transform_data scheduled__2024-08-01T16:44:00+00:00 [queued]>
[2024-08-01T16:45:27.364+0000] {taskinstance.py:2076} INFO - Dependencies all met for dep_context=requeueable deps ti=<TaskInstance: etl_dag.transform_data scheduled__2024-08-01T16:44:00+00:00 [queued]>
[2024-08-01T16:45:27.364+0000] {taskinstance.py:2306} INFO - Starting attempt 1 of 6
[2024-08-01T16:45:27.369+0000] {taskinstance.py:2330} INFO - Executing <Task(PythonOperator): transform_data> on 2024-08-01 16:44:00+00:00
[2024-08-01T16:45:27.373+0000] {warnings.py:112} WARNING - /home/***/.local/lib/python3.12/site-packages/***/task/task_runner/standard_task_runner.py:62: DeprecationWarning: This process (pid=359) is multi-threaded, use of fork() may lead to deadlocks in the child.
  pid = os.fork()

[2024-08-01T16:45:27.374+0000] {standard_task_runner.py:64} INFO - Started process 361 to run task
[2024-08-01T16:45:27.375+0000] {standard_task_runner.py:90} INFO - Running: ['***', 'tasks', 'run', 'etl_dag', 'transform_data', 'scheduled__2024-08-01T16:44:00+00:00', '--job-id', '106', '--raw', '--subdir', 'DAGS_FOLDER/etl_dag.py', '--cfg-path', '/tmp/tmpl9lyugga']
[2024-08-01T16:45:27.375+0000] {standard_task_runner.py:91} INFO - Job 106: Subtask transform_data
[2024-08-01T16:45:27.413+0000] {task_command.py:426} INFO - Running <TaskInstance: etl_dag.transform_data scheduled__2024-08-01T16:44:00+00:00 [running]> on host e27a9ccca098
[2024-08-01T16:45:27.457+0000] {taskinstance.py:2648} INFO - Exporting env vars: AIRFLOW_CTX_DAG_OWNER='Gabriel Almeida' AIRFLOW_CTX_DAG_ID='etl_dag' AIRFLOW_CTX_TASK_ID='transform_data' AIRFLOW_CTX_EXECUTION_DATE='2024-08-01T16:44:00+00:00' AIRFLOW_CTX_TRY_NUMBER='1' AIRFLOW_CTX_DAG_RUN_ID='scheduled__2024-08-01T16:44:00+00:00'
[2024-08-01T16:45:27.458+0000] {taskinstance.py:430} INFO - ::endgroup::
[2024-08-01T16:45:27.473+0000] {logging_mixin.py:188} INFO - DataFrame:
[2024-08-01T16:45:27.480+0000] {logging_mixin.py:188} INFO -         id  id_campaign  ...                      opened_at clicked_at
0  1812658         2352  ...  2024-07-11T02:19:30.000-03:00       None
1  1812659         2352  ...  2024-07-11T02:19:32.000-03:00       None
2  1812660         2352  ...                           None       None
3  1812661         2352  ...                           None       None
4  1812662         2352  ...                           None       None

[5 rows x 12 columns]
[2024-08-01T16:45:27.489+0000] {crypto.py:82} WARNING - empty cryptography key - values will not be stored encrypted.
[2024-08-01T16:45:27.491+0000] {python.py:237} INFO - Done. Returned value was:           id  id_campaign  ...                      opened_at clicked_at
0    1812658         2352  ...  2024-07-11T02:19:30.000-03:00       None
1    1812659         2352  ...  2024-07-11T02:19:32.000-03:00       None
2    1812660         2352  ...                           None       None
3    1812661         2352  ...                           None       None
4    1812662         2352  ...                           None       None
..       ...          ...  ...                            ...        ...
995  1813653         2354  ...  2024-07-12T04:21:41.000-03:00       None
996  1813654         1142  ...  2024-07-12T06:08:26.000-03:00       None
997  1813655         1142  ...  2024-07-12T05:35:10.000-03:00       None
998  1813656         1142  ...                           None       None
999  1813657         1142  ...  2024-07-12T05:35:22.000-03:00       None

[1000 rows x 12 columns]
[2024-08-01T16:45:27.499+0000] {taskinstance.py:441} INFO - ::group::Post task execution logs
[2024-08-01T16:45:27.533+0000] {taskinstance.py:1206} INFO - Marking task as SUCCESS. dag_id=etl_dag, task_id=transform_data, run_id=scheduled__2024-08-01T16:44:00+00:00, execution_date=20240801T164400, start_date=20240801T164527, end_date=20240801T164527
[2024-08-01T16:45:27.555+0000] {local_task_job_runner.py:243} INFO - Task exited with return code 0
[2024-08-01T16:45:27.567+0000] {taskinstance.py:3503} INFO - 1 downstream tasks scheduled from follow-on schedule check
[2024-08-01T16:45:27.568+0000] {local_task_job_runner.py:222} INFO - ::endgroup::
