[2024-08-04T19:45:10.612+0000] {local_task_job_runner.py:120} INFO - ::group::Pre task execution logs
[2024-08-04T19:45:10.629+0000] {taskinstance.py:2076} INFO - Dependencies all met for dep_context=non-requeueable deps ti=<TaskInstance: etl_dag.create_dim_company manual__2024-08-04T19:44:58.390721+00:00 [queued]>
[2024-08-04T19:45:10.637+0000] {taskinstance.py:2076} INFO - Dependencies all met for dep_context=requeueable deps ti=<TaskInstance: etl_dag.create_dim_company manual__2024-08-04T19:44:58.390721+00:00 [queued]>
[2024-08-04T19:45:10.637+0000] {taskinstance.py:2306} INFO - Starting attempt 1 of 6
[2024-08-04T19:45:10.645+0000] {taskinstance.py:2330} INFO - Executing <Task(PostgresOperator): create_dim_company> on 2024-08-04 19:44:58.390721+00:00
[2024-08-04T19:45:10.652+0000] {warnings.py:112} WARNING - /home/***/.local/lib/python3.12/site-packages/***/task/task_runner/standard_task_runner.py:62: DeprecationWarning: This process (pid=1550) is multi-threaded, use of fork() may lead to deadlocks in the child.
  pid = os.fork()

[2024-08-04T19:45:10.653+0000] {standard_task_runner.py:64} INFO - Started process 1556 to run task
[2024-08-04T19:45:10.653+0000] {standard_task_runner.py:90} INFO - Running: ['***', 'tasks', 'run', 'etl_dag', 'create_dim_company', 'manual__2024-08-04T19:44:58.390721+00:00', '--job-id', '849', '--raw', '--subdir', 'DAGS_FOLDER/etl_dag.py', '--cfg-path', '/tmp/tmpng520y_8']
[2024-08-04T19:45:10.654+0000] {standard_task_runner.py:91} INFO - Job 849: Subtask create_dim_company
[2024-08-04T19:45:10.715+0000] {task_command.py:426} INFO - Running <TaskInstance: etl_dag.create_dim_company manual__2024-08-04T19:44:58.390721+00:00 [running]> on host 83ccd21ce624
[2024-08-04T19:45:10.801+0000] {taskinstance.py:2648} INFO - Exporting env vars: AIRFLOW_CTX_DAG_OWNER='Gabriel Almeida' AIRFLOW_CTX_DAG_ID='etl_dag' AIRFLOW_CTX_TASK_ID='create_dim_company' AIRFLOW_CTX_EXECUTION_DATE='2024-08-04T19:44:58.390721+00:00' AIRFLOW_CTX_TRY_NUMBER='1' AIRFLOW_CTX_DAG_RUN_ID='manual__2024-08-04T19:44:58.390721+00:00'
[2024-08-04T19:45:10.803+0000] {taskinstance.py:430} INFO - ::endgroup::
[2024-08-04T19:45:10.803+0000] {sql.py:282} INFO - Executing: 
            CREATE TABLE IF NOT EXISTS DimCompany (
                id_company SERIAL PRIMARY KEY,
                company VARCHAR(255)
            );
        
[2024-08-04T19:45:10.811+0000] {base.py:84} INFO - Using connection ID 'postgres_conn' for task execution.
[2024-08-04T19:45:10.818+0000] {base.py:84} INFO - Using connection ID 'postgres_conn' for task execution.
[2024-08-04T19:45:10.851+0000] {sql.py:495} INFO - Running statement: 
            CREATE TABLE IF NOT EXISTS DimCompany (
                id_company SERIAL PRIMARY KEY,
                company VARCHAR(255)
            );
        , parameters: None
[2024-08-04T19:45:10.939+0000] {taskinstance.py:441} INFO - ::group::Post task execution logs
[2024-08-04T19:45:11.007+0000] {taskinstance.py:1206} INFO - Marking task as SUCCESS. dag_id=etl_dag, task_id=create_dim_company, run_id=manual__2024-08-04T19:44:58.390721+00:00, execution_date=20240804T194458, start_date=20240804T194510, end_date=20240804T194511
[2024-08-04T19:45:11.297+0000] {local_task_job_runner.py:243} INFO - Task exited with return code 0
[2024-08-04T19:45:11.527+0000] {warnings.py:112} WARNING - /home/***/.local/lib/python3.12/site-packages/***/models/baseoperator.py:1297: AirflowProviderDeprecationWarning: Call to deprecated class PostgresOperator. (Please use `***.providers.common.sql.operators.sql.SQLExecuteQueryOperator`.Also, you can provide `hook_params={'schema': <database>}`.)
  result = cls.__new__(cls)

[2024-08-04T19:45:11.584+0000] {taskinstance.py:3503} INFO - 1 downstream tasks scheduled from follow-on schedule check
[2024-08-04T19:45:11.590+0000] {local_task_job_runner.py:222} INFO - ::endgroup::
