[2024-08-05T00:00:34.825+0000] {local_task_job_runner.py:120} INFO - ::group::Pre task execution logs
[2024-08-05T00:00:34.837+0000] {taskinstance.py:2076} INFO - Dependencies all met for dep_context=non-requeueable deps ti=<TaskInstance: etl_dag.transform_data manual__2024-08-05T00:00:19.634528+00:00 [queued]>
[2024-08-05T00:00:34.842+0000] {taskinstance.py:2076} INFO - Dependencies all met for dep_context=requeueable deps ti=<TaskInstance: etl_dag.transform_data manual__2024-08-05T00:00:19.634528+00:00 [queued]>
[2024-08-05T00:00:34.842+0000] {taskinstance.py:2306} INFO - Starting attempt 1 of 6
[2024-08-05T00:00:34.850+0000] {taskinstance.py:2330} INFO - Executing <Task(PythonOperator): transform_data> on 2024-08-05 00:00:19.634528+00:00
[2024-08-05T00:00:34.876+0000] {warnings.py:112} WARNING - /home/***/.local/lib/python3.12/site-packages/***/task/task_runner/standard_task_runner.py:62: DeprecationWarning: This process (pid=3657) is multi-threaded, use of fork() may lead to deadlocks in the child.
  pid = os.fork()

[2024-08-05T00:00:34.878+0000] {standard_task_runner.py:64} INFO - Started process 3659 to run task
[2024-08-05T00:00:34.878+0000] {standard_task_runner.py:90} INFO - Running: ['***', 'tasks', 'run', 'etl_dag', 'transform_data', 'manual__2024-08-05T00:00:19.634528+00:00', '--job-id', '1466', '--raw', '--subdir', 'DAGS_FOLDER/etl_dag.py', '--cfg-path', '/tmp/tmpi4su4n99']
[2024-08-05T00:00:34.880+0000] {standard_task_runner.py:91} INFO - Job 1466: Subtask transform_data
[2024-08-05T00:00:34.924+0000] {task_command.py:426} INFO - Running <TaskInstance: etl_dag.transform_data manual__2024-08-05T00:00:19.634528+00:00 [running]> on host 88edf8e2824b
[2024-08-05T00:00:35.023+0000] {taskinstance.py:2648} INFO - Exporting env vars: AIRFLOW_CTX_DAG_OWNER='Gabriel Almeida' AIRFLOW_CTX_DAG_ID='etl_dag' AIRFLOW_CTX_TASK_ID='transform_data' AIRFLOW_CTX_EXECUTION_DATE='2024-08-05T00:00:19.634528+00:00' AIRFLOW_CTX_TRY_NUMBER='1' AIRFLOW_CTX_DAG_RUN_ID='manual__2024-08-05T00:00:19.634528+00:00'
[2024-08-05T00:00:35.024+0000] {taskinstance.py:430} INFO - ::endgroup::
[2024-08-05T00:00:35.044+0000] {logging_mixin.py:188} INFO - DataFrame:
[2024-08-05T00:00:35.066+0000] {logging_mixin.py:188} INFO -         id  ...                     clicked_at
0  1812008  ...                           None
1  1812009  ...                           None
2  1812010  ...                           None
3  1812011  ...                           None
4  1812012  ...                           None
5  1812013  ...                           None
6  1812014  ...                           None
7  1812015  ...  2024-07-09T17:04:09.000-03:00
8  1812016  ...                           None
9  1812017  ...                           None

[10 rows x 12 columns]
[2024-08-05T00:00:35.070+0000] {logging_mixin.py:188} INFO - id             10
id_campaign    10
campaign       10
company        10
user_type      10
to             10
mailer         10
subject        10
sent_at        10
token          10
opened_at       8
clicked_at      1
dtype: int64
[2024-08-05T00:00:35.089+0000] {crypto.py:82} WARNING - empty cryptography key - values will not be stored encrypted.
[2024-08-05T00:00:35.094+0000] {python.py:237} INFO - Done. Returned value was:         id  ...                     clicked_at
0  1812008  ...                           None
1  1812009  ...                           None
2  1812010  ...                           None
3  1812011  ...                           None
4  1812012  ...                           None
5  1812013  ...                           None
6  1812014  ...                           None
7  1812015  ...  2024-07-09T17:04:09.000-03:00
8  1812016  ...                           None
9  1812017  ...                           None

[10 rows x 12 columns]
[2024-08-05T00:00:35.106+0000] {taskinstance.py:441} INFO - ::group::Post task execution logs
[2024-08-05T00:00:35.171+0000] {taskinstance.py:1206} INFO - Marking task as SUCCESS. dag_id=etl_dag, task_id=transform_data, run_id=manual__2024-08-05T00:00:19.634528+00:00, execution_date=20240805T000019, start_date=20240805T000034, end_date=20240805T000035
[2024-08-05T00:00:35.228+0000] {local_task_job_runner.py:243} INFO - Task exited with return code 0
[2024-08-05T00:00:35.243+0000] {warnings.py:112} WARNING - /home/***/.local/lib/python3.12/site-packages/***/models/baseoperator.py:1297: AirflowProviderDeprecationWarning: Call to deprecated class PostgresOperator. (Please use `***.providers.common.sql.operators.sql.SQLExecuteQueryOperator`.Also, you can provide `hook_params={'schema': <database>}`.)
  result = cls.__new__(cls)

[2024-08-05T00:00:35.273+0000] {taskinstance.py:3503} INFO - 1 downstream tasks scheduled from follow-on schedule check
[2024-08-05T00:00:35.274+0000] {local_task_job_runner.py:222} INFO - ::endgroup::
