[2024-08-01T17:09:36.199+0000] {local_task_job_runner.py:120} INFO - ::group::Pre task execution logs
[2024-08-01T17:09:36.232+0000] {taskinstance.py:2076} INFO - Dependencies all met for dep_context=non-requeueable deps ti=<TaskInstance: etl_dag.create_dim_campaign manual__2024-08-01T17:09:27.168537+00:00 [queued]>
[2024-08-01T17:09:36.246+0000] {taskinstance.py:2076} INFO - Dependencies all met for dep_context=requeueable deps ti=<TaskInstance: etl_dag.create_dim_campaign manual__2024-08-01T17:09:27.168537+00:00 [queued]>
[2024-08-01T17:09:36.248+0000] {taskinstance.py:2306} INFO - Starting attempt 1 of 6
[2024-08-01T17:09:36.272+0000] {taskinstance.py:2330} INFO - Executing <Task(PostgresOperator): create_dim_campaign> on 2024-08-01 17:09:27.168537+00:00
[2024-08-01T17:09:36.304+0000] {warnings.py:112} WARNING - /home/***/.local/lib/python3.12/site-packages/***/task/task_runner/standard_task_runner.py:62: DeprecationWarning: This process (pid=775) is multi-threaded, use of fork() may lead to deadlocks in the child.
  pid = os.fork()

[2024-08-01T17:09:36.316+0000] {standard_task_runner.py:64} INFO - Started process 786 to run task
[2024-08-01T17:09:36.317+0000] {standard_task_runner.py:90} INFO - Running: ['***', 'tasks', 'run', 'etl_dag', 'create_dim_campaign', 'manual__2024-08-01T17:09:27.168537+00:00', '--job-id', '136', '--raw', '--subdir', 'DAGS_FOLDER/etl_dag.py', '--cfg-path', '/tmp/tmpu_2trkka']
[2024-08-01T17:09:36.321+0000] {standard_task_runner.py:91} INFO - Job 136: Subtask create_dim_campaign
[2024-08-01T17:09:36.479+0000] {task_command.py:426} INFO - Running <TaskInstance: etl_dag.create_dim_campaign manual__2024-08-01T17:09:27.168537+00:00 [running]> on host e27a9ccca098
[2024-08-01T17:09:36.778+0000] {taskinstance.py:2648} INFO - Exporting env vars: AIRFLOW_CTX_DAG_OWNER='Gabriel Almeida' AIRFLOW_CTX_DAG_ID='etl_dag' AIRFLOW_CTX_TASK_ID='create_dim_campaign' AIRFLOW_CTX_EXECUTION_DATE='2024-08-01T17:09:27.168537+00:00' AIRFLOW_CTX_TRY_NUMBER='1' AIRFLOW_CTX_DAG_RUN_ID='manual__2024-08-01T17:09:27.168537+00:00'
[2024-08-01T17:09:36.783+0000] {taskinstance.py:430} INFO - ::endgroup::
[2024-08-01T17:09:36.783+0000] {sql.py:282} INFO - Executing: 
            CREATE TABLE IF NOT EXISTS DimCampaign (
                id_campaign INT PRIMARY KEY,
                campaign VARCHAR(255)
            );
        
[2024-08-01T17:09:36.808+0000] {base.py:84} INFO - Using connection ID 'postgres_conn' for task execution.
[2024-08-01T17:09:36.944+0000] {base.py:84} INFO - Using connection ID 'postgres_conn' for task execution.
[2024-08-01T17:09:37.052+0000] {sql.py:495} INFO - Running statement: 
            CREATE TABLE IF NOT EXISTS DimCampaign (
                id_campaign INT PRIMARY KEY,
                campaign VARCHAR(255)
            );
        , parameters: None
[2024-08-01T17:09:37.079+0000] {taskinstance.py:441} INFO - ::group::Post task execution logs
[2024-08-01T17:09:37.103+0000] {taskinstance.py:1206} INFO - Marking task as SUCCESS. dag_id=etl_dag, task_id=create_dim_campaign, run_id=manual__2024-08-01T17:09:27.168537+00:00, execution_date=20240801T170927, start_date=20240801T170936, end_date=20240801T170937
[2024-08-01T17:09:37.228+0000] {local_task_job_runner.py:243} INFO - Task exited with return code 0
[2024-08-01T17:09:37.297+0000] {local_task_job_runner.py:222} INFO - ::endgroup::
