[2024-08-04T18:58:58.488+0000] {local_task_job_runner.py:120} INFO - ::group::Pre task execution logs
[2024-08-04T18:58:58.577+0000] {taskinstance.py:2076} INFO - Dependencies all met for dep_context=non-requeueable deps ti=<TaskInstance: etl_dag.transform_data scheduled__2024-08-04T05:40:00+00:00 [queued]>
[2024-08-04T18:58:58.617+0000] {taskinstance.py:2076} INFO - Dependencies all met for dep_context=requeueable deps ti=<TaskInstance: etl_dag.transform_data scheduled__2024-08-04T05:40:00+00:00 [queued]>
[2024-08-04T18:58:58.619+0000] {taskinstance.py:2306} INFO - Starting attempt 2 of 6
[2024-08-04T18:58:58.692+0000] {taskinstance.py:2330} INFO - Executing <Task(PythonOperator): transform_data> on 2024-08-04 05:40:00+00:00
[2024-08-04T18:58:58.708+0000] {warnings.py:112} WARNING - /home/***/.local/lib/python3.12/site-packages/***/task/task_runner/standard_task_runner.py:62: DeprecationWarning: This process (pid=412) is multi-threaded, use of fork() may lead to deadlocks in the child.
  pid = os.fork()

[2024-08-04T18:58:58.715+0000] {standard_task_runner.py:64} INFO - Started process 435 to run task
[2024-08-04T18:58:58.717+0000] {standard_task_runner.py:90} INFO - Running: ['***', 'tasks', 'run', 'etl_dag', 'transform_data', 'scheduled__2024-08-04T05:40:00+00:00', '--job-id', '736', '--raw', '--subdir', 'DAGS_FOLDER/etl_dag.py', '--cfg-path', '/tmp/tmp5bc_3_n2']
[2024-08-04T18:58:58.726+0000] {standard_task_runner.py:91} INFO - Job 736: Subtask transform_data
[2024-08-04T18:58:58.975+0000] {task_command.py:426} INFO - Running <TaskInstance: etl_dag.transform_data scheduled__2024-08-04T05:40:00+00:00 [running]> on host 83ccd21ce624
[2024-08-04T18:58:59.408+0000] {taskinstance.py:2648} INFO - Exporting env vars: AIRFLOW_CTX_DAG_OWNER='Gabriel Almeida' AIRFLOW_CTX_DAG_ID='etl_dag' AIRFLOW_CTX_TASK_ID='transform_data' AIRFLOW_CTX_EXECUTION_DATE='2024-08-04T05:40:00+00:00' AIRFLOW_CTX_TRY_NUMBER='2' AIRFLOW_CTX_DAG_RUN_ID='scheduled__2024-08-04T05:40:00+00:00'
[2024-08-04T18:58:59.426+0000] {taskinstance.py:430} INFO - ::endgroup::
[2024-08-04T18:58:59.599+0000] {logging_mixin.py:188} INFO - DataFrame:
[2024-08-04T18:58:59.835+0000] {logging_mixin.py:188} INFO -         id  id_campaign  ...                      opened_at clicked_at
0  1811678         1140  ...  2024-07-08T04:07:17.000-03:00       None
1  1811679         1140  ...  2024-07-08T03:35:29.000-03:00       None
2  1811680         1140  ...  2024-07-08T03:35:35.000-03:00       None
3  1811681         1140  ...  2024-07-08T03:35:42.000-03:00       None
4  1811682         1140  ...  2024-07-08T03:35:44.000-03:00       None

[5 rows x 12 columns]
[2024-08-04T18:59:00.000+0000] {crypto.py:82} WARNING - empty cryptography key - values will not be stored encrypted.
[2024-08-04T18:59:00.109+0000] {python.py:237} INFO - Done. Returned value was:           id  id_campaign  ...                      opened_at clicked_at
0    1811678         1140  ...  2024-07-08T04:07:17.000-03:00       None
1    1811679         1140  ...  2024-07-08T03:35:29.000-03:00       None
2    1811680         1140  ...  2024-07-08T03:35:35.000-03:00       None
3    1811681         1140  ...  2024-07-08T03:35:42.000-03:00       None
4    1811682         1140  ...  2024-07-08T03:35:44.000-03:00       None
..       ...          ...  ...                            ...        ...
995  1812673         2352  ...                           None       None
996  1812674         2352  ...  2024-07-11T03:12:22.000-03:00       None
997  1812675         2352  ...  2024-07-11T02:19:46.000-03:00       None
998  1812676         2352  ...  2024-07-11T16:12:12.000-03:00       None
999  1812677         2352  ...  2024-07-11T02:19:50.000-03:00       None

[1000 rows x 12 columns]
[2024-08-04T18:59:00.224+0000] {taskinstance.py:441} INFO - ::group::Post task execution logs
[2024-08-04T18:59:00.598+0000] {taskinstance.py:1206} INFO - Marking task as SUCCESS. dag_id=etl_dag, task_id=transform_data, run_id=scheduled__2024-08-04T05:40:00+00:00, execution_date=20240804T054000, start_date=20240804T185858, end_date=20240804T185900
[2024-08-04T18:59:00.812+0000] {local_task_job_runner.py:243} INFO - Task exited with return code 0
[2024-08-04T18:59:00.936+0000] {warnings.py:112} WARNING - /home/***/.local/lib/python3.12/site-packages/***/models/baseoperator.py:1297: AirflowProviderDeprecationWarning: Call to deprecated class PostgresOperator. (Please use `***.providers.common.sql.operators.sql.SQLExecuteQueryOperator`.Also, you can provide `hook_params={'schema': <database>}`.)
  result = cls.__new__(cls)

[2024-08-04T18:59:01.028+0000] {taskinstance.py:3503} INFO - 1 downstream tasks scheduled from follow-on schedule check
[2024-08-04T18:59:01.041+0000] {local_task_job_runner.py:222} INFO - ::endgroup::
