[2024-07-31T00:58:36.634+0000] {local_task_job_runner.py:120} INFO - ::group::Pre task execution logs
[2024-07-31T00:58:36.642+0000] {taskinstance.py:2076} INFO - Dependencies all met for dep_context=non-requeueable deps ti=<TaskInstance: etl_dag.transform_data manual__2024-07-31T00:58:29.307254+00:00 [queued]>
[2024-07-31T00:58:36.645+0000] {taskinstance.py:2076} INFO - Dependencies all met for dep_context=requeueable deps ti=<TaskInstance: etl_dag.transform_data manual__2024-07-31T00:58:29.307254+00:00 [queued]>
[2024-07-31T00:58:36.645+0000] {taskinstance.py:2306} INFO - Starting attempt 1 of 2
[2024-07-31T00:58:36.650+0000] {taskinstance.py:2330} INFO - Executing <Task(PythonOperator): transform_data> on 2024-07-31 00:58:29.307254+00:00
[2024-07-31T00:58:36.653+0000] {warnings.py:112} WARNING - /home/***/.local/lib/python3.12/site-packages/***/task/task_runner/standard_task_runner.py:62: DeprecationWarning: This process (pid=248) is multi-threaded, use of fork() may lead to deadlocks in the child.
  pid = os.fork()

[2024-07-31T00:58:36.654+0000] {standard_task_runner.py:64} INFO - Started process 250 to run task
[2024-07-31T00:58:36.654+0000] {standard_task_runner.py:90} INFO - Running: ['***', 'tasks', 'run', 'etl_dag', 'transform_data', 'manual__2024-07-31T00:58:29.307254+00:00', '--job-id', '55', '--raw', '--subdir', 'DAGS_FOLDER/etl_dag.py', '--cfg-path', '/tmp/tmp7ie5xdaq']
[2024-07-31T00:58:36.655+0000] {standard_task_runner.py:91} INFO - Job 55: Subtask transform_data
[2024-07-31T00:58:36.678+0000] {task_command.py:426} INFO - Running <TaskInstance: etl_dag.transform_data manual__2024-07-31T00:58:29.307254+00:00 [running]> on host bddebbc05abf
[2024-07-31T00:58:36.731+0000] {taskinstance.py:2648} INFO - Exporting env vars: AIRFLOW_CTX_DAG_OWNER='Gabriel Almeida' AIRFLOW_CTX_DAG_ID='etl_dag' AIRFLOW_CTX_TASK_ID='transform_data' AIRFLOW_CTX_EXECUTION_DATE='2024-07-31T00:58:29.307254+00:00' AIRFLOW_CTX_TRY_NUMBER='1' AIRFLOW_CTX_DAG_RUN_ID='manual__2024-07-31T00:58:29.307254+00:00'
[2024-07-31T00:58:36.732+0000] {taskinstance.py:430} INFO - ::endgroup::
[2024-07-31T00:58:36.752+0000] {logging_mixin.py:188} INFO - DataFrame:
[2024-07-31T00:58:36.774+0000] {logging_mixin.py:188} INFO -         id  id_campaign  ...                      opened_at clicked_at
0  1820658         2602  ...                           None       None
1  1820659         2602  ...                           None       None
2  1820660         2602  ...  2024-07-23T14:02:01.000-03:00       None
3  1820661         2607  ...                           None       None
4  1820662         2602  ...                           None       None

[5 rows x 12 columns]
[2024-07-31T00:58:36.782+0000] {crypto.py:82} WARNING - empty cryptography key - values will not be stored encrypted.
[2024-07-31T00:58:36.785+0000] {logging_mixin.py:188} INFO - 1821657
[2024-07-31T00:58:36.785+0000] {python.py:237} INFO - Done. Returned value was:           id  id_campaign  ...                      opened_at clicked_at
0    1820658         2602  ...                           None       None
1    1820659         2602  ...                           None       None
2    1820660         2602  ...  2024-07-23T14:02:01.000-03:00       None
3    1820661         2607  ...                           None       None
4    1820662         2602  ...                           None       None
..       ...          ...  ...                            ...        ...
995  1821653         2602  ...                           None       None
996  1821654         2602  ...  2024-07-23T14:55:01.000-03:00       None
997  1821655         2602  ...                           None       None
998  1821656         2602  ...                           None       None
999  1821657         2607  ...                           None       None

[1000 rows x 12 columns]
[2024-07-31T00:58:36.792+0000] {taskinstance.py:441} INFO - ::group::Post task execution logs
[2024-07-31T00:58:36.863+0000] {taskinstance.py:1206} INFO - Marking task as SUCCESS. dag_id=etl_dag, task_id=transform_data, run_id=manual__2024-07-31T00:58:29.307254+00:00, execution_date=20240731T005829, start_date=20240731T005836, end_date=20240731T005836
[2024-07-31T00:58:36.884+0000] {local_task_job_runner.py:243} INFO - Task exited with return code 0
[2024-07-31T00:58:36.900+0000] {taskinstance.py:3503} INFO - 1 downstream tasks scheduled from follow-on schedule check
[2024-07-31T00:58:36.902+0000] {local_task_job_runner.py:222} INFO - ::endgroup::
