[2024-08-04T21:24:59.664+0000] {local_task_job_runner.py:120} INFO - ::group::Pre task execution logs
[2024-08-04T21:24:59.682+0000] {taskinstance.py:2076} INFO - Dependencies all met for dep_context=non-requeueable deps ti=<TaskInstance: etl_dag.carga_fato_email_marketing manual__2024-08-04T21:23:48.877757+00:00 [queued]>
[2024-08-04T21:24:59.689+0000] {taskinstance.py:2076} INFO - Dependencies all met for dep_context=requeueable deps ti=<TaskInstance: etl_dag.carga_fato_email_marketing manual__2024-08-04T21:23:48.877757+00:00 [queued]>
[2024-08-04T21:24:59.689+0000] {taskinstance.py:2306} INFO - Starting attempt 2 of 6
[2024-08-04T21:24:59.696+0000] {taskinstance.py:2330} INFO - Executing <Task(PythonOperator): carga_fato_email_marketing> on 2024-08-04 21:23:48.877757+00:00
[2024-08-04T21:24:59.705+0000] {warnings.py:112} WARNING - /home/***/.local/lib/python3.12/site-packages/***/task/task_runner/standard_task_runner.py:62: DeprecationWarning: This process (pid=3895) is multi-threaded, use of fork() may lead to deadlocks in the child.
  pid = os.fork()

[2024-08-04T21:24:59.706+0000] {standard_task_runner.py:64} INFO - Started process 3897 to run task
[2024-08-04T21:24:59.706+0000] {standard_task_runner.py:90} INFO - Running: ['***', 'tasks', 'run', 'etl_dag', 'carga_fato_email_marketing', 'manual__2024-08-04T21:23:48.877757+00:00', '--job-id', '1044', '--raw', '--subdir', 'DAGS_FOLDER/etl_dag.py', '--cfg-path', '/tmp/tmp2wdt_vv_']
[2024-08-04T21:24:59.707+0000] {standard_task_runner.py:91} INFO - Job 1044: Subtask carga_fato_email_marketing
[2024-08-04T21:24:59.757+0000] {task_command.py:426} INFO - Running <TaskInstance: etl_dag.carga_fato_email_marketing manual__2024-08-04T21:23:48.877757+00:00 [running]> on host 83ccd21ce624
[2024-08-04T21:24:59.824+0000] {taskinstance.py:2648} INFO - Exporting env vars: AIRFLOW_CTX_DAG_OWNER='Gabriel Almeida' AIRFLOW_CTX_DAG_ID='etl_dag' AIRFLOW_CTX_TASK_ID='carga_fato_email_marketing' AIRFLOW_CTX_EXECUTION_DATE='2024-08-04T21:23:48.877757+00:00' AIRFLOW_CTX_TRY_NUMBER='2' AIRFLOW_CTX_DAG_RUN_ID='manual__2024-08-04T21:23:48.877757+00:00'
[2024-08-04T21:24:59.825+0000] {taskinstance.py:430} INFO - ::endgroup::
[2024-08-04T21:24:59.899+0000] {taskinstance.py:441} INFO - ::group::Post task execution logs
[2024-08-04T21:24:59.900+0000] {taskinstance.py:2905} ERROR - Task failed with exception
Traceback (most recent call last):
  File "/home/airflow/.local/lib/python3.12/site-packages/airflow/models/taskinstance.py", line 465, in _execute_task
    result = _execute_callable(context=context, **execute_callable_kwargs)
             ^^^^^^^^^^^^^^^^^^^^^^^^^^^^^^^^^^^^^^^^^^^^^^^^^^^^^^^^^^^^^
  File "/home/airflow/.local/lib/python3.12/site-packages/airflow/models/taskinstance.py", line 432, in _execute_callable
    return execute_callable(context=context, **execute_callable_kwargs)
           ^^^^^^^^^^^^^^^^^^^^^^^^^^^^^^^^^^^^^^^^^^^^^^^^^^^^^^^^^^^^
  File "/home/airflow/.local/lib/python3.12/site-packages/airflow/models/baseoperator.py", line 401, in wrapper
    return func(self, *args, **kwargs)
           ^^^^^^^^^^^^^^^^^^^^^^^^^^^
  File "/home/airflow/.local/lib/python3.12/site-packages/airflow/operators/python.py", line 235, in execute
    return_value = self.execute_callable()
                   ^^^^^^^^^^^^^^^^^^^^^^^
  File "/home/airflow/.local/lib/python3.12/site-packages/airflow/operators/python.py", line 252, in execute_callable
    return self.python_callable(*self.op_args, **self.op_kwargs)
           ^^^^^^^^^^^^^^^^^^^^^^^^^^^^^^^^^^^^^^^^^^^^^^^^^^^^^
  File "/opt/airflow/dags/etl/dim_load.py", line 65, in load_fato_email_marketing
    df_fato = df[['id_campaign', 'id_company', 'id_user_type', 'to', 'mailer', 'subject', 'sent_at', 'opened_at', 'clicked_at', 'token']]
              ~~^^^^^^^^^^^^^^^^^^^^^^^^^^^^^^^^^^^^^^^^^^^^^^^^^^^^^^^^^^^^^^^^^^^^^^^^^^^^^^^^^^^^^^^^^^^^^^^^^^^^^^^^^^^^^^^^^^^^^^^^^
  File "/home/airflow/.local/lib/python3.12/site-packages/pandas/core/frame.py", line 3899, in __getitem__
    indexer = self.columns._get_indexer_strict(key, "columns")[1]
              ^^^^^^^^^^^^^^^^^^^^^^^^^^^^^^^^^^^^^^^^^^^^^^^^
  File "/home/airflow/.local/lib/python3.12/site-packages/pandas/core/indexes/base.py", line 6115, in _get_indexer_strict
    self._raise_if_missing(keyarr, indexer, axis_name)
  File "/home/airflow/.local/lib/python3.12/site-packages/pandas/core/indexes/base.py", line 6179, in _raise_if_missing
    raise KeyError(f"{not_found} not in index")
KeyError: "['id_company', 'id_user_type'] not in index"
[2024-08-04T21:24:59.927+0000] {taskinstance.py:1206} INFO - Marking task as UP_FOR_RETRY. dag_id=etl_dag, task_id=carga_fato_email_marketing, run_id=manual__2024-08-04T21:23:48.877757+00:00, execution_date=20240804T212348, start_date=20240804T212459, end_date=20240804T212459
[2024-08-04T21:24:59.935+0000] {standard_task_runner.py:110} ERROR - Failed to execute job 1044 for task carga_fato_email_marketing ("['id_company', 'id_user_type'] not in index"; 3897)
[2024-08-04T21:24:59.972+0000] {local_task_job_runner.py:243} INFO - Task exited with return code 1
[2024-08-04T21:24:59.986+0000] {taskinstance.py:3503} INFO - 0 downstream tasks scheduled from follow-on schedule check
[2024-08-04T21:24:59.987+0000] {local_task_job_runner.py:222} INFO - ::endgroup::
