[2024-08-04T19:58:09.839+0000] {local_task_job_runner.py:120} INFO - ::group::Pre task execution logs
[2024-08-04T19:58:09.862+0000] {taskinstance.py:2076} INFO - Dependencies all met for dep_context=non-requeueable deps ti=<TaskInstance: etl_dag.create_dim_campaign manual__2024-08-04T19:57:54.923993+00:00 [queued]>
[2024-08-04T19:58:09.870+0000] {taskinstance.py:2076} INFO - Dependencies all met for dep_context=requeueable deps ti=<TaskInstance: etl_dag.create_dim_campaign manual__2024-08-04T19:57:54.923993+00:00 [queued]>
[2024-08-04T19:58:09.871+0000] {taskinstance.py:2306} INFO - Starting attempt 1 of 6
[2024-08-04T19:58:09.879+0000] {taskinstance.py:2330} INFO - Executing <Task(PostgresOperator): create_dim_campaign> on 2024-08-04 19:57:54.923993+00:00
[2024-08-04T19:58:09.890+0000] {warnings.py:112} WARNING - /home/***/.local/lib/python3.12/site-packages/***/task/task_runner/standard_task_runner.py:62: DeprecationWarning: This process (pid=1828) is multi-threaded, use of fork() may lead to deadlocks in the child.
  pid = os.fork()

[2024-08-04T19:58:09.893+0000] {standard_task_runner.py:64} INFO - Started process 1832 to run task
[2024-08-04T19:58:09.899+0000] {standard_task_runner.py:90} INFO - Running: ['***', 'tasks', 'run', 'etl_dag', 'create_dim_campaign', 'manual__2024-08-04T19:57:54.923993+00:00', '--job-id', '874', '--raw', '--subdir', 'DAGS_FOLDER/etl_dag.py', '--cfg-path', '/tmp/tmp6jxtxge3']
[2024-08-04T19:58:09.902+0000] {standard_task_runner.py:91} INFO - Job 874: Subtask create_dim_campaign
[2024-08-04T19:58:09.971+0000] {task_command.py:426} INFO - Running <TaskInstance: etl_dag.create_dim_campaign manual__2024-08-04T19:57:54.923993+00:00 [running]> on host 83ccd21ce624
[2024-08-04T19:58:10.094+0000] {taskinstance.py:2648} INFO - Exporting env vars: AIRFLOW_CTX_DAG_OWNER='Gabriel Almeida' AIRFLOW_CTX_DAG_ID='etl_dag' AIRFLOW_CTX_TASK_ID='create_dim_campaign' AIRFLOW_CTX_EXECUTION_DATE='2024-08-04T19:57:54.923993+00:00' AIRFLOW_CTX_TRY_NUMBER='1' AIRFLOW_CTX_DAG_RUN_ID='manual__2024-08-04T19:57:54.923993+00:00'
[2024-08-04T19:58:10.097+0000] {taskinstance.py:430} INFO - ::endgroup::
[2024-08-04T19:58:10.097+0000] {sql.py:282} INFO - Executing: 
            CREATE TABLE IF NOT EXISTS DimCampaign (
                id_campaign SERIAL PRIMARY KEY,
                campaign VARCHAR(255) UNIQUE NOT NULL
            );
        
[2024-08-04T19:58:10.106+0000] {base.py:84} INFO - Using connection ID 'postgres_conn' for task execution.
[2024-08-04T19:58:10.127+0000] {base.py:84} INFO - Using connection ID 'postgres_conn' for task execution.
[2024-08-04T19:58:10.161+0000] {sql.py:495} INFO - Running statement: 
            CREATE TABLE IF NOT EXISTS DimCampaign (
                id_campaign SERIAL PRIMARY KEY,
                campaign VARCHAR(255) UNIQUE NOT NULL
            );
        , parameters: None
[2024-08-04T19:58:10.164+0000] {taskinstance.py:441} INFO - ::group::Post task execution logs
[2024-08-04T19:58:10.182+0000] {taskinstance.py:1206} INFO - Marking task as SUCCESS. dag_id=etl_dag, task_id=create_dim_campaign, run_id=manual__2024-08-04T19:57:54.923993+00:00, execution_date=20240804T195754, start_date=20240804T195809, end_date=20240804T195810
[2024-08-04T19:58:10.214+0000] {local_task_job_runner.py:243} INFO - Task exited with return code 0
[2024-08-04T19:58:10.229+0000] {local_task_job_runner.py:222} INFO - ::endgroup::
