[2024-08-04T19:44:03.490+0000] {local_task_job_runner.py:120} INFO - ::group::Pre task execution logs
[2024-08-04T19:44:03.509+0000] {taskinstance.py:2076} INFO - Dependencies all met for dep_context=non-requeueable deps ti=<TaskInstance: etl_dag.transform_data manual__2024-08-04T19:43:57.449281+00:00 [queued]>
[2024-08-04T19:44:03.514+0000] {taskinstance.py:2076} INFO - Dependencies all met for dep_context=requeueable deps ti=<TaskInstance: etl_dag.transform_data manual__2024-08-04T19:43:57.449281+00:00 [queued]>
[2024-08-04T19:44:03.514+0000] {taskinstance.py:2306} INFO - Starting attempt 1 of 6
[2024-08-04T19:44:03.523+0000] {taskinstance.py:2330} INFO - Executing <Task(PythonOperator): transform_data> on 2024-08-04 19:43:57.449281+00:00
[2024-08-04T19:44:03.529+0000] {warnings.py:112} WARNING - /home/***/.local/lib/python3.12/site-packages/***/task/task_runner/standard_task_runner.py:62: DeprecationWarning: This process (pid=1495) is multi-threaded, use of fork() may lead to deadlocks in the child.
  pid = os.fork()

[2024-08-04T19:44:03.530+0000] {standard_task_runner.py:64} INFO - Started process 1497 to run task
[2024-08-04T19:44:03.531+0000] {standard_task_runner.py:90} INFO - Running: ['***', 'tasks', 'run', 'etl_dag', 'transform_data', 'manual__2024-08-04T19:43:57.449281+00:00', '--job-id', '837', '--raw', '--subdir', 'DAGS_FOLDER/etl_dag.py', '--cfg-path', '/tmp/tmpr04vh8ig']
[2024-08-04T19:44:03.531+0000] {standard_task_runner.py:91} INFO - Job 837: Subtask transform_data
[2024-08-04T19:44:03.557+0000] {task_command.py:426} INFO - Running <TaskInstance: etl_dag.transform_data manual__2024-08-04T19:43:57.449281+00:00 [running]> on host 83ccd21ce624
[2024-08-04T19:44:03.602+0000] {taskinstance.py:2648} INFO - Exporting env vars: AIRFLOW_CTX_DAG_OWNER='Gabriel Almeida' AIRFLOW_CTX_DAG_ID='etl_dag' AIRFLOW_CTX_TASK_ID='transform_data' AIRFLOW_CTX_EXECUTION_DATE='2024-08-04T19:43:57.449281+00:00' AIRFLOW_CTX_TRY_NUMBER='1' AIRFLOW_CTX_DAG_RUN_ID='manual__2024-08-04T19:43:57.449281+00:00'
[2024-08-04T19:44:03.603+0000] {taskinstance.py:430} INFO - ::endgroup::
[2024-08-04T19:44:03.621+0000] {logging_mixin.py:188} INFO - DataFrame:
[2024-08-04T19:44:03.635+0000] {logging_mixin.py:188} INFO -         id  ...                     clicked_at
0  1811848  ...                           None
1  1811849  ...                           None
2  1811850  ...  2024-07-08T10:45:35.000-03:00
3  1811851  ...                           None
4  1811852  ...  2024-07-09T12:24:58.000-03:00

[5 rows x 12 columns]
[2024-08-04T19:44:03.645+0000] {crypto.py:82} WARNING - empty cryptography key - values will not be stored encrypted.
[2024-08-04T19:44:03.647+0000] {python.py:237} INFO - Done. Returned value was:           id  ...                     clicked_at
0    1811848  ...                           None
1    1811849  ...                           None
2    1811850  ...  2024-07-08T10:45:35.000-03:00
3    1811851  ...                           None
4    1811852  ...  2024-07-09T12:24:58.000-03:00
..       ...  ...                            ...
995  1812843  ...                           None
996  1812844  ...                           None
997  1812845  ...                           None
998  1812846  ...                           None
999  1812847  ...                           None

[1000 rows x 12 columns]
[2024-08-04T19:44:03.665+0000] {taskinstance.py:441} INFO - ::group::Post task execution logs
[2024-08-04T19:44:03.715+0000] {taskinstance.py:1206} INFO - Marking task as SUCCESS. dag_id=etl_dag, task_id=transform_data, run_id=manual__2024-08-04T19:43:57.449281+00:00, execution_date=20240804T194357, start_date=20240804T194403, end_date=20240804T194403
[2024-08-04T19:44:03.763+0000] {local_task_job_runner.py:243} INFO - Task exited with return code 0
[2024-08-04T19:44:03.772+0000] {warnings.py:112} WARNING - /home/***/.local/lib/python3.12/site-packages/***/models/baseoperator.py:1297: AirflowProviderDeprecationWarning: Call to deprecated class PostgresOperator. (Please use `***.providers.common.sql.operators.sql.SQLExecuteQueryOperator`.Also, you can provide `hook_params={'schema': <database>}`.)
  result = cls.__new__(cls)

[2024-08-04T19:44:03.782+0000] {taskinstance.py:3503} INFO - 1 downstream tasks scheduled from follow-on schedule check
[2024-08-04T19:44:03.783+0000] {local_task_job_runner.py:222} INFO - ::endgroup::
