[2024-08-05T01:02:23.977+0000] {local_task_job_runner.py:120} INFO - ::group::Pre task execution logs
[2024-08-05T01:02:23.994+0000] {taskinstance.py:2076} INFO - Dependencies all met for dep_context=non-requeueable deps ti=<TaskInstance: etl_dag.create_dim_company manual__2024-08-05T01:02:16.067515+00:00 [queued]>
[2024-08-05T01:02:24.005+0000] {taskinstance.py:2076} INFO - Dependencies all met for dep_context=requeueable deps ti=<TaskInstance: etl_dag.create_dim_company manual__2024-08-05T01:02:16.067515+00:00 [queued]>
[2024-08-05T01:02:24.007+0000] {taskinstance.py:2306} INFO - Starting attempt 1 of 6
[2024-08-05T01:02:24.034+0000] {taskinstance.py:2330} INFO - Executing <Task(PostgresOperator): create_dim_company> on 2024-08-05 01:02:16.067515+00:00
[2024-08-05T01:02:24.048+0000] {warnings.py:112} WARNING - /home/***/.local/lib/python3.12/site-packages/***/task/task_runner/standard_task_runner.py:62: DeprecationWarning: This process (pid=435) is multi-threaded, use of fork() may lead to deadlocks in the child.
  pid = os.fork()

[2024-08-05T01:02:24.053+0000] {standard_task_runner.py:64} INFO - Started process 442 to run task
[2024-08-05T01:02:24.052+0000] {standard_task_runner.py:90} INFO - Running: ['***', 'tasks', 'run', 'etl_dag', 'create_dim_company', 'manual__2024-08-05T01:02:16.067515+00:00', '--job-id', '1668', '--raw', '--subdir', 'DAGS_FOLDER/etl_dag.py', '--cfg-path', '/tmp/tmpw5lmmv0v']
[2024-08-05T01:02:24.059+0000] {standard_task_runner.py:91} INFO - Job 1668: Subtask create_dim_company
[2024-08-05T01:02:24.156+0000] {task_command.py:426} INFO - Running <TaskInstance: etl_dag.create_dim_company manual__2024-08-05T01:02:16.067515+00:00 [running]> on host 59ce2ba01338
[2024-08-05T01:02:24.258+0000] {taskinstance.py:2648} INFO - Exporting env vars: AIRFLOW_CTX_DAG_OWNER='Gabriel Almeida' AIRFLOW_CTX_DAG_ID='etl_dag' AIRFLOW_CTX_TASK_ID='create_dim_company' AIRFLOW_CTX_EXECUTION_DATE='2024-08-05T01:02:16.067515+00:00' AIRFLOW_CTX_TRY_NUMBER='1' AIRFLOW_CTX_DAG_RUN_ID='manual__2024-08-05T01:02:16.067515+00:00'
[2024-08-05T01:02:24.259+0000] {taskinstance.py:430} INFO - ::endgroup::
[2024-08-05T01:02:24.272+0000] {sql.py:282} INFO - Executing: 
            CREATE TABLE IF NOT EXISTS DimCompany (
                id_company SERIAL PRIMARY KEY,
                company VARCHAR(255) UNIQUE NOT NULL
            );
        
[2024-08-05T01:02:24.301+0000] {base.py:84} INFO - Using connection ID 'postgres_conn' for task execution.
[2024-08-05T01:02:24.323+0000] {base.py:84} INFO - Using connection ID 'postgres_conn' for task execution.
[2024-08-05T01:02:24.339+0000] {sql.py:495} INFO - Running statement: 
            CREATE TABLE IF NOT EXISTS DimCompany (
                id_company SERIAL PRIMARY KEY,
                company VARCHAR(255) UNIQUE NOT NULL
            );
        , parameters: None
[2024-08-05T01:02:24.350+0000] {taskinstance.py:441} INFO - ::group::Post task execution logs
[2024-08-05T01:02:24.371+0000] {taskinstance.py:1206} INFO - Marking task as SUCCESS. dag_id=etl_dag, task_id=create_dim_company, run_id=manual__2024-08-05T01:02:16.067515+00:00, execution_date=20240805T010216, start_date=20240805T010223, end_date=20240805T010224
[2024-08-05T01:02:24.405+0000] {local_task_job_runner.py:243} INFO - Task exited with return code 0
[2024-08-05T01:02:24.425+0000] {local_task_job_runner.py:222} INFO - ::endgroup::
