[2024-08-05T00:01:42.158+0000] {local_task_job_runner.py:120} INFO - ::group::Pre task execution logs
[2024-08-05T00:01:42.206+0000] {taskinstance.py:2076} INFO - Dependencies all met for dep_context=non-requeueable deps ti=<TaskInstance: etl_dag.carga_dimensao_user_type manual__2024-08-05T00:01:22.329536+00:00 [queued]>
[2024-08-05T00:01:42.212+0000] {taskinstance.py:2076} INFO - Dependencies all met for dep_context=requeueable deps ti=<TaskInstance: etl_dag.carga_dimensao_user_type manual__2024-08-05T00:01:22.329536+00:00 [queued]>
[2024-08-05T00:01:42.213+0000] {taskinstance.py:2306} INFO - Starting attempt 1 of 6
[2024-08-05T00:01:42.271+0000] {taskinstance.py:2330} INFO - Executing <Task(PythonOperator): carga_dimensao_user_type> on 2024-08-05 00:01:22.329536+00:00
[2024-08-05T00:01:42.288+0000] {warnings.py:112} WARNING - /home/***/.local/lib/python3.12/site-packages/***/task/task_runner/standard_task_runner.py:62: DeprecationWarning: This process (pid=3758) is multi-threaded, use of fork() may lead to deadlocks in the child.
  pid = os.fork()

[2024-08-05T00:01:42.290+0000] {standard_task_runner.py:64} INFO - Started process 3766 to run task
[2024-08-05T00:01:42.292+0000] {standard_task_runner.py:90} INFO - Running: ['***', 'tasks', 'run', 'etl_dag', 'carga_dimensao_user_type', 'manual__2024-08-05T00:01:22.329536+00:00', '--job-id', '1485', '--raw', '--subdir', 'DAGS_FOLDER/etl_dag.py', '--cfg-path', '/tmp/tmpbqs00amv']
[2024-08-05T00:01:42.297+0000] {standard_task_runner.py:91} INFO - Job 1485: Subtask carga_dimensao_user_type
[2024-08-05T00:01:42.402+0000] {task_command.py:426} INFO - Running <TaskInstance: etl_dag.carga_dimensao_user_type manual__2024-08-05T00:01:22.329536+00:00 [running]> on host 88edf8e2824b
[2024-08-05T00:01:42.481+0000] {taskinstance.py:2648} INFO - Exporting env vars: AIRFLOW_CTX_DAG_OWNER='Gabriel Almeida' AIRFLOW_CTX_DAG_ID='etl_dag' AIRFLOW_CTX_TASK_ID='carga_dimensao_user_type' AIRFLOW_CTX_EXECUTION_DATE='2024-08-05T00:01:22.329536+00:00' AIRFLOW_CTX_TRY_NUMBER='1' AIRFLOW_CTX_DAG_RUN_ID='manual__2024-08-05T00:01:22.329536+00:00'
[2024-08-05T00:01:42.483+0000] {taskinstance.py:430} INFO - ::endgroup::
[2024-08-05T00:01:42.608+0000] {base.py:84} INFO - Using connection ID 'postgres_conn' for task execution.
[2024-08-05T00:01:42.703+0000] {logging_mixin.py:188} INFO - Dados inseridos na tabela DimUserType com sucesso.
[2024-08-05T00:01:42.704+0000] {python.py:237} INFO - Done. Returned value was: None
[2024-08-05T00:01:42.705+0000] {taskinstance.py:441} INFO - ::group::Post task execution logs
[2024-08-05T00:01:42.717+0000] {taskinstance.py:1206} INFO - Marking task as SUCCESS. dag_id=etl_dag, task_id=carga_dimensao_user_type, run_id=manual__2024-08-05T00:01:22.329536+00:00, execution_date=20240805T000122, start_date=20240805T000142, end_date=20240805T000142
[2024-08-05T00:01:42.777+0000] {local_task_job_runner.py:243} INFO - Task exited with return code 0
[2024-08-05T00:01:42.813+0000] {local_task_job_runner.py:222} INFO - ::endgroup::
