[2024-08-04T21:24:19.311+0000] {local_task_job_runner.py:120} INFO - ::group::Pre task execution logs
[2024-08-04T21:24:19.358+0000] {taskinstance.py:2076} INFO - Dependencies all met for dep_context=non-requeueable deps ti=<TaskInstance: etl_dag.carga_dimensao_campaign scheduled__2024-08-04T21:10:00+00:00 [queued]>
[2024-08-04T21:24:19.392+0000] {taskinstance.py:2076} INFO - Dependencies all met for dep_context=requeueable deps ti=<TaskInstance: etl_dag.carga_dimensao_campaign scheduled__2024-08-04T21:10:00+00:00 [queued]>
[2024-08-04T21:24:19.395+0000] {taskinstance.py:2306} INFO - Starting attempt 1 of 6
[2024-08-04T21:24:19.445+0000] {taskinstance.py:2330} INFO - Executing <Task(PythonOperator): carga_dimensao_campaign> on 2024-08-04 21:10:00+00:00
[2024-08-04T21:24:19.496+0000] {warnings.py:112} WARNING - /home/***/.local/lib/python3.12/site-packages/***/task/task_runner/standard_task_runner.py:62: DeprecationWarning: This process (pid=3813) is multi-threaded, use of fork() may lead to deadlocks in the child.
  pid = os.fork()

[2024-08-04T21:24:19.506+0000] {standard_task_runner.py:64} INFO - Started process 3824 to run task
[2024-08-04T21:24:19.503+0000] {standard_task_runner.py:90} INFO - Running: ['***', 'tasks', 'run', 'etl_dag', 'carga_dimensao_campaign', 'scheduled__2024-08-04T21:10:00+00:00', '--job-id', '1040', '--raw', '--subdir', 'DAGS_FOLDER/etl_dag.py', '--cfg-path', '/tmp/tmpfk5xei6q']
[2024-08-04T21:24:19.510+0000] {standard_task_runner.py:91} INFO - Job 1040: Subtask carga_dimensao_campaign
[2024-08-04T21:24:19.700+0000] {task_command.py:426} INFO - Running <TaskInstance: etl_dag.carga_dimensao_campaign scheduled__2024-08-04T21:10:00+00:00 [running]> on host 83ccd21ce624
[2024-08-04T21:24:19.843+0000] {taskinstance.py:2648} INFO - Exporting env vars: AIRFLOW_CTX_DAG_OWNER='Gabriel Almeida' AIRFLOW_CTX_DAG_ID='etl_dag' AIRFLOW_CTX_TASK_ID='carga_dimensao_campaign' AIRFLOW_CTX_EXECUTION_DATE='2024-08-04T21:10:00+00:00' AIRFLOW_CTX_TRY_NUMBER='1' AIRFLOW_CTX_DAG_RUN_ID='scheduled__2024-08-04T21:10:00+00:00'
[2024-08-04T21:24:19.852+0000] {taskinstance.py:430} INFO - ::endgroup::
[2024-08-04T21:24:20.027+0000] {base.py:84} INFO - Using connection ID 'postgres_conn' for task execution.
[2024-08-04T21:24:20.077+0000] {logging_mixin.py:188} INFO - Dados inseridos na tabela DimCampaign com sucesso.
[2024-08-04T21:24:20.078+0000] {python.py:237} INFO - Done. Returned value was: None
[2024-08-04T21:24:20.079+0000] {taskinstance.py:441} INFO - ::group::Post task execution logs
[2024-08-04T21:24:20.098+0000] {taskinstance.py:1206} INFO - Marking task as SUCCESS. dag_id=etl_dag, task_id=carga_dimensao_campaign, run_id=scheduled__2024-08-04T21:10:00+00:00, execution_date=20240804T211000, start_date=20240804T212419, end_date=20240804T212420
[2024-08-04T21:24:20.158+0000] {local_task_job_runner.py:243} INFO - Task exited with return code 0
[2024-08-04T21:24:20.196+0000] {local_task_job_runner.py:222} INFO - ::endgroup::
