[2024-08-02T11:26:24.630+0000] {local_task_job_runner.py:120} INFO - ::group::Pre task execution logs
[2024-08-02T11:26:24.654+0000] {taskinstance.py:2076} INFO - Dependencies all met for dep_context=non-requeueable deps ti=<TaskInstance: etl_dag.transform_data scheduled__2024-08-02T10:10:00+00:00 [queued]>
[2024-08-02T11:26:24.671+0000] {taskinstance.py:2076} INFO - Dependencies all met for dep_context=requeueable deps ti=<TaskInstance: etl_dag.transform_data scheduled__2024-08-02T10:10:00+00:00 [queued]>
[2024-08-02T11:26:24.672+0000] {taskinstance.py:2306} INFO - Starting attempt 2 of 6
[2024-08-02T11:26:24.689+0000] {taskinstance.py:2330} INFO - Executing <Task(PythonOperator): transform_data> on 2024-08-02 10:10:00+00:00
[2024-08-02T11:26:24.709+0000] {warnings.py:112} WARNING - /home/***/.local/lib/python3.12/site-packages/***/task/task_runner/standard_task_runner.py:62: DeprecationWarning: This process (pid=1344) is multi-threaded, use of fork() may lead to deadlocks in the child.
  pid = os.fork()

[2024-08-02T11:26:24.714+0000] {standard_task_runner.py:64} INFO - Started process 1352 to run task
[2024-08-02T11:26:24.714+0000] {standard_task_runner.py:90} INFO - Running: ['***', 'tasks', 'run', 'etl_dag', 'transform_data', 'scheduled__2024-08-02T10:10:00+00:00', '--job-id', '295', '--raw', '--subdir', 'DAGS_FOLDER/etl_dag.py', '--cfg-path', '/tmp/tmpd7q1irxc']
[2024-08-02T11:26:24.720+0000] {standard_task_runner.py:91} INFO - Job 295: Subtask transform_data
[2024-08-02T11:26:24.819+0000] {task_command.py:426} INFO - Running <TaskInstance: etl_dag.transform_data scheduled__2024-08-02T10:10:00+00:00 [running]> on host 69633e19c226
[2024-08-02T11:26:25.125+0000] {taskinstance.py:2648} INFO - Exporting env vars: AIRFLOW_CTX_DAG_OWNER='Gabriel Almeida' AIRFLOW_CTX_DAG_ID='etl_dag' AIRFLOW_CTX_TASK_ID='transform_data' AIRFLOW_CTX_EXECUTION_DATE='2024-08-02T10:10:00+00:00' AIRFLOW_CTX_TRY_NUMBER='2' AIRFLOW_CTX_DAG_RUN_ID='scheduled__2024-08-02T10:10:00+00:00'
[2024-08-02T11:26:25.132+0000] {taskinstance.py:430} INFO - ::endgroup::
[2024-08-02T11:26:25.221+0000] {logging_mixin.py:188} INFO - DataFrame:
[2024-08-02T11:26:25.317+0000] {logging_mixin.py:188} INFO -         id  id_campaign  ...                      opened_at clicked_at
0  1816658         2545  ...                           None       None
1  1816659         2545  ...                           None       None
2  1816660         2545  ...                           None       None
3  1816661         2545  ...  2024-07-18T16:03:50.000-03:00       None
4  1816662         2545  ...  2024-07-18T21:13:06.000-03:00       None

[5 rows x 12 columns]
[2024-08-02T11:26:25.378+0000] {crypto.py:82} WARNING - empty cryptography key - values will not be stored encrypted.
[2024-08-02T11:26:25.408+0000] {python.py:237} INFO - Done. Returned value was:           id  ...                     clicked_at
0    1816658  ...                           None
1    1816659  ...                           None
2    1816660  ...                           None
3    1816661  ...                           None
4    1816662  ...                           None
..       ...  ...                            ...
995  1817653  ...                           None
996  1817654  ...                           None
997  1817655  ...                           None
998  1817656  ...                           None
999  1817657  ...  2024-07-21T18:32:24.000-03:00

[1000 rows x 12 columns]
[2024-08-02T11:26:25.435+0000] {taskinstance.py:441} INFO - ::group::Post task execution logs
[2024-08-02T11:26:25.544+0000] {taskinstance.py:1206} INFO - Marking task as SUCCESS. dag_id=etl_dag, task_id=transform_data, run_id=scheduled__2024-08-02T10:10:00+00:00, execution_date=20240802T101000, start_date=20240802T112624, end_date=20240802T112625
[2024-08-02T11:26:25.613+0000] {local_task_job_runner.py:243} INFO - Task exited with return code 0
[2024-08-02T11:26:25.655+0000] {warnings.py:112} WARNING - /home/***/.local/lib/python3.12/site-packages/***/models/baseoperator.py:1297: AirflowProviderDeprecationWarning: Call to deprecated class PostgresOperator. (Please use `***.providers.common.sql.operators.sql.SQLExecuteQueryOperator`.Also, you can provide `hook_params={'schema': <database>}`.)
  result = cls.__new__(cls)

[2024-08-02T11:26:25.678+0000] {taskinstance.py:3503} INFO - 1 downstream tasks scheduled from follow-on schedule check
[2024-08-02T11:26:25.679+0000] {local_task_job_runner.py:222} INFO - ::endgroup::
