[2024-08-05T01:10:04.481+0000] {local_task_job_runner.py:120} INFO - ::group::Pre task execution logs
[2024-08-05T01:10:04.493+0000] {taskinstance.py:2076} INFO - Dependencies all met for dep_context=non-requeueable deps ti=<TaskInstance: etl_dag.transform_data scheduled__2024-08-05T01:00:00+00:00 [queued]>
[2024-08-05T01:10:04.501+0000] {taskinstance.py:2076} INFO - Dependencies all met for dep_context=requeueable deps ti=<TaskInstance: etl_dag.transform_data scheduled__2024-08-05T01:00:00+00:00 [queued]>
[2024-08-05T01:10:04.501+0000] {taskinstance.py:2306} INFO - Starting attempt 1 of 6
[2024-08-05T01:10:04.510+0000] {taskinstance.py:2330} INFO - Executing <Task(PythonOperator): transform_data> on 2024-08-05 01:00:00+00:00
[2024-08-05T01:10:04.522+0000] {warnings.py:112} WARNING - /home/***/.local/lib/python3.12/site-packages/***/task/task_runner/standard_task_runner.py:62: DeprecationWarning: This process (pid=739) is multi-threaded, use of fork() may lead to deadlocks in the child.
  pid = os.fork()

[2024-08-05T01:10:04.524+0000] {standard_task_runner.py:64} INFO - Started process 741 to run task
[2024-08-05T01:10:04.524+0000] {standard_task_runner.py:90} INFO - Running: ['***', 'tasks', 'run', 'etl_dag', 'transform_data', 'scheduled__2024-08-05T01:00:00+00:00', '--job-id', '1697', '--raw', '--subdir', 'DAGS_FOLDER/etl_dag.py', '--cfg-path', '/tmp/tmpt2027_d9']
[2024-08-05T01:10:04.528+0000] {standard_task_runner.py:91} INFO - Job 1697: Subtask transform_data
[2024-08-05T01:10:04.583+0000] {task_command.py:426} INFO - Running <TaskInstance: etl_dag.transform_data scheduled__2024-08-05T01:00:00+00:00 [running]> on host 59ce2ba01338
[2024-08-05T01:10:04.645+0000] {taskinstance.py:2648} INFO - Exporting env vars: AIRFLOW_CTX_DAG_OWNER='Gabriel Almeida' AIRFLOW_CTX_DAG_ID='etl_dag' AIRFLOW_CTX_TASK_ID='transform_data' AIRFLOW_CTX_EXECUTION_DATE='2024-08-05T01:00:00+00:00' AIRFLOW_CTX_TRY_NUMBER='1' AIRFLOW_CTX_DAG_RUN_ID='scheduled__2024-08-05T01:00:00+00:00'
[2024-08-05T01:10:04.646+0000] {taskinstance.py:430} INFO - ::endgroup::
[2024-08-05T01:10:04.669+0000] {logging_mixin.py:188} INFO - [{'id': 1811738, 'id_campaign': 1140, 'campaign': '23/2 Unifenas Lead Frio Imediato - EMAIL 1', 'company': 'Unifenas', 'user_type': 'Lead', 'to': 'caiolicasrs@icloud.com', 'mailer': 'FlowHubspotMailer#general', 'subject': 'Unifenas [URGENTE!]', 'sent_at': '2024-07-08T03:38:02.000-03:00', 'token': 'FccQq9oSGuI3z3b2f9Nw269gSZ8evF27', 'opened_at': '2024-07-08T11:02:21.000-03:00', 'clicked_at': None}, {'id': 1811739, 'id_campaign': 1140, 'campaign': '23/2 Unifenas Lead Frio Imediato - EMAIL 1', 'company': 'Unifenas', 'user_type': 'Lead', 'to': 'sarahcarolins24@gmail.com', 'mailer': 'FlowHubspotMailer#general', 'subject': 'Unifenas [URGENTE!]', 'sent_at': '2024-07-08T03:38:03.000-03:00', 'token': 'MtvIz4W7U9xD5Xsyk4tH0zHaBecrwqDg', 'opened_at': '2024-07-08T03:38:07.000-03:00', 'clicked_at': None}, {'id': 1811740, 'id_campaign': 1140, 'campaign': '23/2 Unifenas Lead Frio Imediato - EMAIL 1', 'company': 'Unifenas', 'user_type': 'Lead', 'to': 'amandamoraisgwa@outlook.com', 'mailer': 'FlowHubspotMailer#general', 'subject': 'Unifenas [URGENTE!]', 'sent_at': '2024-07-08T03:38:04.000-03:00', 'token': 'noaqpHF3xwaXZmAWTu3vn97PqxAZ4A0D', 'opened_at': '2024-07-12T15:18:55.000-03:00', 'clicked_at': None}, {'id': 1811741, 'id_campaign': 1140, 'campaign': '23/2 Unifenas Lead Frio Imediato - EMAIL 1', 'company': 'Unifenas', 'user_type': 'Lead', 'to': 'kaylanepereiranascimento842@gmail.com', 'mailer': 'FlowHubspotMailer#general', 'subject': 'Unifenas [URGENTE!]', 'sent_at': '2024-07-08T03:38:05.000-03:00', 'token': 'TGIq8TIWkxrwhJbrq5wIm9jl0gh9py55', 'opened_at': '2024-07-08T03:38:08.000-03:00', 'clicked_at': None}, {'id': 1811742, 'id_campaign': 1140, 'campaign': '23/2 Unifenas Lead Frio Imediato - EMAIL 1', 'company': 'Unifenas', 'user_type': 'Lead', 'to': 'vitorolover@gmail.com', 'mailer': 'FlowHubspotMailer#general', 'subject': 'Unifenas [URGENTE!]', 'sent_at': '2024-07-08T03:38:05.000-03:00', 'token': '5y18Aw4zg3zSSUQtBY2XTzP1GWNd0dsj', 'opened_at': '2024-07-08T03:38:08.000-03:00', 'clicked_at': None}, {'id': 1811743, 'id_campaign': 1140, 'campaign': '23/2 Unifenas Lead Frio Imediato - EMAIL 1', 'company': 'Unifenas', 'user_type': 'Lead', 'to': 'jessicalorenasantos@gmail.com', 'mailer': 'FlowHubspotMailer#general', 'subject': 'Unifenas [URGENTE!]', 'sent_at': '2024-07-08T03:38:07.000-03:00', 'token': 'xUudmKVePAUNEqzcZrJ6Xdkoxusuk58x', 'opened_at': '2024-07-08T03:38:10.000-03:00', 'clicked_at': None}, {'id': 1811744, 'id_campaign': 1140, 'campaign': '23/2 Unifenas Lead Frio Imediato - EMAIL 1', 'company': 'Unifenas', 'user_type': 'Lead', 'to': 'melissavitoria87934@gmail.com', 'mailer': 'FlowHubspotMailer#general', 'subject': 'Unifenas [URGENTE!]', 'sent_at': '2024-07-08T03:38:09.000-03:00', 'token': 'W6xzoVmCRFdzBj9ohx4fK0vbA6rx0svx', 'opened_at': '2024-07-08T03:38:13.000-03:00', 'clicked_at': None}, {'id': 1811745, 'id_campaign': 1140, 'campaign': '23/2 Unifenas Lead Frio Imediato - EMAIL 1', 'company': 'Unifenas', 'user_type': 'Lead', 'to': 'victorpradorm@gmail.com', 'mailer': 'FlowHubspotMailer#general', 'subject': 'Unifenas [URGENTE!]', 'sent_at': '2024-07-08T03:38:09.000-03:00', 'token': 'X9HbKl0JaJ8I4q0CsKQ58JkXWMCPrHWz', 'opened_at': '2024-07-08T03:38:13.000-03:00', 'clicked_at': None}, {'id': 1811746, 'id_campaign': 1140, 'campaign': '23/2 Unifenas Lead Frio Imediato - EMAIL 1', 'company': 'Unifenas', 'user_type': 'Lead', 'to': 'isabelamorgana8@gmail.com', 'mailer': 'FlowHubspotMailer#general', 'subject': 'Unifenas [URGENTE!]', 'sent_at': '2024-07-08T03:38:10.000-03:00', 'token': 'MTCX1bjGvs2iajtt2MLidpZoxyt6h7dQ', 'opened_at': '2024-07-08T03:38:14.000-03:00', 'clicked_at': None}, {'id': 1811747, 'id_campaign': 1140, 'campaign': '23/2 Unifenas Lead Frio Imediato - EMAIL 1', 'company': 'Unifenas', 'user_type': 'Lead', 'to': 'lankoreskycamila@gmail.com', 'mailer': 'FlowHubspotMailer#general', 'subject': 'Unifenas [URGENTE!]', 'sent_at': '2024-07-08T03:38:13.000-03:00', 'token': '4bxm5nCmEegYkbp2BcoOE1gQxXqfDscg', 'opened_at': '2024-07-08T03:38:15.000-03:00', 'clicked_at': None}]
[2024-08-05T01:10:04.677+0000] {logging_mixin.py:188} INFO - DataFrame:
[2024-08-05T01:10:04.727+0000] {logging_mixin.py:188} INFO -         id  id_campaign  ...                      opened_at clicked_at
0  1811738         1140  ...  2024-07-08T11:02:21.000-03:00       None
1  1811739         1140  ...  2024-07-08T03:38:07.000-03:00       None
2  1811740         1140  ...  2024-07-12T15:18:55.000-03:00       None
3  1811741         1140  ...  2024-07-08T03:38:08.000-03:00       None
4  1811742         1140  ...  2024-07-08T03:38:08.000-03:00       None
5  1811743         1140  ...  2024-07-08T03:38:10.000-03:00       None
6  1811744         1140  ...  2024-07-08T03:38:13.000-03:00       None
7  1811745         1140  ...  2024-07-08T03:38:13.000-03:00       None
8  1811746         1140  ...  2024-07-08T03:38:14.000-03:00       None
9  1811747         1140  ...  2024-07-08T03:38:15.000-03:00       None

[10 rows x 12 columns]
[2024-08-05T01:10:04.738+0000] {logging_mixin.py:188} INFO - id             10
id_campaign    10
campaign       10
company        10
user_type      10
to             10
mailer         10
subject        10
sent_at        10
token          10
opened_at      10
clicked_at      0
dtype: int64
[2024-08-05T01:10:04.767+0000] {crypto.py:82} WARNING - empty cryptography key - values will not be stored encrypted.
[2024-08-05T01:10:04.770+0000] {python.py:237} INFO - Done. Returned value was:         id  id_campaign  ...                      opened_at clicked_at
0  1811738         1140  ...  2024-07-08T11:02:21.000-03:00       None
1  1811739         1140  ...  2024-07-08T03:38:07.000-03:00       None
2  1811740         1140  ...  2024-07-12T15:18:55.000-03:00       None
3  1811741         1140  ...  2024-07-08T03:38:08.000-03:00       None
4  1811742         1140  ...  2024-07-08T03:38:08.000-03:00       None
5  1811743         1140  ...  2024-07-08T03:38:10.000-03:00       None
6  1811744         1140  ...  2024-07-08T03:38:13.000-03:00       None
7  1811745         1140  ...  2024-07-08T03:38:13.000-03:00       None
8  1811746         1140  ...  2024-07-08T03:38:14.000-03:00       None
9  1811747         1140  ...  2024-07-08T03:38:15.000-03:00       None

[10 rows x 12 columns]
[2024-08-05T01:10:04.781+0000] {taskinstance.py:441} INFO - ::group::Post task execution logs
[2024-08-05T01:10:04.827+0000] {taskinstance.py:1206} INFO - Marking task as SUCCESS. dag_id=etl_dag, task_id=transform_data, run_id=scheduled__2024-08-05T01:00:00+00:00, execution_date=20240805T010000, start_date=20240805T011004, end_date=20240805T011004
[2024-08-05T01:10:04.884+0000] {local_task_job_runner.py:243} INFO - Task exited with return code 0
[2024-08-05T01:10:04.895+0000] {warnings.py:112} WARNING - /home/***/.local/lib/python3.12/site-packages/***/models/baseoperator.py:1297: AirflowProviderDeprecationWarning: Call to deprecated class PostgresOperator. (Please use `***.providers.common.sql.operators.sql.SQLExecuteQueryOperator`.Also, you can provide `hook_params={'schema': <database>}`.)
  result = cls.__new__(cls)

[2024-08-05T01:10:04.911+0000] {taskinstance.py:3503} INFO - 1 downstream tasks scheduled from follow-on schedule check
[2024-08-05T01:10:04.911+0000] {local_task_job_runner.py:222} INFO - ::endgroup::
