[2024-08-05T01:00:02.679+0000] {local_task_job_runner.py:120} INFO - ::group::Pre task execution logs
[2024-08-05T01:00:02.694+0000] {taskinstance.py:2076} INFO - Dependencies all met for dep_context=non-requeueable deps ti=<TaskInstance: etl_dag.carga_fatoemailmarketing manual__2024-08-05T00:59:47.954563+00:00 [queued]>
[2024-08-05T01:00:02.698+0000] {taskinstance.py:2076} INFO - Dependencies all met for dep_context=requeueable deps ti=<TaskInstance: etl_dag.carga_fatoemailmarketing manual__2024-08-05T00:59:47.954563+00:00 [queued]>
[2024-08-05T01:00:02.698+0000] {taskinstance.py:2306} INFO - Starting attempt 1 of 6
[2024-08-05T01:00:02.705+0000] {taskinstance.py:2330} INFO - Executing <Task(PythonOperator): carga_fatoemailmarketing> on 2024-08-05 00:59:47.954563+00:00
[2024-08-05T01:00:02.713+0000] {warnings.py:112} WARNING - /home/***/.local/lib/python3.12/site-packages/***/task/task_runner/standard_task_runner.py:62: DeprecationWarning: This process (pid=319) is multi-threaded, use of fork() may lead to deadlocks in the child.
  pid = os.fork()

[2024-08-05T01:00:02.714+0000] {standard_task_runner.py:64} INFO - Started process 322 to run task
[2024-08-05T01:00:02.715+0000] {standard_task_runner.py:90} INFO - Running: ['***', 'tasks', 'run', 'etl_dag', 'carga_fatoemailmarketing', 'manual__2024-08-05T00:59:47.954563+00:00', '--job-id', '1652', '--raw', '--subdir', 'DAGS_FOLDER/etl_dag.py', '--cfg-path', '/tmp/tmpz02_gcqf']
[2024-08-05T01:00:02.717+0000] {standard_task_runner.py:91} INFO - Job 1652: Subtask carga_fatoemailmarketing
[2024-08-05T01:00:02.754+0000] {task_command.py:426} INFO - Running <TaskInstance: etl_dag.carga_fatoemailmarketing manual__2024-08-05T00:59:47.954563+00:00 [running]> on host 59ce2ba01338
[2024-08-05T01:00:02.812+0000] {taskinstance.py:2648} INFO - Exporting env vars: AIRFLOW_CTX_DAG_OWNER='Gabriel Almeida' AIRFLOW_CTX_DAG_ID='etl_dag' AIRFLOW_CTX_TASK_ID='carga_fatoemailmarketing' AIRFLOW_CTX_EXECUTION_DATE='2024-08-05T00:59:47.954563+00:00' AIRFLOW_CTX_TRY_NUMBER='1' AIRFLOW_CTX_DAG_RUN_ID='manual__2024-08-05T00:59:47.954563+00:00'
[2024-08-05T01:00:02.813+0000] {taskinstance.py:430} INFO - ::endgroup::
[2024-08-05T01:00:02.857+0000] {base.py:84} INFO - Using connection ID 'postgres_conn' for task execution.
[2024-08-05T01:00:02.905+0000] {python.py:237} INFO - Done. Returned value was: None
[2024-08-05T01:00:02.906+0000] {taskinstance.py:441} INFO - ::group::Post task execution logs
[2024-08-05T01:00:02.929+0000] {taskinstance.py:1206} INFO - Marking task as SUCCESS. dag_id=etl_dag, task_id=carga_fatoemailmarketing, run_id=manual__2024-08-05T00:59:47.954563+00:00, execution_date=20240805T005947, start_date=20240805T010002, end_date=20240805T010002
[2024-08-05T01:00:02.979+0000] {local_task_job_runner.py:243} INFO - Task exited with return code 0
[2024-08-05T01:00:02.990+0000] {taskinstance.py:3503} INFO - 0 downstream tasks scheduled from follow-on schedule check
[2024-08-05T01:00:02.991+0000] {local_task_job_runner.py:222} INFO - ::endgroup::
