[2024-08-04T23:30:23.701+0000] {local_task_job_runner.py:120} INFO - ::group::Pre task execution logs
[2024-08-04T23:30:23.714+0000] {taskinstance.py:2076} INFO - Dependencies all met for dep_context=non-requeueable deps ti=<TaskInstance: etl_dag.carga_fatoemailmarketing scheduled__2024-08-04T23:20:00+00:00 [queued]>
[2024-08-04T23:30:23.719+0000] {taskinstance.py:2076} INFO - Dependencies all met for dep_context=requeueable deps ti=<TaskInstance: etl_dag.carga_fatoemailmarketing scheduled__2024-08-04T23:20:00+00:00 [queued]>
[2024-08-04T23:30:23.720+0000] {taskinstance.py:2306} INFO - Starting attempt 1 of 6
[2024-08-04T23:30:23.728+0000] {taskinstance.py:2330} INFO - Executing <Task(PythonOperator): carga_fatoemailmarketing> on 2024-08-04 23:20:00+00:00
[2024-08-04T23:30:23.736+0000] {warnings.py:112} WARNING - /home/***/.local/lib/python3.12/site-packages/***/task/task_runner/standard_task_runner.py:62: DeprecationWarning: This process (pid=2447) is multi-threaded, use of fork() may lead to deadlocks in the child.
  pid = os.fork()

[2024-08-04T23:30:23.737+0000] {standard_task_runner.py:64} INFO - Started process 2449 to run task
[2024-08-04T23:30:23.737+0000] {standard_task_runner.py:90} INFO - Running: ['***', 'tasks', 'run', 'etl_dag', 'carga_fatoemailmarketing', 'scheduled__2024-08-04T23:20:00+00:00', '--job-id', '1337', '--raw', '--subdir', 'DAGS_FOLDER/etl_dag.py', '--cfg-path', '/tmp/tmpjgw2suoo']
[2024-08-04T23:30:23.738+0000] {standard_task_runner.py:91} INFO - Job 1337: Subtask carga_fatoemailmarketing
[2024-08-04T23:30:23.816+0000] {task_command.py:426} INFO - Running <TaskInstance: etl_dag.carga_fatoemailmarketing scheduled__2024-08-04T23:20:00+00:00 [running]> on host 88edf8e2824b
[2024-08-04T23:30:23.872+0000] {taskinstance.py:2648} INFO - Exporting env vars: AIRFLOW_CTX_DAG_OWNER='Gabriel Almeida' AIRFLOW_CTX_DAG_ID='etl_dag' AIRFLOW_CTX_TASK_ID='carga_fatoemailmarketing' AIRFLOW_CTX_EXECUTION_DATE='2024-08-04T23:20:00+00:00' AIRFLOW_CTX_TRY_NUMBER='1' AIRFLOW_CTX_DAG_RUN_ID='scheduled__2024-08-04T23:20:00+00:00'
[2024-08-04T23:30:23.873+0000] {taskinstance.py:430} INFO - ::endgroup::
[2024-08-04T23:30:23.932+0000] {base.py:84} INFO - Using connection ID 'postgres_conn' for task execution.
[2024-08-04T23:30:23.972+0000] {python.py:237} INFO - Done. Returned value was: None
[2024-08-04T23:30:23.973+0000] {taskinstance.py:441} INFO - ::group::Post task execution logs
[2024-08-04T23:30:23.981+0000] {taskinstance.py:1206} INFO - Marking task as SUCCESS. dag_id=etl_dag, task_id=carga_fatoemailmarketing, run_id=scheduled__2024-08-04T23:20:00+00:00, execution_date=20240804T232000, start_date=20240804T233023, end_date=20240804T233023
[2024-08-04T23:30:24.002+0000] {local_task_job_runner.py:243} INFO - Task exited with return code 0
[2024-08-04T23:30:24.017+0000] {taskinstance.py:3503} INFO - 0 downstream tasks scheduled from follow-on schedule check
[2024-08-04T23:30:24.017+0000] {local_task_job_runner.py:222} INFO - ::endgroup::
