[2024-08-04T19:50:04.432+0000] {local_task_job_runner.py:120} INFO - ::group::Pre task execution logs
[2024-08-04T19:50:04.443+0000] {taskinstance.py:2076} INFO - Dependencies all met for dep_context=non-requeueable deps ti=<TaskInstance: etl_dag.transform_data scheduled__2024-08-04T19:40:00+00:00 [queued]>
[2024-08-04T19:50:04.450+0000] {taskinstance.py:2076} INFO - Dependencies all met for dep_context=requeueable deps ti=<TaskInstance: etl_dag.transform_data scheduled__2024-08-04T19:40:00+00:00 [queued]>
[2024-08-04T19:50:04.450+0000] {taskinstance.py:2306} INFO - Starting attempt 1 of 6
[2024-08-04T19:50:04.461+0000] {taskinstance.py:2330} INFO - Executing <Task(PythonOperator): transform_data> on 2024-08-04 19:40:00+00:00
[2024-08-04T19:50:04.470+0000] {warnings.py:112} WARNING - /home/***/.local/lib/python3.12/site-packages/***/task/task_runner/standard_task_runner.py:62: DeprecationWarning: This process (pid=1682) is multi-threaded, use of fork() may lead to deadlocks in the child.
  pid = os.fork()

[2024-08-04T19:50:04.471+0000] {standard_task_runner.py:64} INFO - Started process 1684 to run task
[2024-08-04T19:50:04.471+0000] {standard_task_runner.py:90} INFO - Running: ['***', 'tasks', 'run', 'etl_dag', 'transform_data', 'scheduled__2024-08-04T19:40:00+00:00', '--job-id', '862', '--raw', '--subdir', 'DAGS_FOLDER/etl_dag.py', '--cfg-path', '/tmp/tmp2u3c5fkh']
[2024-08-04T19:50:04.472+0000] {standard_task_runner.py:91} INFO - Job 862: Subtask transform_data
[2024-08-04T19:50:04.518+0000] {task_command.py:426} INFO - Running <TaskInstance: etl_dag.transform_data scheduled__2024-08-04T19:40:00+00:00 [running]> on host 83ccd21ce624
[2024-08-04T19:50:04.583+0000] {taskinstance.py:2648} INFO - Exporting env vars: AIRFLOW_CTX_DAG_OWNER='Gabriel Almeida' AIRFLOW_CTX_DAG_ID='etl_dag' AIRFLOW_CTX_TASK_ID='transform_data' AIRFLOW_CTX_EXECUTION_DATE='2024-08-04T19:40:00+00:00' AIRFLOW_CTX_TRY_NUMBER='1' AIRFLOW_CTX_DAG_RUN_ID='scheduled__2024-08-04T19:40:00+00:00'
[2024-08-04T19:50:04.585+0000] {taskinstance.py:430} INFO - ::endgroup::
[2024-08-04T19:50:04.611+0000] {logging_mixin.py:188} INFO - DataFrame:
[2024-08-04T19:50:04.631+0000] {logging_mixin.py:188} INFO -         id  id_campaign  ...                      opened_at clicked_at
0  1811878         1152  ...                           None       None
1  1811879         1191  ...  2024-07-08T08:07:35.000-03:00       None
2  1811880         1153  ...                           None       None
3  1811881         1152  ...  2024-07-08T08:07:39.000-03:00       None
4  1811882         1152  ...  2024-07-08T08:07:39.000-03:00       None

[5 rows x 12 columns]
[2024-08-04T19:50:04.642+0000] {crypto.py:82} WARNING - empty cryptography key - values will not be stored encrypted.
[2024-08-04T19:50:04.644+0000] {python.py:237} INFO - Done. Returned value was:           id  id_campaign  ...                      opened_at clicked_at
0    1811878         1152  ...                           None       None
1    1811879         1191  ...  2024-07-08T08:07:35.000-03:00       None
2    1811880         1153  ...                           None       None
3    1811881         1152  ...  2024-07-08T08:07:39.000-03:00       None
4    1811882         1152  ...  2024-07-08T08:07:39.000-03:00       None
..       ...          ...  ...                            ...        ...
995  1812873         1141  ...  2024-07-11T05:38:31.000-03:00       None
996  1812874         1141  ...  2024-07-11T10:47:51.000-03:00       None
997  1812875         1141  ...  2024-07-11T05:38:31.000-03:00       None
998  1812876         1141  ...  2024-07-11T05:38:32.000-03:00       None
999  1812877         1141  ...  2024-07-12T15:20:05.000-03:00       None

[1000 rows x 12 columns]
[2024-08-04T19:50:04.652+0000] {taskinstance.py:441} INFO - ::group::Post task execution logs
[2024-08-04T19:50:04.692+0000] {taskinstance.py:1206} INFO - Marking task as SUCCESS. dag_id=etl_dag, task_id=transform_data, run_id=scheduled__2024-08-04T19:40:00+00:00, execution_date=20240804T194000, start_date=20240804T195004, end_date=20240804T195004
[2024-08-04T19:50:04.738+0000] {local_task_job_runner.py:243} INFO - Task exited with return code 0
[2024-08-04T19:50:04.747+0000] {warnings.py:112} WARNING - /home/***/.local/lib/python3.12/site-packages/***/models/baseoperator.py:1297: AirflowProviderDeprecationWarning: Call to deprecated class PostgresOperator. (Please use `***.providers.common.sql.operators.sql.SQLExecuteQueryOperator`.Also, you can provide `hook_params={'schema': <database>}`.)
  result = cls.__new__(cls)

[2024-08-04T19:50:04.756+0000] {taskinstance.py:3503} INFO - 1 downstream tasks scheduled from follow-on schedule check
[2024-08-04T19:50:04.757+0000] {local_task_job_runner.py:222} INFO - ::endgroup::
