[2024-08-04T23:51:55.410+0000] {local_task_job_runner.py:120} INFO - ::group::Pre task execution logs
[2024-08-04T23:51:55.425+0000] {taskinstance.py:2076} INFO - Dependencies all met for dep_context=non-requeueable deps ti=<TaskInstance: etl_dag.carga_dimensao_user_type manual__2024-08-04T23:51:35.206063+00:00 [queued]>
[2024-08-04T23:51:55.430+0000] {taskinstance.py:2076} INFO - Dependencies all met for dep_context=requeueable deps ti=<TaskInstance: etl_dag.carga_dimensao_user_type manual__2024-08-04T23:51:35.206063+00:00 [queued]>
[2024-08-04T23:51:55.430+0000] {taskinstance.py:2306} INFO - Starting attempt 1 of 6
[2024-08-04T23:51:55.442+0000] {taskinstance.py:2330} INFO - Executing <Task(PythonOperator): carga_dimensao_user_type> on 2024-08-04 23:51:35.206063+00:00
[2024-08-04T23:51:55.450+0000] {warnings.py:112} WARNING - /home/***/.local/lib/python3.12/site-packages/***/task/task_runner/standard_task_runner.py:62: DeprecationWarning: This process (pid=3206) is multi-threaded, use of fork() may lead to deadlocks in the child.
  pid = os.fork()

[2024-08-04T23:51:55.452+0000] {standard_task_runner.py:64} INFO - Started process 3214 to run task
[2024-08-04T23:51:55.452+0000] {standard_task_runner.py:90} INFO - Running: ['***', 'tasks', 'run', 'etl_dag', 'carga_dimensao_user_type', 'manual__2024-08-04T23:51:35.206063+00:00', '--job-id', '1418', '--raw', '--subdir', 'DAGS_FOLDER/etl_dag.py', '--cfg-path', '/tmp/tmpzhal4w9l']
[2024-08-04T23:51:55.458+0000] {standard_task_runner.py:91} INFO - Job 1418: Subtask carga_dimensao_user_type
[2024-08-04T23:51:55.524+0000] {task_command.py:426} INFO - Running <TaskInstance: etl_dag.carga_dimensao_user_type manual__2024-08-04T23:51:35.206063+00:00 [running]> on host 88edf8e2824b
[2024-08-04T23:51:55.672+0000] {taskinstance.py:2648} INFO - Exporting env vars: AIRFLOW_CTX_DAG_OWNER='Gabriel Almeida' AIRFLOW_CTX_DAG_ID='etl_dag' AIRFLOW_CTX_TASK_ID='carga_dimensao_user_type' AIRFLOW_CTX_EXECUTION_DATE='2024-08-04T23:51:35.206063+00:00' AIRFLOW_CTX_TRY_NUMBER='1' AIRFLOW_CTX_DAG_RUN_ID='manual__2024-08-04T23:51:35.206063+00:00'
[2024-08-04T23:51:55.674+0000] {taskinstance.py:430} INFO - ::endgroup::
[2024-08-04T23:51:55.894+0000] {base.py:84} INFO - Using connection ID 'postgres_conn' for task execution.
[2024-08-04T23:51:55.927+0000] {logging_mixin.py:188} INFO - Dados inseridos na tabela DimUserType com sucesso.
[2024-08-04T23:51:55.927+0000] {python.py:237} INFO - Done. Returned value was: None
[2024-08-04T23:51:55.928+0000] {taskinstance.py:441} INFO - ::group::Post task execution logs
[2024-08-04T23:51:55.940+0000] {taskinstance.py:1206} INFO - Marking task as SUCCESS. dag_id=etl_dag, task_id=carga_dimensao_user_type, run_id=manual__2024-08-04T23:51:35.206063+00:00, execution_date=20240804T235135, start_date=20240804T235155, end_date=20240804T235155
[2024-08-04T23:51:56.037+0000] {local_task_job_runner.py:243} INFO - Task exited with return code 0
[2024-08-04T23:51:56.073+0000] {local_task_job_runner.py:222} INFO - ::endgroup::
