[2024-08-05T00:32:30.037+0000] {local_task_job_runner.py:120} INFO - ::group::Pre task execution logs
[2024-08-05T00:32:30.062+0000] {taskinstance.py:2076} INFO - Dependencies all met for dep_context=non-requeueable deps ti=<TaskInstance: etl_dag.create_dim_company manual__2024-08-05T00:32:17.919842+00:00 [queued]>
[2024-08-05T00:32:30.069+0000] {taskinstance.py:2076} INFO - Dependencies all met for dep_context=requeueable deps ti=<TaskInstance: etl_dag.create_dim_company manual__2024-08-05T00:32:17.919842+00:00 [queued]>
[2024-08-05T00:32:30.069+0000] {taskinstance.py:2306} INFO - Starting attempt 1 of 6
[2024-08-05T00:32:30.078+0000] {taskinstance.py:2330} INFO - Executing <Task(PostgresOperator): create_dim_company> on 2024-08-05 00:32:17.919842+00:00
[2024-08-05T00:32:30.096+0000] {warnings.py:112} WARNING - /home/***/.local/lib/python3.12/site-packages/***/task/task_runner/standard_task_runner.py:62: DeprecationWarning: This process (pid=4857) is multi-threaded, use of fork() may lead to deadlocks in the child.
  pid = os.fork()

[2024-08-05T00:32:30.102+0000] {standard_task_runner.py:64} INFO - Started process 4863 to run task
[2024-08-05T00:32:30.103+0000] {standard_task_runner.py:90} INFO - Running: ['***', 'tasks', 'run', 'etl_dag', 'create_dim_company', 'manual__2024-08-05T00:32:17.919842+00:00', '--job-id', '1591', '--raw', '--subdir', 'DAGS_FOLDER/etl_dag.py', '--cfg-path', '/tmp/tmpouit8iye']
[2024-08-05T00:32:30.106+0000] {standard_task_runner.py:91} INFO - Job 1591: Subtask create_dim_company
[2024-08-05T00:32:30.178+0000] {task_command.py:426} INFO - Running <TaskInstance: etl_dag.create_dim_company manual__2024-08-05T00:32:17.919842+00:00 [running]> on host 88edf8e2824b
[2024-08-05T00:32:30.320+0000] {taskinstance.py:2648} INFO - Exporting env vars: AIRFLOW_CTX_DAG_OWNER='Gabriel Almeida' AIRFLOW_CTX_DAG_ID='etl_dag' AIRFLOW_CTX_TASK_ID='create_dim_company' AIRFLOW_CTX_EXECUTION_DATE='2024-08-05T00:32:17.919842+00:00' AIRFLOW_CTX_TRY_NUMBER='1' AIRFLOW_CTX_DAG_RUN_ID='manual__2024-08-05T00:32:17.919842+00:00'
[2024-08-05T00:32:30.330+0000] {taskinstance.py:430} INFO - ::endgroup::
[2024-08-05T00:32:30.332+0000] {sql.py:282} INFO - Executing: 
            CREATE TABLE IF NOT EXISTS DimCompany (
                id_company SERIAL PRIMARY KEY,
                company VARCHAR(255) UNIQUE NOT NULL
            );
        
[2024-08-05T00:32:30.342+0000] {base.py:84} INFO - Using connection ID 'postgres_conn' for task execution.
[2024-08-05T00:32:30.352+0000] {base.py:84} INFO - Using connection ID 'postgres_conn' for task execution.
[2024-08-05T00:32:30.387+0000] {sql.py:495} INFO - Running statement: 
            CREATE TABLE IF NOT EXISTS DimCompany (
                id_company SERIAL PRIMARY KEY,
                company VARCHAR(255) UNIQUE NOT NULL
            );
        , parameters: None
[2024-08-05T00:32:30.390+0000] {taskinstance.py:441} INFO - ::group::Post task execution logs
[2024-08-05T00:32:30.401+0000] {taskinstance.py:1206} INFO - Marking task as SUCCESS. dag_id=etl_dag, task_id=create_dim_company, run_id=manual__2024-08-05T00:32:17.919842+00:00, execution_date=20240805T003217, start_date=20240805T003230, end_date=20240805T003230
[2024-08-05T00:32:30.453+0000] {local_task_job_runner.py:243} INFO - Task exited with return code 0
[2024-08-05T00:32:30.468+0000] {warnings.py:112} WARNING - /home/***/.local/lib/python3.12/site-packages/***/models/baseoperator.py:1297: AirflowProviderDeprecationWarning: Call to deprecated class PostgresOperator. (Please use `***.providers.common.sql.operators.sql.SQLExecuteQueryOperator`.Also, you can provide `hook_params={'schema': <database>}`.)
  result = cls.__new__(cls)

[2024-08-05T00:32:30.483+0000] {taskinstance.py:3503} INFO - 0 downstream tasks scheduled from follow-on schedule check
[2024-08-05T00:32:30.489+0000] {local_task_job_runner.py:222} INFO - ::endgroup::
