[2024-08-02T11:32:15.131+0000] {local_task_job_runner.py:120} INFO - ::group::Pre task execution logs
[2024-08-02T11:32:15.153+0000] {taskinstance.py:2076} INFO - Dependencies all met for dep_context=non-requeueable deps ti=<TaskInstance: etl_dag.create_dim_company scheduled__2024-08-02T10:30:00+00:00 [queued]>
[2024-08-02T11:32:15.160+0000] {taskinstance.py:2076} INFO - Dependencies all met for dep_context=requeueable deps ti=<TaskInstance: etl_dag.create_dim_company scheduled__2024-08-02T10:30:00+00:00 [queued]>
[2024-08-02T11:32:15.161+0000] {taskinstance.py:2306} INFO - Starting attempt 1 of 6
[2024-08-02T11:32:15.177+0000] {taskinstance.py:2330} INFO - Executing <Task(PostgresOperator): create_dim_company> on 2024-08-02 10:30:00+00:00
[2024-08-02T11:32:15.192+0000] {warnings.py:112} WARNING - /home/***/.local/lib/python3.12/site-packages/***/task/task_runner/standard_task_runner.py:62: DeprecationWarning: This process (pid=1486) is multi-threaded, use of fork() may lead to deadlocks in the child.
  pid = os.fork()

[2024-08-02T11:32:15.194+0000] {standard_task_runner.py:64} INFO - Started process 1491 to run task
[2024-08-02T11:32:15.198+0000] {standard_task_runner.py:90} INFO - Running: ['***', 'tasks', 'run', 'etl_dag', 'create_dim_company', 'scheduled__2024-08-02T10:30:00+00:00', '--job-id', '319', '--raw', '--subdir', 'DAGS_FOLDER/etl_dag.py', '--cfg-path', '/tmp/tmpit2k2ctd']
[2024-08-02T11:32:15.200+0000] {standard_task_runner.py:91} INFO - Job 319: Subtask create_dim_company
[2024-08-02T11:32:15.312+0000] {task_command.py:426} INFO - Running <TaskInstance: etl_dag.create_dim_company scheduled__2024-08-02T10:30:00+00:00 [running]> on host 69633e19c226
[2024-08-02T11:32:15.407+0000] {taskinstance.py:2648} INFO - Exporting env vars: AIRFLOW_CTX_DAG_OWNER='Gabriel Almeida' AIRFLOW_CTX_DAG_ID='etl_dag' AIRFLOW_CTX_TASK_ID='create_dim_company' AIRFLOW_CTX_EXECUTION_DATE='2024-08-02T10:30:00+00:00' AIRFLOW_CTX_TRY_NUMBER='1' AIRFLOW_CTX_DAG_RUN_ID='scheduled__2024-08-02T10:30:00+00:00'
[2024-08-02T11:32:15.410+0000] {taskinstance.py:430} INFO - ::endgroup::
[2024-08-02T11:32:15.410+0000] {sql.py:282} INFO - Executing: 
            CREATE TABLE IF NOT EXISTS DimCompany (
                id_company INT PRIMARY KEY,
                company VARCHAR(255)
            );
        
[2024-08-02T11:32:15.417+0000] {base.py:84} INFO - Using connection ID 'postgres_conn' for task execution.
[2024-08-02T11:32:15.424+0000] {base.py:84} INFO - Using connection ID 'postgres_conn' for task execution.
[2024-08-02T11:32:15.454+0000] {sql.py:495} INFO - Running statement: 
            CREATE TABLE IF NOT EXISTS DimCompany (
                id_company INT PRIMARY KEY,
                company VARCHAR(255)
            );
        , parameters: None
[2024-08-02T11:32:15.457+0000] {taskinstance.py:441} INFO - ::group::Post task execution logs
[2024-08-02T11:32:15.467+0000] {taskinstance.py:1206} INFO - Marking task as SUCCESS. dag_id=etl_dag, task_id=create_dim_company, run_id=scheduled__2024-08-02T10:30:00+00:00, execution_date=20240802T103000, start_date=20240802T113215, end_date=20240802T113215
[2024-08-02T11:32:15.503+0000] {local_task_job_runner.py:243} INFO - Task exited with return code 0
[2024-08-02T11:32:15.516+0000] {local_task_job_runner.py:222} INFO - ::endgroup::
