[2024-08-05T00:32:24.003+0000] {local_task_job_runner.py:120} INFO - ::group::Pre task execution logs
[2024-08-05T00:32:24.015+0000] {taskinstance.py:2076} INFO - Dependencies all met for dep_context=non-requeueable deps ti=<TaskInstance: etl_dag.transform_data manual__2024-08-05T00:32:17.919842+00:00 [queued]>
[2024-08-05T00:32:24.019+0000] {taskinstance.py:2076} INFO - Dependencies all met for dep_context=requeueable deps ti=<TaskInstance: etl_dag.transform_data manual__2024-08-05T00:32:17.919842+00:00 [queued]>
[2024-08-05T00:32:24.019+0000] {taskinstance.py:2306} INFO - Starting attempt 1 of 6
[2024-08-05T00:32:24.027+0000] {taskinstance.py:2330} INFO - Executing <Task(PythonOperator): transform_data> on 2024-08-05 00:32:17.919842+00:00
[2024-08-05T00:32:24.043+0000] {warnings.py:112} WARNING - /home/***/.local/lib/python3.12/site-packages/***/task/task_runner/standard_task_runner.py:62: DeprecationWarning: This process (pid=4851) is multi-threaded, use of fork() may lead to deadlocks in the child.
  pid = os.fork()

[2024-08-05T00:32:24.047+0000] {standard_task_runner.py:64} INFO - Started process 4853 to run task
[2024-08-05T00:32:24.047+0000] {standard_task_runner.py:90} INFO - Running: ['***', 'tasks', 'run', 'etl_dag', 'transform_data', 'manual__2024-08-05T00:32:17.919842+00:00', '--job-id', '1589', '--raw', '--subdir', 'DAGS_FOLDER/etl_dag.py', '--cfg-path', '/tmp/tmps52d9p6e']
[2024-08-05T00:32:24.049+0000] {standard_task_runner.py:91} INFO - Job 1589: Subtask transform_data
[2024-08-05T00:32:24.098+0000] {task_command.py:426} INFO - Running <TaskInstance: etl_dag.transform_data manual__2024-08-05T00:32:17.919842+00:00 [running]> on host 88edf8e2824b
[2024-08-05T00:32:24.159+0000] {taskinstance.py:2648} INFO - Exporting env vars: AIRFLOW_CTX_DAG_OWNER='Gabriel Almeida' AIRFLOW_CTX_DAG_ID='etl_dag' AIRFLOW_CTX_TASK_ID='transform_data' AIRFLOW_CTX_EXECUTION_DATE='2024-08-05T00:32:17.919842+00:00' AIRFLOW_CTX_TRY_NUMBER='1' AIRFLOW_CTX_DAG_RUN_ID='manual__2024-08-05T00:32:17.919842+00:00'
[2024-08-05T00:32:24.161+0000] {taskinstance.py:430} INFO - ::endgroup::
[2024-08-05T00:32:24.172+0000] {logging_mixin.py:188} INFO - DataFrame:
[2024-08-05T00:32:24.185+0000] {logging_mixin.py:188} INFO -         id  id_campaign  ...                      opened_at clicked_at
0  1811678         1140  ...  2024-07-08T04:07:17.000-03:00       None
1  1811679         1140  ...  2024-07-08T03:35:29.000-03:00       None
2  1811680         1140  ...  2024-07-08T03:35:35.000-03:00       None
3  1811681         1140  ...  2024-07-08T03:35:42.000-03:00       None
4  1811682         1140  ...  2024-07-08T03:35:44.000-03:00       None
5  1811683         1140  ...  2024-07-08T03:35:45.000-03:00       None
6  1811684         1140  ...  2024-07-08T03:35:46.000-03:00       None
7  1811685         1140  ...  2024-07-08T03:35:48.000-03:00       None
8  1811686         1140  ...                           None       None
9  1811687         1140  ...                           None       None

[10 rows x 12 columns]
[2024-08-05T00:32:24.187+0000] {logging_mixin.py:188} INFO - id             10
id_campaign    10
campaign       10
company        10
user_type      10
to             10
mailer         10
subject        10
sent_at        10
token          10
opened_at       8
clicked_at      0
dtype: int64
[2024-08-05T00:32:24.197+0000] {crypto.py:82} WARNING - empty cryptography key - values will not be stored encrypted.
[2024-08-05T00:32:24.199+0000] {python.py:237} INFO - Done. Returned value was:         id  id_campaign  ...                      opened_at clicked_at
0  1811678         1140  ...  2024-07-08T04:07:17.000-03:00       None
1  1811679         1140  ...  2024-07-08T03:35:29.000-03:00       None
2  1811680         1140  ...  2024-07-08T03:35:35.000-03:00       None
3  1811681         1140  ...  2024-07-08T03:35:42.000-03:00       None
4  1811682         1140  ...  2024-07-08T03:35:44.000-03:00       None
5  1811683         1140  ...  2024-07-08T03:35:45.000-03:00       None
6  1811684         1140  ...  2024-07-08T03:35:46.000-03:00       None
7  1811685         1140  ...  2024-07-08T03:35:48.000-03:00       None
8  1811686         1140  ...                           None       None
9  1811687         1140  ...                           None       None

[10 rows x 12 columns]
[2024-08-05T00:32:24.207+0000] {taskinstance.py:441} INFO - ::group::Post task execution logs
[2024-08-05T00:32:24.257+0000] {taskinstance.py:1206} INFO - Marking task as SUCCESS. dag_id=etl_dag, task_id=transform_data, run_id=manual__2024-08-05T00:32:17.919842+00:00, execution_date=20240805T003217, start_date=20240805T003224, end_date=20240805T003224
[2024-08-05T00:32:24.277+0000] {local_task_job_runner.py:243} INFO - Task exited with return code 0
[2024-08-05T00:32:24.288+0000] {warnings.py:112} WARNING - /home/***/.local/lib/python3.12/site-packages/***/models/baseoperator.py:1297: AirflowProviderDeprecationWarning: Call to deprecated class PostgresOperator. (Please use `***.providers.common.sql.operators.sql.SQLExecuteQueryOperator`.Also, you can provide `hook_params={'schema': <database>}`.)
  result = cls.__new__(cls)

[2024-08-05T00:32:24.299+0000] {taskinstance.py:3503} INFO - 1 downstream tasks scheduled from follow-on schedule check
[2024-08-05T00:32:24.300+0000] {local_task_job_runner.py:222} INFO - ::endgroup::
