[2024-07-31T00:58:37.894+0000] {local_task_job_runner.py:120} INFO - ::group::Pre task execution logs
[2024-07-31T00:58:37.903+0000] {taskinstance.py:2076} INFO - Dependencies all met for dep_context=non-requeueable deps ti=<TaskInstance: etl_dag.load_data manual__2024-07-31T00:58:29.307254+00:00 [queued]>
[2024-07-31T00:58:37.907+0000] {taskinstance.py:2076} INFO - Dependencies all met for dep_context=requeueable deps ti=<TaskInstance: etl_dag.load_data manual__2024-07-31T00:58:29.307254+00:00 [queued]>
[2024-07-31T00:58:37.908+0000] {taskinstance.py:2306} INFO - Starting attempt 1 of 2
[2024-07-31T00:58:37.914+0000] {taskinstance.py:2330} INFO - Executing <Task(PythonOperator): load_data> on 2024-07-31 00:58:29.307254+00:00
[2024-07-31T00:58:37.917+0000] {warnings.py:112} WARNING - /home/***/.local/lib/python3.12/site-packages/***/task/task_runner/standard_task_runner.py:62: DeprecationWarning: This process (pid=251) is multi-threaded, use of fork() may lead to deadlocks in the child.
  pid = os.fork()

[2024-07-31T00:58:37.918+0000] {standard_task_runner.py:64} INFO - Started process 253 to run task
[2024-07-31T00:58:37.919+0000] {standard_task_runner.py:90} INFO - Running: ['***', 'tasks', 'run', 'etl_dag', 'load_data', 'manual__2024-07-31T00:58:29.307254+00:00', '--job-id', '56', '--raw', '--subdir', 'DAGS_FOLDER/etl_dag.py', '--cfg-path', '/tmp/tmp4pvekgef']
[2024-07-31T00:58:37.919+0000] {standard_task_runner.py:91} INFO - Job 56: Subtask load_data
[2024-07-31T00:58:37.963+0000] {task_command.py:426} INFO - Running <TaskInstance: etl_dag.load_data manual__2024-07-31T00:58:29.307254+00:00 [running]> on host bddebbc05abf
[2024-07-31T00:58:38.040+0000] {taskinstance.py:2648} INFO - Exporting env vars: AIRFLOW_CTX_DAG_OWNER='Gabriel Almeida' AIRFLOW_CTX_DAG_ID='etl_dag' AIRFLOW_CTX_TASK_ID='load_data' AIRFLOW_CTX_EXECUTION_DATE='2024-07-31T00:58:29.307254+00:00' AIRFLOW_CTX_TRY_NUMBER='1' AIRFLOW_CTX_DAG_RUN_ID='manual__2024-07-31T00:58:29.307254+00:00'
[2024-07-31T00:58:38.042+0000] {taskinstance.py:430} INFO - ::endgroup::
[2024-07-31T00:58:38.184+0000] {base.py:84} INFO - Using connection ID 'postgres_conn' for task execution.
[2024-07-31T00:58:38.195+0000] {logging_mixin.py:188} INFO - Erro ao carregar dados: (psycopg2.OperationalError) connection to server at "localhost" (::1), port 5437 failed: Connection refused
	Is the server running on that host and accepting TCP/IP connections?
connection to server at "localhost" (127.0.0.1), port 5437 failed: Connection refused
	Is the server running on that host and accepting TCP/IP connections?

(Background on this error at: https://sqlalche.me/e/14/e3q8)
[2024-07-31T00:58:38.195+0000] {logging_mixin.py:188} INFO - ####CHEGOU AQUI#####
[2024-07-31T00:58:38.195+0000] {python.py:237} INFO - Done. Returned value was: None
[2024-07-31T00:58:38.201+0000] {taskinstance.py:441} INFO - ::group::Post task execution logs
[2024-07-31T00:58:38.212+0000] {taskinstance.py:1206} INFO - Marking task as SUCCESS. dag_id=etl_dag, task_id=load_data, run_id=manual__2024-07-31T00:58:29.307254+00:00, execution_date=20240731T005829, start_date=20240731T005837, end_date=20240731T005838
[2024-07-31T00:58:38.224+0000] {local_task_job_runner.py:243} INFO - Task exited with return code 0
[2024-07-31T00:58:38.235+0000] {taskinstance.py:3503} INFO - 0 downstream tasks scheduled from follow-on schedule check
[2024-07-31T00:58:38.236+0000] {local_task_job_runner.py:222} INFO - ::endgroup::
