[2024-08-01T16:45:28.191+0000] {local_task_job_runner.py:120} INFO - ::group::Pre task execution logs
[2024-08-01T16:45:28.199+0000] {taskinstance.py:2076} INFO - Dependencies all met for dep_context=non-requeueable deps ti=<TaskInstance: etl_dag.load_data scheduled__2024-08-01T16:44:00+00:00 [queued]>
[2024-08-01T16:45:28.202+0000] {taskinstance.py:2076} INFO - Dependencies all met for dep_context=requeueable deps ti=<TaskInstance: etl_dag.load_data scheduled__2024-08-01T16:44:00+00:00 [queued]>
[2024-08-01T16:45:28.202+0000] {taskinstance.py:2306} INFO - Starting attempt 1 of 6
[2024-08-01T16:45:28.207+0000] {taskinstance.py:2330} INFO - Executing <Task(PythonOperator): load_data> on 2024-08-01 16:44:00+00:00
[2024-08-01T16:45:28.210+0000] {warnings.py:112} WARNING - /home/***/.local/lib/python3.12/site-packages/***/task/task_runner/standard_task_runner.py:62: DeprecationWarning: This process (pid=362) is multi-threaded, use of fork() may lead to deadlocks in the child.
  pid = os.fork()

[2024-08-01T16:45:28.210+0000] {standard_task_runner.py:64} INFO - Started process 364 to run task
[2024-08-01T16:45:28.211+0000] {standard_task_runner.py:90} INFO - Running: ['***', 'tasks', 'run', 'etl_dag', 'load_data', 'scheduled__2024-08-01T16:44:00+00:00', '--job-id', '107', '--raw', '--subdir', 'DAGS_FOLDER/etl_dag.py', '--cfg-path', '/tmp/tmp6cqpa0yt']
[2024-08-01T16:45:28.211+0000] {standard_task_runner.py:91} INFO - Job 107: Subtask load_data
[2024-08-01T16:45:28.234+0000] {task_command.py:426} INFO - Running <TaskInstance: etl_dag.load_data scheduled__2024-08-01T16:44:00+00:00 [running]> on host e27a9ccca098
[2024-08-01T16:45:28.273+0000] {taskinstance.py:2648} INFO - Exporting env vars: AIRFLOW_CTX_DAG_OWNER='Gabriel Almeida' AIRFLOW_CTX_DAG_ID='etl_dag' AIRFLOW_CTX_TASK_ID='load_data' AIRFLOW_CTX_EXECUTION_DATE='2024-08-01T16:44:00+00:00' AIRFLOW_CTX_TRY_NUMBER='1' AIRFLOW_CTX_DAG_RUN_ID='scheduled__2024-08-01T16:44:00+00:00'
[2024-08-01T16:45:28.274+0000] {taskinstance.py:430} INFO - ::endgroup::
[2024-08-01T16:45:28.384+0000] {base.py:84} INFO - Using connection ID 'postgres_conn' for task execution.
[2024-08-01T16:45:28.491+0000] {logging_mixin.py:188} INFO - Dados carregados com sucesso.
[2024-08-01T16:45:28.491+0000] {logging_mixin.py:188} INFO - ####CHEGOU AQUI#####
[2024-08-01T16:45:28.491+0000] {python.py:237} INFO - Done. Returned value was: None
[2024-08-01T16:45:28.492+0000] {taskinstance.py:441} INFO - ::group::Post task execution logs
[2024-08-01T16:45:28.499+0000] {taskinstance.py:1206} INFO - Marking task as SUCCESS. dag_id=etl_dag, task_id=load_data, run_id=scheduled__2024-08-01T16:44:00+00:00, execution_date=20240801T164400, start_date=20240801T164528, end_date=20240801T164528
[2024-08-01T16:45:28.522+0000] {local_task_job_runner.py:243} INFO - Task exited with return code 0
[2024-08-01T16:45:28.537+0000] {taskinstance.py:3503} INFO - 0 downstream tasks scheduled from follow-on schedule check
[2024-08-01T16:45:28.538+0000] {local_task_job_runner.py:222} INFO - ::endgroup::
