[2024-08-04T20:23:23.300+0000] {local_task_job_runner.py:120} INFO - ::group::Pre task execution logs
[2024-08-04T20:23:23.312+0000] {taskinstance.py:2076} INFO - Dependencies all met for dep_context=non-requeueable deps ti=<TaskInstance: etl_dag.carga_dimensao_user_type manual__2024-08-04T20:23:02.291521+00:00 [queued]>
[2024-08-04T20:23:23.317+0000] {taskinstance.py:2076} INFO - Dependencies all met for dep_context=requeueable deps ti=<TaskInstance: etl_dag.carga_dimensao_user_type manual__2024-08-04T20:23:02.291521+00:00 [queued]>
[2024-08-04T20:23:23.318+0000] {taskinstance.py:2306} INFO - Starting attempt 1 of 6
[2024-08-04T20:23:23.325+0000] {taskinstance.py:2330} INFO - Executing <Task(PythonOperator): carga_dimensao_user_type> on 2024-08-04 20:23:02.291521+00:00
[2024-08-04T20:23:23.332+0000] {warnings.py:112} WARNING - /home/***/.local/lib/python3.12/site-packages/***/task/task_runner/standard_task_runner.py:62: DeprecationWarning: This process (pid=2553) is multi-threaded, use of fork() may lead to deadlocks in the child.
  pid = os.fork()

[2024-08-04T20:23:23.334+0000] {standard_task_runner.py:64} INFO - Started process 2557 to run task
[2024-08-04T20:23:23.334+0000] {standard_task_runner.py:90} INFO - Running: ['***', 'tasks', 'run', 'etl_dag', 'carga_dimensao_user_type', 'manual__2024-08-04T20:23:02.291521+00:00', '--job-id', '950', '--raw', '--subdir', 'DAGS_FOLDER/etl_dag.py', '--cfg-path', '/tmp/tmppmojd6un']
[2024-08-04T20:23:23.335+0000] {standard_task_runner.py:91} INFO - Job 950: Subtask carga_dimensao_user_type
[2024-08-04T20:23:23.366+0000] {task_command.py:426} INFO - Running <TaskInstance: etl_dag.carga_dimensao_user_type manual__2024-08-04T20:23:02.291521+00:00 [running]> on host 83ccd21ce624
[2024-08-04T20:23:23.479+0000] {taskinstance.py:2648} INFO - Exporting env vars: AIRFLOW_CTX_DAG_OWNER='Gabriel Almeida' AIRFLOW_CTX_DAG_ID='etl_dag' AIRFLOW_CTX_TASK_ID='carga_dimensao_user_type' AIRFLOW_CTX_EXECUTION_DATE='2024-08-04T20:23:02.291521+00:00' AIRFLOW_CTX_TRY_NUMBER='1' AIRFLOW_CTX_DAG_RUN_ID='manual__2024-08-04T20:23:02.291521+00:00'
[2024-08-04T20:23:23.485+0000] {taskinstance.py:430} INFO - ::endgroup::
[2024-08-04T20:23:23.598+0000] {base.py:84} INFO - Using connection ID 'postgres_conn' for task execution.
[2024-08-04T20:23:23.623+0000] {logging_mixin.py:188} INFO - Dados inseridos na tabela DimUserType com sucesso.
[2024-08-04T20:23:23.624+0000] {python.py:237} INFO - Done. Returned value was: None
[2024-08-04T20:23:23.624+0000] {taskinstance.py:441} INFO - ::group::Post task execution logs
[2024-08-04T20:23:23.633+0000] {taskinstance.py:1206} INFO - Marking task as SUCCESS. dag_id=etl_dag, task_id=carga_dimensao_user_type, run_id=manual__2024-08-04T20:23:02.291521+00:00, execution_date=20240804T202302, start_date=20240804T202323, end_date=20240804T202323
[2024-08-04T20:23:23.679+0000] {local_task_job_runner.py:243} INFO - Task exited with return code 0
[2024-08-04T20:23:23.707+0000] {taskinstance.py:3503} INFO - 0 downstream tasks scheduled from follow-on schedule check
[2024-08-04T20:23:23.709+0000] {local_task_job_runner.py:222} INFO - ::endgroup::
