[2024-08-04T21:00:10.696+0000] {local_task_job_runner.py:120} INFO - ::group::Pre task execution logs
[2024-08-04T21:00:10.708+0000] {taskinstance.py:2076} INFO - Dependencies all met for dep_context=non-requeueable deps ti=<TaskInstance: etl_dag.create_dim_company scheduled__2024-08-04T20:50:00+00:00 [queued]>
[2024-08-04T21:00:10.717+0000] {taskinstance.py:2076} INFO - Dependencies all met for dep_context=requeueable deps ti=<TaskInstance: etl_dag.create_dim_company scheduled__2024-08-04T20:50:00+00:00 [queued]>
[2024-08-04T21:00:10.717+0000] {taskinstance.py:2306} INFO - Starting attempt 1 of 6
[2024-08-04T21:00:10.744+0000] {taskinstance.py:2330} INFO - Executing <Task(PostgresOperator): create_dim_company> on 2024-08-04 20:50:00+00:00
[2024-08-04T21:00:10.751+0000] {warnings.py:112} WARNING - /home/***/.local/lib/python3.12/site-packages/***/task/task_runner/standard_task_runner.py:62: DeprecationWarning: This process (pid=3410) is multi-threaded, use of fork() may lead to deadlocks in the child.
  pid = os.fork()

[2024-08-04T21:00:10.753+0000] {standard_task_runner.py:64} INFO - Started process 3416 to run task
[2024-08-04T21:00:10.754+0000] {standard_task_runner.py:90} INFO - Running: ['***', 'tasks', 'run', 'etl_dag', 'create_dim_company', 'scheduled__2024-08-04T20:50:00+00:00', '--job-id', '1017', '--raw', '--subdir', 'DAGS_FOLDER/etl_dag.py', '--cfg-path', '/tmp/tmp0v0lsqvg']
[2024-08-04T21:00:10.756+0000] {standard_task_runner.py:91} INFO - Job 1017: Subtask create_dim_company
[2024-08-04T21:00:10.894+0000] {task_command.py:426} INFO - Running <TaskInstance: etl_dag.create_dim_company scheduled__2024-08-04T20:50:00+00:00 [running]> on host 83ccd21ce624
[2024-08-04T21:00:11.034+0000] {taskinstance.py:2648} INFO - Exporting env vars: AIRFLOW_CTX_DAG_OWNER='Gabriel Almeida' AIRFLOW_CTX_DAG_ID='etl_dag' AIRFLOW_CTX_TASK_ID='create_dim_company' AIRFLOW_CTX_EXECUTION_DATE='2024-08-04T20:50:00+00:00' AIRFLOW_CTX_TRY_NUMBER='1' AIRFLOW_CTX_DAG_RUN_ID='scheduled__2024-08-04T20:50:00+00:00'
[2024-08-04T21:00:11.036+0000] {taskinstance.py:430} INFO - ::endgroup::
[2024-08-04T21:00:11.036+0000] {sql.py:282} INFO - Executing: 
            CREATE TABLE IF NOT EXISTS DimCompany (
                id_company SERIAL PRIMARY KEY,
                company VARCHAR(255) UNIQUE NOT NULL
            );
        
[2024-08-04T21:00:11.044+0000] {base.py:84} INFO - Using connection ID 'postgres_conn' for task execution.
[2024-08-04T21:00:11.052+0000] {base.py:84} INFO - Using connection ID 'postgres_conn' for task execution.
[2024-08-04T21:00:11.070+0000] {sql.py:495} INFO - Running statement: 
            CREATE TABLE IF NOT EXISTS DimCompany (
                id_company SERIAL PRIMARY KEY,
                company VARCHAR(255) UNIQUE NOT NULL
            );
        , parameters: None
[2024-08-04T21:00:11.073+0000] {taskinstance.py:441} INFO - ::group::Post task execution logs
[2024-08-04T21:00:11.084+0000] {taskinstance.py:1206} INFO - Marking task as SUCCESS. dag_id=etl_dag, task_id=create_dim_company, run_id=scheduled__2024-08-04T20:50:00+00:00, execution_date=20240804T205000, start_date=20240804T210010, end_date=20240804T210011
[2024-08-04T21:00:11.142+0000] {local_task_job_runner.py:243} INFO - Task exited with return code 0
[2024-08-04T21:00:11.154+0000] {local_task_job_runner.py:222} INFO - ::endgroup::
