[2024-08-05T00:19:58.554+0000] {local_task_job_runner.py:120} INFO - ::group::Pre task execution logs
[2024-08-05T00:19:58.574+0000] {taskinstance.py:2076} INFO - Dependencies all met for dep_context=non-requeueable deps ti=<TaskInstance: etl_dag.create_dim_campaign manual__2024-08-05T00:19:44.711711+00:00 [queued]>
[2024-08-05T00:19:58.583+0000] {taskinstance.py:2076} INFO - Dependencies all met for dep_context=requeueable deps ti=<TaskInstance: etl_dag.create_dim_campaign manual__2024-08-05T00:19:44.711711+00:00 [queued]>
[2024-08-05T00:19:58.584+0000] {taskinstance.py:2306} INFO - Starting attempt 1 of 6
[2024-08-05T00:19:58.596+0000] {taskinstance.py:2330} INFO - Executing <Task(PostgresOperator): create_dim_campaign> on 2024-08-05 00:19:44.711711+00:00
[2024-08-05T00:19:58.602+0000] {warnings.py:112} WARNING - /home/***/.local/lib/python3.12/site-packages/***/task/task_runner/standard_task_runner.py:62: DeprecationWarning: This process (pid=4423) is multi-threaded, use of fork() may lead to deadlocks in the child.
  pid = os.fork()

[2024-08-05T00:19:58.605+0000] {standard_task_runner.py:64} INFO - Started process 4429 to run task
[2024-08-05T00:19:58.608+0000] {standard_task_runner.py:90} INFO - Running: ['***', 'tasks', 'run', 'etl_dag', 'create_dim_campaign', 'manual__2024-08-05T00:19:44.711711+00:00', '--job-id', '1548', '--raw', '--subdir', 'DAGS_FOLDER/etl_dag.py', '--cfg-path', '/tmp/tmpyf4d_gxl']
[2024-08-05T00:19:58.614+0000] {standard_task_runner.py:91} INFO - Job 1548: Subtask create_dim_campaign
[2024-08-05T00:19:58.723+0000] {task_command.py:426} INFO - Running <TaskInstance: etl_dag.create_dim_campaign manual__2024-08-05T00:19:44.711711+00:00 [running]> on host 88edf8e2824b
[2024-08-05T00:19:58.792+0000] {taskinstance.py:2648} INFO - Exporting env vars: AIRFLOW_CTX_DAG_OWNER='Gabriel Almeida' AIRFLOW_CTX_DAG_ID='etl_dag' AIRFLOW_CTX_TASK_ID='create_dim_campaign' AIRFLOW_CTX_EXECUTION_DATE='2024-08-05T00:19:44.711711+00:00' AIRFLOW_CTX_TRY_NUMBER='1' AIRFLOW_CTX_DAG_RUN_ID='manual__2024-08-05T00:19:44.711711+00:00'
[2024-08-05T00:19:58.794+0000] {taskinstance.py:430} INFO - ::endgroup::
[2024-08-05T00:19:58.795+0000] {sql.py:282} INFO - Executing: 
            CREATE TABLE IF NOT EXISTS DimCampaign (
                id_campaign INT PRIMARY KEY,
                campaign VARCHAR(255) UNIQUE NOT NULL
            );
        
[2024-08-05T00:19:58.844+0000] {base.py:84} INFO - Using connection ID 'postgres_conn' for task execution.
[2024-08-05T00:19:58.856+0000] {base.py:84} INFO - Using connection ID 'postgres_conn' for task execution.
[2024-08-05T00:19:58.883+0000] {sql.py:495} INFO - Running statement: 
            CREATE TABLE IF NOT EXISTS DimCampaign (
                id_campaign INT PRIMARY KEY,
                campaign VARCHAR(255) UNIQUE NOT NULL
            );
        , parameters: None
[2024-08-05T00:19:58.891+0000] {taskinstance.py:441} INFO - ::group::Post task execution logs
[2024-08-05T00:19:58.910+0000] {taskinstance.py:1206} INFO - Marking task as SUCCESS. dag_id=etl_dag, task_id=create_dim_campaign, run_id=manual__2024-08-05T00:19:44.711711+00:00, execution_date=20240805T001944, start_date=20240805T001958, end_date=20240805T001958
[2024-08-05T00:19:58.928+0000] {local_task_job_runner.py:243} INFO - Task exited with return code 0
[2024-08-05T00:19:58.940+0000] {warnings.py:112} WARNING - /home/***/.local/lib/python3.12/site-packages/***/models/baseoperator.py:1297: AirflowProviderDeprecationWarning: Call to deprecated class PostgresOperator. (Please use `***.providers.common.sql.operators.sql.SQLExecuteQueryOperator`.Also, you can provide `hook_params={'schema': <database>}`.)
  result = cls.__new__(cls)

[2024-08-05T00:19:58.953+0000] {taskinstance.py:3503} INFO - 1 downstream tasks scheduled from follow-on schedule check
[2024-08-05T00:19:58.955+0000] {local_task_job_runner.py:222} INFO - ::endgroup::
