[2024-07-31T00:13:36.775+0000] {local_task_job_runner.py:120} INFO - ::group::Pre task execution logs
[2024-07-31T00:13:36.785+0000] {taskinstance.py:2076} INFO - Dependencies all met for dep_context=non-requeueable deps ti=<TaskInstance: etl_dag.load_data manual__2024-07-31T00:13:29.775806+00:00 [queued]>
[2024-07-31T00:13:36.788+0000] {taskinstance.py:2076} INFO - Dependencies all met for dep_context=requeueable deps ti=<TaskInstance: etl_dag.load_data manual__2024-07-31T00:13:29.775806+00:00 [queued]>
[2024-07-31T00:13:36.788+0000] {taskinstance.py:2306} INFO - Starting attempt 1 of 2
[2024-07-31T00:13:36.794+0000] {taskinstance.py:2330} INFO - Executing <Task(PythonOperator): load_data> on 2024-07-31 00:13:29.775806+00:00
[2024-07-31T00:13:36.799+0000] {warnings.py:112} WARNING - /home/***/.local/lib/python3.12/site-packages/***/task/task_runner/standard_task_runner.py:62: DeprecationWarning: This process (pid=1004) is multi-threaded, use of fork() may lead to deadlocks in the child.
  pid = os.fork()

[2024-07-31T00:13:36.800+0000] {standard_task_runner.py:64} INFO - Started process 1006 to run task
[2024-07-31T00:13:36.800+0000] {standard_task_runner.py:90} INFO - Running: ['***', 'tasks', 'run', 'etl_dag', 'load_data', 'manual__2024-07-31T00:13:29.775806+00:00', '--job-id', '45', '--raw', '--subdir', 'DAGS_FOLDER/etl_dag.py', '--cfg-path', '/tmp/tmpwk0syh44']
[2024-07-31T00:13:36.801+0000] {standard_task_runner.py:91} INFO - Job 45: Subtask load_data
[2024-07-31T00:13:36.834+0000] {task_command.py:426} INFO - Running <TaskInstance: etl_dag.load_data manual__2024-07-31T00:13:29.775806+00:00 [running]> on host bb49ef30ae89
[2024-07-31T00:13:36.887+0000] {taskinstance.py:2648} INFO - Exporting env vars: AIRFLOW_CTX_DAG_OWNER='Gabriel Almeida' AIRFLOW_CTX_DAG_ID='etl_dag' AIRFLOW_CTX_TASK_ID='load_data' AIRFLOW_CTX_EXECUTION_DATE='2024-07-31T00:13:29.775806+00:00' AIRFLOW_CTX_TRY_NUMBER='1' AIRFLOW_CTX_DAG_RUN_ID='manual__2024-07-31T00:13:29.775806+00:00'
[2024-07-31T00:13:36.888+0000] {taskinstance.py:430} INFO - ::endgroup::
[2024-07-31T00:13:36.985+0000] {taskinstance.py:441} INFO - ::group::Post task execution logs
[2024-07-31T00:13:36.990+0000] {taskinstance.py:2905} ERROR - Task failed with exception
Traceback (most recent call last):
  File "/home/airflow/.local/lib/python3.12/site-packages/airflow/models/taskinstance.py", line 465, in _execute_task
    result = _execute_callable(context=context, **execute_callable_kwargs)
             ^^^^^^^^^^^^^^^^^^^^^^^^^^^^^^^^^^^^^^^^^^^^^^^^^^^^^^^^^^^^^
  File "/home/airflow/.local/lib/python3.12/site-packages/airflow/models/taskinstance.py", line 432, in _execute_callable
    return execute_callable(context=context, **execute_callable_kwargs)
           ^^^^^^^^^^^^^^^^^^^^^^^^^^^^^^^^^^^^^^^^^^^^^^^^^^^^^^^^^^^^
  File "/home/airflow/.local/lib/python3.12/site-packages/airflow/models/baseoperator.py", line 401, in wrapper
    return func(self, *args, **kwargs)
           ^^^^^^^^^^^^^^^^^^^^^^^^^^^
  File "/home/airflow/.local/lib/python3.12/site-packages/airflow/operators/python.py", line 235, in execute
    return_value = self.execute_callable()
                   ^^^^^^^^^^^^^^^^^^^^^^^
  File "/home/airflow/.local/lib/python3.12/site-packages/airflow/operators/python.py", line 252, in execute_callable
    return self.python_callable(*self.op_args, **self.op_kwargs)
           ^^^^^^^^^^^^^^^^^^^^^^^^^^^^^^^^^^^^^^^^^^^^^^^^^^^^^
  File "/opt/airflow/dags/etl/load.py", line 9, in load
    conn = BaseHook.get_connection('my_postgres_conn')
           ^^^^^^^^^^^^^^^^^^^^^^^^^^^^^^^^^^^^^^^^^^^
  File "/home/airflow/.local/lib/python3.12/site-packages/airflow/hooks/base.py", line 83, in get_connection
    conn = Connection.get_connection_from_secrets(conn_id)
           ^^^^^^^^^^^^^^^^^^^^^^^^^^^^^^^^^^^^^^^^^^^^^^^
  File "/home/airflow/.local/lib/python3.12/site-packages/airflow/models/connection.py", line 519, in get_connection_from_secrets
    raise AirflowNotFoundException(f"The conn_id `{conn_id}` isn't defined")
airflow.exceptions.AirflowNotFoundException: The conn_id `my_postgres_conn` isn't defined
[2024-07-31T00:13:36.994+0000] {taskinstance.py:1206} INFO - Marking task as UP_FOR_RETRY. dag_id=etl_dag, task_id=load_data, run_id=manual__2024-07-31T00:13:29.775806+00:00, execution_date=20240731T001329, start_date=20240731T001336, end_date=20240731T001336
[2024-07-31T00:13:37.000+0000] {standard_task_runner.py:110} ERROR - Failed to execute job 45 for task load_data (The conn_id `my_postgres_conn` isn't defined; 1006)
[2024-07-31T00:13:37.026+0000] {local_task_job_runner.py:243} INFO - Task exited with return code 1
[2024-07-31T00:13:37.040+0000] {taskinstance.py:3503} INFO - 0 downstream tasks scheduled from follow-on schedule check
[2024-07-31T00:13:37.040+0000] {local_task_job_runner.py:222} INFO - ::endgroup::
