[2024-08-02T09:47:41.733+0000] {local_task_job_runner.py:120} INFO - ::group::Pre task execution logs
[2024-08-02T09:47:41.746+0000] {taskinstance.py:2076} INFO - Dependencies all met for dep_context=non-requeueable deps ti=<TaskInstance: etl_dag.transform_data manual__2024-08-02T09:47:37.495309+00:00 [queued]>
[2024-08-02T09:47:41.751+0000] {taskinstance.py:2076} INFO - Dependencies all met for dep_context=requeueable deps ti=<TaskInstance: etl_dag.transform_data manual__2024-08-02T09:47:37.495309+00:00 [queued]>
[2024-08-02T09:47:41.752+0000] {taskinstance.py:2306} INFO - Starting attempt 1 of 6
[2024-08-02T09:47:41.760+0000] {taskinstance.py:2330} INFO - Executing <Task(PythonOperator): transform_data> on 2024-08-02 09:47:37.495309+00:00
[2024-08-02T09:47:41.766+0000] {warnings.py:112} WARNING - /home/***/.local/lib/python3.12/site-packages/***/task/task_runner/standard_task_runner.py:62: DeprecationWarning: This process (pid=497) is multi-threaded, use of fork() may lead to deadlocks in the child.
  pid = os.fork()

[2024-08-02T09:47:41.767+0000] {standard_task_runner.py:90} INFO - Running: ['***', 'tasks', 'run', 'etl_dag', 'transform_data', 'manual__2024-08-02T09:47:37.495309+00:00', '--job-id', '196', '--raw', '--subdir', 'DAGS_FOLDER/etl_dag.py', '--cfg-path', '/tmp/tmpa881cmub']
[2024-08-02T09:47:41.769+0000] {standard_task_runner.py:64} INFO - Started process 499 to run task
[2024-08-02T09:47:41.769+0000] {standard_task_runner.py:91} INFO - Job 196: Subtask transform_data
[2024-08-02T09:47:41.801+0000] {task_command.py:426} INFO - Running <TaskInstance: etl_dag.transform_data manual__2024-08-02T09:47:37.495309+00:00 [running]> on host 69633e19c226
[2024-08-02T09:47:41.879+0000] {taskinstance.py:2648} INFO - Exporting env vars: AIRFLOW_CTX_DAG_OWNER='Gabriel Almeida' AIRFLOW_CTX_DAG_ID='etl_dag' AIRFLOW_CTX_TASK_ID='transform_data' AIRFLOW_CTX_EXECUTION_DATE='2024-08-02T09:47:37.495309+00:00' AIRFLOW_CTX_TRY_NUMBER='1' AIRFLOW_CTX_DAG_RUN_ID='manual__2024-08-02T09:47:37.495309+00:00'
[2024-08-02T09:47:41.881+0000] {taskinstance.py:430} INFO - ::endgroup::
[2024-08-02T09:47:41.903+0000] {logging_mixin.py:188} INFO - DataFrame:
[2024-08-02T09:47:41.916+0000] {logging_mixin.py:188} INFO -         id  id_campaign  ...                      opened_at clicked_at
0  1823658         2519  ...  2024-07-24T23:31:03.000-03:00       None
1  1823659         2519  ...  2024-07-24T16:37:22.000-03:00       None
2  1823660         2519  ...  2024-07-25T10:31:09.000-03:00       None
3  1823661         2519  ...  2024-07-24T16:03:44.000-03:00       None
4  1823662         2519  ...  2024-07-24T16:03:44.000-03:00       None

[5 rows x 12 columns]
[2024-08-02T09:47:41.930+0000] {crypto.py:82} WARNING - empty cryptography key - values will not be stored encrypted.
[2024-08-02T09:47:41.932+0000] {python.py:237} INFO - Done. Returned value was:           id  id_campaign  ...                      opened_at clicked_at
0    1823658         2519  ...  2024-07-24T23:31:03.000-03:00       None
1    1823659         2519  ...  2024-07-24T16:37:22.000-03:00       None
2    1823660         2519  ...  2024-07-25T10:31:09.000-03:00       None
3    1823661         2519  ...  2024-07-24T16:03:44.000-03:00       None
4    1823662         2519  ...  2024-07-24T16:03:44.000-03:00       None
..       ...          ...  ...                            ...        ...
995  1824653         2546  ...  2024-07-25T16:02:14.000-03:00       None
996  1824654         2546  ...  2024-07-25T16:02:15.000-03:00       None
997  1824655         2546  ...  2024-07-25T16:03:02.000-03:00       None
998  1824656         2546  ...                           None       None
999  1824657         2546  ...  2024-07-25T16:02:17.000-03:00       None

[1000 rows x 12 columns]
[2024-08-02T09:47:41.943+0000] {taskinstance.py:441} INFO - ::group::Post task execution logs
[2024-08-02T09:47:41.997+0000] {taskinstance.py:1206} INFO - Marking task as SUCCESS. dag_id=etl_dag, task_id=transform_data, run_id=manual__2024-08-02T09:47:37.495309+00:00, execution_date=20240802T094737, start_date=20240802T094741, end_date=20240802T094741
[2024-08-02T09:47:42.033+0000] {local_task_job_runner.py:243} INFO - Task exited with return code 0
[2024-08-02T09:47:42.042+0000] {warnings.py:112} WARNING - /home/***/.local/lib/python3.12/site-packages/***/models/baseoperator.py:1297: AirflowProviderDeprecationWarning: Call to deprecated class PostgresOperator. (Please use `***.providers.common.sql.operators.sql.SQLExecuteQueryOperator`.Also, you can provide `hook_params={'schema': <database>}`.)
  result = cls.__new__(cls)

[2024-08-02T09:47:42.055+0000] {taskinstance.py:3503} INFO - 1 downstream tasks scheduled from follow-on schedule check
[2024-08-02T09:47:42.057+0000] {local_task_job_runner.py:222} INFO - ::endgroup::
