[2024-07-30T22:14:42.574+0000] {local_task_job_runner.py:120} INFO - ::group::Pre task execution logs
[2024-07-30T22:14:42.616+0000] {taskinstance.py:2076} INFO - Dependencies all met for dep_context=non-requeueable deps ti=<TaskInstance: etl_dag.extract scheduled__2024-07-29T00:00:00+00:00 [queued]>
[2024-07-30T22:14:42.627+0000] {taskinstance.py:2076} INFO - Dependencies all met for dep_context=requeueable deps ti=<TaskInstance: etl_dag.extract scheduled__2024-07-29T00:00:00+00:00 [queued]>
[2024-07-30T22:14:42.627+0000] {taskinstance.py:2306} INFO - Starting attempt 1 of 2
[2024-07-30T22:14:42.638+0000] {taskinstance.py:2330} INFO - Executing <Task(PythonOperator): extract> on 2024-07-29 00:00:00+00:00
[2024-07-30T22:14:42.651+0000] {warnings.py:112} WARNING - /home/***/.local/lib/python3.12/site-packages/***/task/task_runner/standard_task_runner.py:62: DeprecationWarning: This process (pid=112) is multi-threaded, use of fork() may lead to deadlocks in the child.
  pid = os.fork()

[2024-07-30T22:14:42.653+0000] {standard_task_runner.py:64} INFO - Started process 114 to run task
[2024-07-30T22:14:42.654+0000] {standard_task_runner.py:90} INFO - Running: ['***', 'tasks', 'run', 'etl_dag', 'extract', 'scheduled__2024-07-29T00:00:00+00:00', '--job-id', '8', '--raw', '--subdir', 'DAGS_FOLDER/etl_dag.py', '--cfg-path', '/tmp/tmpslx1pmjx']
[2024-07-30T22:14:42.656+0000] {standard_task_runner.py:91} INFO - Job 8: Subtask extract
[2024-07-30T22:14:42.716+0000] {task_command.py:426} INFO - Running <TaskInstance: etl_dag.extract scheduled__2024-07-29T00:00:00+00:00 [running]> on host e057d748c18b
[2024-07-30T22:14:42.799+0000] {taskinstance.py:2648} INFO - Exporting env vars: AIRFLOW_CTX_DAG_OWNER='***' AIRFLOW_CTX_DAG_ID='etl_dag' AIRFLOW_CTX_TASK_ID='extract' AIRFLOW_CTX_EXECUTION_DATE='2024-07-29T00:00:00+00:00' AIRFLOW_CTX_TRY_NUMBER='1' AIRFLOW_CTX_DAG_RUN_ID='scheduled__2024-07-29T00:00:00+00:00'
[2024-07-30T22:14:42.801+0000] {taskinstance.py:430} INFO - ::endgroup::
[2024-07-30T22:14:42.808+0000] {taskinstance.py:441} INFO - ::group::Post task execution logs
[2024-07-30T22:14:42.815+0000] {taskinstance.py:2905} ERROR - Task failed with exception
Traceback (most recent call last):
  File "/home/airflow/.local/lib/python3.12/site-packages/airflow/models/taskinstance.py", line 465, in _execute_task
    result = _execute_callable(context=context, **execute_callable_kwargs)
             ^^^^^^^^^^^^^^^^^^^^^^^^^^^^^^^^^^^^^^^^^^^^^^^^^^^^^^^^^^^^^
  File "/home/airflow/.local/lib/python3.12/site-packages/airflow/models/taskinstance.py", line 432, in _execute_callable
    return execute_callable(context=context, **execute_callable_kwargs)
           ^^^^^^^^^^^^^^^^^^^^^^^^^^^^^^^^^^^^^^^^^^^^^^^^^^^^^^^^^^^^
  File "/home/airflow/.local/lib/python3.12/site-packages/airflow/models/baseoperator.py", line 401, in wrapper
    return func(self, *args, **kwargs)
           ^^^^^^^^^^^^^^^^^^^^^^^^^^^
  File "/home/airflow/.local/lib/python3.12/site-packages/airflow/operators/python.py", line 235, in execute
    return_value = self.execute_callable()
                   ^^^^^^^^^^^^^^^^^^^^^^^
  File "/home/airflow/.local/lib/python3.12/site-packages/airflow/operators/python.py", line 252, in execute_callable
    return self.python_callable(*self.op_args, **self.op_kwargs)
           ^^^^^^^^^^^^^^^^^^^^^^^^^^^^^^^^^^^^^^^^^^^^^^^^^^^^^
  File "/opt/airflow/dags/etl/extract.py", line 8, in extract_data
    connection = BaseHook.get_connection(conn_id)
                 ^^^^^^^^^^^^^^^^^^^^^^^^^^^^^^^^
  File "/home/airflow/.local/lib/python3.12/site-packages/airflow/hooks/base.py", line 83, in get_connection
    conn = Connection.get_connection_from_secrets(conn_id)
           ^^^^^^^^^^^^^^^^^^^^^^^^^^^^^^^^^^^^^^^^^^^^^^^
  File "/home/airflow/.local/lib/python3.12/site-packages/airflow/models/connection.py", line 519, in get_connection_from_secrets
    raise AirflowNotFoundException(f"The conn_id `{conn_id}` isn't defined")
airflow.exceptions.AirflowNotFoundException: The conn_id `my_api_connection` isn't defined
[2024-07-30T22:14:42.820+0000] {taskinstance.py:1206} INFO - Marking task as UP_FOR_RETRY. dag_id=etl_dag, task_id=extract, run_id=scheduled__2024-07-29T00:00:00+00:00, execution_date=20240729T000000, start_date=20240730T221442, end_date=20240730T221442
[2024-07-30T22:14:42.832+0000] {standard_task_runner.py:110} ERROR - Failed to execute job 8 for task extract (The conn_id `my_api_connection` isn't defined; 114)
[2024-07-30T22:14:42.840+0000] {local_task_job_runner.py:243} INFO - Task exited with return code 1
[2024-07-30T22:14:42.870+0000] {taskinstance.py:3503} INFO - 0 downstream tasks scheduled from follow-on schedule check
[2024-07-30T22:14:42.872+0000] {local_task_job_runner.py:222} INFO - ::endgroup::
