[2024-08-04T19:50:17.465+0000] {local_task_job_runner.py:120} INFO - ::group::Pre task execution logs
[2024-08-04T19:50:17.484+0000] {taskinstance.py:2076} INFO - Dependencies all met for dep_context=non-requeueable deps ti=<TaskInstance: etl_dag.Carga_Dimensao_user_type scheduled__2024-08-04T19:40:00+00:00 [queued]>
[2024-08-04T19:50:17.489+0000] {taskinstance.py:2076} INFO - Dependencies all met for dep_context=requeueable deps ti=<TaskInstance: etl_dag.Carga_Dimensao_user_type scheduled__2024-08-04T19:40:00+00:00 [queued]>
[2024-08-04T19:50:17.489+0000] {taskinstance.py:2306} INFO - Starting attempt 1 of 6
[2024-08-04T19:50:17.499+0000] {taskinstance.py:2330} INFO - Executing <Task(PythonOperator): Carga_Dimensao_user_type> on 2024-08-04 19:40:00+00:00
[2024-08-04T19:50:17.506+0000] {warnings.py:112} WARNING - /home/***/.local/lib/python3.12/site-packages/***/task/task_runner/standard_task_runner.py:62: DeprecationWarning: This process (pid=1707) is multi-threaded, use of fork() may lead to deadlocks in the child.
  pid = os.fork()

[2024-08-04T19:50:17.508+0000] {standard_task_runner.py:64} INFO - Started process 1709 to run task
[2024-08-04T19:50:17.508+0000] {standard_task_runner.py:90} INFO - Running: ['***', 'tasks', 'run', 'etl_dag', 'Carga_Dimensao_user_type', 'scheduled__2024-08-04T19:40:00+00:00', '--job-id', '868', '--raw', '--subdir', 'DAGS_FOLDER/etl_dag.py', '--cfg-path', '/tmp/tmpjah2id1o']
[2024-08-04T19:50:17.511+0000] {standard_task_runner.py:91} INFO - Job 868: Subtask Carga_Dimensao_user_type
[2024-08-04T19:50:17.547+0000] {task_command.py:426} INFO - Running <TaskInstance: etl_dag.Carga_Dimensao_user_type scheduled__2024-08-04T19:40:00+00:00 [running]> on host 83ccd21ce624
[2024-08-04T19:50:17.628+0000] {taskinstance.py:2648} INFO - Exporting env vars: AIRFLOW_CTX_DAG_OWNER='Gabriel Almeida' AIRFLOW_CTX_DAG_ID='etl_dag' AIRFLOW_CTX_TASK_ID='Carga_Dimensao_user_type' AIRFLOW_CTX_EXECUTION_DATE='2024-08-04T19:40:00+00:00' AIRFLOW_CTX_TRY_NUMBER='1' AIRFLOW_CTX_DAG_RUN_ID='scheduled__2024-08-04T19:40:00+00:00'
[2024-08-04T19:50:17.630+0000] {taskinstance.py:430} INFO - ::endgroup::
[2024-08-04T19:50:17.790+0000] {base.py:84} INFO - Using connection ID 'postgres_conn' for task execution.
[2024-08-04T19:50:17.834+0000] {logging_mixin.py:188} INFO - Dados inseridos na tabela DimUserType com sucesso.
[2024-08-04T19:50:17.834+0000] {python.py:237} INFO - Done. Returned value was: None
[2024-08-04T19:50:17.835+0000] {taskinstance.py:441} INFO - ::group::Post task execution logs
[2024-08-04T19:50:17.844+0000] {taskinstance.py:1206} INFO - Marking task as SUCCESS. dag_id=etl_dag, task_id=Carga_Dimensao_user_type, run_id=scheduled__2024-08-04T19:40:00+00:00, execution_date=20240804T194000, start_date=20240804T195017, end_date=20240804T195017
[2024-08-04T19:50:17.870+0000] {local_task_job_runner.py:243} INFO - Task exited with return code 0
[2024-08-04T19:50:17.894+0000] {taskinstance.py:3503} INFO - 0 downstream tasks scheduled from follow-on schedule check
[2024-08-04T19:50:17.895+0000] {local_task_job_runner.py:222} INFO - ::endgroup::
