[2024-07-31T02:04:32.962+0000] {local_task_job_runner.py:120} INFO - ::group::Pre task execution logs
[2024-07-31T02:04:32.973+0000] {taskinstance.py:2076} INFO - Dependencies all met for dep_context=non-requeueable deps ti=<TaskInstance: etl_dag.transform_data manual__2024-07-31T02:04:28.944584+00:00 [queued]>
[2024-07-31T02:04:32.976+0000] {taskinstance.py:2076} INFO - Dependencies all met for dep_context=requeueable deps ti=<TaskInstance: etl_dag.transform_data manual__2024-07-31T02:04:28.944584+00:00 [queued]>
[2024-07-31T02:04:32.977+0000] {taskinstance.py:2306} INFO - Starting attempt 1 of 2
[2024-07-31T02:04:32.983+0000] {taskinstance.py:2330} INFO - Executing <Task(PythonOperator): transform_data> on 2024-07-31 02:04:28.944584+00:00
[2024-07-31T02:04:32.992+0000] {warnings.py:112} WARNING - /home/***/.local/lib/python3.12/site-packages/***/task/task_runner/standard_task_runner.py:62: DeprecationWarning: This process (pid=310) is multi-threaded, use of fork() may lead to deadlocks in the child.
  pid = os.fork()

[2024-07-31T02:04:32.994+0000] {standard_task_runner.py:64} INFO - Started process 312 to run task
[2024-07-31T02:04:32.994+0000] {standard_task_runner.py:90} INFO - Running: ['***', 'tasks', 'run', 'etl_dag', 'transform_data', 'manual__2024-07-31T02:04:28.944584+00:00', '--job-id', '77', '--raw', '--subdir', 'DAGS_FOLDER/etl_dag.py', '--cfg-path', '/tmp/tmp2u32ru3p']
[2024-07-31T02:04:32.995+0000] {standard_task_runner.py:91} INFO - Job 77: Subtask transform_data
[2024-07-31T02:04:33.029+0000] {task_command.py:426} INFO - Running <TaskInstance: etl_dag.transform_data manual__2024-07-31T02:04:28.944584+00:00 [running]> on host 742a5a66f118
[2024-07-31T02:04:33.108+0000] {taskinstance.py:2648} INFO - Exporting env vars: AIRFLOW_CTX_DAG_OWNER='Gabriel Almeida' AIRFLOW_CTX_DAG_ID='etl_dag' AIRFLOW_CTX_TASK_ID='transform_data' AIRFLOW_CTX_EXECUTION_DATE='2024-07-31T02:04:28.944584+00:00' AIRFLOW_CTX_TRY_NUMBER='1' AIRFLOW_CTX_DAG_RUN_ID='manual__2024-07-31T02:04:28.944584+00:00'
[2024-07-31T02:04:33.110+0000] {taskinstance.py:430} INFO - ::endgroup::
[2024-07-31T02:04:33.129+0000] {logging_mixin.py:188} INFO - DataFrame:
[2024-07-31T02:04:33.143+0000] {logging_mixin.py:188} INFO -         id  id_campaign  ...                      opened_at clicked_at
0  1826658         1157  ...  2024-07-29T18:54:25.000-03:00       None
1  1826659         1150  ...  2024-07-29T18:26:58.000-03:00       None
2  1826660         1150  ...  2024-07-29T18:26:57.000-03:00       None
3  1826661         1157  ...  2024-07-29T18:27:00.000-03:00       None
4  1826662         1157  ...  2024-07-30T01:13:48.000-03:00       None

[5 rows x 12 columns]
[2024-07-31T02:04:33.164+0000] {crypto.py:82} WARNING - empty cryptography key - values will not be stored encrypted.
[2024-07-31T02:04:33.167+0000] {logging_mixin.py:188} INFO - 1827657
[2024-07-31T02:04:33.168+0000] {python.py:237} INFO - Done. Returned value was:           id  id_campaign  ...                      opened_at clicked_at
0    1826658         1157  ...  2024-07-29T18:54:25.000-03:00       None
1    1826659         1150  ...  2024-07-29T18:26:58.000-03:00       None
2    1826660         1150  ...  2024-07-29T18:26:57.000-03:00       None
3    1826661         1157  ...  2024-07-29T18:27:00.000-03:00       None
4    1826662         1157  ...  2024-07-30T01:13:48.000-03:00       None
..       ...          ...  ...                            ...        ...
577  1827235         2620  ...  2024-07-30T17:00:40.000-03:00       None
578  1827236         2620  ...  2024-07-30T18:05:46.000-03:00       None
579  1827237         1198  ...                           None       None
580  1827238         1198  ...                           None       None
581  1827239         1198  ...                           None       None

[582 rows x 12 columns]
[2024-07-31T02:04:33.180+0000] {taskinstance.py:441} INFO - ::group::Post task execution logs
[2024-07-31T02:04:33.214+0000] {taskinstance.py:1206} INFO - Marking task as SUCCESS. dag_id=etl_dag, task_id=transform_data, run_id=manual__2024-07-31T02:04:28.944584+00:00, execution_date=20240731T020428, start_date=20240731T020432, end_date=20240731T020433
[2024-07-31T02:04:33.261+0000] {local_task_job_runner.py:243} INFO - Task exited with return code 0
[2024-07-31T02:04:33.291+0000] {taskinstance.py:3503} INFO - 1 downstream tasks scheduled from follow-on schedule check
[2024-07-31T02:04:33.292+0000] {local_task_job_runner.py:222} INFO - ::endgroup::
