[2024-08-02T09:40:03.501+0000] {local_task_job_runner.py:120} INFO - ::group::Pre task execution logs
[2024-08-02T09:40:03.513+0000] {taskinstance.py:2076} INFO - Dependencies all met for dep_context=non-requeueable deps ti=<TaskInstance: etl_dag.transform_data scheduled__2024-08-02T09:30:00+00:00 [queued]>
[2024-08-02T09:40:03.521+0000] {taskinstance.py:2076} INFO - Dependencies all met for dep_context=requeueable deps ti=<TaskInstance: etl_dag.transform_data scheduled__2024-08-02T09:30:00+00:00 [queued]>
[2024-08-02T09:40:03.521+0000] {taskinstance.py:2306} INFO - Starting attempt 1 of 6
[2024-08-02T09:40:03.531+0000] {taskinstance.py:2330} INFO - Executing <Task(PythonOperator): transform_data> on 2024-08-02 09:30:00+00:00
[2024-08-02T09:40:03.538+0000] {warnings.py:112} WARNING - /home/***/.local/lib/python3.12/site-packages/***/task/task_runner/standard_task_runner.py:62: DeprecationWarning: This process (pid=334) is multi-threaded, use of fork() may lead to deadlocks in the child.
  pid = os.fork()

[2024-08-02T09:40:03.540+0000] {standard_task_runner.py:64} INFO - Started process 336 to run task
[2024-08-02T09:40:03.540+0000] {standard_task_runner.py:90} INFO - Running: ['***', 'tasks', 'run', 'etl_dag', 'transform_data', 'scheduled__2024-08-02T09:30:00+00:00', '--job-id', '180', '--raw', '--subdir', 'DAGS_FOLDER/etl_dag.py', '--cfg-path', '/tmp/tmp2p9q_1o8']
[2024-08-02T09:40:03.541+0000] {standard_task_runner.py:91} INFO - Job 180: Subtask transform_data
[2024-08-02T09:40:03.615+0000] {task_command.py:426} INFO - Running <TaskInstance: etl_dag.transform_data scheduled__2024-08-02T09:30:00+00:00 [running]> on host 69633e19c226
[2024-08-02T09:40:03.744+0000] {taskinstance.py:2648} INFO - Exporting env vars: AIRFLOW_CTX_DAG_OWNER='Gabriel Almeida' AIRFLOW_CTX_DAG_ID='etl_dag' AIRFLOW_CTX_TASK_ID='transform_data' AIRFLOW_CTX_EXECUTION_DATE='2024-08-02T09:30:00+00:00' AIRFLOW_CTX_TRY_NUMBER='1' AIRFLOW_CTX_DAG_RUN_ID='scheduled__2024-08-02T09:30:00+00:00'
[2024-08-02T09:40:03.746+0000] {taskinstance.py:430} INFO - ::endgroup::
[2024-08-02T09:40:03.764+0000] {logging_mixin.py:188} INFO - DataFrame:
[2024-08-02T09:40:03.776+0000] {logging_mixin.py:188} INFO -         id  id_campaign  ...                      opened_at clicked_at
0  1821658         2607  ...                           None       None
1  1821659         2602  ...                           None       None
2  1821660         2607  ...                           None       None
3  1821661         2607  ...  2024-07-23T14:18:53.000-03:00       None
4  1821662         2602  ...  2024-07-29T21:52:42.000-03:00       None

[5 rows x 12 columns]
[2024-08-02T09:40:03.788+0000] {crypto.py:82} WARNING - empty cryptography key - values will not be stored encrypted.
[2024-08-02T09:40:03.790+0000] {python.py:237} INFO - Done. Returned value was:           id  id_campaign  ...                      opened_at clicked_at
0    1821658         2607  ...                           None       None
1    1821659         2602  ...                           None       None
2    1821660         2607  ...                           None       None
3    1821661         2607  ...  2024-07-23T14:18:53.000-03:00       None
4    1821662         2602  ...  2024-07-29T21:52:42.000-03:00       None
..       ...          ...  ...                            ...        ...
995  1822653         2517  ...  2024-07-23T18:43:21.000-03:00       None
996  1822654         2517  ...  2024-07-23T18:43:22.000-03:00       None
997  1822655         2517  ...                           None       None
998  1822656         2517  ...                           None       None
999  1822657         2517  ...                           None       None

[1000 rows x 12 columns]
[2024-08-02T09:40:03.815+0000] {taskinstance.py:441} INFO - ::group::Post task execution logs
[2024-08-02T09:40:03.857+0000] {taskinstance.py:1206} INFO - Marking task as SUCCESS. dag_id=etl_dag, task_id=transform_data, run_id=scheduled__2024-08-02T09:30:00+00:00, execution_date=20240802T093000, start_date=20240802T094003, end_date=20240802T094003
[2024-08-02T09:40:03.889+0000] {local_task_job_runner.py:243} INFO - Task exited with return code 0
[2024-08-02T09:40:03.907+0000] {warnings.py:112} WARNING - /home/***/.local/lib/python3.12/site-packages/***/models/baseoperator.py:1297: AirflowProviderDeprecationWarning: Call to deprecated class PostgresOperator. (Please use `***.providers.common.sql.operators.sql.SQLExecuteQueryOperator`.Also, you can provide `hook_params={'schema': <database>}`.)
  result = cls.__new__(cls)

[2024-08-02T09:40:03.926+0000] {taskinstance.py:3503} INFO - 1 downstream tasks scheduled from follow-on schedule check
[2024-08-02T09:40:03.927+0000] {local_task_job_runner.py:222} INFO - ::endgroup::
