[2024-08-05T00:20:13.417+0000] {local_task_job_runner.py:120} INFO - ::group::Pre task execution logs
[2024-08-05T00:20:13.478+0000] {taskinstance.py:2076} INFO - Dependencies all met for dep_context=non-requeueable deps ti=<TaskInstance: etl_dag.carga_fatoemailmarketing manual__2024-08-05T00:19:44.711711+00:00 [queued]>
[2024-08-05T00:20:13.514+0000] {taskinstance.py:2076} INFO - Dependencies all met for dep_context=requeueable deps ti=<TaskInstance: etl_dag.carga_fatoemailmarketing manual__2024-08-05T00:19:44.711711+00:00 [queued]>
[2024-08-05T00:20:13.523+0000] {taskinstance.py:2306} INFO - Starting attempt 1 of 6
[2024-08-05T00:20:13.570+0000] {taskinstance.py:2330} INFO - Executing <Task(PythonOperator): carga_fatoemailmarketing> on 2024-08-05 00:19:44.711711+00:00
[2024-08-05T00:20:13.613+0000] {standard_task_runner.py:90} INFO - Running: ['***', 'tasks', 'run', 'etl_dag', 'carga_fatoemailmarketing', 'manual__2024-08-05T00:19:44.711711+00:00', '--job-id', '1556', '--raw', '--subdir', 'DAGS_FOLDER/etl_dag.py', '--cfg-path', '/tmp/tmpb1sqoade']
[2024-08-05T00:20:13.618+0000] {standard_task_runner.py:91} INFO - Job 1556: Subtask carga_fatoemailmarketing
[2024-08-05T00:20:13.612+0000] {warnings.py:112} WARNING - /home/***/.local/lib/python3.12/site-packages/***/task/task_runner/standard_task_runner.py:62: DeprecationWarning: This process (pid=4472) is multi-threaded, use of fork() may lead to deadlocks in the child.
  pid = os.fork()

[2024-08-05T00:20:13.622+0000] {standard_task_runner.py:64} INFO - Started process 4486 to run task
[2024-08-05T00:20:13.777+0000] {task_command.py:426} INFO - Running <TaskInstance: etl_dag.carga_fatoemailmarketing manual__2024-08-05T00:19:44.711711+00:00 [running]> on host 88edf8e2824b
[2024-08-05T00:20:13.991+0000] {taskinstance.py:2648} INFO - Exporting env vars: AIRFLOW_CTX_DAG_OWNER='Gabriel Almeida' AIRFLOW_CTX_DAG_ID='etl_dag' AIRFLOW_CTX_TASK_ID='carga_fatoemailmarketing' AIRFLOW_CTX_EXECUTION_DATE='2024-08-05T00:19:44.711711+00:00' AIRFLOW_CTX_TRY_NUMBER='1' AIRFLOW_CTX_DAG_RUN_ID='manual__2024-08-05T00:19:44.711711+00:00'
[2024-08-05T00:20:13.997+0000] {taskinstance.py:430} INFO - ::endgroup::
[2024-08-05T00:20:14.262+0000] {base.py:84} INFO - Using connection ID 'postgres_conn' for task execution.
[2024-08-05T00:20:14.367+0000] {python.py:237} INFO - Done. Returned value was: None
[2024-08-05T00:20:14.368+0000] {taskinstance.py:441} INFO - ::group::Post task execution logs
[2024-08-05T00:20:14.386+0000] {taskinstance.py:1206} INFO - Marking task as SUCCESS. dag_id=etl_dag, task_id=carga_fatoemailmarketing, run_id=manual__2024-08-05T00:19:44.711711+00:00, execution_date=20240805T001944, start_date=20240805T002013, end_date=20240805T002014
[2024-08-05T00:20:14.449+0000] {local_task_job_runner.py:243} INFO - Task exited with return code 0
[2024-08-05T00:20:14.510+0000] {taskinstance.py:3503} INFO - 0 downstream tasks scheduled from follow-on schedule check
[2024-08-05T00:20:14.512+0000] {local_task_job_runner.py:222} INFO - ::endgroup::
