[2024-07-31T00:04:50.915+0000] {local_task_job_runner.py:120} INFO - ::group::Pre task execution logs
[2024-07-31T00:04:50.924+0000] {taskinstance.py:2076} INFO - Dependencies all met for dep_context=non-requeueable deps ti=<TaskInstance: etl_dag.transform_data manual__2024-07-31T00:04:46.728457+00:00 [queued]>
[2024-07-31T00:04:50.927+0000] {taskinstance.py:2076} INFO - Dependencies all met for dep_context=requeueable deps ti=<TaskInstance: etl_dag.transform_data manual__2024-07-31T00:04:46.728457+00:00 [queued]>
[2024-07-31T00:04:50.927+0000] {taskinstance.py:2306} INFO - Starting attempt 1 of 2
[2024-07-31T00:04:50.933+0000] {taskinstance.py:2330} INFO - Executing <Task(PythonOperator): transform_data> on 2024-07-31 00:04:46.728457+00:00
[2024-07-31T00:04:50.938+0000] {warnings.py:112} WARNING - /home/***/.local/lib/python3.12/site-packages/***/task/task_runner/standard_task_runner.py:62: DeprecationWarning: This process (pid=872) is multi-threaded, use of fork() may lead to deadlocks in the child.
  pid = os.fork()

[2024-07-31T00:04:50.939+0000] {standard_task_runner.py:64} INFO - Started process 874 to run task
[2024-07-31T00:04:50.938+0000] {standard_task_runner.py:90} INFO - Running: ['***', 'tasks', 'run', 'etl_dag', 'transform_data', 'manual__2024-07-31T00:04:46.728457+00:00', '--job-id', '38', '--raw', '--subdir', 'DAGS_FOLDER/etl_dag.py', '--cfg-path', '/tmp/tmpd08bxjcm']
[2024-07-31T00:04:50.940+0000] {standard_task_runner.py:91} INFO - Job 38: Subtask transform_data
[2024-07-31T00:04:50.977+0000] {task_command.py:426} INFO - Running <TaskInstance: etl_dag.transform_data manual__2024-07-31T00:04:46.728457+00:00 [running]> on host bb49ef30ae89
[2024-07-31T00:04:51.029+0000] {taskinstance.py:2648} INFO - Exporting env vars: AIRFLOW_CTX_DAG_OWNER='Gabriel Almeida' AIRFLOW_CTX_DAG_ID='etl_dag' AIRFLOW_CTX_TASK_ID='transform_data' AIRFLOW_CTX_EXECUTION_DATE='2024-07-31T00:04:46.728457+00:00' AIRFLOW_CTX_TRY_NUMBER='1' AIRFLOW_CTX_DAG_RUN_ID='manual__2024-07-31T00:04:46.728457+00:00'
[2024-07-31T00:04:51.030+0000] {taskinstance.py:430} INFO - ::endgroup::
[2024-07-31T00:04:51.045+0000] {logging_mixin.py:188} INFO - DataFrame:
[2024-07-31T00:04:51.053+0000] {logging_mixin.py:188} INFO -         id  id_campaign  ...                      opened_at clicked_at
0  1815658         1142  ...  2024-07-17T06:41:13.000-03:00       None
1  1815659         1142  ...                           None       None
2  1815660         1142  ...                           None       None
3  1815661         1142  ...                           None       None
4  1815662         1142  ...  2024-07-17T05:34:55.000-03:00       None

[5 rows x 12 columns]
[2024-07-31T00:04:51.063+0000] {crypto.py:82} WARNING - empty cryptography key - values will not be stored encrypted.
[2024-07-31T00:04:51.065+0000] {logging_mixin.py:188} INFO - 1816657
[2024-07-31T00:04:51.065+0000] {python.py:237} INFO - Done. Returned value was:           id  id_campaign  ...                      opened_at clicked_at
0    1815658         1142  ...  2024-07-17T06:41:13.000-03:00       None
1    1815659         1142  ...                           None       None
2    1815660         1142  ...                           None       None
3    1815661         1142  ...                           None       None
4    1815662         1142  ...  2024-07-17T05:34:55.000-03:00       None
..       ...          ...  ...                            ...        ...
995  1816653         2545  ...                           None       None
996  1816654         2545  ...                           None       None
997  1816655         2545  ...                           None       None
998  1816656         2545  ...                           None       None
999  1816657         2545  ...                           None       None

[1000 rows x 12 columns]
[2024-07-31T00:04:51.073+0000] {taskinstance.py:441} INFO - ::group::Post task execution logs
[2024-07-31T00:04:51.103+0000] {taskinstance.py:1206} INFO - Marking task as SUCCESS. dag_id=etl_dag, task_id=transform_data, run_id=manual__2024-07-31T00:04:46.728457+00:00, execution_date=20240731T000446, start_date=20240731T000450, end_date=20240731T000451
[2024-07-31T00:04:51.121+0000] {local_task_job_runner.py:243} INFO - Task exited with return code 0
[2024-07-31T00:04:51.134+0000] {taskinstance.py:3503} INFO - 1 downstream tasks scheduled from follow-on schedule check
[2024-07-31T00:04:51.135+0000] {local_task_job_runner.py:222} INFO - ::endgroup::
