[2024-08-02T09:55:22.476+0000] {local_task_job_runner.py:120} INFO - ::group::Pre task execution logs
[2024-08-02T09:55:22.485+0000] {taskinstance.py:2076} INFO - Dependencies all met for dep_context=non-requeueable deps ti=<TaskInstance: etl_dag.transform_data manual__2024-08-02T09:55:18.671125+00:00 [queued]>
[2024-08-02T09:55:22.488+0000] {taskinstance.py:2076} INFO - Dependencies all met for dep_context=requeueable deps ti=<TaskInstance: etl_dag.transform_data manual__2024-08-02T09:55:18.671125+00:00 [queued]>
[2024-08-02T09:55:22.489+0000] {taskinstance.py:2306} INFO - Starting attempt 1 of 6
[2024-08-02T09:55:22.494+0000] {taskinstance.py:2330} INFO - Executing <Task(PythonOperator): transform_data> on 2024-08-02 09:55:18.671125+00:00
[2024-08-02T09:55:22.502+0000] {standard_task_runner.py:90} INFO - Running: ['***', 'tasks', 'run', 'etl_dag', 'transform_data', 'manual__2024-08-02T09:55:18.671125+00:00', '--job-id', '229', '--raw', '--subdir', 'DAGS_FOLDER/etl_dag.py', '--cfg-path', '/tmp/tmpmu5a72c9']
[2024-08-02T09:55:22.507+0000] {standard_task_runner.py:91} INFO - Job 229: Subtask transform_data
[2024-08-02T09:55:22.502+0000] {warnings.py:112} WARNING - /home/***/.local/lib/python3.12/site-packages/***/task/task_runner/standard_task_runner.py:62: DeprecationWarning: This process (pid=745) is multi-threaded, use of fork() may lead to deadlocks in the child.
  pid = os.fork()

[2024-08-02T09:55:22.511+0000] {standard_task_runner.py:64} INFO - Started process 747 to run task
[2024-08-02T09:55:22.539+0000] {task_command.py:426} INFO - Running <TaskInstance: etl_dag.transform_data manual__2024-08-02T09:55:18.671125+00:00 [running]> on host 69633e19c226
[2024-08-02T09:55:22.617+0000] {taskinstance.py:2648} INFO - Exporting env vars: AIRFLOW_CTX_DAG_OWNER='Gabriel Almeida' AIRFLOW_CTX_DAG_ID='etl_dag' AIRFLOW_CTX_TASK_ID='transform_data' AIRFLOW_CTX_EXECUTION_DATE='2024-08-02T09:55:18.671125+00:00' AIRFLOW_CTX_TRY_NUMBER='1' AIRFLOW_CTX_DAG_RUN_ID='manual__2024-08-02T09:55:18.671125+00:00'
[2024-08-02T09:55:22.619+0000] {taskinstance.py:430} INFO - ::endgroup::
[2024-08-02T09:55:22.634+0000] {logging_mixin.py:188} INFO - DataFrame:
[2024-08-02T09:55:22.657+0000] {logging_mixin.py:188} INFO -         id  id_campaign  ...                      opened_at clicked_at
0  1827658         1144  ...                           None       None
1  1827659         1144  ...                           None       None
2  1827660         1144  ...  2024-08-01T01:09:09.000-03:00       None
3  1827661         1144  ...                           None       None
4  1827662         1144  ...  2024-08-01T01:09:13.000-03:00       None

[5 rows x 12 columns]
[2024-08-02T09:55:22.703+0000] {crypto.py:82} WARNING - empty cryptography key - values will not be stored encrypted.
[2024-08-02T09:55:22.707+0000] {python.py:237} INFO - Done. Returned value was:           id  id_campaign  ...                      opened_at clicked_at
0    1827658         1144  ...                           None       None
1    1827659         1144  ...                           None       None
2    1827660         1144  ...  2024-08-01T01:09:09.000-03:00       None
3    1827661         1144  ...                           None       None
4    1827662         1144  ...  2024-08-01T01:09:13.000-03:00       None
..       ...          ...  ...                            ...        ...
206  1827864         1140  ...  2024-08-01T22:36:06.000-03:00       None
207  1827865         1140  ...  2024-08-01T22:36:16.000-03:00       None
208  1827866         1179  ...                           None       None
209  1827867         1179  ...                           None       None
210  1827868         1179  ...                           None       None

[211 rows x 12 columns]
[2024-08-02T09:55:22.724+0000] {taskinstance.py:441} INFO - ::group::Post task execution logs
[2024-08-02T09:55:22.803+0000] {taskinstance.py:1206} INFO - Marking task as SUCCESS. dag_id=etl_dag, task_id=transform_data, run_id=manual__2024-08-02T09:55:18.671125+00:00, execution_date=20240802T095518, start_date=20240802T095522, end_date=20240802T095522
[2024-08-02T09:55:22.864+0000] {local_task_job_runner.py:243} INFO - Task exited with return code 0
[2024-08-02T09:55:22.898+0000] {warnings.py:112} WARNING - /home/***/.local/lib/python3.12/site-packages/***/models/baseoperator.py:1297: AirflowProviderDeprecationWarning: Call to deprecated class PostgresOperator. (Please use `***.providers.common.sql.operators.sql.SQLExecuteQueryOperator`.Also, you can provide `hook_params={'schema': <database>}`.)
  result = cls.__new__(cls)

[2024-08-02T09:55:22.933+0000] {taskinstance.py:3503} INFO - 1 downstream tasks scheduled from follow-on schedule check
[2024-08-02T09:55:22.934+0000] {local_task_job_runner.py:222} INFO - ::endgroup::
