[2024-08-03T15:54:47.297+0000] {local_task_job_runner.py:120} INFO - ::group::Pre task execution logs
[2024-08-03T15:54:47.554+0000] {taskinstance.py:2076} INFO - Dependencies all met for dep_context=non-requeueable deps ti=<TaskInstance: etl_dag.extract_api scheduled__2024-08-03T09:00:00+00:00 [queued]>
[2024-08-03T15:54:47.637+0000] {taskinstance.py:2076} INFO - Dependencies all met for dep_context=requeueable deps ti=<TaskInstance: etl_dag.extract_api scheduled__2024-08-03T09:00:00+00:00 [queued]>
[2024-08-03T15:54:47.648+0000] {taskinstance.py:2306} INFO - Starting attempt 6 of 6
[2024-08-03T15:54:48.519+0000] {taskinstance.py:2330} INFO - Executing <Task(SimpleHttpOperator): extract_api> on 2024-08-03 09:00:00+00:00
[2024-08-03T15:54:48.978+0000] {warnings.py:112} WARNING - /home/***/.local/lib/python3.12/site-packages/***/task/task_runner/standard_task_runner.py:62: DeprecationWarning: This process (pid=3096) is multi-threaded, use of fork() may lead to deadlocks in the child.
  pid = os.fork()

[2024-08-03T15:54:49.009+0000] {standard_task_runner.py:64} INFO - Started process 3118 to run task
[2024-08-03T15:54:49.268+0000] {standard_task_runner.py:90} INFO - Running: ['***', 'tasks', 'run', 'etl_dag', 'extract_api', 'scheduled__2024-08-03T09:00:00+00:00', '--job-id', '570', '--raw', '--subdir', 'DAGS_FOLDER/etl_dag.py', '--cfg-path', '/tmp/tmp16x915i2']
[2024-08-03T15:54:49.289+0000] {standard_task_runner.py:91} INFO - Job 570: Subtask extract_api
[2024-08-03T15:54:53.911+0000] {task_command.py:426} INFO - Running <TaskInstance: etl_dag.extract_api scheduled__2024-08-03T09:00:00+00:00 [running]> on host 69633e19c226
[2024-08-03T15:54:57.478+0000] {taskinstance.py:2648} INFO - Exporting env vars: AIRFLOW_CTX_DAG_OWNER='Gabriel Almeida' AIRFLOW_CTX_DAG_ID='etl_dag' AIRFLOW_CTX_TASK_ID='extract_api' AIRFLOW_CTX_EXECUTION_DATE='2024-08-03T09:00:00+00:00' AIRFLOW_CTX_TRY_NUMBER='6' AIRFLOW_CTX_DAG_RUN_ID='scheduled__2024-08-03T09:00:00+00:00'
[2024-08-03T15:54:57.603+0000] {taskinstance.py:430} INFO - ::endgroup::
[2024-08-03T15:54:57.614+0000] {http.py:173} INFO - Calling HTTP method
[2024-08-03T15:54:57.998+0000] {base.py:84} INFO - Using connection ID 'api_connection' for task execution.
[2024-08-03T15:54:58.296+0000] {base.py:84} INFO - Using connection ID 'api_connection' for task execution.
[2024-08-03T15:54:59.358+0000] {http.py:200} ERROR - HTTP error: Unauthorized
[2024-08-03T15:54:59.374+0000] {http.py:201} ERROR - {"response":{"message":"Não foram encontrados valores!"}}
[2024-08-03T15:54:59.387+0000] {taskinstance.py:441} INFO - ::group::Post task execution logs
[2024-08-03T15:55:00.186+0000] {local_task_job_runner.py:243} INFO - Task exited with return code 0
[2024-08-03T15:55:00.643+0000] {warnings.py:112} WARNING - /home/***/.local/lib/python3.12/site-packages/***/models/baseoperator.py:1297: AirflowProviderDeprecationWarning: Call to deprecated class PostgresOperator. (Please use `***.providers.common.sql.operators.sql.SQLExecuteQueryOperator`.Also, you can provide `hook_params={'schema': <database>}`.)
  result = cls.__new__(cls)

[2024-08-03T15:55:00.663+0000] {warnings.py:112} WARNING - /home/***/.local/lib/python3.12/site-packages/***/models/baseoperator.py:1297: AirflowProviderDeprecationWarning: Call to deprecated class SimpleHttpOperator. (Class `SimpleHttpOperator` is deprecated and will be removed in a future release. Please use `HttpOperator` instead.)
  result = cls.__new__(cls)

[2024-08-03T15:55:00.906+0000] {taskinstance.py:3503} INFO - 0 downstream tasks scheduled from follow-on schedule check
[2024-08-03T15:55:00.958+0000] {local_task_job_runner.py:222} INFO - ::endgroup::
