[2024-08-04T22:00:06.138+0000] {local_task_job_runner.py:120} INFO - ::group::Pre task execution logs
[2024-08-04T22:00:06.156+0000] {taskinstance.py:2076} INFO - Dependencies all met for dep_context=non-requeueable deps ti=<TaskInstance: etl_dag.transform_data scheduled__2024-08-04T21:50:00+00:00 [queued]>
[2024-08-04T22:00:06.161+0000] {taskinstance.py:2076} INFO - Dependencies all met for dep_context=requeueable deps ti=<TaskInstance: etl_dag.transform_data scheduled__2024-08-04T21:50:00+00:00 [queued]>
[2024-08-04T22:00:06.161+0000] {taskinstance.py:2306} INFO - Starting attempt 1 of 6
[2024-08-04T22:00:06.168+0000] {taskinstance.py:2330} INFO - Executing <Task(PythonOperator): transform_data> on 2024-08-04 21:50:00+00:00
[2024-08-04T22:00:06.177+0000] {warnings.py:112} WARNING - /home/***/.local/lib/python3.12/site-packages/***/task/task_runner/standard_task_runner.py:62: DeprecationWarning: This process (pid=4750) is multi-threaded, use of fork() may lead to deadlocks in the child.
  pid = os.fork()

[2024-08-04T22:00:06.178+0000] {standard_task_runner.py:90} INFO - Running: ['***', 'tasks', 'run', 'etl_dag', 'transform_data', 'scheduled__2024-08-04T21:50:00+00:00', '--job-id', '1094', '--raw', '--subdir', 'DAGS_FOLDER/etl_dag.py', '--cfg-path', '/tmp/tmp4w9obowh']
[2024-08-04T22:00:06.180+0000] {standard_task_runner.py:91} INFO - Job 1094: Subtask transform_data
[2024-08-04T22:00:06.179+0000] {standard_task_runner.py:64} INFO - Started process 4752 to run task
[2024-08-04T22:00:06.252+0000] {task_command.py:426} INFO - Running <TaskInstance: etl_dag.transform_data scheduled__2024-08-04T21:50:00+00:00 [running]> on host 83ccd21ce624
[2024-08-04T22:00:06.320+0000] {taskinstance.py:2648} INFO - Exporting env vars: AIRFLOW_CTX_DAG_OWNER='Gabriel Almeida' AIRFLOW_CTX_DAG_ID='etl_dag' AIRFLOW_CTX_TASK_ID='transform_data' AIRFLOW_CTX_EXECUTION_DATE='2024-08-04T21:50:00+00:00' AIRFLOW_CTX_TRY_NUMBER='1' AIRFLOW_CTX_DAG_RUN_ID='scheduled__2024-08-04T21:50:00+00:00'
[2024-08-04T22:00:06.323+0000] {taskinstance.py:430} INFO - ::endgroup::
[2024-08-04T22:00:06.335+0000] {logging_mixin.py:188} INFO - DataFrame:
[2024-08-04T22:00:06.356+0000] {logging_mixin.py:188} INFO -         id  id_campaign  ...                      opened_at clicked_at
0  1811708         1140  ...                           None       None
1  1811709         1140  ...  2024-07-08T03:36:49.000-03:00       None
2  1811710         1140  ...                           None       None
3  1811711         1140  ...  2024-07-08T03:36:50.000-03:00       None
4  1811712         1140  ...  2024-07-08T18:12:28.000-03:00       None
5  1811713         1140  ...                           None       None
6  1811714         1140  ...  2024-07-08T03:36:54.000-03:00       None
7  1811715         1140  ...                           None       None
8  1811716         1140  ...  2024-07-08T03:37:13.000-03:00       None
9  1811717         1140  ...  2024-07-08T03:37:20.000-03:00       None

[10 rows x 12 columns]
[2024-08-04T22:00:06.357+0000] {logging_mixin.py:188} INFO - id             10
id_campaign    10
campaign       10
company        10
user_type      10
to             10
mailer         10
subject        10
sent_at        10
token          10
opened_at       6
clicked_at      0
dtype: int64
[2024-08-04T22:00:06.368+0000] {crypto.py:82} WARNING - empty cryptography key - values will not be stored encrypted.
[2024-08-04T22:00:06.371+0000] {python.py:237} INFO - Done. Returned value was:         id  id_campaign  ...                      opened_at clicked_at
0  1811708         1140  ...                           None       None
1  1811709         1140  ...  2024-07-08T03:36:49.000-03:00       None
2  1811710         1140  ...                           None       None
3  1811711         1140  ...  2024-07-08T03:36:50.000-03:00       None
4  1811712         1140  ...  2024-07-08T18:12:28.000-03:00       None
5  1811713         1140  ...                           None       None
6  1811714         1140  ...  2024-07-08T03:36:54.000-03:00       None
7  1811715         1140  ...                           None       None
8  1811716         1140  ...  2024-07-08T03:37:13.000-03:00       None
9  1811717         1140  ...  2024-07-08T03:37:20.000-03:00       None

[10 rows x 12 columns]
[2024-08-04T22:00:06.379+0000] {taskinstance.py:441} INFO - ::group::Post task execution logs
[2024-08-04T22:00:06.421+0000] {taskinstance.py:1206} INFO - Marking task as SUCCESS. dag_id=etl_dag, task_id=transform_data, run_id=scheduled__2024-08-04T21:50:00+00:00, execution_date=20240804T215000, start_date=20240804T220006, end_date=20240804T220006
[2024-08-04T22:00:06.447+0000] {local_task_job_runner.py:243} INFO - Task exited with return code 0
[2024-08-04T22:00:06.457+0000] {warnings.py:112} WARNING - /home/***/.local/lib/python3.12/site-packages/***/models/baseoperator.py:1297: AirflowProviderDeprecationWarning: Call to deprecated class PostgresOperator. (Please use `***.providers.common.sql.operators.sql.SQLExecuteQueryOperator`.Also, you can provide `hook_params={'schema': <database>}`.)
  result = cls.__new__(cls)

[2024-08-04T22:00:06.469+0000] {taskinstance.py:3503} INFO - 1 downstream tasks scheduled from follow-on schedule check
[2024-08-04T22:00:06.470+0000] {local_task_job_runner.py:222} INFO - ::endgroup::
