[2024-08-05T00:26:55.078+0000] {local_task_job_runner.py:120} INFO - ::group::Pre task execution logs
[2024-08-05T00:26:55.099+0000] {taskinstance.py:2076} INFO - Dependencies all met for dep_context=non-requeueable deps ti=<TaskInstance: etl_dag.create_dim_campaign manual__2024-08-05T00:26:39.254129+00:00 [queued]>
[2024-08-05T00:26:55.113+0000] {taskinstance.py:2076} INFO - Dependencies all met for dep_context=requeueable deps ti=<TaskInstance: etl_dag.create_dim_campaign manual__2024-08-05T00:26:39.254129+00:00 [queued]>
[2024-08-05T00:26:55.115+0000] {taskinstance.py:2306} INFO - Starting attempt 1 of 6
[2024-08-05T00:26:55.151+0000] {taskinstance.py:2330} INFO - Executing <Task(PostgresOperator): create_dim_campaign> on 2024-08-05 00:26:39.254129+00:00
[2024-08-05T00:26:55.164+0000] {warnings.py:112} WARNING - /home/***/.local/lib/python3.12/site-packages/***/task/task_runner/standard_task_runner.py:62: DeprecationWarning: This process (pid=4651) is multi-threaded, use of fork() may lead to deadlocks in the child.
  pid = os.fork()

[2024-08-05T00:26:55.168+0000] {standard_task_runner.py:64} INFO - Started process 4658 to run task
[2024-08-05T00:26:55.167+0000] {standard_task_runner.py:90} INFO - Running: ['***', 'tasks', 'run', 'etl_dag', 'create_dim_campaign', 'manual__2024-08-05T00:26:39.254129+00:00', '--job-id', '1571', '--raw', '--subdir', 'DAGS_FOLDER/etl_dag.py', '--cfg-path', '/tmp/tmp_r7tdc80']
[2024-08-05T00:26:55.173+0000] {standard_task_runner.py:91} INFO - Job 1571: Subtask create_dim_campaign
[2024-08-05T00:26:55.241+0000] {task_command.py:426} INFO - Running <TaskInstance: etl_dag.create_dim_campaign manual__2024-08-05T00:26:39.254129+00:00 [running]> on host 88edf8e2824b
[2024-08-05T00:26:55.344+0000] {taskinstance.py:2648} INFO - Exporting env vars: AIRFLOW_CTX_DAG_OWNER='Gabriel Almeida' AIRFLOW_CTX_DAG_ID='etl_dag' AIRFLOW_CTX_TASK_ID='create_dim_campaign' AIRFLOW_CTX_EXECUTION_DATE='2024-08-05T00:26:39.254129+00:00' AIRFLOW_CTX_TRY_NUMBER='1' AIRFLOW_CTX_DAG_RUN_ID='manual__2024-08-05T00:26:39.254129+00:00'
[2024-08-05T00:26:55.346+0000] {taskinstance.py:430} INFO - ::endgroup::
[2024-08-05T00:26:55.346+0000] {sql.py:282} INFO - Executing: 
            CREATE TABLE IF NOT EXISTS DimCampaign (
                id_campaign INT PRIMARY KEY,
                campaign VARCHAR(255) UNIQUE NOT NULL
            );
        
[2024-08-05T00:26:55.356+0000] {base.py:84} INFO - Using connection ID 'postgres_conn' for task execution.
[2024-08-05T00:26:55.391+0000] {base.py:84} INFO - Using connection ID 'postgres_conn' for task execution.
[2024-08-05T00:26:55.412+0000] {sql.py:495} INFO - Running statement: 
            CREATE TABLE IF NOT EXISTS DimCampaign (
                id_campaign INT PRIMARY KEY,
                campaign VARCHAR(255) UNIQUE NOT NULL
            );
        , parameters: None
[2024-08-05T00:26:55.417+0000] {taskinstance.py:441} INFO - ::group::Post task execution logs
[2024-08-05T00:26:55.435+0000] {taskinstance.py:1206} INFO - Marking task as SUCCESS. dag_id=etl_dag, task_id=create_dim_campaign, run_id=manual__2024-08-05T00:26:39.254129+00:00, execution_date=20240805T002639, start_date=20240805T002655, end_date=20240805T002655
[2024-08-05T00:26:55.481+0000] {local_task_job_runner.py:243} INFO - Task exited with return code 0
[2024-08-05T00:26:55.496+0000] {warnings.py:112} WARNING - /home/***/.local/lib/python3.12/site-packages/***/models/baseoperator.py:1297: AirflowProviderDeprecationWarning: Call to deprecated class PostgresOperator. (Please use `***.providers.common.sql.operators.sql.SQLExecuteQueryOperator`.Also, you can provide `hook_params={'schema': <database>}`.)
  result = cls.__new__(cls)

[2024-08-05T00:26:55.516+0000] {taskinstance.py:3503} INFO - 1 downstream tasks scheduled from follow-on schedule check
[2024-08-05T00:26:55.520+0000] {local_task_job_runner.py:222} INFO - ::endgroup::
