[2024-08-05T00:11:08.230+0000] {local_task_job_runner.py:120} INFO - ::group::Pre task execution logs
[2024-08-05T00:11:08.300+0000] {taskinstance.py:2076} INFO - Dependencies all met for dep_context=non-requeueable deps ti=<TaskInstance: etl_dag.create_dim_campaign manual__2024-08-05T00:10:54.245362+00:00 [queued]>
[2024-08-05T00:11:08.330+0000] {taskinstance.py:2076} INFO - Dependencies all met for dep_context=requeueable deps ti=<TaskInstance: etl_dag.create_dim_campaign manual__2024-08-05T00:10:54.245362+00:00 [queued]>
[2024-08-05T00:11:08.335+0000] {taskinstance.py:2306} INFO - Starting attempt 1 of 6
[2024-08-05T00:11:08.366+0000] {taskinstance.py:2330} INFO - Executing <Task(PostgresOperator): create_dim_campaign> on 2024-08-05 00:10:54.245362+00:00
[2024-08-05T00:11:08.391+0000] {warnings.py:112} WARNING - /home/***/.local/lib/python3.12/site-packages/***/task/task_runner/standard_task_runner.py:62: DeprecationWarning: This process (pid=4079) is multi-threaded, use of fork() may lead to deadlocks in the child.
  pid = os.fork()

[2024-08-05T00:11:08.395+0000] {standard_task_runner.py:64} INFO - Started process 4085 to run task
[2024-08-05T00:11:08.401+0000] {standard_task_runner.py:90} INFO - Running: ['***', 'tasks', 'run', 'etl_dag', 'create_dim_campaign', 'manual__2024-08-05T00:10:54.245362+00:00', '--job-id', '1512', '--raw', '--subdir', 'DAGS_FOLDER/etl_dag.py', '--cfg-path', '/tmp/tmp_jvqei4t']
[2024-08-05T00:11:08.411+0000] {standard_task_runner.py:91} INFO - Job 1512: Subtask create_dim_campaign
[2024-08-05T00:11:08.538+0000] {task_command.py:426} INFO - Running <TaskInstance: etl_dag.create_dim_campaign manual__2024-08-05T00:10:54.245362+00:00 [running]> on host 88edf8e2824b
[2024-08-05T00:11:08.721+0000] {taskinstance.py:2648} INFO - Exporting env vars: AIRFLOW_CTX_DAG_OWNER='Gabriel Almeida' AIRFLOW_CTX_DAG_ID='etl_dag' AIRFLOW_CTX_TASK_ID='create_dim_campaign' AIRFLOW_CTX_EXECUTION_DATE='2024-08-05T00:10:54.245362+00:00' AIRFLOW_CTX_TRY_NUMBER='1' AIRFLOW_CTX_DAG_RUN_ID='manual__2024-08-05T00:10:54.245362+00:00'
[2024-08-05T00:11:08.729+0000] {taskinstance.py:430} INFO - ::endgroup::
[2024-08-05T00:11:08.732+0000] {sql.py:282} INFO - Executing: 
            CREATE TABLE IF NOT EXISTS DimCampaign (
                id_campaign INT PRIMARY KEY,
                campaign VARCHAR(255) UNIQUE NOT NULL
            );
        
[2024-08-05T00:11:08.756+0000] {base.py:84} INFO - Using connection ID 'postgres_conn' for task execution.
[2024-08-05T00:11:08.771+0000] {base.py:84} INFO - Using connection ID 'postgres_conn' for task execution.
[2024-08-05T00:11:08.818+0000] {sql.py:495} INFO - Running statement: 
            CREATE TABLE IF NOT EXISTS DimCampaign (
                id_campaign INT PRIMARY KEY,
                campaign VARCHAR(255) UNIQUE NOT NULL
            );
        , parameters: None
[2024-08-05T00:11:08.824+0000] {taskinstance.py:441} INFO - ::group::Post task execution logs
[2024-08-05T00:11:08.856+0000] {taskinstance.py:1206} INFO - Marking task as SUCCESS. dag_id=etl_dag, task_id=create_dim_campaign, run_id=manual__2024-08-05T00:10:54.245362+00:00, execution_date=20240805T001054, start_date=20240805T001108, end_date=20240805T001108
[2024-08-05T00:11:08.892+0000] {local_task_job_runner.py:243} INFO - Task exited with return code 0
[2024-08-05T00:11:08.968+0000] {warnings.py:112} WARNING - /home/***/.local/lib/python3.12/site-packages/***/models/baseoperator.py:1297: AirflowProviderDeprecationWarning: Call to deprecated class PostgresOperator. (Please use `***.providers.common.sql.operators.sql.SQLExecuteQueryOperator`.Also, you can provide `hook_params={'schema': <database>}`.)
  result = cls.__new__(cls)

[2024-08-05T00:11:09.019+0000] {taskinstance.py:3503} INFO - 1 downstream tasks scheduled from follow-on schedule check
[2024-08-05T00:11:09.023+0000] {local_task_job_runner.py:222} INFO - ::endgroup::
