[2024-08-05T01:10:08.274+0000] {local_task_job_runner.py:120} INFO - ::group::Pre task execution logs
[2024-08-05T01:10:08.288+0000] {taskinstance.py:2076} INFO - Dependencies all met for dep_context=non-requeueable deps ti=<TaskInstance: etl_dag.create_dim_user_type scheduled__2024-08-05T01:00:00+00:00 [queued]>
[2024-08-05T01:10:08.293+0000] {taskinstance.py:2076} INFO - Dependencies all met for dep_context=requeueable deps ti=<TaskInstance: etl_dag.create_dim_user_type scheduled__2024-08-05T01:00:00+00:00 [queued]>
[2024-08-05T01:10:08.297+0000] {taskinstance.py:2306} INFO - Starting attempt 1 of 6
[2024-08-05T01:10:08.309+0000] {taskinstance.py:2330} INFO - Executing <Task(PostgresOperator): create_dim_user_type> on 2024-08-05 01:00:00+00:00
[2024-08-05T01:10:08.325+0000] {warnings.py:112} WARNING - /home/***/.local/lib/python3.12/site-packages/***/task/task_runner/standard_task_runner.py:62: DeprecationWarning: This process (pid=747) is multi-threaded, use of fork() may lead to deadlocks in the child.
  pid = os.fork()

[2024-08-05T01:10:08.330+0000] {standard_task_runner.py:64} INFO - Started process 753 to run task
[2024-08-05T01:10:08.329+0000] {standard_task_runner.py:90} INFO - Running: ['***', 'tasks', 'run', 'etl_dag', 'create_dim_user_type', 'scheduled__2024-08-05T01:00:00+00:00', '--job-id', '1701', '--raw', '--subdir', 'DAGS_FOLDER/etl_dag.py', '--cfg-path', '/tmp/tmpaam3t2p8']
[2024-08-05T01:10:08.332+0000] {standard_task_runner.py:91} INFO - Job 1701: Subtask create_dim_user_type
[2024-08-05T01:10:08.376+0000] {task_command.py:426} INFO - Running <TaskInstance: etl_dag.create_dim_user_type scheduled__2024-08-05T01:00:00+00:00 [running]> on host 59ce2ba01338
[2024-08-05T01:10:08.443+0000] {taskinstance.py:2648} INFO - Exporting env vars: AIRFLOW_CTX_DAG_OWNER='Gabriel Almeida' AIRFLOW_CTX_DAG_ID='etl_dag' AIRFLOW_CTX_TASK_ID='create_dim_user_type' AIRFLOW_CTX_EXECUTION_DATE='2024-08-05T01:00:00+00:00' AIRFLOW_CTX_TRY_NUMBER='1' AIRFLOW_CTX_DAG_RUN_ID='scheduled__2024-08-05T01:00:00+00:00'
[2024-08-05T01:10:08.445+0000] {taskinstance.py:430} INFO - ::endgroup::
[2024-08-05T01:10:08.455+0000] {sql.py:282} INFO - Executing: 
            CREATE TABLE IF NOT EXISTS DimUserType (
                id_user_type SERIAL PRIMARY KEY,
                user_type VARCHAR(255) UNIQUE NOT NULL
);
        
[2024-08-05T01:10:08.463+0000] {base.py:84} INFO - Using connection ID 'postgres_conn' for task execution.
[2024-08-05T01:10:08.472+0000] {base.py:84} INFO - Using connection ID 'postgres_conn' for task execution.
[2024-08-05T01:10:08.488+0000] {sql.py:495} INFO - Running statement: 
            CREATE TABLE IF NOT EXISTS DimUserType (
                id_user_type SERIAL PRIMARY KEY,
                user_type VARCHAR(255) UNIQUE NOT NULL
);
        , parameters: None
[2024-08-05T01:10:08.493+0000] {taskinstance.py:441} INFO - ::group::Post task execution logs
[2024-08-05T01:10:08.508+0000] {taskinstance.py:1206} INFO - Marking task as SUCCESS. dag_id=etl_dag, task_id=create_dim_user_type, run_id=scheduled__2024-08-05T01:00:00+00:00, execution_date=20240805T010000, start_date=20240805T011008, end_date=20240805T011008
[2024-08-05T01:10:08.551+0000] {local_task_job_runner.py:243} INFO - Task exited with return code 0
[2024-08-05T01:10:08.563+0000] {warnings.py:112} WARNING - /home/***/.local/lib/python3.12/site-packages/***/models/baseoperator.py:1297: AirflowProviderDeprecationWarning: Call to deprecated class PostgresOperator. (Please use `***.providers.common.sql.operators.sql.SQLExecuteQueryOperator`.Also, you can provide `hook_params={'schema': <database>}`.)
  result = cls.__new__(cls)

[2024-08-05T01:10:08.611+0000] {taskinstance.py:3503} INFO - 0 downstream tasks scheduled from follow-on schedule check
[2024-08-05T01:10:08.616+0000] {local_task_job_runner.py:222} INFO - ::endgroup::
