[2024-08-04T22:51:51.957+0000] {local_task_job_runner.py:120} INFO - ::group::Pre task execution logs
[2024-08-04T22:51:52.000+0000] {taskinstance.py:2076} INFO - Dependencies all met for dep_context=non-requeueable deps ti=<TaskInstance: etl_dag.create_dim_company manual__2024-08-04T22:51:41.295707+00:00 [queued]>
[2024-08-04T22:51:52.016+0000] {taskinstance.py:2076} INFO - Dependencies all met for dep_context=requeueable deps ti=<TaskInstance: etl_dag.create_dim_company manual__2024-08-04T22:51:41.295707+00:00 [queued]>
[2024-08-04T22:51:52.017+0000] {taskinstance.py:2306} INFO - Starting attempt 1 of 6
[2024-08-04T22:51:52.037+0000] {taskinstance.py:2330} INFO - Executing <Task(PostgresOperator): create_dim_company> on 2024-08-04 22:51:41.295707+00:00
[2024-08-04T22:51:52.067+0000] {warnings.py:112} WARNING - /home/***/.local/lib/python3.12/site-packages/***/task/task_runner/standard_task_runner.py:62: DeprecationWarning: This process (pid=1337) is multi-threaded, use of fork() may lead to deadlocks in the child.
  pid = os.fork()

[2024-08-04T22:51:52.075+0000] {standard_task_runner.py:64} INFO - Started process 1343 to run task
[2024-08-04T22:51:52.077+0000] {standard_task_runner.py:90} INFO - Running: ['***', 'tasks', 'run', 'etl_dag', 'create_dim_company', 'manual__2024-08-04T22:51:41.295707+00:00', '--job-id', '1242', '--raw', '--subdir', 'DAGS_FOLDER/etl_dag.py', '--cfg-path', '/tmp/tmpqnc7kvgv']
[2024-08-04T22:51:52.081+0000] {standard_task_runner.py:91} INFO - Job 1242: Subtask create_dim_company
[2024-08-04T22:51:52.147+0000] {task_command.py:426} INFO - Running <TaskInstance: etl_dag.create_dim_company manual__2024-08-04T22:51:41.295707+00:00 [running]> on host 88edf8e2824b
[2024-08-04T22:51:52.234+0000] {taskinstance.py:2648} INFO - Exporting env vars: AIRFLOW_CTX_DAG_OWNER='Gabriel Almeida' AIRFLOW_CTX_DAG_ID='etl_dag' AIRFLOW_CTX_TASK_ID='create_dim_company' AIRFLOW_CTX_EXECUTION_DATE='2024-08-04T22:51:41.295707+00:00' AIRFLOW_CTX_TRY_NUMBER='1' AIRFLOW_CTX_DAG_RUN_ID='manual__2024-08-04T22:51:41.295707+00:00'
[2024-08-04T22:51:52.239+0000] {taskinstance.py:430} INFO - ::endgroup::
[2024-08-04T22:51:52.240+0000] {sql.py:282} INFO - Executing: 
            CREATE TABLE IF NOT EXISTS DimCompany (
                id_company SERIAL PRIMARY KEY,
                company VARCHAR(255) UNIQUE NOT NULL
            );
        
[2024-08-04T22:51:52.253+0000] {base.py:84} INFO - Using connection ID 'postgres_conn' for task execution.
[2024-08-04T22:51:52.262+0000] {base.py:84} INFO - Using connection ID 'postgres_conn' for task execution.
[2024-08-04T22:51:52.284+0000] {sql.py:495} INFO - Running statement: 
            CREATE TABLE IF NOT EXISTS DimCompany (
                id_company SERIAL PRIMARY KEY,
                company VARCHAR(255) UNIQUE NOT NULL
            );
        , parameters: None
[2024-08-04T22:51:52.288+0000] {taskinstance.py:441} INFO - ::group::Post task execution logs
[2024-08-04T22:51:52.297+0000] {taskinstance.py:1206} INFO - Marking task as SUCCESS. dag_id=etl_dag, task_id=create_dim_company, run_id=manual__2024-08-04T22:51:41.295707+00:00, execution_date=20240804T225141, start_date=20240804T225152, end_date=20240804T225152
[2024-08-04T22:51:52.344+0000] {local_task_job_runner.py:243} INFO - Task exited with return code 0
[2024-08-04T22:51:52.366+0000] {local_task_job_runner.py:222} INFO - ::endgroup::
