[2024-08-02T10:10:03.808+0000] {local_task_job_runner.py:120} INFO - ::group::Pre task execution logs
[2024-08-02T10:10:03.815+0000] {taskinstance.py:2076} INFO - Dependencies all met for dep_context=non-requeueable deps ti=<TaskInstance: etl_dag.transform_data scheduled__2024-08-02T10:00:00+00:00 [queued]>
[2024-08-02T10:10:03.819+0000] {taskinstance.py:2076} INFO - Dependencies all met for dep_context=requeueable deps ti=<TaskInstance: etl_dag.transform_data scheduled__2024-08-02T10:00:00+00:00 [queued]>
[2024-08-02T10:10:03.819+0000] {taskinstance.py:2306} INFO - Starting attempt 1 of 6
[2024-08-02T10:10:03.824+0000] {taskinstance.py:2330} INFO - Executing <Task(PythonOperator): transform_data> on 2024-08-02 10:00:00+00:00
[2024-08-02T10:10:03.827+0000] {warnings.py:112} WARNING - /home/***/.local/lib/python3.12/site-packages/***/task/task_runner/standard_task_runner.py:62: DeprecationWarning: This process (pid=1117) is multi-threaded, use of fork() may lead to deadlocks in the child.
  pid = os.fork()

[2024-08-02T10:10:03.828+0000] {standard_task_runner.py:64} INFO - Started process 1119 to run task
[2024-08-02T10:10:03.828+0000] {standard_task_runner.py:90} INFO - Running: ['***', 'tasks', 'run', 'etl_dag', 'transform_data', 'scheduled__2024-08-02T10:00:00+00:00', '--job-id', '272', '--raw', '--subdir', 'DAGS_FOLDER/etl_dag.py', '--cfg-path', '/tmp/tmp4vm46f9w']
[2024-08-02T10:10:03.829+0000] {standard_task_runner.py:91} INFO - Job 272: Subtask transform_data
[2024-08-02T10:10:03.851+0000] {task_command.py:426} INFO - Running <TaskInstance: etl_dag.transform_data scheduled__2024-08-02T10:00:00+00:00 [running]> on host 69633e19c226
[2024-08-02T10:10:03.890+0000] {taskinstance.py:2648} INFO - Exporting env vars: AIRFLOW_CTX_DAG_OWNER='Gabriel Almeida' AIRFLOW_CTX_DAG_ID='etl_dag' AIRFLOW_CTX_TASK_ID='transform_data' AIRFLOW_CTX_EXECUTION_DATE='2024-08-02T10:00:00+00:00' AIRFLOW_CTX_TRY_NUMBER='1' AIRFLOW_CTX_DAG_RUN_ID='scheduled__2024-08-02T10:00:00+00:00'
[2024-08-02T10:10:03.891+0000] {taskinstance.py:430} INFO - ::endgroup::
[2024-08-02T10:10:03.904+0000] {logging_mixin.py:188} INFO - DataFrame:
[2024-08-02T10:10:03.913+0000] {logging_mixin.py:188} INFO -         id  id_campaign  ...                      opened_at clicked_at
0  1815658         1142  ...  2024-07-17T06:41:13.000-03:00       None
1  1815659         1142  ...                           None       None
2  1815660         1142  ...                           None       None
3  1815661         1142  ...                           None       None
4  1815662         1142  ...  2024-07-17T05:34:55.000-03:00       None

[5 rows x 12 columns]
[2024-08-02T10:10:03.921+0000] {crypto.py:82} WARNING - empty cryptography key - values will not be stored encrypted.
[2024-08-02T10:10:03.923+0000] {python.py:237} INFO - Done. Returned value was:           id  id_campaign  ...                      opened_at clicked_at
0    1815658         1142  ...  2024-07-17T06:41:13.000-03:00       None
1    1815659         1142  ...                           None       None
2    1815660         1142  ...                           None       None
3    1815661         1142  ...                           None       None
4    1815662         1142  ...  2024-07-17T05:34:55.000-03:00       None
..       ...          ...  ...                            ...        ...
995  1816653         2545  ...                           None       None
996  1816654         2545  ...                           None       None
997  1816655         2545  ...                           None       None
998  1816656         2545  ...                           None       None
999  1816657         2545  ...                           None       None

[1000 rows x 12 columns]
[2024-08-02T10:10:03.934+0000] {taskinstance.py:441} INFO - ::group::Post task execution logs
[2024-08-02T10:10:03.967+0000] {taskinstance.py:1206} INFO - Marking task as SUCCESS. dag_id=etl_dag, task_id=transform_data, run_id=scheduled__2024-08-02T10:00:00+00:00, execution_date=20240802T100000, start_date=20240802T101003, end_date=20240802T101003
[2024-08-02T10:10:04.008+0000] {local_task_job_runner.py:243} INFO - Task exited with return code 0
[2024-08-02T10:10:04.015+0000] {warnings.py:112} WARNING - /home/***/.local/lib/python3.12/site-packages/***/models/baseoperator.py:1297: AirflowProviderDeprecationWarning: Call to deprecated class PostgresOperator. (Please use `***.providers.common.sql.operators.sql.SQLExecuteQueryOperator`.Also, you can provide `hook_params={'schema': <database>}`.)
  result = cls.__new__(cls)

[2024-08-02T10:10:04.024+0000] {taskinstance.py:3503} INFO - 1 downstream tasks scheduled from follow-on schedule check
[2024-08-02T10:10:04.024+0000] {local_task_job_runner.py:222} INFO - ::endgroup::
