[2024-08-04T22:16:30.128+0000] {local_task_job_runner.py:120} INFO - ::group::Pre task execution logs
[2024-08-04T22:16:30.146+0000] {taskinstance.py:2076} INFO - Dependencies all met for dep_context=non-requeueable deps ti=<TaskInstance: etl_dag.transform_data manual__2024-08-04T22:16:23.551150+00:00 [queued]>
[2024-08-04T22:16:30.159+0000] {taskinstance.py:2076} INFO - Dependencies all met for dep_context=requeueable deps ti=<TaskInstance: etl_dag.transform_data manual__2024-08-04T22:16:23.551150+00:00 [queued]>
[2024-08-04T22:16:30.160+0000] {taskinstance.py:2306} INFO - Starting attempt 1 of 6
[2024-08-04T22:16:30.186+0000] {taskinstance.py:2330} INFO - Executing <Task(PythonOperator): transform_data> on 2024-08-04 22:16:23.551150+00:00
[2024-08-04T22:16:30.199+0000] {warnings.py:112} WARNING - /home/***/.local/lib/python3.12/site-packages/***/task/task_runner/standard_task_runner.py:62: DeprecationWarning: This process (pid=155) is multi-threaded, use of fork() may lead to deadlocks in the child.
  pid = os.fork()

[2024-08-04T22:16:30.202+0000] {standard_task_runner.py:64} INFO - Started process 157 to run task
[2024-08-04T22:16:30.204+0000] {standard_task_runner.py:90} INFO - Running: ['***', 'tasks', 'run', 'etl_dag', 'transform_data', 'manual__2024-08-04T22:16:23.551150+00:00', '--job-id', '1124', '--raw', '--subdir', 'DAGS_FOLDER/etl_dag.py', '--cfg-path', '/tmp/tmp_kb0nv47']
[2024-08-04T22:16:30.206+0000] {standard_task_runner.py:91} INFO - Job 1124: Subtask transform_data
[2024-08-04T22:16:30.328+0000] {task_command.py:426} INFO - Running <TaskInstance: etl_dag.transform_data manual__2024-08-04T22:16:23.551150+00:00 [running]> on host 88edf8e2824b
[2024-08-04T22:16:30.659+0000] {taskinstance.py:2648} INFO - Exporting env vars: AIRFLOW_CTX_DAG_OWNER='Gabriel Almeida' AIRFLOW_CTX_DAG_ID='etl_dag' AIRFLOW_CTX_TASK_ID='transform_data' AIRFLOW_CTX_EXECUTION_DATE='2024-08-04T22:16:23.551150+00:00' AIRFLOW_CTX_TRY_NUMBER='1' AIRFLOW_CTX_DAG_RUN_ID='manual__2024-08-04T22:16:23.551150+00:00'
[2024-08-04T22:16:30.663+0000] {taskinstance.py:430} INFO - ::endgroup::
[2024-08-04T22:16:30.713+0000] {logging_mixin.py:188} INFO - DataFrame:
[2024-08-04T22:16:30.888+0000] {logging_mixin.py:188} INFO -         id  ...                     clicked_at
0  1811728  ...                           None
1  1811729  ...                           None
2  1811730  ...                           None
3  1811731  ...                           None
4  1811732  ...  2024-07-08T12:47:09.000-03:00
5  1811733  ...                           None
6  1811734  ...                           None
7  1811735  ...                           None
8  1811736  ...                           None
9  1811737  ...                           None

[10 rows x 12 columns]
[2024-08-04T22:16:30.894+0000] {logging_mixin.py:188} INFO - id             10
id_campaign    10
campaign       10
company        10
user_type      10
to             10
mailer         10
subject        10
sent_at        10
token          10
opened_at       8
clicked_at      1
dtype: int64
[2024-08-04T22:16:30.960+0000] {crypto.py:82} WARNING - empty cryptography key - values will not be stored encrypted.
[2024-08-04T22:16:30.974+0000] {python.py:237} INFO - Done. Returned value was:         id  ...                     clicked_at
0  1811728  ...                           None
1  1811729  ...                           None
2  1811730  ...                           None
3  1811731  ...                           None
4  1811732  ...  2024-07-08T12:47:09.000-03:00
5  1811733  ...                           None
6  1811734  ...                           None
7  1811735  ...                           None
8  1811736  ...                           None
9  1811737  ...                           None

[10 rows x 12 columns]
[2024-08-04T22:16:31.010+0000] {taskinstance.py:441} INFO - ::group::Post task execution logs
[2024-08-04T22:16:31.234+0000] {taskinstance.py:1206} INFO - Marking task as SUCCESS. dag_id=etl_dag, task_id=transform_data, run_id=manual__2024-08-04T22:16:23.551150+00:00, execution_date=20240804T221623, start_date=20240804T221630, end_date=20240804T221631
[2024-08-04T22:16:31.340+0000] {local_task_job_runner.py:243} INFO - Task exited with return code 0
[2024-08-04T22:16:31.438+0000] {warnings.py:112} WARNING - /home/***/.local/lib/python3.12/site-packages/***/models/baseoperator.py:1297: AirflowProviderDeprecationWarning: Call to deprecated class PostgresOperator. (Please use `***.providers.common.sql.operators.sql.SQLExecuteQueryOperator`.Also, you can provide `hook_params={'schema': <database>}`.)
  result = cls.__new__(cls)

[2024-08-04T22:16:31.489+0000] {taskinstance.py:3503} INFO - 1 downstream tasks scheduled from follow-on schedule check
[2024-08-04T22:16:31.492+0000] {local_task_job_runner.py:222} INFO - ::endgroup::
