[2024-08-02T17:08:21.605+0000] {local_task_job_runner.py:120} INFO - ::group::Pre task execution logs
[2024-08-02T17:08:22.106+0000] {taskinstance.py:2076} INFO - Dependencies all met for dep_context=non-requeueable deps ti=<TaskInstance: etl_dag.transform_data scheduled__2024-08-02T14:50:00+00:00 [queued]>
[2024-08-02T17:08:22.193+0000] {taskinstance.py:2076} INFO - Dependencies all met for dep_context=requeueable deps ti=<TaskInstance: etl_dag.transform_data scheduled__2024-08-02T14:50:00+00:00 [queued]>
[2024-08-02T17:08:22.206+0000] {taskinstance.py:2306} INFO - Starting attempt 1 of 6
[2024-08-02T17:08:22.438+0000] {taskinstance.py:2330} INFO - Executing <Task(PythonOperator): transform_data> on 2024-08-02 14:50:00+00:00
[2024-08-02T17:08:22.476+0000] {warnings.py:112} WARNING - /home/***/.local/lib/python3.12/site-packages/***/task/task_runner/standard_task_runner.py:62: DeprecationWarning: This process (pid=2333) is multi-threaded, use of fork() may lead to deadlocks in the child.
  pid = os.fork()

[2024-08-02T17:08:22.482+0000] {standard_task_runner.py:64} INFO - Started process 2361 to run task
[2024-08-02T17:08:22.489+0000] {standard_task_runner.py:90} INFO - Running: ['***', 'tasks', 'run', 'etl_dag', 'transform_data', 'scheduled__2024-08-02T14:50:00+00:00', '--job-id', '428', '--raw', '--subdir', 'DAGS_FOLDER/etl_dag.py', '--cfg-path', '/tmp/tmplg_lw53n']
[2024-08-02T17:08:22.494+0000] {standard_task_runner.py:91} INFO - Job 428: Subtask transform_data
[2024-08-02T17:08:22.822+0000] {task_command.py:426} INFO - Running <TaskInstance: etl_dag.transform_data scheduled__2024-08-02T14:50:00+00:00 [running]> on host 69633e19c226
[2024-08-02T17:08:23.555+0000] {taskinstance.py:2648} INFO - Exporting env vars: AIRFLOW_CTX_DAG_OWNER='Gabriel Almeida' AIRFLOW_CTX_DAG_ID='etl_dag' AIRFLOW_CTX_TASK_ID='transform_data' AIRFLOW_CTX_EXECUTION_DATE='2024-08-02T14:50:00+00:00' AIRFLOW_CTX_TRY_NUMBER='1' AIRFLOW_CTX_DAG_RUN_ID='scheduled__2024-08-02T14:50:00+00:00'
[2024-08-02T17:08:23.588+0000] {taskinstance.py:430} INFO - ::endgroup::
[2024-08-02T17:08:23.732+0000] {logging_mixin.py:188} INFO - DataFrame:
[2024-08-02T17:08:23.833+0000] {logging_mixin.py:188} INFO -         id  id_campaign  ...                      opened_at clicked_at
0  1827658         1144  ...                           None       None
1  1827659         1144  ...                           None       None
2  1827660         1144  ...  2024-08-01T01:09:09.000-03:00       None
3  1827661         1144  ...                           None       None
4  1827662         1144  ...  2024-08-01T01:09:13.000-03:00       None

[5 rows x 12 columns]
[2024-08-02T17:08:24.045+0000] {crypto.py:82} WARNING - empty cryptography key - values will not be stored encrypted.
[2024-08-02T17:08:24.105+0000] {python.py:237} INFO - Done. Returned value was:           id  ...                     clicked_at
0    1827658  ...                           None
1    1827659  ...                           None
2    1827660  ...                           None
3    1827661  ...                           None
4    1827662  ...                           None
..       ...  ...                            ...
235  1827893  ...                           None
236  1827894  ...  2024-08-02T13:07:54.000-03:00
237  1827895  ...                           None
238  1827896  ...                           None
239  1827897  ...                           None

[240 rows x 12 columns]
[2024-08-02T17:08:24.335+0000] {taskinstance.py:441} INFO - ::group::Post task execution logs
[2024-08-02T17:08:25.182+0000] {taskinstance.py:1206} INFO - Marking task as SUCCESS. dag_id=etl_dag, task_id=transform_data, run_id=scheduled__2024-08-02T14:50:00+00:00, execution_date=20240802T145000, start_date=20240802T170822, end_date=20240802T170825
[2024-08-02T17:08:26.856+0000] {local_task_job_runner.py:243} INFO - Task exited with return code 0
[2024-08-02T17:08:27.209+0000] {warnings.py:112} WARNING - /home/***/.local/lib/python3.12/site-packages/***/models/baseoperator.py:1297: AirflowProviderDeprecationWarning: Call to deprecated class PostgresOperator. (Please use `***.providers.common.sql.operators.sql.SQLExecuteQueryOperator`.Also, you can provide `hook_params={'schema': <database>}`.)
  result = cls.__new__(cls)

[2024-08-02T17:08:27.724+0000] {taskinstance.py:3503} INFO - 1 downstream tasks scheduled from follow-on schedule check
[2024-08-02T17:08:27.775+0000] {local_task_job_runner.py:222} INFO - ::endgroup::
