[2024-08-04T23:01:52.834+0000] {local_task_job_runner.py:120} INFO - ::group::Pre task execution logs
[2024-08-04T23:01:52.849+0000] {taskinstance.py:2076} INFO - Dependencies all met for dep_context=non-requeueable deps ti=<TaskInstance: etl_dag.carga_fatoemailmarketing manual__2024-08-04T23:01:34.528985+00:00 [queued]>
[2024-08-04T23:01:52.854+0000] {taskinstance.py:2076} INFO - Dependencies all met for dep_context=requeueable deps ti=<TaskInstance: etl_dag.carga_fatoemailmarketing manual__2024-08-04T23:01:34.528985+00:00 [queued]>
[2024-08-04T23:01:52.854+0000] {taskinstance.py:2306} INFO - Starting attempt 1 of 6
[2024-08-04T23:01:52.871+0000] {taskinstance.py:2330} INFO - Executing <Task(PythonOperator): carga_fatoemailmarketing> on 2024-08-04 23:01:34.528985+00:00
[2024-08-04T23:01:52.887+0000] {warnings.py:112} WARNING - /home/***/.local/lib/python3.12/site-packages/***/task/task_runner/standard_task_runner.py:62: DeprecationWarning: This process (pid=1784) is multi-threaded, use of fork() may lead to deadlocks in the child.
  pid = os.fork()

[2024-08-04T23:01:52.889+0000] {standard_task_runner.py:64} INFO - Started process 1786 to run task
[2024-08-04T23:01:52.889+0000] {standard_task_runner.py:90} INFO - Running: ['***', 'tasks', 'run', 'etl_dag', 'carga_fatoemailmarketing', 'manual__2024-08-04T23:01:34.528985+00:00', '--job-id', '1289', '--raw', '--subdir', 'DAGS_FOLDER/etl_dag.py', '--cfg-path', '/tmp/tmp0m9hf59f']
[2024-08-04T23:01:52.891+0000] {standard_task_runner.py:91} INFO - Job 1289: Subtask carga_fatoemailmarketing
[2024-08-04T23:01:52.925+0000] {task_command.py:426} INFO - Running <TaskInstance: etl_dag.carga_fatoemailmarketing manual__2024-08-04T23:01:34.528985+00:00 [running]> on host 88edf8e2824b
[2024-08-04T23:01:52.979+0000] {taskinstance.py:2648} INFO - Exporting env vars: AIRFLOW_CTX_DAG_OWNER='Gabriel Almeida' AIRFLOW_CTX_DAG_ID='etl_dag' AIRFLOW_CTX_TASK_ID='carga_fatoemailmarketing' AIRFLOW_CTX_EXECUTION_DATE='2024-08-04T23:01:34.528985+00:00' AIRFLOW_CTX_TRY_NUMBER='1' AIRFLOW_CTX_DAG_RUN_ID='manual__2024-08-04T23:01:34.528985+00:00'
[2024-08-04T23:01:52.981+0000] {taskinstance.py:430} INFO - ::endgroup::
[2024-08-04T23:01:53.004+0000] {logging_mixin.py:188} INFO - ##########    id_campaign
0         1140
[2024-08-04T23:01:53.004+0000] {logging_mixin.py:188} INFO - ##########    id_company
0           1
[2024-08-04T23:01:53.005+0000] {logging_mixin.py:188} INFO - ##########    id_user_type
0             1
[2024-08-04T23:01:53.041+0000] {logging_mixin.py:188} INFO -         id  ...                     clicked_at
0  1811848  ...                           None
1  1811849  ...                           None
2  1811850  ...  2024-07-08T10:45:35.000-03:00
3  1811851  ...                           None
4  1811852  ...  2024-07-09T12:24:58.000-03:00
5  1811853  ...  2024-07-08T10:41:26.000-03:00
6  1811854  ...                           None
7  1811855  ...                           None
8  1811856  ...                           None
9  1811857  ...                           None

[10 rows x 12 columns]
[2024-08-04T23:01:53.042+0000] {logging_mixin.py:188} INFO - ###### CHEGOU AQUI #######
[2024-08-04T23:01:53.046+0000] {logging_mixin.py:188} INFO -         id  id_campaign  ... id_company id_user_type
0  1811848         1140  ...                        
1  1811849         1140  ...                        
2  1811850         1140  ...                        
3  1811851         1140  ...                        
4  1811852         1140  ...                        
5  1811853         1140  ...                        
6  1811854         1140  ...                        
7  1811855         1140  ...                        
8  1811856         1140  ...                        
9  1811857         1140  ...                        

[10 rows x 14 columns]
[2024-08-04T23:01:53.052+0000] {logging_mixin.py:188} INFO - ##########         id  id_campaign  ... id_company id_user_type
0  1811848         1140  ...          1            1

[1 rows x 17 columns]
[2024-08-04T23:01:53.058+0000] {base.py:84} INFO - Using connection ID 'postgres_conn' for task execution.
[2024-08-04T23:01:53.087+0000] {logging_mixin.py:188} INFO - Dados inseridos na tabela FatoEmailMarketing com sucesso.
[2024-08-04T23:01:53.088+0000] {python.py:237} INFO - Done. Returned value was: None
[2024-08-04T23:01:53.089+0000] {taskinstance.py:441} INFO - ::group::Post task execution logs
[2024-08-04T23:01:53.095+0000] {taskinstance.py:1206} INFO - Marking task as SUCCESS. dag_id=etl_dag, task_id=carga_fatoemailmarketing, run_id=manual__2024-08-04T23:01:34.528985+00:00, execution_date=20240804T230134, start_date=20240804T230152, end_date=20240804T230153
[2024-08-04T23:01:53.111+0000] {local_task_job_runner.py:243} INFO - Task exited with return code 0
[2024-08-04T23:01:53.123+0000] {taskinstance.py:3503} INFO - 0 downstream tasks scheduled from follow-on schedule check
[2024-08-04T23:01:53.123+0000] {local_task_job_runner.py:222} INFO - ::endgroup::
