[2024-08-01T16:55:03.542+0000] {local_task_job_runner.py:120} INFO - ::group::Pre task execution logs
[2024-08-01T16:55:03.551+0000] {taskinstance.py:2076} INFO - Dependencies all met for dep_context=non-requeueable deps ti=<TaskInstance: etl_dag.transform_data scheduled__2024-08-01T16:45:00+00:00 [queued]>
[2024-08-01T16:55:03.555+0000] {taskinstance.py:2076} INFO - Dependencies all met for dep_context=requeueable deps ti=<TaskInstance: etl_dag.transform_data scheduled__2024-08-01T16:45:00+00:00 [queued]>
[2024-08-01T16:55:03.555+0000] {taskinstance.py:2306} INFO - Starting attempt 1 of 6
[2024-08-01T16:55:03.561+0000] {taskinstance.py:2330} INFO - Executing <Task(PythonOperator): transform_data> on 2024-08-01 16:45:00+00:00
[2024-08-01T16:55:03.568+0000] {warnings.py:112} WARNING - /home/***/.local/lib/python3.12/site-packages/***/task/task_runner/standard_task_runner.py:62: DeprecationWarning: This process (pid=503) is multi-threaded, use of fork() may lead to deadlocks in the child.
  pid = os.fork()

[2024-08-01T16:55:03.569+0000] {standard_task_runner.py:64} INFO - Started process 505 to run task
[2024-08-01T16:55:03.569+0000] {standard_task_runner.py:90} INFO - Running: ['***', 'tasks', 'run', 'etl_dag', 'transform_data', 'scheduled__2024-08-01T16:45:00+00:00', '--job-id', '109', '--raw', '--subdir', 'DAGS_FOLDER/etl_dag.py', '--cfg-path', '/tmp/tmp_1oszf2r']
[2024-08-01T16:55:03.570+0000] {standard_task_runner.py:91} INFO - Job 109: Subtask transform_data
[2024-08-01T16:55:03.597+0000] {task_command.py:426} INFO - Running <TaskInstance: etl_dag.transform_data scheduled__2024-08-01T16:45:00+00:00 [running]> on host e27a9ccca098
[2024-08-01T16:55:03.656+0000] {taskinstance.py:2648} INFO - Exporting env vars: AIRFLOW_CTX_DAG_OWNER='Gabriel Almeida' AIRFLOW_CTX_DAG_ID='etl_dag' AIRFLOW_CTX_TASK_ID='transform_data' AIRFLOW_CTX_EXECUTION_DATE='2024-08-01T16:45:00+00:00' AIRFLOW_CTX_TRY_NUMBER='1' AIRFLOW_CTX_DAG_RUN_ID='scheduled__2024-08-01T16:45:00+00:00'
[2024-08-01T16:55:03.658+0000] {taskinstance.py:430} INFO - ::endgroup::
[2024-08-01T16:55:03.673+0000] {logging_mixin.py:188} INFO - DataFrame:
[2024-08-01T16:55:03.682+0000] {logging_mixin.py:188} INFO -         id  id_campaign  ...                      opened_at clicked_at
0  1813658         1142  ...  2024-07-12T05:35:26.000-03:00       None
1  1813659         1142  ...  2024-07-12T05:35:48.000-03:00       None
2  1813660         1142  ...  2024-07-12T05:35:40.000-03:00       None
3  1813661         1142  ...  2024-07-12T06:23:32.000-03:00       None
4  1813662         1142  ...  2024-07-12T05:35:47.000-03:00       None

[5 rows x 12 columns]
[2024-08-01T16:55:03.690+0000] {crypto.py:82} WARNING - empty cryptography key - values will not be stored encrypted.
[2024-08-01T16:55:03.692+0000] {python.py:237} INFO - Done. Returned value was:           id  id_campaign  ...                      opened_at clicked_at
0    1813658         1142  ...  2024-07-12T05:35:26.000-03:00       None
1    1813659         1142  ...  2024-07-12T05:35:48.000-03:00       None
2    1813660         1142  ...  2024-07-12T05:35:40.000-03:00       None
3    1813661         1142  ...  2024-07-12T06:23:32.000-03:00       None
4    1813662         1142  ...  2024-07-12T05:35:47.000-03:00       None
..       ...          ...  ...                            ...        ...
995  1814653         2545  ...  2024-07-15T16:04:13.000-03:00       None
996  1814654         2545  ...  2024-07-15T16:04:13.000-03:00       None
997  1814655         2545  ...                           None       None
998  1814656         2545  ...                           None       None
999  1814657         2545  ...                           None       None

[1000 rows x 12 columns]
[2024-08-01T16:55:03.700+0000] {taskinstance.py:441} INFO - ::group::Post task execution logs
[2024-08-01T16:55:03.735+0000] {taskinstance.py:1206} INFO - Marking task as SUCCESS. dag_id=etl_dag, task_id=transform_data, run_id=scheduled__2024-08-01T16:45:00+00:00, execution_date=20240801T164500, start_date=20240801T165503, end_date=20240801T165503
[2024-08-01T16:55:03.752+0000] {local_task_job_runner.py:243} INFO - Task exited with return code 0
[2024-08-01T16:55:03.764+0000] {taskinstance.py:3503} INFO - 1 downstream tasks scheduled from follow-on schedule check
[2024-08-01T16:55:03.765+0000] {local_task_job_runner.py:222} INFO - ::endgroup::
