[2024-08-04T22:20:15.958+0000] {local_task_job_runner.py:120} INFO - ::group::Pre task execution logs
[2024-08-04T22:20:15.972+0000] {taskinstance.py:2076} INFO - Dependencies all met for dep_context=non-requeueable deps ti=<TaskInstance: etl_dag.create_dim_company scheduled__2024-08-04T22:10:00+00:00 [queued]>
[2024-08-04T22:20:15.986+0000] {taskinstance.py:2076} INFO - Dependencies all met for dep_context=requeueable deps ti=<TaskInstance: etl_dag.create_dim_company scheduled__2024-08-04T22:10:00+00:00 [queued]>
[2024-08-04T22:20:15.987+0000] {taskinstance.py:2306} INFO - Starting attempt 1 of 6
[2024-08-04T22:20:15.999+0000] {taskinstance.py:2330} INFO - Executing <Task(PostgresOperator): create_dim_company> on 2024-08-04 22:10:00+00:00
[2024-08-04T22:20:16.202+0000] {warnings.py:112} WARNING - /home/***/.local/lib/python3.12/site-packages/***/task/task_runner/standard_task_runner.py:62: DeprecationWarning: This process (pid=347) is multi-threaded, use of fork() may lead to deadlocks in the child.
  pid = os.fork()

[2024-08-04T22:20:16.208+0000] {standard_task_runner.py:90} INFO - Running: ['***', 'tasks', 'run', 'etl_dag', 'create_dim_company', 'scheduled__2024-08-04T22:10:00+00:00', '--job-id', '1152', '--raw', '--subdir', 'DAGS_FOLDER/etl_dag.py', '--cfg-path', '/tmp/tmp1xmuve6s']
[2024-08-04T22:20:16.209+0000] {standard_task_runner.py:64} INFO - Started process 353 to run task
[2024-08-04T22:20:16.211+0000] {standard_task_runner.py:91} INFO - Job 1152: Subtask create_dim_company
[2024-08-04T22:20:16.431+0000] {task_command.py:426} INFO - Running <TaskInstance: etl_dag.create_dim_company scheduled__2024-08-04T22:10:00+00:00 [running]> on host 88edf8e2824b
[2024-08-04T22:20:16.651+0000] {taskinstance.py:2648} INFO - Exporting env vars: AIRFLOW_CTX_DAG_OWNER='Gabriel Almeida' AIRFLOW_CTX_DAG_ID='etl_dag' AIRFLOW_CTX_TASK_ID='create_dim_company' AIRFLOW_CTX_EXECUTION_DATE='2024-08-04T22:10:00+00:00' AIRFLOW_CTX_TRY_NUMBER='1' AIRFLOW_CTX_DAG_RUN_ID='scheduled__2024-08-04T22:10:00+00:00'
[2024-08-04T22:20:16.655+0000] {taskinstance.py:430} INFO - ::endgroup::
[2024-08-04T22:20:16.656+0000] {sql.py:282} INFO - Executing: 
            CREATE TABLE IF NOT EXISTS DimCompany (
                id_company SERIAL PRIMARY KEY,
                company VARCHAR(255) UNIQUE NOT NULL
            );
        
[2024-08-04T22:20:16.669+0000] {base.py:84} INFO - Using connection ID 'postgres_conn' for task execution.
[2024-08-04T22:20:16.693+0000] {base.py:84} INFO - Using connection ID 'postgres_conn' for task execution.
[2024-08-04T22:20:16.704+0000] {sql.py:495} INFO - Running statement: 
            CREATE TABLE IF NOT EXISTS DimCompany (
                id_company SERIAL PRIMARY KEY,
                company VARCHAR(255) UNIQUE NOT NULL
            );
        , parameters: None
[2024-08-04T22:20:16.707+0000] {taskinstance.py:441} INFO - ::group::Post task execution logs
[2024-08-04T22:20:16.715+0000] {taskinstance.py:1206} INFO - Marking task as SUCCESS. dag_id=etl_dag, task_id=create_dim_company, run_id=scheduled__2024-08-04T22:10:00+00:00, execution_date=20240804T221000, start_date=20240804T222015, end_date=20240804T222016
[2024-08-04T22:20:16.747+0000] {local_task_job_runner.py:243} INFO - Task exited with return code 0
[2024-08-04T22:20:16.768+0000] {warnings.py:112} WARNING - /home/***/.local/lib/python3.12/site-packages/***/models/baseoperator.py:1297: AirflowProviderDeprecationWarning: Call to deprecated class PostgresOperator. (Please use `***.providers.common.sql.operators.sql.SQLExecuteQueryOperator`.Also, you can provide `hook_params={'schema': <database>}`.)
  result = cls.__new__(cls)

[2024-08-04T22:20:16.791+0000] {taskinstance.py:3503} INFO - 1 downstream tasks scheduled from follow-on schedule check
[2024-08-04T22:20:16.793+0000] {local_task_job_runner.py:222} INFO - ::endgroup::
