[2024-08-04T19:15:44.052+0000] {local_task_job_runner.py:120} INFO - ::group::Pre task execution logs
[2024-08-04T19:15:44.087+0000] {taskinstance.py:2076} INFO - Dependencies all met for dep_context=non-requeueable deps ti=<TaskInstance: etl_dag.create_dim_company manual__2024-08-04T19:15:31.445371+00:00 [queued]>
[2024-08-04T19:15:44.099+0000] {taskinstance.py:2076} INFO - Dependencies all met for dep_context=requeueable deps ti=<TaskInstance: etl_dag.create_dim_company manual__2024-08-04T19:15:31.445371+00:00 [queued]>
[2024-08-04T19:15:44.100+0000] {taskinstance.py:2306} INFO - Starting attempt 1 of 6
[2024-08-04T19:15:44.114+0000] {taskinstance.py:2330} INFO - Executing <Task(PostgresOperator): create_dim_company> on 2024-08-04 19:15:31.445371+00:00
[2024-08-04T19:15:44.143+0000] {standard_task_runner.py:90} INFO - Running: ['***', 'tasks', 'run', 'etl_dag', 'create_dim_company', 'manual__2024-08-04T19:15:31.445371+00:00', '--job-id', '779', '--raw', '--subdir', 'DAGS_FOLDER/etl_dag.py', '--cfg-path', '/tmp/tmpadv2fzmc']
[2024-08-04T19:15:44.145+0000] {standard_task_runner.py:91} INFO - Job 779: Subtask create_dim_company
[2024-08-04T19:15:44.149+0000] {warnings.py:112} WARNING - /home/***/.local/lib/python3.12/site-packages/***/task/task_runner/standard_task_runner.py:62: DeprecationWarning: This process (pid=887) is multi-threaded, use of fork() may lead to deadlocks in the child.
  pid = os.fork()

[2024-08-04T19:15:44.150+0000] {standard_task_runner.py:64} INFO - Started process 893 to run task
[2024-08-04T19:15:44.350+0000] {task_command.py:426} INFO - Running <TaskInstance: etl_dag.create_dim_company manual__2024-08-04T19:15:31.445371+00:00 [running]> on host 83ccd21ce624
[2024-08-04T19:15:44.635+0000] {taskinstance.py:2648} INFO - Exporting env vars: AIRFLOW_CTX_DAG_OWNER='Gabriel Almeida' AIRFLOW_CTX_DAG_ID='etl_dag' AIRFLOW_CTX_TASK_ID='create_dim_company' AIRFLOW_CTX_EXECUTION_DATE='2024-08-04T19:15:31.445371+00:00' AIRFLOW_CTX_TRY_NUMBER='1' AIRFLOW_CTX_DAG_RUN_ID='manual__2024-08-04T19:15:31.445371+00:00'
[2024-08-04T19:15:44.656+0000] {taskinstance.py:430} INFO - ::endgroup::
[2024-08-04T19:15:44.657+0000] {sql.py:282} INFO - Executing: 
            CREATE TABLE IF NOT EXISTS DimCompany (
                id_company INT PRIMARY KEY,
                company VARCHAR(255)
            );
        
[2024-08-04T19:15:44.713+0000] {base.py:84} INFO - Using connection ID 'postgres_conn' for task execution.
[2024-08-04T19:15:44.758+0000] {base.py:84} INFO - Using connection ID 'postgres_conn' for task execution.
[2024-08-04T19:15:44.808+0000] {sql.py:495} INFO - Running statement: 
            CREATE TABLE IF NOT EXISTS DimCompany (
                id_company INT PRIMARY KEY,
                company VARCHAR(255)
            );
        , parameters: None
[2024-08-04T19:15:44.813+0000] {taskinstance.py:441} INFO - ::group::Post task execution logs
[2024-08-04T19:15:44.832+0000] {taskinstance.py:1206} INFO - Marking task as SUCCESS. dag_id=etl_dag, task_id=create_dim_company, run_id=manual__2024-08-04T19:15:31.445371+00:00, execution_date=20240804T191531, start_date=20240804T191544, end_date=20240804T191544
[2024-08-04T19:15:44.869+0000] {local_task_job_runner.py:243} INFO - Task exited with return code 0
[2024-08-04T19:15:44.888+0000] {warnings.py:112} WARNING - /home/***/.local/lib/python3.12/site-packages/***/models/baseoperator.py:1297: AirflowProviderDeprecationWarning: Call to deprecated class PostgresOperator. (Please use `***.providers.common.sql.operators.sql.SQLExecuteQueryOperator`.Also, you can provide `hook_params={'schema': <database>}`.)
  result = cls.__new__(cls)

[2024-08-04T19:15:44.902+0000] {taskinstance.py:3503} INFO - 0 downstream tasks scheduled from follow-on schedule check
[2024-08-04T19:15:44.903+0000] {local_task_job_runner.py:222} INFO - ::endgroup::
