[2024-08-02T12:10:04.743+0000] {local_task_job_runner.py:120} INFO - ::group::Pre task execution logs
[2024-08-02T12:10:04.754+0000] {taskinstance.py:2076} INFO - Dependencies all met for dep_context=non-requeueable deps ti=<TaskInstance: etl_dag.transform_data scheduled__2024-08-02T12:00:00+00:00 [queued]>
[2024-08-02T12:10:04.758+0000] {taskinstance.py:2076} INFO - Dependencies all met for dep_context=requeueable deps ti=<TaskInstance: etl_dag.transform_data scheduled__2024-08-02T12:00:00+00:00 [queued]>
[2024-08-02T12:10:04.758+0000] {taskinstance.py:2306} INFO - Starting attempt 1 of 6
[2024-08-02T12:10:04.767+0000] {taskinstance.py:2330} INFO - Executing <Task(PythonOperator): transform_data> on 2024-08-02 12:00:00+00:00
[2024-08-02T12:10:04.792+0000] {standard_task_runner.py:90} INFO - Running: ['***', 'tasks', 'run', 'etl_dag', 'transform_data', 'scheduled__2024-08-02T12:00:00+00:00', '--job-id', '344', '--raw', '--subdir', 'DAGS_FOLDER/etl_dag.py', '--cfg-path', '/tmp/tmp8l_dn4oi']
[2024-08-02T12:10:04.795+0000] {standard_task_runner.py:91} INFO - Job 344: Subtask transform_data
[2024-08-02T12:10:04.790+0000] {warnings.py:112} WARNING - /home/***/.local/lib/python3.12/site-packages/***/task/task_runner/standard_task_runner.py:62: DeprecationWarning: This process (pid=1632) is multi-threaded, use of fork() may lead to deadlocks in the child.
  pid = os.fork()

[2024-08-02T12:10:04.798+0000] {standard_task_runner.py:64} INFO - Started process 1641 to run task
[2024-08-02T12:10:04.894+0000] {task_command.py:426} INFO - Running <TaskInstance: etl_dag.transform_data scheduled__2024-08-02T12:00:00+00:00 [running]> on host 69633e19c226
[2024-08-02T12:10:04.983+0000] {taskinstance.py:2648} INFO - Exporting env vars: AIRFLOW_CTX_DAG_OWNER='Gabriel Almeida' AIRFLOW_CTX_DAG_ID='etl_dag' AIRFLOW_CTX_TASK_ID='transform_data' AIRFLOW_CTX_EXECUTION_DATE='2024-08-02T12:00:00+00:00' AIRFLOW_CTX_TRY_NUMBER='1' AIRFLOW_CTX_DAG_RUN_ID='scheduled__2024-08-02T12:00:00+00:00'
[2024-08-02T12:10:04.985+0000] {taskinstance.py:430} INFO - ::endgroup::
[2024-08-02T12:10:05.008+0000] {logging_mixin.py:188} INFO - DataFrame:
[2024-08-02T12:10:05.034+0000] {logging_mixin.py:188} INFO -         id  id_campaign  ...                      opened_at clicked_at
0  1822658         2517  ...  2024-07-23T18:43:24.000-03:00       None
1  1822659         2517  ...  2024-07-23T23:23:54.000-03:00       None
2  1822660         2517  ...  2024-07-23T18:43:24.000-03:00       None
3  1822661         2517  ...                           None       None
4  1822662         2517  ...  2024-07-23T18:43:34.000-03:00       None

[5 rows x 12 columns]
[2024-08-02T12:10:05.049+0000] {crypto.py:82} WARNING - empty cryptography key - values will not be stored encrypted.
[2024-08-02T12:10:05.052+0000] {python.py:237} INFO - Done. Returned value was:           id  id_campaign  ...                      opened_at clicked_at
0    1822658         2517  ...  2024-07-23T18:43:24.000-03:00       None
1    1822659         2517  ...  2024-07-23T23:23:54.000-03:00       None
2    1822660         2517  ...  2024-07-23T18:43:24.000-03:00       None
3    1822661         2517  ...                           None       None
4    1822662         2517  ...  2024-07-23T18:43:34.000-03:00       None
..       ...          ...  ...                            ...        ...
995  1823653         2519  ...                           None       None
996  1823654         2519  ...  2024-07-24T16:03:45.000-03:00       None
997  1823655         2519  ...                           None       None
998  1823656         2519  ...  2024-07-24T17:00:32.000-03:00       None
999  1823657         2519  ...  2024-07-24T16:03:41.000-03:00       None

[1000 rows x 12 columns]
[2024-08-02T12:10:05.063+0000] {taskinstance.py:441} INFO - ::group::Post task execution logs
[2024-08-02T12:10:05.114+0000] {taskinstance.py:1206} INFO - Marking task as SUCCESS. dag_id=etl_dag, task_id=transform_data, run_id=scheduled__2024-08-02T12:00:00+00:00, execution_date=20240802T120000, start_date=20240802T121004, end_date=20240802T121005
[2024-08-02T12:10:05.149+0000] {local_task_job_runner.py:243} INFO - Task exited with return code 0
[2024-08-02T12:10:05.158+0000] {warnings.py:112} WARNING - /home/***/.local/lib/python3.12/site-packages/***/models/baseoperator.py:1297: AirflowProviderDeprecationWarning: Call to deprecated class PostgresOperator. (Please use `***.providers.common.sql.operators.sql.SQLExecuteQueryOperator`.Also, you can provide `hook_params={'schema': <database>}`.)
  result = cls.__new__(cls)

[2024-08-02T12:10:05.169+0000] {taskinstance.py:3503} INFO - 1 downstream tasks scheduled from follow-on schedule check
[2024-08-02T12:10:05.170+0000] {local_task_job_runner.py:222} INFO - ::endgroup::
