[2024-08-05T00:00:27.001+0000] {processor.py:161} INFO - Started process (PID=13103) to work on /home/airflow/.local/lib/python3.12/site-packages/airflow/example_dags/example_xcomargs.py
[2024-08-05T00:00:27.005+0000] {processor.py:830} INFO - Processing file /home/airflow/.local/lib/python3.12/site-packages/airflow/example_dags/example_xcomargs.py for tasks to queue
[2024-08-05T00:00:27.013+0000] {logging_mixin.py:188} INFO - [2024-08-05T00:00:27.010+0000] {dagbag.py:545} INFO - Filling up the DagBag from /home/airflow/.local/lib/python3.12/site-packages/airflow/example_dags/example_xcomargs.py
[2024-08-05T00:00:27.235+0000] {processor.py:840} INFO - DAG(s) 'example_xcom_args', 'example_xcom_args_with_operators' retrieved from /home/airflow/.local/lib/python3.12/site-packages/airflow/example_dags/example_xcomargs.py
[2024-08-05T00:00:27.415+0000] {logging_mixin.py:188} INFO - [2024-08-05T00:00:27.412+0000] {dag.py:3089} INFO - Sync 2 DAGs
[2024-08-05T00:00:27.547+0000] {logging_mixin.py:188} INFO - [2024-08-05T00:00:27.547+0000] {dag.py:3947} INFO - Setting next_dagrun for example_xcom_args to None, run_after=None
[2024-08-05T00:00:27.577+0000] {logging_mixin.py:188} INFO - [2024-08-05T00:00:27.576+0000] {dag.py:3947} INFO - Setting next_dagrun for example_xcom_args_with_operators to None, run_after=None
[2024-08-05T00:00:27.650+0000] {processor.py:183} INFO - Processing /home/airflow/.local/lib/python3.12/site-packages/airflow/example_dags/example_xcomargs.py took 0.673 seconds
[2024-08-05T00:00:57.997+0000] {processor.py:161} INFO - Started process (PID=13173) to work on /home/airflow/.local/lib/python3.12/site-packages/airflow/example_dags/example_xcomargs.py
[2024-08-05T00:00:58.001+0000] {processor.py:830} INFO - Processing file /home/airflow/.local/lib/python3.12/site-packages/airflow/example_dags/example_xcomargs.py for tasks to queue
[2024-08-05T00:00:58.003+0000] {logging_mixin.py:188} INFO - [2024-08-05T00:00:58.002+0000] {dagbag.py:545} INFO - Filling up the DagBag from /home/airflow/.local/lib/python3.12/site-packages/airflow/example_dags/example_xcomargs.py
[2024-08-05T00:00:58.015+0000] {processor.py:840} INFO - DAG(s) 'example_xcom_args', 'example_xcom_args_with_operators' retrieved from /home/airflow/.local/lib/python3.12/site-packages/airflow/example_dags/example_xcomargs.py
[2024-08-05T00:00:58.203+0000] {logging_mixin.py:188} INFO - [2024-08-05T00:00:58.195+0000] {dag.py:3089} INFO - Sync 2 DAGs
[2024-08-05T00:00:58.254+0000] {logging_mixin.py:188} INFO - [2024-08-05T00:00:58.254+0000] {dag.py:3947} INFO - Setting next_dagrun for example_xcom_args to None, run_after=None
[2024-08-05T00:00:58.260+0000] {logging_mixin.py:188} INFO - [2024-08-05T00:00:58.259+0000] {dag.py:3947} INFO - Setting next_dagrun for example_xcom_args_with_operators to None, run_after=None
[2024-08-05T00:00:58.289+0000] {processor.py:183} INFO - Processing /home/airflow/.local/lib/python3.12/site-packages/airflow/example_dags/example_xcomargs.py took 0.325 seconds
[2024-08-05T00:01:28.399+0000] {processor.py:161} INFO - Started process (PID=13232) to work on /home/airflow/.local/lib/python3.12/site-packages/airflow/example_dags/example_xcomargs.py
[2024-08-05T00:01:28.399+0000] {processor.py:830} INFO - Processing file /home/airflow/.local/lib/python3.12/site-packages/airflow/example_dags/example_xcomargs.py for tasks to queue
[2024-08-05T00:01:28.400+0000] {logging_mixin.py:188} INFO - [2024-08-05T00:01:28.400+0000] {dagbag.py:545} INFO - Filling up the DagBag from /home/airflow/.local/lib/python3.12/site-packages/airflow/example_dags/example_xcomargs.py
[2024-08-05T00:01:28.407+0000] {processor.py:840} INFO - DAG(s) 'example_xcom_args_with_operators', 'example_xcom_args' retrieved from /home/airflow/.local/lib/python3.12/site-packages/airflow/example_dags/example_xcomargs.py
[2024-08-05T00:01:28.422+0000] {logging_mixin.py:188} INFO - [2024-08-05T00:01:28.422+0000] {dag.py:3089} INFO - Sync 2 DAGs
[2024-08-05T00:01:28.435+0000] {logging_mixin.py:188} INFO - [2024-08-05T00:01:28.434+0000] {dag.py:3947} INFO - Setting next_dagrun for example_xcom_args to None, run_after=None
[2024-08-05T00:01:28.438+0000] {logging_mixin.py:188} INFO - [2024-08-05T00:01:28.438+0000] {dag.py:3947} INFO - Setting next_dagrun for example_xcom_args_with_operators to None, run_after=None
[2024-08-05T00:01:28.449+0000] {processor.py:183} INFO - Processing /home/airflow/.local/lib/python3.12/site-packages/airflow/example_dags/example_xcomargs.py took 0.054 seconds
[2024-08-05T00:01:59.140+0000] {processor.py:161} INFO - Started process (PID=13303) to work on /home/airflow/.local/lib/python3.12/site-packages/airflow/example_dags/example_xcomargs.py
[2024-08-05T00:01:59.141+0000] {processor.py:830} INFO - Processing file /home/airflow/.local/lib/python3.12/site-packages/airflow/example_dags/example_xcomargs.py for tasks to queue
[2024-08-05T00:01:59.141+0000] {logging_mixin.py:188} INFO - [2024-08-05T00:01:59.141+0000] {dagbag.py:545} INFO - Filling up the DagBag from /home/airflow/.local/lib/python3.12/site-packages/airflow/example_dags/example_xcomargs.py
[2024-08-05T00:01:59.149+0000] {processor.py:840} INFO - DAG(s) 'example_xcom_args_with_operators', 'example_xcom_args' retrieved from /home/airflow/.local/lib/python3.12/site-packages/airflow/example_dags/example_xcomargs.py
[2024-08-05T00:01:59.166+0000] {logging_mixin.py:188} INFO - [2024-08-05T00:01:59.166+0000] {dag.py:3089} INFO - Sync 2 DAGs
[2024-08-05T00:01:59.173+0000] {logging_mixin.py:188} INFO - [2024-08-05T00:01:59.173+0000] {dag.py:3947} INFO - Setting next_dagrun for example_xcom_args to None, run_after=None
[2024-08-05T00:01:59.175+0000] {logging_mixin.py:188} INFO - [2024-08-05T00:01:59.175+0000] {dag.py:3947} INFO - Setting next_dagrun for example_xcom_args_with_operators to None, run_after=None
[2024-08-05T00:01:59.184+0000] {processor.py:183} INFO - Processing /home/airflow/.local/lib/python3.12/site-packages/airflow/example_dags/example_xcomargs.py took 0.050 seconds
[2024-08-05T00:02:29.561+0000] {processor.py:161} INFO - Started process (PID=13364) to work on /home/airflow/.local/lib/python3.12/site-packages/airflow/example_dags/example_xcomargs.py
[2024-08-05T00:02:29.561+0000] {processor.py:830} INFO - Processing file /home/airflow/.local/lib/python3.12/site-packages/airflow/example_dags/example_xcomargs.py for tasks to queue
[2024-08-05T00:02:29.562+0000] {logging_mixin.py:188} INFO - [2024-08-05T00:02:29.562+0000] {dagbag.py:545} INFO - Filling up the DagBag from /home/airflow/.local/lib/python3.12/site-packages/airflow/example_dags/example_xcomargs.py
[2024-08-05T00:02:29.575+0000] {processor.py:840} INFO - DAG(s) 'example_xcom_args_with_operators', 'example_xcom_args' retrieved from /home/airflow/.local/lib/python3.12/site-packages/airflow/example_dags/example_xcomargs.py
[2024-08-05T00:02:29.602+0000] {logging_mixin.py:188} INFO - [2024-08-05T00:02:29.602+0000] {dag.py:3089} INFO - Sync 2 DAGs
[2024-08-05T00:02:29.611+0000] {logging_mixin.py:188} INFO - [2024-08-05T00:02:29.611+0000] {dag.py:3947} INFO - Setting next_dagrun for example_xcom_args to None, run_after=None
[2024-08-05T00:02:29.613+0000] {logging_mixin.py:188} INFO - [2024-08-05T00:02:29.613+0000] {dag.py:3947} INFO - Setting next_dagrun for example_xcom_args_with_operators to None, run_after=None
[2024-08-05T00:02:29.622+0000] {processor.py:183} INFO - Processing /home/airflow/.local/lib/python3.12/site-packages/airflow/example_dags/example_xcomargs.py took 0.064 seconds
[2024-08-05T00:02:59.901+0000] {processor.py:161} INFO - Started process (PID=13425) to work on /home/airflow/.local/lib/python3.12/site-packages/airflow/example_dags/example_xcomargs.py
[2024-08-05T00:02:59.901+0000] {processor.py:830} INFO - Processing file /home/airflow/.local/lib/python3.12/site-packages/airflow/example_dags/example_xcomargs.py for tasks to queue
[2024-08-05T00:02:59.902+0000] {logging_mixin.py:188} INFO - [2024-08-05T00:02:59.902+0000] {dagbag.py:545} INFO - Filling up the DagBag from /home/airflow/.local/lib/python3.12/site-packages/airflow/example_dags/example_xcomargs.py
[2024-08-05T00:02:59.907+0000] {processor.py:840} INFO - DAG(s) 'example_xcom_args', 'example_xcom_args_with_operators' retrieved from /home/airflow/.local/lib/python3.12/site-packages/airflow/example_dags/example_xcomargs.py
[2024-08-05T00:02:59.921+0000] {logging_mixin.py:188} INFO - [2024-08-05T00:02:59.920+0000] {dag.py:3089} INFO - Sync 2 DAGs
[2024-08-05T00:02:59.926+0000] {logging_mixin.py:188} INFO - [2024-08-05T00:02:59.926+0000] {dag.py:3947} INFO - Setting next_dagrun for example_xcom_args to None, run_after=None
[2024-08-05T00:02:59.928+0000] {logging_mixin.py:188} INFO - [2024-08-05T00:02:59.928+0000] {dag.py:3947} INFO - Setting next_dagrun for example_xcom_args_with_operators to None, run_after=None
[2024-08-05T00:02:59.935+0000] {processor.py:183} INFO - Processing /home/airflow/.local/lib/python3.12/site-packages/airflow/example_dags/example_xcomargs.py took 0.038 seconds
[2024-08-05T00:03:30.217+0000] {processor.py:161} INFO - Started process (PID=13486) to work on /home/airflow/.local/lib/python3.12/site-packages/airflow/example_dags/example_xcomargs.py
[2024-08-05T00:03:30.221+0000] {processor.py:830} INFO - Processing file /home/airflow/.local/lib/python3.12/site-packages/airflow/example_dags/example_xcomargs.py for tasks to queue
[2024-08-05T00:03:30.222+0000] {logging_mixin.py:188} INFO - [2024-08-05T00:03:30.221+0000] {dagbag.py:545} INFO - Filling up the DagBag from /home/airflow/.local/lib/python3.12/site-packages/airflow/example_dags/example_xcomargs.py
[2024-08-05T00:03:30.227+0000] {processor.py:840} INFO - DAG(s) 'example_xcom_args', 'example_xcom_args_with_operators' retrieved from /home/airflow/.local/lib/python3.12/site-packages/airflow/example_dags/example_xcomargs.py
[2024-08-05T00:03:30.243+0000] {logging_mixin.py:188} INFO - [2024-08-05T00:03:30.242+0000] {dag.py:3089} INFO - Sync 2 DAGs
[2024-08-05T00:03:30.249+0000] {logging_mixin.py:188} INFO - [2024-08-05T00:03:30.249+0000] {dag.py:3947} INFO - Setting next_dagrun for example_xcom_args to None, run_after=None
[2024-08-05T00:03:30.251+0000] {logging_mixin.py:188} INFO - [2024-08-05T00:03:30.251+0000] {dag.py:3947} INFO - Setting next_dagrun for example_xcom_args_with_operators to None, run_after=None
[2024-08-05T00:03:30.258+0000] {processor.py:183} INFO - Processing /home/airflow/.local/lib/python3.12/site-packages/airflow/example_dags/example_xcomargs.py took 0.044 seconds
[2024-08-05T00:04:00.609+0000] {processor.py:161} INFO - Started process (PID=13547) to work on /home/airflow/.local/lib/python3.12/site-packages/airflow/example_dags/example_xcomargs.py
[2024-08-05T00:04:00.610+0000] {processor.py:830} INFO - Processing file /home/airflow/.local/lib/python3.12/site-packages/airflow/example_dags/example_xcomargs.py for tasks to queue
[2024-08-05T00:04:00.610+0000] {logging_mixin.py:188} INFO - [2024-08-05T00:04:00.610+0000] {dagbag.py:545} INFO - Filling up the DagBag from /home/airflow/.local/lib/python3.12/site-packages/airflow/example_dags/example_xcomargs.py
[2024-08-05T00:04:00.616+0000] {processor.py:840} INFO - DAG(s) 'example_xcom_args_with_operators', 'example_xcom_args' retrieved from /home/airflow/.local/lib/python3.12/site-packages/airflow/example_dags/example_xcomargs.py
[2024-08-05T00:04:00.634+0000] {logging_mixin.py:188} INFO - [2024-08-05T00:04:00.634+0000] {dag.py:3089} INFO - Sync 2 DAGs
[2024-08-05T00:04:00.641+0000] {logging_mixin.py:188} INFO - [2024-08-05T00:04:00.641+0000] {dag.py:3947} INFO - Setting next_dagrun for example_xcom_args to None, run_after=None
[2024-08-05T00:04:00.643+0000] {logging_mixin.py:188} INFO - [2024-08-05T00:04:00.642+0000] {dag.py:3947} INFO - Setting next_dagrun for example_xcom_args_with_operators to None, run_after=None
[2024-08-05T00:04:00.651+0000] {processor.py:183} INFO - Processing /home/airflow/.local/lib/python3.12/site-packages/airflow/example_dags/example_xcomargs.py took 0.047 seconds
[2024-08-05T00:04:31.126+0000] {processor.py:161} INFO - Started process (PID=13608) to work on /home/airflow/.local/lib/python3.12/site-packages/airflow/example_dags/example_xcomargs.py
[2024-08-05T00:04:31.127+0000] {processor.py:830} INFO - Processing file /home/airflow/.local/lib/python3.12/site-packages/airflow/example_dags/example_xcomargs.py for tasks to queue
[2024-08-05T00:04:31.128+0000] {logging_mixin.py:188} INFO - [2024-08-05T00:04:31.128+0000] {dagbag.py:545} INFO - Filling up the DagBag from /home/airflow/.local/lib/python3.12/site-packages/airflow/example_dags/example_xcomargs.py
[2024-08-05T00:04:31.133+0000] {processor.py:840} INFO - DAG(s) 'example_xcom_args', 'example_xcom_args_with_operators' retrieved from /home/airflow/.local/lib/python3.12/site-packages/airflow/example_dags/example_xcomargs.py
[2024-08-05T00:04:31.148+0000] {logging_mixin.py:188} INFO - [2024-08-05T00:04:31.148+0000] {dag.py:3089} INFO - Sync 2 DAGs
[2024-08-05T00:04:31.155+0000] {logging_mixin.py:188} INFO - [2024-08-05T00:04:31.155+0000] {dag.py:3947} INFO - Setting next_dagrun for example_xcom_args to None, run_after=None
[2024-08-05T00:04:31.157+0000] {logging_mixin.py:188} INFO - [2024-08-05T00:04:31.157+0000] {dag.py:3947} INFO - Setting next_dagrun for example_xcom_args_with_operators to None, run_after=None
[2024-08-05T00:04:31.165+0000] {processor.py:183} INFO - Processing /home/airflow/.local/lib/python3.12/site-packages/airflow/example_dags/example_xcomargs.py took 0.041 seconds
[2024-08-05T00:05:01.433+0000] {processor.py:161} INFO - Started process (PID=13669) to work on /home/airflow/.local/lib/python3.12/site-packages/airflow/example_dags/example_xcomargs.py
[2024-08-05T00:05:01.434+0000] {processor.py:830} INFO - Processing file /home/airflow/.local/lib/python3.12/site-packages/airflow/example_dags/example_xcomargs.py for tasks to queue
[2024-08-05T00:05:01.435+0000] {logging_mixin.py:188} INFO - [2024-08-05T00:05:01.434+0000] {dagbag.py:545} INFO - Filling up the DagBag from /home/airflow/.local/lib/python3.12/site-packages/airflow/example_dags/example_xcomargs.py
[2024-08-05T00:05:01.442+0000] {processor.py:840} INFO - DAG(s) 'example_xcom_args_with_operators', 'example_xcom_args' retrieved from /home/airflow/.local/lib/python3.12/site-packages/airflow/example_dags/example_xcomargs.py
[2024-08-05T00:05:01.457+0000] {logging_mixin.py:188} INFO - [2024-08-05T00:05:01.457+0000] {dag.py:3089} INFO - Sync 2 DAGs
[2024-08-05T00:05:01.464+0000] {logging_mixin.py:188} INFO - [2024-08-05T00:05:01.464+0000] {dag.py:3947} INFO - Setting next_dagrun for example_xcom_args to None, run_after=None
[2024-08-05T00:05:01.466+0000] {logging_mixin.py:188} INFO - [2024-08-05T00:05:01.466+0000] {dag.py:3947} INFO - Setting next_dagrun for example_xcom_args_with_operators to None, run_after=None
[2024-08-05T00:05:01.473+0000] {processor.py:183} INFO - Processing /home/airflow/.local/lib/python3.12/site-packages/airflow/example_dags/example_xcomargs.py took 0.044 seconds
[2024-08-05T00:05:32.299+0000] {processor.py:161} INFO - Started process (PID=13730) to work on /home/airflow/.local/lib/python3.12/site-packages/airflow/example_dags/example_xcomargs.py
[2024-08-05T00:05:32.299+0000] {processor.py:830} INFO - Processing file /home/airflow/.local/lib/python3.12/site-packages/airflow/example_dags/example_xcomargs.py for tasks to queue
[2024-08-05T00:05:32.300+0000] {logging_mixin.py:188} INFO - [2024-08-05T00:05:32.300+0000] {dagbag.py:545} INFO - Filling up the DagBag from /home/airflow/.local/lib/python3.12/site-packages/airflow/example_dags/example_xcomargs.py
[2024-08-05T00:05:32.306+0000] {processor.py:840} INFO - DAG(s) 'example_xcom_args', 'example_xcom_args_with_operators' retrieved from /home/airflow/.local/lib/python3.12/site-packages/airflow/example_dags/example_xcomargs.py
[2024-08-05T00:05:32.320+0000] {logging_mixin.py:188} INFO - [2024-08-05T00:05:32.320+0000] {dag.py:3089} INFO - Sync 2 DAGs
[2024-08-05T00:05:32.327+0000] {logging_mixin.py:188} INFO - [2024-08-05T00:05:32.327+0000] {dag.py:3947} INFO - Setting next_dagrun for example_xcom_args to None, run_after=None
[2024-08-05T00:05:32.329+0000] {logging_mixin.py:188} INFO - [2024-08-05T00:05:32.329+0000] {dag.py:3947} INFO - Setting next_dagrun for example_xcom_args_with_operators to None, run_after=None
[2024-08-05T00:05:32.336+0000] {processor.py:183} INFO - Processing /home/airflow/.local/lib/python3.12/site-packages/airflow/example_dags/example_xcomargs.py took 0.041 seconds
[2024-08-05T00:06:02.626+0000] {processor.py:161} INFO - Started process (PID=13791) to work on /home/airflow/.local/lib/python3.12/site-packages/airflow/example_dags/example_xcomargs.py
[2024-08-05T00:06:02.627+0000] {processor.py:830} INFO - Processing file /home/airflow/.local/lib/python3.12/site-packages/airflow/example_dags/example_xcomargs.py for tasks to queue
[2024-08-05T00:06:02.627+0000] {logging_mixin.py:188} INFO - [2024-08-05T00:06:02.627+0000] {dagbag.py:545} INFO - Filling up the DagBag from /home/airflow/.local/lib/python3.12/site-packages/airflow/example_dags/example_xcomargs.py
[2024-08-05T00:06:02.634+0000] {processor.py:840} INFO - DAG(s) 'example_xcom_args_with_operators', 'example_xcom_args' retrieved from /home/airflow/.local/lib/python3.12/site-packages/airflow/example_dags/example_xcomargs.py
[2024-08-05T00:06:02.648+0000] {logging_mixin.py:188} INFO - [2024-08-05T00:06:02.648+0000] {dag.py:3089} INFO - Sync 2 DAGs
[2024-08-05T00:06:02.655+0000] {logging_mixin.py:188} INFO - [2024-08-05T00:06:02.655+0000] {dag.py:3947} INFO - Setting next_dagrun for example_xcom_args to None, run_after=None
[2024-08-05T00:06:02.657+0000] {logging_mixin.py:188} INFO - [2024-08-05T00:06:02.657+0000] {dag.py:3947} INFO - Setting next_dagrun for example_xcom_args_with_operators to None, run_after=None
[2024-08-05T00:06:02.664+0000] {processor.py:183} INFO - Processing /home/airflow/.local/lib/python3.12/site-packages/airflow/example_dags/example_xcomargs.py took 0.041 seconds
[2024-08-05T00:06:33.128+0000] {processor.py:161} INFO - Started process (PID=13852) to work on /home/airflow/.local/lib/python3.12/site-packages/airflow/example_dags/example_xcomargs.py
[2024-08-05T00:06:33.129+0000] {processor.py:830} INFO - Processing file /home/airflow/.local/lib/python3.12/site-packages/airflow/example_dags/example_xcomargs.py for tasks to queue
[2024-08-05T00:06:33.129+0000] {logging_mixin.py:188} INFO - [2024-08-05T00:06:33.129+0000] {dagbag.py:545} INFO - Filling up the DagBag from /home/airflow/.local/lib/python3.12/site-packages/airflow/example_dags/example_xcomargs.py
[2024-08-05T00:06:33.137+0000] {processor.py:840} INFO - DAG(s) 'example_xcom_args_with_operators', 'example_xcom_args' retrieved from /home/airflow/.local/lib/python3.12/site-packages/airflow/example_dags/example_xcomargs.py
[2024-08-05T00:06:33.159+0000] {logging_mixin.py:188} INFO - [2024-08-05T00:06:33.159+0000] {dag.py:3089} INFO - Sync 2 DAGs
[2024-08-05T00:06:33.167+0000] {logging_mixin.py:188} INFO - [2024-08-05T00:06:33.167+0000] {dag.py:3947} INFO - Setting next_dagrun for example_xcom_args to None, run_after=None
[2024-08-05T00:06:33.169+0000] {logging_mixin.py:188} INFO - [2024-08-05T00:06:33.169+0000] {dag.py:3947} INFO - Setting next_dagrun for example_xcom_args_with_operators to None, run_after=None
[2024-08-05T00:06:33.177+0000] {processor.py:183} INFO - Processing /home/airflow/.local/lib/python3.12/site-packages/airflow/example_dags/example_xcomargs.py took 0.056 seconds
[2024-08-05T00:07:04.013+0000] {processor.py:161} INFO - Started process (PID=13923) to work on /home/airflow/.local/lib/python3.12/site-packages/airflow/example_dags/example_xcomargs.py
[2024-08-05T00:07:04.016+0000] {processor.py:830} INFO - Processing file /home/airflow/.local/lib/python3.12/site-packages/airflow/example_dags/example_xcomargs.py for tasks to queue
[2024-08-05T00:07:04.018+0000] {logging_mixin.py:188} INFO - [2024-08-05T00:07:04.018+0000] {dagbag.py:545} INFO - Filling up the DagBag from /home/airflow/.local/lib/python3.12/site-packages/airflow/example_dags/example_xcomargs.py
[2024-08-05T00:07:04.029+0000] {processor.py:840} INFO - DAG(s) 'example_xcom_args_with_operators', 'example_xcom_args' retrieved from /home/airflow/.local/lib/python3.12/site-packages/airflow/example_dags/example_xcomargs.py
[2024-08-05T00:07:04.082+0000] {logging_mixin.py:188} INFO - [2024-08-05T00:07:04.082+0000] {dag.py:3089} INFO - Sync 2 DAGs
[2024-08-05T00:07:04.096+0000] {logging_mixin.py:188} INFO - [2024-08-05T00:07:04.096+0000] {dag.py:3947} INFO - Setting next_dagrun for example_xcom_args to None, run_after=None
[2024-08-05T00:07:04.108+0000] {logging_mixin.py:188} INFO - [2024-08-05T00:07:04.107+0000] {dag.py:3947} INFO - Setting next_dagrun for example_xcom_args_with_operators to None, run_after=None
[2024-08-05T00:07:04.151+0000] {processor.py:183} INFO - Processing /home/airflow/.local/lib/python3.12/site-packages/airflow/example_dags/example_xcomargs.py took 0.150 seconds
[2024-08-05T00:07:34.958+0000] {processor.py:161} INFO - Started process (PID=13984) to work on /home/airflow/.local/lib/python3.12/site-packages/airflow/example_dags/example_xcomargs.py
[2024-08-05T00:07:34.958+0000] {processor.py:830} INFO - Processing file /home/airflow/.local/lib/python3.12/site-packages/airflow/example_dags/example_xcomargs.py for tasks to queue
[2024-08-05T00:07:34.959+0000] {logging_mixin.py:188} INFO - [2024-08-05T00:07:34.959+0000] {dagbag.py:545} INFO - Filling up the DagBag from /home/airflow/.local/lib/python3.12/site-packages/airflow/example_dags/example_xcomargs.py
[2024-08-05T00:07:34.964+0000] {processor.py:840} INFO - DAG(s) 'example_xcom_args', 'example_xcom_args_with_operators' retrieved from /home/airflow/.local/lib/python3.12/site-packages/airflow/example_dags/example_xcomargs.py
[2024-08-05T00:07:34.982+0000] {logging_mixin.py:188} INFO - [2024-08-05T00:07:34.982+0000] {dag.py:3089} INFO - Sync 2 DAGs
[2024-08-05T00:07:34.989+0000] {logging_mixin.py:188} INFO - [2024-08-05T00:07:34.989+0000] {dag.py:3947} INFO - Setting next_dagrun for example_xcom_args to None, run_after=None
[2024-08-05T00:07:34.991+0000] {logging_mixin.py:188} INFO - [2024-08-05T00:07:34.991+0000] {dag.py:3947} INFO - Setting next_dagrun for example_xcom_args_with_operators to None, run_after=None
[2024-08-05T00:07:34.998+0000] {processor.py:183} INFO - Processing /home/airflow/.local/lib/python3.12/site-packages/airflow/example_dags/example_xcomargs.py took 0.046 seconds
[2024-08-05T00:08:05.433+0000] {processor.py:161} INFO - Started process (PID=14045) to work on /home/airflow/.local/lib/python3.12/site-packages/airflow/example_dags/example_xcomargs.py
[2024-08-05T00:08:05.434+0000] {processor.py:830} INFO - Processing file /home/airflow/.local/lib/python3.12/site-packages/airflow/example_dags/example_xcomargs.py for tasks to queue
[2024-08-05T00:08:05.435+0000] {logging_mixin.py:188} INFO - [2024-08-05T00:08:05.434+0000] {dagbag.py:545} INFO - Filling up the DagBag from /home/airflow/.local/lib/python3.12/site-packages/airflow/example_dags/example_xcomargs.py
[2024-08-05T00:08:05.441+0000] {processor.py:840} INFO - DAG(s) 'example_xcom_args_with_operators', 'example_xcom_args' retrieved from /home/airflow/.local/lib/python3.12/site-packages/airflow/example_dags/example_xcomargs.py
[2024-08-05T00:08:05.458+0000] {logging_mixin.py:188} INFO - [2024-08-05T00:08:05.458+0000] {dag.py:3089} INFO - Sync 2 DAGs
[2024-08-05T00:08:05.465+0000] {logging_mixin.py:188} INFO - [2024-08-05T00:08:05.465+0000] {dag.py:3947} INFO - Setting next_dagrun for example_xcom_args to None, run_after=None
[2024-08-05T00:08:05.468+0000] {logging_mixin.py:188} INFO - [2024-08-05T00:08:05.468+0000] {dag.py:3947} INFO - Setting next_dagrun for example_xcom_args_with_operators to None, run_after=None
[2024-08-05T00:08:05.475+0000] {processor.py:183} INFO - Processing /home/airflow/.local/lib/python3.12/site-packages/airflow/example_dags/example_xcomargs.py took 0.046 seconds
[2024-08-05T00:08:35.649+0000] {processor.py:161} INFO - Started process (PID=14106) to work on /home/airflow/.local/lib/python3.12/site-packages/airflow/example_dags/example_xcomargs.py
[2024-08-05T00:08:35.650+0000] {processor.py:830} INFO - Processing file /home/airflow/.local/lib/python3.12/site-packages/airflow/example_dags/example_xcomargs.py for tasks to queue
[2024-08-05T00:08:35.650+0000] {logging_mixin.py:188} INFO - [2024-08-05T00:08:35.650+0000] {dagbag.py:545} INFO - Filling up the DagBag from /home/airflow/.local/lib/python3.12/site-packages/airflow/example_dags/example_xcomargs.py
[2024-08-05T00:08:35.657+0000] {processor.py:840} INFO - DAG(s) 'example_xcom_args', 'example_xcom_args_with_operators' retrieved from /home/airflow/.local/lib/python3.12/site-packages/airflow/example_dags/example_xcomargs.py
[2024-08-05T00:08:35.672+0000] {logging_mixin.py:188} INFO - [2024-08-05T00:08:35.671+0000] {dag.py:3089} INFO - Sync 2 DAGs
[2024-08-05T00:08:35.678+0000] {logging_mixin.py:188} INFO - [2024-08-05T00:08:35.678+0000] {dag.py:3947} INFO - Setting next_dagrun for example_xcom_args to None, run_after=None
[2024-08-05T00:08:35.680+0000] {logging_mixin.py:188} INFO - [2024-08-05T00:08:35.680+0000] {dag.py:3947} INFO - Setting next_dagrun for example_xcom_args_with_operators to None, run_after=None
[2024-08-05T00:08:35.687+0000] {processor.py:183} INFO - Processing /home/airflow/.local/lib/python3.12/site-packages/airflow/example_dags/example_xcomargs.py took 0.042 seconds
[2024-08-05T00:09:06.177+0000] {processor.py:161} INFO - Started process (PID=14168) to work on /home/airflow/.local/lib/python3.12/site-packages/airflow/example_dags/example_xcomargs.py
[2024-08-05T00:09:06.177+0000] {processor.py:830} INFO - Processing file /home/airflow/.local/lib/python3.12/site-packages/airflow/example_dags/example_xcomargs.py for tasks to queue
[2024-08-05T00:09:06.178+0000] {logging_mixin.py:188} INFO - [2024-08-05T00:09:06.177+0000] {dagbag.py:545} INFO - Filling up the DagBag from /home/airflow/.local/lib/python3.12/site-packages/airflow/example_dags/example_xcomargs.py
[2024-08-05T00:09:06.184+0000] {processor.py:840} INFO - DAG(s) 'example_xcom_args_with_operators', 'example_xcom_args' retrieved from /home/airflow/.local/lib/python3.12/site-packages/airflow/example_dags/example_xcomargs.py
[2024-08-05T00:09:06.200+0000] {logging_mixin.py:188} INFO - [2024-08-05T00:09:06.200+0000] {dag.py:3089} INFO - Sync 2 DAGs
[2024-08-05T00:09:06.206+0000] {logging_mixin.py:188} INFO - [2024-08-05T00:09:06.206+0000] {dag.py:3947} INFO - Setting next_dagrun for example_xcom_args to None, run_after=None
[2024-08-05T00:09:06.208+0000] {logging_mixin.py:188} INFO - [2024-08-05T00:09:06.208+0000] {dag.py:3947} INFO - Setting next_dagrun for example_xcom_args_with_operators to None, run_after=None
[2024-08-05T00:09:06.215+0000] {processor.py:183} INFO - Processing /home/airflow/.local/lib/python3.12/site-packages/airflow/example_dags/example_xcomargs.py took 0.042 seconds
[2024-08-05T00:09:37.266+0000] {processor.py:161} INFO - Started process (PID=14229) to work on /home/airflow/.local/lib/python3.12/site-packages/airflow/example_dags/example_xcomargs.py
[2024-08-05T00:09:37.267+0000] {processor.py:830} INFO - Processing file /home/airflow/.local/lib/python3.12/site-packages/airflow/example_dags/example_xcomargs.py for tasks to queue
[2024-08-05T00:09:37.268+0000] {logging_mixin.py:188} INFO - [2024-08-05T00:09:37.268+0000] {dagbag.py:545} INFO - Filling up the DagBag from /home/airflow/.local/lib/python3.12/site-packages/airflow/example_dags/example_xcomargs.py
[2024-08-05T00:09:37.275+0000] {processor.py:840} INFO - DAG(s) 'example_xcom_args', 'example_xcom_args_with_operators' retrieved from /home/airflow/.local/lib/python3.12/site-packages/airflow/example_dags/example_xcomargs.py
[2024-08-05T00:09:37.290+0000] {logging_mixin.py:188} INFO - [2024-08-05T00:09:37.289+0000] {dag.py:3089} INFO - Sync 2 DAGs
[2024-08-05T00:09:37.297+0000] {logging_mixin.py:188} INFO - [2024-08-05T00:09:37.297+0000] {dag.py:3947} INFO - Setting next_dagrun for example_xcom_args to None, run_after=None
[2024-08-05T00:09:37.299+0000] {logging_mixin.py:188} INFO - [2024-08-05T00:09:37.299+0000] {dag.py:3947} INFO - Setting next_dagrun for example_xcom_args_with_operators to None, run_after=None
[2024-08-05T00:09:37.306+0000] {processor.py:183} INFO - Processing /home/airflow/.local/lib/python3.12/site-packages/airflow/example_dags/example_xcomargs.py took 0.044 seconds
[2024-08-05T00:10:08.331+0000] {processor.py:161} INFO - Started process (PID=14290) to work on /home/airflow/.local/lib/python3.12/site-packages/airflow/example_dags/example_xcomargs.py
[2024-08-05T00:10:08.333+0000] {processor.py:830} INFO - Processing file /home/airflow/.local/lib/python3.12/site-packages/airflow/example_dags/example_xcomargs.py for tasks to queue
[2024-08-05T00:10:08.333+0000] {logging_mixin.py:188} INFO - [2024-08-05T00:10:08.333+0000] {dagbag.py:545} INFO - Filling up the DagBag from /home/airflow/.local/lib/python3.12/site-packages/airflow/example_dags/example_xcomargs.py
[2024-08-05T00:10:08.341+0000] {processor.py:840} INFO - DAG(s) 'example_xcom_args', 'example_xcom_args_with_operators' retrieved from /home/airflow/.local/lib/python3.12/site-packages/airflow/example_dags/example_xcomargs.py
[2024-08-05T00:10:08.356+0000] {logging_mixin.py:188} INFO - [2024-08-05T00:10:08.356+0000] {dag.py:3089} INFO - Sync 2 DAGs
[2024-08-05T00:10:08.363+0000] {logging_mixin.py:188} INFO - [2024-08-05T00:10:08.363+0000] {dag.py:3947} INFO - Setting next_dagrun for example_xcom_args to None, run_after=None
[2024-08-05T00:10:08.365+0000] {logging_mixin.py:188} INFO - [2024-08-05T00:10:08.365+0000] {dag.py:3947} INFO - Setting next_dagrun for example_xcom_args_with_operators to None, run_after=None
[2024-08-05T00:10:08.376+0000] {processor.py:183} INFO - Processing /home/airflow/.local/lib/python3.12/site-packages/airflow/example_dags/example_xcomargs.py took 0.048 seconds
[2024-08-05T00:10:38.828+0000] {processor.py:161} INFO - Started process (PID=14361) to work on /home/airflow/.local/lib/python3.12/site-packages/airflow/example_dags/example_xcomargs.py
[2024-08-05T00:10:38.829+0000] {processor.py:830} INFO - Processing file /home/airflow/.local/lib/python3.12/site-packages/airflow/example_dags/example_xcomargs.py for tasks to queue
[2024-08-05T00:10:38.829+0000] {logging_mixin.py:188} INFO - [2024-08-05T00:10:38.829+0000] {dagbag.py:545} INFO - Filling up the DagBag from /home/airflow/.local/lib/python3.12/site-packages/airflow/example_dags/example_xcomargs.py
[2024-08-05T00:10:38.834+0000] {processor.py:840} INFO - DAG(s) 'example_xcom_args', 'example_xcom_args_with_operators' retrieved from /home/airflow/.local/lib/python3.12/site-packages/airflow/example_dags/example_xcomargs.py
[2024-08-05T00:10:38.849+0000] {logging_mixin.py:188} INFO - [2024-08-05T00:10:38.849+0000] {dag.py:3089} INFO - Sync 2 DAGs
[2024-08-05T00:10:38.855+0000] {logging_mixin.py:188} INFO - [2024-08-05T00:10:38.855+0000] {dag.py:3947} INFO - Setting next_dagrun for example_xcom_args to None, run_after=None
[2024-08-05T00:10:38.858+0000] {logging_mixin.py:188} INFO - [2024-08-05T00:10:38.858+0000] {dag.py:3947} INFO - Setting next_dagrun for example_xcom_args_with_operators to None, run_after=None
[2024-08-05T00:10:38.876+0000] {processor.py:183} INFO - Processing /home/airflow/.local/lib/python3.12/site-packages/airflow/example_dags/example_xcomargs.py took 0.053 seconds
[2024-08-05T00:11:09.223+0000] {processor.py:161} INFO - Started process (PID=14427) to work on /home/airflow/.local/lib/python3.12/site-packages/airflow/example_dags/example_xcomargs.py
[2024-08-05T00:11:09.225+0000] {processor.py:830} INFO - Processing file /home/airflow/.local/lib/python3.12/site-packages/airflow/example_dags/example_xcomargs.py for tasks to queue
[2024-08-05T00:11:09.226+0000] {logging_mixin.py:188} INFO - [2024-08-05T00:11:09.226+0000] {dagbag.py:545} INFO - Filling up the DagBag from /home/airflow/.local/lib/python3.12/site-packages/airflow/example_dags/example_xcomargs.py
[2024-08-05T00:11:09.261+0000] {processor.py:840} INFO - DAG(s) 'example_xcom_args_with_operators', 'example_xcom_args' retrieved from /home/airflow/.local/lib/python3.12/site-packages/airflow/example_dags/example_xcomargs.py
[2024-08-05T00:11:09.315+0000] {logging_mixin.py:188} INFO - [2024-08-05T00:11:09.314+0000] {dag.py:3089} INFO - Sync 2 DAGs
[2024-08-05T00:11:09.343+0000] {logging_mixin.py:188} INFO - [2024-08-05T00:11:09.342+0000] {dag.py:3947} INFO - Setting next_dagrun for example_xcom_args to None, run_after=None
[2024-08-05T00:11:09.347+0000] {logging_mixin.py:188} INFO - [2024-08-05T00:11:09.347+0000] {dag.py:3947} INFO - Setting next_dagrun for example_xcom_args_with_operators to None, run_after=None
[2024-08-05T00:11:09.372+0000] {processor.py:183} INFO - Processing /home/airflow/.local/lib/python3.12/site-packages/airflow/example_dags/example_xcomargs.py took 0.161 seconds
[2024-08-05T00:11:39.544+0000] {processor.py:161} INFO - Started process (PID=14493) to work on /home/airflow/.local/lib/python3.12/site-packages/airflow/example_dags/example_xcomargs.py
[2024-08-05T00:11:39.546+0000] {processor.py:830} INFO - Processing file /home/airflow/.local/lib/python3.12/site-packages/airflow/example_dags/example_xcomargs.py for tasks to queue
[2024-08-05T00:11:39.546+0000] {logging_mixin.py:188} INFO - [2024-08-05T00:11:39.546+0000] {dagbag.py:545} INFO - Filling up the DagBag from /home/airflow/.local/lib/python3.12/site-packages/airflow/example_dags/example_xcomargs.py
[2024-08-05T00:11:39.555+0000] {processor.py:840} INFO - DAG(s) 'example_xcom_args_with_operators', 'example_xcom_args' retrieved from /home/airflow/.local/lib/python3.12/site-packages/airflow/example_dags/example_xcomargs.py
[2024-08-05T00:11:39.581+0000] {logging_mixin.py:188} INFO - [2024-08-05T00:11:39.579+0000] {dag.py:3089} INFO - Sync 2 DAGs
[2024-08-05T00:11:39.608+0000] {logging_mixin.py:188} INFO - [2024-08-05T00:11:39.608+0000] {dag.py:3947} INFO - Setting next_dagrun for example_xcom_args to None, run_after=None
[2024-08-05T00:11:39.613+0000] {logging_mixin.py:188} INFO - [2024-08-05T00:11:39.612+0000] {dag.py:3947} INFO - Setting next_dagrun for example_xcom_args_with_operators to None, run_after=None
[2024-08-05T00:11:39.628+0000] {processor.py:183} INFO - Processing /home/airflow/.local/lib/python3.12/site-packages/airflow/example_dags/example_xcomargs.py took 0.090 seconds
[2024-08-05T00:12:09.649+0000] {processor.py:161} INFO - Started process (PID=14552) to work on /home/airflow/.local/lib/python3.12/site-packages/airflow/example_dags/example_xcomargs.py
[2024-08-05T00:12:09.650+0000] {processor.py:830} INFO - Processing file /home/airflow/.local/lib/python3.12/site-packages/airflow/example_dags/example_xcomargs.py for tasks to queue
[2024-08-05T00:12:09.651+0000] {logging_mixin.py:188} INFO - [2024-08-05T00:12:09.651+0000] {dagbag.py:545} INFO - Filling up the DagBag from /home/airflow/.local/lib/python3.12/site-packages/airflow/example_dags/example_xcomargs.py
[2024-08-05T00:12:09.657+0000] {processor.py:840} INFO - DAG(s) 'example_xcom_args_with_operators', 'example_xcom_args' retrieved from /home/airflow/.local/lib/python3.12/site-packages/airflow/example_dags/example_xcomargs.py
[2024-08-05T00:12:09.671+0000] {logging_mixin.py:188} INFO - [2024-08-05T00:12:09.671+0000] {dag.py:3089} INFO - Sync 2 DAGs
[2024-08-05T00:12:09.677+0000] {logging_mixin.py:188} INFO - [2024-08-05T00:12:09.677+0000] {dag.py:3947} INFO - Setting next_dagrun for example_xcom_args to None, run_after=None
[2024-08-05T00:12:09.678+0000] {logging_mixin.py:188} INFO - [2024-08-05T00:12:09.678+0000] {dag.py:3947} INFO - Setting next_dagrun for example_xcom_args_with_operators to None, run_after=None
[2024-08-05T00:12:09.686+0000] {processor.py:183} INFO - Processing /home/airflow/.local/lib/python3.12/site-packages/airflow/example_dags/example_xcomargs.py took 0.040 seconds
[2024-08-05T00:12:40.481+0000] {processor.py:161} INFO - Started process (PID=14613) to work on /home/airflow/.local/lib/python3.12/site-packages/airflow/example_dags/example_xcomargs.py
[2024-08-05T00:12:40.481+0000] {processor.py:830} INFO - Processing file /home/airflow/.local/lib/python3.12/site-packages/airflow/example_dags/example_xcomargs.py for tasks to queue
[2024-08-05T00:12:40.482+0000] {logging_mixin.py:188} INFO - [2024-08-05T00:12:40.482+0000] {dagbag.py:545} INFO - Filling up the DagBag from /home/airflow/.local/lib/python3.12/site-packages/airflow/example_dags/example_xcomargs.py
[2024-08-05T00:12:40.487+0000] {processor.py:840} INFO - DAG(s) 'example_xcom_args_with_operators', 'example_xcom_args' retrieved from /home/airflow/.local/lib/python3.12/site-packages/airflow/example_dags/example_xcomargs.py
[2024-08-05T00:12:40.503+0000] {logging_mixin.py:188} INFO - [2024-08-05T00:12:40.503+0000] {dag.py:3089} INFO - Sync 2 DAGs
[2024-08-05T00:12:40.509+0000] {logging_mixin.py:188} INFO - [2024-08-05T00:12:40.509+0000] {dag.py:3947} INFO - Setting next_dagrun for example_xcom_args to None, run_after=None
[2024-08-05T00:12:40.511+0000] {logging_mixin.py:188} INFO - [2024-08-05T00:12:40.511+0000] {dag.py:3947} INFO - Setting next_dagrun for example_xcom_args_with_operators to None, run_after=None
[2024-08-05T00:12:40.518+0000] {processor.py:183} INFO - Processing /home/airflow/.local/lib/python3.12/site-packages/airflow/example_dags/example_xcomargs.py took 0.041 seconds
[2024-08-05T00:13:11.387+0000] {processor.py:161} INFO - Started process (PID=14674) to work on /home/airflow/.local/lib/python3.12/site-packages/airflow/example_dags/example_xcomargs.py
[2024-08-05T00:13:11.388+0000] {processor.py:830} INFO - Processing file /home/airflow/.local/lib/python3.12/site-packages/airflow/example_dags/example_xcomargs.py for tasks to queue
[2024-08-05T00:13:11.388+0000] {logging_mixin.py:188} INFO - [2024-08-05T00:13:11.388+0000] {dagbag.py:545} INFO - Filling up the DagBag from /home/airflow/.local/lib/python3.12/site-packages/airflow/example_dags/example_xcomargs.py
[2024-08-05T00:13:11.395+0000] {processor.py:840} INFO - DAG(s) 'example_xcom_args_with_operators', 'example_xcom_args' retrieved from /home/airflow/.local/lib/python3.12/site-packages/airflow/example_dags/example_xcomargs.py
[2024-08-05T00:13:11.419+0000] {logging_mixin.py:188} INFO - [2024-08-05T00:13:11.419+0000] {dag.py:3089} INFO - Sync 2 DAGs
[2024-08-05T00:13:11.427+0000] {logging_mixin.py:188} INFO - [2024-08-05T00:13:11.427+0000] {dag.py:3947} INFO - Setting next_dagrun for example_xcom_args to None, run_after=None
[2024-08-05T00:13:11.429+0000] {logging_mixin.py:188} INFO - [2024-08-05T00:13:11.429+0000] {dag.py:3947} INFO - Setting next_dagrun for example_xcom_args_with_operators to None, run_after=None
[2024-08-05T00:13:11.436+0000] {processor.py:183} INFO - Processing /home/airflow/.local/lib/python3.12/site-packages/airflow/example_dags/example_xcomargs.py took 0.052 seconds
[2024-08-05T00:13:42.196+0000] {processor.py:161} INFO - Started process (PID=14735) to work on /home/airflow/.local/lib/python3.12/site-packages/airflow/example_dags/example_xcomargs.py
[2024-08-05T00:13:42.197+0000] {processor.py:830} INFO - Processing file /home/airflow/.local/lib/python3.12/site-packages/airflow/example_dags/example_xcomargs.py for tasks to queue
[2024-08-05T00:13:42.198+0000] {logging_mixin.py:188} INFO - [2024-08-05T00:13:42.198+0000] {dagbag.py:545} INFO - Filling up the DagBag from /home/airflow/.local/lib/python3.12/site-packages/airflow/example_dags/example_xcomargs.py
[2024-08-05T00:13:42.207+0000] {processor.py:840} INFO - DAG(s) 'example_xcom_args_with_operators', 'example_xcom_args' retrieved from /home/airflow/.local/lib/python3.12/site-packages/airflow/example_dags/example_xcomargs.py
[2024-08-05T00:13:42.229+0000] {logging_mixin.py:188} INFO - [2024-08-05T00:13:42.229+0000] {dag.py:3089} INFO - Sync 2 DAGs
[2024-08-05T00:13:42.236+0000] {logging_mixin.py:188} INFO - [2024-08-05T00:13:42.236+0000] {dag.py:3947} INFO - Setting next_dagrun for example_xcom_args to None, run_after=None
[2024-08-05T00:13:42.238+0000] {logging_mixin.py:188} INFO - [2024-08-05T00:13:42.238+0000] {dag.py:3947} INFO - Setting next_dagrun for example_xcom_args_with_operators to None, run_after=None
[2024-08-05T00:13:42.246+0000] {processor.py:183} INFO - Processing /home/airflow/.local/lib/python3.12/site-packages/airflow/example_dags/example_xcomargs.py took 0.058 seconds
[2024-08-05T00:14:12.800+0000] {processor.py:161} INFO - Started process (PID=14796) to work on /home/airflow/.local/lib/python3.12/site-packages/airflow/example_dags/example_xcomargs.py
[2024-08-05T00:14:12.801+0000] {processor.py:830} INFO - Processing file /home/airflow/.local/lib/python3.12/site-packages/airflow/example_dags/example_xcomargs.py for tasks to queue
[2024-08-05T00:14:12.801+0000] {logging_mixin.py:188} INFO - [2024-08-05T00:14:12.801+0000] {dagbag.py:545} INFO - Filling up the DagBag from /home/airflow/.local/lib/python3.12/site-packages/airflow/example_dags/example_xcomargs.py
[2024-08-05T00:14:12.808+0000] {processor.py:840} INFO - DAG(s) 'example_xcom_args_with_operators', 'example_xcom_args' retrieved from /home/airflow/.local/lib/python3.12/site-packages/airflow/example_dags/example_xcomargs.py
[2024-08-05T00:14:12.826+0000] {logging_mixin.py:188} INFO - [2024-08-05T00:14:12.826+0000] {dag.py:3089} INFO - Sync 2 DAGs
[2024-08-05T00:14:12.834+0000] {logging_mixin.py:188} INFO - [2024-08-05T00:14:12.834+0000] {dag.py:3947} INFO - Setting next_dagrun for example_xcom_args to None, run_after=None
[2024-08-05T00:14:12.837+0000] {logging_mixin.py:188} INFO - [2024-08-05T00:14:12.836+0000] {dag.py:3947} INFO - Setting next_dagrun for example_xcom_args_with_operators to None, run_after=None
[2024-08-05T00:14:12.847+0000] {processor.py:183} INFO - Processing /home/airflow/.local/lib/python3.12/site-packages/airflow/example_dags/example_xcomargs.py took 0.055 seconds
[2024-08-05T00:14:42.922+0000] {processor.py:161} INFO - Started process (PID=14857) to work on /home/airflow/.local/lib/python3.12/site-packages/airflow/example_dags/example_xcomargs.py
[2024-08-05T00:14:42.923+0000] {processor.py:830} INFO - Processing file /home/airflow/.local/lib/python3.12/site-packages/airflow/example_dags/example_xcomargs.py for tasks to queue
[2024-08-05T00:14:42.923+0000] {logging_mixin.py:188} INFO - [2024-08-05T00:14:42.923+0000] {dagbag.py:545} INFO - Filling up the DagBag from /home/airflow/.local/lib/python3.12/site-packages/airflow/example_dags/example_xcomargs.py
[2024-08-05T00:14:42.929+0000] {processor.py:840} INFO - DAG(s) 'example_xcom_args', 'example_xcom_args_with_operators' retrieved from /home/airflow/.local/lib/python3.12/site-packages/airflow/example_dags/example_xcomargs.py
[2024-08-05T00:14:42.942+0000] {logging_mixin.py:188} INFO - [2024-08-05T00:14:42.942+0000] {dag.py:3089} INFO - Sync 2 DAGs
[2024-08-05T00:14:42.948+0000] {logging_mixin.py:188} INFO - [2024-08-05T00:14:42.948+0000] {dag.py:3947} INFO - Setting next_dagrun for example_xcom_args to None, run_after=None
[2024-08-05T00:14:42.950+0000] {logging_mixin.py:188} INFO - [2024-08-05T00:14:42.949+0000] {dag.py:3947} INFO - Setting next_dagrun for example_xcom_args_with_operators to None, run_after=None
[2024-08-05T00:14:42.957+0000] {processor.py:183} INFO - Processing /home/airflow/.local/lib/python3.12/site-packages/airflow/example_dags/example_xcomargs.py took 0.037 seconds
[2024-08-05T00:15:13.105+0000] {processor.py:161} INFO - Started process (PID=14918) to work on /home/airflow/.local/lib/python3.12/site-packages/airflow/example_dags/example_xcomargs.py
[2024-08-05T00:15:13.106+0000] {processor.py:830} INFO - Processing file /home/airflow/.local/lib/python3.12/site-packages/airflow/example_dags/example_xcomargs.py for tasks to queue
[2024-08-05T00:15:13.106+0000] {logging_mixin.py:188} INFO - [2024-08-05T00:15:13.106+0000] {dagbag.py:545} INFO - Filling up the DagBag from /home/airflow/.local/lib/python3.12/site-packages/airflow/example_dags/example_xcomargs.py
[2024-08-05T00:15:13.111+0000] {processor.py:840} INFO - DAG(s) 'example_xcom_args', 'example_xcom_args_with_operators' retrieved from /home/airflow/.local/lib/python3.12/site-packages/airflow/example_dags/example_xcomargs.py
[2024-08-05T00:15:13.125+0000] {logging_mixin.py:188} INFO - [2024-08-05T00:15:13.124+0000] {dag.py:3089} INFO - Sync 2 DAGs
[2024-08-05T00:15:13.130+0000] {logging_mixin.py:188} INFO - [2024-08-05T00:15:13.130+0000] {dag.py:3947} INFO - Setting next_dagrun for example_xcom_args to None, run_after=None
[2024-08-05T00:15:13.132+0000] {logging_mixin.py:188} INFO - [2024-08-05T00:15:13.132+0000] {dag.py:3947} INFO - Setting next_dagrun for example_xcom_args_with_operators to None, run_after=None
[2024-08-05T00:15:13.139+0000] {processor.py:183} INFO - Processing /home/airflow/.local/lib/python3.12/site-packages/airflow/example_dags/example_xcomargs.py took 0.037 seconds
[2024-08-05T00:15:43.371+0000] {processor.py:161} INFO - Started process (PID=14979) to work on /home/airflow/.local/lib/python3.12/site-packages/airflow/example_dags/example_xcomargs.py
[2024-08-05T00:15:43.373+0000] {processor.py:830} INFO - Processing file /home/airflow/.local/lib/python3.12/site-packages/airflow/example_dags/example_xcomargs.py for tasks to queue
[2024-08-05T00:15:43.373+0000] {logging_mixin.py:188} INFO - [2024-08-05T00:15:43.373+0000] {dagbag.py:545} INFO - Filling up the DagBag from /home/airflow/.local/lib/python3.12/site-packages/airflow/example_dags/example_xcomargs.py
[2024-08-05T00:15:43.380+0000] {processor.py:840} INFO - DAG(s) 'example_xcom_args_with_operators', 'example_xcom_args' retrieved from /home/airflow/.local/lib/python3.12/site-packages/airflow/example_dags/example_xcomargs.py
[2024-08-05T00:15:43.398+0000] {logging_mixin.py:188} INFO - [2024-08-05T00:15:43.398+0000] {dag.py:3089} INFO - Sync 2 DAGs
[2024-08-05T00:15:43.405+0000] {logging_mixin.py:188} INFO - [2024-08-05T00:15:43.404+0000] {dag.py:3947} INFO - Setting next_dagrun for example_xcom_args to None, run_after=None
[2024-08-05T00:15:43.406+0000] {logging_mixin.py:188} INFO - [2024-08-05T00:15:43.406+0000] {dag.py:3947} INFO - Setting next_dagrun for example_xcom_args_with_operators to None, run_after=None
[2024-08-05T00:15:43.415+0000] {processor.py:183} INFO - Processing /home/airflow/.local/lib/python3.12/site-packages/airflow/example_dags/example_xcomargs.py took 0.049 seconds
[2024-08-05T00:16:13.924+0000] {processor.py:161} INFO - Started process (PID=15050) to work on /home/airflow/.local/lib/python3.12/site-packages/airflow/example_dags/example_xcomargs.py
[2024-08-05T00:16:13.925+0000] {processor.py:830} INFO - Processing file /home/airflow/.local/lib/python3.12/site-packages/airflow/example_dags/example_xcomargs.py for tasks to queue
[2024-08-05T00:16:13.926+0000] {logging_mixin.py:188} INFO - [2024-08-05T00:16:13.926+0000] {dagbag.py:545} INFO - Filling up the DagBag from /home/airflow/.local/lib/python3.12/site-packages/airflow/example_dags/example_xcomargs.py
[2024-08-05T00:16:13.931+0000] {processor.py:840} INFO - DAG(s) 'example_xcom_args', 'example_xcom_args_with_operators' retrieved from /home/airflow/.local/lib/python3.12/site-packages/airflow/example_dags/example_xcomargs.py
[2024-08-05T00:16:13.946+0000] {logging_mixin.py:188} INFO - [2024-08-05T00:16:13.946+0000] {dag.py:3089} INFO - Sync 2 DAGs
[2024-08-05T00:16:13.952+0000] {logging_mixin.py:188} INFO - [2024-08-05T00:16:13.952+0000] {dag.py:3947} INFO - Setting next_dagrun for example_xcom_args to None, run_after=None
[2024-08-05T00:16:13.954+0000] {logging_mixin.py:188} INFO - [2024-08-05T00:16:13.954+0000] {dag.py:3947} INFO - Setting next_dagrun for example_xcom_args_with_operators to None, run_after=None
[2024-08-05T00:16:13.967+0000] {processor.py:183} INFO - Processing /home/airflow/.local/lib/python3.12/site-packages/airflow/example_dags/example_xcomargs.py took 0.047 seconds
[2024-08-05T00:16:44.334+0000] {processor.py:161} INFO - Started process (PID=15111) to work on /home/airflow/.local/lib/python3.12/site-packages/airflow/example_dags/example_xcomargs.py
[2024-08-05T00:16:44.335+0000] {processor.py:830} INFO - Processing file /home/airflow/.local/lib/python3.12/site-packages/airflow/example_dags/example_xcomargs.py for tasks to queue
[2024-08-05T00:16:44.336+0000] {logging_mixin.py:188} INFO - [2024-08-05T00:16:44.336+0000] {dagbag.py:545} INFO - Filling up the DagBag from /home/airflow/.local/lib/python3.12/site-packages/airflow/example_dags/example_xcomargs.py
[2024-08-05T00:16:44.341+0000] {processor.py:840} INFO - DAG(s) 'example_xcom_args_with_operators', 'example_xcom_args' retrieved from /home/airflow/.local/lib/python3.12/site-packages/airflow/example_dags/example_xcomargs.py
[2024-08-05T00:16:44.361+0000] {logging_mixin.py:188} INFO - [2024-08-05T00:16:44.361+0000] {dag.py:3089} INFO - Sync 2 DAGs
[2024-08-05T00:16:44.368+0000] {logging_mixin.py:188} INFO - [2024-08-05T00:16:44.368+0000] {dag.py:3947} INFO - Setting next_dagrun for example_xcom_args to None, run_after=None
[2024-08-05T00:16:44.370+0000] {logging_mixin.py:188} INFO - [2024-08-05T00:16:44.370+0000] {dag.py:3947} INFO - Setting next_dagrun for example_xcom_args_with_operators to None, run_after=None
[2024-08-05T00:16:44.378+0000] {processor.py:183} INFO - Processing /home/airflow/.local/lib/python3.12/site-packages/airflow/example_dags/example_xcomargs.py took 0.047 seconds
[2024-08-05T00:17:15.298+0000] {processor.py:161} INFO - Started process (PID=15172) to work on /home/airflow/.local/lib/python3.12/site-packages/airflow/example_dags/example_xcomargs.py
[2024-08-05T00:17:15.299+0000] {processor.py:830} INFO - Processing file /home/airflow/.local/lib/python3.12/site-packages/airflow/example_dags/example_xcomargs.py for tasks to queue
[2024-08-05T00:17:15.301+0000] {logging_mixin.py:188} INFO - [2024-08-05T00:17:15.301+0000] {dagbag.py:545} INFO - Filling up the DagBag from /home/airflow/.local/lib/python3.12/site-packages/airflow/example_dags/example_xcomargs.py
[2024-08-05T00:17:15.310+0000] {processor.py:840} INFO - DAG(s) 'example_xcom_args_with_operators', 'example_xcom_args' retrieved from /home/airflow/.local/lib/python3.12/site-packages/airflow/example_dags/example_xcomargs.py
[2024-08-05T00:17:15.331+0000] {logging_mixin.py:188} INFO - [2024-08-05T00:17:15.330+0000] {dag.py:3089} INFO - Sync 2 DAGs
[2024-08-05T00:17:15.349+0000] {logging_mixin.py:188} INFO - [2024-08-05T00:17:15.349+0000] {dag.py:3947} INFO - Setting next_dagrun for example_xcom_args to None, run_after=None
[2024-08-05T00:17:15.353+0000] {logging_mixin.py:188} INFO - [2024-08-05T00:17:15.353+0000] {dag.py:3947} INFO - Setting next_dagrun for example_xcom_args_with_operators to None, run_after=None
[2024-08-05T00:17:15.366+0000] {processor.py:183} INFO - Processing /home/airflow/.local/lib/python3.12/site-packages/airflow/example_dags/example_xcomargs.py took 0.076 seconds
[2024-08-05T00:17:46.248+0000] {processor.py:161} INFO - Started process (PID=15243) to work on /home/airflow/.local/lib/python3.12/site-packages/airflow/example_dags/example_xcomargs.py
[2024-08-05T00:17:46.250+0000] {processor.py:830} INFO - Processing file /home/airflow/.local/lib/python3.12/site-packages/airflow/example_dags/example_xcomargs.py for tasks to queue
[2024-08-05T00:17:46.254+0000] {logging_mixin.py:188} INFO - [2024-08-05T00:17:46.254+0000] {dagbag.py:545} INFO - Filling up the DagBag from /home/airflow/.local/lib/python3.12/site-packages/airflow/example_dags/example_xcomargs.py
[2024-08-05T00:17:46.260+0000] {processor.py:840} INFO - DAG(s) 'example_xcom_args_with_operators', 'example_xcom_args' retrieved from /home/airflow/.local/lib/python3.12/site-packages/airflow/example_dags/example_xcomargs.py
[2024-08-05T00:17:46.275+0000] {logging_mixin.py:188} INFO - [2024-08-05T00:17:46.274+0000] {dag.py:3089} INFO - Sync 2 DAGs
[2024-08-05T00:17:46.281+0000] {logging_mixin.py:188} INFO - [2024-08-05T00:17:46.281+0000] {dag.py:3947} INFO - Setting next_dagrun for example_xcom_args to None, run_after=None
[2024-08-05T00:17:46.283+0000] {logging_mixin.py:188} INFO - [2024-08-05T00:17:46.283+0000] {dag.py:3947} INFO - Setting next_dagrun for example_xcom_args_with_operators to None, run_after=None
[2024-08-05T00:17:46.293+0000] {processor.py:183} INFO - Processing /home/airflow/.local/lib/python3.12/site-packages/airflow/example_dags/example_xcomargs.py took 0.050 seconds
[2024-08-05T00:18:17.236+0000] {processor.py:161} INFO - Started process (PID=15304) to work on /home/airflow/.local/lib/python3.12/site-packages/airflow/example_dags/example_xcomargs.py
[2024-08-05T00:18:17.239+0000] {processor.py:830} INFO - Processing file /home/airflow/.local/lib/python3.12/site-packages/airflow/example_dags/example_xcomargs.py for tasks to queue
[2024-08-05T00:18:17.240+0000] {logging_mixin.py:188} INFO - [2024-08-05T00:18:17.240+0000] {dagbag.py:545} INFO - Filling up the DagBag from /home/airflow/.local/lib/python3.12/site-packages/airflow/example_dags/example_xcomargs.py
[2024-08-05T00:18:17.255+0000] {processor.py:840} INFO - DAG(s) 'example_xcom_args', 'example_xcom_args_with_operators' retrieved from /home/airflow/.local/lib/python3.12/site-packages/airflow/example_dags/example_xcomargs.py
[2024-08-05T00:18:17.273+0000] {logging_mixin.py:188} INFO - [2024-08-05T00:18:17.273+0000] {dag.py:3089} INFO - Sync 2 DAGs
[2024-08-05T00:18:17.280+0000] {logging_mixin.py:188} INFO - [2024-08-05T00:18:17.280+0000] {dag.py:3947} INFO - Setting next_dagrun for example_xcom_args to None, run_after=None
[2024-08-05T00:18:17.282+0000] {logging_mixin.py:188} INFO - [2024-08-05T00:18:17.282+0000] {dag.py:3947} INFO - Setting next_dagrun for example_xcom_args_with_operators to None, run_after=None
[2024-08-05T00:18:17.289+0000] {processor.py:183} INFO - Processing /home/airflow/.local/lib/python3.12/site-packages/airflow/example_dags/example_xcomargs.py took 0.057 seconds
[2024-08-05T00:18:47.709+0000] {processor.py:161} INFO - Started process (PID=15371) to work on /home/airflow/.local/lib/python3.12/site-packages/airflow/example_dags/example_xcomargs.py
[2024-08-05T00:18:47.710+0000] {processor.py:830} INFO - Processing file /home/airflow/.local/lib/python3.12/site-packages/airflow/example_dags/example_xcomargs.py for tasks to queue
[2024-08-05T00:18:47.711+0000] {logging_mixin.py:188} INFO - [2024-08-05T00:18:47.710+0000] {dagbag.py:545} INFO - Filling up the DagBag from /home/airflow/.local/lib/python3.12/site-packages/airflow/example_dags/example_xcomargs.py
[2024-08-05T00:18:47.716+0000] {processor.py:840} INFO - DAG(s) 'example_xcom_args', 'example_xcom_args_with_operators' retrieved from /home/airflow/.local/lib/python3.12/site-packages/airflow/example_dags/example_xcomargs.py
[2024-08-05T00:18:47.734+0000] {logging_mixin.py:188} INFO - [2024-08-05T00:18:47.734+0000] {dag.py:3089} INFO - Sync 2 DAGs
[2024-08-05T00:18:47.748+0000] {logging_mixin.py:188} INFO - [2024-08-05T00:18:47.747+0000] {dag.py:3947} INFO - Setting next_dagrun for example_xcom_args to None, run_after=None
[2024-08-05T00:18:47.751+0000] {logging_mixin.py:188} INFO - [2024-08-05T00:18:47.751+0000] {dag.py:3947} INFO - Setting next_dagrun for example_xcom_args_with_operators to None, run_after=None
[2024-08-05T00:18:47.764+0000] {processor.py:183} INFO - Processing /home/airflow/.local/lib/python3.12/site-packages/airflow/example_dags/example_xcomargs.py took 0.059 seconds
[2024-08-05T00:19:18.008+0000] {processor.py:161} INFO - Started process (PID=15432) to work on /home/airflow/.local/lib/python3.12/site-packages/airflow/example_dags/example_xcomargs.py
[2024-08-05T00:19:18.009+0000] {processor.py:830} INFO - Processing file /home/airflow/.local/lib/python3.12/site-packages/airflow/example_dags/example_xcomargs.py for tasks to queue
[2024-08-05T00:19:18.010+0000] {logging_mixin.py:188} INFO - [2024-08-05T00:19:18.010+0000] {dagbag.py:545} INFO - Filling up the DagBag from /home/airflow/.local/lib/python3.12/site-packages/airflow/example_dags/example_xcomargs.py
[2024-08-05T00:19:18.023+0000] {processor.py:840} INFO - DAG(s) 'example_xcom_args', 'example_xcom_args_with_operators' retrieved from /home/airflow/.local/lib/python3.12/site-packages/airflow/example_dags/example_xcomargs.py
[2024-08-05T00:19:18.038+0000] {logging_mixin.py:188} INFO - [2024-08-05T00:19:18.038+0000] {dag.py:3089} INFO - Sync 2 DAGs
[2024-08-05T00:19:18.045+0000] {logging_mixin.py:188} INFO - [2024-08-05T00:19:18.045+0000] {dag.py:3947} INFO - Setting next_dagrun for example_xcom_args to None, run_after=None
[2024-08-05T00:19:18.047+0000] {logging_mixin.py:188} INFO - [2024-08-05T00:19:18.047+0000] {dag.py:3947} INFO - Setting next_dagrun for example_xcom_args_with_operators to None, run_after=None
[2024-08-05T00:19:18.054+0000] {processor.py:183} INFO - Processing /home/airflow/.local/lib/python3.12/site-packages/airflow/example_dags/example_xcomargs.py took 0.053 seconds
[2024-08-05T00:19:48.417+0000] {processor.py:161} INFO - Started process (PID=15495) to work on /home/airflow/.local/lib/python3.12/site-packages/airflow/example_dags/example_xcomargs.py
[2024-08-05T00:19:48.418+0000] {processor.py:830} INFO - Processing file /home/airflow/.local/lib/python3.12/site-packages/airflow/example_dags/example_xcomargs.py for tasks to queue
[2024-08-05T00:19:48.418+0000] {logging_mixin.py:188} INFO - [2024-08-05T00:19:48.418+0000] {dagbag.py:545} INFO - Filling up the DagBag from /home/airflow/.local/lib/python3.12/site-packages/airflow/example_dags/example_xcomargs.py
[2024-08-05T00:19:48.424+0000] {processor.py:840} INFO - DAG(s) 'example_xcom_args', 'example_xcom_args_with_operators' retrieved from /home/airflow/.local/lib/python3.12/site-packages/airflow/example_dags/example_xcomargs.py
[2024-08-05T00:19:48.438+0000] {logging_mixin.py:188} INFO - [2024-08-05T00:19:48.438+0000] {dag.py:3089} INFO - Sync 2 DAGs
[2024-08-05T00:19:48.445+0000] {logging_mixin.py:188} INFO - [2024-08-05T00:19:48.444+0000] {dag.py:3947} INFO - Setting next_dagrun for example_xcom_args to None, run_after=None
[2024-08-05T00:19:48.447+0000] {logging_mixin.py:188} INFO - [2024-08-05T00:19:48.447+0000] {dag.py:3947} INFO - Setting next_dagrun for example_xcom_args_with_operators to None, run_after=None
[2024-08-05T00:19:48.454+0000] {processor.py:183} INFO - Processing /home/airflow/.local/lib/python3.12/site-packages/airflow/example_dags/example_xcomargs.py took 0.040 seconds
[2024-08-05T00:20:18.788+0000] {processor.py:161} INFO - Started process (PID=15572) to work on /home/airflow/.local/lib/python3.12/site-packages/airflow/example_dags/example_xcomargs.py
[2024-08-05T00:20:18.792+0000] {processor.py:830} INFO - Processing file /home/airflow/.local/lib/python3.12/site-packages/airflow/example_dags/example_xcomargs.py for tasks to queue
[2024-08-05T00:20:18.795+0000] {logging_mixin.py:188} INFO - [2024-08-05T00:20:18.793+0000] {dagbag.py:545} INFO - Filling up the DagBag from /home/airflow/.local/lib/python3.12/site-packages/airflow/example_dags/example_xcomargs.py
[2024-08-05T00:20:18.861+0000] {processor.py:840} INFO - DAG(s) 'example_xcom_args', 'example_xcom_args_with_operators' retrieved from /home/airflow/.local/lib/python3.12/site-packages/airflow/example_dags/example_xcomargs.py
[2024-08-05T00:20:18.942+0000] {logging_mixin.py:188} INFO - [2024-08-05T00:20:18.942+0000] {dag.py:3089} INFO - Sync 2 DAGs
[2024-08-05T00:20:18.957+0000] {logging_mixin.py:188} INFO - [2024-08-05T00:20:18.956+0000] {dag.py:3947} INFO - Setting next_dagrun for example_xcom_args to None, run_after=None
[2024-08-05T00:20:18.979+0000] {logging_mixin.py:188} INFO - [2024-08-05T00:20:18.978+0000] {dag.py:3947} INFO - Setting next_dagrun for example_xcom_args_with_operators to None, run_after=None
[2024-08-05T00:20:19.077+0000] {processor.py:183} INFO - Processing /home/airflow/.local/lib/python3.12/site-packages/airflow/example_dags/example_xcomargs.py took 0.301 seconds
[2024-08-05T00:20:49.436+0000] {processor.py:161} INFO - Started process (PID=15638) to work on /home/airflow/.local/lib/python3.12/site-packages/airflow/example_dags/example_xcomargs.py
[2024-08-05T00:20:49.437+0000] {processor.py:830} INFO - Processing file /home/airflow/.local/lib/python3.12/site-packages/airflow/example_dags/example_xcomargs.py for tasks to queue
[2024-08-05T00:20:49.438+0000] {logging_mixin.py:188} INFO - [2024-08-05T00:20:49.438+0000] {dagbag.py:545} INFO - Filling up the DagBag from /home/airflow/.local/lib/python3.12/site-packages/airflow/example_dags/example_xcomargs.py
[2024-08-05T00:20:49.445+0000] {processor.py:840} INFO - DAG(s) 'example_xcom_args_with_operators', 'example_xcom_args' retrieved from /home/airflow/.local/lib/python3.12/site-packages/airflow/example_dags/example_xcomargs.py
[2024-08-05T00:20:49.468+0000] {logging_mixin.py:188} INFO - [2024-08-05T00:20:49.468+0000] {dag.py:3089} INFO - Sync 2 DAGs
[2024-08-05T00:20:49.475+0000] {logging_mixin.py:188} INFO - [2024-08-05T00:20:49.475+0000] {dag.py:3947} INFO - Setting next_dagrun for example_xcom_args to None, run_after=None
[2024-08-05T00:20:49.477+0000] {logging_mixin.py:188} INFO - [2024-08-05T00:20:49.477+0000] {dag.py:3947} INFO - Setting next_dagrun for example_xcom_args_with_operators to None, run_after=None
[2024-08-05T00:20:49.486+0000] {processor.py:183} INFO - Processing /home/airflow/.local/lib/python3.12/site-packages/airflow/example_dags/example_xcomargs.py took 0.056 seconds
[2024-08-05T00:21:19.786+0000] {processor.py:161} INFO - Started process (PID=15699) to work on /home/airflow/.local/lib/python3.12/site-packages/airflow/example_dags/example_xcomargs.py
[2024-08-05T00:21:19.790+0000] {processor.py:830} INFO - Processing file /home/airflow/.local/lib/python3.12/site-packages/airflow/example_dags/example_xcomargs.py for tasks to queue
[2024-08-05T00:21:19.791+0000] {logging_mixin.py:188} INFO - [2024-08-05T00:21:19.790+0000] {dagbag.py:545} INFO - Filling up the DagBag from /home/airflow/.local/lib/python3.12/site-packages/airflow/example_dags/example_xcomargs.py
[2024-08-05T00:21:19.802+0000] {processor.py:840} INFO - DAG(s) 'example_xcom_args', 'example_xcom_args_with_operators' retrieved from /home/airflow/.local/lib/python3.12/site-packages/airflow/example_dags/example_xcomargs.py
[2024-08-05T00:21:19.844+0000] {logging_mixin.py:188} INFO - [2024-08-05T00:21:19.843+0000] {dag.py:3089} INFO - Sync 2 DAGs
[2024-08-05T00:21:19.853+0000] {logging_mixin.py:188} INFO - [2024-08-05T00:21:19.853+0000] {dag.py:3947} INFO - Setting next_dagrun for example_xcom_args to None, run_after=None
[2024-08-05T00:21:19.856+0000] {logging_mixin.py:188} INFO - [2024-08-05T00:21:19.856+0000] {dag.py:3947} INFO - Setting next_dagrun for example_xcom_args_with_operators to None, run_after=None
[2024-08-05T00:21:19.874+0000] {processor.py:183} INFO - Processing /home/airflow/.local/lib/python3.12/site-packages/airflow/example_dags/example_xcomargs.py took 0.096 seconds
[2024-08-05T00:21:50.477+0000] {processor.py:161} INFO - Started process (PID=15759) to work on /home/airflow/.local/lib/python3.12/site-packages/airflow/example_dags/example_xcomargs.py
[2024-08-05T00:21:50.478+0000] {processor.py:830} INFO - Processing file /home/airflow/.local/lib/python3.12/site-packages/airflow/example_dags/example_xcomargs.py for tasks to queue
[2024-08-05T00:21:50.478+0000] {logging_mixin.py:188} INFO - [2024-08-05T00:21:50.478+0000] {dagbag.py:545} INFO - Filling up the DagBag from /home/airflow/.local/lib/python3.12/site-packages/airflow/example_dags/example_xcomargs.py
[2024-08-05T00:21:50.483+0000] {processor.py:840} INFO - DAG(s) 'example_xcom_args', 'example_xcom_args_with_operators' retrieved from /home/airflow/.local/lib/python3.12/site-packages/airflow/example_dags/example_xcomargs.py
[2024-08-05T00:21:50.498+0000] {logging_mixin.py:188} INFO - [2024-08-05T00:21:50.498+0000] {dag.py:3089} INFO - Sync 2 DAGs
[2024-08-05T00:21:50.504+0000] {logging_mixin.py:188} INFO - [2024-08-05T00:21:50.504+0000] {dag.py:3947} INFO - Setting next_dagrun for example_xcom_args to None, run_after=None
[2024-08-05T00:21:50.506+0000] {logging_mixin.py:188} INFO - [2024-08-05T00:21:50.506+0000] {dag.py:3947} INFO - Setting next_dagrun for example_xcom_args_with_operators to None, run_after=None
[2024-08-05T00:21:50.513+0000] {processor.py:183} INFO - Processing /home/airflow/.local/lib/python3.12/site-packages/airflow/example_dags/example_xcomargs.py took 0.039 seconds
[2024-08-05T00:22:20.954+0000] {processor.py:161} INFO - Started process (PID=15820) to work on /home/airflow/.local/lib/python3.12/site-packages/airflow/example_dags/example_xcomargs.py
[2024-08-05T00:22:20.954+0000] {processor.py:830} INFO - Processing file /home/airflow/.local/lib/python3.12/site-packages/airflow/example_dags/example_xcomargs.py for tasks to queue
[2024-08-05T00:22:20.956+0000] {logging_mixin.py:188} INFO - [2024-08-05T00:22:20.956+0000] {dagbag.py:545} INFO - Filling up the DagBag from /home/airflow/.local/lib/python3.12/site-packages/airflow/example_dags/example_xcomargs.py
[2024-08-05T00:22:20.963+0000] {processor.py:840} INFO - DAG(s) 'example_xcom_args_with_operators', 'example_xcom_args' retrieved from /home/airflow/.local/lib/python3.12/site-packages/airflow/example_dags/example_xcomargs.py
[2024-08-05T00:22:20.981+0000] {logging_mixin.py:188} INFO - [2024-08-05T00:22:20.981+0000] {dag.py:3089} INFO - Sync 2 DAGs
[2024-08-05T00:22:20.988+0000] {logging_mixin.py:188} INFO - [2024-08-05T00:22:20.987+0000] {dag.py:3947} INFO - Setting next_dagrun for example_xcom_args to None, run_after=None
[2024-08-05T00:22:20.990+0000] {logging_mixin.py:188} INFO - [2024-08-05T00:22:20.990+0000] {dag.py:3947} INFO - Setting next_dagrun for example_xcom_args_with_operators to None, run_after=None
[2024-08-05T00:22:20.996+0000] {processor.py:183} INFO - Processing /home/airflow/.local/lib/python3.12/site-packages/airflow/example_dags/example_xcomargs.py took 0.047 seconds
[2024-08-05T00:22:51.355+0000] {processor.py:161} INFO - Started process (PID=15881) to work on /home/airflow/.local/lib/python3.12/site-packages/airflow/example_dags/example_xcomargs.py
[2024-08-05T00:22:51.357+0000] {processor.py:830} INFO - Processing file /home/airflow/.local/lib/python3.12/site-packages/airflow/example_dags/example_xcomargs.py for tasks to queue
[2024-08-05T00:22:51.358+0000] {logging_mixin.py:188} INFO - [2024-08-05T00:22:51.358+0000] {dagbag.py:545} INFO - Filling up the DagBag from /home/airflow/.local/lib/python3.12/site-packages/airflow/example_dags/example_xcomargs.py
[2024-08-05T00:22:51.363+0000] {processor.py:840} INFO - DAG(s) 'example_xcom_args', 'example_xcom_args_with_operators' retrieved from /home/airflow/.local/lib/python3.12/site-packages/airflow/example_dags/example_xcomargs.py
[2024-08-05T00:22:51.378+0000] {logging_mixin.py:188} INFO - [2024-08-05T00:22:51.378+0000] {dag.py:3089} INFO - Sync 2 DAGs
[2024-08-05T00:22:51.384+0000] {logging_mixin.py:188} INFO - [2024-08-05T00:22:51.384+0000] {dag.py:3947} INFO - Setting next_dagrun for example_xcom_args to None, run_after=None
[2024-08-05T00:22:51.386+0000] {logging_mixin.py:188} INFO - [2024-08-05T00:22:51.386+0000] {dag.py:3947} INFO - Setting next_dagrun for example_xcom_args_with_operators to None, run_after=None
[2024-08-05T00:22:51.393+0000] {processor.py:183} INFO - Processing /home/airflow/.local/lib/python3.12/site-packages/airflow/example_dags/example_xcomargs.py took 0.042 seconds
[2024-08-05T00:23:22.175+0000] {processor.py:161} INFO - Started process (PID=15942) to work on /home/airflow/.local/lib/python3.12/site-packages/airflow/example_dags/example_xcomargs.py
[2024-08-05T00:23:22.176+0000] {processor.py:830} INFO - Processing file /home/airflow/.local/lib/python3.12/site-packages/airflow/example_dags/example_xcomargs.py for tasks to queue
[2024-08-05T00:23:22.177+0000] {logging_mixin.py:188} INFO - [2024-08-05T00:23:22.177+0000] {dagbag.py:545} INFO - Filling up the DagBag from /home/airflow/.local/lib/python3.12/site-packages/airflow/example_dags/example_xcomargs.py
[2024-08-05T00:23:22.185+0000] {processor.py:840} INFO - DAG(s) 'example_xcom_args_with_operators', 'example_xcom_args' retrieved from /home/airflow/.local/lib/python3.12/site-packages/airflow/example_dags/example_xcomargs.py
[2024-08-05T00:23:22.210+0000] {logging_mixin.py:188} INFO - [2024-08-05T00:23:22.208+0000] {dag.py:3089} INFO - Sync 2 DAGs
[2024-08-05T00:23:22.218+0000] {logging_mixin.py:188} INFO - [2024-08-05T00:23:22.218+0000] {dag.py:3947} INFO - Setting next_dagrun for example_xcom_args to None, run_after=None
[2024-08-05T00:23:22.220+0000] {logging_mixin.py:188} INFO - [2024-08-05T00:23:22.220+0000] {dag.py:3947} INFO - Setting next_dagrun for example_xcom_args_with_operators to None, run_after=None
[2024-08-05T00:23:22.227+0000] {processor.py:183} INFO - Processing /home/airflow/.local/lib/python3.12/site-packages/airflow/example_dags/example_xcomargs.py took 0.056 seconds
[2024-08-05T00:23:52.736+0000] {processor.py:161} INFO - Started process (PID=16002) to work on /home/airflow/.local/lib/python3.12/site-packages/airflow/example_dags/example_xcomargs.py
[2024-08-05T00:23:52.736+0000] {processor.py:830} INFO - Processing file /home/airflow/.local/lib/python3.12/site-packages/airflow/example_dags/example_xcomargs.py for tasks to queue
[2024-08-05T00:23:52.737+0000] {logging_mixin.py:188} INFO - [2024-08-05T00:23:52.737+0000] {dagbag.py:545} INFO - Filling up the DagBag from /home/airflow/.local/lib/python3.12/site-packages/airflow/example_dags/example_xcomargs.py
[2024-08-05T00:23:52.747+0000] {processor.py:840} INFO - DAG(s) 'example_xcom_args_with_operators', 'example_xcom_args' retrieved from /home/airflow/.local/lib/python3.12/site-packages/airflow/example_dags/example_xcomargs.py
[2024-08-05T00:23:52.764+0000] {logging_mixin.py:188} INFO - [2024-08-05T00:23:52.764+0000] {dag.py:3089} INFO - Sync 2 DAGs
[2024-08-05T00:23:52.772+0000] {logging_mixin.py:188} INFO - [2024-08-05T00:23:52.772+0000] {dag.py:3947} INFO - Setting next_dagrun for example_xcom_args to None, run_after=None
[2024-08-05T00:23:52.775+0000] {logging_mixin.py:188} INFO - [2024-08-05T00:23:52.775+0000] {dag.py:3947} INFO - Setting next_dagrun for example_xcom_args_with_operators to None, run_after=None
[2024-08-05T00:23:52.784+0000] {processor.py:183} INFO - Processing /home/airflow/.local/lib/python3.12/site-packages/airflow/example_dags/example_xcomargs.py took 0.052 seconds
[2024-08-05T00:24:23.240+0000] {processor.py:161} INFO - Started process (PID=16062) to work on /home/airflow/.local/lib/python3.12/site-packages/airflow/example_dags/example_xcomargs.py
[2024-08-05T00:24:23.245+0000] {processor.py:830} INFO - Processing file /home/airflow/.local/lib/python3.12/site-packages/airflow/example_dags/example_xcomargs.py for tasks to queue
[2024-08-05T00:24:23.245+0000] {logging_mixin.py:188} INFO - [2024-08-05T00:24:23.245+0000] {dagbag.py:545} INFO - Filling up the DagBag from /home/airflow/.local/lib/python3.12/site-packages/airflow/example_dags/example_xcomargs.py
[2024-08-05T00:24:23.257+0000] {processor.py:840} INFO - DAG(s) 'example_xcom_args_with_operators', 'example_xcom_args' retrieved from /home/airflow/.local/lib/python3.12/site-packages/airflow/example_dags/example_xcomargs.py
[2024-08-05T00:24:23.278+0000] {logging_mixin.py:188} INFO - [2024-08-05T00:24:23.277+0000] {dag.py:3089} INFO - Sync 2 DAGs
[2024-08-05T00:24:23.284+0000] {logging_mixin.py:188} INFO - [2024-08-05T00:24:23.284+0000] {dag.py:3947} INFO - Setting next_dagrun for example_xcom_args to None, run_after=None
[2024-08-05T00:24:23.287+0000] {logging_mixin.py:188} INFO - [2024-08-05T00:24:23.286+0000] {dag.py:3947} INFO - Setting next_dagrun for example_xcom_args_with_operators to None, run_after=None
[2024-08-05T00:24:23.295+0000] {processor.py:183} INFO - Processing /home/airflow/.local/lib/python3.12/site-packages/airflow/example_dags/example_xcomargs.py took 0.060 seconds
