[2024-08-05T00:00:09.165+0000] {processor.py:161} INFO - Started process (PID=13053) to work on /home/airflow/.local/lib/python3.12/site-packages/airflow/example_dags/example_python_decorator.py
[2024-08-05T00:00:09.166+0000] {processor.py:830} INFO - Processing file /home/airflow/.local/lib/python3.12/site-packages/airflow/example_dags/example_python_decorator.py for tasks to queue
[2024-08-05T00:00:09.169+0000] {logging_mixin.py:188} INFO - [2024-08-05T00:00:09.169+0000] {dagbag.py:545} INFO - Filling up the DagBag from /home/airflow/.local/lib/python3.12/site-packages/airflow/example_dags/example_python_decorator.py
[2024-08-05T00:00:09.217+0000] {processor.py:840} INFO - DAG(s) 'example_python_decorator' retrieved from /home/airflow/.local/lib/python3.12/site-packages/airflow/example_dags/example_python_decorator.py
[2024-08-05T00:00:09.250+0000] {logging_mixin.py:188} INFO - [2024-08-05T00:00:09.250+0000] {dag.py:3089} INFO - Sync 1 DAGs
[2024-08-05T00:00:09.260+0000] {logging_mixin.py:188} INFO - [2024-08-05T00:00:09.260+0000] {dag.py:3947} INFO - Setting next_dagrun for example_python_decorator to None, run_after=None
[2024-08-05T00:00:09.299+0000] {processor.py:183} INFO - Processing /home/airflow/.local/lib/python3.12/site-packages/airflow/example_dags/example_python_decorator.py took 0.145 seconds
[2024-08-05T00:00:39.703+0000] {processor.py:161} INFO - Started process (PID=13129) to work on /home/airflow/.local/lib/python3.12/site-packages/airflow/example_dags/example_python_decorator.py
[2024-08-05T00:00:39.707+0000] {processor.py:830} INFO - Processing file /home/airflow/.local/lib/python3.12/site-packages/airflow/example_dags/example_python_decorator.py for tasks to queue
[2024-08-05T00:00:39.708+0000] {logging_mixin.py:188} INFO - [2024-08-05T00:00:39.708+0000] {dagbag.py:545} INFO - Filling up the DagBag from /home/airflow/.local/lib/python3.12/site-packages/airflow/example_dags/example_python_decorator.py
[2024-08-05T00:00:39.753+0000] {processor.py:840} INFO - DAG(s) 'example_python_decorator' retrieved from /home/airflow/.local/lib/python3.12/site-packages/airflow/example_dags/example_python_decorator.py
[2024-08-05T00:00:39.826+0000] {logging_mixin.py:188} INFO - [2024-08-05T00:00:39.825+0000] {dag.py:3089} INFO - Sync 1 DAGs
[2024-08-05T00:00:39.852+0000] {logging_mixin.py:188} INFO - [2024-08-05T00:00:39.852+0000] {dag.py:3947} INFO - Setting next_dagrun for example_python_decorator to None, run_after=None
[2024-08-05T00:00:39.903+0000] {processor.py:183} INFO - Processing /home/airflow/.local/lib/python3.12/site-packages/airflow/example_dags/example_python_decorator.py took 0.215 seconds
[2024-08-05T00:01:10.060+0000] {processor.py:161} INFO - Started process (PID=13194) to work on /home/airflow/.local/lib/python3.12/site-packages/airflow/example_dags/example_python_decorator.py
[2024-08-05T00:01:10.061+0000] {processor.py:830} INFO - Processing file /home/airflow/.local/lib/python3.12/site-packages/airflow/example_dags/example_python_decorator.py for tasks to queue
[2024-08-05T00:01:10.061+0000] {logging_mixin.py:188} INFO - [2024-08-05T00:01:10.061+0000] {dagbag.py:545} INFO - Filling up the DagBag from /home/airflow/.local/lib/python3.12/site-packages/airflow/example_dags/example_python_decorator.py
[2024-08-05T00:01:10.069+0000] {processor.py:840} INFO - DAG(s) 'example_python_decorator' retrieved from /home/airflow/.local/lib/python3.12/site-packages/airflow/example_dags/example_python_decorator.py
[2024-08-05T00:01:10.087+0000] {logging_mixin.py:188} INFO - [2024-08-05T00:01:10.087+0000] {dag.py:3089} INFO - Sync 1 DAGs
[2024-08-05T00:01:10.095+0000] {logging_mixin.py:188} INFO - [2024-08-05T00:01:10.094+0000] {dag.py:3947} INFO - Setting next_dagrun for example_python_decorator to None, run_after=None
[2024-08-05T00:01:10.105+0000] {processor.py:183} INFO - Processing /home/airflow/.local/lib/python3.12/site-packages/airflow/example_dags/example_python_decorator.py took 0.048 seconds
[2024-08-05T00:01:40.765+0000] {processor.py:161} INFO - Started process (PID=13265) to work on /home/airflow/.local/lib/python3.12/site-packages/airflow/example_dags/example_python_decorator.py
[2024-08-05T00:01:40.768+0000] {processor.py:830} INFO - Processing file /home/airflow/.local/lib/python3.12/site-packages/airflow/example_dags/example_python_decorator.py for tasks to queue
[2024-08-05T00:01:40.781+0000] {logging_mixin.py:188} INFO - [2024-08-05T00:01:40.776+0000] {dagbag.py:545} INFO - Filling up the DagBag from /home/airflow/.local/lib/python3.12/site-packages/airflow/example_dags/example_python_decorator.py
[2024-08-05T00:01:40.848+0000] {processor.py:840} INFO - DAG(s) 'example_python_decorator' retrieved from /home/airflow/.local/lib/python3.12/site-packages/airflow/example_dags/example_python_decorator.py
[2024-08-05T00:01:40.908+0000] {logging_mixin.py:188} INFO - [2024-08-05T00:01:40.908+0000] {dag.py:3089} INFO - Sync 1 DAGs
[2024-08-05T00:01:41.003+0000] {logging_mixin.py:188} INFO - [2024-08-05T00:01:41.002+0000] {dag.py:3947} INFO - Setting next_dagrun for example_python_decorator to None, run_after=None
[2024-08-05T00:01:41.118+0000] {processor.py:183} INFO - Processing /home/airflow/.local/lib/python3.12/site-packages/airflow/example_dags/example_python_decorator.py took 0.361 seconds
[2024-08-05T00:02:11.594+0000] {processor.py:161} INFO - Started process (PID=13326) to work on /home/airflow/.local/lib/python3.12/site-packages/airflow/example_dags/example_python_decorator.py
[2024-08-05T00:02:11.595+0000] {processor.py:830} INFO - Processing file /home/airflow/.local/lib/python3.12/site-packages/airflow/example_dags/example_python_decorator.py for tasks to queue
[2024-08-05T00:02:11.596+0000] {logging_mixin.py:188} INFO - [2024-08-05T00:02:11.595+0000] {dagbag.py:545} INFO - Filling up the DagBag from /home/airflow/.local/lib/python3.12/site-packages/airflow/example_dags/example_python_decorator.py
[2024-08-05T00:02:11.603+0000] {processor.py:840} INFO - DAG(s) 'example_python_decorator' retrieved from /home/airflow/.local/lib/python3.12/site-packages/airflow/example_dags/example_python_decorator.py
[2024-08-05T00:02:11.617+0000] {logging_mixin.py:188} INFO - [2024-08-05T00:02:11.616+0000] {dag.py:3089} INFO - Sync 1 DAGs
[2024-08-05T00:02:11.622+0000] {logging_mixin.py:188} INFO - [2024-08-05T00:02:11.622+0000] {dag.py:3947} INFO - Setting next_dagrun for example_python_decorator to None, run_after=None
[2024-08-05T00:02:11.633+0000] {processor.py:183} INFO - Processing /home/airflow/.local/lib/python3.12/site-packages/airflow/example_dags/example_python_decorator.py took 0.041 seconds
[2024-08-05T00:02:42.006+0000] {processor.py:161} INFO - Started process (PID=13387) to work on /home/airflow/.local/lib/python3.12/site-packages/airflow/example_dags/example_python_decorator.py
[2024-08-05T00:02:42.006+0000] {processor.py:830} INFO - Processing file /home/airflow/.local/lib/python3.12/site-packages/airflow/example_dags/example_python_decorator.py for tasks to queue
[2024-08-05T00:02:42.007+0000] {logging_mixin.py:188} INFO - [2024-08-05T00:02:42.007+0000] {dagbag.py:545} INFO - Filling up the DagBag from /home/airflow/.local/lib/python3.12/site-packages/airflow/example_dags/example_python_decorator.py
[2024-08-05T00:02:42.016+0000] {processor.py:840} INFO - DAG(s) 'example_python_decorator' retrieved from /home/airflow/.local/lib/python3.12/site-packages/airflow/example_dags/example_python_decorator.py
[2024-08-05T00:02:42.036+0000] {logging_mixin.py:188} INFO - [2024-08-05T00:02:42.036+0000] {dag.py:3089} INFO - Sync 1 DAGs
[2024-08-05T00:02:42.045+0000] {logging_mixin.py:188} INFO - [2024-08-05T00:02:42.044+0000] {dag.py:3947} INFO - Setting next_dagrun for example_python_decorator to None, run_after=None
[2024-08-05T00:02:42.056+0000] {processor.py:183} INFO - Processing /home/airflow/.local/lib/python3.12/site-packages/airflow/example_dags/example_python_decorator.py took 0.053 seconds
[2024-08-05T00:03:12.638+0000] {processor.py:161} INFO - Started process (PID=13448) to work on /home/airflow/.local/lib/python3.12/site-packages/airflow/example_dags/example_python_decorator.py
[2024-08-05T00:03:12.638+0000] {processor.py:830} INFO - Processing file /home/airflow/.local/lib/python3.12/site-packages/airflow/example_dags/example_python_decorator.py for tasks to queue
[2024-08-05T00:03:12.639+0000] {logging_mixin.py:188} INFO - [2024-08-05T00:03:12.639+0000] {dagbag.py:545} INFO - Filling up the DagBag from /home/airflow/.local/lib/python3.12/site-packages/airflow/example_dags/example_python_decorator.py
[2024-08-05T00:03:12.656+0000] {processor.py:840} INFO - DAG(s) 'example_python_decorator' retrieved from /home/airflow/.local/lib/python3.12/site-packages/airflow/example_dags/example_python_decorator.py
[2024-08-05T00:03:12.675+0000] {logging_mixin.py:188} INFO - [2024-08-05T00:03:12.675+0000] {dag.py:3089} INFO - Sync 1 DAGs
[2024-08-05T00:03:12.682+0000] {logging_mixin.py:188} INFO - [2024-08-05T00:03:12.681+0000] {dag.py:3947} INFO - Setting next_dagrun for example_python_decorator to None, run_after=None
[2024-08-05T00:03:12.695+0000] {processor.py:183} INFO - Processing /home/airflow/.local/lib/python3.12/site-packages/airflow/example_dags/example_python_decorator.py took 0.064 seconds
[2024-08-05T00:03:42.924+0000] {processor.py:161} INFO - Started process (PID=13509) to work on /home/airflow/.local/lib/python3.12/site-packages/airflow/example_dags/example_python_decorator.py
[2024-08-05T00:03:42.925+0000] {processor.py:830} INFO - Processing file /home/airflow/.local/lib/python3.12/site-packages/airflow/example_dags/example_python_decorator.py for tasks to queue
[2024-08-05T00:03:42.926+0000] {logging_mixin.py:188} INFO - [2024-08-05T00:03:42.926+0000] {dagbag.py:545} INFO - Filling up the DagBag from /home/airflow/.local/lib/python3.12/site-packages/airflow/example_dags/example_python_decorator.py
[2024-08-05T00:03:42.934+0000] {processor.py:840} INFO - DAG(s) 'example_python_decorator' retrieved from /home/airflow/.local/lib/python3.12/site-packages/airflow/example_dags/example_python_decorator.py
[2024-08-05T00:03:42.954+0000] {logging_mixin.py:188} INFO - [2024-08-05T00:03:42.954+0000] {dag.py:3089} INFO - Sync 1 DAGs
[2024-08-05T00:03:42.965+0000] {logging_mixin.py:188} INFO - [2024-08-05T00:03:42.965+0000] {dag.py:3947} INFO - Setting next_dagrun for example_python_decorator to None, run_after=None
[2024-08-05T00:03:42.984+0000] {processor.py:183} INFO - Processing /home/airflow/.local/lib/python3.12/site-packages/airflow/example_dags/example_python_decorator.py took 0.063 seconds
[2024-08-05T00:04:13.417+0000] {processor.py:161} INFO - Started process (PID=13570) to work on /home/airflow/.local/lib/python3.12/site-packages/airflow/example_dags/example_python_decorator.py
[2024-08-05T00:04:13.417+0000] {processor.py:830} INFO - Processing file /home/airflow/.local/lib/python3.12/site-packages/airflow/example_dags/example_python_decorator.py for tasks to queue
[2024-08-05T00:04:13.418+0000] {logging_mixin.py:188} INFO - [2024-08-05T00:04:13.418+0000] {dagbag.py:545} INFO - Filling up the DagBag from /home/airflow/.local/lib/python3.12/site-packages/airflow/example_dags/example_python_decorator.py
[2024-08-05T00:04:13.425+0000] {processor.py:840} INFO - DAG(s) 'example_python_decorator' retrieved from /home/airflow/.local/lib/python3.12/site-packages/airflow/example_dags/example_python_decorator.py
[2024-08-05T00:04:13.440+0000] {logging_mixin.py:188} INFO - [2024-08-05T00:04:13.440+0000] {dag.py:3089} INFO - Sync 1 DAGs
[2024-08-05T00:04:13.447+0000] {logging_mixin.py:188} INFO - [2024-08-05T00:04:13.447+0000] {dag.py:3947} INFO - Setting next_dagrun for example_python_decorator to None, run_after=None
[2024-08-05T00:04:13.461+0000] {processor.py:183} INFO - Processing /home/airflow/.local/lib/python3.12/site-packages/airflow/example_dags/example_python_decorator.py took 0.047 seconds
[2024-08-05T00:04:43.749+0000] {processor.py:161} INFO - Started process (PID=13637) to work on /home/airflow/.local/lib/python3.12/site-packages/airflow/example_dags/example_python_decorator.py
[2024-08-05T00:04:43.750+0000] {processor.py:830} INFO - Processing file /home/airflow/.local/lib/python3.12/site-packages/airflow/example_dags/example_python_decorator.py for tasks to queue
[2024-08-05T00:04:43.750+0000] {logging_mixin.py:188} INFO - [2024-08-05T00:04:43.750+0000] {dagbag.py:545} INFO - Filling up the DagBag from /home/airflow/.local/lib/python3.12/site-packages/airflow/example_dags/example_python_decorator.py
[2024-08-05T00:04:43.760+0000] {processor.py:840} INFO - DAG(s) 'example_python_decorator' retrieved from /home/airflow/.local/lib/python3.12/site-packages/airflow/example_dags/example_python_decorator.py
[2024-08-05T00:04:43.776+0000] {logging_mixin.py:188} INFO - [2024-08-05T00:04:43.775+0000] {dag.py:3089} INFO - Sync 1 DAGs
[2024-08-05T00:04:43.783+0000] {logging_mixin.py:188} INFO - [2024-08-05T00:04:43.783+0000] {dag.py:3947} INFO - Setting next_dagrun for example_python_decorator to None, run_after=None
[2024-08-05T00:04:43.792+0000] {processor.py:183} INFO - Processing /home/airflow/.local/lib/python3.12/site-packages/airflow/example_dags/example_python_decorator.py took 0.045 seconds
[2024-08-05T00:05:13.968+0000] {processor.py:161} INFO - Started process (PID=13698) to work on /home/airflow/.local/lib/python3.12/site-packages/airflow/example_dags/example_python_decorator.py
[2024-08-05T00:05:13.969+0000] {processor.py:830} INFO - Processing file /home/airflow/.local/lib/python3.12/site-packages/airflow/example_dags/example_python_decorator.py for tasks to queue
[2024-08-05T00:05:13.970+0000] {logging_mixin.py:188} INFO - [2024-08-05T00:05:13.970+0000] {dagbag.py:545} INFO - Filling up the DagBag from /home/airflow/.local/lib/python3.12/site-packages/airflow/example_dags/example_python_decorator.py
[2024-08-05T00:05:13.987+0000] {processor.py:840} INFO - DAG(s) 'example_python_decorator' retrieved from /home/airflow/.local/lib/python3.12/site-packages/airflow/example_dags/example_python_decorator.py
[2024-08-05T00:05:14.015+0000] {logging_mixin.py:188} INFO - [2024-08-05T00:05:14.015+0000] {dag.py:3089} INFO - Sync 1 DAGs
[2024-08-05T00:05:14.030+0000] {logging_mixin.py:188} INFO - [2024-08-05T00:05:14.030+0000] {dag.py:3947} INFO - Setting next_dagrun for example_python_decorator to None, run_after=None
[2024-08-05T00:05:14.045+0000] {processor.py:183} INFO - Processing /home/airflow/.local/lib/python3.12/site-packages/airflow/example_dags/example_python_decorator.py took 0.080 seconds
[2024-08-05T00:05:44.568+0000] {processor.py:161} INFO - Started process (PID=13759) to work on /home/airflow/.local/lib/python3.12/site-packages/airflow/example_dags/example_python_decorator.py
[2024-08-05T00:05:44.571+0000] {processor.py:830} INFO - Processing file /home/airflow/.local/lib/python3.12/site-packages/airflow/example_dags/example_python_decorator.py for tasks to queue
[2024-08-05T00:05:44.572+0000] {logging_mixin.py:188} INFO - [2024-08-05T00:05:44.571+0000] {dagbag.py:545} INFO - Filling up the DagBag from /home/airflow/.local/lib/python3.12/site-packages/airflow/example_dags/example_python_decorator.py
[2024-08-05T00:05:44.592+0000] {processor.py:840} INFO - DAG(s) 'example_python_decorator' retrieved from /home/airflow/.local/lib/python3.12/site-packages/airflow/example_dags/example_python_decorator.py
[2024-08-05T00:05:44.627+0000] {logging_mixin.py:188} INFO - [2024-08-05T00:05:44.627+0000] {dag.py:3089} INFO - Sync 1 DAGs
[2024-08-05T00:05:44.636+0000] {logging_mixin.py:188} INFO - [2024-08-05T00:05:44.636+0000] {dag.py:3947} INFO - Setting next_dagrun for example_python_decorator to None, run_after=None
[2024-08-05T00:05:44.655+0000] {processor.py:183} INFO - Processing /home/airflow/.local/lib/python3.12/site-packages/airflow/example_dags/example_python_decorator.py took 0.090 seconds
[2024-08-05T00:06:14.874+0000] {processor.py:161} INFO - Started process (PID=13820) to work on /home/airflow/.local/lib/python3.12/site-packages/airflow/example_dags/example_python_decorator.py
[2024-08-05T00:06:14.877+0000] {processor.py:830} INFO - Processing file /home/airflow/.local/lib/python3.12/site-packages/airflow/example_dags/example_python_decorator.py for tasks to queue
[2024-08-05T00:06:14.877+0000] {logging_mixin.py:188} INFO - [2024-08-05T00:06:14.877+0000] {dagbag.py:545} INFO - Filling up the DagBag from /home/airflow/.local/lib/python3.12/site-packages/airflow/example_dags/example_python_decorator.py
[2024-08-05T00:06:14.887+0000] {processor.py:840} INFO - DAG(s) 'example_python_decorator' retrieved from /home/airflow/.local/lib/python3.12/site-packages/airflow/example_dags/example_python_decorator.py
[2024-08-05T00:06:14.905+0000] {logging_mixin.py:188} INFO - [2024-08-05T00:06:14.905+0000] {dag.py:3089} INFO - Sync 1 DAGs
[2024-08-05T00:06:14.927+0000] {logging_mixin.py:188} INFO - [2024-08-05T00:06:14.927+0000] {dag.py:3947} INFO - Setting next_dagrun for example_python_decorator to None, run_after=None
[2024-08-05T00:06:14.947+0000] {processor.py:183} INFO - Processing /home/airflow/.local/lib/python3.12/site-packages/airflow/example_dags/example_python_decorator.py took 0.077 seconds
[2024-08-05T00:06:46.497+0000] {processor.py:161} INFO - Started process (PID=13881) to work on /home/airflow/.local/lib/python3.12/site-packages/airflow/example_dags/example_python_decorator.py
[2024-08-05T00:06:46.500+0000] {processor.py:830} INFO - Processing file /home/airflow/.local/lib/python3.12/site-packages/airflow/example_dags/example_python_decorator.py for tasks to queue
[2024-08-05T00:06:46.503+0000] {logging_mixin.py:188} INFO - [2024-08-05T00:06:46.502+0000] {dagbag.py:545} INFO - Filling up the DagBag from /home/airflow/.local/lib/python3.12/site-packages/airflow/example_dags/example_python_decorator.py
[2024-08-05T00:06:46.637+0000] {processor.py:840} INFO - DAG(s) 'example_python_decorator' retrieved from /home/airflow/.local/lib/python3.12/site-packages/airflow/example_dags/example_python_decorator.py
[2024-08-05T00:06:46.716+0000] {logging_mixin.py:188} INFO - [2024-08-05T00:06:46.716+0000] {dag.py:3089} INFO - Sync 1 DAGs
[2024-08-05T00:06:46.784+0000] {logging_mixin.py:188} INFO - [2024-08-05T00:06:46.782+0000] {dag.py:3947} INFO - Setting next_dagrun for example_python_decorator to None, run_after=None
[2024-08-05T00:06:46.895+0000] {processor.py:183} INFO - Processing /home/airflow/.local/lib/python3.12/site-packages/airflow/example_dags/example_python_decorator.py took 0.412 seconds
[2024-08-05T00:07:17.707+0000] {processor.py:161} INFO - Started process (PID=13952) to work on /home/airflow/.local/lib/python3.12/site-packages/airflow/example_dags/example_python_decorator.py
[2024-08-05T00:07:17.709+0000] {processor.py:830} INFO - Processing file /home/airflow/.local/lib/python3.12/site-packages/airflow/example_dags/example_python_decorator.py for tasks to queue
[2024-08-05T00:07:17.710+0000] {logging_mixin.py:188} INFO - [2024-08-05T00:07:17.709+0000] {dagbag.py:545} INFO - Filling up the DagBag from /home/airflow/.local/lib/python3.12/site-packages/airflow/example_dags/example_python_decorator.py
[2024-08-05T00:07:17.742+0000] {processor.py:840} INFO - DAG(s) 'example_python_decorator' retrieved from /home/airflow/.local/lib/python3.12/site-packages/airflow/example_dags/example_python_decorator.py
[2024-08-05T00:07:17.767+0000] {logging_mixin.py:188} INFO - [2024-08-05T00:07:17.767+0000] {dag.py:3089} INFO - Sync 1 DAGs
[2024-08-05T00:07:17.781+0000] {logging_mixin.py:188} INFO - [2024-08-05T00:07:17.780+0000] {dag.py:3947} INFO - Setting next_dagrun for example_python_decorator to None, run_after=None
[2024-08-05T00:07:17.804+0000] {processor.py:183} INFO - Processing /home/airflow/.local/lib/python3.12/site-packages/airflow/example_dags/example_python_decorator.py took 0.111 seconds
[2024-08-05T00:07:48.029+0000] {processor.py:161} INFO - Started process (PID=14013) to work on /home/airflow/.local/lib/python3.12/site-packages/airflow/example_dags/example_python_decorator.py
[2024-08-05T00:07:48.032+0000] {processor.py:830} INFO - Processing file /home/airflow/.local/lib/python3.12/site-packages/airflow/example_dags/example_python_decorator.py for tasks to queue
[2024-08-05T00:07:48.033+0000] {logging_mixin.py:188} INFO - [2024-08-05T00:07:48.033+0000] {dagbag.py:545} INFO - Filling up the DagBag from /home/airflow/.local/lib/python3.12/site-packages/airflow/example_dags/example_python_decorator.py
[2024-08-05T00:07:48.093+0000] {processor.py:840} INFO - DAG(s) 'example_python_decorator' retrieved from /home/airflow/.local/lib/python3.12/site-packages/airflow/example_dags/example_python_decorator.py
[2024-08-05T00:07:48.139+0000] {logging_mixin.py:188} INFO - [2024-08-05T00:07:48.139+0000] {dag.py:3089} INFO - Sync 1 DAGs
[2024-08-05T00:07:48.169+0000] {logging_mixin.py:188} INFO - [2024-08-05T00:07:48.169+0000] {dag.py:3947} INFO - Setting next_dagrun for example_python_decorator to None, run_after=None
[2024-08-05T00:07:48.188+0000] {processor.py:183} INFO - Processing /home/airflow/.local/lib/python3.12/site-packages/airflow/example_dags/example_python_decorator.py took 0.168 seconds
[2024-08-05T00:08:18.306+0000] {processor.py:161} INFO - Started process (PID=14074) to work on /home/airflow/.local/lib/python3.12/site-packages/airflow/example_dags/example_python_decorator.py
[2024-08-05T00:08:18.307+0000] {processor.py:830} INFO - Processing file /home/airflow/.local/lib/python3.12/site-packages/airflow/example_dags/example_python_decorator.py for tasks to queue
[2024-08-05T00:08:18.308+0000] {logging_mixin.py:188} INFO - [2024-08-05T00:08:18.308+0000] {dagbag.py:545} INFO - Filling up the DagBag from /home/airflow/.local/lib/python3.12/site-packages/airflow/example_dags/example_python_decorator.py
[2024-08-05T00:08:18.319+0000] {processor.py:840} INFO - DAG(s) 'example_python_decorator' retrieved from /home/airflow/.local/lib/python3.12/site-packages/airflow/example_dags/example_python_decorator.py
[2024-08-05T00:08:18.351+0000] {logging_mixin.py:188} INFO - [2024-08-05T00:08:18.350+0000] {dag.py:3089} INFO - Sync 1 DAGs
[2024-08-05T00:08:18.364+0000] {logging_mixin.py:188} INFO - [2024-08-05T00:08:18.364+0000] {dag.py:3947} INFO - Setting next_dagrun for example_python_decorator to None, run_after=None
[2024-08-05T00:08:18.390+0000] {processor.py:183} INFO - Processing /home/airflow/.local/lib/python3.12/site-packages/airflow/example_dags/example_python_decorator.py took 0.091 seconds
[2024-08-05T00:08:49.313+0000] {processor.py:161} INFO - Started process (PID=14136) to work on /home/airflow/.local/lib/python3.12/site-packages/airflow/example_dags/example_python_decorator.py
[2024-08-05T00:08:49.317+0000] {processor.py:830} INFO - Processing file /home/airflow/.local/lib/python3.12/site-packages/airflow/example_dags/example_python_decorator.py for tasks to queue
[2024-08-05T00:08:49.319+0000] {logging_mixin.py:188} INFO - [2024-08-05T00:08:49.318+0000] {dagbag.py:545} INFO - Filling up the DagBag from /home/airflow/.local/lib/python3.12/site-packages/airflow/example_dags/example_python_decorator.py
[2024-08-05T00:08:49.415+0000] {processor.py:840} INFO - DAG(s) 'example_python_decorator' retrieved from /home/airflow/.local/lib/python3.12/site-packages/airflow/example_dags/example_python_decorator.py
[2024-08-05T00:08:49.519+0000] {logging_mixin.py:188} INFO - [2024-08-05T00:08:49.518+0000] {dag.py:3089} INFO - Sync 1 DAGs
[2024-08-05T00:08:49.563+0000] {logging_mixin.py:188} INFO - [2024-08-05T00:08:49.562+0000] {dag.py:3947} INFO - Setting next_dagrun for example_python_decorator to None, run_after=None
[2024-08-05T00:08:49.602+0000] {processor.py:183} INFO - Processing /home/airflow/.local/lib/python3.12/site-packages/airflow/example_dags/example_python_decorator.py took 0.351 seconds
[2024-08-05T00:09:19.817+0000] {processor.py:161} INFO - Started process (PID=14197) to work on /home/airflow/.local/lib/python3.12/site-packages/airflow/example_dags/example_python_decorator.py
[2024-08-05T00:09:19.820+0000] {processor.py:830} INFO - Processing file /home/airflow/.local/lib/python3.12/site-packages/airflow/example_dags/example_python_decorator.py for tasks to queue
[2024-08-05T00:09:19.821+0000] {logging_mixin.py:188} INFO - [2024-08-05T00:09:19.821+0000] {dagbag.py:545} INFO - Filling up the DagBag from /home/airflow/.local/lib/python3.12/site-packages/airflow/example_dags/example_python_decorator.py
[2024-08-05T00:09:19.833+0000] {processor.py:840} INFO - DAG(s) 'example_python_decorator' retrieved from /home/airflow/.local/lib/python3.12/site-packages/airflow/example_dags/example_python_decorator.py
[2024-08-05T00:09:19.852+0000] {logging_mixin.py:188} INFO - [2024-08-05T00:09:19.852+0000] {dag.py:3089} INFO - Sync 1 DAGs
[2024-08-05T00:09:19.862+0000] {logging_mixin.py:188} INFO - [2024-08-05T00:09:19.862+0000] {dag.py:3947} INFO - Setting next_dagrun for example_python_decorator to None, run_after=None
[2024-08-05T00:09:19.876+0000] {processor.py:183} INFO - Processing /home/airflow/.local/lib/python3.12/site-packages/airflow/example_dags/example_python_decorator.py took 0.068 seconds
[2024-08-05T00:09:50.239+0000] {processor.py:161} INFO - Started process (PID=14258) to work on /home/airflow/.local/lib/python3.12/site-packages/airflow/example_dags/example_python_decorator.py
[2024-08-05T00:09:50.249+0000] {processor.py:830} INFO - Processing file /home/airflow/.local/lib/python3.12/site-packages/airflow/example_dags/example_python_decorator.py for tasks to queue
[2024-08-05T00:09:50.251+0000] {logging_mixin.py:188} INFO - [2024-08-05T00:09:50.250+0000] {dagbag.py:545} INFO - Filling up the DagBag from /home/airflow/.local/lib/python3.12/site-packages/airflow/example_dags/example_python_decorator.py
[2024-08-05T00:09:50.281+0000] {processor.py:840} INFO - DAG(s) 'example_python_decorator' retrieved from /home/airflow/.local/lib/python3.12/site-packages/airflow/example_dags/example_python_decorator.py
[2024-08-05T00:09:50.340+0000] {logging_mixin.py:188} INFO - [2024-08-05T00:09:50.340+0000] {dag.py:3089} INFO - Sync 1 DAGs
[2024-08-05T00:09:50.352+0000] {logging_mixin.py:188} INFO - [2024-08-05T00:09:50.352+0000] {dag.py:3947} INFO - Setting next_dagrun for example_python_decorator to None, run_after=None
[2024-08-05T00:09:50.370+0000] {processor.py:183} INFO - Processing /home/airflow/.local/lib/python3.12/site-packages/airflow/example_dags/example_python_decorator.py took 0.151 seconds
[2024-08-05T00:10:22.024+0000] {processor.py:161} INFO - Started process (PID=14327) to work on /home/airflow/.local/lib/python3.12/site-packages/airflow/example_dags/example_python_decorator.py
[2024-08-05T00:10:22.026+0000] {processor.py:830} INFO - Processing file /home/airflow/.local/lib/python3.12/site-packages/airflow/example_dags/example_python_decorator.py for tasks to queue
[2024-08-05T00:10:22.027+0000] {logging_mixin.py:188} INFO - [2024-08-05T00:10:22.027+0000] {dagbag.py:545} INFO - Filling up the DagBag from /home/airflow/.local/lib/python3.12/site-packages/airflow/example_dags/example_python_decorator.py
[2024-08-05T00:10:22.044+0000] {processor.py:840} INFO - DAG(s) 'example_python_decorator' retrieved from /home/airflow/.local/lib/python3.12/site-packages/airflow/example_dags/example_python_decorator.py
[2024-08-05T00:10:22.072+0000] {logging_mixin.py:188} INFO - [2024-08-05T00:10:22.071+0000] {dag.py:3089} INFO - Sync 1 DAGs
[2024-08-05T00:10:22.098+0000] {logging_mixin.py:188} INFO - [2024-08-05T00:10:22.098+0000] {dag.py:3947} INFO - Setting next_dagrun for example_python_decorator to None, run_after=None
[2024-08-05T00:10:22.112+0000] {processor.py:183} INFO - Processing /home/airflow/.local/lib/python3.12/site-packages/airflow/example_dags/example_python_decorator.py took 0.097 seconds
[2024-08-05T00:10:52.515+0000] {processor.py:161} INFO - Started process (PID=14385) to work on /home/airflow/.local/lib/python3.12/site-packages/airflow/example_dags/example_python_decorator.py
[2024-08-05T00:10:52.516+0000] {processor.py:830} INFO - Processing file /home/airflow/.local/lib/python3.12/site-packages/airflow/example_dags/example_python_decorator.py for tasks to queue
[2024-08-05T00:10:52.517+0000] {logging_mixin.py:188} INFO - [2024-08-05T00:10:52.517+0000] {dagbag.py:545} INFO - Filling up the DagBag from /home/airflow/.local/lib/python3.12/site-packages/airflow/example_dags/example_python_decorator.py
[2024-08-05T00:10:52.525+0000] {processor.py:840} INFO - DAG(s) 'example_python_decorator' retrieved from /home/airflow/.local/lib/python3.12/site-packages/airflow/example_dags/example_python_decorator.py
[2024-08-05T00:10:52.544+0000] {logging_mixin.py:188} INFO - [2024-08-05T00:10:52.544+0000] {dag.py:3089} INFO - Sync 1 DAGs
[2024-08-05T00:10:52.551+0000] {logging_mixin.py:188} INFO - [2024-08-05T00:10:52.551+0000] {dag.py:3947} INFO - Setting next_dagrun for example_python_decorator to None, run_after=None
[2024-08-05T00:10:52.570+0000] {processor.py:183} INFO - Processing /home/airflow/.local/lib/python3.12/site-packages/airflow/example_dags/example_python_decorator.py took 0.060 seconds
[2024-08-05T00:11:23.533+0000] {processor.py:161} INFO - Started process (PID=14456) to work on /home/airflow/.local/lib/python3.12/site-packages/airflow/example_dags/example_python_decorator.py
[2024-08-05T00:11:23.535+0000] {processor.py:830} INFO - Processing file /home/airflow/.local/lib/python3.12/site-packages/airflow/example_dags/example_python_decorator.py for tasks to queue
[2024-08-05T00:11:23.537+0000] {logging_mixin.py:188} INFO - [2024-08-05T00:11:23.537+0000] {dagbag.py:545} INFO - Filling up the DagBag from /home/airflow/.local/lib/python3.12/site-packages/airflow/example_dags/example_python_decorator.py
[2024-08-05T00:11:23.547+0000] {processor.py:840} INFO - DAG(s) 'example_python_decorator' retrieved from /home/airflow/.local/lib/python3.12/site-packages/airflow/example_dags/example_python_decorator.py
[2024-08-05T00:11:23.566+0000] {logging_mixin.py:188} INFO - [2024-08-05T00:11:23.566+0000] {dag.py:3089} INFO - Sync 1 DAGs
[2024-08-05T00:11:23.575+0000] {logging_mixin.py:188} INFO - [2024-08-05T00:11:23.575+0000] {dag.py:3947} INFO - Setting next_dagrun for example_python_decorator to None, run_after=None
[2024-08-05T00:11:23.595+0000] {processor.py:183} INFO - Processing /home/airflow/.local/lib/python3.12/site-packages/airflow/example_dags/example_python_decorator.py took 0.066 seconds
[2024-08-05T00:11:53.849+0000] {processor.py:161} INFO - Started process (PID=14513) to work on /home/airflow/.local/lib/python3.12/site-packages/airflow/example_dags/example_python_decorator.py
[2024-08-05T00:11:53.851+0000] {processor.py:830} INFO - Processing file /home/airflow/.local/lib/python3.12/site-packages/airflow/example_dags/example_python_decorator.py for tasks to queue
[2024-08-05T00:11:53.853+0000] {logging_mixin.py:188} INFO - [2024-08-05T00:11:53.853+0000] {dagbag.py:545} INFO - Filling up the DagBag from /home/airflow/.local/lib/python3.12/site-packages/airflow/example_dags/example_python_decorator.py
[2024-08-05T00:11:53.869+0000] {processor.py:840} INFO - DAG(s) 'example_python_decorator' retrieved from /home/airflow/.local/lib/python3.12/site-packages/airflow/example_dags/example_python_decorator.py
[2024-08-05T00:11:53.907+0000] {logging_mixin.py:188} INFO - [2024-08-05T00:11:53.907+0000] {dag.py:3089} INFO - Sync 1 DAGs
[2024-08-05T00:11:53.925+0000] {logging_mixin.py:188} INFO - [2024-08-05T00:11:53.924+0000] {dag.py:3947} INFO - Setting next_dagrun for example_python_decorator to None, run_after=None
[2024-08-05T00:11:53.946+0000] {processor.py:183} INFO - Processing /home/airflow/.local/lib/python3.12/site-packages/airflow/example_dags/example_python_decorator.py took 0.105 seconds
[2024-08-05T00:12:24.081+0000] {processor.py:161} INFO - Started process (PID=14573) to work on /home/airflow/.local/lib/python3.12/site-packages/airflow/example_dags/example_python_decorator.py
[2024-08-05T00:12:24.083+0000] {processor.py:830} INFO - Processing file /home/airflow/.local/lib/python3.12/site-packages/airflow/example_dags/example_python_decorator.py for tasks to queue
[2024-08-05T00:12:24.084+0000] {logging_mixin.py:188} INFO - [2024-08-05T00:12:24.084+0000] {dagbag.py:545} INFO - Filling up the DagBag from /home/airflow/.local/lib/python3.12/site-packages/airflow/example_dags/example_python_decorator.py
[2024-08-05T00:12:24.101+0000] {processor.py:840} INFO - DAG(s) 'example_python_decorator' retrieved from /home/airflow/.local/lib/python3.12/site-packages/airflow/example_dags/example_python_decorator.py
[2024-08-05T00:12:24.123+0000] {logging_mixin.py:188} INFO - [2024-08-05T00:12:24.122+0000] {dag.py:3089} INFO - Sync 1 DAGs
[2024-08-05T00:12:24.132+0000] {logging_mixin.py:188} INFO - [2024-08-05T00:12:24.131+0000] {dag.py:3947} INFO - Setting next_dagrun for example_python_decorator to None, run_after=None
[2024-08-05T00:12:24.141+0000] {processor.py:183} INFO - Processing /home/airflow/.local/lib/python3.12/site-packages/airflow/example_dags/example_python_decorator.py took 0.071 seconds
[2024-08-05T00:12:54.723+0000] {processor.py:161} INFO - Started process (PID=14634) to work on /home/airflow/.local/lib/python3.12/site-packages/airflow/example_dags/example_python_decorator.py
[2024-08-05T00:12:54.728+0000] {processor.py:830} INFO - Processing file /home/airflow/.local/lib/python3.12/site-packages/airflow/example_dags/example_python_decorator.py for tasks to queue
[2024-08-05T00:12:54.732+0000] {logging_mixin.py:188} INFO - [2024-08-05T00:12:54.731+0000] {dagbag.py:545} INFO - Filling up the DagBag from /home/airflow/.local/lib/python3.12/site-packages/airflow/example_dags/example_python_decorator.py
[2024-08-05T00:12:54.860+0000] {processor.py:840} INFO - DAG(s) 'example_python_decorator' retrieved from /home/airflow/.local/lib/python3.12/site-packages/airflow/example_dags/example_python_decorator.py
[2024-08-05T00:12:55.011+0000] {logging_mixin.py:188} INFO - [2024-08-05T00:12:55.010+0000] {dag.py:3089} INFO - Sync 1 DAGs
[2024-08-05T00:12:55.032+0000] {logging_mixin.py:188} INFO - [2024-08-05T00:12:55.032+0000] {dag.py:3947} INFO - Setting next_dagrun for example_python_decorator to None, run_after=None
[2024-08-05T00:12:55.062+0000] {processor.py:183} INFO - Processing /home/airflow/.local/lib/python3.12/site-packages/airflow/example_dags/example_python_decorator.py took 0.398 seconds
[2024-08-05T00:13:25.764+0000] {processor.py:161} INFO - Started process (PID=14695) to work on /home/airflow/.local/lib/python3.12/site-packages/airflow/example_dags/example_python_decorator.py
[2024-08-05T00:13:25.766+0000] {processor.py:830} INFO - Processing file /home/airflow/.local/lib/python3.12/site-packages/airflow/example_dags/example_python_decorator.py for tasks to queue
[2024-08-05T00:13:25.767+0000] {logging_mixin.py:188} INFO - [2024-08-05T00:13:25.767+0000] {dagbag.py:545} INFO - Filling up the DagBag from /home/airflow/.local/lib/python3.12/site-packages/airflow/example_dags/example_python_decorator.py
[2024-08-05T00:13:25.783+0000] {processor.py:840} INFO - DAG(s) 'example_python_decorator' retrieved from /home/airflow/.local/lib/python3.12/site-packages/airflow/example_dags/example_python_decorator.py
[2024-08-05T00:13:25.803+0000] {logging_mixin.py:188} INFO - [2024-08-05T00:13:25.803+0000] {dag.py:3089} INFO - Sync 1 DAGs
[2024-08-05T00:13:25.811+0000] {logging_mixin.py:188} INFO - [2024-08-05T00:13:25.811+0000] {dag.py:3947} INFO - Setting next_dagrun for example_python_decorator to None, run_after=None
[2024-08-05T00:13:25.820+0000] {processor.py:183} INFO - Processing /home/airflow/.local/lib/python3.12/site-packages/airflow/example_dags/example_python_decorator.py took 0.063 seconds
[2024-08-05T00:13:56.141+0000] {processor.py:161} INFO - Started process (PID=14756) to work on /home/airflow/.local/lib/python3.12/site-packages/airflow/example_dags/example_python_decorator.py
[2024-08-05T00:13:56.144+0000] {processor.py:830} INFO - Processing file /home/airflow/.local/lib/python3.12/site-packages/airflow/example_dags/example_python_decorator.py for tasks to queue
[2024-08-05T00:13:56.145+0000] {logging_mixin.py:188} INFO - [2024-08-05T00:13:56.144+0000] {dagbag.py:545} INFO - Filling up the DagBag from /home/airflow/.local/lib/python3.12/site-packages/airflow/example_dags/example_python_decorator.py
[2024-08-05T00:13:56.162+0000] {processor.py:840} INFO - DAG(s) 'example_python_decorator' retrieved from /home/airflow/.local/lib/python3.12/site-packages/airflow/example_dags/example_python_decorator.py
[2024-08-05T00:13:56.182+0000] {logging_mixin.py:188} INFO - [2024-08-05T00:13:56.182+0000] {dag.py:3089} INFO - Sync 1 DAGs
[2024-08-05T00:13:56.190+0000] {logging_mixin.py:188} INFO - [2024-08-05T00:13:56.190+0000] {dag.py:3947} INFO - Setting next_dagrun for example_python_decorator to None, run_after=None
[2024-08-05T00:13:56.200+0000] {processor.py:183} INFO - Processing /home/airflow/.local/lib/python3.12/site-packages/airflow/example_dags/example_python_decorator.py took 0.068 seconds
[2024-08-05T00:14:26.627+0000] {processor.py:161} INFO - Started process (PID=14817) to work on /home/airflow/.local/lib/python3.12/site-packages/airflow/example_dags/example_python_decorator.py
[2024-08-05T00:14:26.628+0000] {processor.py:830} INFO - Processing file /home/airflow/.local/lib/python3.12/site-packages/airflow/example_dags/example_python_decorator.py for tasks to queue
[2024-08-05T00:14:26.629+0000] {logging_mixin.py:188} INFO - [2024-08-05T00:14:26.629+0000] {dagbag.py:545} INFO - Filling up the DagBag from /home/airflow/.local/lib/python3.12/site-packages/airflow/example_dags/example_python_decorator.py
[2024-08-05T00:14:26.639+0000] {processor.py:840} INFO - DAG(s) 'example_python_decorator' retrieved from /home/airflow/.local/lib/python3.12/site-packages/airflow/example_dags/example_python_decorator.py
[2024-08-05T00:14:26.653+0000] {logging_mixin.py:188} INFO - [2024-08-05T00:14:26.652+0000] {dag.py:3089} INFO - Sync 1 DAGs
[2024-08-05T00:14:26.659+0000] {logging_mixin.py:188} INFO - [2024-08-05T00:14:26.659+0000] {dag.py:3947} INFO - Setting next_dagrun for example_python_decorator to None, run_after=None
[2024-08-05T00:14:26.667+0000] {processor.py:183} INFO - Processing /home/airflow/.local/lib/python3.12/site-packages/airflow/example_dags/example_python_decorator.py took 0.044 seconds
[2024-08-05T00:14:57.049+0000] {processor.py:161} INFO - Started process (PID=14878) to work on /home/airflow/.local/lib/python3.12/site-packages/airflow/example_dags/example_python_decorator.py
[2024-08-05T00:14:57.051+0000] {processor.py:830} INFO - Processing file /home/airflow/.local/lib/python3.12/site-packages/airflow/example_dags/example_python_decorator.py for tasks to queue
[2024-08-05T00:14:57.052+0000] {logging_mixin.py:188} INFO - [2024-08-05T00:14:57.052+0000] {dagbag.py:545} INFO - Filling up the DagBag from /home/airflow/.local/lib/python3.12/site-packages/airflow/example_dags/example_python_decorator.py
[2024-08-05T00:14:57.069+0000] {processor.py:840} INFO - DAG(s) 'example_python_decorator' retrieved from /home/airflow/.local/lib/python3.12/site-packages/airflow/example_dags/example_python_decorator.py
[2024-08-05T00:14:57.091+0000] {logging_mixin.py:188} INFO - [2024-08-05T00:14:57.091+0000] {dag.py:3089} INFO - Sync 1 DAGs
[2024-08-05T00:14:57.099+0000] {logging_mixin.py:188} INFO - [2024-08-05T00:14:57.099+0000] {dag.py:3947} INFO - Setting next_dagrun for example_python_decorator to None, run_after=None
[2024-08-05T00:14:57.108+0000] {processor.py:183} INFO - Processing /home/airflow/.local/lib/python3.12/site-packages/airflow/example_dags/example_python_decorator.py took 0.067 seconds
[2024-08-05T00:15:27.666+0000] {processor.py:161} INFO - Started process (PID=14939) to work on /home/airflow/.local/lib/python3.12/site-packages/airflow/example_dags/example_python_decorator.py
[2024-08-05T00:15:27.667+0000] {processor.py:830} INFO - Processing file /home/airflow/.local/lib/python3.12/site-packages/airflow/example_dags/example_python_decorator.py for tasks to queue
[2024-08-05T00:15:27.668+0000] {logging_mixin.py:188} INFO - [2024-08-05T00:15:27.668+0000] {dagbag.py:545} INFO - Filling up the DagBag from /home/airflow/.local/lib/python3.12/site-packages/airflow/example_dags/example_python_decorator.py
[2024-08-05T00:15:27.677+0000] {processor.py:840} INFO - DAG(s) 'example_python_decorator' retrieved from /home/airflow/.local/lib/python3.12/site-packages/airflow/example_dags/example_python_decorator.py
[2024-08-05T00:15:27.691+0000] {logging_mixin.py:188} INFO - [2024-08-05T00:15:27.691+0000] {dag.py:3089} INFO - Sync 1 DAGs
[2024-08-05T00:15:27.697+0000] {logging_mixin.py:188} INFO - [2024-08-05T00:15:27.697+0000] {dag.py:3947} INFO - Setting next_dagrun for example_python_decorator to None, run_after=None
[2024-08-05T00:15:27.715+0000] {processor.py:183} INFO - Processing /home/airflow/.local/lib/python3.12/site-packages/airflow/example_dags/example_python_decorator.py took 0.053 seconds
[2024-08-05T00:15:58.313+0000] {processor.py:161} INFO - Started process (PID=15000) to work on /home/airflow/.local/lib/python3.12/site-packages/airflow/example_dags/example_python_decorator.py
[2024-08-05T00:15:58.315+0000] {processor.py:830} INFO - Processing file /home/airflow/.local/lib/python3.12/site-packages/airflow/example_dags/example_python_decorator.py for tasks to queue
[2024-08-05T00:15:58.317+0000] {logging_mixin.py:188} INFO - [2024-08-05T00:15:58.316+0000] {dagbag.py:545} INFO - Filling up the DagBag from /home/airflow/.local/lib/python3.12/site-packages/airflow/example_dags/example_python_decorator.py
[2024-08-05T00:15:58.380+0000] {processor.py:840} INFO - DAG(s) 'example_python_decorator' retrieved from /home/airflow/.local/lib/python3.12/site-packages/airflow/example_dags/example_python_decorator.py
[2024-08-05T00:15:58.443+0000] {logging_mixin.py:188} INFO - [2024-08-05T00:15:58.443+0000] {dag.py:3089} INFO - Sync 1 DAGs
[2024-08-05T00:15:58.468+0000] {logging_mixin.py:188} INFO - [2024-08-05T00:15:58.468+0000] {dag.py:3947} INFO - Setting next_dagrun for example_python_decorator to None, run_after=None
[2024-08-05T00:15:58.491+0000] {processor.py:183} INFO - Processing /home/airflow/.local/lib/python3.12/site-packages/airflow/example_dags/example_python_decorator.py took 0.225 seconds
[2024-08-05T00:16:28.958+0000] {processor.py:161} INFO - Started process (PID=15071) to work on /home/airflow/.local/lib/python3.12/site-packages/airflow/example_dags/example_python_decorator.py
[2024-08-05T00:16:28.960+0000] {processor.py:830} INFO - Processing file /home/airflow/.local/lib/python3.12/site-packages/airflow/example_dags/example_python_decorator.py for tasks to queue
[2024-08-05T00:16:28.962+0000] {logging_mixin.py:188} INFO - [2024-08-05T00:16:28.961+0000] {dagbag.py:545} INFO - Filling up the DagBag from /home/airflow/.local/lib/python3.12/site-packages/airflow/example_dags/example_python_decorator.py
[2024-08-05T00:16:28.984+0000] {processor.py:840} INFO - DAG(s) 'example_python_decorator' retrieved from /home/airflow/.local/lib/python3.12/site-packages/airflow/example_dags/example_python_decorator.py
[2024-08-05T00:16:29.045+0000] {logging_mixin.py:188} INFO - [2024-08-05T00:16:29.045+0000] {dag.py:3089} INFO - Sync 1 DAGs
[2024-08-05T00:16:29.058+0000] {logging_mixin.py:188} INFO - [2024-08-05T00:16:29.058+0000] {dag.py:3947} INFO - Setting next_dagrun for example_python_decorator to None, run_after=None
[2024-08-05T00:16:29.071+0000] {processor.py:183} INFO - Processing /home/airflow/.local/lib/python3.12/site-packages/airflow/example_dags/example_python_decorator.py took 0.124 seconds
[2024-08-05T00:16:59.597+0000] {processor.py:161} INFO - Started process (PID=15132) to work on /home/airflow/.local/lib/python3.12/site-packages/airflow/example_dags/example_python_decorator.py
[2024-08-05T00:16:59.599+0000] {processor.py:830} INFO - Processing file /home/airflow/.local/lib/python3.12/site-packages/airflow/example_dags/example_python_decorator.py for tasks to queue
[2024-08-05T00:16:59.600+0000] {logging_mixin.py:188} INFO - [2024-08-05T00:16:59.600+0000] {dagbag.py:545} INFO - Filling up the DagBag from /home/airflow/.local/lib/python3.12/site-packages/airflow/example_dags/example_python_decorator.py
[2024-08-05T00:16:59.629+0000] {processor.py:840} INFO - DAG(s) 'example_python_decorator' retrieved from /home/airflow/.local/lib/python3.12/site-packages/airflow/example_dags/example_python_decorator.py
[2024-08-05T00:16:59.668+0000] {logging_mixin.py:188} INFO - [2024-08-05T00:16:59.667+0000] {dag.py:3089} INFO - Sync 1 DAGs
[2024-08-05T00:16:59.680+0000] {logging_mixin.py:188} INFO - [2024-08-05T00:16:59.680+0000] {dag.py:3947} INFO - Setting next_dagrun for example_python_decorator to None, run_after=None
[2024-08-05T00:16:59.694+0000] {processor.py:183} INFO - Processing /home/airflow/.local/lib/python3.12/site-packages/airflow/example_dags/example_python_decorator.py took 0.107 seconds
[2024-08-05T00:17:30.167+0000] {processor.py:161} INFO - Started process (PID=15203) to work on /home/airflow/.local/lib/python3.12/site-packages/airflow/example_dags/example_python_decorator.py
[2024-08-05T00:17:30.169+0000] {processor.py:830} INFO - Processing file /home/airflow/.local/lib/python3.12/site-packages/airflow/example_dags/example_python_decorator.py for tasks to queue
[2024-08-05T00:17:30.170+0000] {logging_mixin.py:188} INFO - [2024-08-05T00:17:30.170+0000] {dagbag.py:545} INFO - Filling up the DagBag from /home/airflow/.local/lib/python3.12/site-packages/airflow/example_dags/example_python_decorator.py
[2024-08-05T00:17:30.194+0000] {processor.py:840} INFO - DAG(s) 'example_python_decorator' retrieved from /home/airflow/.local/lib/python3.12/site-packages/airflow/example_dags/example_python_decorator.py
[2024-08-05T00:17:30.239+0000] {logging_mixin.py:188} INFO - [2024-08-05T00:17:30.238+0000] {dag.py:3089} INFO - Sync 1 DAGs
[2024-08-05T00:17:30.276+0000] {logging_mixin.py:188} INFO - [2024-08-05T00:17:30.271+0000] {dag.py:3947} INFO - Setting next_dagrun for example_python_decorator to None, run_after=None
[2024-08-05T00:17:30.392+0000] {processor.py:183} INFO - Processing /home/airflow/.local/lib/python3.12/site-packages/airflow/example_dags/example_python_decorator.py took 0.249 seconds
[2024-08-05T00:18:01.461+0000] {processor.py:161} INFO - Started process (PID=15264) to work on /home/airflow/.local/lib/python3.12/site-packages/airflow/example_dags/example_python_decorator.py
[2024-08-05T00:18:01.463+0000] {processor.py:830} INFO - Processing file /home/airflow/.local/lib/python3.12/site-packages/airflow/example_dags/example_python_decorator.py for tasks to queue
[2024-08-05T00:18:01.465+0000] {logging_mixin.py:188} INFO - [2024-08-05T00:18:01.464+0000] {dagbag.py:545} INFO - Filling up the DagBag from /home/airflow/.local/lib/python3.12/site-packages/airflow/example_dags/example_python_decorator.py
[2024-08-05T00:18:01.486+0000] {processor.py:840} INFO - DAG(s) 'example_python_decorator' retrieved from /home/airflow/.local/lib/python3.12/site-packages/airflow/example_dags/example_python_decorator.py
[2024-08-05T00:18:01.525+0000] {logging_mixin.py:188} INFO - [2024-08-05T00:18:01.525+0000] {dag.py:3089} INFO - Sync 1 DAGs
[2024-08-05T00:18:01.536+0000] {logging_mixin.py:188} INFO - [2024-08-05T00:18:01.536+0000] {dag.py:3947} INFO - Setting next_dagrun for example_python_decorator to None, run_after=None
[2024-08-05T00:18:01.549+0000] {processor.py:183} INFO - Processing /home/airflow/.local/lib/python3.12/site-packages/airflow/example_dags/example_python_decorator.py took 0.110 seconds
[2024-08-05T00:18:32.332+0000] {processor.py:161} INFO - Started process (PID=15325) to work on /home/airflow/.local/lib/python3.12/site-packages/airflow/example_dags/example_python_decorator.py
[2024-08-05T00:18:32.334+0000] {processor.py:830} INFO - Processing file /home/airflow/.local/lib/python3.12/site-packages/airflow/example_dags/example_python_decorator.py for tasks to queue
[2024-08-05T00:18:32.335+0000] {logging_mixin.py:188} INFO - [2024-08-05T00:18:32.334+0000] {dagbag.py:545} INFO - Filling up the DagBag from /home/airflow/.local/lib/python3.12/site-packages/airflow/example_dags/example_python_decorator.py
[2024-08-05T00:18:32.365+0000] {processor.py:840} INFO - DAG(s) 'example_python_decorator' retrieved from /home/airflow/.local/lib/python3.12/site-packages/airflow/example_dags/example_python_decorator.py
[2024-08-05T00:18:32.414+0000] {logging_mixin.py:188} INFO - [2024-08-05T00:18:32.413+0000] {dag.py:3089} INFO - Sync 1 DAGs
[2024-08-05T00:18:32.425+0000] {logging_mixin.py:188} INFO - [2024-08-05T00:18:32.425+0000] {dag.py:3947} INFO - Setting next_dagrun for example_python_decorator to None, run_after=None
[2024-08-05T00:18:32.440+0000] {processor.py:183} INFO - Processing /home/airflow/.local/lib/python3.12/site-packages/airflow/example_dags/example_python_decorator.py took 0.125 seconds
[2024-08-05T00:19:02.724+0000] {processor.py:161} INFO - Started process (PID=15386) to work on /home/airflow/.local/lib/python3.12/site-packages/airflow/example_dags/example_python_decorator.py
[2024-08-05T00:19:02.725+0000] {processor.py:830} INFO - Processing file /home/airflow/.local/lib/python3.12/site-packages/airflow/example_dags/example_python_decorator.py for tasks to queue
[2024-08-05T00:19:02.726+0000] {logging_mixin.py:188} INFO - [2024-08-05T00:19:02.726+0000] {dagbag.py:545} INFO - Filling up the DagBag from /home/airflow/.local/lib/python3.12/site-packages/airflow/example_dags/example_python_decorator.py
[2024-08-05T00:19:02.751+0000] {processor.py:840} INFO - DAG(s) 'example_python_decorator' retrieved from /home/airflow/.local/lib/python3.12/site-packages/airflow/example_dags/example_python_decorator.py
[2024-08-05T00:19:02.810+0000] {logging_mixin.py:188} INFO - [2024-08-05T00:19:02.810+0000] {dag.py:3089} INFO - Sync 1 DAGs
[2024-08-05T00:19:02.827+0000] {logging_mixin.py:188} INFO - [2024-08-05T00:19:02.827+0000] {dag.py:3947} INFO - Setting next_dagrun for example_python_decorator to None, run_after=None
[2024-08-05T00:19:02.857+0000] {processor.py:183} INFO - Processing /home/airflow/.local/lib/python3.12/site-packages/airflow/example_dags/example_python_decorator.py took 0.143 seconds
[2024-08-05T00:19:33.872+0000] {processor.py:161} INFO - Started process (PID=15451) to work on /home/airflow/.local/lib/python3.12/site-packages/airflow/example_dags/example_python_decorator.py
[2024-08-05T00:19:33.875+0000] {processor.py:830} INFO - Processing file /home/airflow/.local/lib/python3.12/site-packages/airflow/example_dags/example_python_decorator.py for tasks to queue
[2024-08-05T00:19:33.878+0000] {logging_mixin.py:188} INFO - [2024-08-05T00:19:33.876+0000] {dagbag.py:545} INFO - Filling up the DagBag from /home/airflow/.local/lib/python3.12/site-packages/airflow/example_dags/example_python_decorator.py
[2024-08-05T00:19:33.920+0000] {processor.py:840} INFO - DAG(s) 'example_python_decorator' retrieved from /home/airflow/.local/lib/python3.12/site-packages/airflow/example_dags/example_python_decorator.py
[2024-08-05T00:19:33.951+0000] {logging_mixin.py:188} INFO - [2024-08-05T00:19:33.951+0000] {dag.py:3089} INFO - Sync 1 DAGs
[2024-08-05T00:19:33.962+0000] {logging_mixin.py:188} INFO - [2024-08-05T00:19:33.962+0000] {dag.py:3947} INFO - Setting next_dagrun for example_python_decorator to None, run_after=None
[2024-08-05T00:19:33.975+0000] {processor.py:183} INFO - Processing /home/airflow/.local/lib/python3.12/site-packages/airflow/example_dags/example_python_decorator.py took 0.117 seconds
[2024-08-05T00:20:05.289+0000] {processor.py:161} INFO - Started process (PID=15523) to work on /home/airflow/.local/lib/python3.12/site-packages/airflow/example_dags/example_python_decorator.py
[2024-08-05T00:20:05.304+0000] {processor.py:830} INFO - Processing file /home/airflow/.local/lib/python3.12/site-packages/airflow/example_dags/example_python_decorator.py for tasks to queue
[2024-08-05T00:20:05.315+0000] {logging_mixin.py:188} INFO - [2024-08-05T00:20:05.314+0000] {dagbag.py:545} INFO - Filling up the DagBag from /home/airflow/.local/lib/python3.12/site-packages/airflow/example_dags/example_python_decorator.py
[2024-08-05T00:20:05.458+0000] {processor.py:840} INFO - DAG(s) 'example_python_decorator' retrieved from /home/airflow/.local/lib/python3.12/site-packages/airflow/example_dags/example_python_decorator.py
[2024-08-05T00:20:05.663+0000] {logging_mixin.py:188} INFO - [2024-08-05T00:20:05.654+0000] {dag.py:3089} INFO - Sync 1 DAGs
[2024-08-05T00:20:05.722+0000] {logging_mixin.py:188} INFO - [2024-08-05T00:20:05.721+0000] {dag.py:3947} INFO - Setting next_dagrun for example_python_decorator to None, run_after=None
[2024-08-05T00:20:05.816+0000] {processor.py:183} INFO - Processing /home/airflow/.local/lib/python3.12/site-packages/airflow/example_dags/example_python_decorator.py took 0.592 seconds
[2024-08-05T00:20:36.975+0000] {processor.py:161} INFO - Started process (PID=15594) to work on /home/airflow/.local/lib/python3.12/site-packages/airflow/example_dags/example_python_decorator.py
[2024-08-05T00:20:36.995+0000] {processor.py:830} INFO - Processing file /home/airflow/.local/lib/python3.12/site-packages/airflow/example_dags/example_python_decorator.py for tasks to queue
[2024-08-05T00:20:37.009+0000] {logging_mixin.py:188} INFO - [2024-08-05T00:20:37.007+0000] {dagbag.py:545} INFO - Filling up the DagBag from /home/airflow/.local/lib/python3.12/site-packages/airflow/example_dags/example_python_decorator.py
[2024-08-05T00:20:37.175+0000] {processor.py:840} INFO - DAG(s) 'example_python_decorator' retrieved from /home/airflow/.local/lib/python3.12/site-packages/airflow/example_dags/example_python_decorator.py
[2024-08-05T00:20:37.466+0000] {logging_mixin.py:188} INFO - [2024-08-05T00:20:37.465+0000] {dag.py:3089} INFO - Sync 1 DAGs
[2024-08-05T00:20:37.654+0000] {logging_mixin.py:188} INFO - [2024-08-05T00:20:37.652+0000] {dag.py:3947} INFO - Setting next_dagrun for example_python_decorator to None, run_after=None
[2024-08-05T00:20:37.760+0000] {processor.py:183} INFO - Processing /home/airflow/.local/lib/python3.12/site-packages/airflow/example_dags/example_python_decorator.py took 0.859 seconds
[2024-08-05T00:21:07.918+0000] {processor.py:161} INFO - Started process (PID=15654) to work on /home/airflow/.local/lib/python3.12/site-packages/airflow/example_dags/example_python_decorator.py
[2024-08-05T00:21:07.922+0000] {processor.py:830} INFO - Processing file /home/airflow/.local/lib/python3.12/site-packages/airflow/example_dags/example_python_decorator.py for tasks to queue
[2024-08-05T00:21:07.924+0000] {logging_mixin.py:188} INFO - [2024-08-05T00:21:07.924+0000] {dagbag.py:545} INFO - Filling up the DagBag from /home/airflow/.local/lib/python3.12/site-packages/airflow/example_dags/example_python_decorator.py
[2024-08-05T00:21:07.961+0000] {processor.py:840} INFO - DAG(s) 'example_python_decorator' retrieved from /home/airflow/.local/lib/python3.12/site-packages/airflow/example_dags/example_python_decorator.py
[2024-08-05T00:21:08.021+0000] {logging_mixin.py:188} INFO - [2024-08-05T00:21:08.021+0000] {dag.py:3089} INFO - Sync 1 DAGs
[2024-08-05T00:21:08.033+0000] {logging_mixin.py:188} INFO - [2024-08-05T00:21:08.033+0000] {dag.py:3947} INFO - Setting next_dagrun for example_python_decorator to None, run_after=None
[2024-08-05T00:21:08.046+0000] {processor.py:183} INFO - Processing /home/airflow/.local/lib/python3.12/site-packages/airflow/example_dags/example_python_decorator.py took 0.137 seconds
[2024-08-05T00:21:38.281+0000] {processor.py:161} INFO - Started process (PID=15714) to work on /home/airflow/.local/lib/python3.12/site-packages/airflow/example_dags/example_python_decorator.py
[2024-08-05T00:21:38.284+0000] {processor.py:830} INFO - Processing file /home/airflow/.local/lib/python3.12/site-packages/airflow/example_dags/example_python_decorator.py for tasks to queue
[2024-08-05T00:21:38.285+0000] {logging_mixin.py:188} INFO - [2024-08-05T00:21:38.285+0000] {dagbag.py:545} INFO - Filling up the DagBag from /home/airflow/.local/lib/python3.12/site-packages/airflow/example_dags/example_python_decorator.py
[2024-08-05T00:21:38.310+0000] {processor.py:840} INFO - DAG(s) 'example_python_decorator' retrieved from /home/airflow/.local/lib/python3.12/site-packages/airflow/example_dags/example_python_decorator.py
[2024-08-05T00:21:38.358+0000] {logging_mixin.py:188} INFO - [2024-08-05T00:21:38.358+0000] {dag.py:3089} INFO - Sync 1 DAGs
[2024-08-05T00:21:38.371+0000] {logging_mixin.py:188} INFO - [2024-08-05T00:21:38.371+0000] {dag.py:3947} INFO - Setting next_dagrun for example_python_decorator to None, run_after=None
[2024-08-05T00:21:38.402+0000] {processor.py:183} INFO - Processing /home/airflow/.local/lib/python3.12/site-packages/airflow/example_dags/example_python_decorator.py took 0.137 seconds
[2024-08-05T00:22:08.841+0000] {processor.py:161} INFO - Started process (PID=15774) to work on /home/airflow/.local/lib/python3.12/site-packages/airflow/example_dags/example_python_decorator.py
[2024-08-05T00:22:08.848+0000] {processor.py:830} INFO - Processing file /home/airflow/.local/lib/python3.12/site-packages/airflow/example_dags/example_python_decorator.py for tasks to queue
[2024-08-05T00:22:08.850+0000] {logging_mixin.py:188} INFO - [2024-08-05T00:22:08.849+0000] {dagbag.py:545} INFO - Filling up the DagBag from /home/airflow/.local/lib/python3.12/site-packages/airflow/example_dags/example_python_decorator.py
[2024-08-05T00:22:08.883+0000] {processor.py:840} INFO - DAG(s) 'example_python_decorator' retrieved from /home/airflow/.local/lib/python3.12/site-packages/airflow/example_dags/example_python_decorator.py
[2024-08-05T00:22:08.924+0000] {logging_mixin.py:188} INFO - [2024-08-05T00:22:08.924+0000] {dag.py:3089} INFO - Sync 1 DAGs
[2024-08-05T00:22:08.937+0000] {logging_mixin.py:188} INFO - [2024-08-05T00:22:08.936+0000] {dag.py:3947} INFO - Setting next_dagrun for example_python_decorator to None, run_after=None
[2024-08-05T00:22:08.951+0000] {processor.py:183} INFO - Processing /home/airflow/.local/lib/python3.12/site-packages/airflow/example_dags/example_python_decorator.py took 0.131 seconds
[2024-08-05T00:22:39.243+0000] {processor.py:161} INFO - Started process (PID=15835) to work on /home/airflow/.local/lib/python3.12/site-packages/airflow/example_dags/example_python_decorator.py
[2024-08-05T00:22:39.245+0000] {processor.py:830} INFO - Processing file /home/airflow/.local/lib/python3.12/site-packages/airflow/example_dags/example_python_decorator.py for tasks to queue
[2024-08-05T00:22:39.247+0000] {logging_mixin.py:188} INFO - [2024-08-05T00:22:39.246+0000] {dagbag.py:545} INFO - Filling up the DagBag from /home/airflow/.local/lib/python3.12/site-packages/airflow/example_dags/example_python_decorator.py
[2024-08-05T00:22:39.290+0000] {processor.py:840} INFO - DAG(s) 'example_python_decorator' retrieved from /home/airflow/.local/lib/python3.12/site-packages/airflow/example_dags/example_python_decorator.py
[2024-08-05T00:22:39.367+0000] {logging_mixin.py:188} INFO - [2024-08-05T00:22:39.366+0000] {dag.py:3089} INFO - Sync 1 DAGs
[2024-08-05T00:22:39.392+0000] {logging_mixin.py:188} INFO - [2024-08-05T00:22:39.391+0000] {dag.py:3947} INFO - Setting next_dagrun for example_python_decorator to None, run_after=None
[2024-08-05T00:22:39.410+0000] {processor.py:183} INFO - Processing /home/airflow/.local/lib/python3.12/site-packages/airflow/example_dags/example_python_decorator.py took 0.202 seconds
[2024-08-05T00:23:09.547+0000] {processor.py:161} INFO - Started process (PID=15896) to work on /home/airflow/.local/lib/python3.12/site-packages/airflow/example_dags/example_python_decorator.py
[2024-08-05T00:23:09.549+0000] {processor.py:830} INFO - Processing file /home/airflow/.local/lib/python3.12/site-packages/airflow/example_dags/example_python_decorator.py for tasks to queue
[2024-08-05T00:23:09.550+0000] {logging_mixin.py:188} INFO - [2024-08-05T00:23:09.550+0000] {dagbag.py:545} INFO - Filling up the DagBag from /home/airflow/.local/lib/python3.12/site-packages/airflow/example_dags/example_python_decorator.py
[2024-08-05T00:23:09.560+0000] {processor.py:840} INFO - DAG(s) 'example_python_decorator' retrieved from /home/airflow/.local/lib/python3.12/site-packages/airflow/example_dags/example_python_decorator.py
[2024-08-05T00:23:09.580+0000] {logging_mixin.py:188} INFO - [2024-08-05T00:23:09.580+0000] {dag.py:3089} INFO - Sync 1 DAGs
[2024-08-05T00:23:09.598+0000] {logging_mixin.py:188} INFO - [2024-08-05T00:23:09.598+0000] {dag.py:3947} INFO - Setting next_dagrun for example_python_decorator to None, run_after=None
[2024-08-05T00:23:09.613+0000] {processor.py:183} INFO - Processing /home/airflow/.local/lib/python3.12/site-packages/airflow/example_dags/example_python_decorator.py took 0.077 seconds
[2024-08-05T00:23:40.214+0000] {processor.py:161} INFO - Started process (PID=15955) to work on /home/airflow/.local/lib/python3.12/site-packages/airflow/example_dags/example_python_decorator.py
[2024-08-05T00:23:40.217+0000] {processor.py:830} INFO - Processing file /home/airflow/.local/lib/python3.12/site-packages/airflow/example_dags/example_python_decorator.py for tasks to queue
[2024-08-05T00:23:40.218+0000] {logging_mixin.py:188} INFO - [2024-08-05T00:23:40.218+0000] {dagbag.py:545} INFO - Filling up the DagBag from /home/airflow/.local/lib/python3.12/site-packages/airflow/example_dags/example_python_decorator.py
[2024-08-05T00:23:40.254+0000] {processor.py:840} INFO - DAG(s) 'example_python_decorator' retrieved from /home/airflow/.local/lib/python3.12/site-packages/airflow/example_dags/example_python_decorator.py
[2024-08-05T00:23:40.377+0000] {logging_mixin.py:188} INFO - [2024-08-05T00:23:40.377+0000] {dag.py:3089} INFO - Sync 1 DAGs
[2024-08-05T00:23:40.398+0000] {logging_mixin.py:188} INFO - [2024-08-05T00:23:40.398+0000] {dag.py:3947} INFO - Setting next_dagrun for example_python_decorator to None, run_after=None
[2024-08-05T00:23:40.434+0000] {processor.py:183} INFO - Processing /home/airflow/.local/lib/python3.12/site-packages/airflow/example_dags/example_python_decorator.py took 0.247 seconds
[2024-08-05T00:24:10.984+0000] {processor.py:161} INFO - Started process (PID=16014) to work on /home/airflow/.local/lib/python3.12/site-packages/airflow/example_dags/example_python_decorator.py
[2024-08-05T00:24:10.988+0000] {processor.py:830} INFO - Processing file /home/airflow/.local/lib/python3.12/site-packages/airflow/example_dags/example_python_decorator.py for tasks to queue
[2024-08-05T00:24:10.990+0000] {logging_mixin.py:188} INFO - [2024-08-05T00:24:10.989+0000] {dagbag.py:545} INFO - Filling up the DagBag from /home/airflow/.local/lib/python3.12/site-packages/airflow/example_dags/example_python_decorator.py
[2024-08-05T00:24:11.018+0000] {processor.py:840} INFO - DAG(s) 'example_python_decorator' retrieved from /home/airflow/.local/lib/python3.12/site-packages/airflow/example_dags/example_python_decorator.py
[2024-08-05T00:24:11.074+0000] {logging_mixin.py:188} INFO - [2024-08-05T00:24:11.073+0000] {dag.py:3089} INFO - Sync 1 DAGs
[2024-08-05T00:24:11.088+0000] {logging_mixin.py:188} INFO - [2024-08-05T00:24:11.088+0000] {dag.py:3947} INFO - Setting next_dagrun for example_python_decorator to None, run_after=None
[2024-08-05T00:24:11.128+0000] {processor.py:183} INFO - Processing /home/airflow/.local/lib/python3.12/site-packages/airflow/example_dags/example_python_decorator.py took 0.169 seconds
