[2024-08-05T00:00:23.675+0000] {processor.py:161} INFO - Started process (PID=13099) to work on /home/airflow/.local/lib/python3.12/site-packages/airflow/example_dags/example_latest_only.py
[2024-08-05T00:00:23.725+0000] {processor.py:830} INFO - Processing file /home/airflow/.local/lib/python3.12/site-packages/airflow/example_dags/example_latest_only.py for tasks to queue
[2024-08-05T00:00:23.758+0000] {logging_mixin.py:188} INFO - [2024-08-05T00:00:23.749+0000] {dagbag.py:545} INFO - Filling up the DagBag from /home/airflow/.local/lib/python3.12/site-packages/airflow/example_dags/example_latest_only.py
[2024-08-05T00:00:23.867+0000] {processor.py:840} INFO - DAG(s) 'latest_only' retrieved from /home/airflow/.local/lib/python3.12/site-packages/airflow/example_dags/example_latest_only.py
[2024-08-05T00:00:24.720+0000] {logging_mixin.py:188} INFO - [2024-08-05T00:00:24.719+0000] {dag.py:3089} INFO - Sync 1 DAGs
[2024-08-05T00:00:25.262+0000] {logging_mixin.py:188} INFO - [2024-08-05T00:00:25.260+0000] {dag.py:3947} INFO - Setting next_dagrun for latest_only to 2024-08-04 20:00:00+00:00, run_after=2024-08-05 00:00:00+00:00
[2024-08-05T00:00:25.428+0000] {processor.py:183} INFO - Processing /home/airflow/.local/lib/python3.12/site-packages/airflow/example_dags/example_latest_only.py took 1.983 seconds
[2024-08-05T00:00:56.237+0000] {processor.py:161} INFO - Started process (PID=13167) to work on /home/airflow/.local/lib/python3.12/site-packages/airflow/example_dags/example_latest_only.py
[2024-08-05T00:00:56.240+0000] {processor.py:830} INFO - Processing file /home/airflow/.local/lib/python3.12/site-packages/airflow/example_dags/example_latest_only.py for tasks to queue
[2024-08-05T00:00:56.245+0000] {logging_mixin.py:188} INFO - [2024-08-05T00:00:56.243+0000] {dagbag.py:545} INFO - Filling up the DagBag from /home/airflow/.local/lib/python3.12/site-packages/airflow/example_dags/example_latest_only.py
[2024-08-05T00:00:56.289+0000] {processor.py:840} INFO - DAG(s) 'latest_only' retrieved from /home/airflow/.local/lib/python3.12/site-packages/airflow/example_dags/example_latest_only.py
[2024-08-05T00:00:56.418+0000] {logging_mixin.py:188} INFO - [2024-08-05T00:00:56.417+0000] {dag.py:3089} INFO - Sync 1 DAGs
[2024-08-05T00:00:56.485+0000] {logging_mixin.py:188} INFO - [2024-08-05T00:00:56.484+0000] {dag.py:3947} INFO - Setting next_dagrun for latest_only to 2024-08-04 20:00:00+00:00, run_after=2024-08-05 00:00:00+00:00
[2024-08-05T00:00:56.516+0000] {processor.py:183} INFO - Processing /home/airflow/.local/lib/python3.12/site-packages/airflow/example_dags/example_latest_only.py took 0.290 seconds
[2024-08-05T00:01:27.119+0000] {processor.py:161} INFO - Started process (PID=13228) to work on /home/airflow/.local/lib/python3.12/site-packages/airflow/example_dags/example_latest_only.py
[2024-08-05T00:01:27.124+0000] {processor.py:830} INFO - Processing file /home/airflow/.local/lib/python3.12/site-packages/airflow/example_dags/example_latest_only.py for tasks to queue
[2024-08-05T00:01:27.128+0000] {logging_mixin.py:188} INFO - [2024-08-05T00:01:27.127+0000] {dagbag.py:545} INFO - Filling up the DagBag from /home/airflow/.local/lib/python3.12/site-packages/airflow/example_dags/example_latest_only.py
[2024-08-05T00:01:27.140+0000] {processor.py:840} INFO - DAG(s) 'latest_only' retrieved from /home/airflow/.local/lib/python3.12/site-packages/airflow/example_dags/example_latest_only.py
[2024-08-05T00:01:27.169+0000] {logging_mixin.py:188} INFO - [2024-08-05T00:01:27.168+0000] {dag.py:3089} INFO - Sync 1 DAGs
[2024-08-05T00:01:27.192+0000] {logging_mixin.py:188} INFO - [2024-08-05T00:01:27.192+0000] {dag.py:3947} INFO - Setting next_dagrun for latest_only to 2024-08-04 20:00:00+00:00, run_after=2024-08-05 00:00:00+00:00
[2024-08-05T00:01:27.235+0000] {processor.py:183} INFO - Processing /home/airflow/.local/lib/python3.12/site-packages/airflow/example_dags/example_latest_only.py took 0.142 seconds
[2024-08-05T00:01:57.767+0000] {processor.py:161} INFO - Started process (PID=13299) to work on /home/airflow/.local/lib/python3.12/site-packages/airflow/example_dags/example_latest_only.py
[2024-08-05T00:01:57.775+0000] {processor.py:830} INFO - Processing file /home/airflow/.local/lib/python3.12/site-packages/airflow/example_dags/example_latest_only.py for tasks to queue
[2024-08-05T00:01:57.780+0000] {logging_mixin.py:188} INFO - [2024-08-05T00:01:57.779+0000] {dagbag.py:545} INFO - Filling up the DagBag from /home/airflow/.local/lib/python3.12/site-packages/airflow/example_dags/example_latest_only.py
[2024-08-05T00:01:57.790+0000] {processor.py:840} INFO - DAG(s) 'latest_only' retrieved from /home/airflow/.local/lib/python3.12/site-packages/airflow/example_dags/example_latest_only.py
[2024-08-05T00:01:57.846+0000] {logging_mixin.py:188} INFO - [2024-08-05T00:01:57.845+0000] {dag.py:3089} INFO - Sync 1 DAGs
[2024-08-05T00:01:57.911+0000] {logging_mixin.py:188} INFO - [2024-08-05T00:01:57.911+0000] {dag.py:3947} INFO - Setting next_dagrun for latest_only to 2024-08-04 20:00:00+00:00, run_after=2024-08-05 00:00:00+00:00
[2024-08-05T00:01:57.934+0000] {processor.py:183} INFO - Processing /home/airflow/.local/lib/python3.12/site-packages/airflow/example_dags/example_latest_only.py took 0.197 seconds
[2024-08-05T00:02:28.316+0000] {processor.py:161} INFO - Started process (PID=13360) to work on /home/airflow/.local/lib/python3.12/site-packages/airflow/example_dags/example_latest_only.py
[2024-08-05T00:02:28.320+0000] {processor.py:830} INFO - Processing file /home/airflow/.local/lib/python3.12/site-packages/airflow/example_dags/example_latest_only.py for tasks to queue
[2024-08-05T00:02:28.323+0000] {logging_mixin.py:188} INFO - [2024-08-05T00:02:28.321+0000] {dagbag.py:545} INFO - Filling up the DagBag from /home/airflow/.local/lib/python3.12/site-packages/airflow/example_dags/example_latest_only.py
[2024-08-05T00:02:28.338+0000] {processor.py:840} INFO - DAG(s) 'latest_only' retrieved from /home/airflow/.local/lib/python3.12/site-packages/airflow/example_dags/example_latest_only.py
[2024-08-05T00:02:28.391+0000] {logging_mixin.py:188} INFO - [2024-08-05T00:02:28.391+0000] {dag.py:3089} INFO - Sync 1 DAGs
[2024-08-05T00:02:28.428+0000] {logging_mixin.py:188} INFO - [2024-08-05T00:02:28.428+0000] {dag.py:3947} INFO - Setting next_dagrun for latest_only to 2024-08-04 20:00:00+00:00, run_after=2024-08-05 00:00:00+00:00
[2024-08-05T00:02:28.444+0000] {processor.py:183} INFO - Processing /home/airflow/.local/lib/python3.12/site-packages/airflow/example_dags/example_latest_only.py took 0.152 seconds
[2024-08-05T00:02:58.662+0000] {processor.py:161} INFO - Started process (PID=13421) to work on /home/airflow/.local/lib/python3.12/site-packages/airflow/example_dags/example_latest_only.py
[2024-08-05T00:02:58.668+0000] {processor.py:830} INFO - Processing file /home/airflow/.local/lib/python3.12/site-packages/airflow/example_dags/example_latest_only.py for tasks to queue
[2024-08-05T00:02:58.673+0000] {logging_mixin.py:188} INFO - [2024-08-05T00:02:58.672+0000] {dagbag.py:545} INFO - Filling up the DagBag from /home/airflow/.local/lib/python3.12/site-packages/airflow/example_dags/example_latest_only.py
[2024-08-05T00:02:58.698+0000] {processor.py:840} INFO - DAG(s) 'latest_only' retrieved from /home/airflow/.local/lib/python3.12/site-packages/airflow/example_dags/example_latest_only.py
[2024-08-05T00:02:58.729+0000] {logging_mixin.py:188} INFO - [2024-08-05T00:02:58.729+0000] {dag.py:3089} INFO - Sync 1 DAGs
[2024-08-05T00:02:58.749+0000] {logging_mixin.py:188} INFO - [2024-08-05T00:02:58.749+0000] {dag.py:3947} INFO - Setting next_dagrun for latest_only to 2024-08-04 20:00:00+00:00, run_after=2024-08-05 00:00:00+00:00
[2024-08-05T00:02:58.770+0000] {processor.py:183} INFO - Processing /home/airflow/.local/lib/python3.12/site-packages/airflow/example_dags/example_latest_only.py took 0.119 seconds
[2024-08-05T00:03:28.957+0000] {processor.py:161} INFO - Started process (PID=13482) to work on /home/airflow/.local/lib/python3.12/site-packages/airflow/example_dags/example_latest_only.py
[2024-08-05T00:03:28.960+0000] {processor.py:830} INFO - Processing file /home/airflow/.local/lib/python3.12/site-packages/airflow/example_dags/example_latest_only.py for tasks to queue
[2024-08-05T00:03:28.962+0000] {logging_mixin.py:188} INFO - [2024-08-05T00:03:28.961+0000] {dagbag.py:545} INFO - Filling up the DagBag from /home/airflow/.local/lib/python3.12/site-packages/airflow/example_dags/example_latest_only.py
[2024-08-05T00:03:28.971+0000] {processor.py:840} INFO - DAG(s) 'latest_only' retrieved from /home/airflow/.local/lib/python3.12/site-packages/airflow/example_dags/example_latest_only.py
[2024-08-05T00:03:29.019+0000] {logging_mixin.py:188} INFO - [2024-08-05T00:03:29.018+0000] {dag.py:3089} INFO - Sync 1 DAGs
[2024-08-05T00:03:29.048+0000] {logging_mixin.py:188} INFO - [2024-08-05T00:03:29.048+0000] {dag.py:3947} INFO - Setting next_dagrun for latest_only to 2024-08-04 20:00:00+00:00, run_after=2024-08-05 00:00:00+00:00
[2024-08-05T00:03:29.065+0000] {processor.py:183} INFO - Processing /home/airflow/.local/lib/python3.12/site-packages/airflow/example_dags/example_latest_only.py took 0.124 seconds
[2024-08-05T00:03:59.323+0000] {processor.py:161} INFO - Started process (PID=13543) to work on /home/airflow/.local/lib/python3.12/site-packages/airflow/example_dags/example_latest_only.py
[2024-08-05T00:03:59.325+0000] {processor.py:830} INFO - Processing file /home/airflow/.local/lib/python3.12/site-packages/airflow/example_dags/example_latest_only.py for tasks to queue
[2024-08-05T00:03:59.329+0000] {logging_mixin.py:188} INFO - [2024-08-05T00:03:59.328+0000] {dagbag.py:545} INFO - Filling up the DagBag from /home/airflow/.local/lib/python3.12/site-packages/airflow/example_dags/example_latest_only.py
[2024-08-05T00:03:59.349+0000] {processor.py:840} INFO - DAG(s) 'latest_only' retrieved from /home/airflow/.local/lib/python3.12/site-packages/airflow/example_dags/example_latest_only.py
[2024-08-05T00:03:59.389+0000] {logging_mixin.py:188} INFO - [2024-08-05T00:03:59.389+0000] {dag.py:3089} INFO - Sync 1 DAGs
[2024-08-05T00:03:59.410+0000] {logging_mixin.py:188} INFO - [2024-08-05T00:03:59.410+0000] {dag.py:3947} INFO - Setting next_dagrun for latest_only to 2024-08-04 20:00:00+00:00, run_after=2024-08-05 00:00:00+00:00
[2024-08-05T00:03:59.426+0000] {processor.py:183} INFO - Processing /home/airflow/.local/lib/python3.12/site-packages/airflow/example_dags/example_latest_only.py took 0.118 seconds
[2024-08-05T00:04:29.947+0000] {processor.py:161} INFO - Started process (PID=13604) to work on /home/airflow/.local/lib/python3.12/site-packages/airflow/example_dags/example_latest_only.py
[2024-08-05T00:04:29.948+0000] {processor.py:830} INFO - Processing file /home/airflow/.local/lib/python3.12/site-packages/airflow/example_dags/example_latest_only.py for tasks to queue
[2024-08-05T00:04:29.950+0000] {logging_mixin.py:188} INFO - [2024-08-05T00:04:29.949+0000] {dagbag.py:545} INFO - Filling up the DagBag from /home/airflow/.local/lib/python3.12/site-packages/airflow/example_dags/example_latest_only.py
[2024-08-05T00:04:29.960+0000] {processor.py:840} INFO - DAG(s) 'latest_only' retrieved from /home/airflow/.local/lib/python3.12/site-packages/airflow/example_dags/example_latest_only.py
[2024-08-05T00:04:29.986+0000] {logging_mixin.py:188} INFO - [2024-08-05T00:04:29.986+0000] {dag.py:3089} INFO - Sync 1 DAGs
[2024-08-05T00:04:30.008+0000] {logging_mixin.py:188} INFO - [2024-08-05T00:04:30.008+0000] {dag.py:3947} INFO - Setting next_dagrun for latest_only to 2024-08-04 20:00:00+00:00, run_after=2024-08-05 00:00:00+00:00
[2024-08-05T00:04:30.023+0000] {processor.py:183} INFO - Processing /home/airflow/.local/lib/python3.12/site-packages/airflow/example_dags/example_latest_only.py took 0.087 seconds
[2024-08-05T00:05:00.261+0000] {processor.py:161} INFO - Started process (PID=13665) to work on /home/airflow/.local/lib/python3.12/site-packages/airflow/example_dags/example_latest_only.py
[2024-08-05T00:05:00.266+0000] {processor.py:830} INFO - Processing file /home/airflow/.local/lib/python3.12/site-packages/airflow/example_dags/example_latest_only.py for tasks to queue
[2024-08-05T00:05:00.268+0000] {logging_mixin.py:188} INFO - [2024-08-05T00:05:00.268+0000] {dagbag.py:545} INFO - Filling up the DagBag from /home/airflow/.local/lib/python3.12/site-packages/airflow/example_dags/example_latest_only.py
[2024-08-05T00:05:00.284+0000] {processor.py:840} INFO - DAG(s) 'latest_only' retrieved from /home/airflow/.local/lib/python3.12/site-packages/airflow/example_dags/example_latest_only.py
[2024-08-05T00:05:00.313+0000] {logging_mixin.py:188} INFO - [2024-08-05T00:05:00.313+0000] {dag.py:3089} INFO - Sync 1 DAGs
[2024-08-05T00:05:00.352+0000] {logging_mixin.py:188} INFO - [2024-08-05T00:05:00.352+0000] {dag.py:3947} INFO - Setting next_dagrun for latest_only to 2024-08-04 20:00:00+00:00, run_after=2024-08-05 00:00:00+00:00
[2024-08-05T00:05:00.368+0000] {processor.py:183} INFO - Processing /home/airflow/.local/lib/python3.12/site-packages/airflow/example_dags/example_latest_only.py took 0.123 seconds
[2024-08-05T00:05:31.062+0000] {processor.py:161} INFO - Started process (PID=13726) to work on /home/airflow/.local/lib/python3.12/site-packages/airflow/example_dags/example_latest_only.py
[2024-08-05T00:05:31.066+0000] {processor.py:830} INFO - Processing file /home/airflow/.local/lib/python3.12/site-packages/airflow/example_dags/example_latest_only.py for tasks to queue
[2024-08-05T00:05:31.068+0000] {logging_mixin.py:188} INFO - [2024-08-05T00:05:31.068+0000] {dagbag.py:545} INFO - Filling up the DagBag from /home/airflow/.local/lib/python3.12/site-packages/airflow/example_dags/example_latest_only.py
[2024-08-05T00:05:31.083+0000] {processor.py:840} INFO - DAG(s) 'latest_only' retrieved from /home/airflow/.local/lib/python3.12/site-packages/airflow/example_dags/example_latest_only.py
[2024-08-05T00:05:31.136+0000] {logging_mixin.py:188} INFO - [2024-08-05T00:05:31.135+0000] {dag.py:3089} INFO - Sync 1 DAGs
[2024-08-05T00:05:31.160+0000] {logging_mixin.py:188} INFO - [2024-08-05T00:05:31.160+0000] {dag.py:3947} INFO - Setting next_dagrun for latest_only to 2024-08-04 20:00:00+00:00, run_after=2024-08-05 00:00:00+00:00
[2024-08-05T00:05:31.179+0000] {processor.py:183} INFO - Processing /home/airflow/.local/lib/python3.12/site-packages/airflow/example_dags/example_latest_only.py took 0.149 seconds
[2024-08-05T00:06:01.393+0000] {processor.py:161} INFO - Started process (PID=13787) to work on /home/airflow/.local/lib/python3.12/site-packages/airflow/example_dags/example_latest_only.py
[2024-08-05T00:06:01.396+0000] {processor.py:830} INFO - Processing file /home/airflow/.local/lib/python3.12/site-packages/airflow/example_dags/example_latest_only.py for tasks to queue
[2024-08-05T00:06:01.398+0000] {logging_mixin.py:188} INFO - [2024-08-05T00:06:01.397+0000] {dagbag.py:545} INFO - Filling up the DagBag from /home/airflow/.local/lib/python3.12/site-packages/airflow/example_dags/example_latest_only.py
[2024-08-05T00:06:01.410+0000] {processor.py:840} INFO - DAG(s) 'latest_only' retrieved from /home/airflow/.local/lib/python3.12/site-packages/airflow/example_dags/example_latest_only.py
[2024-08-05T00:06:01.449+0000] {logging_mixin.py:188} INFO - [2024-08-05T00:06:01.449+0000] {dag.py:3089} INFO - Sync 1 DAGs
[2024-08-05T00:06:01.486+0000] {logging_mixin.py:188} INFO - [2024-08-05T00:06:01.486+0000] {dag.py:3947} INFO - Setting next_dagrun for latest_only to 2024-08-04 20:00:00+00:00, run_after=2024-08-05 00:00:00+00:00
[2024-08-05T00:06:01.505+0000] {processor.py:183} INFO - Processing /home/airflow/.local/lib/python3.12/site-packages/airflow/example_dags/example_latest_only.py took 0.127 seconds
[2024-08-05T00:06:31.744+0000] {processor.py:161} INFO - Started process (PID=13848) to work on /home/airflow/.local/lib/python3.12/site-packages/airflow/example_dags/example_latest_only.py
[2024-08-05T00:06:31.748+0000] {processor.py:830} INFO - Processing file /home/airflow/.local/lib/python3.12/site-packages/airflow/example_dags/example_latest_only.py for tasks to queue
[2024-08-05T00:06:31.749+0000] {logging_mixin.py:188} INFO - [2024-08-05T00:06:31.749+0000] {dagbag.py:545} INFO - Filling up the DagBag from /home/airflow/.local/lib/python3.12/site-packages/airflow/example_dags/example_latest_only.py
[2024-08-05T00:06:31.817+0000] {processor.py:840} INFO - DAG(s) 'latest_only' retrieved from /home/airflow/.local/lib/python3.12/site-packages/airflow/example_dags/example_latest_only.py
[2024-08-05T00:06:31.865+0000] {logging_mixin.py:188} INFO - [2024-08-05T00:06:31.865+0000] {dag.py:3089} INFO - Sync 1 DAGs
[2024-08-05T00:06:31.892+0000] {logging_mixin.py:188} INFO - [2024-08-05T00:06:31.891+0000] {dag.py:3947} INFO - Setting next_dagrun for latest_only to 2024-08-04 20:00:00+00:00, run_after=2024-08-05 00:00:00+00:00
[2024-08-05T00:06:31.915+0000] {processor.py:183} INFO - Processing /home/airflow/.local/lib/python3.12/site-packages/airflow/example_dags/example_latest_only.py took 0.200 seconds
[2024-08-05T00:07:02.189+0000] {processor.py:161} INFO - Started process (PID=13919) to work on /home/airflow/.local/lib/python3.12/site-packages/airflow/example_dags/example_latest_only.py
[2024-08-05T00:07:02.192+0000] {processor.py:830} INFO - Processing file /home/airflow/.local/lib/python3.12/site-packages/airflow/example_dags/example_latest_only.py for tasks to queue
[2024-08-05T00:07:02.207+0000] {logging_mixin.py:188} INFO - [2024-08-05T00:07:02.204+0000] {dagbag.py:545} INFO - Filling up the DagBag from /home/airflow/.local/lib/python3.12/site-packages/airflow/example_dags/example_latest_only.py
[2024-08-05T00:07:02.241+0000] {processor.py:840} INFO - DAG(s) 'latest_only' retrieved from /home/airflow/.local/lib/python3.12/site-packages/airflow/example_dags/example_latest_only.py
[2024-08-05T00:07:02.307+0000] {logging_mixin.py:188} INFO - [2024-08-05T00:07:02.307+0000] {dag.py:3089} INFO - Sync 1 DAGs
[2024-08-05T00:07:02.345+0000] {logging_mixin.py:188} INFO - [2024-08-05T00:07:02.345+0000] {dag.py:3947} INFO - Setting next_dagrun for latest_only to 2024-08-04 20:00:00+00:00, run_after=2024-08-05 00:00:00+00:00
[2024-08-05T00:07:02.377+0000] {processor.py:183} INFO - Processing /home/airflow/.local/lib/python3.12/site-packages/airflow/example_dags/example_latest_only.py took 0.201 seconds
[2024-08-05T00:07:32.682+0000] {processor.py:161} INFO - Started process (PID=13980) to work on /home/airflow/.local/lib/python3.12/site-packages/airflow/example_dags/example_latest_only.py
[2024-08-05T00:07:32.685+0000] {processor.py:830} INFO - Processing file /home/airflow/.local/lib/python3.12/site-packages/airflow/example_dags/example_latest_only.py for tasks to queue
[2024-08-05T00:07:32.689+0000] {logging_mixin.py:188} INFO - [2024-08-05T00:07:32.688+0000] {dagbag.py:545} INFO - Filling up the DagBag from /home/airflow/.local/lib/python3.12/site-packages/airflow/example_dags/example_latest_only.py
[2024-08-05T00:07:32.704+0000] {processor.py:840} INFO - DAG(s) 'latest_only' retrieved from /home/airflow/.local/lib/python3.12/site-packages/airflow/example_dags/example_latest_only.py
[2024-08-05T00:07:32.742+0000] {logging_mixin.py:188} INFO - [2024-08-05T00:07:32.742+0000] {dag.py:3089} INFO - Sync 1 DAGs
[2024-08-05T00:07:32.785+0000] {logging_mixin.py:188} INFO - [2024-08-05T00:07:32.784+0000] {dag.py:3947} INFO - Setting next_dagrun for latest_only to 2024-08-04 20:00:00+00:00, run_after=2024-08-05 00:00:00+00:00
[2024-08-05T00:07:32.813+0000] {processor.py:183} INFO - Processing /home/airflow/.local/lib/python3.12/site-packages/airflow/example_dags/example_latest_only.py took 0.159 seconds
[2024-08-05T00:08:02.982+0000] {processor.py:161} INFO - Started process (PID=14041) to work on /home/airflow/.local/lib/python3.12/site-packages/airflow/example_dags/example_latest_only.py
[2024-08-05T00:08:02.984+0000] {processor.py:830} INFO - Processing file /home/airflow/.local/lib/python3.12/site-packages/airflow/example_dags/example_latest_only.py for tasks to queue
[2024-08-05T00:08:02.986+0000] {logging_mixin.py:188} INFO - [2024-08-05T00:08:02.985+0000] {dagbag.py:545} INFO - Filling up the DagBag from /home/airflow/.local/lib/python3.12/site-packages/airflow/example_dags/example_latest_only.py
[2024-08-05T00:08:03.010+0000] {processor.py:840} INFO - DAG(s) 'latest_only' retrieved from /home/airflow/.local/lib/python3.12/site-packages/airflow/example_dags/example_latest_only.py
[2024-08-05T00:08:03.094+0000] {logging_mixin.py:188} INFO - [2024-08-05T00:08:03.093+0000] {dag.py:3089} INFO - Sync 1 DAGs
[2024-08-05T00:08:03.114+0000] {logging_mixin.py:188} INFO - [2024-08-05T00:08:03.114+0000] {dag.py:3947} INFO - Setting next_dagrun for latest_only to 2024-08-04 20:00:00+00:00, run_after=2024-08-05 00:00:00+00:00
[2024-08-05T00:08:03.133+0000] {processor.py:183} INFO - Processing /home/airflow/.local/lib/python3.12/site-packages/airflow/example_dags/example_latest_only.py took 0.167 seconds
[2024-08-05T00:08:33.366+0000] {processor.py:161} INFO - Started process (PID=14102) to work on /home/airflow/.local/lib/python3.12/site-packages/airflow/example_dags/example_latest_only.py
[2024-08-05T00:08:33.367+0000] {processor.py:830} INFO - Processing file /home/airflow/.local/lib/python3.12/site-packages/airflow/example_dags/example_latest_only.py for tasks to queue
[2024-08-05T00:08:33.368+0000] {logging_mixin.py:188} INFO - [2024-08-05T00:08:33.368+0000] {dagbag.py:545} INFO - Filling up the DagBag from /home/airflow/.local/lib/python3.12/site-packages/airflow/example_dags/example_latest_only.py
[2024-08-05T00:08:33.373+0000] {processor.py:840} INFO - DAG(s) 'latest_only' retrieved from /home/airflow/.local/lib/python3.12/site-packages/airflow/example_dags/example_latest_only.py
[2024-08-05T00:08:33.397+0000] {logging_mixin.py:188} INFO - [2024-08-05T00:08:33.397+0000] {dag.py:3089} INFO - Sync 1 DAGs
[2024-08-05T00:08:33.414+0000] {logging_mixin.py:188} INFO - [2024-08-05T00:08:33.413+0000] {dag.py:3947} INFO - Setting next_dagrun for latest_only to 2024-08-04 20:00:00+00:00, run_after=2024-08-05 00:00:00+00:00
[2024-08-05T00:08:33.428+0000] {processor.py:183} INFO - Processing /home/airflow/.local/lib/python3.12/site-packages/airflow/example_dags/example_latest_only.py took 0.068 seconds
[2024-08-05T00:09:03.782+0000] {processor.py:161} INFO - Started process (PID=14164) to work on /home/airflow/.local/lib/python3.12/site-packages/airflow/example_dags/example_latest_only.py
[2024-08-05T00:09:03.789+0000] {processor.py:830} INFO - Processing file /home/airflow/.local/lib/python3.12/site-packages/airflow/example_dags/example_latest_only.py for tasks to queue
[2024-08-05T00:09:03.791+0000] {logging_mixin.py:188} INFO - [2024-08-05T00:09:03.790+0000] {dagbag.py:545} INFO - Filling up the DagBag from /home/airflow/.local/lib/python3.12/site-packages/airflow/example_dags/example_latest_only.py
[2024-08-05T00:09:03.802+0000] {processor.py:840} INFO - DAG(s) 'latest_only' retrieved from /home/airflow/.local/lib/python3.12/site-packages/airflow/example_dags/example_latest_only.py
[2024-08-05T00:09:03.834+0000] {logging_mixin.py:188} INFO - [2024-08-05T00:09:03.834+0000] {dag.py:3089} INFO - Sync 1 DAGs
[2024-08-05T00:09:03.873+0000] {logging_mixin.py:188} INFO - [2024-08-05T00:09:03.873+0000] {dag.py:3947} INFO - Setting next_dagrun for latest_only to 2024-08-04 20:00:00+00:00, run_after=2024-08-05 00:00:00+00:00
[2024-08-05T00:09:03.893+0000] {processor.py:183} INFO - Processing /home/airflow/.local/lib/python3.12/site-packages/airflow/example_dags/example_latest_only.py took 0.127 seconds
[2024-08-05T00:09:34.644+0000] {processor.py:161} INFO - Started process (PID=14225) to work on /home/airflow/.local/lib/python3.12/site-packages/airflow/example_dags/example_latest_only.py
[2024-08-05T00:09:34.647+0000] {processor.py:830} INFO - Processing file /home/airflow/.local/lib/python3.12/site-packages/airflow/example_dags/example_latest_only.py for tasks to queue
[2024-08-05T00:09:34.649+0000] {logging_mixin.py:188} INFO - [2024-08-05T00:09:34.648+0000] {dagbag.py:545} INFO - Filling up the DagBag from /home/airflow/.local/lib/python3.12/site-packages/airflow/example_dags/example_latest_only.py
[2024-08-05T00:09:34.691+0000] {processor.py:840} INFO - DAG(s) 'latest_only' retrieved from /home/airflow/.local/lib/python3.12/site-packages/airflow/example_dags/example_latest_only.py
[2024-08-05T00:09:34.843+0000] {logging_mixin.py:188} INFO - [2024-08-05T00:09:34.842+0000] {dag.py:3089} INFO - Sync 1 DAGs
[2024-08-05T00:09:34.964+0000] {logging_mixin.py:188} INFO - [2024-08-05T00:09:34.963+0000] {dag.py:3947} INFO - Setting next_dagrun for latest_only to 2024-08-04 20:00:00+00:00, run_after=2024-08-05 00:00:00+00:00
[2024-08-05T00:09:35.032+0000] {processor.py:183} INFO - Processing /home/airflow/.local/lib/python3.12/site-packages/airflow/example_dags/example_latest_only.py took 0.461 seconds
[2024-08-05T00:10:05.109+0000] {processor.py:161} INFO - Started process (PID=14287) to work on /home/airflow/.local/lib/python3.12/site-packages/airflow/example_dags/example_latest_only.py
[2024-08-05T00:10:05.110+0000] {processor.py:830} INFO - Processing file /home/airflow/.local/lib/python3.12/site-packages/airflow/example_dags/example_latest_only.py for tasks to queue
[2024-08-05T00:10:05.111+0000] {logging_mixin.py:188} INFO - [2024-08-05T00:10:05.111+0000] {dagbag.py:545} INFO - Filling up the DagBag from /home/airflow/.local/lib/python3.12/site-packages/airflow/example_dags/example_latest_only.py
[2024-08-05T00:10:05.114+0000] {processor.py:840} INFO - DAG(s) 'latest_only' retrieved from /home/airflow/.local/lib/python3.12/site-packages/airflow/example_dags/example_latest_only.py
[2024-08-05T00:10:05.130+0000] {logging_mixin.py:188} INFO - [2024-08-05T00:10:05.130+0000] {dag.py:3089} INFO - Sync 1 DAGs
[2024-08-05T00:10:05.142+0000] {logging_mixin.py:188} INFO - [2024-08-05T00:10:05.141+0000] {dag.py:3947} INFO - Setting next_dagrun for latest_only to 2024-08-04 20:00:00+00:00, run_after=2024-08-05 00:00:00+00:00
[2024-08-05T00:10:05.151+0000] {processor.py:183} INFO - Processing /home/airflow/.local/lib/python3.12/site-packages/airflow/example_dags/example_latest_only.py took 0.045 seconds
[2024-08-05T00:10:35.861+0000] {processor.py:161} INFO - Started process (PID=14355) to work on /home/airflow/.local/lib/python3.12/site-packages/airflow/example_dags/example_latest_only.py
[2024-08-05T00:10:35.864+0000] {processor.py:830} INFO - Processing file /home/airflow/.local/lib/python3.12/site-packages/airflow/example_dags/example_latest_only.py for tasks to queue
[2024-08-05T00:10:35.865+0000] {logging_mixin.py:188} INFO - [2024-08-05T00:10:35.865+0000] {dagbag.py:545} INFO - Filling up the DagBag from /home/airflow/.local/lib/python3.12/site-packages/airflow/example_dags/example_latest_only.py
[2024-08-05T00:10:35.877+0000] {processor.py:840} INFO - DAG(s) 'latest_only' retrieved from /home/airflow/.local/lib/python3.12/site-packages/airflow/example_dags/example_latest_only.py
[2024-08-05T00:10:35.918+0000] {logging_mixin.py:188} INFO - [2024-08-05T00:10:35.918+0000] {dag.py:3089} INFO - Sync 1 DAGs
[2024-08-05T00:10:35.937+0000] {logging_mixin.py:188} INFO - [2024-08-05T00:10:35.936+0000] {dag.py:3947} INFO - Setting next_dagrun for latest_only to 2024-08-04 20:00:00+00:00, run_after=2024-08-05 00:00:00+00:00
[2024-08-05T00:10:35.952+0000] {processor.py:183} INFO - Processing /home/airflow/.local/lib/python3.12/site-packages/airflow/example_dags/example_latest_only.py took 0.100 seconds
[2024-08-05T00:11:06.235+0000] {processor.py:161} INFO - Started process (PID=14421) to work on /home/airflow/.local/lib/python3.12/site-packages/airflow/example_dags/example_latest_only.py
[2024-08-05T00:11:06.243+0000] {processor.py:830} INFO - Processing file /home/airflow/.local/lib/python3.12/site-packages/airflow/example_dags/example_latest_only.py for tasks to queue
[2024-08-05T00:11:06.253+0000] {logging_mixin.py:188} INFO - [2024-08-05T00:11:06.246+0000] {dagbag.py:545} INFO - Filling up the DagBag from /home/airflow/.local/lib/python3.12/site-packages/airflow/example_dags/example_latest_only.py
[2024-08-05T00:11:06.294+0000] {processor.py:840} INFO - DAG(s) 'latest_only' retrieved from /home/airflow/.local/lib/python3.12/site-packages/airflow/example_dags/example_latest_only.py
[2024-08-05T00:11:06.425+0000] {logging_mixin.py:188} INFO - [2024-08-05T00:11:06.424+0000] {dag.py:3089} INFO - Sync 1 DAGs
[2024-08-05T00:11:06.549+0000] {logging_mixin.py:188} INFO - [2024-08-05T00:11:06.548+0000] {dag.py:3947} INFO - Setting next_dagrun for latest_only to 2024-08-04 20:00:00+00:00, run_after=2024-08-05 00:00:00+00:00
[2024-08-05T00:11:06.695+0000] {processor.py:183} INFO - Processing /home/airflow/.local/lib/python3.12/site-packages/airflow/example_dags/example_latest_only.py took 0.519 seconds
[2024-08-05T00:11:37.053+0000] {processor.py:161} INFO - Started process (PID=14487) to work on /home/airflow/.local/lib/python3.12/site-packages/airflow/example_dags/example_latest_only.py
[2024-08-05T00:11:37.066+0000] {processor.py:830} INFO - Processing file /home/airflow/.local/lib/python3.12/site-packages/airflow/example_dags/example_latest_only.py for tasks to queue
[2024-08-05T00:11:37.077+0000] {logging_mixin.py:188} INFO - [2024-08-05T00:11:37.075+0000] {dagbag.py:545} INFO - Filling up the DagBag from /home/airflow/.local/lib/python3.12/site-packages/airflow/example_dags/example_latest_only.py
[2024-08-05T00:11:37.092+0000] {processor.py:840} INFO - DAG(s) 'latest_only' retrieved from /home/airflow/.local/lib/python3.12/site-packages/airflow/example_dags/example_latest_only.py
[2024-08-05T00:11:37.168+0000] {logging_mixin.py:188} INFO - [2024-08-05T00:11:37.168+0000] {dag.py:3089} INFO - Sync 1 DAGs
[2024-08-05T00:11:37.192+0000] {logging_mixin.py:188} INFO - [2024-08-05T00:11:37.192+0000] {dag.py:3947} INFO - Setting next_dagrun for latest_only to 2024-08-04 20:00:00+00:00, run_after=2024-08-05 00:00:00+00:00
[2024-08-05T00:11:37.232+0000] {processor.py:183} INFO - Processing /home/airflow/.local/lib/python3.12/site-packages/airflow/example_dags/example_latest_only.py took 0.204 seconds
[2024-08-05T00:12:07.343+0000] {processor.py:161} INFO - Started process (PID=14548) to work on /home/airflow/.local/lib/python3.12/site-packages/airflow/example_dags/example_latest_only.py
[2024-08-05T00:12:07.345+0000] {processor.py:830} INFO - Processing file /home/airflow/.local/lib/python3.12/site-packages/airflow/example_dags/example_latest_only.py for tasks to queue
[2024-08-05T00:12:07.347+0000] {logging_mixin.py:188} INFO - [2024-08-05T00:12:07.347+0000] {dagbag.py:545} INFO - Filling up the DagBag from /home/airflow/.local/lib/python3.12/site-packages/airflow/example_dags/example_latest_only.py
[2024-08-05T00:12:07.362+0000] {processor.py:840} INFO - DAG(s) 'latest_only' retrieved from /home/airflow/.local/lib/python3.12/site-packages/airflow/example_dags/example_latest_only.py
[2024-08-05T00:12:07.402+0000] {logging_mixin.py:188} INFO - [2024-08-05T00:12:07.402+0000] {dag.py:3089} INFO - Sync 1 DAGs
[2024-08-05T00:12:07.446+0000] {logging_mixin.py:188} INFO - [2024-08-05T00:12:07.445+0000] {dag.py:3947} INFO - Setting next_dagrun for latest_only to 2024-08-04 20:00:00+00:00, run_after=2024-08-05 00:00:00+00:00
[2024-08-05T00:12:07.464+0000] {processor.py:183} INFO - Processing /home/airflow/.local/lib/python3.12/site-packages/airflow/example_dags/example_latest_only.py took 0.137 seconds
[2024-08-05T00:12:38.258+0000] {processor.py:161} INFO - Started process (PID=14609) to work on /home/airflow/.local/lib/python3.12/site-packages/airflow/example_dags/example_latest_only.py
[2024-08-05T00:12:38.259+0000] {processor.py:830} INFO - Processing file /home/airflow/.local/lib/python3.12/site-packages/airflow/example_dags/example_latest_only.py for tasks to queue
[2024-08-05T00:12:38.260+0000] {logging_mixin.py:188} INFO - [2024-08-05T00:12:38.260+0000] {dagbag.py:545} INFO - Filling up the DagBag from /home/airflow/.local/lib/python3.12/site-packages/airflow/example_dags/example_latest_only.py
[2024-08-05T00:12:38.272+0000] {processor.py:840} INFO - DAG(s) 'latest_only' retrieved from /home/airflow/.local/lib/python3.12/site-packages/airflow/example_dags/example_latest_only.py
[2024-08-05T00:12:38.304+0000] {logging_mixin.py:188} INFO - [2024-08-05T00:12:38.304+0000] {dag.py:3089} INFO - Sync 1 DAGs
[2024-08-05T00:12:38.332+0000] {logging_mixin.py:188} INFO - [2024-08-05T00:12:38.332+0000] {dag.py:3947} INFO - Setting next_dagrun for latest_only to 2024-08-04 20:00:00+00:00, run_after=2024-08-05 00:00:00+00:00
[2024-08-05T00:12:38.345+0000] {processor.py:183} INFO - Processing /home/airflow/.local/lib/python3.12/site-packages/airflow/example_dags/example_latest_only.py took 0.108 seconds
[2024-08-05T00:13:09.139+0000] {processor.py:161} INFO - Started process (PID=14670) to work on /home/airflow/.local/lib/python3.12/site-packages/airflow/example_dags/example_latest_only.py
[2024-08-05T00:13:09.141+0000] {processor.py:830} INFO - Processing file /home/airflow/.local/lib/python3.12/site-packages/airflow/example_dags/example_latest_only.py for tasks to queue
[2024-08-05T00:13:09.142+0000] {logging_mixin.py:188} INFO - [2024-08-05T00:13:09.142+0000] {dagbag.py:545} INFO - Filling up the DagBag from /home/airflow/.local/lib/python3.12/site-packages/airflow/example_dags/example_latest_only.py
[2024-08-05T00:13:09.153+0000] {processor.py:840} INFO - DAG(s) 'latest_only' retrieved from /home/airflow/.local/lib/python3.12/site-packages/airflow/example_dags/example_latest_only.py
[2024-08-05T00:13:09.204+0000] {logging_mixin.py:188} INFO - [2024-08-05T00:13:09.204+0000] {dag.py:3089} INFO - Sync 1 DAGs
[2024-08-05T00:13:09.222+0000] {logging_mixin.py:188} INFO - [2024-08-05T00:13:09.222+0000] {dag.py:3947} INFO - Setting next_dagrun for latest_only to 2024-08-04 20:00:00+00:00, run_after=2024-08-05 00:00:00+00:00
[2024-08-05T00:13:09.236+0000] {processor.py:183} INFO - Processing /home/airflow/.local/lib/python3.12/site-packages/airflow/example_dags/example_latest_only.py took 0.115 seconds
[2024-08-05T00:13:39.947+0000] {processor.py:161} INFO - Started process (PID=14731) to work on /home/airflow/.local/lib/python3.12/site-packages/airflow/example_dags/example_latest_only.py
[2024-08-05T00:13:39.955+0000] {processor.py:830} INFO - Processing file /home/airflow/.local/lib/python3.12/site-packages/airflow/example_dags/example_latest_only.py for tasks to queue
[2024-08-05T00:13:39.959+0000] {logging_mixin.py:188} INFO - [2024-08-05T00:13:39.957+0000] {dagbag.py:545} INFO - Filling up the DagBag from /home/airflow/.local/lib/python3.12/site-packages/airflow/example_dags/example_latest_only.py
[2024-08-05T00:13:39.971+0000] {processor.py:840} INFO - DAG(s) 'latest_only' retrieved from /home/airflow/.local/lib/python3.12/site-packages/airflow/example_dags/example_latest_only.py
[2024-08-05T00:13:40.011+0000] {logging_mixin.py:188} INFO - [2024-08-05T00:13:40.010+0000] {dag.py:3089} INFO - Sync 1 DAGs
[2024-08-05T00:13:40.046+0000] {logging_mixin.py:188} INFO - [2024-08-05T00:13:40.046+0000] {dag.py:3947} INFO - Setting next_dagrun for latest_only to 2024-08-04 20:00:00+00:00, run_after=2024-08-05 00:00:00+00:00
[2024-08-05T00:13:40.061+0000] {processor.py:183} INFO - Processing /home/airflow/.local/lib/python3.12/site-packages/airflow/example_dags/example_latest_only.py took 0.130 seconds
[2024-08-05T00:14:10.531+0000] {processor.py:161} INFO - Started process (PID=14792) to work on /home/airflow/.local/lib/python3.12/site-packages/airflow/example_dags/example_latest_only.py
[2024-08-05T00:14:10.533+0000] {processor.py:830} INFO - Processing file /home/airflow/.local/lib/python3.12/site-packages/airflow/example_dags/example_latest_only.py for tasks to queue
[2024-08-05T00:14:10.542+0000] {logging_mixin.py:188} INFO - [2024-08-05T00:14:10.537+0000] {dagbag.py:545} INFO - Filling up the DagBag from /home/airflow/.local/lib/python3.12/site-packages/airflow/example_dags/example_latest_only.py
[2024-08-05T00:14:10.563+0000] {processor.py:840} INFO - DAG(s) 'latest_only' retrieved from /home/airflow/.local/lib/python3.12/site-packages/airflow/example_dags/example_latest_only.py
[2024-08-05T00:14:10.591+0000] {logging_mixin.py:188} INFO - [2024-08-05T00:14:10.591+0000] {dag.py:3089} INFO - Sync 1 DAGs
[2024-08-05T00:14:10.629+0000] {logging_mixin.py:188} INFO - [2024-08-05T00:14:10.629+0000] {dag.py:3947} INFO - Setting next_dagrun for latest_only to 2024-08-04 20:00:00+00:00, run_after=2024-08-05 00:00:00+00:00
[2024-08-05T00:14:10.646+0000] {processor.py:183} INFO - Processing /home/airflow/.local/lib/python3.12/site-packages/airflow/example_dags/example_latest_only.py took 0.125 seconds
[2024-08-05T00:14:40.707+0000] {processor.py:161} INFO - Started process (PID=14853) to work on /home/airflow/.local/lib/python3.12/site-packages/airflow/example_dags/example_latest_only.py
[2024-08-05T00:14:40.709+0000] {processor.py:830} INFO - Processing file /home/airflow/.local/lib/python3.12/site-packages/airflow/example_dags/example_latest_only.py for tasks to queue
[2024-08-05T00:14:40.710+0000] {logging_mixin.py:188} INFO - [2024-08-05T00:14:40.710+0000] {dagbag.py:545} INFO - Filling up the DagBag from /home/airflow/.local/lib/python3.12/site-packages/airflow/example_dags/example_latest_only.py
[2024-08-05T00:14:40.717+0000] {processor.py:840} INFO - DAG(s) 'latest_only' retrieved from /home/airflow/.local/lib/python3.12/site-packages/airflow/example_dags/example_latest_only.py
[2024-08-05T00:14:40.760+0000] {logging_mixin.py:188} INFO - [2024-08-05T00:14:40.760+0000] {dag.py:3089} INFO - Sync 1 DAGs
[2024-08-05T00:14:40.777+0000] {logging_mixin.py:188} INFO - [2024-08-05T00:14:40.777+0000] {dag.py:3947} INFO - Setting next_dagrun for latest_only to 2024-08-04 20:00:00+00:00, run_after=2024-08-05 00:00:00+00:00
[2024-08-05T00:14:40.787+0000] {processor.py:183} INFO - Processing /home/airflow/.local/lib/python3.12/site-packages/airflow/example_dags/example_latest_only.py took 0.089 seconds
[2024-08-05T00:15:10.952+0000] {processor.py:161} INFO - Started process (PID=14914) to work on /home/airflow/.local/lib/python3.12/site-packages/airflow/example_dags/example_latest_only.py
[2024-08-05T00:15:10.955+0000] {processor.py:830} INFO - Processing file /home/airflow/.local/lib/python3.12/site-packages/airflow/example_dags/example_latest_only.py for tasks to queue
[2024-08-05T00:15:10.957+0000] {logging_mixin.py:188} INFO - [2024-08-05T00:15:10.956+0000] {dagbag.py:545} INFO - Filling up the DagBag from /home/airflow/.local/lib/python3.12/site-packages/airflow/example_dags/example_latest_only.py
[2024-08-05T00:15:10.963+0000] {processor.py:840} INFO - DAG(s) 'latest_only' retrieved from /home/airflow/.local/lib/python3.12/site-packages/airflow/example_dags/example_latest_only.py
[2024-08-05T00:15:10.983+0000] {logging_mixin.py:188} INFO - [2024-08-05T00:15:10.983+0000] {dag.py:3089} INFO - Sync 1 DAGs
[2024-08-05T00:15:10.994+0000] {logging_mixin.py:188} INFO - [2024-08-05T00:15:10.994+0000] {dag.py:3947} INFO - Setting next_dagrun for latest_only to 2024-08-04 20:00:00+00:00, run_after=2024-08-05 00:00:00+00:00
[2024-08-05T00:15:11.006+0000] {processor.py:183} INFO - Processing /home/airflow/.local/lib/python3.12/site-packages/airflow/example_dags/example_latest_only.py took 0.061 seconds
[2024-08-05T00:15:41.139+0000] {processor.py:161} INFO - Started process (PID=14975) to work on /home/airflow/.local/lib/python3.12/site-packages/airflow/example_dags/example_latest_only.py
[2024-08-05T00:15:41.146+0000] {processor.py:830} INFO - Processing file /home/airflow/.local/lib/python3.12/site-packages/airflow/example_dags/example_latest_only.py for tasks to queue
[2024-08-05T00:15:41.148+0000] {logging_mixin.py:188} INFO - [2024-08-05T00:15:41.147+0000] {dagbag.py:545} INFO - Filling up the DagBag from /home/airflow/.local/lib/python3.12/site-packages/airflow/example_dags/example_latest_only.py
[2024-08-05T00:15:41.166+0000] {processor.py:840} INFO - DAG(s) 'latest_only' retrieved from /home/airflow/.local/lib/python3.12/site-packages/airflow/example_dags/example_latest_only.py
[2024-08-05T00:15:41.303+0000] {logging_mixin.py:188} INFO - [2024-08-05T00:15:41.303+0000] {dag.py:3089} INFO - Sync 1 DAGs
[2024-08-05T00:15:41.362+0000] {logging_mixin.py:188} INFO - [2024-08-05T00:15:41.362+0000] {dag.py:3947} INFO - Setting next_dagrun for latest_only to 2024-08-04 20:00:00+00:00, run_after=2024-08-05 00:00:00+00:00
[2024-08-05T00:15:41.402+0000] {processor.py:183} INFO - Processing /home/airflow/.local/lib/python3.12/site-packages/airflow/example_dags/example_latest_only.py took 0.294 seconds
[2024-08-05T00:16:11.701+0000] {processor.py:161} INFO - Started process (PID=15046) to work on /home/airflow/.local/lib/python3.12/site-packages/airflow/example_dags/example_latest_only.py
[2024-08-05T00:16:11.707+0000] {processor.py:830} INFO - Processing file /home/airflow/.local/lib/python3.12/site-packages/airflow/example_dags/example_latest_only.py for tasks to queue
[2024-08-05T00:16:11.709+0000] {logging_mixin.py:188} INFO - [2024-08-05T00:16:11.708+0000] {dagbag.py:545} INFO - Filling up the DagBag from /home/airflow/.local/lib/python3.12/site-packages/airflow/example_dags/example_latest_only.py
[2024-08-05T00:16:11.719+0000] {processor.py:840} INFO - DAG(s) 'latest_only' retrieved from /home/airflow/.local/lib/python3.12/site-packages/airflow/example_dags/example_latest_only.py
[2024-08-05T00:16:11.761+0000] {logging_mixin.py:188} INFO - [2024-08-05T00:16:11.761+0000] {dag.py:3089} INFO - Sync 1 DAGs
[2024-08-05T00:16:11.780+0000] {logging_mixin.py:188} INFO - [2024-08-05T00:16:11.780+0000] {dag.py:3947} INFO - Setting next_dagrun for latest_only to 2024-08-04 20:00:00+00:00, run_after=2024-08-05 00:00:00+00:00
[2024-08-05T00:16:11.796+0000] {processor.py:183} INFO - Processing /home/airflow/.local/lib/python3.12/site-packages/airflow/example_dags/example_latest_only.py took 0.108 seconds
[2024-08-05T00:16:42.892+0000] {processor.py:161} INFO - Started process (PID=15107) to work on /home/airflow/.local/lib/python3.12/site-packages/airflow/example_dags/example_latest_only.py
[2024-08-05T00:16:42.897+0000] {processor.py:830} INFO - Processing file /home/airflow/.local/lib/python3.12/site-packages/airflow/example_dags/example_latest_only.py for tasks to queue
[2024-08-05T00:16:42.900+0000] {logging_mixin.py:188} INFO - [2024-08-05T00:16:42.899+0000] {dagbag.py:545} INFO - Filling up the DagBag from /home/airflow/.local/lib/python3.12/site-packages/airflow/example_dags/example_latest_only.py
[2024-08-05T00:16:42.926+0000] {processor.py:840} INFO - DAG(s) 'latest_only' retrieved from /home/airflow/.local/lib/python3.12/site-packages/airflow/example_dags/example_latest_only.py
[2024-08-05T00:16:43.014+0000] {logging_mixin.py:188} INFO - [2024-08-05T00:16:43.014+0000] {dag.py:3089} INFO - Sync 1 DAGs
[2024-08-05T00:16:43.088+0000] {logging_mixin.py:188} INFO - [2024-08-05T00:16:43.088+0000] {dag.py:3947} INFO - Setting next_dagrun for latest_only to 2024-08-04 20:00:00+00:00, run_after=2024-08-05 00:00:00+00:00
[2024-08-05T00:16:43.117+0000] {processor.py:183} INFO - Processing /home/airflow/.local/lib/python3.12/site-packages/airflow/example_dags/example_latest_only.py took 0.264 seconds
[2024-08-05T00:17:13.772+0000] {processor.py:161} INFO - Started process (PID=15168) to work on /home/airflow/.local/lib/python3.12/site-packages/airflow/example_dags/example_latest_only.py
[2024-08-05T00:17:13.774+0000] {processor.py:830} INFO - Processing file /home/airflow/.local/lib/python3.12/site-packages/airflow/example_dags/example_latest_only.py for tasks to queue
[2024-08-05T00:17:13.776+0000] {logging_mixin.py:188} INFO - [2024-08-05T00:17:13.775+0000] {dagbag.py:545} INFO - Filling up the DagBag from /home/airflow/.local/lib/python3.12/site-packages/airflow/example_dags/example_latest_only.py
[2024-08-05T00:17:13.801+0000] {processor.py:840} INFO - DAG(s) 'latest_only' retrieved from /home/airflow/.local/lib/python3.12/site-packages/airflow/example_dags/example_latest_only.py
[2024-08-05T00:17:13.852+0000] {logging_mixin.py:188} INFO - [2024-08-05T00:17:13.851+0000] {dag.py:3089} INFO - Sync 1 DAGs
[2024-08-05T00:17:13.899+0000] {logging_mixin.py:188} INFO - [2024-08-05T00:17:13.898+0000] {dag.py:3947} INFO - Setting next_dagrun for latest_only to 2024-08-04 20:00:00+00:00, run_after=2024-08-05 00:00:00+00:00
[2024-08-05T00:17:13.944+0000] {processor.py:183} INFO - Processing /home/airflow/.local/lib/python3.12/site-packages/airflow/example_dags/example_latest_only.py took 0.189 seconds
[2024-08-05T00:17:44.049+0000] {processor.py:161} INFO - Started process (PID=15239) to work on /home/airflow/.local/lib/python3.12/site-packages/airflow/example_dags/example_latest_only.py
[2024-08-05T00:17:44.051+0000] {processor.py:830} INFO - Processing file /home/airflow/.local/lib/python3.12/site-packages/airflow/example_dags/example_latest_only.py for tasks to queue
[2024-08-05T00:17:44.052+0000] {logging_mixin.py:188} INFO - [2024-08-05T00:17:44.052+0000] {dagbag.py:545} INFO - Filling up the DagBag from /home/airflow/.local/lib/python3.12/site-packages/airflow/example_dags/example_latest_only.py
[2024-08-05T00:17:44.060+0000] {processor.py:840} INFO - DAG(s) 'latest_only' retrieved from /home/airflow/.local/lib/python3.12/site-packages/airflow/example_dags/example_latest_only.py
[2024-08-05T00:17:44.094+0000] {logging_mixin.py:188} INFO - [2024-08-05T00:17:44.093+0000] {dag.py:3089} INFO - Sync 1 DAGs
[2024-08-05T00:17:44.144+0000] {logging_mixin.py:188} INFO - [2024-08-05T00:17:44.144+0000] {dag.py:3947} INFO - Setting next_dagrun for latest_only to 2024-08-04 20:00:00+00:00, run_after=2024-08-05 00:00:00+00:00
[2024-08-05T00:17:44.197+0000] {processor.py:183} INFO - Processing /home/airflow/.local/lib/python3.12/site-packages/airflow/example_dags/example_latest_only.py took 0.161 seconds
[2024-08-05T00:18:14.817+0000] {processor.py:161} INFO - Started process (PID=15300) to work on /home/airflow/.local/lib/python3.12/site-packages/airflow/example_dags/example_latest_only.py
[2024-08-05T00:18:14.819+0000] {processor.py:830} INFO - Processing file /home/airflow/.local/lib/python3.12/site-packages/airflow/example_dags/example_latest_only.py for tasks to queue
[2024-08-05T00:18:14.821+0000] {logging_mixin.py:188} INFO - [2024-08-05T00:18:14.820+0000] {dagbag.py:545} INFO - Filling up the DagBag from /home/airflow/.local/lib/python3.12/site-packages/airflow/example_dags/example_latest_only.py
[2024-08-05T00:18:14.832+0000] {processor.py:840} INFO - DAG(s) 'latest_only' retrieved from /home/airflow/.local/lib/python3.12/site-packages/airflow/example_dags/example_latest_only.py
[2024-08-05T00:18:14.863+0000] {logging_mixin.py:188} INFO - [2024-08-05T00:18:14.862+0000] {dag.py:3089} INFO - Sync 1 DAGs
[2024-08-05T00:18:14.901+0000] {logging_mixin.py:188} INFO - [2024-08-05T00:18:14.901+0000] {dag.py:3947} INFO - Setting next_dagrun for latest_only to 2024-08-04 20:00:00+00:00, run_after=2024-08-05 00:00:00+00:00
[2024-08-05T00:18:14.919+0000] {processor.py:183} INFO - Processing /home/airflow/.local/lib/python3.12/site-packages/airflow/example_dags/example_latest_only.py took 0.123 seconds
[2024-08-05T00:18:45.292+0000] {processor.py:161} INFO - Started process (PID=15361) to work on /home/airflow/.local/lib/python3.12/site-packages/airflow/example_dags/example_latest_only.py
[2024-08-05T00:18:45.308+0000] {processor.py:830} INFO - Processing file /home/airflow/.local/lib/python3.12/site-packages/airflow/example_dags/example_latest_only.py for tasks to queue
[2024-08-05T00:18:45.332+0000] {logging_mixin.py:188} INFO - [2024-08-05T00:18:45.325+0000] {dagbag.py:545} INFO - Filling up the DagBag from /home/airflow/.local/lib/python3.12/site-packages/airflow/example_dags/example_latest_only.py
[2024-08-05T00:18:45.345+0000] {processor.py:840} INFO - DAG(s) 'latest_only' retrieved from /home/airflow/.local/lib/python3.12/site-packages/airflow/example_dags/example_latest_only.py
[2024-08-05T00:18:45.409+0000] {logging_mixin.py:188} INFO - [2024-08-05T00:18:45.408+0000] {dag.py:3089} INFO - Sync 1 DAGs
[2024-08-05T00:18:45.431+0000] {logging_mixin.py:188} INFO - [2024-08-05T00:18:45.430+0000] {dag.py:3947} INFO - Setting next_dagrun for latest_only to 2024-08-04 20:00:00+00:00, run_after=2024-08-05 00:00:00+00:00
[2024-08-05T00:18:45.456+0000] {processor.py:183} INFO - Processing /home/airflow/.local/lib/python3.12/site-packages/airflow/example_dags/example_latest_only.py took 0.220 seconds
[2024-08-05T00:19:15.745+0000] {processor.py:161} INFO - Started process (PID=15422) to work on /home/airflow/.local/lib/python3.12/site-packages/airflow/example_dags/example_latest_only.py
[2024-08-05T00:19:15.747+0000] {processor.py:830} INFO - Processing file /home/airflow/.local/lib/python3.12/site-packages/airflow/example_dags/example_latest_only.py for tasks to queue
[2024-08-05T00:19:15.748+0000] {logging_mixin.py:188} INFO - [2024-08-05T00:19:15.747+0000] {dagbag.py:545} INFO - Filling up the DagBag from /home/airflow/.local/lib/python3.12/site-packages/airflow/example_dags/example_latest_only.py
[2024-08-05T00:19:15.752+0000] {processor.py:840} INFO - DAG(s) 'latest_only' retrieved from /home/airflow/.local/lib/python3.12/site-packages/airflow/example_dags/example_latest_only.py
[2024-08-05T00:19:15.781+0000] {logging_mixin.py:188} INFO - [2024-08-05T00:19:15.780+0000] {dag.py:3089} INFO - Sync 1 DAGs
[2024-08-05T00:19:15.798+0000] {logging_mixin.py:188} INFO - [2024-08-05T00:19:15.798+0000] {dag.py:3947} INFO - Setting next_dagrun for latest_only to 2024-08-04 20:00:00+00:00, run_after=2024-08-05 00:00:00+00:00
[2024-08-05T00:19:15.815+0000] {processor.py:183} INFO - Processing /home/airflow/.local/lib/python3.12/site-packages/airflow/example_dags/example_latest_only.py took 0.076 seconds
[2024-08-05T00:19:46.083+0000] {processor.py:161} INFO - Started process (PID=15485) to work on /home/airflow/.local/lib/python3.12/site-packages/airflow/example_dags/example_latest_only.py
[2024-08-05T00:19:46.085+0000] {processor.py:830} INFO - Processing file /home/airflow/.local/lib/python3.12/site-packages/airflow/example_dags/example_latest_only.py for tasks to queue
[2024-08-05T00:19:46.086+0000] {logging_mixin.py:188} INFO - [2024-08-05T00:19:46.085+0000] {dagbag.py:545} INFO - Filling up the DagBag from /home/airflow/.local/lib/python3.12/site-packages/airflow/example_dags/example_latest_only.py
[2024-08-05T00:19:46.093+0000] {processor.py:840} INFO - DAG(s) 'latest_only' retrieved from /home/airflow/.local/lib/python3.12/site-packages/airflow/example_dags/example_latest_only.py
[2024-08-05T00:19:46.112+0000] {logging_mixin.py:188} INFO - [2024-08-05T00:19:46.112+0000] {dag.py:3089} INFO - Sync 1 DAGs
[2024-08-05T00:19:46.128+0000] {logging_mixin.py:188} INFO - [2024-08-05T00:19:46.127+0000] {dag.py:3947} INFO - Setting next_dagrun for latest_only to 2024-08-04 20:00:00+00:00, run_after=2024-08-05 00:00:00+00:00
[2024-08-05T00:19:46.168+0000] {processor.py:183} INFO - Processing /home/airflow/.local/lib/python3.12/site-packages/airflow/example_dags/example_latest_only.py took 0.093 seconds
[2024-08-05T00:20:17.382+0000] {processor.py:161} INFO - Started process (PID=15557) to work on /home/airflow/.local/lib/python3.12/site-packages/airflow/example_dags/example_latest_only.py
[2024-08-05T00:20:17.382+0000] {processor.py:830} INFO - Processing file /home/airflow/.local/lib/python3.12/site-packages/airflow/example_dags/example_latest_only.py for tasks to queue
[2024-08-05T00:20:17.383+0000] {logging_mixin.py:188} INFO - [2024-08-05T00:20:17.383+0000] {dagbag.py:545} INFO - Filling up the DagBag from /home/airflow/.local/lib/python3.12/site-packages/airflow/example_dags/example_latest_only.py
[2024-08-05T00:20:17.386+0000] {processor.py:840} INFO - DAG(s) 'latest_only' retrieved from /home/airflow/.local/lib/python3.12/site-packages/airflow/example_dags/example_latest_only.py
[2024-08-05T00:20:17.398+0000] {logging_mixin.py:188} INFO - [2024-08-05T00:20:17.398+0000] {dag.py:3089} INFO - Sync 1 DAGs
[2024-08-05T00:20:17.409+0000] {logging_mixin.py:188} INFO - [2024-08-05T00:20:17.408+0000] {dag.py:3947} INFO - Setting next_dagrun for latest_only to 2024-08-04 20:00:00+00:00, run_after=2024-08-05 00:00:00+00:00
[2024-08-05T00:20:17.416+0000] {processor.py:183} INFO - Processing /home/airflow/.local/lib/python3.12/site-packages/airflow/example_dags/example_latest_only.py took 0.038 seconds
[2024-08-05T00:20:47.852+0000] {processor.py:161} INFO - Started process (PID=15628) to work on /home/airflow/.local/lib/python3.12/site-packages/airflow/example_dags/example_latest_only.py
[2024-08-05T00:20:47.854+0000] {processor.py:830} INFO - Processing file /home/airflow/.local/lib/python3.12/site-packages/airflow/example_dags/example_latest_only.py for tasks to queue
[2024-08-05T00:20:47.855+0000] {logging_mixin.py:188} INFO - [2024-08-05T00:20:47.855+0000] {dagbag.py:545} INFO - Filling up the DagBag from /home/airflow/.local/lib/python3.12/site-packages/airflow/example_dags/example_latest_only.py
[2024-08-05T00:20:47.886+0000] {processor.py:840} INFO - DAG(s) 'latest_only' retrieved from /home/airflow/.local/lib/python3.12/site-packages/airflow/example_dags/example_latest_only.py
[2024-08-05T00:20:47.969+0000] {logging_mixin.py:188} INFO - [2024-08-05T00:20:47.968+0000] {dag.py:3089} INFO - Sync 1 DAGs
[2024-08-05T00:20:48.089+0000] {logging_mixin.py:188} INFO - [2024-08-05T00:20:48.088+0000] {dag.py:3947} INFO - Setting next_dagrun for latest_only to 2024-08-04 20:00:00+00:00, run_after=2024-08-05 00:00:00+00:00
[2024-08-05T00:20:48.171+0000] {processor.py:183} INFO - Processing /home/airflow/.local/lib/python3.12/site-packages/airflow/example_dags/example_latest_only.py took 0.331 seconds
[2024-08-05T00:21:19.529+0000] {processor.py:161} INFO - Started process (PID=15695) to work on /home/airflow/.local/lib/python3.12/site-packages/airflow/example_dags/example_latest_only.py
[2024-08-05T00:21:19.530+0000] {processor.py:830} INFO - Processing file /home/airflow/.local/lib/python3.12/site-packages/airflow/example_dags/example_latest_only.py for tasks to queue
[2024-08-05T00:21:19.531+0000] {logging_mixin.py:188} INFO - [2024-08-05T00:21:19.531+0000] {dagbag.py:545} INFO - Filling up the DagBag from /home/airflow/.local/lib/python3.12/site-packages/airflow/example_dags/example_latest_only.py
[2024-08-05T00:21:19.538+0000] {processor.py:840} INFO - DAG(s) 'latest_only' retrieved from /home/airflow/.local/lib/python3.12/site-packages/airflow/example_dags/example_latest_only.py
[2024-08-05T00:21:19.564+0000] {logging_mixin.py:188} INFO - [2024-08-05T00:21:19.563+0000] {dag.py:3089} INFO - Sync 1 DAGs
[2024-08-05T00:21:19.580+0000] {logging_mixin.py:188} INFO - [2024-08-05T00:21:19.580+0000] {dag.py:3947} INFO - Setting next_dagrun for latest_only to 2024-08-04 20:00:00+00:00, run_after=2024-08-05 00:00:00+00:00
[2024-08-05T00:21:19.590+0000] {processor.py:183} INFO - Processing /home/airflow/.local/lib/python3.12/site-packages/airflow/example_dags/example_latest_only.py took 0.067 seconds
[2024-08-05T00:21:50.265+0000] {processor.py:161} INFO - Started process (PID=15755) to work on /home/airflow/.local/lib/python3.12/site-packages/airflow/example_dags/example_latest_only.py
[2024-08-05T00:21:50.267+0000] {processor.py:830} INFO - Processing file /home/airflow/.local/lib/python3.12/site-packages/airflow/example_dags/example_latest_only.py for tasks to queue
[2024-08-05T00:21:50.270+0000] {logging_mixin.py:188} INFO - [2024-08-05T00:21:50.269+0000] {dagbag.py:545} INFO - Filling up the DagBag from /home/airflow/.local/lib/python3.12/site-packages/airflow/example_dags/example_latest_only.py
[2024-08-05T00:21:50.274+0000] {processor.py:840} INFO - DAG(s) 'latest_only' retrieved from /home/airflow/.local/lib/python3.12/site-packages/airflow/example_dags/example_latest_only.py
[2024-08-05T00:21:50.295+0000] {logging_mixin.py:188} INFO - [2024-08-05T00:21:50.294+0000] {dag.py:3089} INFO - Sync 1 DAGs
[2024-08-05T00:21:50.313+0000] {logging_mixin.py:188} INFO - [2024-08-05T00:21:50.313+0000] {dag.py:3947} INFO - Setting next_dagrun for latest_only to 2024-08-04 20:00:00+00:00, run_after=2024-08-05 00:00:00+00:00
[2024-08-05T00:21:50.327+0000] {processor.py:183} INFO - Processing /home/airflow/.local/lib/python3.12/site-packages/airflow/example_dags/example_latest_only.py took 0.071 seconds
[2024-08-05T00:22:20.767+0000] {processor.py:161} INFO - Started process (PID=15816) to work on /home/airflow/.local/lib/python3.12/site-packages/airflow/example_dags/example_latest_only.py
[2024-08-05T00:22:20.768+0000] {processor.py:830} INFO - Processing file /home/airflow/.local/lib/python3.12/site-packages/airflow/example_dags/example_latest_only.py for tasks to queue
[2024-08-05T00:22:20.769+0000] {logging_mixin.py:188} INFO - [2024-08-05T00:22:20.769+0000] {dagbag.py:545} INFO - Filling up the DagBag from /home/airflow/.local/lib/python3.12/site-packages/airflow/example_dags/example_latest_only.py
[2024-08-05T00:22:20.776+0000] {processor.py:840} INFO - DAG(s) 'latest_only' retrieved from /home/airflow/.local/lib/python3.12/site-packages/airflow/example_dags/example_latest_only.py
[2024-08-05T00:22:20.790+0000] {logging_mixin.py:188} INFO - [2024-08-05T00:22:20.790+0000] {dag.py:3089} INFO - Sync 1 DAGs
[2024-08-05T00:22:20.804+0000] {logging_mixin.py:188} INFO - [2024-08-05T00:22:20.804+0000] {dag.py:3947} INFO - Setting next_dagrun for latest_only to 2024-08-04 20:00:00+00:00, run_after=2024-08-05 00:00:00+00:00
[2024-08-05T00:22:20.819+0000] {processor.py:183} INFO - Processing /home/airflow/.local/lib/python3.12/site-packages/airflow/example_dags/example_latest_only.py took 0.056 seconds
[2024-08-05T00:22:51.203+0000] {processor.py:161} INFO - Started process (PID=15877) to work on /home/airflow/.local/lib/python3.12/site-packages/airflow/example_dags/example_latest_only.py
[2024-08-05T00:22:51.205+0000] {processor.py:830} INFO - Processing file /home/airflow/.local/lib/python3.12/site-packages/airflow/example_dags/example_latest_only.py for tasks to queue
[2024-08-05T00:22:51.212+0000] {logging_mixin.py:188} INFO - [2024-08-05T00:22:51.211+0000] {dagbag.py:545} INFO - Filling up the DagBag from /home/airflow/.local/lib/python3.12/site-packages/airflow/example_dags/example_latest_only.py
[2024-08-05T00:22:51.215+0000] {processor.py:840} INFO - DAG(s) 'latest_only' retrieved from /home/airflow/.local/lib/python3.12/site-packages/airflow/example_dags/example_latest_only.py
[2024-08-05T00:22:51.234+0000] {logging_mixin.py:188} INFO - [2024-08-05T00:22:51.234+0000] {dag.py:3089} INFO - Sync 1 DAGs
[2024-08-05T00:22:51.248+0000] {logging_mixin.py:188} INFO - [2024-08-05T00:22:51.248+0000] {dag.py:3947} INFO - Setting next_dagrun for latest_only to 2024-08-04 20:00:00+00:00, run_after=2024-08-05 00:00:00+00:00
[2024-08-05T00:22:51.258+0000] {processor.py:183} INFO - Processing /home/airflow/.local/lib/python3.12/site-packages/airflow/example_dags/example_latest_only.py took 0.059 seconds
[2024-08-05T00:23:22.004+0000] {processor.py:161} INFO - Started process (PID=15938) to work on /home/airflow/.local/lib/python3.12/site-packages/airflow/example_dags/example_latest_only.py
[2024-08-05T00:23:22.007+0000] {processor.py:830} INFO - Processing file /home/airflow/.local/lib/python3.12/site-packages/airflow/example_dags/example_latest_only.py for tasks to queue
[2024-08-05T00:23:22.008+0000] {logging_mixin.py:188} INFO - [2024-08-05T00:23:22.008+0000] {dagbag.py:545} INFO - Filling up the DagBag from /home/airflow/.local/lib/python3.12/site-packages/airflow/example_dags/example_latest_only.py
[2024-08-05T00:23:22.017+0000] {processor.py:840} INFO - DAG(s) 'latest_only' retrieved from /home/airflow/.local/lib/python3.12/site-packages/airflow/example_dags/example_latest_only.py
[2024-08-05T00:23:22.044+0000] {logging_mixin.py:188} INFO - [2024-08-05T00:23:22.044+0000] {dag.py:3089} INFO - Sync 1 DAGs
[2024-08-05T00:23:22.057+0000] {logging_mixin.py:188} INFO - [2024-08-05T00:23:22.057+0000] {dag.py:3947} INFO - Setting next_dagrun for latest_only to 2024-08-04 20:00:00+00:00, run_after=2024-08-05 00:00:00+00:00
[2024-08-05T00:23:22.071+0000] {processor.py:183} INFO - Processing /home/airflow/.local/lib/python3.12/site-packages/airflow/example_dags/example_latest_only.py took 0.073 seconds
[2024-08-05T00:23:52.593+0000] {processor.py:161} INFO - Started process (PID=15998) to work on /home/airflow/.local/lib/python3.12/site-packages/airflow/example_dags/example_latest_only.py
[2024-08-05T00:23:52.594+0000] {processor.py:830} INFO - Processing file /home/airflow/.local/lib/python3.12/site-packages/airflow/example_dags/example_latest_only.py for tasks to queue
[2024-08-05T00:23:52.595+0000] {logging_mixin.py:188} INFO - [2024-08-05T00:23:52.595+0000] {dagbag.py:545} INFO - Filling up the DagBag from /home/airflow/.local/lib/python3.12/site-packages/airflow/example_dags/example_latest_only.py
[2024-08-05T00:23:52.600+0000] {processor.py:840} INFO - DAG(s) 'latest_only' retrieved from /home/airflow/.local/lib/python3.12/site-packages/airflow/example_dags/example_latest_only.py
[2024-08-05T00:23:52.623+0000] {logging_mixin.py:188} INFO - [2024-08-05T00:23:52.623+0000] {dag.py:3089} INFO - Sync 1 DAGs
[2024-08-05T00:23:52.637+0000] {logging_mixin.py:188} INFO - [2024-08-05T00:23:52.636+0000] {dag.py:3947} INFO - Setting next_dagrun for latest_only to 2024-08-04 20:00:00+00:00, run_after=2024-08-05 00:00:00+00:00
[2024-08-05T00:23:52.651+0000] {processor.py:183} INFO - Processing /home/airflow/.local/lib/python3.12/site-packages/airflow/example_dags/example_latest_only.py took 0.064 seconds
[2024-08-05T00:24:23.084+0000] {processor.py:161} INFO - Started process (PID=16058) to work on /home/airflow/.local/lib/python3.12/site-packages/airflow/example_dags/example_latest_only.py
[2024-08-05T00:24:23.085+0000] {processor.py:830} INFO - Processing file /home/airflow/.local/lib/python3.12/site-packages/airflow/example_dags/example_latest_only.py for tasks to queue
[2024-08-05T00:24:23.086+0000] {logging_mixin.py:188} INFO - [2024-08-05T00:24:23.086+0000] {dagbag.py:545} INFO - Filling up the DagBag from /home/airflow/.local/lib/python3.12/site-packages/airflow/example_dags/example_latest_only.py
[2024-08-05T00:24:23.090+0000] {processor.py:840} INFO - DAG(s) 'latest_only' retrieved from /home/airflow/.local/lib/python3.12/site-packages/airflow/example_dags/example_latest_only.py
[2024-08-05T00:24:23.109+0000] {logging_mixin.py:188} INFO - [2024-08-05T00:24:23.108+0000] {dag.py:3089} INFO - Sync 1 DAGs
[2024-08-05T00:24:23.124+0000] {logging_mixin.py:188} INFO - [2024-08-05T00:24:23.124+0000] {dag.py:3947} INFO - Setting next_dagrun for latest_only to 2024-08-04 20:00:00+00:00, run_after=2024-08-05 00:00:00+00:00
[2024-08-05T00:24:23.141+0000] {processor.py:183} INFO - Processing /home/airflow/.local/lib/python3.12/site-packages/airflow/example_dags/example_latest_only.py took 0.063 seconds
