[2024-08-05T00:00:06.214+0000] {processor.py:161} INFO - Started process (PID=13045) to work on /home/airflow/.local/lib/python3.12/site-packages/airflow/example_dags/example_trigger_target_dag.py
[2024-08-05T00:00:06.215+0000] {processor.py:830} INFO - Processing file /home/airflow/.local/lib/python3.12/site-packages/airflow/example_dags/example_trigger_target_dag.py for tasks to queue
[2024-08-05T00:00:06.216+0000] {logging_mixin.py:188} INFO - [2024-08-05T00:00:06.216+0000] {dagbag.py:545} INFO - Filling up the DagBag from /home/airflow/.local/lib/python3.12/site-packages/airflow/example_dags/example_trigger_target_dag.py
[2024-08-05T00:00:06.221+0000] {processor.py:840} INFO - DAG(s) 'example_trigger_target_dag' retrieved from /home/airflow/.local/lib/python3.12/site-packages/airflow/example_dags/example_trigger_target_dag.py
[2024-08-05T00:00:06.238+0000] {logging_mixin.py:188} INFO - [2024-08-05T00:00:06.238+0000] {dag.py:3089} INFO - Sync 1 DAGs
[2024-08-05T00:00:06.253+0000] {logging_mixin.py:188} INFO - [2024-08-05T00:00:06.253+0000] {dag.py:3947} INFO - Setting next_dagrun for example_trigger_target_dag to None, run_after=None
[2024-08-05T00:00:06.302+0000] {processor.py:183} INFO - Processing /home/airflow/.local/lib/python3.12/site-packages/airflow/example_dags/example_trigger_target_dag.py took 0.093 seconds
[2024-08-05T00:00:37.919+0000] {processor.py:161} INFO - Started process (PID=13116) to work on /home/airflow/.local/lib/python3.12/site-packages/airflow/example_dags/example_trigger_target_dag.py
[2024-08-05T00:00:37.920+0000] {processor.py:830} INFO - Processing file /home/airflow/.local/lib/python3.12/site-packages/airflow/example_dags/example_trigger_target_dag.py for tasks to queue
[2024-08-05T00:00:37.921+0000] {logging_mixin.py:188} INFO - [2024-08-05T00:00:37.921+0000] {dagbag.py:545} INFO - Filling up the DagBag from /home/airflow/.local/lib/python3.12/site-packages/airflow/example_dags/example_trigger_target_dag.py
[2024-08-05T00:00:37.925+0000] {processor.py:840} INFO - DAG(s) 'example_trigger_target_dag' retrieved from /home/airflow/.local/lib/python3.12/site-packages/airflow/example_dags/example_trigger_target_dag.py
[2024-08-05T00:00:37.943+0000] {logging_mixin.py:188} INFO - [2024-08-05T00:00:37.943+0000] {dag.py:3089} INFO - Sync 1 DAGs
[2024-08-05T00:00:37.952+0000] {logging_mixin.py:188} INFO - [2024-08-05T00:00:37.952+0000] {dag.py:3947} INFO - Setting next_dagrun for example_trigger_target_dag to None, run_after=None
[2024-08-05T00:00:37.981+0000] {processor.py:183} INFO - Processing /home/airflow/.local/lib/python3.12/site-packages/airflow/example_dags/example_trigger_target_dag.py took 0.067 seconds
[2024-08-05T00:01:08.793+0000] {processor.py:161} INFO - Started process (PID=13187) to work on /home/airflow/.local/lib/python3.12/site-packages/airflow/example_dags/example_trigger_target_dag.py
[2024-08-05T00:01:08.794+0000] {processor.py:830} INFO - Processing file /home/airflow/.local/lib/python3.12/site-packages/airflow/example_dags/example_trigger_target_dag.py for tasks to queue
[2024-08-05T00:01:08.794+0000] {logging_mixin.py:188} INFO - [2024-08-05T00:01:08.794+0000] {dagbag.py:545} INFO - Filling up the DagBag from /home/airflow/.local/lib/python3.12/site-packages/airflow/example_dags/example_trigger_target_dag.py
[2024-08-05T00:01:08.801+0000] {processor.py:840} INFO - DAG(s) 'example_trigger_target_dag' retrieved from /home/airflow/.local/lib/python3.12/site-packages/airflow/example_dags/example_trigger_target_dag.py
[2024-08-05T00:01:08.824+0000] {logging_mixin.py:188} INFO - [2024-08-05T00:01:08.824+0000] {dag.py:3089} INFO - Sync 1 DAGs
[2024-08-05T00:01:08.836+0000] {logging_mixin.py:188} INFO - [2024-08-05T00:01:08.836+0000] {dag.py:3947} INFO - Setting next_dagrun for example_trigger_target_dag to None, run_after=None
[2024-08-05T00:01:08.857+0000] {processor.py:183} INFO - Processing /home/airflow/.local/lib/python3.12/site-packages/airflow/example_dags/example_trigger_target_dag.py took 0.068 seconds
[2024-08-05T00:01:40.033+0000] {processor.py:161} INFO - Started process (PID=13258) to work on /home/airflow/.local/lib/python3.12/site-packages/airflow/example_dags/example_trigger_target_dag.py
[2024-08-05T00:01:40.036+0000] {processor.py:830} INFO - Processing file /home/airflow/.local/lib/python3.12/site-packages/airflow/example_dags/example_trigger_target_dag.py for tasks to queue
[2024-08-05T00:01:40.037+0000] {logging_mixin.py:188} INFO - [2024-08-05T00:01:40.037+0000] {dagbag.py:545} INFO - Filling up the DagBag from /home/airflow/.local/lib/python3.12/site-packages/airflow/example_dags/example_trigger_target_dag.py
[2024-08-05T00:01:40.046+0000] {processor.py:840} INFO - DAG(s) 'example_trigger_target_dag' retrieved from /home/airflow/.local/lib/python3.12/site-packages/airflow/example_dags/example_trigger_target_dag.py
[2024-08-05T00:01:40.095+0000] {logging_mixin.py:188} INFO - [2024-08-05T00:01:40.095+0000] {dag.py:3089} INFO - Sync 1 DAGs
[2024-08-05T00:01:40.119+0000] {logging_mixin.py:188} INFO - [2024-08-05T00:01:40.118+0000] {dag.py:3947} INFO - Setting next_dagrun for example_trigger_target_dag to None, run_after=None
[2024-08-05T00:01:40.156+0000] {processor.py:183} INFO - Processing /home/airflow/.local/lib/python3.12/site-packages/airflow/example_dags/example_trigger_target_dag.py took 0.139 seconds
[2024-08-05T00:02:10.313+0000] {processor.py:161} INFO - Started process (PID=13319) to work on /home/airflow/.local/lib/python3.12/site-packages/airflow/example_dags/example_trigger_target_dag.py
[2024-08-05T00:02:10.315+0000] {processor.py:830} INFO - Processing file /home/airflow/.local/lib/python3.12/site-packages/airflow/example_dags/example_trigger_target_dag.py for tasks to queue
[2024-08-05T00:02:10.316+0000] {logging_mixin.py:188} INFO - [2024-08-05T00:02:10.316+0000] {dagbag.py:545} INFO - Filling up the DagBag from /home/airflow/.local/lib/python3.12/site-packages/airflow/example_dags/example_trigger_target_dag.py
[2024-08-05T00:02:10.321+0000] {processor.py:840} INFO - DAG(s) 'example_trigger_target_dag' retrieved from /home/airflow/.local/lib/python3.12/site-packages/airflow/example_dags/example_trigger_target_dag.py
[2024-08-05T00:02:10.337+0000] {logging_mixin.py:188} INFO - [2024-08-05T00:02:10.337+0000] {dag.py:3089} INFO - Sync 1 DAGs
[2024-08-05T00:02:10.346+0000] {logging_mixin.py:188} INFO - [2024-08-05T00:02:10.346+0000] {dag.py:3947} INFO - Setting next_dagrun for example_trigger_target_dag to None, run_after=None
[2024-08-05T00:02:10.361+0000] {processor.py:183} INFO - Processing /home/airflow/.local/lib/python3.12/site-packages/airflow/example_dags/example_trigger_target_dag.py took 0.051 seconds
[2024-08-05T00:02:40.712+0000] {processor.py:161} INFO - Started process (PID=13379) to work on /home/airflow/.local/lib/python3.12/site-packages/airflow/example_dags/example_trigger_target_dag.py
[2024-08-05T00:02:40.713+0000] {processor.py:830} INFO - Processing file /home/airflow/.local/lib/python3.12/site-packages/airflow/example_dags/example_trigger_target_dag.py for tasks to queue
[2024-08-05T00:02:40.713+0000] {logging_mixin.py:188} INFO - [2024-08-05T00:02:40.713+0000] {dagbag.py:545} INFO - Filling up the DagBag from /home/airflow/.local/lib/python3.12/site-packages/airflow/example_dags/example_trigger_target_dag.py
[2024-08-05T00:02:40.717+0000] {processor.py:840} INFO - DAG(s) 'example_trigger_target_dag' retrieved from /home/airflow/.local/lib/python3.12/site-packages/airflow/example_dags/example_trigger_target_dag.py
[2024-08-05T00:02:40.729+0000] {logging_mixin.py:188} INFO - [2024-08-05T00:02:40.729+0000] {dag.py:3089} INFO - Sync 1 DAGs
[2024-08-05T00:02:40.736+0000] {logging_mixin.py:188} INFO - [2024-08-05T00:02:40.736+0000] {dag.py:3947} INFO - Setting next_dagrun for example_trigger_target_dag to None, run_after=None
[2024-08-05T00:02:40.746+0000] {processor.py:183} INFO - Processing /home/airflow/.local/lib/python3.12/site-packages/airflow/example_dags/example_trigger_target_dag.py took 0.037 seconds
[2024-08-05T00:03:11.195+0000] {processor.py:161} INFO - Started process (PID=13440) to work on /home/airflow/.local/lib/python3.12/site-packages/airflow/example_dags/example_trigger_target_dag.py
[2024-08-05T00:03:11.197+0000] {processor.py:830} INFO - Processing file /home/airflow/.local/lib/python3.12/site-packages/airflow/example_dags/example_trigger_target_dag.py for tasks to queue
[2024-08-05T00:03:11.198+0000] {logging_mixin.py:188} INFO - [2024-08-05T00:03:11.198+0000] {dagbag.py:545} INFO - Filling up the DagBag from /home/airflow/.local/lib/python3.12/site-packages/airflow/example_dags/example_trigger_target_dag.py
[2024-08-05T00:03:11.202+0000] {processor.py:840} INFO - DAG(s) 'example_trigger_target_dag' retrieved from /home/airflow/.local/lib/python3.12/site-packages/airflow/example_dags/example_trigger_target_dag.py
[2024-08-05T00:03:11.215+0000] {logging_mixin.py:188} INFO - [2024-08-05T00:03:11.215+0000] {dag.py:3089} INFO - Sync 1 DAGs
[2024-08-05T00:03:11.222+0000] {logging_mixin.py:188} INFO - [2024-08-05T00:03:11.222+0000] {dag.py:3947} INFO - Setting next_dagrun for example_trigger_target_dag to None, run_after=None
[2024-08-05T00:03:11.233+0000] {processor.py:183} INFO - Processing /home/airflow/.local/lib/python3.12/site-packages/airflow/example_dags/example_trigger_target_dag.py took 0.042 seconds
[2024-08-05T00:03:41.620+0000] {processor.py:161} INFO - Started process (PID=13502) to work on /home/airflow/.local/lib/python3.12/site-packages/airflow/example_dags/example_trigger_target_dag.py
[2024-08-05T00:03:41.621+0000] {processor.py:830} INFO - Processing file /home/airflow/.local/lib/python3.12/site-packages/airflow/example_dags/example_trigger_target_dag.py for tasks to queue
[2024-08-05T00:03:41.622+0000] {logging_mixin.py:188} INFO - [2024-08-05T00:03:41.622+0000] {dagbag.py:545} INFO - Filling up the DagBag from /home/airflow/.local/lib/python3.12/site-packages/airflow/example_dags/example_trigger_target_dag.py
[2024-08-05T00:03:41.630+0000] {processor.py:840} INFO - DAG(s) 'example_trigger_target_dag' retrieved from /home/airflow/.local/lib/python3.12/site-packages/airflow/example_dags/example_trigger_target_dag.py
[2024-08-05T00:03:41.644+0000] {logging_mixin.py:188} INFO - [2024-08-05T00:03:41.644+0000] {dag.py:3089} INFO - Sync 1 DAGs
[2024-08-05T00:03:41.652+0000] {logging_mixin.py:188} INFO - [2024-08-05T00:03:41.652+0000] {dag.py:3947} INFO - Setting next_dagrun for example_trigger_target_dag to None, run_after=None
[2024-08-05T00:03:41.664+0000] {processor.py:183} INFO - Processing /home/airflow/.local/lib/python3.12/site-packages/airflow/example_dags/example_trigger_target_dag.py took 0.048 seconds
[2024-08-05T00:04:12.193+0000] {processor.py:161} INFO - Started process (PID=13563) to work on /home/airflow/.local/lib/python3.12/site-packages/airflow/example_dags/example_trigger_target_dag.py
[2024-08-05T00:04:12.196+0000] {processor.py:830} INFO - Processing file /home/airflow/.local/lib/python3.12/site-packages/airflow/example_dags/example_trigger_target_dag.py for tasks to queue
[2024-08-05T00:04:12.197+0000] {logging_mixin.py:188} INFO - [2024-08-05T00:04:12.197+0000] {dagbag.py:545} INFO - Filling up the DagBag from /home/airflow/.local/lib/python3.12/site-packages/airflow/example_dags/example_trigger_target_dag.py
[2024-08-05T00:04:12.200+0000] {processor.py:840} INFO - DAG(s) 'example_trigger_target_dag' retrieved from /home/airflow/.local/lib/python3.12/site-packages/airflow/example_dags/example_trigger_target_dag.py
[2024-08-05T00:04:12.217+0000] {logging_mixin.py:188} INFO - [2024-08-05T00:04:12.217+0000] {dag.py:3089} INFO - Sync 1 DAGs
[2024-08-05T00:04:12.224+0000] {logging_mixin.py:188} INFO - [2024-08-05T00:04:12.224+0000] {dag.py:3947} INFO - Setting next_dagrun for example_trigger_target_dag to None, run_after=None
[2024-08-05T00:04:12.235+0000] {processor.py:183} INFO - Processing /home/airflow/.local/lib/python3.12/site-packages/airflow/example_dags/example_trigger_target_dag.py took 0.045 seconds
[2024-08-05T00:04:42.513+0000] {processor.py:161} INFO - Started process (PID=13624) to work on /home/airflow/.local/lib/python3.12/site-packages/airflow/example_dags/example_trigger_target_dag.py
[2024-08-05T00:04:42.514+0000] {processor.py:830} INFO - Processing file /home/airflow/.local/lib/python3.12/site-packages/airflow/example_dags/example_trigger_target_dag.py for tasks to queue
[2024-08-05T00:04:42.515+0000] {logging_mixin.py:188} INFO - [2024-08-05T00:04:42.515+0000] {dagbag.py:545} INFO - Filling up the DagBag from /home/airflow/.local/lib/python3.12/site-packages/airflow/example_dags/example_trigger_target_dag.py
[2024-08-05T00:04:42.520+0000] {processor.py:840} INFO - DAG(s) 'example_trigger_target_dag' retrieved from /home/airflow/.local/lib/python3.12/site-packages/airflow/example_dags/example_trigger_target_dag.py
[2024-08-05T00:04:42.535+0000] {logging_mixin.py:188} INFO - [2024-08-05T00:04:42.535+0000] {dag.py:3089} INFO - Sync 1 DAGs
[2024-08-05T00:04:42.543+0000] {logging_mixin.py:188} INFO - [2024-08-05T00:04:42.543+0000] {dag.py:3947} INFO - Setting next_dagrun for example_trigger_target_dag to None, run_after=None
[2024-08-05T00:04:42.556+0000] {processor.py:183} INFO - Processing /home/airflow/.local/lib/python3.12/site-packages/airflow/example_dags/example_trigger_target_dag.py took 0.048 seconds
[2024-08-05T00:05:12.690+0000] {processor.py:161} INFO - Started process (PID=13685) to work on /home/airflow/.local/lib/python3.12/site-packages/airflow/example_dags/example_trigger_target_dag.py
[2024-08-05T00:05:12.692+0000] {processor.py:830} INFO - Processing file /home/airflow/.local/lib/python3.12/site-packages/airflow/example_dags/example_trigger_target_dag.py for tasks to queue
[2024-08-05T00:05:12.693+0000] {logging_mixin.py:188} INFO - [2024-08-05T00:05:12.692+0000] {dagbag.py:545} INFO - Filling up the DagBag from /home/airflow/.local/lib/python3.12/site-packages/airflow/example_dags/example_trigger_target_dag.py
[2024-08-05T00:05:12.698+0000] {processor.py:840} INFO - DAG(s) 'example_trigger_target_dag' retrieved from /home/airflow/.local/lib/python3.12/site-packages/airflow/example_dags/example_trigger_target_dag.py
[2024-08-05T00:05:12.717+0000] {logging_mixin.py:188} INFO - [2024-08-05T00:05:12.716+0000] {dag.py:3089} INFO - Sync 1 DAGs
[2024-08-05T00:05:12.725+0000] {logging_mixin.py:188} INFO - [2024-08-05T00:05:12.724+0000] {dag.py:3947} INFO - Setting next_dagrun for example_trigger_target_dag to None, run_after=None
[2024-08-05T00:05:12.745+0000] {processor.py:183} INFO - Processing /home/airflow/.local/lib/python3.12/site-packages/airflow/example_dags/example_trigger_target_dag.py took 0.059 seconds
[2024-08-05T00:05:43.122+0000] {processor.py:161} INFO - Started process (PID=13745) to work on /home/airflow/.local/lib/python3.12/site-packages/airflow/example_dags/example_trigger_target_dag.py
[2024-08-05T00:05:43.126+0000] {processor.py:830} INFO - Processing file /home/airflow/.local/lib/python3.12/site-packages/airflow/example_dags/example_trigger_target_dag.py for tasks to queue
[2024-08-05T00:05:43.126+0000] {logging_mixin.py:188} INFO - [2024-08-05T00:05:43.126+0000] {dagbag.py:545} INFO - Filling up the DagBag from /home/airflow/.local/lib/python3.12/site-packages/airflow/example_dags/example_trigger_target_dag.py
[2024-08-05T00:05:43.131+0000] {processor.py:840} INFO - DAG(s) 'example_trigger_target_dag' retrieved from /home/airflow/.local/lib/python3.12/site-packages/airflow/example_dags/example_trigger_target_dag.py
[2024-08-05T00:05:43.156+0000] {logging_mixin.py:188} INFO - [2024-08-05T00:05:43.155+0000] {dag.py:3089} INFO - Sync 1 DAGs
[2024-08-05T00:05:43.168+0000] {logging_mixin.py:188} INFO - [2024-08-05T00:05:43.167+0000] {dag.py:3947} INFO - Setting next_dagrun for example_trigger_target_dag to None, run_after=None
[2024-08-05T00:05:43.180+0000] {processor.py:183} INFO - Processing /home/airflow/.local/lib/python3.12/site-packages/airflow/example_dags/example_trigger_target_dag.py took 0.063 seconds
[2024-08-05T00:06:13.601+0000] {processor.py:161} INFO - Started process (PID=13806) to work on /home/airflow/.local/lib/python3.12/site-packages/airflow/example_dags/example_trigger_target_dag.py
[2024-08-05T00:06:13.602+0000] {processor.py:830} INFO - Processing file /home/airflow/.local/lib/python3.12/site-packages/airflow/example_dags/example_trigger_target_dag.py for tasks to queue
[2024-08-05T00:06:13.603+0000] {logging_mixin.py:188} INFO - [2024-08-05T00:06:13.603+0000] {dagbag.py:545} INFO - Filling up the DagBag from /home/airflow/.local/lib/python3.12/site-packages/airflow/example_dags/example_trigger_target_dag.py
[2024-08-05T00:06:13.607+0000] {processor.py:840} INFO - DAG(s) 'example_trigger_target_dag' retrieved from /home/airflow/.local/lib/python3.12/site-packages/airflow/example_dags/example_trigger_target_dag.py
[2024-08-05T00:06:13.632+0000] {logging_mixin.py:188} INFO - [2024-08-05T00:06:13.632+0000] {dag.py:3089} INFO - Sync 1 DAGs
[2024-08-05T00:06:13.656+0000] {logging_mixin.py:188} INFO - [2024-08-05T00:06:13.656+0000] {dag.py:3947} INFO - Setting next_dagrun for example_trigger_target_dag to None, run_after=None
[2024-08-05T00:06:13.677+0000] {processor.py:183} INFO - Processing /home/airflow/.local/lib/python3.12/site-packages/airflow/example_dags/example_trigger_target_dag.py took 0.080 seconds
[2024-08-05T00:06:44.616+0000] {processor.py:161} INFO - Started process (PID=13874) to work on /home/airflow/.local/lib/python3.12/site-packages/airflow/example_dags/example_trigger_target_dag.py
[2024-08-05T00:06:44.618+0000] {processor.py:830} INFO - Processing file /home/airflow/.local/lib/python3.12/site-packages/airflow/example_dags/example_trigger_target_dag.py for tasks to queue
[2024-08-05T00:06:44.620+0000] {logging_mixin.py:188} INFO - [2024-08-05T00:06:44.620+0000] {dagbag.py:545} INFO - Filling up the DagBag from /home/airflow/.local/lib/python3.12/site-packages/airflow/example_dags/example_trigger_target_dag.py
[2024-08-05T00:06:44.626+0000] {processor.py:840} INFO - DAG(s) 'example_trigger_target_dag' retrieved from /home/airflow/.local/lib/python3.12/site-packages/airflow/example_dags/example_trigger_target_dag.py
[2024-08-05T00:06:44.650+0000] {logging_mixin.py:188} INFO - [2024-08-05T00:06:44.649+0000] {dag.py:3089} INFO - Sync 1 DAGs
[2024-08-05T00:06:44.662+0000] {logging_mixin.py:188} INFO - [2024-08-05T00:06:44.662+0000] {dag.py:3947} INFO - Setting next_dagrun for example_trigger_target_dag to None, run_after=None
[2024-08-05T00:06:44.680+0000] {processor.py:183} INFO - Processing /home/airflow/.local/lib/python3.12/site-packages/airflow/example_dags/example_trigger_target_dag.py took 0.069 seconds
[2024-08-05T00:07:15.375+0000] {processor.py:161} INFO - Started process (PID=13945) to work on /home/airflow/.local/lib/python3.12/site-packages/airflow/example_dags/example_trigger_target_dag.py
[2024-08-05T00:07:15.376+0000] {processor.py:830} INFO - Processing file /home/airflow/.local/lib/python3.12/site-packages/airflow/example_dags/example_trigger_target_dag.py for tasks to queue
[2024-08-05T00:07:15.376+0000] {logging_mixin.py:188} INFO - [2024-08-05T00:07:15.376+0000] {dagbag.py:545} INFO - Filling up the DagBag from /home/airflow/.local/lib/python3.12/site-packages/airflow/example_dags/example_trigger_target_dag.py
[2024-08-05T00:07:15.384+0000] {processor.py:840} INFO - DAG(s) 'example_trigger_target_dag' retrieved from /home/airflow/.local/lib/python3.12/site-packages/airflow/example_dags/example_trigger_target_dag.py
[2024-08-05T00:07:15.401+0000] {logging_mixin.py:188} INFO - [2024-08-05T00:07:15.401+0000] {dag.py:3089} INFO - Sync 1 DAGs
[2024-08-05T00:07:15.409+0000] {logging_mixin.py:188} INFO - [2024-08-05T00:07:15.409+0000] {dag.py:3947} INFO - Setting next_dagrun for example_trigger_target_dag to None, run_after=None
[2024-08-05T00:07:15.424+0000] {processor.py:183} INFO - Processing /home/airflow/.local/lib/python3.12/site-packages/airflow/example_dags/example_trigger_target_dag.py took 0.055 seconds
[2024-08-05T00:07:45.503+0000] {processor.py:161} INFO - Started process (PID=14006) to work on /home/airflow/.local/lib/python3.12/site-packages/airflow/example_dags/example_trigger_target_dag.py
[2024-08-05T00:07:45.506+0000] {processor.py:830} INFO - Processing file /home/airflow/.local/lib/python3.12/site-packages/airflow/example_dags/example_trigger_target_dag.py for tasks to queue
[2024-08-05T00:07:45.510+0000] {logging_mixin.py:188} INFO - [2024-08-05T00:07:45.509+0000] {dagbag.py:545} INFO - Filling up the DagBag from /home/airflow/.local/lib/python3.12/site-packages/airflow/example_dags/example_trigger_target_dag.py
[2024-08-05T00:07:45.515+0000] {processor.py:840} INFO - DAG(s) 'example_trigger_target_dag' retrieved from /home/airflow/.local/lib/python3.12/site-packages/airflow/example_dags/example_trigger_target_dag.py
[2024-08-05T00:07:45.532+0000] {logging_mixin.py:188} INFO - [2024-08-05T00:07:45.532+0000] {dag.py:3089} INFO - Sync 1 DAGs
[2024-08-05T00:07:45.539+0000] {logging_mixin.py:188} INFO - [2024-08-05T00:07:45.539+0000] {dag.py:3947} INFO - Setting next_dagrun for example_trigger_target_dag to None, run_after=None
[2024-08-05T00:07:45.549+0000] {processor.py:183} INFO - Processing /home/airflow/.local/lib/python3.12/site-packages/airflow/example_dags/example_trigger_target_dag.py took 0.050 seconds
[2024-08-05T00:08:15.892+0000] {processor.py:161} INFO - Started process (PID=14067) to work on /home/airflow/.local/lib/python3.12/site-packages/airflow/example_dags/example_trigger_target_dag.py
[2024-08-05T00:08:15.893+0000] {processor.py:830} INFO - Processing file /home/airflow/.local/lib/python3.12/site-packages/airflow/example_dags/example_trigger_target_dag.py for tasks to queue
[2024-08-05T00:08:15.894+0000] {logging_mixin.py:188} INFO - [2024-08-05T00:08:15.894+0000] {dagbag.py:545} INFO - Filling up the DagBag from /home/airflow/.local/lib/python3.12/site-packages/airflow/example_dags/example_trigger_target_dag.py
[2024-08-05T00:08:15.899+0000] {processor.py:840} INFO - DAG(s) 'example_trigger_target_dag' retrieved from /home/airflow/.local/lib/python3.12/site-packages/airflow/example_dags/example_trigger_target_dag.py
[2024-08-05T00:08:15.916+0000] {logging_mixin.py:188} INFO - [2024-08-05T00:08:15.916+0000] {dag.py:3089} INFO - Sync 1 DAGs
[2024-08-05T00:08:15.926+0000] {logging_mixin.py:188} INFO - [2024-08-05T00:08:15.926+0000] {dag.py:3947} INFO - Setting next_dagrun for example_trigger_target_dag to None, run_after=None
[2024-08-05T00:08:15.941+0000] {processor.py:183} INFO - Processing /home/airflow/.local/lib/python3.12/site-packages/airflow/example_dags/example_trigger_target_dag.py took 0.055 seconds
[2024-08-05T00:08:46.531+0000] {processor.py:161} INFO - Started process (PID=14129) to work on /home/airflow/.local/lib/python3.12/site-packages/airflow/example_dags/example_trigger_target_dag.py
[2024-08-05T00:08:46.533+0000] {processor.py:830} INFO - Processing file /home/airflow/.local/lib/python3.12/site-packages/airflow/example_dags/example_trigger_target_dag.py for tasks to queue
[2024-08-05T00:08:46.536+0000] {logging_mixin.py:188} INFO - [2024-08-05T00:08:46.536+0000] {dagbag.py:545} INFO - Filling up the DagBag from /home/airflow/.local/lib/python3.12/site-packages/airflow/example_dags/example_trigger_target_dag.py
[2024-08-05T00:08:46.542+0000] {processor.py:840} INFO - DAG(s) 'example_trigger_target_dag' retrieved from /home/airflow/.local/lib/python3.12/site-packages/airflow/example_dags/example_trigger_target_dag.py
[2024-08-05T00:08:46.577+0000] {logging_mixin.py:188} INFO - [2024-08-05T00:08:46.576+0000] {dag.py:3089} INFO - Sync 1 DAGs
[2024-08-05T00:08:46.587+0000] {logging_mixin.py:188} INFO - [2024-08-05T00:08:46.586+0000] {dag.py:3947} INFO - Setting next_dagrun for example_trigger_target_dag to None, run_after=None
[2024-08-05T00:08:46.612+0000] {processor.py:183} INFO - Processing /home/airflow/.local/lib/python3.12/site-packages/airflow/example_dags/example_trigger_target_dag.py took 0.086 seconds
[2024-08-05T00:09:17.452+0000] {processor.py:161} INFO - Started process (PID=14190) to work on /home/airflow/.local/lib/python3.12/site-packages/airflow/example_dags/example_trigger_target_dag.py
[2024-08-05T00:09:17.453+0000] {processor.py:830} INFO - Processing file /home/airflow/.local/lib/python3.12/site-packages/airflow/example_dags/example_trigger_target_dag.py for tasks to queue
[2024-08-05T00:09:17.453+0000] {logging_mixin.py:188} INFO - [2024-08-05T00:09:17.453+0000] {dagbag.py:545} INFO - Filling up the DagBag from /home/airflow/.local/lib/python3.12/site-packages/airflow/example_dags/example_trigger_target_dag.py
[2024-08-05T00:09:17.457+0000] {processor.py:840} INFO - DAG(s) 'example_trigger_target_dag' retrieved from /home/airflow/.local/lib/python3.12/site-packages/airflow/example_dags/example_trigger_target_dag.py
[2024-08-05T00:09:17.473+0000] {logging_mixin.py:188} INFO - [2024-08-05T00:09:17.473+0000] {dag.py:3089} INFO - Sync 1 DAGs
[2024-08-05T00:09:17.481+0000] {logging_mixin.py:188} INFO - [2024-08-05T00:09:17.480+0000] {dag.py:3947} INFO - Setting next_dagrun for example_trigger_target_dag to None, run_after=None
[2024-08-05T00:09:17.494+0000] {processor.py:183} INFO - Processing /home/airflow/.local/lib/python3.12/site-packages/airflow/example_dags/example_trigger_target_dag.py took 0.046 seconds
[2024-08-05T00:09:47.878+0000] {processor.py:161} INFO - Started process (PID=14251) to work on /home/airflow/.local/lib/python3.12/site-packages/airflow/example_dags/example_trigger_target_dag.py
[2024-08-05T00:09:47.881+0000] {processor.py:830} INFO - Processing file /home/airflow/.local/lib/python3.12/site-packages/airflow/example_dags/example_trigger_target_dag.py for tasks to queue
[2024-08-05T00:09:47.881+0000] {logging_mixin.py:188} INFO - [2024-08-05T00:09:47.881+0000] {dagbag.py:545} INFO - Filling up the DagBag from /home/airflow/.local/lib/python3.12/site-packages/airflow/example_dags/example_trigger_target_dag.py
[2024-08-05T00:09:47.887+0000] {processor.py:840} INFO - DAG(s) 'example_trigger_target_dag' retrieved from /home/airflow/.local/lib/python3.12/site-packages/airflow/example_dags/example_trigger_target_dag.py
[2024-08-05T00:09:47.916+0000] {logging_mixin.py:188} INFO - [2024-08-05T00:09:47.915+0000] {dag.py:3089} INFO - Sync 1 DAGs
[2024-08-05T00:09:47.931+0000] {logging_mixin.py:188} INFO - [2024-08-05T00:09:47.931+0000] {dag.py:3947} INFO - Setting next_dagrun for example_trigger_target_dag to None, run_after=None
[2024-08-05T00:09:47.950+0000] {processor.py:183} INFO - Processing /home/airflow/.local/lib/python3.12/site-packages/airflow/example_dags/example_trigger_target_dag.py took 0.076 seconds
[2024-08-05T00:10:21.608+0000] {processor.py:161} INFO - Started process (PID=14322) to work on /home/airflow/.local/lib/python3.12/site-packages/airflow/example_dags/example_trigger_target_dag.py
[2024-08-05T00:10:21.611+0000] {processor.py:830} INFO - Processing file /home/airflow/.local/lib/python3.12/site-packages/airflow/example_dags/example_trigger_target_dag.py for tasks to queue
[2024-08-05T00:10:21.614+0000] {logging_mixin.py:188} INFO - [2024-08-05T00:10:21.613+0000] {dagbag.py:545} INFO - Filling up the DagBag from /home/airflow/.local/lib/python3.12/site-packages/airflow/example_dags/example_trigger_target_dag.py
[2024-08-05T00:10:21.633+0000] {processor.py:840} INFO - DAG(s) 'example_trigger_target_dag' retrieved from /home/airflow/.local/lib/python3.12/site-packages/airflow/example_dags/example_trigger_target_dag.py
[2024-08-05T00:10:21.720+0000] {logging_mixin.py:188} INFO - [2024-08-05T00:10:21.720+0000] {dag.py:3089} INFO - Sync 1 DAGs
[2024-08-05T00:10:21.734+0000] {logging_mixin.py:188} INFO - [2024-08-05T00:10:21.734+0000] {dag.py:3947} INFO - Setting next_dagrun for example_trigger_target_dag to None, run_after=None
[2024-08-05T00:10:21.776+0000] {processor.py:183} INFO - Processing /home/airflow/.local/lib/python3.12/site-packages/airflow/example_dags/example_trigger_target_dag.py took 0.183 seconds
[2024-08-05T00:10:52.678+0000] {processor.py:161} INFO - Started process (PID=14389) to work on /home/airflow/.local/lib/python3.12/site-packages/airflow/example_dags/example_trigger_target_dag.py
[2024-08-05T00:10:52.679+0000] {processor.py:830} INFO - Processing file /home/airflow/.local/lib/python3.12/site-packages/airflow/example_dags/example_trigger_target_dag.py for tasks to queue
[2024-08-05T00:10:52.681+0000] {logging_mixin.py:188} INFO - [2024-08-05T00:10:52.680+0000] {dagbag.py:545} INFO - Filling up the DagBag from /home/airflow/.local/lib/python3.12/site-packages/airflow/example_dags/example_trigger_target_dag.py
[2024-08-05T00:10:52.684+0000] {processor.py:840} INFO - DAG(s) 'example_trigger_target_dag' retrieved from /home/airflow/.local/lib/python3.12/site-packages/airflow/example_dags/example_trigger_target_dag.py
[2024-08-05T00:10:52.700+0000] {logging_mixin.py:188} INFO - [2024-08-05T00:10:52.700+0000] {dag.py:3089} INFO - Sync 1 DAGs
[2024-08-05T00:10:52.708+0000] {logging_mixin.py:188} INFO - [2024-08-05T00:10:52.708+0000] {dag.py:3947} INFO - Setting next_dagrun for example_trigger_target_dag to None, run_after=None
[2024-08-05T00:10:52.722+0000] {processor.py:183} INFO - Processing /home/airflow/.local/lib/python3.12/site-packages/airflow/example_dags/example_trigger_target_dag.py took 0.048 seconds
[2024-08-05T00:11:24.197+0000] {processor.py:161} INFO - Started process (PID=14462) to work on /home/airflow/.local/lib/python3.12/site-packages/airflow/example_dags/example_trigger_target_dag.py
[2024-08-05T00:11:24.198+0000] {processor.py:830} INFO - Processing file /home/airflow/.local/lib/python3.12/site-packages/airflow/example_dags/example_trigger_target_dag.py for tasks to queue
[2024-08-05T00:11:24.199+0000] {logging_mixin.py:188} INFO - [2024-08-05T00:11:24.199+0000] {dagbag.py:545} INFO - Filling up the DagBag from /home/airflow/.local/lib/python3.12/site-packages/airflow/example_dags/example_trigger_target_dag.py
[2024-08-05T00:11:24.205+0000] {processor.py:840} INFO - DAG(s) 'example_trigger_target_dag' retrieved from /home/airflow/.local/lib/python3.12/site-packages/airflow/example_dags/example_trigger_target_dag.py
[2024-08-05T00:11:24.220+0000] {logging_mixin.py:188} INFO - [2024-08-05T00:11:24.219+0000] {dag.py:3089} INFO - Sync 1 DAGs
[2024-08-05T00:11:24.227+0000] {logging_mixin.py:188} INFO - [2024-08-05T00:11:24.227+0000] {dag.py:3947} INFO - Setting next_dagrun for example_trigger_target_dag to None, run_after=None
[2024-08-05T00:11:24.240+0000] {processor.py:183} INFO - Processing /home/airflow/.local/lib/python3.12/site-packages/airflow/example_dags/example_trigger_target_dag.py took 0.047 seconds
[2024-08-05T00:11:54.769+0000] {processor.py:161} INFO - Started process (PID=14523) to work on /home/airflow/.local/lib/python3.12/site-packages/airflow/example_dags/example_trigger_target_dag.py
[2024-08-05T00:11:54.775+0000] {processor.py:830} INFO - Processing file /home/airflow/.local/lib/python3.12/site-packages/airflow/example_dags/example_trigger_target_dag.py for tasks to queue
[2024-08-05T00:11:54.776+0000] {logging_mixin.py:188} INFO - [2024-08-05T00:11:54.775+0000] {dagbag.py:545} INFO - Filling up the DagBag from /home/airflow/.local/lib/python3.12/site-packages/airflow/example_dags/example_trigger_target_dag.py
[2024-08-05T00:11:54.781+0000] {processor.py:840} INFO - DAG(s) 'example_trigger_target_dag' retrieved from /home/airflow/.local/lib/python3.12/site-packages/airflow/example_dags/example_trigger_target_dag.py
[2024-08-05T00:11:54.808+0000] {logging_mixin.py:188} INFO - [2024-08-05T00:11:54.807+0000] {dag.py:3089} INFO - Sync 1 DAGs
[2024-08-05T00:11:54.833+0000] {logging_mixin.py:188} INFO - [2024-08-05T00:11:54.832+0000] {dag.py:3947} INFO - Setting next_dagrun for example_trigger_target_dag to None, run_after=None
[2024-08-05T00:11:54.869+0000] {processor.py:183} INFO - Processing /home/airflow/.local/lib/python3.12/site-packages/airflow/example_dags/example_trigger_target_dag.py took 0.110 seconds
[2024-08-05T00:12:25.844+0000] {processor.py:161} INFO - Started process (PID=14584) to work on /home/airflow/.local/lib/python3.12/site-packages/airflow/example_dags/example_trigger_target_dag.py
[2024-08-05T00:12:25.848+0000] {processor.py:830} INFO - Processing file /home/airflow/.local/lib/python3.12/site-packages/airflow/example_dags/example_trigger_target_dag.py for tasks to queue
[2024-08-05T00:12:25.850+0000] {logging_mixin.py:188} INFO - [2024-08-05T00:12:25.850+0000] {dagbag.py:545} INFO - Filling up the DagBag from /home/airflow/.local/lib/python3.12/site-packages/airflow/example_dags/example_trigger_target_dag.py
[2024-08-05T00:12:25.858+0000] {processor.py:840} INFO - DAG(s) 'example_trigger_target_dag' retrieved from /home/airflow/.local/lib/python3.12/site-packages/airflow/example_dags/example_trigger_target_dag.py
[2024-08-05T00:12:25.876+0000] {logging_mixin.py:188} INFO - [2024-08-05T00:12:25.876+0000] {dag.py:3089} INFO - Sync 1 DAGs
[2024-08-05T00:12:25.914+0000] {logging_mixin.py:188} INFO - [2024-08-05T00:12:25.913+0000] {dag.py:3947} INFO - Setting next_dagrun for example_trigger_target_dag to None, run_after=None
[2024-08-05T00:12:25.934+0000] {processor.py:183} INFO - Processing /home/airflow/.local/lib/python3.12/site-packages/airflow/example_dags/example_trigger_target_dag.py took 0.102 seconds
[2024-08-05T00:12:56.555+0000] {processor.py:161} INFO - Started process (PID=14645) to work on /home/airflow/.local/lib/python3.12/site-packages/airflow/example_dags/example_trigger_target_dag.py
[2024-08-05T00:12:56.556+0000] {processor.py:830} INFO - Processing file /home/airflow/.local/lib/python3.12/site-packages/airflow/example_dags/example_trigger_target_dag.py for tasks to queue
[2024-08-05T00:12:56.557+0000] {logging_mixin.py:188} INFO - [2024-08-05T00:12:56.557+0000] {dagbag.py:545} INFO - Filling up the DagBag from /home/airflow/.local/lib/python3.12/site-packages/airflow/example_dags/example_trigger_target_dag.py
[2024-08-05T00:12:56.568+0000] {processor.py:840} INFO - DAG(s) 'example_trigger_target_dag' retrieved from /home/airflow/.local/lib/python3.12/site-packages/airflow/example_dags/example_trigger_target_dag.py
[2024-08-05T00:12:56.633+0000] {logging_mixin.py:188} INFO - [2024-08-05T00:12:56.633+0000] {dag.py:3089} INFO - Sync 1 DAGs
[2024-08-05T00:12:56.649+0000] {logging_mixin.py:188} INFO - [2024-08-05T00:12:56.649+0000] {dag.py:3947} INFO - Setting next_dagrun for example_trigger_target_dag to None, run_after=None
[2024-08-05T00:12:56.671+0000] {processor.py:183} INFO - Processing /home/airflow/.local/lib/python3.12/site-packages/airflow/example_dags/example_trigger_target_dag.py took 0.127 seconds
[2024-08-05T00:13:27.215+0000] {processor.py:161} INFO - Started process (PID=14704) to work on /home/airflow/.local/lib/python3.12/site-packages/airflow/example_dags/example_trigger_target_dag.py
[2024-08-05T00:13:27.216+0000] {processor.py:830} INFO - Processing file /home/airflow/.local/lib/python3.12/site-packages/airflow/example_dags/example_trigger_target_dag.py for tasks to queue
[2024-08-05T00:13:27.218+0000] {logging_mixin.py:188} INFO - [2024-08-05T00:13:27.218+0000] {dagbag.py:545} INFO - Filling up the DagBag from /home/airflow/.local/lib/python3.12/site-packages/airflow/example_dags/example_trigger_target_dag.py
[2024-08-05T00:13:27.222+0000] {processor.py:840} INFO - DAG(s) 'example_trigger_target_dag' retrieved from /home/airflow/.local/lib/python3.12/site-packages/airflow/example_dags/example_trigger_target_dag.py
[2024-08-05T00:13:27.236+0000] {logging_mixin.py:188} INFO - [2024-08-05T00:13:27.235+0000] {dag.py:3089} INFO - Sync 1 DAGs
[2024-08-05T00:13:27.243+0000] {logging_mixin.py:188} INFO - [2024-08-05T00:13:27.243+0000] {dag.py:3947} INFO - Setting next_dagrun for example_trigger_target_dag to None, run_after=None
[2024-08-05T00:13:27.254+0000] {processor.py:183} INFO - Processing /home/airflow/.local/lib/python3.12/site-packages/airflow/example_dags/example_trigger_target_dag.py took 0.043 seconds
[2024-08-05T00:13:57.589+0000] {processor.py:161} INFO - Started process (PID=14765) to work on /home/airflow/.local/lib/python3.12/site-packages/airflow/example_dags/example_trigger_target_dag.py
[2024-08-05T00:13:57.590+0000] {processor.py:830} INFO - Processing file /home/airflow/.local/lib/python3.12/site-packages/airflow/example_dags/example_trigger_target_dag.py for tasks to queue
[2024-08-05T00:13:57.591+0000] {logging_mixin.py:188} INFO - [2024-08-05T00:13:57.591+0000] {dagbag.py:545} INFO - Filling up the DagBag from /home/airflow/.local/lib/python3.12/site-packages/airflow/example_dags/example_trigger_target_dag.py
[2024-08-05T00:13:57.597+0000] {processor.py:840} INFO - DAG(s) 'example_trigger_target_dag' retrieved from /home/airflow/.local/lib/python3.12/site-packages/airflow/example_dags/example_trigger_target_dag.py
[2024-08-05T00:13:57.612+0000] {logging_mixin.py:188} INFO - [2024-08-05T00:13:57.612+0000] {dag.py:3089} INFO - Sync 1 DAGs
[2024-08-05T00:13:57.621+0000] {logging_mixin.py:188} INFO - [2024-08-05T00:13:57.621+0000] {dag.py:3947} INFO - Setting next_dagrun for example_trigger_target_dag to None, run_after=None
[2024-08-05T00:13:57.632+0000] {processor.py:183} INFO - Processing /home/airflow/.local/lib/python3.12/site-packages/airflow/example_dags/example_trigger_target_dag.py took 0.049 seconds
[2024-08-05T00:14:27.907+0000] {processor.py:161} INFO - Started process (PID=14825) to work on /home/airflow/.local/lib/python3.12/site-packages/airflow/example_dags/example_trigger_target_dag.py
[2024-08-05T00:14:27.909+0000] {processor.py:830} INFO - Processing file /home/airflow/.local/lib/python3.12/site-packages/airflow/example_dags/example_trigger_target_dag.py for tasks to queue
[2024-08-05T00:14:27.910+0000] {logging_mixin.py:188} INFO - [2024-08-05T00:14:27.909+0000] {dagbag.py:545} INFO - Filling up the DagBag from /home/airflow/.local/lib/python3.12/site-packages/airflow/example_dags/example_trigger_target_dag.py
[2024-08-05T00:14:27.913+0000] {processor.py:840} INFO - DAG(s) 'example_trigger_target_dag' retrieved from /home/airflow/.local/lib/python3.12/site-packages/airflow/example_dags/example_trigger_target_dag.py
[2024-08-05T00:14:27.925+0000] {logging_mixin.py:188} INFO - [2024-08-05T00:14:27.925+0000] {dag.py:3089} INFO - Sync 1 DAGs
[2024-08-05T00:14:27.931+0000] {logging_mixin.py:188} INFO - [2024-08-05T00:14:27.931+0000] {dag.py:3947} INFO - Setting next_dagrun for example_trigger_target_dag to None, run_after=None
[2024-08-05T00:14:27.940+0000] {processor.py:183} INFO - Processing /home/airflow/.local/lib/python3.12/site-packages/airflow/example_dags/example_trigger_target_dag.py took 0.037 seconds
[2024-08-05T00:14:58.345+0000] {processor.py:161} INFO - Started process (PID=14886) to work on /home/airflow/.local/lib/python3.12/site-packages/airflow/example_dags/example_trigger_target_dag.py
[2024-08-05T00:14:58.346+0000] {processor.py:830} INFO - Processing file /home/airflow/.local/lib/python3.12/site-packages/airflow/example_dags/example_trigger_target_dag.py for tasks to queue
[2024-08-05T00:14:58.347+0000] {logging_mixin.py:188} INFO - [2024-08-05T00:14:58.347+0000] {dagbag.py:545} INFO - Filling up the DagBag from /home/airflow/.local/lib/python3.12/site-packages/airflow/example_dags/example_trigger_target_dag.py
[2024-08-05T00:14:58.352+0000] {processor.py:840} INFO - DAG(s) 'example_trigger_target_dag' retrieved from /home/airflow/.local/lib/python3.12/site-packages/airflow/example_dags/example_trigger_target_dag.py
[2024-08-05T00:14:58.367+0000] {logging_mixin.py:188} INFO - [2024-08-05T00:14:58.367+0000] {dag.py:3089} INFO - Sync 1 DAGs
[2024-08-05T00:14:58.375+0000] {logging_mixin.py:188} INFO - [2024-08-05T00:14:58.375+0000] {dag.py:3947} INFO - Setting next_dagrun for example_trigger_target_dag to None, run_after=None
[2024-08-05T00:14:58.385+0000] {processor.py:183} INFO - Processing /home/airflow/.local/lib/python3.12/site-packages/airflow/example_dags/example_trigger_target_dag.py took 0.043 seconds
[2024-08-05T00:15:29.297+0000] {processor.py:161} INFO - Started process (PID=14948) to work on /home/airflow/.local/lib/python3.12/site-packages/airflow/example_dags/example_trigger_target_dag.py
[2024-08-05T00:15:29.298+0000] {processor.py:830} INFO - Processing file /home/airflow/.local/lib/python3.12/site-packages/airflow/example_dags/example_trigger_target_dag.py for tasks to queue
[2024-08-05T00:15:29.299+0000] {logging_mixin.py:188} INFO - [2024-08-05T00:15:29.298+0000] {dagbag.py:545} INFO - Filling up the DagBag from /home/airflow/.local/lib/python3.12/site-packages/airflow/example_dags/example_trigger_target_dag.py
[2024-08-05T00:15:29.307+0000] {processor.py:840} INFO - DAG(s) 'example_trigger_target_dag' retrieved from /home/airflow/.local/lib/python3.12/site-packages/airflow/example_dags/example_trigger_target_dag.py
[2024-08-05T00:15:29.333+0000] {logging_mixin.py:188} INFO - [2024-08-05T00:15:29.333+0000] {dag.py:3089} INFO - Sync 1 DAGs
[2024-08-05T00:15:29.366+0000] {logging_mixin.py:188} INFO - [2024-08-05T00:15:29.366+0000] {dag.py:3947} INFO - Setting next_dagrun for example_trigger_target_dag to None, run_after=None
[2024-08-05T00:15:29.396+0000] {processor.py:183} INFO - Processing /home/airflow/.local/lib/python3.12/site-packages/airflow/example_dags/example_trigger_target_dag.py took 0.105 seconds
[2024-08-05T00:16:01.578+0000] {processor.py:161} INFO - Started process (PID=15014) to work on /home/airflow/.local/lib/python3.12/site-packages/airflow/example_dags/example_trigger_target_dag.py
[2024-08-05T00:16:01.579+0000] {processor.py:830} INFO - Processing file /home/airflow/.local/lib/python3.12/site-packages/airflow/example_dags/example_trigger_target_dag.py for tasks to queue
[2024-08-05T00:16:01.581+0000] {logging_mixin.py:188} INFO - [2024-08-05T00:16:01.580+0000] {dagbag.py:545} INFO - Filling up the DagBag from /home/airflow/.local/lib/python3.12/site-packages/airflow/example_dags/example_trigger_target_dag.py
[2024-08-05T00:16:01.586+0000] {processor.py:840} INFO - DAG(s) 'example_trigger_target_dag' retrieved from /home/airflow/.local/lib/python3.12/site-packages/airflow/example_dags/example_trigger_target_dag.py
[2024-08-05T00:16:01.630+0000] {logging_mixin.py:188} INFO - [2024-08-05T00:16:01.630+0000] {dag.py:3089} INFO - Sync 1 DAGs
[2024-08-05T00:16:01.643+0000] {logging_mixin.py:188} INFO - [2024-08-05T00:16:01.643+0000] {dag.py:3947} INFO - Setting next_dagrun for example_trigger_target_dag to None, run_after=None
[2024-08-05T00:16:01.676+0000] {processor.py:183} INFO - Processing /home/airflow/.local/lib/python3.12/site-packages/airflow/example_dags/example_trigger_target_dag.py took 0.104 seconds
[2024-08-05T00:16:32.522+0000] {processor.py:161} INFO - Started process (PID=15080) to work on /home/airflow/.local/lib/python3.12/site-packages/airflow/example_dags/example_trigger_target_dag.py
[2024-08-05T00:16:32.523+0000] {processor.py:830} INFO - Processing file /home/airflow/.local/lib/python3.12/site-packages/airflow/example_dags/example_trigger_target_dag.py for tasks to queue
[2024-08-05T00:16:32.523+0000] {logging_mixin.py:188} INFO - [2024-08-05T00:16:32.523+0000] {dagbag.py:545} INFO - Filling up the DagBag from /home/airflow/.local/lib/python3.12/site-packages/airflow/example_dags/example_trigger_target_dag.py
[2024-08-05T00:16:32.529+0000] {processor.py:840} INFO - DAG(s) 'example_trigger_target_dag' retrieved from /home/airflow/.local/lib/python3.12/site-packages/airflow/example_dags/example_trigger_target_dag.py
[2024-08-05T00:16:32.556+0000] {logging_mixin.py:188} INFO - [2024-08-05T00:16:32.556+0000] {dag.py:3089} INFO - Sync 1 DAGs
[2024-08-05T00:16:32.566+0000] {logging_mixin.py:188} INFO - [2024-08-05T00:16:32.566+0000] {dag.py:3947} INFO - Setting next_dagrun for example_trigger_target_dag to None, run_after=None
[2024-08-05T00:16:32.580+0000] {processor.py:183} INFO - Processing /home/airflow/.local/lib/python3.12/site-packages/airflow/example_dags/example_trigger_target_dag.py took 0.064 seconds
[2024-08-05T00:17:03.256+0000] {processor.py:161} INFO - Started process (PID=15141) to work on /home/airflow/.local/lib/python3.12/site-packages/airflow/example_dags/example_trigger_target_dag.py
[2024-08-05T00:17:03.259+0000] {processor.py:830} INFO - Processing file /home/airflow/.local/lib/python3.12/site-packages/airflow/example_dags/example_trigger_target_dag.py for tasks to queue
[2024-08-05T00:17:03.261+0000] {logging_mixin.py:188} INFO - [2024-08-05T00:17:03.261+0000] {dagbag.py:545} INFO - Filling up the DagBag from /home/airflow/.local/lib/python3.12/site-packages/airflow/example_dags/example_trigger_target_dag.py
[2024-08-05T00:17:03.268+0000] {processor.py:840} INFO - DAG(s) 'example_trigger_target_dag' retrieved from /home/airflow/.local/lib/python3.12/site-packages/airflow/example_dags/example_trigger_target_dag.py
[2024-08-05T00:17:03.295+0000] {logging_mixin.py:188} INFO - [2024-08-05T00:17:03.295+0000] {dag.py:3089} INFO - Sync 1 DAGs
[2024-08-05T00:17:03.312+0000] {logging_mixin.py:188} INFO - [2024-08-05T00:17:03.312+0000] {dag.py:3947} INFO - Setting next_dagrun for example_trigger_target_dag to None, run_after=None
[2024-08-05T00:17:03.337+0000] {processor.py:183} INFO - Processing /home/airflow/.local/lib/python3.12/site-packages/airflow/example_dags/example_trigger_target_dag.py took 0.085 seconds
[2024-08-05T00:17:33.660+0000] {processor.py:161} INFO - Started process (PID=15212) to work on /home/airflow/.local/lib/python3.12/site-packages/airflow/example_dags/example_trigger_target_dag.py
[2024-08-05T00:17:33.662+0000] {processor.py:830} INFO - Processing file /home/airflow/.local/lib/python3.12/site-packages/airflow/example_dags/example_trigger_target_dag.py for tasks to queue
[2024-08-05T00:17:33.664+0000] {logging_mixin.py:188} INFO - [2024-08-05T00:17:33.663+0000] {dagbag.py:545} INFO - Filling up the DagBag from /home/airflow/.local/lib/python3.12/site-packages/airflow/example_dags/example_trigger_target_dag.py
[2024-08-05T00:17:33.673+0000] {processor.py:840} INFO - DAG(s) 'example_trigger_target_dag' retrieved from /home/airflow/.local/lib/python3.12/site-packages/airflow/example_dags/example_trigger_target_dag.py
[2024-08-05T00:17:33.693+0000] {logging_mixin.py:188} INFO - [2024-08-05T00:17:33.693+0000] {dag.py:3089} INFO - Sync 1 DAGs
[2024-08-05T00:17:33.702+0000] {logging_mixin.py:188} INFO - [2024-08-05T00:17:33.702+0000] {dag.py:3947} INFO - Setting next_dagrun for example_trigger_target_dag to None, run_after=None
[2024-08-05T00:17:33.721+0000] {processor.py:183} INFO - Processing /home/airflow/.local/lib/python3.12/site-packages/airflow/example_dags/example_trigger_target_dag.py took 0.067 seconds
[2024-08-05T00:18:04.157+0000] {processor.py:161} INFO - Started process (PID=15273) to work on /home/airflow/.local/lib/python3.12/site-packages/airflow/example_dags/example_trigger_target_dag.py
[2024-08-05T00:18:04.170+0000] {processor.py:830} INFO - Processing file /home/airflow/.local/lib/python3.12/site-packages/airflow/example_dags/example_trigger_target_dag.py for tasks to queue
[2024-08-05T00:18:04.180+0000] {logging_mixin.py:188} INFO - [2024-08-05T00:18:04.179+0000] {dagbag.py:545} INFO - Filling up the DagBag from /home/airflow/.local/lib/python3.12/site-packages/airflow/example_dags/example_trigger_target_dag.py
[2024-08-05T00:18:04.217+0000] {processor.py:840} INFO - DAG(s) 'example_trigger_target_dag' retrieved from /home/airflow/.local/lib/python3.12/site-packages/airflow/example_dags/example_trigger_target_dag.py
[2024-08-05T00:18:04.363+0000] {logging_mixin.py:188} INFO - [2024-08-05T00:18:04.361+0000] {dag.py:3089} INFO - Sync 1 DAGs
[2024-08-05T00:18:04.420+0000] {logging_mixin.py:188} INFO - [2024-08-05T00:18:04.420+0000] {dag.py:3947} INFO - Setting next_dagrun for example_trigger_target_dag to None, run_after=None
[2024-08-05T00:18:04.464+0000] {processor.py:183} INFO - Processing /home/airflow/.local/lib/python3.12/site-packages/airflow/example_dags/example_trigger_target_dag.py took 0.326 seconds
[2024-08-05T00:18:34.794+0000] {processor.py:161} INFO - Started process (PID=15333) to work on /home/airflow/.local/lib/python3.12/site-packages/airflow/example_dags/example_trigger_target_dag.py
[2024-08-05T00:18:34.795+0000] {processor.py:830} INFO - Processing file /home/airflow/.local/lib/python3.12/site-packages/airflow/example_dags/example_trigger_target_dag.py for tasks to queue
[2024-08-05T00:18:34.798+0000] {logging_mixin.py:188} INFO - [2024-08-05T00:18:34.797+0000] {dagbag.py:545} INFO - Filling up the DagBag from /home/airflow/.local/lib/python3.12/site-packages/airflow/example_dags/example_trigger_target_dag.py
[2024-08-05T00:18:34.806+0000] {processor.py:840} INFO - DAG(s) 'example_trigger_target_dag' retrieved from /home/airflow/.local/lib/python3.12/site-packages/airflow/example_dags/example_trigger_target_dag.py
[2024-08-05T00:18:34.841+0000] {logging_mixin.py:188} INFO - [2024-08-05T00:18:34.840+0000] {dag.py:3089} INFO - Sync 1 DAGs
[2024-08-05T00:18:34.852+0000] {logging_mixin.py:188} INFO - [2024-08-05T00:18:34.852+0000] {dag.py:3947} INFO - Setting next_dagrun for example_trigger_target_dag to None, run_after=None
[2024-08-05T00:18:34.887+0000] {processor.py:183} INFO - Processing /home/airflow/.local/lib/python3.12/site-packages/airflow/example_dags/example_trigger_target_dag.py took 0.099 seconds
[2024-08-05T00:19:05.868+0000] {processor.py:161} INFO - Started process (PID=15394) to work on /home/airflow/.local/lib/python3.12/site-packages/airflow/example_dags/example_trigger_target_dag.py
[2024-08-05T00:19:05.874+0000] {processor.py:830} INFO - Processing file /home/airflow/.local/lib/python3.12/site-packages/airflow/example_dags/example_trigger_target_dag.py for tasks to queue
[2024-08-05T00:19:05.877+0000] {logging_mixin.py:188} INFO - [2024-08-05T00:19:05.877+0000] {dagbag.py:545} INFO - Filling up the DagBag from /home/airflow/.local/lib/python3.12/site-packages/airflow/example_dags/example_trigger_target_dag.py
[2024-08-05T00:19:05.886+0000] {processor.py:840} INFO - DAG(s) 'example_trigger_target_dag' retrieved from /home/airflow/.local/lib/python3.12/site-packages/airflow/example_dags/example_trigger_target_dag.py
[2024-08-05T00:19:05.912+0000] {logging_mixin.py:188} INFO - [2024-08-05T00:19:05.912+0000] {dag.py:3089} INFO - Sync 1 DAGs
[2024-08-05T00:19:05.933+0000] {logging_mixin.py:188} INFO - [2024-08-05T00:19:05.933+0000] {dag.py:3947} INFO - Setting next_dagrun for example_trigger_target_dag to None, run_after=None
[2024-08-05T00:19:05.948+0000] {processor.py:183} INFO - Processing /home/airflow/.local/lib/python3.12/site-packages/airflow/example_dags/example_trigger_target_dag.py took 0.085 seconds
[2024-08-05T00:19:36.798+0000] {processor.py:161} INFO - Started process (PID=15459) to work on /home/airflow/.local/lib/python3.12/site-packages/airflow/example_dags/example_trigger_target_dag.py
[2024-08-05T00:19:36.801+0000] {processor.py:830} INFO - Processing file /home/airflow/.local/lib/python3.12/site-packages/airflow/example_dags/example_trigger_target_dag.py for tasks to queue
[2024-08-05T00:19:36.803+0000] {logging_mixin.py:188} INFO - [2024-08-05T00:19:36.803+0000] {dagbag.py:545} INFO - Filling up the DagBag from /home/airflow/.local/lib/python3.12/site-packages/airflow/example_dags/example_trigger_target_dag.py
[2024-08-05T00:19:36.815+0000] {processor.py:840} INFO - DAG(s) 'example_trigger_target_dag' retrieved from /home/airflow/.local/lib/python3.12/site-packages/airflow/example_dags/example_trigger_target_dag.py
[2024-08-05T00:19:36.865+0000] {logging_mixin.py:188} INFO - [2024-08-05T00:19:36.865+0000] {dag.py:3089} INFO - Sync 1 DAGs
[2024-08-05T00:19:36.875+0000] {logging_mixin.py:188} INFO - [2024-08-05T00:19:36.875+0000] {dag.py:3947} INFO - Setting next_dagrun for example_trigger_target_dag to None, run_after=None
[2024-08-05T00:19:36.887+0000] {processor.py:183} INFO - Processing /home/airflow/.local/lib/python3.12/site-packages/airflow/example_dags/example_trigger_target_dag.py took 0.096 seconds
[2024-08-05T00:20:08.097+0000] {processor.py:161} INFO - Started process (PID=15531) to work on /home/airflow/.local/lib/python3.12/site-packages/airflow/example_dags/example_trigger_target_dag.py
[2024-08-05T00:20:08.100+0000] {processor.py:830} INFO - Processing file /home/airflow/.local/lib/python3.12/site-packages/airflow/example_dags/example_trigger_target_dag.py for tasks to queue
[2024-08-05T00:20:08.106+0000] {logging_mixin.py:188} INFO - [2024-08-05T00:20:08.102+0000] {dagbag.py:545} INFO - Filling up the DagBag from /home/airflow/.local/lib/python3.12/site-packages/airflow/example_dags/example_trigger_target_dag.py
[2024-08-05T00:20:08.119+0000] {processor.py:840} INFO - DAG(s) 'example_trigger_target_dag' retrieved from /home/airflow/.local/lib/python3.12/site-packages/airflow/example_dags/example_trigger_target_dag.py
[2024-08-05T00:20:08.169+0000] {logging_mixin.py:188} INFO - [2024-08-05T00:20:08.169+0000] {dag.py:3089} INFO - Sync 1 DAGs
[2024-08-05T00:20:08.195+0000] {logging_mixin.py:188} INFO - [2024-08-05T00:20:08.194+0000] {dag.py:3947} INFO - Setting next_dagrun for example_trigger_target_dag to None, run_after=None
[2024-08-05T00:20:08.215+0000] {processor.py:183} INFO - Processing /home/airflow/.local/lib/python3.12/site-packages/airflow/example_dags/example_trigger_target_dag.py took 0.134 seconds
[2024-08-05T00:20:40.085+0000] {processor.py:161} INFO - Started process (PID=15605) to work on /home/airflow/.local/lib/python3.12/site-packages/airflow/example_dags/example_trigger_target_dag.py
[2024-08-05T00:20:40.094+0000] {processor.py:830} INFO - Processing file /home/airflow/.local/lib/python3.12/site-packages/airflow/example_dags/example_trigger_target_dag.py for tasks to queue
[2024-08-05T00:20:40.103+0000] {logging_mixin.py:188} INFO - [2024-08-05T00:20:40.100+0000] {dagbag.py:545} INFO - Filling up the DagBag from /home/airflow/.local/lib/python3.12/site-packages/airflow/example_dags/example_trigger_target_dag.py
[2024-08-05T00:20:40.122+0000] {processor.py:840} INFO - DAG(s) 'example_trigger_target_dag' retrieved from /home/airflow/.local/lib/python3.12/site-packages/airflow/example_dags/example_trigger_target_dag.py
[2024-08-05T00:20:40.217+0000] {logging_mixin.py:188} INFO - [2024-08-05T00:20:40.217+0000] {dag.py:3089} INFO - Sync 1 DAGs
[2024-08-05T00:20:40.242+0000] {logging_mixin.py:188} INFO - [2024-08-05T00:20:40.241+0000] {dag.py:3947} INFO - Setting next_dagrun for example_trigger_target_dag to None, run_after=None
[2024-08-05T00:20:40.271+0000] {processor.py:183} INFO - Processing /home/airflow/.local/lib/python3.12/site-packages/airflow/example_dags/example_trigger_target_dag.py took 0.210 seconds
[2024-08-05T00:21:10.779+0000] {processor.py:161} INFO - Started process (PID=15666) to work on /home/airflow/.local/lib/python3.12/site-packages/airflow/example_dags/example_trigger_target_dag.py
[2024-08-05T00:21:10.782+0000] {processor.py:830} INFO - Processing file /home/airflow/.local/lib/python3.12/site-packages/airflow/example_dags/example_trigger_target_dag.py for tasks to queue
[2024-08-05T00:21:10.783+0000] {logging_mixin.py:188} INFO - [2024-08-05T00:21:10.783+0000] {dagbag.py:545} INFO - Filling up the DagBag from /home/airflow/.local/lib/python3.12/site-packages/airflow/example_dags/example_trigger_target_dag.py
[2024-08-05T00:21:10.787+0000] {processor.py:840} INFO - DAG(s) 'example_trigger_target_dag' retrieved from /home/airflow/.local/lib/python3.12/site-packages/airflow/example_dags/example_trigger_target_dag.py
[2024-08-05T00:21:10.806+0000] {logging_mixin.py:188} INFO - [2024-08-05T00:21:10.805+0000] {dag.py:3089} INFO - Sync 1 DAGs
[2024-08-05T00:21:10.812+0000] {logging_mixin.py:188} INFO - [2024-08-05T00:21:10.812+0000] {dag.py:3947} INFO - Setting next_dagrun for example_trigger_target_dag to None, run_after=None
[2024-08-05T00:21:10.822+0000] {processor.py:183} INFO - Processing /home/airflow/.local/lib/python3.12/site-packages/airflow/example_dags/example_trigger_target_dag.py took 0.047 seconds
[2024-08-05T00:21:41.408+0000] {processor.py:161} INFO - Started process (PID=15730) to work on /home/airflow/.local/lib/python3.12/site-packages/airflow/example_dags/example_trigger_target_dag.py
[2024-08-05T00:21:41.408+0000] {processor.py:830} INFO - Processing file /home/airflow/.local/lib/python3.12/site-packages/airflow/example_dags/example_trigger_target_dag.py for tasks to queue
[2024-08-05T00:21:41.410+0000] {logging_mixin.py:188} INFO - [2024-08-05T00:21:41.409+0000] {dagbag.py:545} INFO - Filling up the DagBag from /home/airflow/.local/lib/python3.12/site-packages/airflow/example_dags/example_trigger_target_dag.py
[2024-08-05T00:21:41.414+0000] {processor.py:840} INFO - DAG(s) 'example_trigger_target_dag' retrieved from /home/airflow/.local/lib/python3.12/site-packages/airflow/example_dags/example_trigger_target_dag.py
[2024-08-05T00:21:41.430+0000] {logging_mixin.py:188} INFO - [2024-08-05T00:21:41.430+0000] {dag.py:3089} INFO - Sync 1 DAGs
[2024-08-05T00:21:41.440+0000] {logging_mixin.py:188} INFO - [2024-08-05T00:21:41.440+0000] {dag.py:3947} INFO - Setting next_dagrun for example_trigger_target_dag to None, run_after=None
[2024-08-05T00:21:41.458+0000] {processor.py:183} INFO - Processing /home/airflow/.local/lib/python3.12/site-packages/airflow/example_dags/example_trigger_target_dag.py took 0.054 seconds
[2024-08-05T00:22:11.571+0000] {processor.py:161} INFO - Started process (PID=15790) to work on /home/airflow/.local/lib/python3.12/site-packages/airflow/example_dags/example_trigger_target_dag.py
[2024-08-05T00:22:11.574+0000] {processor.py:830} INFO - Processing file /home/airflow/.local/lib/python3.12/site-packages/airflow/example_dags/example_trigger_target_dag.py for tasks to queue
[2024-08-05T00:22:11.576+0000] {logging_mixin.py:188} INFO - [2024-08-05T00:22:11.576+0000] {dagbag.py:545} INFO - Filling up the DagBag from /home/airflow/.local/lib/python3.12/site-packages/airflow/example_dags/example_trigger_target_dag.py
[2024-08-05T00:22:11.581+0000] {processor.py:840} INFO - DAG(s) 'example_trigger_target_dag' retrieved from /home/airflow/.local/lib/python3.12/site-packages/airflow/example_dags/example_trigger_target_dag.py
[2024-08-05T00:22:11.602+0000] {logging_mixin.py:188} INFO - [2024-08-05T00:22:11.602+0000] {dag.py:3089} INFO - Sync 1 DAGs
[2024-08-05T00:22:11.611+0000] {logging_mixin.py:188} INFO - [2024-08-05T00:22:11.611+0000] {dag.py:3947} INFO - Setting next_dagrun for example_trigger_target_dag to None, run_after=None
[2024-08-05T00:22:11.627+0000] {processor.py:183} INFO - Processing /home/airflow/.local/lib/python3.12/site-packages/airflow/example_dags/example_trigger_target_dag.py took 0.060 seconds
