[2024-08-05T00:00:09.361+0000] {processor.py:161} INFO - Started process (PID=13054) to work on /home/airflow/.local/lib/python3.12/site-packages/airflow/example_dags/example_dynamic_task_mapping.py
[2024-08-05T00:00:09.368+0000] {processor.py:830} INFO - Processing file /home/airflow/.local/lib/python3.12/site-packages/airflow/example_dags/example_dynamic_task_mapping.py for tasks to queue
[2024-08-05T00:00:09.374+0000] {logging_mixin.py:188} INFO - [2024-08-05T00:00:09.373+0000] {dagbag.py:545} INFO - Filling up the DagBag from /home/airflow/.local/lib/python3.12/site-packages/airflow/example_dags/example_dynamic_task_mapping.py
[2024-08-05T00:00:09.390+0000] {processor.py:840} INFO - DAG(s) 'example_dynamic_task_mapping' retrieved from /home/airflow/.local/lib/python3.12/site-packages/airflow/example_dags/example_dynamic_task_mapping.py
[2024-08-05T00:00:09.468+0000] {logging_mixin.py:188} INFO - [2024-08-05T00:00:09.467+0000] {dag.py:3089} INFO - Sync 1 DAGs
[2024-08-05T00:00:09.547+0000] {logging_mixin.py:188} INFO - [2024-08-05T00:00:09.546+0000] {dag.py:3947} INFO - Setting next_dagrun for example_dynamic_task_mapping to 2022-03-04 00:00:00+00:00, run_after=2022-03-05 00:00:00+00:00
[2024-08-05T00:00:09.585+0000] {processor.py:183} INFO - Processing /home/airflow/.local/lib/python3.12/site-packages/airflow/example_dags/example_dynamic_task_mapping.py took 0.243 seconds
[2024-08-05T00:00:39.726+0000] {processor.py:161} INFO - Started process (PID=13130) to work on /home/airflow/.local/lib/python3.12/site-packages/airflow/example_dags/example_dynamic_task_mapping.py
[2024-08-05T00:00:39.734+0000] {processor.py:830} INFO - Processing file /home/airflow/.local/lib/python3.12/site-packages/airflow/example_dags/example_dynamic_task_mapping.py for tasks to queue
[2024-08-05T00:00:39.737+0000] {logging_mixin.py:188} INFO - [2024-08-05T00:00:39.736+0000] {dagbag.py:545} INFO - Filling up the DagBag from /home/airflow/.local/lib/python3.12/site-packages/airflow/example_dags/example_dynamic_task_mapping.py
[2024-08-05T00:00:39.755+0000] {processor.py:840} INFO - DAG(s) 'example_dynamic_task_mapping' retrieved from /home/airflow/.local/lib/python3.12/site-packages/airflow/example_dags/example_dynamic_task_mapping.py
[2024-08-05T00:00:39.833+0000] {logging_mixin.py:188} INFO - [2024-08-05T00:00:39.833+0000] {dag.py:3089} INFO - Sync 1 DAGs
[2024-08-05T00:00:39.881+0000] {logging_mixin.py:188} INFO - [2024-08-05T00:00:39.880+0000] {dag.py:3947} INFO - Setting next_dagrun for example_dynamic_task_mapping to 2022-03-04 00:00:00+00:00, run_after=2022-03-05 00:00:00+00:00
[2024-08-05T00:00:39.924+0000] {processor.py:183} INFO - Processing /home/airflow/.local/lib/python3.12/site-packages/airflow/example_dags/example_dynamic_task_mapping.py took 0.215 seconds
[2024-08-05T00:01:10.124+0000] {processor.py:161} INFO - Started process (PID=13195) to work on /home/airflow/.local/lib/python3.12/site-packages/airflow/example_dags/example_dynamic_task_mapping.py
[2024-08-05T00:01:10.124+0000] {processor.py:830} INFO - Processing file /home/airflow/.local/lib/python3.12/site-packages/airflow/example_dags/example_dynamic_task_mapping.py for tasks to queue
[2024-08-05T00:01:10.125+0000] {logging_mixin.py:188} INFO - [2024-08-05T00:01:10.125+0000] {dagbag.py:545} INFO - Filling up the DagBag from /home/airflow/.local/lib/python3.12/site-packages/airflow/example_dags/example_dynamic_task_mapping.py
[2024-08-05T00:01:10.130+0000] {processor.py:840} INFO - DAG(s) 'example_dynamic_task_mapping' retrieved from /home/airflow/.local/lib/python3.12/site-packages/airflow/example_dags/example_dynamic_task_mapping.py
[2024-08-05T00:01:10.142+0000] {logging_mixin.py:188} INFO - [2024-08-05T00:01:10.142+0000] {dag.py:3089} INFO - Sync 1 DAGs
[2024-08-05T00:01:10.153+0000] {logging_mixin.py:188} INFO - [2024-08-05T00:01:10.153+0000] {dag.py:3947} INFO - Setting next_dagrun for example_dynamic_task_mapping to 2022-03-04 00:00:00+00:00, run_after=2022-03-05 00:00:00+00:00
[2024-08-05T00:01:10.162+0000] {processor.py:183} INFO - Processing /home/airflow/.local/lib/python3.12/site-packages/airflow/example_dags/example_dynamic_task_mapping.py took 0.042 seconds
[2024-08-05T00:01:40.812+0000] {processor.py:161} INFO - Started process (PID=13266) to work on /home/airflow/.local/lib/python3.12/site-packages/airflow/example_dags/example_dynamic_task_mapping.py
[2024-08-05T00:01:40.816+0000] {processor.py:830} INFO - Processing file /home/airflow/.local/lib/python3.12/site-packages/airflow/example_dags/example_dynamic_task_mapping.py for tasks to queue
[2024-08-05T00:01:40.821+0000] {logging_mixin.py:188} INFO - [2024-08-05T00:01:40.821+0000] {dagbag.py:545} INFO - Filling up the DagBag from /home/airflow/.local/lib/python3.12/site-packages/airflow/example_dags/example_dynamic_task_mapping.py
[2024-08-05T00:01:40.843+0000] {processor.py:840} INFO - DAG(s) 'example_dynamic_task_mapping' retrieved from /home/airflow/.local/lib/python3.12/site-packages/airflow/example_dags/example_dynamic_task_mapping.py
[2024-08-05T00:01:40.910+0000] {logging_mixin.py:188} INFO - [2024-08-05T00:01:40.909+0000] {dag.py:3089} INFO - Sync 1 DAGs
[2024-08-05T00:01:41.089+0000] {logging_mixin.py:188} INFO - [2024-08-05T00:01:41.088+0000] {dag.py:3947} INFO - Setting next_dagrun for example_dynamic_task_mapping to 2022-03-04 00:00:00+00:00, run_after=2022-03-05 00:00:00+00:00
[2024-08-05T00:01:41.170+0000] {processor.py:183} INFO - Processing /home/airflow/.local/lib/python3.12/site-packages/airflow/example_dags/example_dynamic_task_mapping.py took 0.363 seconds
[2024-08-05T00:02:11.648+0000] {processor.py:161} INFO - Started process (PID=13327) to work on /home/airflow/.local/lib/python3.12/site-packages/airflow/example_dags/example_dynamic_task_mapping.py
[2024-08-05T00:02:11.649+0000] {processor.py:830} INFO - Processing file /home/airflow/.local/lib/python3.12/site-packages/airflow/example_dags/example_dynamic_task_mapping.py for tasks to queue
[2024-08-05T00:02:11.649+0000] {logging_mixin.py:188} INFO - [2024-08-05T00:02:11.649+0000] {dagbag.py:545} INFO - Filling up the DagBag from /home/airflow/.local/lib/python3.12/site-packages/airflow/example_dags/example_dynamic_task_mapping.py
[2024-08-05T00:02:11.653+0000] {processor.py:840} INFO - DAG(s) 'example_dynamic_task_mapping' retrieved from /home/airflow/.local/lib/python3.12/site-packages/airflow/example_dags/example_dynamic_task_mapping.py
[2024-08-05T00:02:11.665+0000] {logging_mixin.py:188} INFO - [2024-08-05T00:02:11.665+0000] {dag.py:3089} INFO - Sync 1 DAGs
[2024-08-05T00:02:11.675+0000] {logging_mixin.py:188} INFO - [2024-08-05T00:02:11.675+0000] {dag.py:3947} INFO - Setting next_dagrun for example_dynamic_task_mapping to 2022-03-04 00:00:00+00:00, run_after=2022-03-05 00:00:00+00:00
[2024-08-05T00:02:11.683+0000] {processor.py:183} INFO - Processing /home/airflow/.local/lib/python3.12/site-packages/airflow/example_dags/example_dynamic_task_mapping.py took 0.039 seconds
[2024-08-05T00:02:42.070+0000] {processor.py:161} INFO - Started process (PID=13388) to work on /home/airflow/.local/lib/python3.12/site-packages/airflow/example_dags/example_dynamic_task_mapping.py
[2024-08-05T00:02:42.071+0000] {processor.py:830} INFO - Processing file /home/airflow/.local/lib/python3.12/site-packages/airflow/example_dags/example_dynamic_task_mapping.py for tasks to queue
[2024-08-05T00:02:42.072+0000] {logging_mixin.py:188} INFO - [2024-08-05T00:02:42.072+0000] {dagbag.py:545} INFO - Filling up the DagBag from /home/airflow/.local/lib/python3.12/site-packages/airflow/example_dags/example_dynamic_task_mapping.py
[2024-08-05T00:02:42.081+0000] {processor.py:840} INFO - DAG(s) 'example_dynamic_task_mapping' retrieved from /home/airflow/.local/lib/python3.12/site-packages/airflow/example_dags/example_dynamic_task_mapping.py
[2024-08-05T00:02:42.103+0000] {logging_mixin.py:188} INFO - [2024-08-05T00:02:42.103+0000] {dag.py:3089} INFO - Sync 1 DAGs
[2024-08-05T00:02:42.115+0000] {logging_mixin.py:188} INFO - [2024-08-05T00:02:42.115+0000] {dag.py:3947} INFO - Setting next_dagrun for example_dynamic_task_mapping to 2022-03-04 00:00:00+00:00, run_after=2022-03-05 00:00:00+00:00
[2024-08-05T00:02:42.125+0000] {processor.py:183} INFO - Processing /home/airflow/.local/lib/python3.12/site-packages/airflow/example_dags/example_dynamic_task_mapping.py took 0.058 seconds
[2024-08-05T00:03:12.710+0000] {processor.py:161} INFO - Started process (PID=13449) to work on /home/airflow/.local/lib/python3.12/site-packages/airflow/example_dags/example_dynamic_task_mapping.py
[2024-08-05T00:03:12.711+0000] {processor.py:830} INFO - Processing file /home/airflow/.local/lib/python3.12/site-packages/airflow/example_dags/example_dynamic_task_mapping.py for tasks to queue
[2024-08-05T00:03:12.712+0000] {logging_mixin.py:188} INFO - [2024-08-05T00:03:12.711+0000] {dagbag.py:545} INFO - Filling up the DagBag from /home/airflow/.local/lib/python3.12/site-packages/airflow/example_dags/example_dynamic_task_mapping.py
[2024-08-05T00:03:12.717+0000] {processor.py:840} INFO - DAG(s) 'example_dynamic_task_mapping' retrieved from /home/airflow/.local/lib/python3.12/site-packages/airflow/example_dags/example_dynamic_task_mapping.py
[2024-08-05T00:03:12.729+0000] {logging_mixin.py:188} INFO - [2024-08-05T00:03:12.729+0000] {dag.py:3089} INFO - Sync 1 DAGs
[2024-08-05T00:03:12.741+0000] {logging_mixin.py:188} INFO - [2024-08-05T00:03:12.741+0000] {dag.py:3947} INFO - Setting next_dagrun for example_dynamic_task_mapping to 2022-03-04 00:00:00+00:00, run_after=2022-03-05 00:00:00+00:00
[2024-08-05T00:03:12.754+0000] {processor.py:183} INFO - Processing /home/airflow/.local/lib/python3.12/site-packages/airflow/example_dags/example_dynamic_task_mapping.py took 0.047 seconds
[2024-08-05T00:03:42.934+0000] {processor.py:161} INFO - Started process (PID=13510) to work on /home/airflow/.local/lib/python3.12/site-packages/airflow/example_dags/example_dynamic_task_mapping.py
[2024-08-05T00:03:42.936+0000] {processor.py:830} INFO - Processing file /home/airflow/.local/lib/python3.12/site-packages/airflow/example_dags/example_dynamic_task_mapping.py for tasks to queue
[2024-08-05T00:03:42.936+0000] {logging_mixin.py:188} INFO - [2024-08-05T00:03:42.936+0000] {dagbag.py:545} INFO - Filling up the DagBag from /home/airflow/.local/lib/python3.12/site-packages/airflow/example_dags/example_dynamic_task_mapping.py
[2024-08-05T00:03:42.941+0000] {processor.py:840} INFO - DAG(s) 'example_dynamic_task_mapping' retrieved from /home/airflow/.local/lib/python3.12/site-packages/airflow/example_dags/example_dynamic_task_mapping.py
[2024-08-05T00:03:42.958+0000] {logging_mixin.py:188} INFO - [2024-08-05T00:03:42.957+0000] {dag.py:3089} INFO - Sync 1 DAGs
[2024-08-05T00:03:42.977+0000] {logging_mixin.py:188} INFO - [2024-08-05T00:03:42.976+0000] {dag.py:3947} INFO - Setting next_dagrun for example_dynamic_task_mapping to 2022-03-04 00:00:00+00:00, run_after=2022-03-05 00:00:00+00:00
[2024-08-05T00:03:42.994+0000] {processor.py:183} INFO - Processing /home/airflow/.local/lib/python3.12/site-packages/airflow/example_dags/example_dynamic_task_mapping.py took 0.063 seconds
[2024-08-05T00:04:13.426+0000] {processor.py:161} INFO - Started process (PID=13571) to work on /home/airflow/.local/lib/python3.12/site-packages/airflow/example_dags/example_dynamic_task_mapping.py
[2024-08-05T00:04:13.427+0000] {processor.py:830} INFO - Processing file /home/airflow/.local/lib/python3.12/site-packages/airflow/example_dags/example_dynamic_task_mapping.py for tasks to queue
[2024-08-05T00:04:13.428+0000] {logging_mixin.py:188} INFO - [2024-08-05T00:04:13.428+0000] {dagbag.py:545} INFO - Filling up the DagBag from /home/airflow/.local/lib/python3.12/site-packages/airflow/example_dags/example_dynamic_task_mapping.py
[2024-08-05T00:04:13.433+0000] {processor.py:840} INFO - DAG(s) 'example_dynamic_task_mapping' retrieved from /home/airflow/.local/lib/python3.12/site-packages/airflow/example_dags/example_dynamic_task_mapping.py
[2024-08-05T00:04:13.451+0000] {logging_mixin.py:188} INFO - [2024-08-05T00:04:13.451+0000] {dag.py:3089} INFO - Sync 1 DAGs
[2024-08-05T00:04:13.461+0000] {logging_mixin.py:188} INFO - [2024-08-05T00:04:13.461+0000] {dag.py:3947} INFO - Setting next_dagrun for example_dynamic_task_mapping to 2022-03-04 00:00:00+00:00, run_after=2022-03-05 00:00:00+00:00
[2024-08-05T00:04:13.471+0000] {processor.py:183} INFO - Processing /home/airflow/.local/lib/python3.12/site-packages/airflow/example_dags/example_dynamic_task_mapping.py took 0.048 seconds
[2024-08-05T00:04:43.804+0000] {processor.py:161} INFO - Started process (PID=13638) to work on /home/airflow/.local/lib/python3.12/site-packages/airflow/example_dags/example_dynamic_task_mapping.py
[2024-08-05T00:04:43.805+0000] {processor.py:830} INFO - Processing file /home/airflow/.local/lib/python3.12/site-packages/airflow/example_dags/example_dynamic_task_mapping.py for tasks to queue
[2024-08-05T00:04:43.805+0000] {logging_mixin.py:188} INFO - [2024-08-05T00:04:43.805+0000] {dagbag.py:545} INFO - Filling up the DagBag from /home/airflow/.local/lib/python3.12/site-packages/airflow/example_dags/example_dynamic_task_mapping.py
[2024-08-05T00:04:43.810+0000] {processor.py:840} INFO - DAG(s) 'example_dynamic_task_mapping' retrieved from /home/airflow/.local/lib/python3.12/site-packages/airflow/example_dags/example_dynamic_task_mapping.py
[2024-08-05T00:04:43.822+0000] {logging_mixin.py:188} INFO - [2024-08-05T00:04:43.821+0000] {dag.py:3089} INFO - Sync 1 DAGs
[2024-08-05T00:04:43.834+0000] {logging_mixin.py:188} INFO - [2024-08-05T00:04:43.834+0000] {dag.py:3947} INFO - Setting next_dagrun for example_dynamic_task_mapping to 2022-03-04 00:00:00+00:00, run_after=2022-03-05 00:00:00+00:00
[2024-08-05T00:04:43.843+0000] {processor.py:183} INFO - Processing /home/airflow/.local/lib/python3.12/site-packages/airflow/example_dags/example_dynamic_task_mapping.py took 0.043 seconds
[2024-08-05T00:05:13.984+0000] {processor.py:161} INFO - Started process (PID=13699) to work on /home/airflow/.local/lib/python3.12/site-packages/airflow/example_dags/example_dynamic_task_mapping.py
[2024-08-05T00:05:13.987+0000] {processor.py:830} INFO - Processing file /home/airflow/.local/lib/python3.12/site-packages/airflow/example_dags/example_dynamic_task_mapping.py for tasks to queue
[2024-08-05T00:05:13.990+0000] {logging_mixin.py:188} INFO - [2024-08-05T00:05:13.989+0000] {dagbag.py:545} INFO - Filling up the DagBag from /home/airflow/.local/lib/python3.12/site-packages/airflow/example_dags/example_dynamic_task_mapping.py
[2024-08-05T00:05:13.999+0000] {processor.py:840} INFO - DAG(s) 'example_dynamic_task_mapping' retrieved from /home/airflow/.local/lib/python3.12/site-packages/airflow/example_dags/example_dynamic_task_mapping.py
[2024-08-05T00:05:14.021+0000] {logging_mixin.py:188} INFO - [2024-08-05T00:05:14.020+0000] {dag.py:3089} INFO - Sync 1 DAGs
[2024-08-05T00:05:14.040+0000] {logging_mixin.py:188} INFO - [2024-08-05T00:05:14.040+0000] {dag.py:3947} INFO - Setting next_dagrun for example_dynamic_task_mapping to 2022-03-04 00:00:00+00:00, run_after=2022-03-05 00:00:00+00:00
[2024-08-05T00:05:14.056+0000] {processor.py:183} INFO - Processing /home/airflow/.local/lib/python3.12/site-packages/airflow/example_dags/example_dynamic_task_mapping.py took 0.080 seconds
[2024-08-05T00:05:44.587+0000] {processor.py:161} INFO - Started process (PID=13760) to work on /home/airflow/.local/lib/python3.12/site-packages/airflow/example_dags/example_dynamic_task_mapping.py
[2024-08-05T00:05:44.589+0000] {processor.py:830} INFO - Processing file /home/airflow/.local/lib/python3.12/site-packages/airflow/example_dags/example_dynamic_task_mapping.py for tasks to queue
[2024-08-05T00:05:44.593+0000] {logging_mixin.py:188} INFO - [2024-08-05T00:05:44.593+0000] {dagbag.py:545} INFO - Filling up the DagBag from /home/airflow/.local/lib/python3.12/site-packages/airflow/example_dags/example_dynamic_task_mapping.py
[2024-08-05T00:05:44.603+0000] {processor.py:840} INFO - DAG(s) 'example_dynamic_task_mapping' retrieved from /home/airflow/.local/lib/python3.12/site-packages/airflow/example_dags/example_dynamic_task_mapping.py
[2024-08-05T00:05:44.639+0000] {logging_mixin.py:188} INFO - [2024-08-05T00:05:44.639+0000] {dag.py:3089} INFO - Sync 1 DAGs
[2024-08-05T00:05:44.656+0000] {logging_mixin.py:188} INFO - [2024-08-05T00:05:44.656+0000] {dag.py:3947} INFO - Setting next_dagrun for example_dynamic_task_mapping to 2022-03-04 00:00:00+00:00, run_after=2022-03-05 00:00:00+00:00
[2024-08-05T00:05:44.675+0000] {processor.py:183} INFO - Processing /home/airflow/.local/lib/python3.12/site-packages/airflow/example_dags/example_dynamic_task_mapping.py took 0.098 seconds
[2024-08-05T00:06:14.882+0000] {processor.py:161} INFO - Started process (PID=13821) to work on /home/airflow/.local/lib/python3.12/site-packages/airflow/example_dags/example_dynamic_task_mapping.py
[2024-08-05T00:06:14.883+0000] {processor.py:830} INFO - Processing file /home/airflow/.local/lib/python3.12/site-packages/airflow/example_dags/example_dynamic_task_mapping.py for tasks to queue
[2024-08-05T00:06:14.884+0000] {logging_mixin.py:188} INFO - [2024-08-05T00:06:14.883+0000] {dagbag.py:545} INFO - Filling up the DagBag from /home/airflow/.local/lib/python3.12/site-packages/airflow/example_dags/example_dynamic_task_mapping.py
[2024-08-05T00:06:14.889+0000] {processor.py:840} INFO - DAG(s) 'example_dynamic_task_mapping' retrieved from /home/airflow/.local/lib/python3.12/site-packages/airflow/example_dags/example_dynamic_task_mapping.py
[2024-08-05T00:06:14.904+0000] {logging_mixin.py:188} INFO - [2024-08-05T00:06:14.904+0000] {dag.py:3089} INFO - Sync 1 DAGs
[2024-08-05T00:06:14.934+0000] {logging_mixin.py:188} INFO - [2024-08-05T00:06:14.934+0000] {dag.py:3947} INFO - Setting next_dagrun for example_dynamic_task_mapping to 2022-03-04 00:00:00+00:00, run_after=2022-03-05 00:00:00+00:00
[2024-08-05T00:06:14.952+0000] {processor.py:183} INFO - Processing /home/airflow/.local/lib/python3.12/site-packages/airflow/example_dags/example_dynamic_task_mapping.py took 0.074 seconds
[2024-08-05T00:06:47.022+0000] {processor.py:161} INFO - Started process (PID=13882) to work on /home/airflow/.local/lib/python3.12/site-packages/airflow/example_dags/example_dynamic_task_mapping.py
[2024-08-05T00:06:47.031+0000] {processor.py:830} INFO - Processing file /home/airflow/.local/lib/python3.12/site-packages/airflow/example_dags/example_dynamic_task_mapping.py for tasks to queue
[2024-08-05T00:06:47.034+0000] {logging_mixin.py:188} INFO - [2024-08-05T00:06:47.033+0000] {dagbag.py:545} INFO - Filling up the DagBag from /home/airflow/.local/lib/python3.12/site-packages/airflow/example_dags/example_dynamic_task_mapping.py
[2024-08-05T00:06:47.118+0000] {processor.py:840} INFO - DAG(s) 'example_dynamic_task_mapping' retrieved from /home/airflow/.local/lib/python3.12/site-packages/airflow/example_dags/example_dynamic_task_mapping.py
[2024-08-05T00:06:47.366+0000] {logging_mixin.py:188} INFO - [2024-08-05T00:06:47.365+0000] {dag.py:3089} INFO - Sync 1 DAGs
[2024-08-05T00:06:47.449+0000] {logging_mixin.py:188} INFO - [2024-08-05T00:06:47.449+0000] {dag.py:3947} INFO - Setting next_dagrun for example_dynamic_task_mapping to 2022-03-04 00:00:00+00:00, run_after=2022-03-05 00:00:00+00:00
[2024-08-05T00:06:47.487+0000] {processor.py:183} INFO - Processing /home/airflow/.local/lib/python3.12/site-packages/airflow/example_dags/example_dynamic_task_mapping.py took 0.497 seconds
[2024-08-05T00:07:17.713+0000] {processor.py:161} INFO - Started process (PID=13953) to work on /home/airflow/.local/lib/python3.12/site-packages/airflow/example_dags/example_dynamic_task_mapping.py
[2024-08-05T00:07:17.719+0000] {processor.py:830} INFO - Processing file /home/airflow/.local/lib/python3.12/site-packages/airflow/example_dags/example_dynamic_task_mapping.py for tasks to queue
[2024-08-05T00:07:17.722+0000] {logging_mixin.py:188} INFO - [2024-08-05T00:07:17.721+0000] {dagbag.py:545} INFO - Filling up the DagBag from /home/airflow/.local/lib/python3.12/site-packages/airflow/example_dags/example_dynamic_task_mapping.py
[2024-08-05T00:07:17.739+0000] {processor.py:840} INFO - DAG(s) 'example_dynamic_task_mapping' retrieved from /home/airflow/.local/lib/python3.12/site-packages/airflow/example_dags/example_dynamic_task_mapping.py
[2024-08-05T00:07:17.766+0000] {logging_mixin.py:188} INFO - [2024-08-05T00:07:17.766+0000] {dag.py:3089} INFO - Sync 1 DAGs
[2024-08-05T00:07:17.782+0000] {logging_mixin.py:188} INFO - [2024-08-05T00:07:17.782+0000] {dag.py:3947} INFO - Setting next_dagrun for example_dynamic_task_mapping to 2022-03-04 00:00:00+00:00, run_after=2022-03-05 00:00:00+00:00
[2024-08-05T00:07:17.804+0000] {processor.py:183} INFO - Processing /home/airflow/.local/lib/python3.12/site-packages/airflow/example_dags/example_dynamic_task_mapping.py took 0.101 seconds
[2024-08-05T00:07:48.029+0000] {processor.py:161} INFO - Started process (PID=14014) to work on /home/airflow/.local/lib/python3.12/site-packages/airflow/example_dags/example_dynamic_task_mapping.py
[2024-08-05T00:07:48.032+0000] {processor.py:830} INFO - Processing file /home/airflow/.local/lib/python3.12/site-packages/airflow/example_dags/example_dynamic_task_mapping.py for tasks to queue
[2024-08-05T00:07:48.033+0000] {logging_mixin.py:188} INFO - [2024-08-05T00:07:48.033+0000] {dagbag.py:545} INFO - Filling up the DagBag from /home/airflow/.local/lib/python3.12/site-packages/airflow/example_dags/example_dynamic_task_mapping.py
[2024-08-05T00:07:48.055+0000] {processor.py:840} INFO - DAG(s) 'example_dynamic_task_mapping' retrieved from /home/airflow/.local/lib/python3.12/site-packages/airflow/example_dags/example_dynamic_task_mapping.py
[2024-08-05T00:07:48.139+0000] {logging_mixin.py:188} INFO - [2024-08-05T00:07:48.139+0000] {dag.py:3089} INFO - Sync 1 DAGs
[2024-08-05T00:07:48.176+0000] {logging_mixin.py:188} INFO - [2024-08-05T00:07:48.176+0000] {dag.py:3947} INFO - Setting next_dagrun for example_dynamic_task_mapping to 2022-03-04 00:00:00+00:00, run_after=2022-03-05 00:00:00+00:00
[2024-08-05T00:07:48.195+0000] {processor.py:183} INFO - Processing /home/airflow/.local/lib/python3.12/site-packages/airflow/example_dags/example_dynamic_task_mapping.py took 0.172 seconds
[2024-08-05T00:08:18.309+0000] {processor.py:161} INFO - Started process (PID=14075) to work on /home/airflow/.local/lib/python3.12/site-packages/airflow/example_dags/example_dynamic_task_mapping.py
[2024-08-05T00:08:18.316+0000] {processor.py:830} INFO - Processing file /home/airflow/.local/lib/python3.12/site-packages/airflow/example_dags/example_dynamic_task_mapping.py for tasks to queue
[2024-08-05T00:08:18.319+0000] {logging_mixin.py:188} INFO - [2024-08-05T00:08:18.319+0000] {dagbag.py:545} INFO - Filling up the DagBag from /home/airflow/.local/lib/python3.12/site-packages/airflow/example_dags/example_dynamic_task_mapping.py
[2024-08-05T00:08:18.327+0000] {processor.py:840} INFO - DAG(s) 'example_dynamic_task_mapping' retrieved from /home/airflow/.local/lib/python3.12/site-packages/airflow/example_dags/example_dynamic_task_mapping.py
[2024-08-05T00:08:18.355+0000] {logging_mixin.py:188} INFO - [2024-08-05T00:08:18.355+0000] {dag.py:3089} INFO - Sync 1 DAGs
[2024-08-05T00:08:18.374+0000] {logging_mixin.py:188} INFO - [2024-08-05T00:08:18.374+0000] {dag.py:3947} INFO - Setting next_dagrun for example_dynamic_task_mapping to 2022-03-04 00:00:00+00:00, run_after=2022-03-05 00:00:00+00:00
[2024-08-05T00:08:18.398+0000] {processor.py:183} INFO - Processing /home/airflow/.local/lib/python3.12/site-packages/airflow/example_dags/example_dynamic_task_mapping.py took 0.094 seconds
[2024-08-05T00:08:49.313+0000] {processor.py:161} INFO - Started process (PID=14137) to work on /home/airflow/.local/lib/python3.12/site-packages/airflow/example_dags/example_dynamic_task_mapping.py
[2024-08-05T00:08:49.316+0000] {processor.py:830} INFO - Processing file /home/airflow/.local/lib/python3.12/site-packages/airflow/example_dags/example_dynamic_task_mapping.py for tasks to queue
[2024-08-05T00:08:49.318+0000] {logging_mixin.py:188} INFO - [2024-08-05T00:08:49.317+0000] {dagbag.py:545} INFO - Filling up the DagBag from /home/airflow/.local/lib/python3.12/site-packages/airflow/example_dags/example_dynamic_task_mapping.py
[2024-08-05T00:08:49.389+0000] {processor.py:840} INFO - DAG(s) 'example_dynamic_task_mapping' retrieved from /home/airflow/.local/lib/python3.12/site-packages/airflow/example_dags/example_dynamic_task_mapping.py
[2024-08-05T00:08:49.520+0000] {logging_mixin.py:188} INFO - [2024-08-05T00:08:49.519+0000] {dag.py:3089} INFO - Sync 1 DAGs
[2024-08-05T00:08:49.591+0000] {logging_mixin.py:188} INFO - [2024-08-05T00:08:49.591+0000] {dag.py:3947} INFO - Setting next_dagrun for example_dynamic_task_mapping to 2022-03-04 00:00:00+00:00, run_after=2022-03-05 00:00:00+00:00
[2024-08-05T00:08:49.623+0000] {processor.py:183} INFO - Processing /home/airflow/.local/lib/python3.12/site-packages/airflow/example_dags/example_dynamic_task_mapping.py took 0.345 seconds
[2024-08-05T00:09:19.819+0000] {processor.py:161} INFO - Started process (PID=14198) to work on /home/airflow/.local/lib/python3.12/site-packages/airflow/example_dags/example_dynamic_task_mapping.py
[2024-08-05T00:09:19.820+0000] {processor.py:830} INFO - Processing file /home/airflow/.local/lib/python3.12/site-packages/airflow/example_dags/example_dynamic_task_mapping.py for tasks to queue
[2024-08-05T00:09:19.821+0000] {logging_mixin.py:188} INFO - [2024-08-05T00:09:19.821+0000] {dagbag.py:545} INFO - Filling up the DagBag from /home/airflow/.local/lib/python3.12/site-packages/airflow/example_dags/example_dynamic_task_mapping.py
[2024-08-05T00:09:19.829+0000] {processor.py:840} INFO - DAG(s) 'example_dynamic_task_mapping' retrieved from /home/airflow/.local/lib/python3.12/site-packages/airflow/example_dags/example_dynamic_task_mapping.py
[2024-08-05T00:09:19.852+0000] {logging_mixin.py:188} INFO - [2024-08-05T00:09:19.851+0000] {dag.py:3089} INFO - Sync 1 DAGs
[2024-08-05T00:09:19.864+0000] {logging_mixin.py:188} INFO - [2024-08-05T00:09:19.864+0000] {dag.py:3947} INFO - Setting next_dagrun for example_dynamic_task_mapping to 2022-03-04 00:00:00+00:00, run_after=2022-03-05 00:00:00+00:00
[2024-08-05T00:09:19.878+0000] {processor.py:183} INFO - Processing /home/airflow/.local/lib/python3.12/site-packages/airflow/example_dags/example_dynamic_task_mapping.py took 0.063 seconds
[2024-08-05T00:09:50.250+0000] {processor.py:161} INFO - Started process (PID=14259) to work on /home/airflow/.local/lib/python3.12/site-packages/airflow/example_dags/example_dynamic_task_mapping.py
[2024-08-05T00:09:50.252+0000] {processor.py:830} INFO - Processing file /home/airflow/.local/lib/python3.12/site-packages/airflow/example_dags/example_dynamic_task_mapping.py for tasks to queue
[2024-08-05T00:09:50.258+0000] {logging_mixin.py:188} INFO - [2024-08-05T00:09:50.258+0000] {dagbag.py:545} INFO - Filling up the DagBag from /home/airflow/.local/lib/python3.12/site-packages/airflow/example_dags/example_dynamic_task_mapping.py
[2024-08-05T00:09:50.274+0000] {processor.py:840} INFO - DAG(s) 'example_dynamic_task_mapping' retrieved from /home/airflow/.local/lib/python3.12/site-packages/airflow/example_dags/example_dynamic_task_mapping.py
[2024-08-05T00:09:50.340+0000] {logging_mixin.py:188} INFO - [2024-08-05T00:09:50.340+0000] {dag.py:3089} INFO - Sync 1 DAGs
[2024-08-05T00:09:50.360+0000] {logging_mixin.py:188} INFO - [2024-08-05T00:09:50.360+0000] {dag.py:3947} INFO - Setting next_dagrun for example_dynamic_task_mapping to 2022-03-04 00:00:00+00:00, run_after=2022-03-05 00:00:00+00:00
[2024-08-05T00:09:50.376+0000] {processor.py:183} INFO - Processing /home/airflow/.local/lib/python3.12/site-packages/airflow/example_dags/example_dynamic_task_mapping.py took 0.146 seconds
[2024-08-05T00:10:22.135+0000] {processor.py:161} INFO - Started process (PID=14328) to work on /home/airflow/.local/lib/python3.12/site-packages/airflow/example_dags/example_dynamic_task_mapping.py
[2024-08-05T00:10:22.138+0000] {processor.py:830} INFO - Processing file /home/airflow/.local/lib/python3.12/site-packages/airflow/example_dags/example_dynamic_task_mapping.py for tasks to queue
[2024-08-05T00:10:22.139+0000] {logging_mixin.py:188} INFO - [2024-08-05T00:10:22.139+0000] {dagbag.py:545} INFO - Filling up the DagBag from /home/airflow/.local/lib/python3.12/site-packages/airflow/example_dags/example_dynamic_task_mapping.py
[2024-08-05T00:10:22.148+0000] {processor.py:840} INFO - DAG(s) 'example_dynamic_task_mapping' retrieved from /home/airflow/.local/lib/python3.12/site-packages/airflow/example_dags/example_dynamic_task_mapping.py
[2024-08-05T00:10:22.174+0000] {logging_mixin.py:188} INFO - [2024-08-05T00:10:22.174+0000] {dag.py:3089} INFO - Sync 1 DAGs
[2024-08-05T00:10:22.192+0000] {logging_mixin.py:188} INFO - [2024-08-05T00:10:22.191+0000] {dag.py:3947} INFO - Setting next_dagrun for example_dynamic_task_mapping to 2022-03-04 00:00:00+00:00, run_after=2022-03-05 00:00:00+00:00
[2024-08-05T00:10:22.218+0000] {processor.py:183} INFO - Processing /home/airflow/.local/lib/python3.12/site-packages/airflow/example_dags/example_dynamic_task_mapping.py took 0.089 seconds
[2024-08-05T00:10:52.522+0000] {processor.py:161} INFO - Started process (PID=14386) to work on /home/airflow/.local/lib/python3.12/site-packages/airflow/example_dags/example_dynamic_task_mapping.py
[2024-08-05T00:10:52.526+0000] {processor.py:830} INFO - Processing file /home/airflow/.local/lib/python3.12/site-packages/airflow/example_dags/example_dynamic_task_mapping.py for tasks to queue
[2024-08-05T00:10:52.526+0000] {logging_mixin.py:188} INFO - [2024-08-05T00:10:52.526+0000] {dagbag.py:545} INFO - Filling up the DagBag from /home/airflow/.local/lib/python3.12/site-packages/airflow/example_dags/example_dynamic_task_mapping.py
[2024-08-05T00:10:52.531+0000] {processor.py:840} INFO - DAG(s) 'example_dynamic_task_mapping' retrieved from /home/airflow/.local/lib/python3.12/site-packages/airflow/example_dags/example_dynamic_task_mapping.py
[2024-08-05T00:10:52.550+0000] {logging_mixin.py:188} INFO - [2024-08-05T00:10:52.550+0000] {dag.py:3089} INFO - Sync 1 DAGs
[2024-08-05T00:10:52.567+0000] {logging_mixin.py:188} INFO - [2024-08-05T00:10:52.567+0000] {dag.py:3947} INFO - Setting next_dagrun for example_dynamic_task_mapping to 2022-03-04 00:00:00+00:00, run_after=2022-03-05 00:00:00+00:00
[2024-08-05T00:10:52.582+0000] {processor.py:183} INFO - Processing /home/airflow/.local/lib/python3.12/site-packages/airflow/example_dags/example_dynamic_task_mapping.py took 0.064 seconds
[2024-08-05T00:11:23.626+0000] {processor.py:161} INFO - Started process (PID=14457) to work on /home/airflow/.local/lib/python3.12/site-packages/airflow/example_dags/example_dynamic_task_mapping.py
[2024-08-05T00:11:23.646+0000] {processor.py:830} INFO - Processing file /home/airflow/.local/lib/python3.12/site-packages/airflow/example_dags/example_dynamic_task_mapping.py for tasks to queue
[2024-08-05T00:11:23.676+0000] {logging_mixin.py:188} INFO - [2024-08-05T00:11:23.653+0000] {dagbag.py:545} INFO - Filling up the DagBag from /home/airflow/.local/lib/python3.12/site-packages/airflow/example_dags/example_dynamic_task_mapping.py
[2024-08-05T00:11:23.744+0000] {processor.py:840} INFO - DAG(s) 'example_dynamic_task_mapping' retrieved from /home/airflow/.local/lib/python3.12/site-packages/airflow/example_dags/example_dynamic_task_mapping.py
[2024-08-05T00:11:23.865+0000] {logging_mixin.py:188} INFO - [2024-08-05T00:11:23.864+0000] {dag.py:3089} INFO - Sync 1 DAGs
[2024-08-05T00:11:23.890+0000] {logging_mixin.py:188} INFO - [2024-08-05T00:11:23.890+0000] {dag.py:3947} INFO - Setting next_dagrun for example_dynamic_task_mapping to 2022-03-04 00:00:00+00:00, run_after=2022-03-05 00:00:00+00:00
[2024-08-05T00:11:23.934+0000] {processor.py:183} INFO - Processing /home/airflow/.local/lib/python3.12/site-packages/airflow/example_dags/example_dynamic_task_mapping.py took 0.316 seconds
[2024-08-05T00:11:54.369+0000] {processor.py:161} INFO - Started process (PID=14518) to work on /home/airflow/.local/lib/python3.12/site-packages/airflow/example_dags/example_dynamic_task_mapping.py
[2024-08-05T00:11:54.371+0000] {processor.py:830} INFO - Processing file /home/airflow/.local/lib/python3.12/site-packages/airflow/example_dags/example_dynamic_task_mapping.py for tasks to queue
[2024-08-05T00:11:54.371+0000] {logging_mixin.py:188} INFO - [2024-08-05T00:11:54.371+0000] {dagbag.py:545} INFO - Filling up the DagBag from /home/airflow/.local/lib/python3.12/site-packages/airflow/example_dags/example_dynamic_task_mapping.py
[2024-08-05T00:11:54.377+0000] {processor.py:840} INFO - DAG(s) 'example_dynamic_task_mapping' retrieved from /home/airflow/.local/lib/python3.12/site-packages/airflow/example_dags/example_dynamic_task_mapping.py
[2024-08-05T00:11:54.392+0000] {logging_mixin.py:188} INFO - [2024-08-05T00:11:54.392+0000] {dag.py:3089} INFO - Sync 1 DAGs
[2024-08-05T00:11:54.409+0000] {logging_mixin.py:188} INFO - [2024-08-05T00:11:54.409+0000] {dag.py:3947} INFO - Setting next_dagrun for example_dynamic_task_mapping to 2022-03-04 00:00:00+00:00, run_after=2022-03-05 00:00:00+00:00
[2024-08-05T00:11:54.422+0000] {processor.py:183} INFO - Processing /home/airflow/.local/lib/python3.12/site-packages/airflow/example_dags/example_dynamic_task_mapping.py took 0.063 seconds
[2024-08-05T00:12:25.133+0000] {processor.py:161} INFO - Started process (PID=14575) to work on /home/airflow/.local/lib/python3.12/site-packages/airflow/example_dags/example_dynamic_task_mapping.py
[2024-08-05T00:12:25.134+0000] {processor.py:830} INFO - Processing file /home/airflow/.local/lib/python3.12/site-packages/airflow/example_dags/example_dynamic_task_mapping.py for tasks to queue
[2024-08-05T00:12:25.136+0000] {logging_mixin.py:188} INFO - [2024-08-05T00:12:25.135+0000] {dagbag.py:545} INFO - Filling up the DagBag from /home/airflow/.local/lib/python3.12/site-packages/airflow/example_dags/example_dynamic_task_mapping.py
[2024-08-05T00:12:25.150+0000] {processor.py:840} INFO - DAG(s) 'example_dynamic_task_mapping' retrieved from /home/airflow/.local/lib/python3.12/site-packages/airflow/example_dags/example_dynamic_task_mapping.py
[2024-08-05T00:12:25.182+0000] {logging_mixin.py:188} INFO - [2024-08-05T00:12:25.181+0000] {dag.py:3089} INFO - Sync 1 DAGs
[2024-08-05T00:12:25.201+0000] {logging_mixin.py:188} INFO - [2024-08-05T00:12:25.201+0000] {dag.py:3947} INFO - Setting next_dagrun for example_dynamic_task_mapping to 2022-03-04 00:00:00+00:00, run_after=2022-03-05 00:00:00+00:00
[2024-08-05T00:12:25.224+0000] {processor.py:183} INFO - Processing /home/airflow/.local/lib/python3.12/site-packages/airflow/example_dags/example_dynamic_task_mapping.py took 0.099 seconds
[2024-08-05T00:12:55.757+0000] {processor.py:161} INFO - Started process (PID=14635) to work on /home/airflow/.local/lib/python3.12/site-packages/airflow/example_dags/example_dynamic_task_mapping.py
[2024-08-05T00:12:55.763+0000] {processor.py:830} INFO - Processing file /home/airflow/.local/lib/python3.12/site-packages/airflow/example_dags/example_dynamic_task_mapping.py for tasks to queue
[2024-08-05T00:12:55.765+0000] {logging_mixin.py:188} INFO - [2024-08-05T00:12:55.764+0000] {dagbag.py:545} INFO - Filling up the DagBag from /home/airflow/.local/lib/python3.12/site-packages/airflow/example_dags/example_dynamic_task_mapping.py
[2024-08-05T00:12:55.780+0000] {processor.py:840} INFO - DAG(s) 'example_dynamic_task_mapping' retrieved from /home/airflow/.local/lib/python3.12/site-packages/airflow/example_dags/example_dynamic_task_mapping.py
[2024-08-05T00:12:55.812+0000] {logging_mixin.py:188} INFO - [2024-08-05T00:12:55.812+0000] {dag.py:3089} INFO - Sync 1 DAGs
[2024-08-05T00:12:55.826+0000] {logging_mixin.py:188} INFO - [2024-08-05T00:12:55.826+0000] {dag.py:3947} INFO - Setting next_dagrun for example_dynamic_task_mapping to 2022-03-04 00:00:00+00:00, run_after=2022-03-05 00:00:00+00:00
[2024-08-05T00:12:55.839+0000] {processor.py:183} INFO - Processing /home/airflow/.local/lib/python3.12/site-packages/airflow/example_dags/example_dynamic_task_mapping.py took 0.108 seconds
[2024-08-05T00:13:26.828+0000] {processor.py:161} INFO - Started process (PID=14696) to work on /home/airflow/.local/lib/python3.12/site-packages/airflow/example_dags/example_dynamic_task_mapping.py
[2024-08-05T00:13:26.830+0000] {processor.py:830} INFO - Processing file /home/airflow/.local/lib/python3.12/site-packages/airflow/example_dags/example_dynamic_task_mapping.py for tasks to queue
[2024-08-05T00:13:26.831+0000] {logging_mixin.py:188} INFO - [2024-08-05T00:13:26.831+0000] {dagbag.py:545} INFO - Filling up the DagBag from /home/airflow/.local/lib/python3.12/site-packages/airflow/example_dags/example_dynamic_task_mapping.py
[2024-08-05T00:13:26.844+0000] {processor.py:840} INFO - DAG(s) 'example_dynamic_task_mapping' retrieved from /home/airflow/.local/lib/python3.12/site-packages/airflow/example_dags/example_dynamic_task_mapping.py
[2024-08-05T00:13:26.864+0000] {logging_mixin.py:188} INFO - [2024-08-05T00:13:26.864+0000] {dag.py:3089} INFO - Sync 1 DAGs
[2024-08-05T00:13:26.878+0000] {logging_mixin.py:188} INFO - [2024-08-05T00:13:26.877+0000] {dag.py:3947} INFO - Setting next_dagrun for example_dynamic_task_mapping to 2022-03-04 00:00:00+00:00, run_after=2022-03-05 00:00:00+00:00
[2024-08-05T00:13:26.898+0000] {processor.py:183} INFO - Processing /home/airflow/.local/lib/python3.12/site-packages/airflow/example_dags/example_dynamic_task_mapping.py took 0.079 seconds
[2024-08-05T00:13:57.204+0000] {processor.py:161} INFO - Started process (PID=14757) to work on /home/airflow/.local/lib/python3.12/site-packages/airflow/example_dags/example_dynamic_task_mapping.py
[2024-08-05T00:13:57.206+0000] {processor.py:830} INFO - Processing file /home/airflow/.local/lib/python3.12/site-packages/airflow/example_dags/example_dynamic_task_mapping.py for tasks to queue
[2024-08-05T00:13:57.207+0000] {logging_mixin.py:188} INFO - [2024-08-05T00:13:57.207+0000] {dagbag.py:545} INFO - Filling up the DagBag from /home/airflow/.local/lib/python3.12/site-packages/airflow/example_dags/example_dynamic_task_mapping.py
[2024-08-05T00:13:57.218+0000] {processor.py:840} INFO - DAG(s) 'example_dynamic_task_mapping' retrieved from /home/airflow/.local/lib/python3.12/site-packages/airflow/example_dags/example_dynamic_task_mapping.py
[2024-08-05T00:13:57.242+0000] {logging_mixin.py:188} INFO - [2024-08-05T00:13:57.242+0000] {dag.py:3089} INFO - Sync 1 DAGs
[2024-08-05T00:13:57.255+0000] {logging_mixin.py:188} INFO - [2024-08-05T00:13:57.255+0000] {dag.py:3947} INFO - Setting next_dagrun for example_dynamic_task_mapping to 2022-03-04 00:00:00+00:00, run_after=2022-03-05 00:00:00+00:00
[2024-08-05T00:13:57.269+0000] {processor.py:183} INFO - Processing /home/airflow/.local/lib/python3.12/site-packages/airflow/example_dags/example_dynamic_task_mapping.py took 0.075 seconds
[2024-08-05T00:14:27.663+0000] {processor.py:161} INFO - Started process (PID=14818) to work on /home/airflow/.local/lib/python3.12/site-packages/airflow/example_dags/example_dynamic_task_mapping.py
[2024-08-05T00:14:27.669+0000] {processor.py:830} INFO - Processing file /home/airflow/.local/lib/python3.12/site-packages/airflow/example_dags/example_dynamic_task_mapping.py for tasks to queue
[2024-08-05T00:14:27.671+0000] {logging_mixin.py:188} INFO - [2024-08-05T00:14:27.670+0000] {dagbag.py:545} INFO - Filling up the DagBag from /home/airflow/.local/lib/python3.12/site-packages/airflow/example_dags/example_dynamic_task_mapping.py
[2024-08-05T00:14:27.680+0000] {processor.py:840} INFO - DAG(s) 'example_dynamic_task_mapping' retrieved from /home/airflow/.local/lib/python3.12/site-packages/airflow/example_dags/example_dynamic_task_mapping.py
[2024-08-05T00:14:27.696+0000] {logging_mixin.py:188} INFO - [2024-08-05T00:14:27.696+0000] {dag.py:3089} INFO - Sync 1 DAGs
[2024-08-05T00:14:27.710+0000] {logging_mixin.py:188} INFO - [2024-08-05T00:14:27.710+0000] {dag.py:3947} INFO - Setting next_dagrun for example_dynamic_task_mapping to 2022-03-04 00:00:00+00:00, run_after=2022-03-05 00:00:00+00:00
[2024-08-05T00:14:27.723+0000] {processor.py:183} INFO - Processing /home/airflow/.local/lib/python3.12/site-packages/airflow/example_dags/example_dynamic_task_mapping.py took 0.068 seconds
[2024-08-05T00:14:58.085+0000] {processor.py:161} INFO - Started process (PID=14879) to work on /home/airflow/.local/lib/python3.12/site-packages/airflow/example_dags/example_dynamic_task_mapping.py
[2024-08-05T00:14:58.087+0000] {processor.py:830} INFO - Processing file /home/airflow/.local/lib/python3.12/site-packages/airflow/example_dags/example_dynamic_task_mapping.py for tasks to queue
[2024-08-05T00:14:58.089+0000] {logging_mixin.py:188} INFO - [2024-08-05T00:14:58.088+0000] {dagbag.py:545} INFO - Filling up the DagBag from /home/airflow/.local/lib/python3.12/site-packages/airflow/example_dags/example_dynamic_task_mapping.py
[2024-08-05T00:14:58.099+0000] {processor.py:840} INFO - DAG(s) 'example_dynamic_task_mapping' retrieved from /home/airflow/.local/lib/python3.12/site-packages/airflow/example_dags/example_dynamic_task_mapping.py
[2024-08-05T00:14:58.121+0000] {logging_mixin.py:188} INFO - [2024-08-05T00:14:58.121+0000] {dag.py:3089} INFO - Sync 1 DAGs
[2024-08-05T00:14:58.134+0000] {logging_mixin.py:188} INFO - [2024-08-05T00:14:58.134+0000] {dag.py:3947} INFO - Setting next_dagrun for example_dynamic_task_mapping to 2022-03-04 00:00:00+00:00, run_after=2022-03-05 00:00:00+00:00
[2024-08-05T00:14:58.148+0000] {processor.py:183} INFO - Processing /home/airflow/.local/lib/python3.12/site-packages/airflow/example_dags/example_dynamic_task_mapping.py took 0.072 seconds
[2024-08-05T00:15:28.708+0000] {processor.py:161} INFO - Started process (PID=14940) to work on /home/airflow/.local/lib/python3.12/site-packages/airflow/example_dags/example_dynamic_task_mapping.py
[2024-08-05T00:15:28.712+0000] {processor.py:830} INFO - Processing file /home/airflow/.local/lib/python3.12/site-packages/airflow/example_dags/example_dynamic_task_mapping.py for tasks to queue
[2024-08-05T00:15:28.714+0000] {logging_mixin.py:188} INFO - [2024-08-05T00:15:28.713+0000] {dagbag.py:545} INFO - Filling up the DagBag from /home/airflow/.local/lib/python3.12/site-packages/airflow/example_dags/example_dynamic_task_mapping.py
[2024-08-05T00:15:28.726+0000] {processor.py:840} INFO - DAG(s) 'example_dynamic_task_mapping' retrieved from /home/airflow/.local/lib/python3.12/site-packages/airflow/example_dags/example_dynamic_task_mapping.py
[2024-08-05T00:15:28.748+0000] {logging_mixin.py:188} INFO - [2024-08-05T00:15:28.748+0000] {dag.py:3089} INFO - Sync 1 DAGs
[2024-08-05T00:15:28.761+0000] {logging_mixin.py:188} INFO - [2024-08-05T00:15:28.761+0000] {dag.py:3947} INFO - Setting next_dagrun for example_dynamic_task_mapping to 2022-03-04 00:00:00+00:00, run_after=2022-03-05 00:00:00+00:00
[2024-08-05T00:15:28.777+0000] {processor.py:183} INFO - Processing /home/airflow/.local/lib/python3.12/site-packages/airflow/example_dags/example_dynamic_task_mapping.py took 0.079 seconds
[2024-08-05T00:15:59.395+0000] {processor.py:161} INFO - Started process (PID=15006) to work on /home/airflow/.local/lib/python3.12/site-packages/airflow/example_dags/example_dynamic_task_mapping.py
[2024-08-05T00:15:59.402+0000] {processor.py:830} INFO - Processing file /home/airflow/.local/lib/python3.12/site-packages/airflow/example_dags/example_dynamic_task_mapping.py for tasks to queue
[2024-08-05T00:15:59.405+0000] {logging_mixin.py:188} INFO - [2024-08-05T00:15:59.404+0000] {dagbag.py:545} INFO - Filling up the DagBag from /home/airflow/.local/lib/python3.12/site-packages/airflow/example_dags/example_dynamic_task_mapping.py
[2024-08-05T00:15:59.434+0000] {processor.py:840} INFO - DAG(s) 'example_dynamic_task_mapping' retrieved from /home/airflow/.local/lib/python3.12/site-packages/airflow/example_dags/example_dynamic_task_mapping.py
[2024-08-05T00:15:59.529+0000] {logging_mixin.py:188} INFO - [2024-08-05T00:15:59.529+0000] {dag.py:3089} INFO - Sync 1 DAGs
[2024-08-05T00:15:59.578+0000] {logging_mixin.py:188} INFO - [2024-08-05T00:15:59.577+0000] {dag.py:3947} INFO - Setting next_dagrun for example_dynamic_task_mapping to 2022-03-04 00:00:00+00:00, run_after=2022-03-05 00:00:00+00:00
[2024-08-05T00:15:59.628+0000] {processor.py:183} INFO - Processing /home/airflow/.local/lib/python3.12/site-packages/airflow/example_dags/example_dynamic_task_mapping.py took 0.275 seconds
[2024-08-05T00:16:29.984+0000] {processor.py:161} INFO - Started process (PID=15072) to work on /home/airflow/.local/lib/python3.12/site-packages/airflow/example_dags/example_dynamic_task_mapping.py
[2024-08-05T00:16:29.986+0000] {processor.py:830} INFO - Processing file /home/airflow/.local/lib/python3.12/site-packages/airflow/example_dags/example_dynamic_task_mapping.py for tasks to queue
[2024-08-05T00:16:29.987+0000] {logging_mixin.py:188} INFO - [2024-08-05T00:16:29.987+0000] {dagbag.py:545} INFO - Filling up the DagBag from /home/airflow/.local/lib/python3.12/site-packages/airflow/example_dags/example_dynamic_task_mapping.py
[2024-08-05T00:16:29.997+0000] {processor.py:840} INFO - DAG(s) 'example_dynamic_task_mapping' retrieved from /home/airflow/.local/lib/python3.12/site-packages/airflow/example_dags/example_dynamic_task_mapping.py
[2024-08-05T00:16:30.035+0000] {logging_mixin.py:188} INFO - [2024-08-05T00:16:30.035+0000] {dag.py:3089} INFO - Sync 1 DAGs
[2024-08-05T00:16:30.056+0000] {logging_mixin.py:188} INFO - [2024-08-05T00:16:30.055+0000] {dag.py:3947} INFO - Setting next_dagrun for example_dynamic_task_mapping to 2022-03-04 00:00:00+00:00, run_after=2022-03-05 00:00:00+00:00
[2024-08-05T00:16:30.073+0000] {processor.py:183} INFO - Processing /home/airflow/.local/lib/python3.12/site-packages/airflow/example_dags/example_dynamic_task_mapping.py took 0.098 seconds
[2024-08-05T00:17:00.646+0000] {processor.py:161} INFO - Started process (PID=15133) to work on /home/airflow/.local/lib/python3.12/site-packages/airflow/example_dags/example_dynamic_task_mapping.py
[2024-08-05T00:17:00.648+0000] {processor.py:830} INFO - Processing file /home/airflow/.local/lib/python3.12/site-packages/airflow/example_dags/example_dynamic_task_mapping.py for tasks to queue
[2024-08-05T00:17:00.649+0000] {logging_mixin.py:188} INFO - [2024-08-05T00:17:00.649+0000] {dagbag.py:545} INFO - Filling up the DagBag from /home/airflow/.local/lib/python3.12/site-packages/airflow/example_dags/example_dynamic_task_mapping.py
[2024-08-05T00:17:00.660+0000] {processor.py:840} INFO - DAG(s) 'example_dynamic_task_mapping' retrieved from /home/airflow/.local/lib/python3.12/site-packages/airflow/example_dags/example_dynamic_task_mapping.py
[2024-08-05T00:17:00.687+0000] {logging_mixin.py:188} INFO - [2024-08-05T00:17:00.686+0000] {dag.py:3089} INFO - Sync 1 DAGs
[2024-08-05T00:17:00.719+0000] {logging_mixin.py:188} INFO - [2024-08-05T00:17:00.719+0000] {dag.py:3947} INFO - Setting next_dagrun for example_dynamic_task_mapping to 2022-03-04 00:00:00+00:00, run_after=2022-03-05 00:00:00+00:00
[2024-08-05T00:17:00.738+0000] {processor.py:183} INFO - Processing /home/airflow/.local/lib/python3.12/site-packages/airflow/example_dags/example_dynamic_task_mapping.py took 0.101 seconds
[2024-08-05T00:17:31.456+0000] {processor.py:161} INFO - Started process (PID=15204) to work on /home/airflow/.local/lib/python3.12/site-packages/airflow/example_dags/example_dynamic_task_mapping.py
[2024-08-05T00:17:31.459+0000] {processor.py:830} INFO - Processing file /home/airflow/.local/lib/python3.12/site-packages/airflow/example_dags/example_dynamic_task_mapping.py for tasks to queue
[2024-08-05T00:17:31.471+0000] {logging_mixin.py:188} INFO - [2024-08-05T00:17:31.464+0000] {dagbag.py:545} INFO - Filling up the DagBag from /home/airflow/.local/lib/python3.12/site-packages/airflow/example_dags/example_dynamic_task_mapping.py
[2024-08-05T00:17:31.541+0000] {processor.py:840} INFO - DAG(s) 'example_dynamic_task_mapping' retrieved from /home/airflow/.local/lib/python3.12/site-packages/airflow/example_dags/example_dynamic_task_mapping.py
[2024-08-05T00:17:31.971+0000] {logging_mixin.py:188} INFO - [2024-08-05T00:17:31.971+0000] {dag.py:3089} INFO - Sync 1 DAGs
[2024-08-05T00:17:32.016+0000] {logging_mixin.py:188} INFO - [2024-08-05T00:17:32.015+0000] {dag.py:3947} INFO - Setting next_dagrun for example_dynamic_task_mapping to 2022-03-04 00:00:00+00:00, run_after=2022-03-05 00:00:00+00:00
[2024-08-05T00:17:32.041+0000] {processor.py:183} INFO - Processing /home/airflow/.local/lib/python3.12/site-packages/airflow/example_dags/example_dynamic_task_mapping.py took 0.377 seconds
[2024-08-05T00:18:02.498+0000] {processor.py:161} INFO - Started process (PID=15265) to work on /home/airflow/.local/lib/python3.12/site-packages/airflow/example_dags/example_dynamic_task_mapping.py
[2024-08-05T00:18:02.500+0000] {processor.py:830} INFO - Processing file /home/airflow/.local/lib/python3.12/site-packages/airflow/example_dags/example_dynamic_task_mapping.py for tasks to queue
[2024-08-05T00:18:02.501+0000] {logging_mixin.py:188} INFO - [2024-08-05T00:18:02.501+0000] {dagbag.py:545} INFO - Filling up the DagBag from /home/airflow/.local/lib/python3.12/site-packages/airflow/example_dags/example_dynamic_task_mapping.py
[2024-08-05T00:18:02.522+0000] {processor.py:840} INFO - DAG(s) 'example_dynamic_task_mapping' retrieved from /home/airflow/.local/lib/python3.12/site-packages/airflow/example_dags/example_dynamic_task_mapping.py
[2024-08-05T00:18:02.567+0000] {logging_mixin.py:188} INFO - [2024-08-05T00:18:02.566+0000] {dag.py:3089} INFO - Sync 1 DAGs
[2024-08-05T00:18:02.581+0000] {logging_mixin.py:188} INFO - [2024-08-05T00:18:02.581+0000] {dag.py:3947} INFO - Setting next_dagrun for example_dynamic_task_mapping to 2022-03-04 00:00:00+00:00, run_after=2022-03-05 00:00:00+00:00
[2024-08-05T00:18:02.594+0000] {processor.py:183} INFO - Processing /home/airflow/.local/lib/python3.12/site-packages/airflow/example_dags/example_dynamic_task_mapping.py took 0.104 seconds
[2024-08-05T00:18:33.357+0000] {processor.py:161} INFO - Started process (PID=15326) to work on /home/airflow/.local/lib/python3.12/site-packages/airflow/example_dags/example_dynamic_task_mapping.py
[2024-08-05T00:18:33.359+0000] {processor.py:830} INFO - Processing file /home/airflow/.local/lib/python3.12/site-packages/airflow/example_dags/example_dynamic_task_mapping.py for tasks to queue
[2024-08-05T00:18:33.359+0000] {logging_mixin.py:188} INFO - [2024-08-05T00:18:33.359+0000] {dagbag.py:545} INFO - Filling up the DagBag from /home/airflow/.local/lib/python3.12/site-packages/airflow/example_dags/example_dynamic_task_mapping.py
[2024-08-05T00:18:33.368+0000] {processor.py:840} INFO - DAG(s) 'example_dynamic_task_mapping' retrieved from /home/airflow/.local/lib/python3.12/site-packages/airflow/example_dags/example_dynamic_task_mapping.py
[2024-08-05T00:18:33.391+0000] {logging_mixin.py:188} INFO - [2024-08-05T00:18:33.391+0000] {dag.py:3089} INFO - Sync 1 DAGs
[2024-08-05T00:18:33.428+0000] {logging_mixin.py:188} INFO - [2024-08-05T00:18:33.428+0000] {dag.py:3947} INFO - Setting next_dagrun for example_dynamic_task_mapping to 2022-03-04 00:00:00+00:00, run_after=2022-03-05 00:00:00+00:00
[2024-08-05T00:18:33.451+0000] {processor.py:183} INFO - Processing /home/airflow/.local/lib/python3.12/site-packages/airflow/example_dags/example_dynamic_task_mapping.py took 0.101 seconds
[2024-08-05T00:19:03.836+0000] {processor.py:161} INFO - Started process (PID=15387) to work on /home/airflow/.local/lib/python3.12/site-packages/airflow/example_dags/example_dynamic_task_mapping.py
[2024-08-05T00:19:03.839+0000] {processor.py:830} INFO - Processing file /home/airflow/.local/lib/python3.12/site-packages/airflow/example_dags/example_dynamic_task_mapping.py for tasks to queue
[2024-08-05T00:19:03.840+0000] {logging_mixin.py:188} INFO - [2024-08-05T00:19:03.840+0000] {dagbag.py:545} INFO - Filling up the DagBag from /home/airflow/.local/lib/python3.12/site-packages/airflow/example_dags/example_dynamic_task_mapping.py
[2024-08-05T00:19:03.871+0000] {processor.py:840} INFO - DAG(s) 'example_dynamic_task_mapping' retrieved from /home/airflow/.local/lib/python3.12/site-packages/airflow/example_dags/example_dynamic_task_mapping.py
[2024-08-05T00:19:03.961+0000] {logging_mixin.py:188} INFO - [2024-08-05T00:19:03.961+0000] {dag.py:3089} INFO - Sync 1 DAGs
[2024-08-05T00:19:04.055+0000] {logging_mixin.py:188} INFO - [2024-08-05T00:19:04.054+0000] {dag.py:3947} INFO - Setting next_dagrun for example_dynamic_task_mapping to 2022-03-04 00:00:00+00:00, run_after=2022-03-05 00:00:00+00:00
[2024-08-05T00:19:04.090+0000] {processor.py:183} INFO - Processing /home/airflow/.local/lib/python3.12/site-packages/airflow/example_dags/example_dynamic_task_mapping.py took 0.270 seconds
[2024-08-05T00:19:34.927+0000] {processor.py:161} INFO - Started process (PID=15452) to work on /home/airflow/.local/lib/python3.12/site-packages/airflow/example_dags/example_dynamic_task_mapping.py
[2024-08-05T00:19:34.936+0000] {processor.py:830} INFO - Processing file /home/airflow/.local/lib/python3.12/site-packages/airflow/example_dags/example_dynamic_task_mapping.py for tasks to queue
[2024-08-05T00:19:34.942+0000] {logging_mixin.py:188} INFO - [2024-08-05T00:19:34.940+0000] {dagbag.py:545} INFO - Filling up the DagBag from /home/airflow/.local/lib/python3.12/site-packages/airflow/example_dags/example_dynamic_task_mapping.py
[2024-08-05T00:19:34.954+0000] {processor.py:840} INFO - DAG(s) 'example_dynamic_task_mapping' retrieved from /home/airflow/.local/lib/python3.12/site-packages/airflow/example_dags/example_dynamic_task_mapping.py
[2024-08-05T00:19:35.011+0000] {logging_mixin.py:188} INFO - [2024-08-05T00:19:35.010+0000] {dag.py:3089} INFO - Sync 1 DAGs
[2024-08-05T00:19:35.056+0000] {logging_mixin.py:188} INFO - [2024-08-05T00:19:35.056+0000] {dag.py:3947} INFO - Setting next_dagrun for example_dynamic_task_mapping to 2022-03-04 00:00:00+00:00, run_after=2022-03-05 00:00:00+00:00
[2024-08-05T00:19:35.083+0000] {processor.py:183} INFO - Processing /home/airflow/.local/lib/python3.12/site-packages/airflow/example_dags/example_dynamic_task_mapping.py took 0.171 seconds
[2024-08-05T00:20:05.288+0000] {processor.py:161} INFO - Started process (PID=15524) to work on /home/airflow/.local/lib/python3.12/site-packages/airflow/example_dags/example_dynamic_task_mapping.py
[2024-08-05T00:20:05.300+0000] {processor.py:830} INFO - Processing file /home/airflow/.local/lib/python3.12/site-packages/airflow/example_dags/example_dynamic_task_mapping.py for tasks to queue
[2024-08-05T00:20:05.315+0000] {logging_mixin.py:188} INFO - [2024-08-05T00:20:05.314+0000] {dagbag.py:545} INFO - Filling up the DagBag from /home/airflow/.local/lib/python3.12/site-packages/airflow/example_dags/example_dynamic_task_mapping.py
[2024-08-05T00:20:05.377+0000] {processor.py:840} INFO - DAG(s) 'example_dynamic_task_mapping' retrieved from /home/airflow/.local/lib/python3.12/site-packages/airflow/example_dags/example_dynamic_task_mapping.py
[2024-08-05T00:20:05.544+0000] {logging_mixin.py:188} INFO - [2024-08-05T00:20:05.541+0000] {dag.py:3089} INFO - Sync 1 DAGs
[2024-08-05T00:20:05.733+0000] {logging_mixin.py:188} INFO - [2024-08-05T00:20:05.731+0000] {dag.py:3947} INFO - Setting next_dagrun for example_dynamic_task_mapping to 2022-03-04 00:00:00+00:00, run_after=2022-03-05 00:00:00+00:00
[2024-08-05T00:20:05.824+0000] {processor.py:183} INFO - Processing /home/airflow/.local/lib/python3.12/site-packages/airflow/example_dags/example_dynamic_task_mapping.py took 0.561 seconds
[2024-08-05T00:20:37.916+0000] {processor.py:161} INFO - Started process (PID=15595) to work on /home/airflow/.local/lib/python3.12/site-packages/airflow/example_dags/example_dynamic_task_mapping.py
[2024-08-05T00:20:37.923+0000] {processor.py:830} INFO - Processing file /home/airflow/.local/lib/python3.12/site-packages/airflow/example_dags/example_dynamic_task_mapping.py for tasks to queue
[2024-08-05T00:20:37.950+0000] {logging_mixin.py:188} INFO - [2024-08-05T00:20:37.946+0000] {dagbag.py:545} INFO - Filling up the DagBag from /home/airflow/.local/lib/python3.12/site-packages/airflow/example_dags/example_dynamic_task_mapping.py
[2024-08-05T00:20:38.064+0000] {processor.py:840} INFO - DAG(s) 'example_dynamic_task_mapping' retrieved from /home/airflow/.local/lib/python3.12/site-packages/airflow/example_dags/example_dynamic_task_mapping.py
[2024-08-05T00:20:38.275+0000] {logging_mixin.py:188} INFO - [2024-08-05T00:20:38.273+0000] {dag.py:3089} INFO - Sync 1 DAGs
[2024-08-05T00:20:38.428+0000] {logging_mixin.py:188} INFO - [2024-08-05T00:20:38.428+0000] {dag.py:3947} INFO - Setting next_dagrun for example_dynamic_task_mapping to 2022-03-04 00:00:00+00:00, run_after=2022-03-05 00:00:00+00:00
[2024-08-05T00:20:38.587+0000] {processor.py:183} INFO - Processing /home/airflow/.local/lib/python3.12/site-packages/airflow/example_dags/example_dynamic_task_mapping.py took 0.736 seconds
[2024-08-05T00:21:09.108+0000] {processor.py:161} INFO - Started process (PID=15656) to work on /home/airflow/.local/lib/python3.12/site-packages/airflow/example_dags/example_dynamic_task_mapping.py
[2024-08-05T00:21:09.111+0000] {processor.py:830} INFO - Processing file /home/airflow/.local/lib/python3.12/site-packages/airflow/example_dags/example_dynamic_task_mapping.py for tasks to queue
[2024-08-05T00:21:09.113+0000] {logging_mixin.py:188} INFO - [2024-08-05T00:21:09.112+0000] {dagbag.py:545} INFO - Filling up the DagBag from /home/airflow/.local/lib/python3.12/site-packages/airflow/example_dags/example_dynamic_task_mapping.py
[2024-08-05T00:21:09.169+0000] {processor.py:840} INFO - DAG(s) 'example_dynamic_task_mapping' retrieved from /home/airflow/.local/lib/python3.12/site-packages/airflow/example_dags/example_dynamic_task_mapping.py
[2024-08-05T00:21:09.232+0000] {logging_mixin.py:188} INFO - [2024-08-05T00:21:09.232+0000] {dag.py:3089} INFO - Sync 1 DAGs
[2024-08-05T00:21:09.279+0000] {logging_mixin.py:188} INFO - [2024-08-05T00:21:09.278+0000] {dag.py:3947} INFO - Setting next_dagrun for example_dynamic_task_mapping to 2022-03-04 00:00:00+00:00, run_after=2022-03-05 00:00:00+00:00
[2024-08-05T00:21:09.302+0000] {processor.py:183} INFO - Processing /home/airflow/.local/lib/python3.12/site-packages/airflow/example_dags/example_dynamic_task_mapping.py took 0.215 seconds
[2024-08-05T00:21:39.355+0000] {processor.py:161} INFO - Started process (PID=15715) to work on /home/airflow/.local/lib/python3.12/site-packages/airflow/example_dags/example_dynamic_task_mapping.py
[2024-08-05T00:21:39.356+0000] {processor.py:830} INFO - Processing file /home/airflow/.local/lib/python3.12/site-packages/airflow/example_dags/example_dynamic_task_mapping.py for tasks to queue
[2024-08-05T00:21:39.358+0000] {logging_mixin.py:188} INFO - [2024-08-05T00:21:39.357+0000] {dagbag.py:545} INFO - Filling up the DagBag from /home/airflow/.local/lib/python3.12/site-packages/airflow/example_dags/example_dynamic_task_mapping.py
[2024-08-05T00:21:39.367+0000] {processor.py:840} INFO - DAG(s) 'example_dynamic_task_mapping' retrieved from /home/airflow/.local/lib/python3.12/site-packages/airflow/example_dags/example_dynamic_task_mapping.py
[2024-08-05T00:21:39.431+0000] {logging_mixin.py:188} INFO - [2024-08-05T00:21:39.430+0000] {dag.py:3089} INFO - Sync 1 DAGs
[2024-08-05T00:21:39.469+0000] {logging_mixin.py:188} INFO - [2024-08-05T00:21:39.468+0000] {dag.py:3947} INFO - Setting next_dagrun for example_dynamic_task_mapping to 2022-03-04 00:00:00+00:00, run_after=2022-03-05 00:00:00+00:00
[2024-08-05T00:21:39.493+0000] {processor.py:183} INFO - Processing /home/airflow/.local/lib/python3.12/site-packages/airflow/example_dags/example_dynamic_task_mapping.py took 0.146 seconds
