[2024-08-05T00:00:05.888+0000] {processor.py:161} INFO - Started process (PID=13040) to work on /home/airflow/.local/lib/python3.12/site-packages/airflow/example_dags/example_branch_labels.py
[2024-08-05T00:00:05.893+0000] {processor.py:830} INFO - Processing file /home/airflow/.local/lib/python3.12/site-packages/airflow/example_dags/example_branch_labels.py for tasks to queue
[2024-08-05T00:00:05.895+0000] {logging_mixin.py:188} INFO - [2024-08-05T00:00:05.894+0000] {dagbag.py:545} INFO - Filling up the DagBag from /home/airflow/.local/lib/python3.12/site-packages/airflow/example_dags/example_branch_labels.py
[2024-08-05T00:00:05.909+0000] {processor.py:840} INFO - DAG(s) 'example_branch_labels' retrieved from /home/airflow/.local/lib/python3.12/site-packages/airflow/example_dags/example_branch_labels.py
[2024-08-05T00:00:05.958+0000] {logging_mixin.py:188} INFO - [2024-08-05T00:00:05.957+0000] {dag.py:3089} INFO - Sync 1 DAGs
[2024-08-05T00:00:06.006+0000] {logging_mixin.py:188} INFO - [2024-08-05T00:00:06.006+0000] {dag.py:3947} INFO - Setting next_dagrun for example_branch_labels to 2024-08-04 00:00:00+00:00, run_after=2024-08-05 00:00:00+00:00
[2024-08-05T00:00:06.031+0000] {processor.py:183} INFO - Processing /home/airflow/.local/lib/python3.12/site-packages/airflow/example_dags/example_branch_labels.py took 0.153 seconds
[2024-08-05T00:00:37.228+0000] {processor.py:161} INFO - Started process (PID=13111) to work on /home/airflow/.local/lib/python3.12/site-packages/airflow/example_dags/example_branch_labels.py
[2024-08-05T00:00:37.241+0000] {processor.py:830} INFO - Processing file /home/airflow/.local/lib/python3.12/site-packages/airflow/example_dags/example_branch_labels.py for tasks to queue
[2024-08-05T00:00:37.247+0000] {logging_mixin.py:188} INFO - [2024-08-05T00:00:37.246+0000] {dagbag.py:545} INFO - Filling up the DagBag from /home/airflow/.local/lib/python3.12/site-packages/airflow/example_dags/example_branch_labels.py
[2024-08-05T00:00:37.296+0000] {processor.py:840} INFO - DAG(s) 'example_branch_labels' retrieved from /home/airflow/.local/lib/python3.12/site-packages/airflow/example_dags/example_branch_labels.py
[2024-08-05T00:00:37.413+0000] {logging_mixin.py:188} INFO - [2024-08-05T00:00:37.410+0000] {dag.py:3089} INFO - Sync 1 DAGs
[2024-08-05T00:00:37.492+0000] {logging_mixin.py:188} INFO - [2024-08-05T00:00:37.491+0000] {dag.py:3947} INFO - Setting next_dagrun for example_branch_labels to 2024-08-04 00:00:00+00:00, run_after=2024-08-05 00:00:00+00:00
[2024-08-05T00:00:37.543+0000] {processor.py:183} INFO - Processing /home/airflow/.local/lib/python3.12/site-packages/airflow/example_dags/example_branch_labels.py took 0.410 seconds
[2024-08-05T00:01:08.448+0000] {processor.py:161} INFO - Started process (PID=13181) to work on /home/airflow/.local/lib/python3.12/site-packages/airflow/example_dags/example_branch_labels.py
[2024-08-05T00:01:08.451+0000] {processor.py:830} INFO - Processing file /home/airflow/.local/lib/python3.12/site-packages/airflow/example_dags/example_branch_labels.py for tasks to queue
[2024-08-05T00:01:08.453+0000] {logging_mixin.py:188} INFO - [2024-08-05T00:01:08.452+0000] {dagbag.py:545} INFO - Filling up the DagBag from /home/airflow/.local/lib/python3.12/site-packages/airflow/example_dags/example_branch_labels.py
[2024-08-05T00:01:08.471+0000] {processor.py:840} INFO - DAG(s) 'example_branch_labels' retrieved from /home/airflow/.local/lib/python3.12/site-packages/airflow/example_dags/example_branch_labels.py
[2024-08-05T00:01:08.512+0000] {logging_mixin.py:188} INFO - [2024-08-05T00:01:08.512+0000] {dag.py:3089} INFO - Sync 1 DAGs
[2024-08-05T00:01:08.541+0000] {logging_mixin.py:188} INFO - [2024-08-05T00:01:08.540+0000] {dag.py:3947} INFO - Setting next_dagrun for example_branch_labels to 2024-08-04 00:00:00+00:00, run_after=2024-08-05 00:00:00+00:00
[2024-08-05T00:01:08.558+0000] {processor.py:183} INFO - Processing /home/airflow/.local/lib/python3.12/site-packages/airflow/example_dags/example_branch_labels.py took 0.128 seconds
[2024-08-05T00:01:38.738+0000] {processor.py:161} INFO - Started process (PID=13252) to work on /home/airflow/.local/lib/python3.12/site-packages/airflow/example_dags/example_branch_labels.py
[2024-08-05T00:01:38.744+0000] {processor.py:830} INFO - Processing file /home/airflow/.local/lib/python3.12/site-packages/airflow/example_dags/example_branch_labels.py for tasks to queue
[2024-08-05T00:01:38.749+0000] {logging_mixin.py:188} INFO - [2024-08-05T00:01:38.748+0000] {dagbag.py:545} INFO - Filling up the DagBag from /home/airflow/.local/lib/python3.12/site-packages/airflow/example_dags/example_branch_labels.py
[2024-08-05T00:01:38.970+0000] {processor.py:840} INFO - DAG(s) 'example_branch_labels' retrieved from /home/airflow/.local/lib/python3.12/site-packages/airflow/example_dags/example_branch_labels.py
[2024-08-05T00:01:39.188+0000] {logging_mixin.py:188} INFO - [2024-08-05T00:01:39.187+0000] {dag.py:3089} INFO - Sync 1 DAGs
[2024-08-05T00:01:39.300+0000] {logging_mixin.py:188} INFO - [2024-08-05T00:01:39.300+0000] {dag.py:3947} INFO - Setting next_dagrun for example_branch_labels to 2024-08-04 00:00:00+00:00, run_after=2024-08-05 00:00:00+00:00
[2024-08-05T00:01:39.362+0000] {processor.py:183} INFO - Processing /home/airflow/.local/lib/python3.12/site-packages/airflow/example_dags/example_branch_labels.py took 0.664 seconds
[2024-08-05T00:02:09.993+0000] {processor.py:161} INFO - Started process (PID=13313) to work on /home/airflow/.local/lib/python3.12/site-packages/airflow/example_dags/example_branch_labels.py
[2024-08-05T00:02:09.995+0000] {processor.py:830} INFO - Processing file /home/airflow/.local/lib/python3.12/site-packages/airflow/example_dags/example_branch_labels.py for tasks to queue
[2024-08-05T00:02:09.996+0000] {logging_mixin.py:188} INFO - [2024-08-05T00:02:09.995+0000] {dagbag.py:545} INFO - Filling up the DagBag from /home/airflow/.local/lib/python3.12/site-packages/airflow/example_dags/example_branch_labels.py
[2024-08-05T00:02:10.011+0000] {processor.py:840} INFO - DAG(s) 'example_branch_labels' retrieved from /home/airflow/.local/lib/python3.12/site-packages/airflow/example_dags/example_branch_labels.py
[2024-08-05T00:02:10.063+0000] {logging_mixin.py:188} INFO - [2024-08-05T00:02:10.062+0000] {dag.py:3089} INFO - Sync 1 DAGs
[2024-08-05T00:02:10.089+0000] {logging_mixin.py:188} INFO - [2024-08-05T00:02:10.089+0000] {dag.py:3947} INFO - Setting next_dagrun for example_branch_labels to 2024-08-04 00:00:00+00:00, run_after=2024-08-05 00:00:00+00:00
[2024-08-05T00:02:10.107+0000] {processor.py:183} INFO - Processing /home/airflow/.local/lib/python3.12/site-packages/airflow/example_dags/example_branch_labels.py took 0.139 seconds
[2024-08-05T00:02:40.461+0000] {processor.py:161} INFO - Started process (PID=13374) to work on /home/airflow/.local/lib/python3.12/site-packages/airflow/example_dags/example_branch_labels.py
[2024-08-05T00:02:40.464+0000] {processor.py:830} INFO - Processing file /home/airflow/.local/lib/python3.12/site-packages/airflow/example_dags/example_branch_labels.py for tasks to queue
[2024-08-05T00:02:40.466+0000] {logging_mixin.py:188} INFO - [2024-08-05T00:02:40.465+0000] {dagbag.py:545} INFO - Filling up the DagBag from /home/airflow/.local/lib/python3.12/site-packages/airflow/example_dags/example_branch_labels.py
[2024-08-05T00:02:40.482+0000] {processor.py:840} INFO - DAG(s) 'example_branch_labels' retrieved from /home/airflow/.local/lib/python3.12/site-packages/airflow/example_dags/example_branch_labels.py
[2024-08-05T00:02:40.523+0000] {logging_mixin.py:188} INFO - [2024-08-05T00:02:40.523+0000] {dag.py:3089} INFO - Sync 1 DAGs
[2024-08-05T00:02:40.547+0000] {logging_mixin.py:188} INFO - [2024-08-05T00:02:40.546+0000] {dag.py:3947} INFO - Setting next_dagrun for example_branch_labels to 2024-08-04 00:00:00+00:00, run_after=2024-08-05 00:00:00+00:00
[2024-08-05T00:02:40.562+0000] {processor.py:183} INFO - Processing /home/airflow/.local/lib/python3.12/site-packages/airflow/example_dags/example_branch_labels.py took 0.140 seconds
[2024-08-05T00:03:10.852+0000] {processor.py:161} INFO - Started process (PID=13435) to work on /home/airflow/.local/lib/python3.12/site-packages/airflow/example_dags/example_branch_labels.py
[2024-08-05T00:03:10.854+0000] {processor.py:830} INFO - Processing file /home/airflow/.local/lib/python3.12/site-packages/airflow/example_dags/example_branch_labels.py for tasks to queue
[2024-08-05T00:03:10.856+0000] {logging_mixin.py:188} INFO - [2024-08-05T00:03:10.855+0000] {dagbag.py:545} INFO - Filling up the DagBag from /home/airflow/.local/lib/python3.12/site-packages/airflow/example_dags/example_branch_labels.py
[2024-08-05T00:03:10.872+0000] {processor.py:840} INFO - DAG(s) 'example_branch_labels' retrieved from /home/airflow/.local/lib/python3.12/site-packages/airflow/example_dags/example_branch_labels.py
[2024-08-05T00:03:10.963+0000] {logging_mixin.py:188} INFO - [2024-08-05T00:03:10.963+0000] {dag.py:3089} INFO - Sync 1 DAGs
[2024-08-05T00:03:10.986+0000] {logging_mixin.py:188} INFO - [2024-08-05T00:03:10.986+0000] {dag.py:3947} INFO - Setting next_dagrun for example_branch_labels to 2024-08-04 00:00:00+00:00, run_after=2024-08-05 00:00:00+00:00
[2024-08-05T00:03:11.004+0000] {processor.py:183} INFO - Processing /home/airflow/.local/lib/python3.12/site-packages/airflow/example_dags/example_branch_labels.py took 0.169 seconds
[2024-08-05T00:03:41.264+0000] {processor.py:161} INFO - Started process (PID=13496) to work on /home/airflow/.local/lib/python3.12/site-packages/airflow/example_dags/example_branch_labels.py
[2024-08-05T00:03:41.267+0000] {processor.py:830} INFO - Processing file /home/airflow/.local/lib/python3.12/site-packages/airflow/example_dags/example_branch_labels.py for tasks to queue
[2024-08-05T00:03:41.269+0000] {logging_mixin.py:188} INFO - [2024-08-05T00:03:41.268+0000] {dagbag.py:545} INFO - Filling up the DagBag from /home/airflow/.local/lib/python3.12/site-packages/airflow/example_dags/example_branch_labels.py
[2024-08-05T00:03:41.287+0000] {processor.py:840} INFO - DAG(s) 'example_branch_labels' retrieved from /home/airflow/.local/lib/python3.12/site-packages/airflow/example_dags/example_branch_labels.py
[2024-08-05T00:03:41.336+0000] {logging_mixin.py:188} INFO - [2024-08-05T00:03:41.336+0000] {dag.py:3089} INFO - Sync 1 DAGs
[2024-08-05T00:03:41.371+0000] {logging_mixin.py:188} INFO - [2024-08-05T00:03:41.371+0000] {dag.py:3947} INFO - Setting next_dagrun for example_branch_labels to 2024-08-04 00:00:00+00:00, run_after=2024-08-05 00:00:00+00:00
[2024-08-05T00:03:41.392+0000] {processor.py:183} INFO - Processing /home/airflow/.local/lib/python3.12/site-packages/airflow/example_dags/example_branch_labels.py took 0.159 seconds
[2024-08-05T00:04:11.809+0000] {processor.py:161} INFO - Started process (PID=13557) to work on /home/airflow/.local/lib/python3.12/site-packages/airflow/example_dags/example_branch_labels.py
[2024-08-05T00:04:11.815+0000] {processor.py:830} INFO - Processing file /home/airflow/.local/lib/python3.12/site-packages/airflow/example_dags/example_branch_labels.py for tasks to queue
[2024-08-05T00:04:11.818+0000] {logging_mixin.py:188} INFO - [2024-08-05T00:04:11.817+0000] {dagbag.py:545} INFO - Filling up the DagBag from /home/airflow/.local/lib/python3.12/site-packages/airflow/example_dags/example_branch_labels.py
[2024-08-05T00:04:11.839+0000] {processor.py:840} INFO - DAG(s) 'example_branch_labels' retrieved from /home/airflow/.local/lib/python3.12/site-packages/airflow/example_dags/example_branch_labels.py
[2024-08-05T00:04:11.890+0000] {logging_mixin.py:188} INFO - [2024-08-05T00:04:11.890+0000] {dag.py:3089} INFO - Sync 1 DAGs
[2024-08-05T00:04:11.912+0000] {logging_mixin.py:188} INFO - [2024-08-05T00:04:11.912+0000] {dag.py:3947} INFO - Setting next_dagrun for example_branch_labels to 2024-08-04 00:00:00+00:00, run_after=2024-08-05 00:00:00+00:00
[2024-08-05T00:04:11.929+0000] {processor.py:183} INFO - Processing /home/airflow/.local/lib/python3.12/site-packages/airflow/example_dags/example_branch_labels.py took 0.161 seconds
[2024-08-05T00:04:42.162+0000] {processor.py:161} INFO - Started process (PID=13618) to work on /home/airflow/.local/lib/python3.12/site-packages/airflow/example_dags/example_branch_labels.py
[2024-08-05T00:04:42.164+0000] {processor.py:830} INFO - Processing file /home/airflow/.local/lib/python3.12/site-packages/airflow/example_dags/example_branch_labels.py for tasks to queue
[2024-08-05T00:04:42.166+0000] {logging_mixin.py:188} INFO - [2024-08-05T00:04:42.165+0000] {dagbag.py:545} INFO - Filling up the DagBag from /home/airflow/.local/lib/python3.12/site-packages/airflow/example_dags/example_branch_labels.py
[2024-08-05T00:04:42.178+0000] {processor.py:840} INFO - DAG(s) 'example_branch_labels' retrieved from /home/airflow/.local/lib/python3.12/site-packages/airflow/example_dags/example_branch_labels.py
[2024-08-05T00:04:42.250+0000] {logging_mixin.py:188} INFO - [2024-08-05T00:04:42.249+0000] {dag.py:3089} INFO - Sync 1 DAGs
[2024-08-05T00:04:42.271+0000] {logging_mixin.py:188} INFO - [2024-08-05T00:04:42.271+0000] {dag.py:3947} INFO - Setting next_dagrun for example_branch_labels to 2024-08-04 00:00:00+00:00, run_after=2024-08-05 00:00:00+00:00
[2024-08-05T00:04:42.289+0000] {processor.py:183} INFO - Processing /home/airflow/.local/lib/python3.12/site-packages/airflow/example_dags/example_branch_labels.py took 0.162 seconds
[2024-08-05T00:05:12.397+0000] {processor.py:161} INFO - Started process (PID=13679) to work on /home/airflow/.local/lib/python3.12/site-packages/airflow/example_dags/example_branch_labels.py
[2024-08-05T00:05:12.399+0000] {processor.py:830} INFO - Processing file /home/airflow/.local/lib/python3.12/site-packages/airflow/example_dags/example_branch_labels.py for tasks to queue
[2024-08-05T00:05:12.401+0000] {logging_mixin.py:188} INFO - [2024-08-05T00:05:12.400+0000] {dagbag.py:545} INFO - Filling up the DagBag from /home/airflow/.local/lib/python3.12/site-packages/airflow/example_dags/example_branch_labels.py
[2024-08-05T00:05:12.416+0000] {processor.py:840} INFO - DAG(s) 'example_branch_labels' retrieved from /home/airflow/.local/lib/python3.12/site-packages/airflow/example_dags/example_branch_labels.py
[2024-08-05T00:05:12.444+0000] {logging_mixin.py:188} INFO - [2024-08-05T00:05:12.444+0000] {dag.py:3089} INFO - Sync 1 DAGs
[2024-08-05T00:05:12.462+0000] {logging_mixin.py:188} INFO - [2024-08-05T00:05:12.462+0000] {dag.py:3947} INFO - Setting next_dagrun for example_branch_labels to 2024-08-04 00:00:00+00:00, run_after=2024-08-05 00:00:00+00:00
[2024-08-05T00:05:12.485+0000] {processor.py:183} INFO - Processing /home/airflow/.local/lib/python3.12/site-packages/airflow/example_dags/example_branch_labels.py took 0.122 seconds
[2024-08-05T00:05:42.815+0000] {processor.py:161} INFO - Started process (PID=13740) to work on /home/airflow/.local/lib/python3.12/site-packages/airflow/example_dags/example_branch_labels.py
[2024-08-05T00:05:42.827+0000] {processor.py:830} INFO - Processing file /home/airflow/.local/lib/python3.12/site-packages/airflow/example_dags/example_branch_labels.py for tasks to queue
[2024-08-05T00:05:42.831+0000] {logging_mixin.py:188} INFO - [2024-08-05T00:05:42.830+0000] {dagbag.py:545} INFO - Filling up the DagBag from /home/airflow/.local/lib/python3.12/site-packages/airflow/example_dags/example_branch_labels.py
[2024-08-05T00:05:42.851+0000] {processor.py:840} INFO - DAG(s) 'example_branch_labels' retrieved from /home/airflow/.local/lib/python3.12/site-packages/airflow/example_dags/example_branch_labels.py
[2024-08-05T00:05:42.889+0000] {logging_mixin.py:188} INFO - [2024-08-05T00:05:42.889+0000] {dag.py:3089} INFO - Sync 1 DAGs
[2024-08-05T00:05:42.933+0000] {logging_mixin.py:188} INFO - [2024-08-05T00:05:42.933+0000] {dag.py:3947} INFO - Setting next_dagrun for example_branch_labels to 2024-08-04 00:00:00+00:00, run_after=2024-08-05 00:00:00+00:00
[2024-08-05T00:05:42.949+0000] {processor.py:183} INFO - Processing /home/airflow/.local/lib/python3.12/site-packages/airflow/example_dags/example_branch_labels.py took 0.152 seconds
[2024-08-05T00:06:13.348+0000] {processor.py:161} INFO - Started process (PID=13801) to work on /home/airflow/.local/lib/python3.12/site-packages/airflow/example_dags/example_branch_labels.py
[2024-08-05T00:06:13.351+0000] {processor.py:830} INFO - Processing file /home/airflow/.local/lib/python3.12/site-packages/airflow/example_dags/example_branch_labels.py for tasks to queue
[2024-08-05T00:06:13.353+0000] {logging_mixin.py:188} INFO - [2024-08-05T00:06:13.352+0000] {dagbag.py:545} INFO - Filling up the DagBag from /home/airflow/.local/lib/python3.12/site-packages/airflow/example_dags/example_branch_labels.py
[2024-08-05T00:06:13.369+0000] {processor.py:840} INFO - DAG(s) 'example_branch_labels' retrieved from /home/airflow/.local/lib/python3.12/site-packages/airflow/example_dags/example_branch_labels.py
[2024-08-05T00:06:13.408+0000] {logging_mixin.py:188} INFO - [2024-08-05T00:06:13.407+0000] {dag.py:3089} INFO - Sync 1 DAGs
[2024-08-05T00:06:13.441+0000] {logging_mixin.py:188} INFO - [2024-08-05T00:06:13.441+0000] {dag.py:3947} INFO - Setting next_dagrun for example_branch_labels to 2024-08-04 00:00:00+00:00, run_after=2024-08-05 00:00:00+00:00
[2024-08-05T00:06:13.455+0000] {processor.py:183} INFO - Processing /home/airflow/.local/lib/python3.12/site-packages/airflow/example_dags/example_branch_labels.py took 0.121 seconds
[2024-08-05T00:06:44.231+0000] {processor.py:161} INFO - Started process (PID=13868) to work on /home/airflow/.local/lib/python3.12/site-packages/airflow/example_dags/example_branch_labels.py
[2024-08-05T00:06:44.233+0000] {processor.py:830} INFO - Processing file /home/airflow/.local/lib/python3.12/site-packages/airflow/example_dags/example_branch_labels.py for tasks to queue
[2024-08-05T00:06:44.234+0000] {logging_mixin.py:188} INFO - [2024-08-05T00:06:44.234+0000] {dagbag.py:545} INFO - Filling up the DagBag from /home/airflow/.local/lib/python3.12/site-packages/airflow/example_dags/example_branch_labels.py
[2024-08-05T00:06:44.262+0000] {processor.py:840} INFO - DAG(s) 'example_branch_labels' retrieved from /home/airflow/.local/lib/python3.12/site-packages/airflow/example_dags/example_branch_labels.py
[2024-08-05T00:06:44.306+0000] {logging_mixin.py:188} INFO - [2024-08-05T00:06:44.306+0000] {dag.py:3089} INFO - Sync 1 DAGs
[2024-08-05T00:06:44.350+0000] {logging_mixin.py:188} INFO - [2024-08-05T00:06:44.350+0000] {dag.py:3947} INFO - Setting next_dagrun for example_branch_labels to 2024-08-04 00:00:00+00:00, run_after=2024-08-05 00:00:00+00:00
[2024-08-05T00:06:44.372+0000] {processor.py:183} INFO - Processing /home/airflow/.local/lib/python3.12/site-packages/airflow/example_dags/example_branch_labels.py took 0.173 seconds
[2024-08-05T00:07:14.964+0000] {processor.py:161} INFO - Started process (PID=13939) to work on /home/airflow/.local/lib/python3.12/site-packages/airflow/example_dags/example_branch_labels.py
[2024-08-05T00:07:14.965+0000] {processor.py:830} INFO - Processing file /home/airflow/.local/lib/python3.12/site-packages/airflow/example_dags/example_branch_labels.py for tasks to queue
[2024-08-05T00:07:14.967+0000] {logging_mixin.py:188} INFO - [2024-08-05T00:07:14.966+0000] {dagbag.py:545} INFO - Filling up the DagBag from /home/airflow/.local/lib/python3.12/site-packages/airflow/example_dags/example_branch_labels.py
[2024-08-05T00:07:14.978+0000] {processor.py:840} INFO - DAG(s) 'example_branch_labels' retrieved from /home/airflow/.local/lib/python3.12/site-packages/airflow/example_dags/example_branch_labels.py
[2024-08-05T00:07:15.015+0000] {logging_mixin.py:188} INFO - [2024-08-05T00:07:15.014+0000] {dag.py:3089} INFO - Sync 1 DAGs
[2024-08-05T00:07:15.042+0000] {logging_mixin.py:188} INFO - [2024-08-05T00:07:15.041+0000] {dag.py:3947} INFO - Setting next_dagrun for example_branch_labels to 2024-08-04 00:00:00+00:00, run_after=2024-08-05 00:00:00+00:00
[2024-08-05T00:07:15.063+0000] {processor.py:183} INFO - Processing /home/airflow/.local/lib/python3.12/site-packages/airflow/example_dags/example_branch_labels.py took 0.122 seconds
[2024-08-05T00:07:45.179+0000] {processor.py:161} INFO - Started process (PID=14000) to work on /home/airflow/.local/lib/python3.12/site-packages/airflow/example_dags/example_branch_labels.py
[2024-08-05T00:07:45.181+0000] {processor.py:830} INFO - Processing file /home/airflow/.local/lib/python3.12/site-packages/airflow/example_dags/example_branch_labels.py for tasks to queue
[2024-08-05T00:07:45.183+0000] {logging_mixin.py:188} INFO - [2024-08-05T00:07:45.182+0000] {dagbag.py:545} INFO - Filling up the DagBag from /home/airflow/.local/lib/python3.12/site-packages/airflow/example_dags/example_branch_labels.py
[2024-08-05T00:07:45.211+0000] {processor.py:840} INFO - DAG(s) 'example_branch_labels' retrieved from /home/airflow/.local/lib/python3.12/site-packages/airflow/example_dags/example_branch_labels.py
[2024-08-05T00:07:45.245+0000] {logging_mixin.py:188} INFO - [2024-08-05T00:07:45.244+0000] {dag.py:3089} INFO - Sync 1 DAGs
[2024-08-05T00:07:45.281+0000] {logging_mixin.py:188} INFO - [2024-08-05T00:07:45.281+0000] {dag.py:3947} INFO - Setting next_dagrun for example_branch_labels to 2024-08-04 00:00:00+00:00, run_after=2024-08-05 00:00:00+00:00
[2024-08-05T00:07:45.299+0000] {processor.py:183} INFO - Processing /home/airflow/.local/lib/python3.12/site-packages/airflow/example_dags/example_branch_labels.py took 0.136 seconds
[2024-08-05T00:08:15.515+0000] {processor.py:161} INFO - Started process (PID=14061) to work on /home/airflow/.local/lib/python3.12/site-packages/airflow/example_dags/example_branch_labels.py
[2024-08-05T00:08:15.520+0000] {processor.py:830} INFO - Processing file /home/airflow/.local/lib/python3.12/site-packages/airflow/example_dags/example_branch_labels.py for tasks to queue
[2024-08-05T00:08:15.525+0000] {logging_mixin.py:188} INFO - [2024-08-05T00:08:15.524+0000] {dagbag.py:545} INFO - Filling up the DagBag from /home/airflow/.local/lib/python3.12/site-packages/airflow/example_dags/example_branch_labels.py
[2024-08-05T00:08:15.547+0000] {processor.py:840} INFO - DAG(s) 'example_branch_labels' retrieved from /home/airflow/.local/lib/python3.12/site-packages/airflow/example_dags/example_branch_labels.py
[2024-08-05T00:08:15.602+0000] {logging_mixin.py:188} INFO - [2024-08-05T00:08:15.602+0000] {dag.py:3089} INFO - Sync 1 DAGs
[2024-08-05T00:08:15.628+0000] {logging_mixin.py:188} INFO - [2024-08-05T00:08:15.628+0000] {dag.py:3947} INFO - Setting next_dagrun for example_branch_labels to 2024-08-04 00:00:00+00:00, run_after=2024-08-05 00:00:00+00:00
[2024-08-05T00:08:15.645+0000] {processor.py:183} INFO - Processing /home/airflow/.local/lib/python3.12/site-packages/airflow/example_dags/example_branch_labels.py took 0.151 seconds
[2024-08-05T00:08:46.039+0000] {processor.py:161} INFO - Started process (PID=14123) to work on /home/airflow/.local/lib/python3.12/site-packages/airflow/example_dags/example_branch_labels.py
[2024-08-05T00:08:46.045+0000] {processor.py:830} INFO - Processing file /home/airflow/.local/lib/python3.12/site-packages/airflow/example_dags/example_branch_labels.py for tasks to queue
[2024-08-05T00:08:46.051+0000] {logging_mixin.py:188} INFO - [2024-08-05T00:08:46.049+0000] {dagbag.py:545} INFO - Filling up the DagBag from /home/airflow/.local/lib/python3.12/site-packages/airflow/example_dags/example_branch_labels.py
[2024-08-05T00:08:46.075+0000] {processor.py:840} INFO - DAG(s) 'example_branch_labels' retrieved from /home/airflow/.local/lib/python3.12/site-packages/airflow/example_dags/example_branch_labels.py
[2024-08-05T00:08:46.173+0000] {logging_mixin.py:188} INFO - [2024-08-05T00:08:46.173+0000] {dag.py:3089} INFO - Sync 1 DAGs
[2024-08-05T00:08:46.215+0000] {logging_mixin.py:188} INFO - [2024-08-05T00:08:46.215+0000] {dag.py:3947} INFO - Setting next_dagrun for example_branch_labels to 2024-08-04 00:00:00+00:00, run_after=2024-08-05 00:00:00+00:00
[2024-08-05T00:08:46.274+0000] {processor.py:183} INFO - Processing /home/airflow/.local/lib/python3.12/site-packages/airflow/example_dags/example_branch_labels.py took 0.266 seconds
[2024-08-05T00:09:17.017+0000] {processor.py:161} INFO - Started process (PID=14184) to work on /home/airflow/.local/lib/python3.12/site-packages/airflow/example_dags/example_branch_labels.py
[2024-08-05T00:09:17.019+0000] {processor.py:830} INFO - Processing file /home/airflow/.local/lib/python3.12/site-packages/airflow/example_dags/example_branch_labels.py for tasks to queue
[2024-08-05T00:09:17.020+0000] {logging_mixin.py:188} INFO - [2024-08-05T00:09:17.020+0000] {dagbag.py:545} INFO - Filling up the DagBag from /home/airflow/.local/lib/python3.12/site-packages/airflow/example_dags/example_branch_labels.py
[2024-08-05T00:09:17.033+0000] {processor.py:840} INFO - DAG(s) 'example_branch_labels' retrieved from /home/airflow/.local/lib/python3.12/site-packages/airflow/example_dags/example_branch_labels.py
[2024-08-05T00:09:17.083+0000] {logging_mixin.py:188} INFO - [2024-08-05T00:09:17.083+0000] {dag.py:3089} INFO - Sync 1 DAGs
[2024-08-05T00:09:17.123+0000] {logging_mixin.py:188} INFO - [2024-08-05T00:09:17.122+0000] {dag.py:3947} INFO - Setting next_dagrun for example_branch_labels to 2024-08-04 00:00:00+00:00, run_after=2024-08-05 00:00:00+00:00
[2024-08-05T00:09:17.144+0000] {processor.py:183} INFO - Processing /home/airflow/.local/lib/python3.12/site-packages/airflow/example_dags/example_branch_labels.py took 0.138 seconds
[2024-08-05T00:09:47.565+0000] {processor.py:161} INFO - Started process (PID=14245) to work on /home/airflow/.local/lib/python3.12/site-packages/airflow/example_dags/example_branch_labels.py
[2024-08-05T00:09:47.570+0000] {processor.py:830} INFO - Processing file /home/airflow/.local/lib/python3.12/site-packages/airflow/example_dags/example_branch_labels.py for tasks to queue
[2024-08-05T00:09:47.571+0000] {logging_mixin.py:188} INFO - [2024-08-05T00:09:47.571+0000] {dagbag.py:545} INFO - Filling up the DagBag from /home/airflow/.local/lib/python3.12/site-packages/airflow/example_dags/example_branch_labels.py
[2024-08-05T00:09:47.578+0000] {processor.py:840} INFO - DAG(s) 'example_branch_labels' retrieved from /home/airflow/.local/lib/python3.12/site-packages/airflow/example_dags/example_branch_labels.py
[2024-08-05T00:09:47.609+0000] {logging_mixin.py:188} INFO - [2024-08-05T00:09:47.608+0000] {dag.py:3089} INFO - Sync 1 DAGs
[2024-08-05T00:09:47.621+0000] {logging_mixin.py:188} INFO - [2024-08-05T00:09:47.621+0000] {dag.py:3947} INFO - Setting next_dagrun for example_branch_labels to 2024-08-04 00:00:00+00:00, run_after=2024-08-05 00:00:00+00:00
[2024-08-05T00:09:47.631+0000] {processor.py:183} INFO - Processing /home/airflow/.local/lib/python3.12/site-packages/airflow/example_dags/example_branch_labels.py took 0.071 seconds
[2024-08-05T00:10:18.110+0000] {processor.py:161} INFO - Started process (PID=14315) to work on /home/airflow/.local/lib/python3.12/site-packages/airflow/example_dags/example_branch_labels.py
[2024-08-05T00:10:18.112+0000] {processor.py:830} INFO - Processing file /home/airflow/.local/lib/python3.12/site-packages/airflow/example_dags/example_branch_labels.py for tasks to queue
[2024-08-05T00:10:18.122+0000] {logging_mixin.py:188} INFO - [2024-08-05T00:10:18.117+0000] {dagbag.py:545} INFO - Filling up the DagBag from /home/airflow/.local/lib/python3.12/site-packages/airflow/example_dags/example_branch_labels.py
[2024-08-05T00:10:18.169+0000] {processor.py:840} INFO - DAG(s) 'example_branch_labels' retrieved from /home/airflow/.local/lib/python3.12/site-packages/airflow/example_dags/example_branch_labels.py
[2024-08-05T00:10:18.317+0000] {logging_mixin.py:188} INFO - [2024-08-05T00:10:18.317+0000] {dag.py:3089} INFO - Sync 1 DAGs
[2024-08-05T00:10:18.394+0000] {logging_mixin.py:188} INFO - [2024-08-05T00:10:18.393+0000] {dag.py:3947} INFO - Setting next_dagrun for example_branch_labels to 2024-08-04 00:00:00+00:00, run_after=2024-08-05 00:00:00+00:00
[2024-08-05T00:10:18.445+0000] {processor.py:183} INFO - Processing /home/airflow/.local/lib/python3.12/site-packages/airflow/example_dags/example_branch_labels.py took 0.351 seconds
[2024-08-05T00:10:49.522+0000] {processor.py:161} INFO - Started process (PID=14375) to work on /home/airflow/.local/lib/python3.12/site-packages/airflow/example_dags/example_branch_labels.py
[2024-08-05T00:10:49.524+0000] {processor.py:830} INFO - Processing file /home/airflow/.local/lib/python3.12/site-packages/airflow/example_dags/example_branch_labels.py for tasks to queue
[2024-08-05T00:10:49.526+0000] {logging_mixin.py:188} INFO - [2024-08-05T00:10:49.526+0000] {dagbag.py:545} INFO - Filling up the DagBag from /home/airflow/.local/lib/python3.12/site-packages/airflow/example_dags/example_branch_labels.py
[2024-08-05T00:10:49.551+0000] {processor.py:840} INFO - DAG(s) 'example_branch_labels' retrieved from /home/airflow/.local/lib/python3.12/site-packages/airflow/example_dags/example_branch_labels.py
[2024-08-05T00:10:49.619+0000] {logging_mixin.py:188} INFO - [2024-08-05T00:10:49.618+0000] {dag.py:3089} INFO - Sync 1 DAGs
[2024-08-05T00:10:49.655+0000] {logging_mixin.py:188} INFO - [2024-08-05T00:10:49.655+0000] {dag.py:3947} INFO - Setting next_dagrun for example_branch_labels to 2024-08-04 00:00:00+00:00, run_after=2024-08-05 00:00:00+00:00
[2024-08-05T00:10:49.673+0000] {processor.py:183} INFO - Processing /home/airflow/.local/lib/python3.12/site-packages/airflow/example_dags/example_branch_labels.py took 0.176 seconds
[2024-08-05T00:11:20.347+0000] {processor.py:161} INFO - Started process (PID=14446) to work on /home/airflow/.local/lib/python3.12/site-packages/airflow/example_dags/example_branch_labels.py
[2024-08-05T00:11:20.350+0000] {processor.py:830} INFO - Processing file /home/airflow/.local/lib/python3.12/site-packages/airflow/example_dags/example_branch_labels.py for tasks to queue
[2024-08-05T00:11:20.352+0000] {logging_mixin.py:188} INFO - [2024-08-05T00:11:20.351+0000] {dagbag.py:545} INFO - Filling up the DagBag from /home/airflow/.local/lib/python3.12/site-packages/airflow/example_dags/example_branch_labels.py
[2024-08-05T00:11:20.369+0000] {processor.py:840} INFO - DAG(s) 'example_branch_labels' retrieved from /home/airflow/.local/lib/python3.12/site-packages/airflow/example_dags/example_branch_labels.py
[2024-08-05T00:11:20.457+0000] {logging_mixin.py:188} INFO - [2024-08-05T00:11:20.457+0000] {dag.py:3089} INFO - Sync 1 DAGs
[2024-08-05T00:11:20.496+0000] {logging_mixin.py:188} INFO - [2024-08-05T00:11:20.496+0000] {dag.py:3947} INFO - Setting next_dagrun for example_branch_labels to 2024-08-04 00:00:00+00:00, run_after=2024-08-05 00:00:00+00:00
[2024-08-05T00:11:20.521+0000] {processor.py:183} INFO - Processing /home/airflow/.local/lib/python3.12/site-packages/airflow/example_dags/example_branch_labels.py took 0.211 seconds
[2024-08-05T00:11:51.558+0000] {processor.py:161} INFO - Started process (PID=14507) to work on /home/airflow/.local/lib/python3.12/site-packages/airflow/example_dags/example_branch_labels.py
[2024-08-05T00:11:51.561+0000] {processor.py:830} INFO - Processing file /home/airflow/.local/lib/python3.12/site-packages/airflow/example_dags/example_branch_labels.py for tasks to queue
[2024-08-05T00:11:51.563+0000] {logging_mixin.py:188} INFO - [2024-08-05T00:11:51.562+0000] {dagbag.py:545} INFO - Filling up the DagBag from /home/airflow/.local/lib/python3.12/site-packages/airflow/example_dags/example_branch_labels.py
[2024-08-05T00:11:51.583+0000] {processor.py:840} INFO - DAG(s) 'example_branch_labels' retrieved from /home/airflow/.local/lib/python3.12/site-packages/airflow/example_dags/example_branch_labels.py
[2024-08-05T00:11:51.635+0000] {logging_mixin.py:188} INFO - [2024-08-05T00:11:51.635+0000] {dag.py:3089} INFO - Sync 1 DAGs
[2024-08-05T00:11:51.662+0000] {logging_mixin.py:188} INFO - [2024-08-05T00:11:51.662+0000] {dag.py:3947} INFO - Setting next_dagrun for example_branch_labels to 2024-08-04 00:00:00+00:00, run_after=2024-08-05 00:00:00+00:00
[2024-08-05T00:11:51.680+0000] {processor.py:183} INFO - Processing /home/airflow/.local/lib/python3.12/site-packages/airflow/example_dags/example_branch_labels.py took 0.150 seconds
[2024-08-05T00:12:22.678+0000] {processor.py:161} INFO - Started process (PID=14568) to work on /home/airflow/.local/lib/python3.12/site-packages/airflow/example_dags/example_branch_labels.py
[2024-08-05T00:12:22.683+0000] {processor.py:830} INFO - Processing file /home/airflow/.local/lib/python3.12/site-packages/airflow/example_dags/example_branch_labels.py for tasks to queue
[2024-08-05T00:12:22.687+0000] {logging_mixin.py:188} INFO - [2024-08-05T00:12:22.686+0000] {dagbag.py:545} INFO - Filling up the DagBag from /home/airflow/.local/lib/python3.12/site-packages/airflow/example_dags/example_branch_labels.py
[2024-08-05T00:12:22.709+0000] {processor.py:840} INFO - DAG(s) 'example_branch_labels' retrieved from /home/airflow/.local/lib/python3.12/site-packages/airflow/example_dags/example_branch_labels.py
[2024-08-05T00:12:22.751+0000] {logging_mixin.py:188} INFO - [2024-08-05T00:12:22.750+0000] {dag.py:3089} INFO - Sync 1 DAGs
[2024-08-05T00:12:22.783+0000] {logging_mixin.py:188} INFO - [2024-08-05T00:12:22.783+0000] {dag.py:3947} INFO - Setting next_dagrun for example_branch_labels to 2024-08-04 00:00:00+00:00, run_after=2024-08-05 00:00:00+00:00
[2024-08-05T00:12:22.878+0000] {processor.py:183} INFO - Processing /home/airflow/.local/lib/python3.12/site-packages/airflow/example_dags/example_branch_labels.py took 0.227 seconds
[2024-08-05T00:12:53.220+0000] {processor.py:161} INFO - Started process (PID=14629) to work on /home/airflow/.local/lib/python3.12/site-packages/airflow/example_dags/example_branch_labels.py
[2024-08-05T00:12:53.239+0000] {processor.py:830} INFO - Processing file /home/airflow/.local/lib/python3.12/site-packages/airflow/example_dags/example_branch_labels.py for tasks to queue
[2024-08-05T00:12:53.251+0000] {logging_mixin.py:188} INFO - [2024-08-05T00:12:53.246+0000] {dagbag.py:545} INFO - Filling up the DagBag from /home/airflow/.local/lib/python3.12/site-packages/airflow/example_dags/example_branch_labels.py
[2024-08-05T00:12:53.307+0000] {processor.py:840} INFO - DAG(s) 'example_branch_labels' retrieved from /home/airflow/.local/lib/python3.12/site-packages/airflow/example_dags/example_branch_labels.py
[2024-08-05T00:12:53.389+0000] {logging_mixin.py:188} INFO - [2024-08-05T00:12:53.389+0000] {dag.py:3089} INFO - Sync 1 DAGs
[2024-08-05T00:12:53.426+0000] {logging_mixin.py:188} INFO - [2024-08-05T00:12:53.426+0000] {dag.py:3947} INFO - Setting next_dagrun for example_branch_labels to 2024-08-04 00:00:00+00:00, run_after=2024-08-05 00:00:00+00:00
[2024-08-05T00:12:53.443+0000] {processor.py:183} INFO - Processing /home/airflow/.local/lib/python3.12/site-packages/airflow/example_dags/example_branch_labels.py took 0.255 seconds
[2024-08-05T00:13:24.520+0000] {processor.py:161} INFO - Started process (PID=14690) to work on /home/airflow/.local/lib/python3.12/site-packages/airflow/example_dags/example_branch_labels.py
[2024-08-05T00:13:24.526+0000] {processor.py:830} INFO - Processing file /home/airflow/.local/lib/python3.12/site-packages/airflow/example_dags/example_branch_labels.py for tasks to queue
[2024-08-05T00:13:24.530+0000] {logging_mixin.py:188} INFO - [2024-08-05T00:13:24.529+0000] {dagbag.py:545} INFO - Filling up the DagBag from /home/airflow/.local/lib/python3.12/site-packages/airflow/example_dags/example_branch_labels.py
[2024-08-05T00:13:24.561+0000] {processor.py:840} INFO - DAG(s) 'example_branch_labels' retrieved from /home/airflow/.local/lib/python3.12/site-packages/airflow/example_dags/example_branch_labels.py
[2024-08-05T00:13:24.617+0000] {logging_mixin.py:188} INFO - [2024-08-05T00:13:24.617+0000] {dag.py:3089} INFO - Sync 1 DAGs
[2024-08-05T00:13:24.642+0000] {logging_mixin.py:188} INFO - [2024-08-05T00:13:24.642+0000] {dag.py:3947} INFO - Setting next_dagrun for example_branch_labels to 2024-08-04 00:00:00+00:00, run_after=2024-08-05 00:00:00+00:00
[2024-08-05T00:13:24.657+0000] {processor.py:183} INFO - Processing /home/airflow/.local/lib/python3.12/site-packages/airflow/example_dags/example_branch_labels.py took 0.156 seconds
[2024-08-05T00:13:54.931+0000] {processor.py:161} INFO - Started process (PID=14751) to work on /home/airflow/.local/lib/python3.12/site-packages/airflow/example_dags/example_branch_labels.py
[2024-08-05T00:13:54.932+0000] {processor.py:830} INFO - Processing file /home/airflow/.local/lib/python3.12/site-packages/airflow/example_dags/example_branch_labels.py for tasks to queue
[2024-08-05T00:13:54.934+0000] {logging_mixin.py:188} INFO - [2024-08-05T00:13:54.933+0000] {dagbag.py:545} INFO - Filling up the DagBag from /home/airflow/.local/lib/python3.12/site-packages/airflow/example_dags/example_branch_labels.py
[2024-08-05T00:13:54.947+0000] {processor.py:840} INFO - DAG(s) 'example_branch_labels' retrieved from /home/airflow/.local/lib/python3.12/site-packages/airflow/example_dags/example_branch_labels.py
[2024-08-05T00:13:54.981+0000] {logging_mixin.py:188} INFO - [2024-08-05T00:13:54.980+0000] {dag.py:3089} INFO - Sync 1 DAGs
[2024-08-05T00:13:55.014+0000] {logging_mixin.py:188} INFO - [2024-08-05T00:13:55.013+0000] {dag.py:3947} INFO - Setting next_dagrun for example_branch_labels to 2024-08-04 00:00:00+00:00, run_after=2024-08-05 00:00:00+00:00
[2024-08-05T00:13:55.030+0000] {processor.py:183} INFO - Processing /home/airflow/.local/lib/python3.12/site-packages/airflow/example_dags/example_branch_labels.py took 0.118 seconds
[2024-08-05T00:14:25.350+0000] {processor.py:161} INFO - Started process (PID=14812) to work on /home/airflow/.local/lib/python3.12/site-packages/airflow/example_dags/example_branch_labels.py
[2024-08-05T00:14:25.353+0000] {processor.py:830} INFO - Processing file /home/airflow/.local/lib/python3.12/site-packages/airflow/example_dags/example_branch_labels.py for tasks to queue
[2024-08-05T00:14:25.354+0000] {logging_mixin.py:188} INFO - [2024-08-05T00:14:25.354+0000] {dagbag.py:545} INFO - Filling up the DagBag from /home/airflow/.local/lib/python3.12/site-packages/airflow/example_dags/example_branch_labels.py
[2024-08-05T00:14:25.376+0000] {processor.py:840} INFO - DAG(s) 'example_branch_labels' retrieved from /home/airflow/.local/lib/python3.12/site-packages/airflow/example_dags/example_branch_labels.py
[2024-08-05T00:14:25.412+0000] {logging_mixin.py:188} INFO - [2024-08-05T00:14:25.411+0000] {dag.py:3089} INFO - Sync 1 DAGs
[2024-08-05T00:14:25.430+0000] {logging_mixin.py:188} INFO - [2024-08-05T00:14:25.430+0000] {dag.py:3947} INFO - Setting next_dagrun for example_branch_labels to 2024-08-04 00:00:00+00:00, run_after=2024-08-05 00:00:00+00:00
[2024-08-05T00:14:25.447+0000] {processor.py:183} INFO - Processing /home/airflow/.local/lib/python3.12/site-packages/airflow/example_dags/example_branch_labels.py took 0.111 seconds
[2024-08-05T00:14:55.736+0000] {processor.py:161} INFO - Started process (PID=14873) to work on /home/airflow/.local/lib/python3.12/site-packages/airflow/example_dags/example_branch_labels.py
[2024-08-05T00:14:55.740+0000] {processor.py:830} INFO - Processing file /home/airflow/.local/lib/python3.12/site-packages/airflow/example_dags/example_branch_labels.py for tasks to queue
[2024-08-05T00:14:55.742+0000] {logging_mixin.py:188} INFO - [2024-08-05T00:14:55.741+0000] {dagbag.py:545} INFO - Filling up the DagBag from /home/airflow/.local/lib/python3.12/site-packages/airflow/example_dags/example_branch_labels.py
[2024-08-05T00:14:55.771+0000] {processor.py:840} INFO - DAG(s) 'example_branch_labels' retrieved from /home/airflow/.local/lib/python3.12/site-packages/airflow/example_dags/example_branch_labels.py
[2024-08-05T00:14:55.809+0000] {logging_mixin.py:188} INFO - [2024-08-05T00:14:55.809+0000] {dag.py:3089} INFO - Sync 1 DAGs
[2024-08-05T00:14:55.848+0000] {logging_mixin.py:188} INFO - [2024-08-05T00:14:55.847+0000] {dag.py:3947} INFO - Setting next_dagrun for example_branch_labels to 2024-08-04 00:00:00+00:00, run_after=2024-08-05 00:00:00+00:00
[2024-08-05T00:14:55.864+0000] {processor.py:183} INFO - Processing /home/airflow/.local/lib/python3.12/site-packages/airflow/example_dags/example_branch_labels.py took 0.165 seconds
[2024-08-05T00:15:26.376+0000] {processor.py:161} INFO - Started process (PID=14934) to work on /home/airflow/.local/lib/python3.12/site-packages/airflow/example_dags/example_branch_labels.py
[2024-08-05T00:15:26.378+0000] {processor.py:830} INFO - Processing file /home/airflow/.local/lib/python3.12/site-packages/airflow/example_dags/example_branch_labels.py for tasks to queue
[2024-08-05T00:15:26.382+0000] {logging_mixin.py:188} INFO - [2024-08-05T00:15:26.381+0000] {dagbag.py:545} INFO - Filling up the DagBag from /home/airflow/.local/lib/python3.12/site-packages/airflow/example_dags/example_branch_labels.py
[2024-08-05T00:15:26.417+0000] {processor.py:840} INFO - DAG(s) 'example_branch_labels' retrieved from /home/airflow/.local/lib/python3.12/site-packages/airflow/example_dags/example_branch_labels.py
[2024-08-05T00:15:26.459+0000] {logging_mixin.py:188} INFO - [2024-08-05T00:15:26.458+0000] {dag.py:3089} INFO - Sync 1 DAGs
[2024-08-05T00:15:26.533+0000] {logging_mixin.py:188} INFO - [2024-08-05T00:15:26.533+0000] {dag.py:3947} INFO - Setting next_dagrun for example_branch_labels to 2024-08-04 00:00:00+00:00, run_after=2024-08-05 00:00:00+00:00
[2024-08-05T00:15:26.556+0000] {processor.py:183} INFO - Processing /home/airflow/.local/lib/python3.12/site-packages/airflow/example_dags/example_branch_labels.py took 0.189 seconds
[2024-08-05T00:15:56.675+0000] {processor.py:161} INFO - Started process (PID=14995) to work on /home/airflow/.local/lib/python3.12/site-packages/airflow/example_dags/example_branch_labels.py
[2024-08-05T00:15:56.683+0000] {processor.py:830} INFO - Processing file /home/airflow/.local/lib/python3.12/site-packages/airflow/example_dags/example_branch_labels.py for tasks to queue
[2024-08-05T00:15:56.687+0000] {logging_mixin.py:188} INFO - [2024-08-05T00:15:56.684+0000] {dagbag.py:545} INFO - Filling up the DagBag from /home/airflow/.local/lib/python3.12/site-packages/airflow/example_dags/example_branch_labels.py
[2024-08-05T00:15:56.766+0000] {processor.py:840} INFO - DAG(s) 'example_branch_labels' retrieved from /home/airflow/.local/lib/python3.12/site-packages/airflow/example_dags/example_branch_labels.py
[2024-08-05T00:15:56.885+0000] {logging_mixin.py:188} INFO - [2024-08-05T00:15:56.885+0000] {dag.py:3089} INFO - Sync 1 DAGs
[2024-08-05T00:15:56.938+0000] {logging_mixin.py:188} INFO - [2024-08-05T00:15:56.938+0000] {dag.py:3947} INFO - Setting next_dagrun for example_branch_labels to 2024-08-04 00:00:00+00:00, run_after=2024-08-05 00:00:00+00:00
[2024-08-05T00:15:56.962+0000] {processor.py:183} INFO - Processing /home/airflow/.local/lib/python3.12/site-packages/airflow/example_dags/example_branch_labels.py took 0.326 seconds
[2024-08-05T00:16:27.575+0000] {processor.py:161} INFO - Started process (PID=15066) to work on /home/airflow/.local/lib/python3.12/site-packages/airflow/example_dags/example_branch_labels.py
[2024-08-05T00:16:27.577+0000] {processor.py:830} INFO - Processing file /home/airflow/.local/lib/python3.12/site-packages/airflow/example_dags/example_branch_labels.py for tasks to queue
[2024-08-05T00:16:27.579+0000] {logging_mixin.py:188} INFO - [2024-08-05T00:16:27.578+0000] {dagbag.py:545} INFO - Filling up the DagBag from /home/airflow/.local/lib/python3.12/site-packages/airflow/example_dags/example_branch_labels.py
[2024-08-05T00:16:27.603+0000] {processor.py:840} INFO - DAG(s) 'example_branch_labels' retrieved from /home/airflow/.local/lib/python3.12/site-packages/airflow/example_dags/example_branch_labels.py
[2024-08-05T00:16:27.658+0000] {logging_mixin.py:188} INFO - [2024-08-05T00:16:27.658+0000] {dag.py:3089} INFO - Sync 1 DAGs
[2024-08-05T00:16:27.696+0000] {logging_mixin.py:188} INFO - [2024-08-05T00:16:27.696+0000] {dag.py:3947} INFO - Setting next_dagrun for example_branch_labels to 2024-08-04 00:00:00+00:00, run_after=2024-08-05 00:00:00+00:00
[2024-08-05T00:16:27.712+0000] {processor.py:183} INFO - Processing /home/airflow/.local/lib/python3.12/site-packages/airflow/example_dags/example_branch_labels.py took 0.154 seconds
[2024-08-05T00:16:57.941+0000] {processor.py:161} INFO - Started process (PID=15127) to work on /home/airflow/.local/lib/python3.12/site-packages/airflow/example_dags/example_branch_labels.py
[2024-08-05T00:16:57.950+0000] {processor.py:830} INFO - Processing file /home/airflow/.local/lib/python3.12/site-packages/airflow/example_dags/example_branch_labels.py for tasks to queue
[2024-08-05T00:16:57.957+0000] {logging_mixin.py:188} INFO - [2024-08-05T00:16:57.953+0000] {dagbag.py:545} INFO - Filling up the DagBag from /home/airflow/.local/lib/python3.12/site-packages/airflow/example_dags/example_branch_labels.py
[2024-08-05T00:16:57.985+0000] {processor.py:840} INFO - DAG(s) 'example_branch_labels' retrieved from /home/airflow/.local/lib/python3.12/site-packages/airflow/example_dags/example_branch_labels.py
[2024-08-05T00:16:58.215+0000] {logging_mixin.py:188} INFO - [2024-08-05T00:16:58.215+0000] {dag.py:3089} INFO - Sync 1 DAGs
[2024-08-05T00:16:58.290+0000] {logging_mixin.py:188} INFO - [2024-08-05T00:16:58.290+0000] {dag.py:3947} INFO - Setting next_dagrun for example_branch_labels to 2024-08-04 00:00:00+00:00, run_after=2024-08-05 00:00:00+00:00
[2024-08-05T00:16:58.316+0000] {processor.py:183} INFO - Processing /home/airflow/.local/lib/python3.12/site-packages/airflow/example_dags/example_branch_labels.py took 0.402 seconds
[2024-08-05T00:17:28.678+0000] {processor.py:161} INFO - Started process (PID=15193) to work on /home/airflow/.local/lib/python3.12/site-packages/airflow/example_dags/example_branch_labels.py
[2024-08-05T00:17:28.681+0000] {processor.py:830} INFO - Processing file /home/airflow/.local/lib/python3.12/site-packages/airflow/example_dags/example_branch_labels.py for tasks to queue
[2024-08-05T00:17:28.683+0000] {logging_mixin.py:188} INFO - [2024-08-05T00:17:28.682+0000] {dagbag.py:545} INFO - Filling up the DagBag from /home/airflow/.local/lib/python3.12/site-packages/airflow/example_dags/example_branch_labels.py
[2024-08-05T00:17:28.707+0000] {processor.py:840} INFO - DAG(s) 'example_branch_labels' retrieved from /home/airflow/.local/lib/python3.12/site-packages/airflow/example_dags/example_branch_labels.py
[2024-08-05T00:17:28.753+0000] {logging_mixin.py:188} INFO - [2024-08-05T00:17:28.753+0000] {dag.py:3089} INFO - Sync 1 DAGs
[2024-08-05T00:17:28.794+0000] {logging_mixin.py:188} INFO - [2024-08-05T00:17:28.794+0000] {dag.py:3947} INFO - Setting next_dagrun for example_branch_labels to 2024-08-04 00:00:00+00:00, run_after=2024-08-05 00:00:00+00:00
[2024-08-05T00:17:28.838+0000] {processor.py:183} INFO - Processing /home/airflow/.local/lib/python3.12/site-packages/airflow/example_dags/example_branch_labels.py took 0.171 seconds
[2024-08-05T00:17:59.060+0000] {processor.py:161} INFO - Started process (PID=15259) to work on /home/airflow/.local/lib/python3.12/site-packages/airflow/example_dags/example_branch_labels.py
[2024-08-05T00:17:59.074+0000] {processor.py:830} INFO - Processing file /home/airflow/.local/lib/python3.12/site-packages/airflow/example_dags/example_branch_labels.py for tasks to queue
[2024-08-05T00:17:59.075+0000] {logging_mixin.py:188} INFO - [2024-08-05T00:17:59.075+0000] {dagbag.py:545} INFO - Filling up the DagBag from /home/airflow/.local/lib/python3.12/site-packages/airflow/example_dags/example_branch_labels.py
[2024-08-05T00:17:59.094+0000] {processor.py:840} INFO - DAG(s) 'example_branch_labels' retrieved from /home/airflow/.local/lib/python3.12/site-packages/airflow/example_dags/example_branch_labels.py
[2024-08-05T00:17:59.202+0000] {logging_mixin.py:188} INFO - [2024-08-05T00:17:59.202+0000] {dag.py:3089} INFO - Sync 1 DAGs
[2024-08-05T00:17:59.230+0000] {logging_mixin.py:188} INFO - [2024-08-05T00:17:59.230+0000] {dag.py:3947} INFO - Setting next_dagrun for example_branch_labels to 2024-08-04 00:00:00+00:00, run_after=2024-08-05 00:00:00+00:00
[2024-08-05T00:17:59.244+0000] {processor.py:183} INFO - Processing /home/airflow/.local/lib/python3.12/site-packages/airflow/example_dags/example_branch_labels.py took 0.199 seconds
[2024-08-05T00:18:29.984+0000] {processor.py:161} INFO - Started process (PID=15320) to work on /home/airflow/.local/lib/python3.12/site-packages/airflow/example_dags/example_branch_labels.py
[2024-08-05T00:18:29.986+0000] {processor.py:830} INFO - Processing file /home/airflow/.local/lib/python3.12/site-packages/airflow/example_dags/example_branch_labels.py for tasks to queue
[2024-08-05T00:18:29.988+0000] {logging_mixin.py:188} INFO - [2024-08-05T00:18:29.987+0000] {dagbag.py:545} INFO - Filling up the DagBag from /home/airflow/.local/lib/python3.12/site-packages/airflow/example_dags/example_branch_labels.py
[2024-08-05T00:18:30.003+0000] {processor.py:840} INFO - DAG(s) 'example_branch_labels' retrieved from /home/airflow/.local/lib/python3.12/site-packages/airflow/example_dags/example_branch_labels.py
[2024-08-05T00:18:30.061+0000] {logging_mixin.py:188} INFO - [2024-08-05T00:18:30.061+0000] {dag.py:3089} INFO - Sync 1 DAGs
[2024-08-05T00:18:30.083+0000] {logging_mixin.py:188} INFO - [2024-08-05T00:18:30.083+0000] {dag.py:3947} INFO - Setting next_dagrun for example_branch_labels to 2024-08-04 00:00:00+00:00, run_after=2024-08-05 00:00:00+00:00
[2024-08-05T00:18:30.115+0000] {processor.py:183} INFO - Processing /home/airflow/.local/lib/python3.12/site-packages/airflow/example_dags/example_branch_labels.py took 0.152 seconds
[2024-08-05T00:19:00.352+0000] {processor.py:161} INFO - Started process (PID=15381) to work on /home/airflow/.local/lib/python3.12/site-packages/airflow/example_dags/example_branch_labels.py
[2024-08-05T00:19:00.355+0000] {processor.py:830} INFO - Processing file /home/airflow/.local/lib/python3.12/site-packages/airflow/example_dags/example_branch_labels.py for tasks to queue
[2024-08-05T00:19:00.358+0000] {logging_mixin.py:188} INFO - [2024-08-05T00:19:00.358+0000] {dagbag.py:545} INFO - Filling up the DagBag from /home/airflow/.local/lib/python3.12/site-packages/airflow/example_dags/example_branch_labels.py
[2024-08-05T00:19:00.391+0000] {processor.py:840} INFO - DAG(s) 'example_branch_labels' retrieved from /home/airflow/.local/lib/python3.12/site-packages/airflow/example_dags/example_branch_labels.py
[2024-08-05T00:19:00.444+0000] {logging_mixin.py:188} INFO - [2024-08-05T00:19:00.444+0000] {dag.py:3089} INFO - Sync 1 DAGs
[2024-08-05T00:19:00.480+0000] {logging_mixin.py:188} INFO - [2024-08-05T00:19:00.479+0000] {dag.py:3947} INFO - Setting next_dagrun for example_branch_labels to 2024-08-04 00:00:00+00:00, run_after=2024-08-05 00:00:00+00:00
[2024-08-05T00:19:00.497+0000] {processor.py:183} INFO - Processing /home/airflow/.local/lib/python3.12/site-packages/airflow/example_dags/example_branch_labels.py took 0.158 seconds
[2024-08-05T00:19:30.583+0000] {processor.py:161} INFO - Started process (PID=15446) to work on /home/airflow/.local/lib/python3.12/site-packages/airflow/example_dags/example_branch_labels.py
[2024-08-05T00:19:30.584+0000] {processor.py:830} INFO - Processing file /home/airflow/.local/lib/python3.12/site-packages/airflow/example_dags/example_branch_labels.py for tasks to queue
[2024-08-05T00:19:30.585+0000] {logging_mixin.py:188} INFO - [2024-08-05T00:19:30.585+0000] {dagbag.py:545} INFO - Filling up the DagBag from /home/airflow/.local/lib/python3.12/site-packages/airflow/example_dags/example_branch_labels.py
[2024-08-05T00:19:30.591+0000] {processor.py:840} INFO - DAG(s) 'example_branch_labels' retrieved from /home/airflow/.local/lib/python3.12/site-packages/airflow/example_dags/example_branch_labels.py
[2024-08-05T00:19:30.619+0000] {logging_mixin.py:188} INFO - [2024-08-05T00:19:30.619+0000] {dag.py:3089} INFO - Sync 1 DAGs
[2024-08-05T00:19:30.636+0000] {logging_mixin.py:188} INFO - [2024-08-05T00:19:30.636+0000] {dag.py:3947} INFO - Setting next_dagrun for example_branch_labels to 2024-08-04 00:00:00+00:00, run_after=2024-08-05 00:00:00+00:00
[2024-08-05T00:19:30.650+0000] {processor.py:183} INFO - Processing /home/airflow/.local/lib/python3.12/site-packages/airflow/example_dags/example_branch_labels.py took 0.072 seconds
[2024-08-05T00:20:01.141+0000] {processor.py:161} INFO - Started process (PID=15512) to work on /home/airflow/.local/lib/python3.12/site-packages/airflow/example_dags/example_branch_labels.py
[2024-08-05T00:20:01.148+0000] {processor.py:830} INFO - Processing file /home/airflow/.local/lib/python3.12/site-packages/airflow/example_dags/example_branch_labels.py for tasks to queue
[2024-08-05T00:20:01.154+0000] {logging_mixin.py:188} INFO - [2024-08-05T00:20:01.151+0000] {dagbag.py:545} INFO - Filling up the DagBag from /home/airflow/.local/lib/python3.12/site-packages/airflow/example_dags/example_branch_labels.py
[2024-08-05T00:20:01.175+0000] {processor.py:840} INFO - DAG(s) 'example_branch_labels' retrieved from /home/airflow/.local/lib/python3.12/site-packages/airflow/example_dags/example_branch_labels.py
[2024-08-05T00:20:01.222+0000] {logging_mixin.py:188} INFO - [2024-08-05T00:20:01.222+0000] {dag.py:3089} INFO - Sync 1 DAGs
[2024-08-05T00:20:01.256+0000] {logging_mixin.py:188} INFO - [2024-08-05T00:20:01.256+0000] {dag.py:3947} INFO - Setting next_dagrun for example_branch_labels to 2024-08-04 00:00:00+00:00, run_after=2024-08-05 00:00:00+00:00
[2024-08-05T00:20:01.279+0000] {processor.py:183} INFO - Processing /home/airflow/.local/lib/python3.12/site-packages/airflow/example_dags/example_branch_labels.py took 0.159 seconds
[2024-08-05T00:20:31.893+0000] {processor.py:161} INFO - Started process (PID=15587) to work on /home/airflow/.local/lib/python3.12/site-packages/airflow/example_dags/example_branch_labels.py
[2024-08-05T00:20:31.903+0000] {processor.py:830} INFO - Processing file /home/airflow/.local/lib/python3.12/site-packages/airflow/example_dags/example_branch_labels.py for tasks to queue
[2024-08-05T00:20:31.904+0000] {logging_mixin.py:188} INFO - [2024-08-05T00:20:31.902+0000] {dagbag.py:545} INFO - Filling up the DagBag from /home/airflow/.local/lib/python3.12/site-packages/airflow/example_dags/example_branch_labels.py
[2024-08-05T00:20:31.950+0000] {processor.py:840} INFO - DAG(s) 'example_branch_labels' retrieved from /home/airflow/.local/lib/python3.12/site-packages/airflow/example_dags/example_branch_labels.py
[2024-08-05T00:20:32.452+0000] {logging_mixin.py:188} INFO - [2024-08-05T00:20:32.449+0000] {dag.py:3089} INFO - Sync 1 DAGs
[2024-08-05T00:20:32.778+0000] {logging_mixin.py:188} INFO - [2024-08-05T00:20:32.777+0000] {dag.py:3947} INFO - Setting next_dagrun for example_branch_labels to 2024-08-04 00:00:00+00:00, run_after=2024-08-05 00:00:00+00:00
[2024-08-05T00:20:32.910+0000] {processor.py:183} INFO - Processing /home/airflow/.local/lib/python3.12/site-packages/airflow/example_dags/example_branch_labels.py took 1.066 seconds
[2024-08-05T00:21:03.332+0000] {processor.py:161} INFO - Started process (PID=15648) to work on /home/airflow/.local/lib/python3.12/site-packages/airflow/example_dags/example_branch_labels.py
[2024-08-05T00:21:03.334+0000] {processor.py:830} INFO - Processing file /home/airflow/.local/lib/python3.12/site-packages/airflow/example_dags/example_branch_labels.py for tasks to queue
[2024-08-05T00:21:03.336+0000] {logging_mixin.py:188} INFO - [2024-08-05T00:21:03.335+0000] {dagbag.py:545} INFO - Filling up the DagBag from /home/airflow/.local/lib/python3.12/site-packages/airflow/example_dags/example_branch_labels.py
[2024-08-05T00:21:03.346+0000] {processor.py:840} INFO - DAG(s) 'example_branch_labels' retrieved from /home/airflow/.local/lib/python3.12/site-packages/airflow/example_dags/example_branch_labels.py
[2024-08-05T00:21:03.384+0000] {logging_mixin.py:188} INFO - [2024-08-05T00:21:03.384+0000] {dag.py:3089} INFO - Sync 1 DAGs
[2024-08-05T00:21:03.412+0000] {logging_mixin.py:188} INFO - [2024-08-05T00:21:03.412+0000] {dag.py:3947} INFO - Setting next_dagrun for example_branch_labels to 2024-08-04 00:00:00+00:00, run_after=2024-08-05 00:00:00+00:00
[2024-08-05T00:21:03.429+0000] {processor.py:183} INFO - Processing /home/airflow/.local/lib/python3.12/site-packages/airflow/example_dags/example_branch_labels.py took 0.107 seconds
[2024-08-05T00:21:33.913+0000] {processor.py:161} INFO - Started process (PID=15708) to work on /home/airflow/.local/lib/python3.12/site-packages/airflow/example_dags/example_branch_labels.py
[2024-08-05T00:21:33.918+0000] {processor.py:830} INFO - Processing file /home/airflow/.local/lib/python3.12/site-packages/airflow/example_dags/example_branch_labels.py for tasks to queue
[2024-08-05T00:21:33.922+0000] {logging_mixin.py:188} INFO - [2024-08-05T00:21:33.922+0000] {dagbag.py:545} INFO - Filling up the DagBag from /home/airflow/.local/lib/python3.12/site-packages/airflow/example_dags/example_branch_labels.py
[2024-08-05T00:21:33.944+0000] {processor.py:840} INFO - DAG(s) 'example_branch_labels' retrieved from /home/airflow/.local/lib/python3.12/site-packages/airflow/example_dags/example_branch_labels.py
[2024-08-05T00:21:34.062+0000] {logging_mixin.py:188} INFO - [2024-08-05T00:21:34.062+0000] {dag.py:3089} INFO - Sync 1 DAGs
[2024-08-05T00:21:34.112+0000] {logging_mixin.py:188} INFO - [2024-08-05T00:21:34.111+0000] {dag.py:3947} INFO - Setting next_dagrun for example_branch_labels to 2024-08-04 00:00:00+00:00, run_after=2024-08-05 00:00:00+00:00
[2024-08-05T00:21:34.162+0000] {processor.py:183} INFO - Processing /home/airflow/.local/lib/python3.12/site-packages/airflow/example_dags/example_branch_labels.py took 0.273 seconds
