[2024-08-05T00:00:01.801+0000] {processor.py:161} INFO - Started process (PID=13039) to work on /home/airflow/.local/lib/python3.12/site-packages/airflow/example_dags/example_latest_only_with_trigger.py
[2024-08-05T00:00:01.801+0000] {processor.py:830} INFO - Processing file /home/airflow/.local/lib/python3.12/site-packages/airflow/example_dags/example_latest_only_with_trigger.py for tasks to queue
[2024-08-05T00:00:01.802+0000] {logging_mixin.py:188} INFO - [2024-08-05T00:00:01.802+0000] {dagbag.py:545} INFO - Filling up the DagBag from /home/airflow/.local/lib/python3.12/site-packages/airflow/example_dags/example_latest_only_with_trigger.py
[2024-08-05T00:00:01.809+0000] {processor.py:840} INFO - DAG(s) 'latest_only_with_trigger' retrieved from /home/airflow/.local/lib/python3.12/site-packages/airflow/example_dags/example_latest_only_with_trigger.py
[2024-08-05T00:00:01.835+0000] {logging_mixin.py:188} INFO - [2024-08-05T00:00:01.834+0000] {dag.py:3089} INFO - Sync 1 DAGs
[2024-08-05T00:00:01.852+0000] {logging_mixin.py:188} INFO - [2024-08-05T00:00:01.852+0000] {dag.py:3947} INFO - Setting next_dagrun for latest_only_with_trigger to 2024-08-04 20:00:00+00:00, run_after=2024-08-05 00:00:00+00:00
[2024-08-05T00:00:01.865+0000] {processor.py:183} INFO - Processing /home/airflow/.local/lib/python3.12/site-packages/airflow/example_dags/example_latest_only_with_trigger.py took 0.068 seconds
[2024-08-05T00:00:32.722+0000] {processor.py:161} INFO - Started process (PID=13110) to work on /home/airflow/.local/lib/python3.12/site-packages/airflow/example_dags/example_latest_only_with_trigger.py
[2024-08-05T00:00:32.723+0000] {processor.py:830} INFO - Processing file /home/airflow/.local/lib/python3.12/site-packages/airflow/example_dags/example_latest_only_with_trigger.py for tasks to queue
[2024-08-05T00:00:32.724+0000] {logging_mixin.py:188} INFO - [2024-08-05T00:00:32.724+0000] {dagbag.py:545} INFO - Filling up the DagBag from /home/airflow/.local/lib/python3.12/site-packages/airflow/example_dags/example_latest_only_with_trigger.py
[2024-08-05T00:00:32.733+0000] {processor.py:840} INFO - DAG(s) 'latest_only_with_trigger' retrieved from /home/airflow/.local/lib/python3.12/site-packages/airflow/example_dags/example_latest_only_with_trigger.py
[2024-08-05T00:00:32.749+0000] {logging_mixin.py:188} INFO - [2024-08-05T00:00:32.749+0000] {dag.py:3089} INFO - Sync 1 DAGs
[2024-08-05T00:00:32.763+0000] {logging_mixin.py:188} INFO - [2024-08-05T00:00:32.762+0000] {dag.py:3947} INFO - Setting next_dagrun for latest_only_with_trigger to 2024-08-04 20:00:00+00:00, run_after=2024-08-05 00:00:00+00:00
[2024-08-05T00:00:32.771+0000] {processor.py:183} INFO - Processing /home/airflow/.local/lib/python3.12/site-packages/airflow/example_dags/example_latest_only_with_trigger.py took 0.052 seconds
[2024-08-05T00:01:03.260+0000] {processor.py:161} INFO - Started process (PID=13180) to work on /home/airflow/.local/lib/python3.12/site-packages/airflow/example_dags/example_latest_only_with_trigger.py
[2024-08-05T00:01:03.260+0000] {processor.py:830} INFO - Processing file /home/airflow/.local/lib/python3.12/site-packages/airflow/example_dags/example_latest_only_with_trigger.py for tasks to queue
[2024-08-05T00:01:03.261+0000] {logging_mixin.py:188} INFO - [2024-08-05T00:01:03.261+0000] {dagbag.py:545} INFO - Filling up the DagBag from /home/airflow/.local/lib/python3.12/site-packages/airflow/example_dags/example_latest_only_with_trigger.py
[2024-08-05T00:01:03.265+0000] {processor.py:840} INFO - DAG(s) 'latest_only_with_trigger' retrieved from /home/airflow/.local/lib/python3.12/site-packages/airflow/example_dags/example_latest_only_with_trigger.py
[2024-08-05T00:01:03.278+0000] {logging_mixin.py:188} INFO - [2024-08-05T00:01:03.278+0000] {dag.py:3089} INFO - Sync 1 DAGs
[2024-08-05T00:01:03.288+0000] {logging_mixin.py:188} INFO - [2024-08-05T00:01:03.288+0000] {dag.py:3947} INFO - Setting next_dagrun for latest_only_with_trigger to 2024-08-04 20:00:00+00:00, run_after=2024-08-05 00:00:00+00:00
[2024-08-05T00:01:03.297+0000] {processor.py:183} INFO - Processing /home/airflow/.local/lib/python3.12/site-packages/airflow/example_dags/example_latest_only_with_trigger.py took 0.040 seconds
[2024-08-05T00:01:34.418+0000] {processor.py:161} INFO - Started process (PID=13246) to work on /home/airflow/.local/lib/python3.12/site-packages/airflow/example_dags/example_latest_only_with_trigger.py
[2024-08-05T00:01:34.419+0000] {processor.py:830} INFO - Processing file /home/airflow/.local/lib/python3.12/site-packages/airflow/example_dags/example_latest_only_with_trigger.py for tasks to queue
[2024-08-05T00:01:34.422+0000] {logging_mixin.py:188} INFO - [2024-08-05T00:01:34.421+0000] {dagbag.py:545} INFO - Filling up the DagBag from /home/airflow/.local/lib/python3.12/site-packages/airflow/example_dags/example_latest_only_with_trigger.py
[2024-08-05T00:01:34.428+0000] {processor.py:840} INFO - DAG(s) 'latest_only_with_trigger' retrieved from /home/airflow/.local/lib/python3.12/site-packages/airflow/example_dags/example_latest_only_with_trigger.py
[2024-08-05T00:01:34.453+0000] {logging_mixin.py:188} INFO - [2024-08-05T00:01:34.452+0000] {dag.py:3089} INFO - Sync 1 DAGs
[2024-08-05T00:01:34.485+0000] {logging_mixin.py:188} INFO - [2024-08-05T00:01:34.484+0000] {dag.py:3947} INFO - Setting next_dagrun for latest_only_with_trigger to 2024-08-04 20:00:00+00:00, run_after=2024-08-05 00:00:00+00:00
[2024-08-05T00:01:34.515+0000] {processor.py:183} INFO - Processing /home/airflow/.local/lib/python3.12/site-packages/airflow/example_dags/example_latest_only_with_trigger.py took 0.105 seconds
[2024-08-05T00:02:04.736+0000] {processor.py:161} INFO - Started process (PID=13312) to work on /home/airflow/.local/lib/python3.12/site-packages/airflow/example_dags/example_latest_only_with_trigger.py
[2024-08-05T00:02:04.737+0000] {processor.py:830} INFO - Processing file /home/airflow/.local/lib/python3.12/site-packages/airflow/example_dags/example_latest_only_with_trigger.py for tasks to queue
[2024-08-05T00:02:04.737+0000] {logging_mixin.py:188} INFO - [2024-08-05T00:02:04.737+0000] {dagbag.py:545} INFO - Filling up the DagBag from /home/airflow/.local/lib/python3.12/site-packages/airflow/example_dags/example_latest_only_with_trigger.py
[2024-08-05T00:02:04.742+0000] {processor.py:840} INFO - DAG(s) 'latest_only_with_trigger' retrieved from /home/airflow/.local/lib/python3.12/site-packages/airflow/example_dags/example_latest_only_with_trigger.py
[2024-08-05T00:02:04.757+0000] {logging_mixin.py:188} INFO - [2024-08-05T00:02:04.757+0000] {dag.py:3089} INFO - Sync 1 DAGs
[2024-08-05T00:02:04.770+0000] {logging_mixin.py:188} INFO - [2024-08-05T00:02:04.770+0000] {dag.py:3947} INFO - Setting next_dagrun for latest_only_with_trigger to 2024-08-04 20:00:00+00:00, run_after=2024-08-05 00:00:00+00:00
[2024-08-05T00:02:04.780+0000] {processor.py:183} INFO - Processing /home/airflow/.local/lib/python3.12/site-packages/airflow/example_dags/example_latest_only_with_trigger.py took 0.047 seconds
[2024-08-05T00:02:35.261+0000] {processor.py:161} INFO - Started process (PID=13373) to work on /home/airflow/.local/lib/python3.12/site-packages/airflow/example_dags/example_latest_only_with_trigger.py
[2024-08-05T00:02:35.262+0000] {processor.py:830} INFO - Processing file /home/airflow/.local/lib/python3.12/site-packages/airflow/example_dags/example_latest_only_with_trigger.py for tasks to queue
[2024-08-05T00:02:35.263+0000] {logging_mixin.py:188} INFO - [2024-08-05T00:02:35.263+0000] {dagbag.py:545} INFO - Filling up the DagBag from /home/airflow/.local/lib/python3.12/site-packages/airflow/example_dags/example_latest_only_with_trigger.py
[2024-08-05T00:02:35.268+0000] {processor.py:840} INFO - DAG(s) 'latest_only_with_trigger' retrieved from /home/airflow/.local/lib/python3.12/site-packages/airflow/example_dags/example_latest_only_with_trigger.py
[2024-08-05T00:02:35.287+0000] {logging_mixin.py:188} INFO - [2024-08-05T00:02:35.287+0000] {dag.py:3089} INFO - Sync 1 DAGs
[2024-08-05T00:02:35.298+0000] {logging_mixin.py:188} INFO - [2024-08-05T00:02:35.298+0000] {dag.py:3947} INFO - Setting next_dagrun for latest_only_with_trigger to 2024-08-04 20:00:00+00:00, run_after=2024-08-05 00:00:00+00:00
[2024-08-05T00:02:35.311+0000] {processor.py:183} INFO - Processing /home/airflow/.local/lib/python3.12/site-packages/airflow/example_dags/example_latest_only_with_trigger.py took 0.054 seconds
[2024-08-05T00:03:05.682+0000] {processor.py:161} INFO - Started process (PID=13434) to work on /home/airflow/.local/lib/python3.12/site-packages/airflow/example_dags/example_latest_only_with_trigger.py
[2024-08-05T00:03:05.683+0000] {processor.py:830} INFO - Processing file /home/airflow/.local/lib/python3.12/site-packages/airflow/example_dags/example_latest_only_with_trigger.py for tasks to queue
[2024-08-05T00:03:05.683+0000] {logging_mixin.py:188} INFO - [2024-08-05T00:03:05.683+0000] {dagbag.py:545} INFO - Filling up the DagBag from /home/airflow/.local/lib/python3.12/site-packages/airflow/example_dags/example_latest_only_with_trigger.py
[2024-08-05T00:03:05.687+0000] {processor.py:840} INFO - DAG(s) 'latest_only_with_trigger' retrieved from /home/airflow/.local/lib/python3.12/site-packages/airflow/example_dags/example_latest_only_with_trigger.py
[2024-08-05T00:03:05.698+0000] {logging_mixin.py:188} INFO - [2024-08-05T00:03:05.698+0000] {dag.py:3089} INFO - Sync 1 DAGs
[2024-08-05T00:03:05.708+0000] {logging_mixin.py:188} INFO - [2024-08-05T00:03:05.707+0000] {dag.py:3947} INFO - Setting next_dagrun for latest_only_with_trigger to 2024-08-04 20:00:00+00:00, run_after=2024-08-05 00:00:00+00:00
[2024-08-05T00:03:05.716+0000] {processor.py:183} INFO - Processing /home/airflow/.local/lib/python3.12/site-packages/airflow/example_dags/example_latest_only_with_trigger.py took 0.036 seconds
[2024-08-05T00:03:36.116+0000] {processor.py:161} INFO - Started process (PID=13495) to work on /home/airflow/.local/lib/python3.12/site-packages/airflow/example_dags/example_latest_only_with_trigger.py
[2024-08-05T00:03:36.117+0000] {processor.py:830} INFO - Processing file /home/airflow/.local/lib/python3.12/site-packages/airflow/example_dags/example_latest_only_with_trigger.py for tasks to queue
[2024-08-05T00:03:36.118+0000] {logging_mixin.py:188} INFO - [2024-08-05T00:03:36.117+0000] {dagbag.py:545} INFO - Filling up the DagBag from /home/airflow/.local/lib/python3.12/site-packages/airflow/example_dags/example_latest_only_with_trigger.py
[2024-08-05T00:03:36.122+0000] {processor.py:840} INFO - DAG(s) 'latest_only_with_trigger' retrieved from /home/airflow/.local/lib/python3.12/site-packages/airflow/example_dags/example_latest_only_with_trigger.py
[2024-08-05T00:03:36.135+0000] {logging_mixin.py:188} INFO - [2024-08-05T00:03:36.135+0000] {dag.py:3089} INFO - Sync 1 DAGs
[2024-08-05T00:03:36.146+0000] {logging_mixin.py:188} INFO - [2024-08-05T00:03:36.146+0000] {dag.py:3947} INFO - Setting next_dagrun for latest_only_with_trigger to 2024-08-04 20:00:00+00:00, run_after=2024-08-05 00:00:00+00:00
[2024-08-05T00:03:36.154+0000] {processor.py:183} INFO - Processing /home/airflow/.local/lib/python3.12/site-packages/airflow/example_dags/example_latest_only_with_trigger.py took 0.042 seconds
[2024-08-05T00:04:06.670+0000] {processor.py:161} INFO - Started process (PID=13556) to work on /home/airflow/.local/lib/python3.12/site-packages/airflow/example_dags/example_latest_only_with_trigger.py
[2024-08-05T00:04:06.670+0000] {processor.py:830} INFO - Processing file /home/airflow/.local/lib/python3.12/site-packages/airflow/example_dags/example_latest_only_with_trigger.py for tasks to queue
[2024-08-05T00:04:06.671+0000] {logging_mixin.py:188} INFO - [2024-08-05T00:04:06.671+0000] {dagbag.py:545} INFO - Filling up the DagBag from /home/airflow/.local/lib/python3.12/site-packages/airflow/example_dags/example_latest_only_with_trigger.py
[2024-08-05T00:04:06.676+0000] {processor.py:840} INFO - DAG(s) 'latest_only_with_trigger' retrieved from /home/airflow/.local/lib/python3.12/site-packages/airflow/example_dags/example_latest_only_with_trigger.py
[2024-08-05T00:04:06.692+0000] {logging_mixin.py:188} INFO - [2024-08-05T00:04:06.692+0000] {dag.py:3089} INFO - Sync 1 DAGs
[2024-08-05T00:04:06.704+0000] {logging_mixin.py:188} INFO - [2024-08-05T00:04:06.704+0000] {dag.py:3947} INFO - Setting next_dagrun for latest_only_with_trigger to 2024-08-04 20:00:00+00:00, run_after=2024-08-05 00:00:00+00:00
[2024-08-05T00:04:06.715+0000] {processor.py:183} INFO - Processing /home/airflow/.local/lib/python3.12/site-packages/airflow/example_dags/example_latest_only_with_trigger.py took 0.049 seconds
[2024-08-05T00:04:36.946+0000] {processor.py:161} INFO - Started process (PID=13617) to work on /home/airflow/.local/lib/python3.12/site-packages/airflow/example_dags/example_latest_only_with_trigger.py
[2024-08-05T00:04:36.947+0000] {processor.py:830} INFO - Processing file /home/airflow/.local/lib/python3.12/site-packages/airflow/example_dags/example_latest_only_with_trigger.py for tasks to queue
[2024-08-05T00:04:36.948+0000] {logging_mixin.py:188} INFO - [2024-08-05T00:04:36.947+0000] {dagbag.py:545} INFO - Filling up the DagBag from /home/airflow/.local/lib/python3.12/site-packages/airflow/example_dags/example_latest_only_with_trigger.py
[2024-08-05T00:04:36.951+0000] {processor.py:840} INFO - DAG(s) 'latest_only_with_trigger' retrieved from /home/airflow/.local/lib/python3.12/site-packages/airflow/example_dags/example_latest_only_with_trigger.py
[2024-08-05T00:04:36.975+0000] {logging_mixin.py:188} INFO - [2024-08-05T00:04:36.975+0000] {dag.py:3089} INFO - Sync 1 DAGs
[2024-08-05T00:04:36.989+0000] {logging_mixin.py:188} INFO - [2024-08-05T00:04:36.989+0000] {dag.py:3947} INFO - Setting next_dagrun for latest_only_with_trigger to 2024-08-04 20:00:00+00:00, run_after=2024-08-05 00:00:00+00:00
[2024-08-05T00:04:37.004+0000] {processor.py:183} INFO - Processing /home/airflow/.local/lib/python3.12/site-packages/airflow/example_dags/example_latest_only_with_trigger.py took 0.062 seconds
[2024-08-05T00:05:07.238+0000] {processor.py:161} INFO - Started process (PID=13678) to work on /home/airflow/.local/lib/python3.12/site-packages/airflow/example_dags/example_latest_only_with_trigger.py
[2024-08-05T00:05:07.239+0000] {processor.py:830} INFO - Processing file /home/airflow/.local/lib/python3.12/site-packages/airflow/example_dags/example_latest_only_with_trigger.py for tasks to queue
[2024-08-05T00:05:07.239+0000] {logging_mixin.py:188} INFO - [2024-08-05T00:05:07.239+0000] {dagbag.py:545} INFO - Filling up the DagBag from /home/airflow/.local/lib/python3.12/site-packages/airflow/example_dags/example_latest_only_with_trigger.py
[2024-08-05T00:05:07.243+0000] {processor.py:840} INFO - DAG(s) 'latest_only_with_trigger' retrieved from /home/airflow/.local/lib/python3.12/site-packages/airflow/example_dags/example_latest_only_with_trigger.py
[2024-08-05T00:05:07.255+0000] {logging_mixin.py:188} INFO - [2024-08-05T00:05:07.255+0000] {dag.py:3089} INFO - Sync 1 DAGs
[2024-08-05T00:05:07.268+0000] {logging_mixin.py:188} INFO - [2024-08-05T00:05:07.268+0000] {dag.py:3947} INFO - Setting next_dagrun for latest_only_with_trigger to 2024-08-04 20:00:00+00:00, run_after=2024-08-05 00:00:00+00:00
[2024-08-05T00:05:07.282+0000] {processor.py:183} INFO - Processing /home/airflow/.local/lib/python3.12/site-packages/airflow/example_dags/example_latest_only_with_trigger.py took 0.048 seconds
[2024-08-05T00:05:37.721+0000] {processor.py:161} INFO - Started process (PID=13739) to work on /home/airflow/.local/lib/python3.12/site-packages/airflow/example_dags/example_latest_only_with_trigger.py
[2024-08-05T00:05:37.722+0000] {processor.py:830} INFO - Processing file /home/airflow/.local/lib/python3.12/site-packages/airflow/example_dags/example_latest_only_with_trigger.py for tasks to queue
[2024-08-05T00:05:37.723+0000] {logging_mixin.py:188} INFO - [2024-08-05T00:05:37.722+0000] {dagbag.py:545} INFO - Filling up the DagBag from /home/airflow/.local/lib/python3.12/site-packages/airflow/example_dags/example_latest_only_with_trigger.py
[2024-08-05T00:05:37.727+0000] {processor.py:840} INFO - DAG(s) 'latest_only_with_trigger' retrieved from /home/airflow/.local/lib/python3.12/site-packages/airflow/example_dags/example_latest_only_with_trigger.py
[2024-08-05T00:05:37.743+0000] {logging_mixin.py:188} INFO - [2024-08-05T00:05:37.743+0000] {dag.py:3089} INFO - Sync 1 DAGs
[2024-08-05T00:05:37.757+0000] {logging_mixin.py:188} INFO - [2024-08-05T00:05:37.757+0000] {dag.py:3947} INFO - Setting next_dagrun for latest_only_with_trigger to 2024-08-04 20:00:00+00:00, run_after=2024-08-05 00:00:00+00:00
[2024-08-05T00:05:37.768+0000] {processor.py:183} INFO - Processing /home/airflow/.local/lib/python3.12/site-packages/airflow/example_dags/example_latest_only_with_trigger.py took 0.052 seconds
[2024-08-05T00:06:08.165+0000] {processor.py:161} INFO - Started process (PID=13800) to work on /home/airflow/.local/lib/python3.12/site-packages/airflow/example_dags/example_latest_only_with_trigger.py
[2024-08-05T00:06:08.166+0000] {processor.py:830} INFO - Processing file /home/airflow/.local/lib/python3.12/site-packages/airflow/example_dags/example_latest_only_with_trigger.py for tasks to queue
[2024-08-05T00:06:08.166+0000] {logging_mixin.py:188} INFO - [2024-08-05T00:06:08.166+0000] {dagbag.py:545} INFO - Filling up the DagBag from /home/airflow/.local/lib/python3.12/site-packages/airflow/example_dags/example_latest_only_with_trigger.py
[2024-08-05T00:06:08.171+0000] {processor.py:840} INFO - DAG(s) 'latest_only_with_trigger' retrieved from /home/airflow/.local/lib/python3.12/site-packages/airflow/example_dags/example_latest_only_with_trigger.py
[2024-08-05T00:06:08.189+0000] {logging_mixin.py:188} INFO - [2024-08-05T00:06:08.189+0000] {dag.py:3089} INFO - Sync 1 DAGs
[2024-08-05T00:06:08.204+0000] {logging_mixin.py:188} INFO - [2024-08-05T00:06:08.204+0000] {dag.py:3947} INFO - Setting next_dagrun for latest_only_with_trigger to 2024-08-04 20:00:00+00:00, run_after=2024-08-05 00:00:00+00:00
[2024-08-05T00:06:08.216+0000] {processor.py:183} INFO - Processing /home/airflow/.local/lib/python3.12/site-packages/airflow/example_dags/example_latest_only_with_trigger.py took 0.054 seconds
[2024-08-05T00:06:38.898+0000] {processor.py:161} INFO - Started process (PID=13861) to work on /home/airflow/.local/lib/python3.12/site-packages/airflow/example_dags/example_latest_only_with_trigger.py
[2024-08-05T00:06:38.899+0000] {processor.py:830} INFO - Processing file /home/airflow/.local/lib/python3.12/site-packages/airflow/example_dags/example_latest_only_with_trigger.py for tasks to queue
[2024-08-05T00:06:38.900+0000] {logging_mixin.py:188} INFO - [2024-08-05T00:06:38.900+0000] {dagbag.py:545} INFO - Filling up the DagBag from /home/airflow/.local/lib/python3.12/site-packages/airflow/example_dags/example_latest_only_with_trigger.py
[2024-08-05T00:06:38.909+0000] {processor.py:840} INFO - DAG(s) 'latest_only_with_trigger' retrieved from /home/airflow/.local/lib/python3.12/site-packages/airflow/example_dags/example_latest_only_with_trigger.py
[2024-08-05T00:06:38.935+0000] {logging_mixin.py:188} INFO - [2024-08-05T00:06:38.935+0000] {dag.py:3089} INFO - Sync 1 DAGs
[2024-08-05T00:06:38.951+0000] {logging_mixin.py:188} INFO - [2024-08-05T00:06:38.951+0000] {dag.py:3947} INFO - Setting next_dagrun for latest_only_with_trigger to 2024-08-04 20:00:00+00:00, run_after=2024-08-05 00:00:00+00:00
[2024-08-05T00:06:38.964+0000] {processor.py:183} INFO - Processing /home/airflow/.local/lib/python3.12/site-packages/airflow/example_dags/example_latest_only_with_trigger.py took 0.071 seconds
[2024-08-05T00:07:09.082+0000] {processor.py:161} INFO - Started process (PID=13930) to work on /home/airflow/.local/lib/python3.12/site-packages/airflow/example_dags/example_latest_only_with_trigger.py
[2024-08-05T00:07:09.083+0000] {processor.py:830} INFO - Processing file /home/airflow/.local/lib/python3.12/site-packages/airflow/example_dags/example_latest_only_with_trigger.py for tasks to queue
[2024-08-05T00:07:09.084+0000] {logging_mixin.py:188} INFO - [2024-08-05T00:07:09.084+0000] {dagbag.py:545} INFO - Filling up the DagBag from /home/airflow/.local/lib/python3.12/site-packages/airflow/example_dags/example_latest_only_with_trigger.py
[2024-08-05T00:07:09.088+0000] {processor.py:840} INFO - DAG(s) 'latest_only_with_trigger' retrieved from /home/airflow/.local/lib/python3.12/site-packages/airflow/example_dags/example_latest_only_with_trigger.py
[2024-08-05T00:07:09.101+0000] {logging_mixin.py:188} INFO - [2024-08-05T00:07:09.101+0000] {dag.py:3089} INFO - Sync 1 DAGs
[2024-08-05T00:07:09.112+0000] {logging_mixin.py:188} INFO - [2024-08-05T00:07:09.112+0000] {dag.py:3947} INFO - Setting next_dagrun for latest_only_with_trigger to 2024-08-04 20:00:00+00:00, run_after=2024-08-05 00:00:00+00:00
[2024-08-05T00:07:09.128+0000] {processor.py:183} INFO - Processing /home/airflow/.local/lib/python3.12/site-packages/airflow/example_dags/example_latest_only_with_trigger.py took 0.049 seconds
[2024-08-05T00:07:39.365+0000] {processor.py:161} INFO - Started process (PID=13991) to work on /home/airflow/.local/lib/python3.12/site-packages/airflow/example_dags/example_latest_only_with_trigger.py
[2024-08-05T00:07:39.367+0000] {processor.py:830} INFO - Processing file /home/airflow/.local/lib/python3.12/site-packages/airflow/example_dags/example_latest_only_with_trigger.py for tasks to queue
[2024-08-05T00:07:39.369+0000] {logging_mixin.py:188} INFO - [2024-08-05T00:07:39.368+0000] {dagbag.py:545} INFO - Filling up the DagBag from /home/airflow/.local/lib/python3.12/site-packages/airflow/example_dags/example_latest_only_with_trigger.py
[2024-08-05T00:07:39.374+0000] {processor.py:840} INFO - DAG(s) 'latest_only_with_trigger' retrieved from /home/airflow/.local/lib/python3.12/site-packages/airflow/example_dags/example_latest_only_with_trigger.py
[2024-08-05T00:07:39.393+0000] {logging_mixin.py:188} INFO - [2024-08-05T00:07:39.392+0000] {dag.py:3089} INFO - Sync 1 DAGs
[2024-08-05T00:07:39.406+0000] {logging_mixin.py:188} INFO - [2024-08-05T00:07:39.406+0000] {dag.py:3947} INFO - Setting next_dagrun for latest_only_with_trigger to 2024-08-04 20:00:00+00:00, run_after=2024-08-05 00:00:00+00:00
[2024-08-05T00:07:39.424+0000] {processor.py:183} INFO - Processing /home/airflow/.local/lib/python3.12/site-packages/airflow/example_dags/example_latest_only_with_trigger.py took 0.063 seconds
[2024-08-05T00:08:09.803+0000] {processor.py:161} INFO - Started process (PID=14052) to work on /home/airflow/.local/lib/python3.12/site-packages/airflow/example_dags/example_latest_only_with_trigger.py
[2024-08-05T00:08:09.805+0000] {processor.py:830} INFO - Processing file /home/airflow/.local/lib/python3.12/site-packages/airflow/example_dags/example_latest_only_with_trigger.py for tasks to queue
[2024-08-05T00:08:09.806+0000] {logging_mixin.py:188} INFO - [2024-08-05T00:08:09.806+0000] {dagbag.py:545} INFO - Filling up the DagBag from /home/airflow/.local/lib/python3.12/site-packages/airflow/example_dags/example_latest_only_with_trigger.py
[2024-08-05T00:08:09.813+0000] {processor.py:840} INFO - DAG(s) 'latest_only_with_trigger' retrieved from /home/airflow/.local/lib/python3.12/site-packages/airflow/example_dags/example_latest_only_with_trigger.py
[2024-08-05T00:08:09.832+0000] {logging_mixin.py:188} INFO - [2024-08-05T00:08:09.832+0000] {dag.py:3089} INFO - Sync 1 DAGs
[2024-08-05T00:08:09.845+0000] {logging_mixin.py:188} INFO - [2024-08-05T00:08:09.845+0000] {dag.py:3947} INFO - Setting next_dagrun for latest_only_with_trigger to 2024-08-04 20:00:00+00:00, run_after=2024-08-05 00:00:00+00:00
[2024-08-05T00:08:09.859+0000] {processor.py:183} INFO - Processing /home/airflow/.local/lib/python3.12/site-packages/airflow/example_dags/example_latest_only_with_trigger.py took 0.060 seconds
[2024-08-05T00:08:40.273+0000] {processor.py:161} INFO - Started process (PID=14113) to work on /home/airflow/.local/lib/python3.12/site-packages/airflow/example_dags/example_latest_only_with_trigger.py
[2024-08-05T00:08:40.274+0000] {processor.py:830} INFO - Processing file /home/airflow/.local/lib/python3.12/site-packages/airflow/example_dags/example_latest_only_with_trigger.py for tasks to queue
[2024-08-05T00:08:40.274+0000] {logging_mixin.py:188} INFO - [2024-08-05T00:08:40.274+0000] {dagbag.py:545} INFO - Filling up the DagBag from /home/airflow/.local/lib/python3.12/site-packages/airflow/example_dags/example_latest_only_with_trigger.py
[2024-08-05T00:08:40.278+0000] {processor.py:840} INFO - DAG(s) 'latest_only_with_trigger' retrieved from /home/airflow/.local/lib/python3.12/site-packages/airflow/example_dags/example_latest_only_with_trigger.py
[2024-08-05T00:08:40.300+0000] {logging_mixin.py:188} INFO - [2024-08-05T00:08:40.300+0000] {dag.py:3089} INFO - Sync 1 DAGs
[2024-08-05T00:08:40.319+0000] {logging_mixin.py:188} INFO - [2024-08-05T00:08:40.319+0000] {dag.py:3947} INFO - Setting next_dagrun for latest_only_with_trigger to 2024-08-04 20:00:00+00:00, run_after=2024-08-05 00:00:00+00:00
[2024-08-05T00:08:40.328+0000] {processor.py:183} INFO - Processing /home/airflow/.local/lib/python3.12/site-packages/airflow/example_dags/example_latest_only_with_trigger.py took 0.060 seconds
[2024-08-05T00:09:10.829+0000] {processor.py:161} INFO - Started process (PID=14175) to work on /home/airflow/.local/lib/python3.12/site-packages/airflow/example_dags/example_latest_only_with_trigger.py
[2024-08-05T00:09:10.830+0000] {processor.py:830} INFO - Processing file /home/airflow/.local/lib/python3.12/site-packages/airflow/example_dags/example_latest_only_with_trigger.py for tasks to queue
[2024-08-05T00:09:10.831+0000] {logging_mixin.py:188} INFO - [2024-08-05T00:09:10.830+0000] {dagbag.py:545} INFO - Filling up the DagBag from /home/airflow/.local/lib/python3.12/site-packages/airflow/example_dags/example_latest_only_with_trigger.py
[2024-08-05T00:09:10.836+0000] {processor.py:840} INFO - DAG(s) 'latest_only_with_trigger' retrieved from /home/airflow/.local/lib/python3.12/site-packages/airflow/example_dags/example_latest_only_with_trigger.py
[2024-08-05T00:09:10.856+0000] {logging_mixin.py:188} INFO - [2024-08-05T00:09:10.856+0000] {dag.py:3089} INFO - Sync 1 DAGs
[2024-08-05T00:09:10.868+0000] {logging_mixin.py:188} INFO - [2024-08-05T00:09:10.868+0000] {dag.py:3947} INFO - Setting next_dagrun for latest_only_with_trigger to 2024-08-04 20:00:00+00:00, run_after=2024-08-05 00:00:00+00:00
[2024-08-05T00:09:10.877+0000] {processor.py:183} INFO - Processing /home/airflow/.local/lib/python3.12/site-packages/airflow/example_dags/example_latest_only_with_trigger.py took 0.057 seconds
[2024-08-05T00:09:41.653+0000] {processor.py:161} INFO - Started process (PID=14236) to work on /home/airflow/.local/lib/python3.12/site-packages/airflow/example_dags/example_latest_only_with_trigger.py
[2024-08-05T00:09:41.654+0000] {processor.py:830} INFO - Processing file /home/airflow/.local/lib/python3.12/site-packages/airflow/example_dags/example_latest_only_with_trigger.py for tasks to queue
[2024-08-05T00:09:41.654+0000] {logging_mixin.py:188} INFO - [2024-08-05T00:09:41.654+0000] {dagbag.py:545} INFO - Filling up the DagBag from /home/airflow/.local/lib/python3.12/site-packages/airflow/example_dags/example_latest_only_with_trigger.py
[2024-08-05T00:09:41.658+0000] {processor.py:840} INFO - DAG(s) 'latest_only_with_trigger' retrieved from /home/airflow/.local/lib/python3.12/site-packages/airflow/example_dags/example_latest_only_with_trigger.py
[2024-08-05T00:09:41.677+0000] {logging_mixin.py:188} INFO - [2024-08-05T00:09:41.676+0000] {dag.py:3089} INFO - Sync 1 DAGs
[2024-08-05T00:09:41.687+0000] {logging_mixin.py:188} INFO - [2024-08-05T00:09:41.687+0000] {dag.py:3947} INFO - Setting next_dagrun for latest_only_with_trigger to 2024-08-04 20:00:00+00:00, run_after=2024-08-05 00:00:00+00:00
[2024-08-05T00:09:41.701+0000] {processor.py:183} INFO - Processing /home/airflow/.local/lib/python3.12/site-packages/airflow/example_dags/example_latest_only_with_trigger.py took 0.052 seconds
[2024-08-05T00:10:12.856+0000] {processor.py:161} INFO - Started process (PID=14302) to work on /home/airflow/.local/lib/python3.12/site-packages/airflow/example_dags/example_latest_only_with_trigger.py
[2024-08-05T00:10:12.858+0000] {processor.py:830} INFO - Processing file /home/airflow/.local/lib/python3.12/site-packages/airflow/example_dags/example_latest_only_with_trigger.py for tasks to queue
[2024-08-05T00:10:12.860+0000] {logging_mixin.py:188} INFO - [2024-08-05T00:10:12.859+0000] {dagbag.py:545} INFO - Filling up the DagBag from /home/airflow/.local/lib/python3.12/site-packages/airflow/example_dags/example_latest_only_with_trigger.py
[2024-08-05T00:10:12.890+0000] {processor.py:840} INFO - DAG(s) 'latest_only_with_trigger' retrieved from /home/airflow/.local/lib/python3.12/site-packages/airflow/example_dags/example_latest_only_with_trigger.py
[2024-08-05T00:10:12.982+0000] {logging_mixin.py:188} INFO - [2024-08-05T00:10:12.981+0000] {dag.py:3089} INFO - Sync 1 DAGs
[2024-08-05T00:10:13.036+0000] {logging_mixin.py:188} INFO - [2024-08-05T00:10:13.035+0000] {dag.py:3947} INFO - Setting next_dagrun for latest_only_with_trigger to 2024-08-04 20:00:00+00:00, run_after=2024-08-05 00:00:00+00:00
[2024-08-05T00:10:13.074+0000] {processor.py:183} INFO - Processing /home/airflow/.local/lib/python3.12/site-packages/airflow/example_dags/example_latest_only_with_trigger.py took 0.247 seconds
[2024-08-05T00:10:43.344+0000] {processor.py:161} INFO - Started process (PID=14368) to work on /home/airflow/.local/lib/python3.12/site-packages/airflow/example_dags/example_latest_only_with_trigger.py
[2024-08-05T00:10:43.344+0000] {processor.py:830} INFO - Processing file /home/airflow/.local/lib/python3.12/site-packages/airflow/example_dags/example_latest_only_with_trigger.py for tasks to queue
[2024-08-05T00:10:43.345+0000] {logging_mixin.py:188} INFO - [2024-08-05T00:10:43.345+0000] {dagbag.py:545} INFO - Filling up the DagBag from /home/airflow/.local/lib/python3.12/site-packages/airflow/example_dags/example_latest_only_with_trigger.py
[2024-08-05T00:10:43.348+0000] {processor.py:840} INFO - DAG(s) 'latest_only_with_trigger' retrieved from /home/airflow/.local/lib/python3.12/site-packages/airflow/example_dags/example_latest_only_with_trigger.py
[2024-08-05T00:10:43.363+0000] {logging_mixin.py:188} INFO - [2024-08-05T00:10:43.363+0000] {dag.py:3089} INFO - Sync 1 DAGs
[2024-08-05T00:10:43.373+0000] {logging_mixin.py:188} INFO - [2024-08-05T00:10:43.373+0000] {dag.py:3947} INFO - Setting next_dagrun for latest_only_with_trigger to 2024-08-04 20:00:00+00:00, run_after=2024-08-05 00:00:00+00:00
[2024-08-05T00:10:43.382+0000] {processor.py:183} INFO - Processing /home/airflow/.local/lib/python3.12/site-packages/airflow/example_dags/example_latest_only_with_trigger.py took 0.041 seconds
[2024-08-05T00:11:13.969+0000] {processor.py:161} INFO - Started process (PID=14439) to work on /home/airflow/.local/lib/python3.12/site-packages/airflow/example_dags/example_latest_only_with_trigger.py
[2024-08-05T00:11:13.970+0000] {processor.py:830} INFO - Processing file /home/airflow/.local/lib/python3.12/site-packages/airflow/example_dags/example_latest_only_with_trigger.py for tasks to queue
[2024-08-05T00:11:13.971+0000] {logging_mixin.py:188} INFO - [2024-08-05T00:11:13.971+0000] {dagbag.py:545} INFO - Filling up the DagBag from /home/airflow/.local/lib/python3.12/site-packages/airflow/example_dags/example_latest_only_with_trigger.py
[2024-08-05T00:11:13.982+0000] {processor.py:840} INFO - DAG(s) 'latest_only_with_trigger' retrieved from /home/airflow/.local/lib/python3.12/site-packages/airflow/example_dags/example_latest_only_with_trigger.py
[2024-08-05T00:11:14.031+0000] {logging_mixin.py:188} INFO - [2024-08-05T00:11:14.031+0000] {dag.py:3089} INFO - Sync 1 DAGs
[2024-08-05T00:11:14.067+0000] {logging_mixin.py:188} INFO - [2024-08-05T00:11:14.066+0000] {dag.py:3947} INFO - Setting next_dagrun for latest_only_with_trigger to 2024-08-04 20:00:00+00:00, run_after=2024-08-05 00:00:00+00:00
[2024-08-05T00:11:14.103+0000] {processor.py:183} INFO - Processing /home/airflow/.local/lib/python3.12/site-packages/airflow/example_dags/example_latest_only_with_trigger.py took 0.139 seconds
[2024-08-05T00:11:44.337+0000] {processor.py:161} INFO - Started process (PID=14500) to work on /home/airflow/.local/lib/python3.12/site-packages/airflow/example_dags/example_latest_only_with_trigger.py
[2024-08-05T00:11:44.338+0000] {processor.py:830} INFO - Processing file /home/airflow/.local/lib/python3.12/site-packages/airflow/example_dags/example_latest_only_with_trigger.py for tasks to queue
[2024-08-05T00:11:44.339+0000] {logging_mixin.py:188} INFO - [2024-08-05T00:11:44.338+0000] {dagbag.py:545} INFO - Filling up the DagBag from /home/airflow/.local/lib/python3.12/site-packages/airflow/example_dags/example_latest_only_with_trigger.py
[2024-08-05T00:11:44.343+0000] {processor.py:840} INFO - DAG(s) 'latest_only_with_trigger' retrieved from /home/airflow/.local/lib/python3.12/site-packages/airflow/example_dags/example_latest_only_with_trigger.py
[2024-08-05T00:11:44.356+0000] {logging_mixin.py:188} INFO - [2024-08-05T00:11:44.356+0000] {dag.py:3089} INFO - Sync 1 DAGs
[2024-08-05T00:11:44.367+0000] {logging_mixin.py:188} INFO - [2024-08-05T00:11:44.367+0000] {dag.py:3947} INFO - Setting next_dagrun for latest_only_with_trigger to 2024-08-04 20:00:00+00:00, run_after=2024-08-05 00:00:00+00:00
[2024-08-05T00:11:44.375+0000] {processor.py:183} INFO - Processing /home/airflow/.local/lib/python3.12/site-packages/airflow/example_dags/example_latest_only_with_trigger.py took 0.042 seconds
[2024-08-05T00:12:14.490+0000] {processor.py:161} INFO - Started process (PID=14561) to work on /home/airflow/.local/lib/python3.12/site-packages/airflow/example_dags/example_latest_only_with_trigger.py
[2024-08-05T00:12:14.491+0000] {processor.py:830} INFO - Processing file /home/airflow/.local/lib/python3.12/site-packages/airflow/example_dags/example_latest_only_with_trigger.py for tasks to queue
[2024-08-05T00:12:14.492+0000] {logging_mixin.py:188} INFO - [2024-08-05T00:12:14.492+0000] {dagbag.py:545} INFO - Filling up the DagBag from /home/airflow/.local/lib/python3.12/site-packages/airflow/example_dags/example_latest_only_with_trigger.py
[2024-08-05T00:12:14.497+0000] {processor.py:840} INFO - DAG(s) 'latest_only_with_trigger' retrieved from /home/airflow/.local/lib/python3.12/site-packages/airflow/example_dags/example_latest_only_with_trigger.py
[2024-08-05T00:12:14.513+0000] {logging_mixin.py:188} INFO - [2024-08-05T00:12:14.513+0000] {dag.py:3089} INFO - Sync 1 DAGs
[2024-08-05T00:12:14.525+0000] {logging_mixin.py:188} INFO - [2024-08-05T00:12:14.525+0000] {dag.py:3947} INFO - Setting next_dagrun for latest_only_with_trigger to 2024-08-04 20:00:00+00:00, run_after=2024-08-05 00:00:00+00:00
[2024-08-05T00:12:14.534+0000] {processor.py:183} INFO - Processing /home/airflow/.local/lib/python3.12/site-packages/airflow/example_dags/example_latest_only_with_trigger.py took 0.048 seconds
[2024-08-05T00:12:44.943+0000] {processor.py:161} INFO - Started process (PID=14622) to work on /home/airflow/.local/lib/python3.12/site-packages/airflow/example_dags/example_latest_only_with_trigger.py
[2024-08-05T00:12:44.943+0000] {processor.py:830} INFO - Processing file /home/airflow/.local/lib/python3.12/site-packages/airflow/example_dags/example_latest_only_with_trigger.py for tasks to queue
[2024-08-05T00:12:44.944+0000] {logging_mixin.py:188} INFO - [2024-08-05T00:12:44.944+0000] {dagbag.py:545} INFO - Filling up the DagBag from /home/airflow/.local/lib/python3.12/site-packages/airflow/example_dags/example_latest_only_with_trigger.py
[2024-08-05T00:12:44.947+0000] {processor.py:840} INFO - DAG(s) 'latest_only_with_trigger' retrieved from /home/airflow/.local/lib/python3.12/site-packages/airflow/example_dags/example_latest_only_with_trigger.py
[2024-08-05T00:12:44.959+0000] {logging_mixin.py:188} INFO - [2024-08-05T00:12:44.959+0000] {dag.py:3089} INFO - Sync 1 DAGs
[2024-08-05T00:12:44.969+0000] {logging_mixin.py:188} INFO - [2024-08-05T00:12:44.968+0000] {dag.py:3947} INFO - Setting next_dagrun for latest_only_with_trigger to 2024-08-04 20:00:00+00:00, run_after=2024-08-05 00:00:00+00:00
[2024-08-05T00:12:44.976+0000] {processor.py:183} INFO - Processing /home/airflow/.local/lib/python3.12/site-packages/airflow/example_dags/example_latest_only_with_trigger.py took 0.037 seconds
[2024-08-05T00:13:15.297+0000] {processor.py:161} INFO - Started process (PID=14683) to work on /home/airflow/.local/lib/python3.12/site-packages/airflow/example_dags/example_latest_only_with_trigger.py
[2024-08-05T00:13:15.298+0000] {processor.py:830} INFO - Processing file /home/airflow/.local/lib/python3.12/site-packages/airflow/example_dags/example_latest_only_with_trigger.py for tasks to queue
[2024-08-05T00:13:15.298+0000] {logging_mixin.py:188} INFO - [2024-08-05T00:13:15.298+0000] {dagbag.py:545} INFO - Filling up the DagBag from /home/airflow/.local/lib/python3.12/site-packages/airflow/example_dags/example_latest_only_with_trigger.py
[2024-08-05T00:13:15.302+0000] {processor.py:840} INFO - DAG(s) 'latest_only_with_trigger' retrieved from /home/airflow/.local/lib/python3.12/site-packages/airflow/example_dags/example_latest_only_with_trigger.py
[2024-08-05T00:13:15.314+0000] {logging_mixin.py:188} INFO - [2024-08-05T00:13:15.314+0000] {dag.py:3089} INFO - Sync 1 DAGs
[2024-08-05T00:13:15.325+0000] {logging_mixin.py:188} INFO - [2024-08-05T00:13:15.324+0000] {dag.py:3947} INFO - Setting next_dagrun for latest_only_with_trigger to 2024-08-04 20:00:00+00:00, run_after=2024-08-05 00:00:00+00:00
[2024-08-05T00:13:15.335+0000] {processor.py:183} INFO - Processing /home/airflow/.local/lib/python3.12/site-packages/airflow/example_dags/example_latest_only_with_trigger.py took 0.042 seconds
[2024-08-05T00:13:45.595+0000] {processor.py:161} INFO - Started process (PID=14744) to work on /home/airflow/.local/lib/python3.12/site-packages/airflow/example_dags/example_latest_only_with_trigger.py
[2024-08-05T00:13:45.596+0000] {processor.py:830} INFO - Processing file /home/airflow/.local/lib/python3.12/site-packages/airflow/example_dags/example_latest_only_with_trigger.py for tasks to queue
[2024-08-05T00:13:45.597+0000] {logging_mixin.py:188} INFO - [2024-08-05T00:13:45.597+0000] {dagbag.py:545} INFO - Filling up the DagBag from /home/airflow/.local/lib/python3.12/site-packages/airflow/example_dags/example_latest_only_with_trigger.py
[2024-08-05T00:13:45.603+0000] {processor.py:840} INFO - DAG(s) 'latest_only_with_trigger' retrieved from /home/airflow/.local/lib/python3.12/site-packages/airflow/example_dags/example_latest_only_with_trigger.py
[2024-08-05T00:13:45.623+0000] {logging_mixin.py:188} INFO - [2024-08-05T00:13:45.623+0000] {dag.py:3089} INFO - Sync 1 DAGs
[2024-08-05T00:13:45.635+0000] {logging_mixin.py:188} INFO - [2024-08-05T00:13:45.635+0000] {dag.py:3947} INFO - Setting next_dagrun for latest_only_with_trigger to 2024-08-04 20:00:00+00:00, run_after=2024-08-05 00:00:00+00:00
[2024-08-05T00:13:45.647+0000] {processor.py:183} INFO - Processing /home/airflow/.local/lib/python3.12/site-packages/airflow/example_dags/example_latest_only_with_trigger.py took 0.059 seconds
[2024-08-05T00:14:16.181+0000] {processor.py:161} INFO - Started process (PID=14811) to work on /home/airflow/.local/lib/python3.12/site-packages/airflow/example_dags/example_latest_only_with_trigger.py
[2024-08-05T00:14:16.181+0000] {processor.py:830} INFO - Processing file /home/airflow/.local/lib/python3.12/site-packages/airflow/example_dags/example_latest_only_with_trigger.py for tasks to queue
[2024-08-05T00:14:16.182+0000] {logging_mixin.py:188} INFO - [2024-08-05T00:14:16.182+0000] {dagbag.py:545} INFO - Filling up the DagBag from /home/airflow/.local/lib/python3.12/site-packages/airflow/example_dags/example_latest_only_with_trigger.py
[2024-08-05T00:14:16.185+0000] {processor.py:840} INFO - DAG(s) 'latest_only_with_trigger' retrieved from /home/airflow/.local/lib/python3.12/site-packages/airflow/example_dags/example_latest_only_with_trigger.py
[2024-08-05T00:14:16.197+0000] {logging_mixin.py:188} INFO - [2024-08-05T00:14:16.196+0000] {dag.py:3089} INFO - Sync 1 DAGs
[2024-08-05T00:14:16.206+0000] {logging_mixin.py:188} INFO - [2024-08-05T00:14:16.206+0000] {dag.py:3947} INFO - Setting next_dagrun for latest_only_with_trigger to 2024-08-04 20:00:00+00:00, run_after=2024-08-05 00:00:00+00:00
[2024-08-05T00:14:16.215+0000] {processor.py:183} INFO - Processing /home/airflow/.local/lib/python3.12/site-packages/airflow/example_dags/example_latest_only_with_trigger.py took 0.037 seconds
[2024-08-05T00:14:46.472+0000] {processor.py:161} INFO - Started process (PID=14872) to work on /home/airflow/.local/lib/python3.12/site-packages/airflow/example_dags/example_latest_only_with_trigger.py
[2024-08-05T00:14:46.473+0000] {processor.py:830} INFO - Processing file /home/airflow/.local/lib/python3.12/site-packages/airflow/example_dags/example_latest_only_with_trigger.py for tasks to queue
[2024-08-05T00:14:46.474+0000] {logging_mixin.py:188} INFO - [2024-08-05T00:14:46.474+0000] {dagbag.py:545} INFO - Filling up the DagBag from /home/airflow/.local/lib/python3.12/site-packages/airflow/example_dags/example_latest_only_with_trigger.py
[2024-08-05T00:14:46.478+0000] {processor.py:840} INFO - DAG(s) 'latest_only_with_trigger' retrieved from /home/airflow/.local/lib/python3.12/site-packages/airflow/example_dags/example_latest_only_with_trigger.py
[2024-08-05T00:14:46.496+0000] {logging_mixin.py:188} INFO - [2024-08-05T00:14:46.496+0000] {dag.py:3089} INFO - Sync 1 DAGs
[2024-08-05T00:14:46.509+0000] {logging_mixin.py:188} INFO - [2024-08-05T00:14:46.509+0000] {dag.py:3947} INFO - Setting next_dagrun for latest_only_with_trigger to 2024-08-04 20:00:00+00:00, run_after=2024-08-05 00:00:00+00:00
[2024-08-05T00:14:46.522+0000] {processor.py:183} INFO - Processing /home/airflow/.local/lib/python3.12/site-packages/airflow/example_dags/example_latest_only_with_trigger.py took 0.056 seconds
[2024-08-05T00:15:17.241+0000] {processor.py:161} INFO - Started process (PID=14933) to work on /home/airflow/.local/lib/python3.12/site-packages/airflow/example_dags/example_latest_only_with_trigger.py
[2024-08-05T00:15:17.242+0000] {processor.py:830} INFO - Processing file /home/airflow/.local/lib/python3.12/site-packages/airflow/example_dags/example_latest_only_with_trigger.py for tasks to queue
[2024-08-05T00:15:17.243+0000] {logging_mixin.py:188} INFO - [2024-08-05T00:15:17.243+0000] {dagbag.py:545} INFO - Filling up the DagBag from /home/airflow/.local/lib/python3.12/site-packages/airflow/example_dags/example_latest_only_with_trigger.py
[2024-08-05T00:15:17.248+0000] {processor.py:840} INFO - DAG(s) 'latest_only_with_trigger' retrieved from /home/airflow/.local/lib/python3.12/site-packages/airflow/example_dags/example_latest_only_with_trigger.py
[2024-08-05T00:15:17.284+0000] {logging_mixin.py:188} INFO - [2024-08-05T00:15:17.284+0000] {dag.py:3089} INFO - Sync 1 DAGs
[2024-08-05T00:15:17.302+0000] {logging_mixin.py:188} INFO - [2024-08-05T00:15:17.302+0000] {dag.py:3947} INFO - Setting next_dagrun for latest_only_with_trigger to 2024-08-04 20:00:00+00:00, run_after=2024-08-05 00:00:00+00:00
[2024-08-05T00:15:17.312+0000] {processor.py:183} INFO - Processing /home/airflow/.local/lib/python3.12/site-packages/airflow/example_dags/example_latest_only_with_trigger.py took 0.077 seconds
[2024-08-05T00:15:48.326+0000] {processor.py:161} INFO - Started process (PID=14992) to work on /home/airflow/.local/lib/python3.12/site-packages/airflow/example_dags/example_latest_only_with_trigger.py
[2024-08-05T00:15:48.328+0000] {processor.py:830} INFO - Processing file /home/airflow/.local/lib/python3.12/site-packages/airflow/example_dags/example_latest_only_with_trigger.py for tasks to queue
[2024-08-05T00:15:48.329+0000] {logging_mixin.py:188} INFO - [2024-08-05T00:15:48.328+0000] {dagbag.py:545} INFO - Filling up the DagBag from /home/airflow/.local/lib/python3.12/site-packages/airflow/example_dags/example_latest_only_with_trigger.py
[2024-08-05T00:15:48.334+0000] {processor.py:840} INFO - DAG(s) 'latest_only_with_trigger' retrieved from /home/airflow/.local/lib/python3.12/site-packages/airflow/example_dags/example_latest_only_with_trigger.py
[2024-08-05T00:15:48.361+0000] {logging_mixin.py:188} INFO - [2024-08-05T00:15:48.361+0000] {dag.py:3089} INFO - Sync 1 DAGs
[2024-08-05T00:15:48.393+0000] {logging_mixin.py:188} INFO - [2024-08-05T00:15:48.392+0000] {dag.py:3947} INFO - Setting next_dagrun for latest_only_with_trigger to 2024-08-04 20:00:00+00:00, run_after=2024-08-05 00:00:00+00:00
[2024-08-05T00:15:48.407+0000] {processor.py:183} INFO - Processing /home/airflow/.local/lib/python3.12/site-packages/airflow/example_dags/example_latest_only_with_trigger.py took 0.087 seconds
[2024-08-05T00:16:19.337+0000] {processor.py:161} INFO - Started process (PID=15063) to work on /home/airflow/.local/lib/python3.12/site-packages/airflow/example_dags/example_latest_only_with_trigger.py
[2024-08-05T00:16:19.337+0000] {processor.py:830} INFO - Processing file /home/airflow/.local/lib/python3.12/site-packages/airflow/example_dags/example_latest_only_with_trigger.py for tasks to queue
[2024-08-05T00:16:19.338+0000] {logging_mixin.py:188} INFO - [2024-08-05T00:16:19.338+0000] {dagbag.py:545} INFO - Filling up the DagBag from /home/airflow/.local/lib/python3.12/site-packages/airflow/example_dags/example_latest_only_with_trigger.py
[2024-08-05T00:16:19.341+0000] {processor.py:840} INFO - DAG(s) 'latest_only_with_trigger' retrieved from /home/airflow/.local/lib/python3.12/site-packages/airflow/example_dags/example_latest_only_with_trigger.py
[2024-08-05T00:16:19.353+0000] {logging_mixin.py:188} INFO - [2024-08-05T00:16:19.353+0000] {dag.py:3089} INFO - Sync 1 DAGs
[2024-08-05T00:16:19.364+0000] {logging_mixin.py:188} INFO - [2024-08-05T00:16:19.364+0000] {dag.py:3947} INFO - Setting next_dagrun for latest_only_with_trigger to 2024-08-04 20:00:00+00:00, run_after=2024-08-05 00:00:00+00:00
[2024-08-05T00:16:19.377+0000] {processor.py:183} INFO - Processing /home/airflow/.local/lib/python3.12/site-packages/airflow/example_dags/example_latest_only_with_trigger.py took 0.043 seconds
[2024-08-05T00:16:50.122+0000] {processor.py:161} INFO - Started process (PID=15124) to work on /home/airflow/.local/lib/python3.12/site-packages/airflow/example_dags/example_latest_only_with_trigger.py
[2024-08-05T00:16:50.122+0000] {processor.py:830} INFO - Processing file /home/airflow/.local/lib/python3.12/site-packages/airflow/example_dags/example_latest_only_with_trigger.py for tasks to queue
[2024-08-05T00:16:50.123+0000] {logging_mixin.py:188} INFO - [2024-08-05T00:16:50.123+0000] {dagbag.py:545} INFO - Filling up the DagBag from /home/airflow/.local/lib/python3.12/site-packages/airflow/example_dags/example_latest_only_with_trigger.py
[2024-08-05T00:16:50.127+0000] {processor.py:840} INFO - DAG(s) 'latest_only_with_trigger' retrieved from /home/airflow/.local/lib/python3.12/site-packages/airflow/example_dags/example_latest_only_with_trigger.py
[2024-08-05T00:16:50.141+0000] {logging_mixin.py:188} INFO - [2024-08-05T00:16:50.140+0000] {dag.py:3089} INFO - Sync 1 DAGs
[2024-08-05T00:16:50.152+0000] {logging_mixin.py:188} INFO - [2024-08-05T00:16:50.152+0000] {dag.py:3947} INFO - Setting next_dagrun for latest_only_with_trigger to 2024-08-04 20:00:00+00:00, run_after=2024-08-05 00:00:00+00:00
[2024-08-05T00:16:50.162+0000] {processor.py:183} INFO - Processing /home/airflow/.local/lib/python3.12/site-packages/airflow/example_dags/example_latest_only_with_trigger.py took 0.045 seconds
[2024-08-05T00:17:20.659+0000] {processor.py:161} INFO - Started process (PID=15185) to work on /home/airflow/.local/lib/python3.12/site-packages/airflow/example_dags/example_latest_only_with_trigger.py
[2024-08-05T00:17:20.662+0000] {processor.py:830} INFO - Processing file /home/airflow/.local/lib/python3.12/site-packages/airflow/example_dags/example_latest_only_with_trigger.py for tasks to queue
[2024-08-05T00:17:20.662+0000] {logging_mixin.py:188} INFO - [2024-08-05T00:17:20.662+0000] {dagbag.py:545} INFO - Filling up the DagBag from /home/airflow/.local/lib/python3.12/site-packages/airflow/example_dags/example_latest_only_with_trigger.py
[2024-08-05T00:17:20.667+0000] {processor.py:840} INFO - DAG(s) 'latest_only_with_trigger' retrieved from /home/airflow/.local/lib/python3.12/site-packages/airflow/example_dags/example_latest_only_with_trigger.py
[2024-08-05T00:17:20.682+0000] {logging_mixin.py:188} INFO - [2024-08-05T00:17:20.682+0000] {dag.py:3089} INFO - Sync 1 DAGs
[2024-08-05T00:17:20.703+0000] {logging_mixin.py:188} INFO - [2024-08-05T00:17:20.702+0000] {dag.py:3947} INFO - Setting next_dagrun for latest_only_with_trigger to 2024-08-04 20:00:00+00:00, run_after=2024-08-05 00:00:00+00:00
[2024-08-05T00:17:20.723+0000] {processor.py:183} INFO - Processing /home/airflow/.local/lib/python3.12/site-packages/airflow/example_dags/example_latest_only_with_trigger.py took 0.069 seconds
[2024-08-05T00:17:50.787+0000] {processor.py:161} INFO - Started process (PID=15256) to work on /home/airflow/.local/lib/python3.12/site-packages/airflow/example_dags/example_latest_only_with_trigger.py
[2024-08-05T00:17:50.788+0000] {processor.py:830} INFO - Processing file /home/airflow/.local/lib/python3.12/site-packages/airflow/example_dags/example_latest_only_with_trigger.py for tasks to queue
[2024-08-05T00:17:50.789+0000] {logging_mixin.py:188} INFO - [2024-08-05T00:17:50.788+0000] {dagbag.py:545} INFO - Filling up the DagBag from /home/airflow/.local/lib/python3.12/site-packages/airflow/example_dags/example_latest_only_with_trigger.py
[2024-08-05T00:17:50.792+0000] {processor.py:840} INFO - DAG(s) 'latest_only_with_trigger' retrieved from /home/airflow/.local/lib/python3.12/site-packages/airflow/example_dags/example_latest_only_with_trigger.py
[2024-08-05T00:17:50.804+0000] {logging_mixin.py:188} INFO - [2024-08-05T00:17:50.804+0000] {dag.py:3089} INFO - Sync 1 DAGs
[2024-08-05T00:17:50.815+0000] {logging_mixin.py:188} INFO - [2024-08-05T00:17:50.815+0000] {dag.py:3947} INFO - Setting next_dagrun for latest_only_with_trigger to 2024-08-04 20:00:00+00:00, run_after=2024-08-05 00:00:00+00:00
[2024-08-05T00:17:50.823+0000] {processor.py:183} INFO - Processing /home/airflow/.local/lib/python3.12/site-packages/airflow/example_dags/example_latest_only_with_trigger.py took 0.039 seconds
[2024-08-05T00:18:21.758+0000] {processor.py:161} INFO - Started process (PID=15317) to work on /home/airflow/.local/lib/python3.12/site-packages/airflow/example_dags/example_latest_only_with_trigger.py
[2024-08-05T00:18:21.761+0000] {processor.py:830} INFO - Processing file /home/airflow/.local/lib/python3.12/site-packages/airflow/example_dags/example_latest_only_with_trigger.py for tasks to queue
[2024-08-05T00:18:21.762+0000] {logging_mixin.py:188} INFO - [2024-08-05T00:18:21.762+0000] {dagbag.py:545} INFO - Filling up the DagBag from /home/airflow/.local/lib/python3.12/site-packages/airflow/example_dags/example_latest_only_with_trigger.py
[2024-08-05T00:18:21.768+0000] {processor.py:840} INFO - DAG(s) 'latest_only_with_trigger' retrieved from /home/airflow/.local/lib/python3.12/site-packages/airflow/example_dags/example_latest_only_with_trigger.py
[2024-08-05T00:18:21.787+0000] {logging_mixin.py:188} INFO - [2024-08-05T00:18:21.787+0000] {dag.py:3089} INFO - Sync 1 DAGs
[2024-08-05T00:18:21.800+0000] {logging_mixin.py:188} INFO - [2024-08-05T00:18:21.800+0000] {dag.py:3947} INFO - Setting next_dagrun for latest_only_with_trigger to 2024-08-04 20:00:00+00:00, run_after=2024-08-05 00:00:00+00:00
[2024-08-05T00:18:21.818+0000] {processor.py:183} INFO - Processing /home/airflow/.local/lib/python3.12/site-packages/airflow/example_dags/example_latest_only_with_trigger.py took 0.065 seconds
[2024-08-05T00:18:52.195+0000] {processor.py:161} INFO - Started process (PID=15378) to work on /home/airflow/.local/lib/python3.12/site-packages/airflow/example_dags/example_latest_only_with_trigger.py
[2024-08-05T00:18:52.196+0000] {processor.py:830} INFO - Processing file /home/airflow/.local/lib/python3.12/site-packages/airflow/example_dags/example_latest_only_with_trigger.py for tasks to queue
[2024-08-05T00:18:52.196+0000] {logging_mixin.py:188} INFO - [2024-08-05T00:18:52.196+0000] {dagbag.py:545} INFO - Filling up the DagBag from /home/airflow/.local/lib/python3.12/site-packages/airflow/example_dags/example_latest_only_with_trigger.py
[2024-08-05T00:18:52.200+0000] {processor.py:840} INFO - DAG(s) 'latest_only_with_trigger' retrieved from /home/airflow/.local/lib/python3.12/site-packages/airflow/example_dags/example_latest_only_with_trigger.py
[2024-08-05T00:18:52.213+0000] {logging_mixin.py:188} INFO - [2024-08-05T00:18:52.212+0000] {dag.py:3089} INFO - Sync 1 DAGs
[2024-08-05T00:18:52.224+0000] {logging_mixin.py:188} INFO - [2024-08-05T00:18:52.224+0000] {dag.py:3947} INFO - Setting next_dagrun for latest_only_with_trigger to 2024-08-04 20:00:00+00:00, run_after=2024-08-05 00:00:00+00:00
[2024-08-05T00:18:52.233+0000] {processor.py:183} INFO - Processing /home/airflow/.local/lib/python3.12/site-packages/airflow/example_dags/example_latest_only_with_trigger.py took 0.041 seconds
[2024-08-05T00:19:22.391+0000] {processor.py:161} INFO - Started process (PID=15441) to work on /home/airflow/.local/lib/python3.12/site-packages/airflow/example_dags/example_latest_only_with_trigger.py
[2024-08-05T00:19:22.393+0000] {processor.py:830} INFO - Processing file /home/airflow/.local/lib/python3.12/site-packages/airflow/example_dags/example_latest_only_with_trigger.py for tasks to queue
[2024-08-05T00:19:22.395+0000] {logging_mixin.py:188} INFO - [2024-08-05T00:19:22.395+0000] {dagbag.py:545} INFO - Filling up the DagBag from /home/airflow/.local/lib/python3.12/site-packages/airflow/example_dags/example_latest_only_with_trigger.py
[2024-08-05T00:19:22.402+0000] {processor.py:840} INFO - DAG(s) 'latest_only_with_trigger' retrieved from /home/airflow/.local/lib/python3.12/site-packages/airflow/example_dags/example_latest_only_with_trigger.py
[2024-08-05T00:19:22.422+0000] {logging_mixin.py:188} INFO - [2024-08-05T00:19:22.422+0000] {dag.py:3089} INFO - Sync 1 DAGs
[2024-08-05T00:19:22.436+0000] {logging_mixin.py:188} INFO - [2024-08-05T00:19:22.436+0000] {dag.py:3947} INFO - Setting next_dagrun for latest_only_with_trigger to 2024-08-04 20:00:00+00:00, run_after=2024-08-05 00:00:00+00:00
[2024-08-05T00:19:22.453+0000] {processor.py:183} INFO - Processing /home/airflow/.local/lib/python3.12/site-packages/airflow/example_dags/example_latest_only_with_trigger.py took 0.069 seconds
[2024-08-05T00:19:53.006+0000] {processor.py:161} INFO - Started process (PID=15502) to work on /home/airflow/.local/lib/python3.12/site-packages/airflow/example_dags/example_latest_only_with_trigger.py
[2024-08-05T00:19:53.007+0000] {processor.py:830} INFO - Processing file /home/airflow/.local/lib/python3.12/site-packages/airflow/example_dags/example_latest_only_with_trigger.py for tasks to queue
[2024-08-05T00:19:53.008+0000] {logging_mixin.py:188} INFO - [2024-08-05T00:19:53.007+0000] {dagbag.py:545} INFO - Filling up the DagBag from /home/airflow/.local/lib/python3.12/site-packages/airflow/example_dags/example_latest_only_with_trigger.py
[2024-08-05T00:19:53.012+0000] {processor.py:840} INFO - DAG(s) 'latest_only_with_trigger' retrieved from /home/airflow/.local/lib/python3.12/site-packages/airflow/example_dags/example_latest_only_with_trigger.py
[2024-08-05T00:19:53.030+0000] {logging_mixin.py:188} INFO - [2024-08-05T00:19:53.029+0000] {dag.py:3089} INFO - Sync 1 DAGs
[2024-08-05T00:19:53.056+0000] {logging_mixin.py:188} INFO - [2024-08-05T00:19:53.055+0000] {dag.py:3947} INFO - Setting next_dagrun for latest_only_with_trigger to 2024-08-04 20:00:00+00:00, run_after=2024-08-05 00:00:00+00:00
[2024-08-05T00:19:53.072+0000] {processor.py:183} INFO - Processing /home/airflow/.local/lib/python3.12/site-packages/airflow/example_dags/example_latest_only_with_trigger.py took 0.069 seconds
[2024-08-05T00:20:24.336+0000] {processor.py:161} INFO - Started process (PID=15579) to work on /home/airflow/.local/lib/python3.12/site-packages/airflow/example_dags/example_latest_only_with_trigger.py
[2024-08-05T00:20:24.336+0000] {processor.py:830} INFO - Processing file /home/airflow/.local/lib/python3.12/site-packages/airflow/example_dags/example_latest_only_with_trigger.py for tasks to queue
[2024-08-05T00:20:24.337+0000] {logging_mixin.py:188} INFO - [2024-08-05T00:20:24.337+0000] {dagbag.py:545} INFO - Filling up the DagBag from /home/airflow/.local/lib/python3.12/site-packages/airflow/example_dags/example_latest_only_with_trigger.py
[2024-08-05T00:20:24.356+0000] {processor.py:840} INFO - DAG(s) 'latest_only_with_trigger' retrieved from /home/airflow/.local/lib/python3.12/site-packages/airflow/example_dags/example_latest_only_with_trigger.py
[2024-08-05T00:20:24.402+0000] {logging_mixin.py:188} INFO - [2024-08-05T00:20:24.401+0000] {dag.py:3089} INFO - Sync 1 DAGs
[2024-08-05T00:20:24.442+0000] {logging_mixin.py:188} INFO - [2024-08-05T00:20:24.442+0000] {dag.py:3947} INFO - Setting next_dagrun for latest_only_with_trigger to 2024-08-04 20:00:00+00:00, run_after=2024-08-05 00:00:00+00:00
[2024-08-05T00:20:24.489+0000] {processor.py:183} INFO - Processing /home/airflow/.local/lib/python3.12/site-packages/airflow/example_dags/example_latest_only_with_trigger.py took 0.158 seconds
[2024-08-05T00:20:55.022+0000] {processor.py:161} INFO - Started process (PID=15645) to work on /home/airflow/.local/lib/python3.12/site-packages/airflow/example_dags/example_latest_only_with_trigger.py
[2024-08-05T00:20:55.023+0000] {processor.py:830} INFO - Processing file /home/airflow/.local/lib/python3.12/site-packages/airflow/example_dags/example_latest_only_with_trigger.py for tasks to queue
[2024-08-05T00:20:55.023+0000] {logging_mixin.py:188} INFO - [2024-08-05T00:20:55.023+0000] {dagbag.py:545} INFO - Filling up the DagBag from /home/airflow/.local/lib/python3.12/site-packages/airflow/example_dags/example_latest_only_with_trigger.py
[2024-08-05T00:20:55.027+0000] {processor.py:840} INFO - DAG(s) 'latest_only_with_trigger' retrieved from /home/airflow/.local/lib/python3.12/site-packages/airflow/example_dags/example_latest_only_with_trigger.py
[2024-08-05T00:20:55.039+0000] {logging_mixin.py:188} INFO - [2024-08-05T00:20:55.039+0000] {dag.py:3089} INFO - Sync 1 DAGs
[2024-08-05T00:20:55.049+0000] {logging_mixin.py:188} INFO - [2024-08-05T00:20:55.049+0000] {dag.py:3947} INFO - Setting next_dagrun for latest_only_with_trigger to 2024-08-04 20:00:00+00:00, run_after=2024-08-05 00:00:00+00:00
[2024-08-05T00:20:55.057+0000] {processor.py:183} INFO - Processing /home/airflow/.local/lib/python3.12/site-packages/airflow/example_dags/example_latest_only_with_trigger.py took 0.039 seconds
[2024-08-05T00:21:25.727+0000] {processor.py:161} INFO - Started process (PID=15706) to work on /home/airflow/.local/lib/python3.12/site-packages/airflow/example_dags/example_latest_only_with_trigger.py
[2024-08-05T00:21:25.728+0000] {processor.py:830} INFO - Processing file /home/airflow/.local/lib/python3.12/site-packages/airflow/example_dags/example_latest_only_with_trigger.py for tasks to queue
[2024-08-05T00:21:25.729+0000] {logging_mixin.py:188} INFO - [2024-08-05T00:21:25.729+0000] {dagbag.py:545} INFO - Filling up the DagBag from /home/airflow/.local/lib/python3.12/site-packages/airflow/example_dags/example_latest_only_with_trigger.py
[2024-08-05T00:21:25.736+0000] {processor.py:840} INFO - DAG(s) 'latest_only_with_trigger' retrieved from /home/airflow/.local/lib/python3.12/site-packages/airflow/example_dags/example_latest_only_with_trigger.py
[2024-08-05T00:21:25.756+0000] {logging_mixin.py:188} INFO - [2024-08-05T00:21:25.756+0000] {dag.py:3089} INFO - Sync 1 DAGs
[2024-08-05T00:21:25.771+0000] {logging_mixin.py:188} INFO - [2024-08-05T00:21:25.771+0000] {dag.py:3947} INFO - Setting next_dagrun for latest_only_with_trigger to 2024-08-04 20:00:00+00:00, run_after=2024-08-05 00:00:00+00:00
[2024-08-05T00:21:25.790+0000] {processor.py:183} INFO - Processing /home/airflow/.local/lib/python3.12/site-packages/airflow/example_dags/example_latest_only_with_trigger.py took 0.074 seconds
[2024-08-05T00:21:55.989+0000] {processor.py:161} INFO - Started process (PID=15766) to work on /home/airflow/.local/lib/python3.12/site-packages/airflow/example_dags/example_latest_only_with_trigger.py
[2024-08-05T00:21:55.990+0000] {processor.py:830} INFO - Processing file /home/airflow/.local/lib/python3.12/site-packages/airflow/example_dags/example_latest_only_with_trigger.py for tasks to queue
[2024-08-05T00:21:55.991+0000] {logging_mixin.py:188} INFO - [2024-08-05T00:21:55.991+0000] {dagbag.py:545} INFO - Filling up the DagBag from /home/airflow/.local/lib/python3.12/site-packages/airflow/example_dags/example_latest_only_with_trigger.py
[2024-08-05T00:21:55.996+0000] {processor.py:840} INFO - DAG(s) 'latest_only_with_trigger' retrieved from /home/airflow/.local/lib/python3.12/site-packages/airflow/example_dags/example_latest_only_with_trigger.py
[2024-08-05T00:21:56.013+0000] {logging_mixin.py:188} INFO - [2024-08-05T00:21:56.012+0000] {dag.py:3089} INFO - Sync 1 DAGs
[2024-08-05T00:21:56.027+0000] {logging_mixin.py:188} INFO - [2024-08-05T00:21:56.027+0000] {dag.py:3947} INFO - Setting next_dagrun for latest_only_with_trigger to 2024-08-04 20:00:00+00:00, run_after=2024-08-05 00:00:00+00:00
[2024-08-05T00:21:56.042+0000] {processor.py:183} INFO - Processing /home/airflow/.local/lib/python3.12/site-packages/airflow/example_dags/example_latest_only_with_trigger.py took 0.060 seconds
[2024-08-05T00:22:26.446+0000] {processor.py:161} INFO - Started process (PID=15827) to work on /home/airflow/.local/lib/python3.12/site-packages/airflow/example_dags/example_latest_only_with_trigger.py
[2024-08-05T00:22:26.447+0000] {processor.py:830} INFO - Processing file /home/airflow/.local/lib/python3.12/site-packages/airflow/example_dags/example_latest_only_with_trigger.py for tasks to queue
[2024-08-05T00:22:26.447+0000] {logging_mixin.py:188} INFO - [2024-08-05T00:22:26.447+0000] {dagbag.py:545} INFO - Filling up the DagBag from /home/airflow/.local/lib/python3.12/site-packages/airflow/example_dags/example_latest_only_with_trigger.py
[2024-08-05T00:22:26.451+0000] {processor.py:840} INFO - DAG(s) 'latest_only_with_trigger' retrieved from /home/airflow/.local/lib/python3.12/site-packages/airflow/example_dags/example_latest_only_with_trigger.py
[2024-08-05T00:22:26.464+0000] {logging_mixin.py:188} INFO - [2024-08-05T00:22:26.464+0000] {dag.py:3089} INFO - Sync 1 DAGs
[2024-08-05T00:22:26.475+0000] {logging_mixin.py:188} INFO - [2024-08-05T00:22:26.475+0000] {dag.py:3947} INFO - Setting next_dagrun for latest_only_with_trigger to 2024-08-04 20:00:00+00:00, run_after=2024-08-05 00:00:00+00:00
[2024-08-05T00:22:26.483+0000] {processor.py:183} INFO - Processing /home/airflow/.local/lib/python3.12/site-packages/airflow/example_dags/example_latest_only_with_trigger.py took 0.041 seconds
[2024-08-05T00:22:57.195+0000] {processor.py:161} INFO - Started process (PID=15888) to work on /home/airflow/.local/lib/python3.12/site-packages/airflow/example_dags/example_latest_only_with_trigger.py
[2024-08-05T00:22:57.196+0000] {processor.py:830} INFO - Processing file /home/airflow/.local/lib/python3.12/site-packages/airflow/example_dags/example_latest_only_with_trigger.py for tasks to queue
[2024-08-05T00:22:57.196+0000] {logging_mixin.py:188} INFO - [2024-08-05T00:22:57.196+0000] {dagbag.py:545} INFO - Filling up the DagBag from /home/airflow/.local/lib/python3.12/site-packages/airflow/example_dags/example_latest_only_with_trigger.py
[2024-08-05T00:22:57.200+0000] {processor.py:840} INFO - DAG(s) 'latest_only_with_trigger' retrieved from /home/airflow/.local/lib/python3.12/site-packages/airflow/example_dags/example_latest_only_with_trigger.py
[2024-08-05T00:22:57.214+0000] {logging_mixin.py:188} INFO - [2024-08-05T00:22:57.214+0000] {dag.py:3089} INFO - Sync 1 DAGs
[2024-08-05T00:22:57.225+0000] {logging_mixin.py:188} INFO - [2024-08-05T00:22:57.225+0000] {dag.py:3947} INFO - Setting next_dagrun for latest_only_with_trigger to 2024-08-04 20:00:00+00:00, run_after=2024-08-05 00:00:00+00:00
[2024-08-05T00:22:57.234+0000] {processor.py:183} INFO - Processing /home/airflow/.local/lib/python3.12/site-packages/airflow/example_dags/example_latest_only_with_trigger.py took 0.043 seconds
[2024-08-05T00:23:27.758+0000] {processor.py:161} INFO - Started process (PID=15948) to work on /home/airflow/.local/lib/python3.12/site-packages/airflow/example_dags/example_latest_only_with_trigger.py
[2024-08-05T00:23:27.759+0000] {processor.py:830} INFO - Processing file /home/airflow/.local/lib/python3.12/site-packages/airflow/example_dags/example_latest_only_with_trigger.py for tasks to queue
[2024-08-05T00:23:27.760+0000] {logging_mixin.py:188} INFO - [2024-08-05T00:23:27.760+0000] {dagbag.py:545} INFO - Filling up the DagBag from /home/airflow/.local/lib/python3.12/site-packages/airflow/example_dags/example_latest_only_with_trigger.py
[2024-08-05T00:23:27.765+0000] {processor.py:840} INFO - DAG(s) 'latest_only_with_trigger' retrieved from /home/airflow/.local/lib/python3.12/site-packages/airflow/example_dags/example_latest_only_with_trigger.py
[2024-08-05T00:23:27.777+0000] {logging_mixin.py:188} INFO - [2024-08-05T00:23:27.777+0000] {dag.py:3089} INFO - Sync 1 DAGs
[2024-08-05T00:23:27.787+0000] {logging_mixin.py:188} INFO - [2024-08-05T00:23:27.787+0000] {dag.py:3947} INFO - Setting next_dagrun for latest_only_with_trigger to 2024-08-04 20:00:00+00:00, run_after=2024-08-05 00:00:00+00:00
[2024-08-05T00:23:27.795+0000] {processor.py:183} INFO - Processing /home/airflow/.local/lib/python3.12/site-packages/airflow/example_dags/example_latest_only_with_trigger.py took 0.040 seconds
[2024-08-05T00:23:58.525+0000] {processor.py:161} INFO - Started process (PID=16008) to work on /home/airflow/.local/lib/python3.12/site-packages/airflow/example_dags/example_latest_only_with_trigger.py
[2024-08-05T00:23:58.527+0000] {processor.py:830} INFO - Processing file /home/airflow/.local/lib/python3.12/site-packages/airflow/example_dags/example_latest_only_with_trigger.py for tasks to queue
[2024-08-05T00:23:58.528+0000] {logging_mixin.py:188} INFO - [2024-08-05T00:23:58.528+0000] {dagbag.py:545} INFO - Filling up the DagBag from /home/airflow/.local/lib/python3.12/site-packages/airflow/example_dags/example_latest_only_with_trigger.py
[2024-08-05T00:23:58.536+0000] {processor.py:840} INFO - DAG(s) 'latest_only_with_trigger' retrieved from /home/airflow/.local/lib/python3.12/site-packages/airflow/example_dags/example_latest_only_with_trigger.py
[2024-08-05T00:23:58.558+0000] {logging_mixin.py:188} INFO - [2024-08-05T00:23:58.558+0000] {dag.py:3089} INFO - Sync 1 DAGs
[2024-08-05T00:23:58.569+0000] {logging_mixin.py:188} INFO - [2024-08-05T00:23:58.569+0000] {dag.py:3947} INFO - Setting next_dagrun for latest_only_with_trigger to 2024-08-04 20:00:00+00:00, run_after=2024-08-05 00:00:00+00:00
[2024-08-05T00:23:58.579+0000] {processor.py:183} INFO - Processing /home/airflow/.local/lib/python3.12/site-packages/airflow/example_dags/example_latest_only_with_trigger.py took 0.061 seconds
