[2024-08-05T00:00:06.073+0000] {processor.py:161} INFO - Started process (PID=13042) to work on /home/airflow/.local/lib/python3.12/site-packages/airflow/example_dags/example_task_group_decorator.py
[2024-08-05T00:00:06.076+0000] {processor.py:830} INFO - Processing file /home/airflow/.local/lib/python3.12/site-packages/airflow/example_dags/example_task_group_decorator.py for tasks to queue
[2024-08-05T00:00:06.078+0000] {logging_mixin.py:188} INFO - [2024-08-05T00:00:06.078+0000] {dagbag.py:545} INFO - Filling up the DagBag from /home/airflow/.local/lib/python3.12/site-packages/airflow/example_dags/example_task_group_decorator.py
[2024-08-05T00:00:06.097+0000] {processor.py:840} INFO - DAG(s) 'example_task_group_decorator' retrieved from /home/airflow/.local/lib/python3.12/site-packages/airflow/example_dags/example_task_group_decorator.py
[2024-08-05T00:00:06.118+0000] {logging_mixin.py:188} INFO - [2024-08-05T00:00:06.118+0000] {dag.py:3089} INFO - Sync 1 DAGs
[2024-08-05T00:00:06.129+0000] {logging_mixin.py:188} INFO - [2024-08-05T00:00:06.129+0000] {dag.py:3947} INFO - Setting next_dagrun for example_task_group_decorator to 2024-08-04 00:00:00+00:00, run_after=2024-08-05 00:00:00+00:00
[2024-08-05T00:00:06.139+0000] {processor.py:183} INFO - Processing /home/airflow/.local/lib/python3.12/site-packages/airflow/example_dags/example_task_group_decorator.py took 0.078 seconds
[2024-08-05T00:00:37.629+0000] {processor.py:161} INFO - Started process (PID=13113) to work on /home/airflow/.local/lib/python3.12/site-packages/airflow/example_dags/example_task_group_decorator.py
[2024-08-05T00:00:37.632+0000] {processor.py:830} INFO - Processing file /home/airflow/.local/lib/python3.12/site-packages/airflow/example_dags/example_task_group_decorator.py for tasks to queue
[2024-08-05T00:00:37.636+0000] {logging_mixin.py:188} INFO - [2024-08-05T00:00:37.635+0000] {dagbag.py:545} INFO - Filling up the DagBag from /home/airflow/.local/lib/python3.12/site-packages/airflow/example_dags/example_task_group_decorator.py
[2024-08-05T00:00:37.655+0000] {processor.py:840} INFO - DAG(s) 'example_task_group_decorator' retrieved from /home/airflow/.local/lib/python3.12/site-packages/airflow/example_dags/example_task_group_decorator.py
[2024-08-05T00:00:37.706+0000] {logging_mixin.py:188} INFO - [2024-08-05T00:00:37.706+0000] {dag.py:3089} INFO - Sync 1 DAGs
[2024-08-05T00:00:37.726+0000] {logging_mixin.py:188} INFO - [2024-08-05T00:00:37.725+0000] {dag.py:3947} INFO - Setting next_dagrun for example_task_group_decorator to 2024-08-04 00:00:00+00:00, run_after=2024-08-05 00:00:00+00:00
[2024-08-05T00:00:37.745+0000] {processor.py:183} INFO - Processing /home/airflow/.local/lib/python3.12/site-packages/airflow/example_dags/example_task_group_decorator.py took 0.135 seconds
[2024-08-05T00:01:08.577+0000] {processor.py:161} INFO - Started process (PID=13183) to work on /home/airflow/.local/lib/python3.12/site-packages/airflow/example_dags/example_task_group_decorator.py
[2024-08-05T00:01:08.578+0000] {processor.py:830} INFO - Processing file /home/airflow/.local/lib/python3.12/site-packages/airflow/example_dags/example_task_group_decorator.py for tasks to queue
[2024-08-05T00:01:08.578+0000] {logging_mixin.py:188} INFO - [2024-08-05T00:01:08.578+0000] {dagbag.py:545} INFO - Filling up the DagBag from /home/airflow/.local/lib/python3.12/site-packages/airflow/example_dags/example_task_group_decorator.py
[2024-08-05T00:01:08.587+0000] {processor.py:840} INFO - DAG(s) 'example_task_group_decorator' retrieved from /home/airflow/.local/lib/python3.12/site-packages/airflow/example_dags/example_task_group_decorator.py
[2024-08-05T00:01:08.605+0000] {logging_mixin.py:188} INFO - [2024-08-05T00:01:08.605+0000] {dag.py:3089} INFO - Sync 1 DAGs
[2024-08-05T00:01:08.621+0000] {logging_mixin.py:188} INFO - [2024-08-05T00:01:08.621+0000] {dag.py:3947} INFO - Setting next_dagrun for example_task_group_decorator to 2024-08-04 00:00:00+00:00, run_after=2024-08-05 00:00:00+00:00
[2024-08-05T00:01:08.629+0000] {processor.py:183} INFO - Processing /home/airflow/.local/lib/python3.12/site-packages/airflow/example_dags/example_task_group_decorator.py took 0.056 seconds
[2024-08-05T00:01:39.449+0000] {processor.py:161} INFO - Started process (PID=13254) to work on /home/airflow/.local/lib/python3.12/site-packages/airflow/example_dags/example_task_group_decorator.py
[2024-08-05T00:01:39.451+0000] {processor.py:830} INFO - Processing file /home/airflow/.local/lib/python3.12/site-packages/airflow/example_dags/example_task_group_decorator.py for tasks to queue
[2024-08-05T00:01:39.454+0000] {logging_mixin.py:188} INFO - [2024-08-05T00:01:39.453+0000] {dagbag.py:545} INFO - Filling up the DagBag from /home/airflow/.local/lib/python3.12/site-packages/airflow/example_dags/example_task_group_decorator.py
[2024-08-05T00:01:39.487+0000] {processor.py:840} INFO - DAG(s) 'example_task_group_decorator' retrieved from /home/airflow/.local/lib/python3.12/site-packages/airflow/example_dags/example_task_group_decorator.py
[2024-08-05T00:01:39.516+0000] {logging_mixin.py:188} INFO - [2024-08-05T00:01:39.515+0000] {dag.py:3089} INFO - Sync 1 DAGs
[2024-08-05T00:01:39.548+0000] {logging_mixin.py:188} INFO - [2024-08-05T00:01:39.547+0000] {dag.py:3947} INFO - Setting next_dagrun for example_task_group_decorator to 2024-08-04 00:00:00+00:00, run_after=2024-08-05 00:00:00+00:00
[2024-08-05T00:01:39.577+0000] {processor.py:183} INFO - Processing /home/airflow/.local/lib/python3.12/site-packages/airflow/example_dags/example_task_group_decorator.py took 0.138 seconds
[2024-08-05T00:02:10.125+0000] {processor.py:161} INFO - Started process (PID=13315) to work on /home/airflow/.local/lib/python3.12/site-packages/airflow/example_dags/example_task_group_decorator.py
[2024-08-05T00:02:10.125+0000] {processor.py:830} INFO - Processing file /home/airflow/.local/lib/python3.12/site-packages/airflow/example_dags/example_task_group_decorator.py for tasks to queue
[2024-08-05T00:02:10.126+0000] {logging_mixin.py:188} INFO - [2024-08-05T00:02:10.126+0000] {dagbag.py:545} INFO - Filling up the DagBag from /home/airflow/.local/lib/python3.12/site-packages/airflow/example_dags/example_task_group_decorator.py
[2024-08-05T00:02:10.135+0000] {processor.py:840} INFO - DAG(s) 'example_task_group_decorator' retrieved from /home/airflow/.local/lib/python3.12/site-packages/airflow/example_dags/example_task_group_decorator.py
[2024-08-05T00:02:10.152+0000] {logging_mixin.py:188} INFO - [2024-08-05T00:02:10.152+0000] {dag.py:3089} INFO - Sync 1 DAGs
[2024-08-05T00:02:10.162+0000] {logging_mixin.py:188} INFO - [2024-08-05T00:02:10.162+0000] {dag.py:3947} INFO - Setting next_dagrun for example_task_group_decorator to 2024-08-04 00:00:00+00:00, run_after=2024-08-05 00:00:00+00:00
[2024-08-05T00:02:10.173+0000] {processor.py:183} INFO - Processing /home/airflow/.local/lib/python3.12/site-packages/airflow/example_dags/example_task_group_decorator.py took 0.053 seconds
[2024-08-05T00:02:40.579+0000] {processor.py:161} INFO - Started process (PID=13376) to work on /home/airflow/.local/lib/python3.12/site-packages/airflow/example_dags/example_task_group_decorator.py
[2024-08-05T00:02:40.579+0000] {processor.py:830} INFO - Processing file /home/airflow/.local/lib/python3.12/site-packages/airflow/example_dags/example_task_group_decorator.py for tasks to queue
[2024-08-05T00:02:40.580+0000] {logging_mixin.py:188} INFO - [2024-08-05T00:02:40.580+0000] {dagbag.py:545} INFO - Filling up the DagBag from /home/airflow/.local/lib/python3.12/site-packages/airflow/example_dags/example_task_group_decorator.py
[2024-08-05T00:02:40.595+0000] {processor.py:840} INFO - DAG(s) 'example_task_group_decorator' retrieved from /home/airflow/.local/lib/python3.12/site-packages/airflow/example_dags/example_task_group_decorator.py
[2024-08-05T00:02:40.612+0000] {logging_mixin.py:188} INFO - [2024-08-05T00:02:40.612+0000] {dag.py:3089} INFO - Sync 1 DAGs
[2024-08-05T00:02:40.623+0000] {logging_mixin.py:188} INFO - [2024-08-05T00:02:40.623+0000] {dag.py:3947} INFO - Setting next_dagrun for example_task_group_decorator to 2024-08-04 00:00:00+00:00, run_after=2024-08-05 00:00:00+00:00
[2024-08-05T00:02:40.631+0000] {processor.py:183} INFO - Processing /home/airflow/.local/lib/python3.12/site-packages/airflow/example_dags/example_task_group_decorator.py took 0.056 seconds
[2024-08-05T00:03:11.031+0000] {processor.py:161} INFO - Started process (PID=13437) to work on /home/airflow/.local/lib/python3.12/site-packages/airflow/example_dags/example_task_group_decorator.py
[2024-08-05T00:03:11.034+0000] {processor.py:830} INFO - Processing file /home/airflow/.local/lib/python3.12/site-packages/airflow/example_dags/example_task_group_decorator.py for tasks to queue
[2024-08-05T00:03:11.035+0000] {logging_mixin.py:188} INFO - [2024-08-05T00:03:11.035+0000] {dagbag.py:545} INFO - Filling up the DagBag from /home/airflow/.local/lib/python3.12/site-packages/airflow/example_dags/example_task_group_decorator.py
[2024-08-05T00:03:11.056+0000] {processor.py:840} INFO - DAG(s) 'example_task_group_decorator' retrieved from /home/airflow/.local/lib/python3.12/site-packages/airflow/example_dags/example_task_group_decorator.py
[2024-08-05T00:03:11.077+0000] {logging_mixin.py:188} INFO - [2024-08-05T00:03:11.076+0000] {dag.py:3089} INFO - Sync 1 DAGs
[2024-08-05T00:03:11.095+0000] {logging_mixin.py:188} INFO - [2024-08-05T00:03:11.095+0000] {dag.py:3947} INFO - Setting next_dagrun for example_task_group_decorator to 2024-08-04 00:00:00+00:00, run_after=2024-08-05 00:00:00+00:00
[2024-08-05T00:03:11.104+0000] {processor.py:183} INFO - Processing /home/airflow/.local/lib/python3.12/site-packages/airflow/example_dags/example_task_group_decorator.py took 0.083 seconds
[2024-08-05T00:03:41.407+0000] {processor.py:161} INFO - Started process (PID=13498) to work on /home/airflow/.local/lib/python3.12/site-packages/airflow/example_dags/example_task_group_decorator.py
[2024-08-05T00:03:41.408+0000] {processor.py:830} INFO - Processing file /home/airflow/.local/lib/python3.12/site-packages/airflow/example_dags/example_task_group_decorator.py for tasks to queue
[2024-08-05T00:03:41.408+0000] {logging_mixin.py:188} INFO - [2024-08-05T00:03:41.408+0000] {dagbag.py:545} INFO - Filling up the DagBag from /home/airflow/.local/lib/python3.12/site-packages/airflow/example_dags/example_task_group_decorator.py
[2024-08-05T00:03:41.418+0000] {processor.py:840} INFO - DAG(s) 'example_task_group_decorator' retrieved from /home/airflow/.local/lib/python3.12/site-packages/airflow/example_dags/example_task_group_decorator.py
[2024-08-05T00:03:41.440+0000] {logging_mixin.py:188} INFO - [2024-08-05T00:03:41.440+0000] {dag.py:3089} INFO - Sync 1 DAGs
[2024-08-05T00:03:41.457+0000] {logging_mixin.py:188} INFO - [2024-08-05T00:03:41.457+0000] {dag.py:3947} INFO - Setting next_dagrun for example_task_group_decorator to 2024-08-04 00:00:00+00:00, run_after=2024-08-05 00:00:00+00:00
[2024-08-05T00:03:41.467+0000] {processor.py:183} INFO - Processing /home/airflow/.local/lib/python3.12/site-packages/airflow/example_dags/example_task_group_decorator.py took 0.063 seconds
[2024-08-05T00:04:11.943+0000] {processor.py:161} INFO - Started process (PID=13559) to work on /home/airflow/.local/lib/python3.12/site-packages/airflow/example_dags/example_task_group_decorator.py
[2024-08-05T00:04:11.944+0000] {processor.py:830} INFO - Processing file /home/airflow/.local/lib/python3.12/site-packages/airflow/example_dags/example_task_group_decorator.py for tasks to queue
[2024-08-05T00:04:11.944+0000] {logging_mixin.py:188} INFO - [2024-08-05T00:04:11.944+0000] {dagbag.py:545} INFO - Filling up the DagBag from /home/airflow/.local/lib/python3.12/site-packages/airflow/example_dags/example_task_group_decorator.py
[2024-08-05T00:04:11.961+0000] {processor.py:840} INFO - DAG(s) 'example_task_group_decorator' retrieved from /home/airflow/.local/lib/python3.12/site-packages/airflow/example_dags/example_task_group_decorator.py
[2024-08-05T00:04:11.980+0000] {logging_mixin.py:188} INFO - [2024-08-05T00:04:11.980+0000] {dag.py:3089} INFO - Sync 1 DAGs
[2024-08-05T00:04:11.991+0000] {logging_mixin.py:188} INFO - [2024-08-05T00:04:11.991+0000] {dag.py:3947} INFO - Setting next_dagrun for example_task_group_decorator to 2024-08-04 00:00:00+00:00, run_after=2024-08-05 00:00:00+00:00
[2024-08-05T00:04:11.999+0000] {processor.py:183} INFO - Processing /home/airflow/.local/lib/python3.12/site-packages/airflow/example_dags/example_task_group_decorator.py took 0.059 seconds
[2024-08-05T00:04:42.306+0000] {processor.py:161} INFO - Started process (PID=13620) to work on /home/airflow/.local/lib/python3.12/site-packages/airflow/example_dags/example_task_group_decorator.py
[2024-08-05T00:04:42.307+0000] {processor.py:830} INFO - Processing file /home/airflow/.local/lib/python3.12/site-packages/airflow/example_dags/example_task_group_decorator.py for tasks to queue
[2024-08-05T00:04:42.308+0000] {logging_mixin.py:188} INFO - [2024-08-05T00:04:42.307+0000] {dagbag.py:545} INFO - Filling up the DagBag from /home/airflow/.local/lib/python3.12/site-packages/airflow/example_dags/example_task_group_decorator.py
[2024-08-05T00:04:42.317+0000] {processor.py:840} INFO - DAG(s) 'example_task_group_decorator' retrieved from /home/airflow/.local/lib/python3.12/site-packages/airflow/example_dags/example_task_group_decorator.py
[2024-08-05T00:04:42.333+0000] {logging_mixin.py:188} INFO - [2024-08-05T00:04:42.333+0000] {dag.py:3089} INFO - Sync 1 DAGs
[2024-08-05T00:04:42.344+0000] {logging_mixin.py:188} INFO - [2024-08-05T00:04:42.344+0000] {dag.py:3947} INFO - Setting next_dagrun for example_task_group_decorator to 2024-08-04 00:00:00+00:00, run_after=2024-08-05 00:00:00+00:00
[2024-08-05T00:04:42.352+0000] {processor.py:183} INFO - Processing /home/airflow/.local/lib/python3.12/site-packages/airflow/example_dags/example_task_group_decorator.py took 0.050 seconds
[2024-08-05T00:05:12.505+0000] {processor.py:161} INFO - Started process (PID=13681) to work on /home/airflow/.local/lib/python3.12/site-packages/airflow/example_dags/example_task_group_decorator.py
[2024-08-05T00:05:12.506+0000] {processor.py:830} INFO - Processing file /home/airflow/.local/lib/python3.12/site-packages/airflow/example_dags/example_task_group_decorator.py for tasks to queue
[2024-08-05T00:05:12.507+0000] {logging_mixin.py:188} INFO - [2024-08-05T00:05:12.506+0000] {dagbag.py:545} INFO - Filling up the DagBag from /home/airflow/.local/lib/python3.12/site-packages/airflow/example_dags/example_task_group_decorator.py
[2024-08-05T00:05:12.515+0000] {processor.py:840} INFO - DAG(s) 'example_task_group_decorator' retrieved from /home/airflow/.local/lib/python3.12/site-packages/airflow/example_dags/example_task_group_decorator.py
[2024-08-05T00:05:12.530+0000] {logging_mixin.py:188} INFO - [2024-08-05T00:05:12.530+0000] {dag.py:3089} INFO - Sync 1 DAGs
[2024-08-05T00:05:12.541+0000] {logging_mixin.py:188} INFO - [2024-08-05T00:05:12.541+0000] {dag.py:3947} INFO - Setting next_dagrun for example_task_group_decorator to 2024-08-04 00:00:00+00:00, run_after=2024-08-05 00:00:00+00:00
[2024-08-05T00:05:12.550+0000] {processor.py:183} INFO - Processing /home/airflow/.local/lib/python3.12/site-packages/airflow/example_dags/example_task_group_decorator.py took 0.049 seconds
[2024-08-05T00:05:42.967+0000] {processor.py:161} INFO - Started process (PID=13742) to work on /home/airflow/.local/lib/python3.12/site-packages/airflow/example_dags/example_task_group_decorator.py
[2024-08-05T00:05:42.968+0000] {processor.py:830} INFO - Processing file /home/airflow/.local/lib/python3.12/site-packages/airflow/example_dags/example_task_group_decorator.py for tasks to queue
[2024-08-05T00:05:42.969+0000] {logging_mixin.py:188} INFO - [2024-08-05T00:05:42.969+0000] {dagbag.py:545} INFO - Filling up the DagBag from /home/airflow/.local/lib/python3.12/site-packages/airflow/example_dags/example_task_group_decorator.py
[2024-08-05T00:05:42.980+0000] {processor.py:840} INFO - DAG(s) 'example_task_group_decorator' retrieved from /home/airflow/.local/lib/python3.12/site-packages/airflow/example_dags/example_task_group_decorator.py
[2024-08-05T00:05:43.001+0000] {logging_mixin.py:188} INFO - [2024-08-05T00:05:43.001+0000] {dag.py:3089} INFO - Sync 1 DAGs
[2024-08-05T00:05:43.019+0000] {logging_mixin.py:188} INFO - [2024-08-05T00:05:43.018+0000] {dag.py:3947} INFO - Setting next_dagrun for example_task_group_decorator to 2024-08-04 00:00:00+00:00, run_after=2024-08-05 00:00:00+00:00
[2024-08-05T00:05:43.028+0000] {processor.py:183} INFO - Processing /home/airflow/.local/lib/python3.12/site-packages/airflow/example_dags/example_task_group_decorator.py took 0.065 seconds
[2024-08-05T00:06:13.469+0000] {processor.py:161} INFO - Started process (PID=13803) to work on /home/airflow/.local/lib/python3.12/site-packages/airflow/example_dags/example_task_group_decorator.py
[2024-08-05T00:06:13.470+0000] {processor.py:830} INFO - Processing file /home/airflow/.local/lib/python3.12/site-packages/airflow/example_dags/example_task_group_decorator.py for tasks to queue
[2024-08-05T00:06:13.470+0000] {logging_mixin.py:188} INFO - [2024-08-05T00:06:13.470+0000] {dagbag.py:545} INFO - Filling up the DagBag from /home/airflow/.local/lib/python3.12/site-packages/airflow/example_dags/example_task_group_decorator.py
[2024-08-05T00:06:13.479+0000] {processor.py:840} INFO - DAG(s) 'example_task_group_decorator' retrieved from /home/airflow/.local/lib/python3.12/site-packages/airflow/example_dags/example_task_group_decorator.py
[2024-08-05T00:06:13.493+0000] {logging_mixin.py:188} INFO - [2024-08-05T00:06:13.493+0000] {dag.py:3089} INFO - Sync 1 DAGs
[2024-08-05T00:06:13.503+0000] {logging_mixin.py:188} INFO - [2024-08-05T00:06:13.503+0000] {dag.py:3947} INFO - Setting next_dagrun for example_task_group_decorator to 2024-08-04 00:00:00+00:00, run_after=2024-08-05 00:00:00+00:00
[2024-08-05T00:06:13.511+0000] {processor.py:183} INFO - Processing /home/airflow/.local/lib/python3.12/site-packages/airflow/example_dags/example_task_group_decorator.py took 0.045 seconds
[2024-08-05T00:06:44.395+0000] {processor.py:161} INFO - Started process (PID=13870) to work on /home/airflow/.local/lib/python3.12/site-packages/airflow/example_dags/example_task_group_decorator.py
[2024-08-05T00:06:44.396+0000] {processor.py:830} INFO - Processing file /home/airflow/.local/lib/python3.12/site-packages/airflow/example_dags/example_task_group_decorator.py for tasks to queue
[2024-08-05T00:06:44.396+0000] {logging_mixin.py:188} INFO - [2024-08-05T00:06:44.396+0000] {dagbag.py:545} INFO - Filling up the DagBag from /home/airflow/.local/lib/python3.12/site-packages/airflow/example_dags/example_task_group_decorator.py
[2024-08-05T00:06:44.406+0000] {processor.py:840} INFO - DAG(s) 'example_task_group_decorator' retrieved from /home/airflow/.local/lib/python3.12/site-packages/airflow/example_dags/example_task_group_decorator.py
[2024-08-05T00:06:44.423+0000] {logging_mixin.py:188} INFO - [2024-08-05T00:06:44.423+0000] {dag.py:3089} INFO - Sync 1 DAGs
[2024-08-05T00:06:44.440+0000] {logging_mixin.py:188} INFO - [2024-08-05T00:06:44.440+0000] {dag.py:3947} INFO - Setting next_dagrun for example_task_group_decorator to 2024-08-04 00:00:00+00:00, run_after=2024-08-05 00:00:00+00:00
[2024-08-05T00:06:44.452+0000] {processor.py:183} INFO - Processing /home/airflow/.local/lib/python3.12/site-packages/airflow/example_dags/example_task_group_decorator.py took 0.061 seconds
[2024-08-05T00:07:15.085+0000] {processor.py:161} INFO - Started process (PID=13941) to work on /home/airflow/.local/lib/python3.12/site-packages/airflow/example_dags/example_task_group_decorator.py
[2024-08-05T00:07:15.086+0000] {processor.py:830} INFO - Processing file /home/airflow/.local/lib/python3.12/site-packages/airflow/example_dags/example_task_group_decorator.py for tasks to queue
[2024-08-05T00:07:15.088+0000] {logging_mixin.py:188} INFO - [2024-08-05T00:07:15.087+0000] {dagbag.py:545} INFO - Filling up the DagBag from /home/airflow/.local/lib/python3.12/site-packages/airflow/example_dags/example_task_group_decorator.py
[2024-08-05T00:07:15.105+0000] {processor.py:840} INFO - DAG(s) 'example_task_group_decorator' retrieved from /home/airflow/.local/lib/python3.12/site-packages/airflow/example_dags/example_task_group_decorator.py
[2024-08-05T00:07:15.125+0000] {logging_mixin.py:188} INFO - [2024-08-05T00:07:15.125+0000] {dag.py:3089} INFO - Sync 1 DAGs
[2024-08-05T00:07:15.139+0000] {logging_mixin.py:188} INFO - [2024-08-05T00:07:15.139+0000] {dag.py:3947} INFO - Setting next_dagrun for example_task_group_decorator to 2024-08-04 00:00:00+00:00, run_after=2024-08-05 00:00:00+00:00
[2024-08-05T00:07:15.150+0000] {processor.py:183} INFO - Processing /home/airflow/.local/lib/python3.12/site-packages/airflow/example_dags/example_task_group_decorator.py took 0.071 seconds
[2024-08-05T00:07:45.316+0000] {processor.py:161} INFO - Started process (PID=14002) to work on /home/airflow/.local/lib/python3.12/site-packages/airflow/example_dags/example_task_group_decorator.py
[2024-08-05T00:07:45.316+0000] {processor.py:830} INFO - Processing file /home/airflow/.local/lib/python3.12/site-packages/airflow/example_dags/example_task_group_decorator.py for tasks to queue
[2024-08-05T00:07:45.317+0000] {logging_mixin.py:188} INFO - [2024-08-05T00:07:45.317+0000] {dagbag.py:545} INFO - Filling up the DagBag from /home/airflow/.local/lib/python3.12/site-packages/airflow/example_dags/example_task_group_decorator.py
[2024-08-05T00:07:45.325+0000] {processor.py:840} INFO - DAG(s) 'example_task_group_decorator' retrieved from /home/airflow/.local/lib/python3.12/site-packages/airflow/example_dags/example_task_group_decorator.py
[2024-08-05T00:07:45.343+0000] {logging_mixin.py:188} INFO - [2024-08-05T00:07:45.343+0000] {dag.py:3089} INFO - Sync 1 DAGs
[2024-08-05T00:07:45.355+0000] {logging_mixin.py:188} INFO - [2024-08-05T00:07:45.355+0000] {dag.py:3947} INFO - Setting next_dagrun for example_task_group_decorator to 2024-08-04 00:00:00+00:00, run_after=2024-08-05 00:00:00+00:00
[2024-08-05T00:07:45.363+0000] {processor.py:183} INFO - Processing /home/airflow/.local/lib/python3.12/site-packages/airflow/example_dags/example_task_group_decorator.py took 0.050 seconds
[2024-08-05T00:08:15.663+0000] {processor.py:161} INFO - Started process (PID=14063) to work on /home/airflow/.local/lib/python3.12/site-packages/airflow/example_dags/example_task_group_decorator.py
[2024-08-05T00:08:15.664+0000] {processor.py:830} INFO - Processing file /home/airflow/.local/lib/python3.12/site-packages/airflow/example_dags/example_task_group_decorator.py for tasks to queue
[2024-08-05T00:08:15.665+0000] {logging_mixin.py:188} INFO - [2024-08-05T00:08:15.665+0000] {dagbag.py:545} INFO - Filling up the DagBag from /home/airflow/.local/lib/python3.12/site-packages/airflow/example_dags/example_task_group_decorator.py
[2024-08-05T00:08:15.679+0000] {processor.py:840} INFO - DAG(s) 'example_task_group_decorator' retrieved from /home/airflow/.local/lib/python3.12/site-packages/airflow/example_dags/example_task_group_decorator.py
[2024-08-05T00:08:15.694+0000] {logging_mixin.py:188} INFO - [2024-08-05T00:08:15.694+0000] {dag.py:3089} INFO - Sync 1 DAGs
[2024-08-05T00:08:15.704+0000] {logging_mixin.py:188} INFO - [2024-08-05T00:08:15.704+0000] {dag.py:3947} INFO - Setting next_dagrun for example_task_group_decorator to 2024-08-04 00:00:00+00:00, run_after=2024-08-05 00:00:00+00:00
[2024-08-05T00:08:15.712+0000] {processor.py:183} INFO - Processing /home/airflow/.local/lib/python3.12/site-packages/airflow/example_dags/example_task_group_decorator.py took 0.054 seconds
[2024-08-05T00:08:46.354+0000] {processor.py:161} INFO - Started process (PID=14125) to work on /home/airflow/.local/lib/python3.12/site-packages/airflow/example_dags/example_task_group_decorator.py
[2024-08-05T00:08:46.356+0000] {processor.py:830} INFO - Processing file /home/airflow/.local/lib/python3.12/site-packages/airflow/example_dags/example_task_group_decorator.py for tasks to queue
[2024-08-05T00:08:46.356+0000] {logging_mixin.py:188} INFO - [2024-08-05T00:08:46.356+0000] {dagbag.py:545} INFO - Filling up the DagBag from /home/airflow/.local/lib/python3.12/site-packages/airflow/example_dags/example_task_group_decorator.py
[2024-08-05T00:08:46.366+0000] {processor.py:840} INFO - DAG(s) 'example_task_group_decorator' retrieved from /home/airflow/.local/lib/python3.12/site-packages/airflow/example_dags/example_task_group_decorator.py
[2024-08-05T00:08:46.386+0000] {logging_mixin.py:188} INFO - [2024-08-05T00:08:46.386+0000] {dag.py:3089} INFO - Sync 1 DAGs
[2024-08-05T00:08:46.398+0000] {logging_mixin.py:188} INFO - [2024-08-05T00:08:46.398+0000] {dag.py:3947} INFO - Setting next_dagrun for example_task_group_decorator to 2024-08-04 00:00:00+00:00, run_after=2024-08-05 00:00:00+00:00
[2024-08-05T00:08:46.406+0000] {processor.py:183} INFO - Processing /home/airflow/.local/lib/python3.12/site-packages/airflow/example_dags/example_task_group_decorator.py took 0.056 seconds
[2024-08-05T00:09:17.168+0000] {processor.py:161} INFO - Started process (PID=14186) to work on /home/airflow/.local/lib/python3.12/site-packages/airflow/example_dags/example_task_group_decorator.py
[2024-08-05T00:09:17.172+0000] {processor.py:830} INFO - Processing file /home/airflow/.local/lib/python3.12/site-packages/airflow/example_dags/example_task_group_decorator.py for tasks to queue
[2024-08-05T00:09:17.176+0000] {logging_mixin.py:188} INFO - [2024-08-05T00:09:17.175+0000] {dagbag.py:545} INFO - Filling up the DagBag from /home/airflow/.local/lib/python3.12/site-packages/airflow/example_dags/example_task_group_decorator.py
[2024-08-05T00:09:17.198+0000] {processor.py:840} INFO - DAG(s) 'example_task_group_decorator' retrieved from /home/airflow/.local/lib/python3.12/site-packages/airflow/example_dags/example_task_group_decorator.py
[2024-08-05T00:09:17.222+0000] {logging_mixin.py:188} INFO - [2024-08-05T00:09:17.222+0000] {dag.py:3089} INFO - Sync 1 DAGs
[2024-08-05T00:09:17.245+0000] {logging_mixin.py:188} INFO - [2024-08-05T00:09:17.244+0000] {dag.py:3947} INFO - Setting next_dagrun for example_task_group_decorator to 2024-08-04 00:00:00+00:00, run_after=2024-08-05 00:00:00+00:00
[2024-08-05T00:09:17.254+0000] {processor.py:183} INFO - Processing /home/airflow/.local/lib/python3.12/site-packages/airflow/example_dags/example_task_group_decorator.py took 0.093 seconds
[2024-08-05T00:09:47.652+0000] {processor.py:161} INFO - Started process (PID=14247) to work on /home/airflow/.local/lib/python3.12/site-packages/airflow/example_dags/example_task_group_decorator.py
[2024-08-05T00:09:47.653+0000] {processor.py:830} INFO - Processing file /home/airflow/.local/lib/python3.12/site-packages/airflow/example_dags/example_task_group_decorator.py for tasks to queue
[2024-08-05T00:09:47.654+0000] {logging_mixin.py:188} INFO - [2024-08-05T00:09:47.653+0000] {dagbag.py:545} INFO - Filling up the DagBag from /home/airflow/.local/lib/python3.12/site-packages/airflow/example_dags/example_task_group_decorator.py
[2024-08-05T00:09:47.662+0000] {processor.py:840} INFO - DAG(s) 'example_task_group_decorator' retrieved from /home/airflow/.local/lib/python3.12/site-packages/airflow/example_dags/example_task_group_decorator.py
[2024-08-05T00:09:47.685+0000] {logging_mixin.py:188} INFO - [2024-08-05T00:09:47.685+0000] {dag.py:3089} INFO - Sync 1 DAGs
[2024-08-05T00:09:47.704+0000] {logging_mixin.py:188} INFO - [2024-08-05T00:09:47.704+0000] {dag.py:3947} INFO - Setting next_dagrun for example_task_group_decorator to 2024-08-04 00:00:00+00:00, run_after=2024-08-05 00:00:00+00:00
[2024-08-05T00:09:47.727+0000] {processor.py:183} INFO - Processing /home/airflow/.local/lib/python3.12/site-packages/airflow/example_dags/example_task_group_decorator.py took 0.079 seconds
[2024-08-05T00:10:18.836+0000] {processor.py:161} INFO - Started process (PID=14318) to work on /home/airflow/.local/lib/python3.12/site-packages/airflow/example_dags/example_task_group_decorator.py
[2024-08-05T00:10:18.839+0000] {processor.py:830} INFO - Processing file /home/airflow/.local/lib/python3.12/site-packages/airflow/example_dags/example_task_group_decorator.py for tasks to queue
[2024-08-05T00:10:18.841+0000] {logging_mixin.py:188} INFO - [2024-08-05T00:10:18.841+0000] {dagbag.py:545} INFO - Filling up the DagBag from /home/airflow/.local/lib/python3.12/site-packages/airflow/example_dags/example_task_group_decorator.py
[2024-08-05T00:10:18.866+0000] {processor.py:840} INFO - DAG(s) 'example_task_group_decorator' retrieved from /home/airflow/.local/lib/python3.12/site-packages/airflow/example_dags/example_task_group_decorator.py
[2024-08-05T00:10:18.987+0000] {logging_mixin.py:188} INFO - [2024-08-05T00:10:18.986+0000] {dag.py:3089} INFO - Sync 1 DAGs
[2024-08-05T00:10:19.039+0000] {logging_mixin.py:188} INFO - [2024-08-05T00:10:19.039+0000] {dag.py:3947} INFO - Setting next_dagrun for example_task_group_decorator to 2024-08-04 00:00:00+00:00, run_after=2024-08-05 00:00:00+00:00
[2024-08-05T00:10:19.076+0000] {processor.py:183} INFO - Processing /home/airflow/.local/lib/python3.12/site-packages/airflow/example_dags/example_task_group_decorator.py took 0.271 seconds
[2024-08-05T00:10:49.692+0000] {processor.py:161} INFO - Started process (PID=14377) to work on /home/airflow/.local/lib/python3.12/site-packages/airflow/example_dags/example_task_group_decorator.py
[2024-08-05T00:10:49.693+0000] {processor.py:830} INFO - Processing file /home/airflow/.local/lib/python3.12/site-packages/airflow/example_dags/example_task_group_decorator.py for tasks to queue
[2024-08-05T00:10:49.694+0000] {logging_mixin.py:188} INFO - [2024-08-05T00:10:49.693+0000] {dagbag.py:545} INFO - Filling up the DagBag from /home/airflow/.local/lib/python3.12/site-packages/airflow/example_dags/example_task_group_decorator.py
[2024-08-05T00:10:49.704+0000] {processor.py:840} INFO - DAG(s) 'example_task_group_decorator' retrieved from /home/airflow/.local/lib/python3.12/site-packages/airflow/example_dags/example_task_group_decorator.py
[2024-08-05T00:10:49.724+0000] {logging_mixin.py:188} INFO - [2024-08-05T00:10:49.724+0000] {dag.py:3089} INFO - Sync 1 DAGs
[2024-08-05T00:10:49.738+0000] {logging_mixin.py:188} INFO - [2024-08-05T00:10:49.738+0000] {dag.py:3947} INFO - Setting next_dagrun for example_task_group_decorator to 2024-08-04 00:00:00+00:00, run_after=2024-08-05 00:00:00+00:00
[2024-08-05T00:10:49.755+0000] {processor.py:183} INFO - Processing /home/airflow/.local/lib/python3.12/site-packages/airflow/example_dags/example_task_group_decorator.py took 0.067 seconds
[2024-08-05T00:11:20.539+0000] {processor.py:161} INFO - Started process (PID=14448) to work on /home/airflow/.local/lib/python3.12/site-packages/airflow/example_dags/example_task_group_decorator.py
[2024-08-05T00:11:20.540+0000] {processor.py:830} INFO - Processing file /home/airflow/.local/lib/python3.12/site-packages/airflow/example_dags/example_task_group_decorator.py for tasks to queue
[2024-08-05T00:11:20.540+0000] {logging_mixin.py:188} INFO - [2024-08-05T00:11:20.540+0000] {dagbag.py:545} INFO - Filling up the DagBag from /home/airflow/.local/lib/python3.12/site-packages/airflow/example_dags/example_task_group_decorator.py
[2024-08-05T00:11:20.549+0000] {processor.py:840} INFO - DAG(s) 'example_task_group_decorator' retrieved from /home/airflow/.local/lib/python3.12/site-packages/airflow/example_dags/example_task_group_decorator.py
[2024-08-05T00:11:20.563+0000] {logging_mixin.py:188} INFO - [2024-08-05T00:11:20.563+0000] {dag.py:3089} INFO - Sync 1 DAGs
[2024-08-05T00:11:20.574+0000] {logging_mixin.py:188} INFO - [2024-08-05T00:11:20.574+0000] {dag.py:3947} INFO - Setting next_dagrun for example_task_group_decorator to 2024-08-04 00:00:00+00:00, run_after=2024-08-05 00:00:00+00:00
[2024-08-05T00:11:20.582+0000] {processor.py:183} INFO - Processing /home/airflow/.local/lib/python3.12/site-packages/airflow/example_dags/example_task_group_decorator.py took 0.047 seconds
[2024-08-05T00:11:51.698+0000] {processor.py:161} INFO - Started process (PID=14509) to work on /home/airflow/.local/lib/python3.12/site-packages/airflow/example_dags/example_task_group_decorator.py
[2024-08-05T00:11:51.698+0000] {processor.py:830} INFO - Processing file /home/airflow/.local/lib/python3.12/site-packages/airflow/example_dags/example_task_group_decorator.py for tasks to queue
[2024-08-05T00:11:51.699+0000] {logging_mixin.py:188} INFO - [2024-08-05T00:11:51.699+0000] {dagbag.py:545} INFO - Filling up the DagBag from /home/airflow/.local/lib/python3.12/site-packages/airflow/example_dags/example_task_group_decorator.py
[2024-08-05T00:11:51.710+0000] {processor.py:840} INFO - DAG(s) 'example_task_group_decorator' retrieved from /home/airflow/.local/lib/python3.12/site-packages/airflow/example_dags/example_task_group_decorator.py
[2024-08-05T00:11:51.731+0000] {logging_mixin.py:188} INFO - [2024-08-05T00:11:51.730+0000] {dag.py:3089} INFO - Sync 1 DAGs
[2024-08-05T00:11:51.743+0000] {logging_mixin.py:188} INFO - [2024-08-05T00:11:51.743+0000] {dag.py:3947} INFO - Setting next_dagrun for example_task_group_decorator to 2024-08-04 00:00:00+00:00, run_after=2024-08-05 00:00:00+00:00
[2024-08-05T00:11:51.755+0000] {processor.py:183} INFO - Processing /home/airflow/.local/lib/python3.12/site-packages/airflow/example_dags/example_task_group_decorator.py took 0.061 seconds
[2024-08-05T00:12:22.904+0000] {processor.py:161} INFO - Started process (PID=14570) to work on /home/airflow/.local/lib/python3.12/site-packages/airflow/example_dags/example_task_group_decorator.py
[2024-08-05T00:12:22.905+0000] {processor.py:830} INFO - Processing file /home/airflow/.local/lib/python3.12/site-packages/airflow/example_dags/example_task_group_decorator.py for tasks to queue
[2024-08-05T00:12:22.906+0000] {logging_mixin.py:188} INFO - [2024-08-05T00:12:22.905+0000] {dagbag.py:545} INFO - Filling up the DagBag from /home/airflow/.local/lib/python3.12/site-packages/airflow/example_dags/example_task_group_decorator.py
[2024-08-05T00:12:22.914+0000] {processor.py:840} INFO - DAG(s) 'example_task_group_decorator' retrieved from /home/airflow/.local/lib/python3.12/site-packages/airflow/example_dags/example_task_group_decorator.py
[2024-08-05T00:12:22.932+0000] {logging_mixin.py:188} INFO - [2024-08-05T00:12:22.932+0000] {dag.py:3089} INFO - Sync 1 DAGs
[2024-08-05T00:12:22.951+0000] {logging_mixin.py:188} INFO - [2024-08-05T00:12:22.950+0000] {dag.py:3947} INFO - Setting next_dagrun for example_task_group_decorator to 2024-08-04 00:00:00+00:00, run_after=2024-08-05 00:00:00+00:00
[2024-08-05T00:12:22.960+0000] {processor.py:183} INFO - Processing /home/airflow/.local/lib/python3.12/site-packages/airflow/example_dags/example_task_group_decorator.py took 0.060 seconds
[2024-08-05T00:12:53.461+0000] {processor.py:161} INFO - Started process (PID=14631) to work on /home/airflow/.local/lib/python3.12/site-packages/airflow/example_dags/example_task_group_decorator.py
[2024-08-05T00:12:53.463+0000] {processor.py:830} INFO - Processing file /home/airflow/.local/lib/python3.12/site-packages/airflow/example_dags/example_task_group_decorator.py for tasks to queue
[2024-08-05T00:12:53.464+0000] {logging_mixin.py:188} INFO - [2024-08-05T00:12:53.464+0000] {dagbag.py:545} INFO - Filling up the DagBag from /home/airflow/.local/lib/python3.12/site-packages/airflow/example_dags/example_task_group_decorator.py
[2024-08-05T00:12:53.476+0000] {processor.py:840} INFO - DAG(s) 'example_task_group_decorator' retrieved from /home/airflow/.local/lib/python3.12/site-packages/airflow/example_dags/example_task_group_decorator.py
[2024-08-05T00:12:53.491+0000] {logging_mixin.py:188} INFO - [2024-08-05T00:12:53.490+0000] {dag.py:3089} INFO - Sync 1 DAGs
[2024-08-05T00:12:53.501+0000] {logging_mixin.py:188} INFO - [2024-08-05T00:12:53.501+0000] {dag.py:3947} INFO - Setting next_dagrun for example_task_group_decorator to 2024-08-04 00:00:00+00:00, run_after=2024-08-05 00:00:00+00:00
[2024-08-05T00:12:53.509+0000] {processor.py:183} INFO - Processing /home/airflow/.local/lib/python3.12/site-packages/airflow/example_dags/example_task_group_decorator.py took 0.053 seconds
[2024-08-05T00:13:24.673+0000] {processor.py:161} INFO - Started process (PID=14692) to work on /home/airflow/.local/lib/python3.12/site-packages/airflow/example_dags/example_task_group_decorator.py
[2024-08-05T00:13:24.674+0000] {processor.py:830} INFO - Processing file /home/airflow/.local/lib/python3.12/site-packages/airflow/example_dags/example_task_group_decorator.py for tasks to queue
[2024-08-05T00:13:24.675+0000] {logging_mixin.py:188} INFO - [2024-08-05T00:13:24.674+0000] {dagbag.py:545} INFO - Filling up the DagBag from /home/airflow/.local/lib/python3.12/site-packages/airflow/example_dags/example_task_group_decorator.py
[2024-08-05T00:13:24.691+0000] {processor.py:840} INFO - DAG(s) 'example_task_group_decorator' retrieved from /home/airflow/.local/lib/python3.12/site-packages/airflow/example_dags/example_task_group_decorator.py
[2024-08-05T00:13:24.706+0000] {logging_mixin.py:188} INFO - [2024-08-05T00:13:24.706+0000] {dag.py:3089} INFO - Sync 1 DAGs
[2024-08-05T00:13:24.716+0000] {logging_mixin.py:188} INFO - [2024-08-05T00:13:24.716+0000] {dag.py:3947} INFO - Setting next_dagrun for example_task_group_decorator to 2024-08-04 00:00:00+00:00, run_after=2024-08-05 00:00:00+00:00
[2024-08-05T00:13:24.723+0000] {processor.py:183} INFO - Processing /home/airflow/.local/lib/python3.12/site-packages/airflow/example_dags/example_task_group_decorator.py took 0.053 seconds
[2024-08-05T00:13:55.046+0000] {processor.py:161} INFO - Started process (PID=14753) to work on /home/airflow/.local/lib/python3.12/site-packages/airflow/example_dags/example_task_group_decorator.py
[2024-08-05T00:13:55.047+0000] {processor.py:830} INFO - Processing file /home/airflow/.local/lib/python3.12/site-packages/airflow/example_dags/example_task_group_decorator.py for tasks to queue
[2024-08-05T00:13:55.047+0000] {logging_mixin.py:188} INFO - [2024-08-05T00:13:55.047+0000] {dagbag.py:545} INFO - Filling up the DagBag from /home/airflow/.local/lib/python3.12/site-packages/airflow/example_dags/example_task_group_decorator.py
[2024-08-05T00:13:55.056+0000] {processor.py:840} INFO - DAG(s) 'example_task_group_decorator' retrieved from /home/airflow/.local/lib/python3.12/site-packages/airflow/example_dags/example_task_group_decorator.py
[2024-08-05T00:13:55.070+0000] {logging_mixin.py:188} INFO - [2024-08-05T00:13:55.070+0000] {dag.py:3089} INFO - Sync 1 DAGs
[2024-08-05T00:13:55.081+0000] {logging_mixin.py:188} INFO - [2024-08-05T00:13:55.080+0000] {dag.py:3947} INFO - Setting next_dagrun for example_task_group_decorator to 2024-08-04 00:00:00+00:00, run_after=2024-08-05 00:00:00+00:00
[2024-08-05T00:13:55.089+0000] {processor.py:183} INFO - Processing /home/airflow/.local/lib/python3.12/site-packages/airflow/example_dags/example_task_group_decorator.py took 0.046 seconds
[2024-08-05T00:14:25.462+0000] {processor.py:161} INFO - Started process (PID=14814) to work on /home/airflow/.local/lib/python3.12/site-packages/airflow/example_dags/example_task_group_decorator.py
[2024-08-05T00:14:25.463+0000] {processor.py:830} INFO - Processing file /home/airflow/.local/lib/python3.12/site-packages/airflow/example_dags/example_task_group_decorator.py for tasks to queue
[2024-08-05T00:14:25.463+0000] {logging_mixin.py:188} INFO - [2024-08-05T00:14:25.463+0000] {dagbag.py:545} INFO - Filling up the DagBag from /home/airflow/.local/lib/python3.12/site-packages/airflow/example_dags/example_task_group_decorator.py
[2024-08-05T00:14:25.472+0000] {processor.py:840} INFO - DAG(s) 'example_task_group_decorator' retrieved from /home/airflow/.local/lib/python3.12/site-packages/airflow/example_dags/example_task_group_decorator.py
[2024-08-05T00:14:25.490+0000] {logging_mixin.py:188} INFO - [2024-08-05T00:14:25.489+0000] {dag.py:3089} INFO - Sync 1 DAGs
[2024-08-05T00:14:25.501+0000] {logging_mixin.py:188} INFO - [2024-08-05T00:14:25.501+0000] {dag.py:3947} INFO - Setting next_dagrun for example_task_group_decorator to 2024-08-04 00:00:00+00:00, run_after=2024-08-05 00:00:00+00:00
[2024-08-05T00:14:25.510+0000] {processor.py:183} INFO - Processing /home/airflow/.local/lib/python3.12/site-packages/airflow/example_dags/example_task_group_decorator.py took 0.051 seconds
[2024-08-05T00:14:55.900+0000] {processor.py:161} INFO - Started process (PID=14875) to work on /home/airflow/.local/lib/python3.12/site-packages/airflow/example_dags/example_task_group_decorator.py
[2024-08-05T00:14:55.902+0000] {processor.py:830} INFO - Processing file /home/airflow/.local/lib/python3.12/site-packages/airflow/example_dags/example_task_group_decorator.py for tasks to queue
[2024-08-05T00:14:55.904+0000] {logging_mixin.py:188} INFO - [2024-08-05T00:14:55.903+0000] {dagbag.py:545} INFO - Filling up the DagBag from /home/airflow/.local/lib/python3.12/site-packages/airflow/example_dags/example_task_group_decorator.py
[2024-08-05T00:14:55.913+0000] {processor.py:840} INFO - DAG(s) 'example_task_group_decorator' retrieved from /home/airflow/.local/lib/python3.12/site-packages/airflow/example_dags/example_task_group_decorator.py
[2024-08-05T00:14:55.928+0000] {logging_mixin.py:188} INFO - [2024-08-05T00:14:55.927+0000] {dag.py:3089} INFO - Sync 1 DAGs
[2024-08-05T00:14:55.938+0000] {logging_mixin.py:188} INFO - [2024-08-05T00:14:55.938+0000] {dag.py:3947} INFO - Setting next_dagrun for example_task_group_decorator to 2024-08-04 00:00:00+00:00, run_after=2024-08-05 00:00:00+00:00
[2024-08-05T00:14:55.946+0000] {processor.py:183} INFO - Processing /home/airflow/.local/lib/python3.12/site-packages/airflow/example_dags/example_task_group_decorator.py took 0.063 seconds
[2024-08-05T00:15:26.573+0000] {processor.py:161} INFO - Started process (PID=14936) to work on /home/airflow/.local/lib/python3.12/site-packages/airflow/example_dags/example_task_group_decorator.py
[2024-08-05T00:15:26.574+0000] {processor.py:830} INFO - Processing file /home/airflow/.local/lib/python3.12/site-packages/airflow/example_dags/example_task_group_decorator.py for tasks to queue
[2024-08-05T00:15:26.575+0000] {logging_mixin.py:188} INFO - [2024-08-05T00:15:26.575+0000] {dagbag.py:545} INFO - Filling up the DagBag from /home/airflow/.local/lib/python3.12/site-packages/airflow/example_dags/example_task_group_decorator.py
[2024-08-05T00:15:26.586+0000] {processor.py:840} INFO - DAG(s) 'example_task_group_decorator' retrieved from /home/airflow/.local/lib/python3.12/site-packages/airflow/example_dags/example_task_group_decorator.py
[2024-08-05T00:15:26.603+0000] {logging_mixin.py:188} INFO - [2024-08-05T00:15:26.603+0000] {dag.py:3089} INFO - Sync 1 DAGs
[2024-08-05T00:15:26.623+0000] {logging_mixin.py:188} INFO - [2024-08-05T00:15:26.622+0000] {dag.py:3947} INFO - Setting next_dagrun for example_task_group_decorator to 2024-08-04 00:00:00+00:00, run_after=2024-08-05 00:00:00+00:00
[2024-08-05T00:15:26.637+0000] {processor.py:183} INFO - Processing /home/airflow/.local/lib/python3.12/site-packages/airflow/example_dags/example_task_group_decorator.py took 0.068 seconds
[2024-08-05T00:15:56.987+0000] {processor.py:161} INFO - Started process (PID=14997) to work on /home/airflow/.local/lib/python3.12/site-packages/airflow/example_dags/example_task_group_decorator.py
[2024-08-05T00:15:56.990+0000] {processor.py:830} INFO - Processing file /home/airflow/.local/lib/python3.12/site-packages/airflow/example_dags/example_task_group_decorator.py for tasks to queue
[2024-08-05T00:15:56.993+0000] {logging_mixin.py:188} INFO - [2024-08-05T00:15:56.991+0000] {dagbag.py:545} INFO - Filling up the DagBag from /home/airflow/.local/lib/python3.12/site-packages/airflow/example_dags/example_task_group_decorator.py
[2024-08-05T00:15:57.006+0000] {processor.py:840} INFO - DAG(s) 'example_task_group_decorator' retrieved from /home/airflow/.local/lib/python3.12/site-packages/airflow/example_dags/example_task_group_decorator.py
[2024-08-05T00:15:57.030+0000] {logging_mixin.py:188} INFO - [2024-08-05T00:15:57.029+0000] {dag.py:3089} INFO - Sync 1 DAGs
[2024-08-05T00:15:57.049+0000] {logging_mixin.py:188} INFO - [2024-08-05T00:15:57.048+0000] {dag.py:3947} INFO - Setting next_dagrun for example_task_group_decorator to 2024-08-04 00:00:00+00:00, run_after=2024-08-05 00:00:00+00:00
[2024-08-05T00:15:57.064+0000] {processor.py:183} INFO - Processing /home/airflow/.local/lib/python3.12/site-packages/airflow/example_dags/example_task_group_decorator.py took 0.086 seconds
[2024-08-05T00:16:27.729+0000] {processor.py:161} INFO - Started process (PID=15068) to work on /home/airflow/.local/lib/python3.12/site-packages/airflow/example_dags/example_task_group_decorator.py
[2024-08-05T00:16:27.730+0000] {processor.py:830} INFO - Processing file /home/airflow/.local/lib/python3.12/site-packages/airflow/example_dags/example_task_group_decorator.py for tasks to queue
[2024-08-05T00:16:27.731+0000] {logging_mixin.py:188} INFO - [2024-08-05T00:16:27.731+0000] {dagbag.py:545} INFO - Filling up the DagBag from /home/airflow/.local/lib/python3.12/site-packages/airflow/example_dags/example_task_group_decorator.py
[2024-08-05T00:16:27.751+0000] {processor.py:840} INFO - DAG(s) 'example_task_group_decorator' retrieved from /home/airflow/.local/lib/python3.12/site-packages/airflow/example_dags/example_task_group_decorator.py
[2024-08-05T00:16:27.766+0000] {logging_mixin.py:188} INFO - [2024-08-05T00:16:27.766+0000] {dag.py:3089} INFO - Sync 1 DAGs
[2024-08-05T00:16:27.776+0000] {logging_mixin.py:188} INFO - [2024-08-05T00:16:27.776+0000] {dag.py:3947} INFO - Setting next_dagrun for example_task_group_decorator to 2024-08-04 00:00:00+00:00, run_after=2024-08-05 00:00:00+00:00
[2024-08-05T00:16:27.784+0000] {processor.py:183} INFO - Processing /home/airflow/.local/lib/python3.12/site-packages/airflow/example_dags/example_task_group_decorator.py took 0.059 seconds
[2024-08-05T00:16:58.337+0000] {processor.py:161} INFO - Started process (PID=15129) to work on /home/airflow/.local/lib/python3.12/site-packages/airflow/example_dags/example_task_group_decorator.py
[2024-08-05T00:16:58.338+0000] {processor.py:830} INFO - Processing file /home/airflow/.local/lib/python3.12/site-packages/airflow/example_dags/example_task_group_decorator.py for tasks to queue
[2024-08-05T00:16:58.339+0000] {logging_mixin.py:188} INFO - [2024-08-05T00:16:58.339+0000] {dagbag.py:545} INFO - Filling up the DagBag from /home/airflow/.local/lib/python3.12/site-packages/airflow/example_dags/example_task_group_decorator.py
[2024-08-05T00:16:58.358+0000] {processor.py:840} INFO - DAG(s) 'example_task_group_decorator' retrieved from /home/airflow/.local/lib/python3.12/site-packages/airflow/example_dags/example_task_group_decorator.py
[2024-08-05T00:16:58.375+0000] {logging_mixin.py:188} INFO - [2024-08-05T00:16:58.375+0000] {dag.py:3089} INFO - Sync 1 DAGs
[2024-08-05T00:16:58.387+0000] {logging_mixin.py:188} INFO - [2024-08-05T00:16:58.387+0000] {dag.py:3947} INFO - Setting next_dagrun for example_task_group_decorator to 2024-08-04 00:00:00+00:00, run_after=2024-08-05 00:00:00+00:00
[2024-08-05T00:16:58.402+0000] {processor.py:183} INFO - Processing /home/airflow/.local/lib/python3.12/site-packages/airflow/example_dags/example_task_group_decorator.py took 0.069 seconds
[2024-08-05T00:17:28.854+0000] {processor.py:161} INFO - Started process (PID=15195) to work on /home/airflow/.local/lib/python3.12/site-packages/airflow/example_dags/example_task_group_decorator.py
[2024-08-05T00:17:28.855+0000] {processor.py:830} INFO - Processing file /home/airflow/.local/lib/python3.12/site-packages/airflow/example_dags/example_task_group_decorator.py for tasks to queue
[2024-08-05T00:17:28.859+0000] {logging_mixin.py:188} INFO - [2024-08-05T00:17:28.858+0000] {dagbag.py:545} INFO - Filling up the DagBag from /home/airflow/.local/lib/python3.12/site-packages/airflow/example_dags/example_task_group_decorator.py
[2024-08-05T00:17:28.905+0000] {processor.py:840} INFO - DAG(s) 'example_task_group_decorator' retrieved from /home/airflow/.local/lib/python3.12/site-packages/airflow/example_dags/example_task_group_decorator.py
[2024-08-05T00:17:28.947+0000] {logging_mixin.py:188} INFO - [2024-08-05T00:17:28.947+0000] {dag.py:3089} INFO - Sync 1 DAGs
[2024-08-05T00:17:28.991+0000] {logging_mixin.py:188} INFO - [2024-08-05T00:17:28.990+0000] {dag.py:3947} INFO - Setting next_dagrun for example_task_group_decorator to 2024-08-04 00:00:00+00:00, run_after=2024-08-05 00:00:00+00:00
[2024-08-05T00:17:29.011+0000] {processor.py:183} INFO - Processing /home/airflow/.local/lib/python3.12/site-packages/airflow/example_dags/example_task_group_decorator.py took 0.164 seconds
[2024-08-05T00:17:59.263+0000] {processor.py:161} INFO - Started process (PID=15261) to work on /home/airflow/.local/lib/python3.12/site-packages/airflow/example_dags/example_task_group_decorator.py
[2024-08-05T00:17:59.265+0000] {processor.py:830} INFO - Processing file /home/airflow/.local/lib/python3.12/site-packages/airflow/example_dags/example_task_group_decorator.py for tasks to queue
[2024-08-05T00:17:59.266+0000] {logging_mixin.py:188} INFO - [2024-08-05T00:17:59.265+0000] {dagbag.py:545} INFO - Filling up the DagBag from /home/airflow/.local/lib/python3.12/site-packages/airflow/example_dags/example_task_group_decorator.py
[2024-08-05T00:17:59.275+0000] {processor.py:840} INFO - DAG(s) 'example_task_group_decorator' retrieved from /home/airflow/.local/lib/python3.12/site-packages/airflow/example_dags/example_task_group_decorator.py
[2024-08-05T00:17:59.289+0000] {logging_mixin.py:188} INFO - [2024-08-05T00:17:59.289+0000] {dag.py:3089} INFO - Sync 1 DAGs
[2024-08-05T00:17:59.300+0000] {logging_mixin.py:188} INFO - [2024-08-05T00:17:59.300+0000] {dag.py:3947} INFO - Setting next_dagrun for example_task_group_decorator to 2024-08-04 00:00:00+00:00, run_after=2024-08-05 00:00:00+00:00
[2024-08-05T00:17:59.308+0000] {processor.py:183} INFO - Processing /home/airflow/.local/lib/python3.12/site-packages/airflow/example_dags/example_task_group_decorator.py took 0.049 seconds
[2024-08-05T00:18:30.137+0000] {processor.py:161} INFO - Started process (PID=15322) to work on /home/airflow/.local/lib/python3.12/site-packages/airflow/example_dags/example_task_group_decorator.py
[2024-08-05T00:18:30.138+0000] {processor.py:830} INFO - Processing file /home/airflow/.local/lib/python3.12/site-packages/airflow/example_dags/example_task_group_decorator.py for tasks to queue
[2024-08-05T00:18:30.139+0000] {logging_mixin.py:188} INFO - [2024-08-05T00:18:30.139+0000] {dagbag.py:545} INFO - Filling up the DagBag from /home/airflow/.local/lib/python3.12/site-packages/airflow/example_dags/example_task_group_decorator.py
[2024-08-05T00:18:30.148+0000] {processor.py:840} INFO - DAG(s) 'example_task_group_decorator' retrieved from /home/airflow/.local/lib/python3.12/site-packages/airflow/example_dags/example_task_group_decorator.py
[2024-08-05T00:18:30.164+0000] {logging_mixin.py:188} INFO - [2024-08-05T00:18:30.163+0000] {dag.py:3089} INFO - Sync 1 DAGs
[2024-08-05T00:18:30.175+0000] {logging_mixin.py:188} INFO - [2024-08-05T00:18:30.175+0000] {dag.py:3947} INFO - Setting next_dagrun for example_task_group_decorator to 2024-08-04 00:00:00+00:00, run_after=2024-08-05 00:00:00+00:00
[2024-08-05T00:18:30.183+0000] {processor.py:183} INFO - Processing /home/airflow/.local/lib/python3.12/site-packages/airflow/example_dags/example_task_group_decorator.py took 0.050 seconds
[2024-08-05T00:19:00.517+0000] {processor.py:161} INFO - Started process (PID=15383) to work on /home/airflow/.local/lib/python3.12/site-packages/airflow/example_dags/example_task_group_decorator.py
[2024-08-05T00:19:00.519+0000] {processor.py:830} INFO - Processing file /home/airflow/.local/lib/python3.12/site-packages/airflow/example_dags/example_task_group_decorator.py for tasks to queue
[2024-08-05T00:19:00.520+0000] {logging_mixin.py:188} INFO - [2024-08-05T00:19:00.520+0000] {dagbag.py:545} INFO - Filling up the DagBag from /home/airflow/.local/lib/python3.12/site-packages/airflow/example_dags/example_task_group_decorator.py
[2024-08-05T00:19:00.530+0000] {processor.py:840} INFO - DAG(s) 'example_task_group_decorator' retrieved from /home/airflow/.local/lib/python3.12/site-packages/airflow/example_dags/example_task_group_decorator.py
[2024-08-05T00:19:00.554+0000] {logging_mixin.py:188} INFO - [2024-08-05T00:19:00.553+0000] {dag.py:3089} INFO - Sync 1 DAGs
[2024-08-05T00:19:00.568+0000] {logging_mixin.py:188} INFO - [2024-08-05T00:19:00.568+0000] {dag.py:3947} INFO - Setting next_dagrun for example_task_group_decorator to 2024-08-04 00:00:00+00:00, run_after=2024-08-05 00:00:00+00:00
[2024-08-05T00:19:00.581+0000] {processor.py:183} INFO - Processing /home/airflow/.local/lib/python3.12/site-packages/airflow/example_dags/example_task_group_decorator.py took 0.068 seconds
[2024-08-05T00:19:30.667+0000] {processor.py:161} INFO - Started process (PID=15448) to work on /home/airflow/.local/lib/python3.12/site-packages/airflow/example_dags/example_task_group_decorator.py
[2024-08-05T00:19:30.667+0000] {processor.py:830} INFO - Processing file /home/airflow/.local/lib/python3.12/site-packages/airflow/example_dags/example_task_group_decorator.py for tasks to queue
[2024-08-05T00:19:30.668+0000] {logging_mixin.py:188} INFO - [2024-08-05T00:19:30.668+0000] {dagbag.py:545} INFO - Filling up the DagBag from /home/airflow/.local/lib/python3.12/site-packages/airflow/example_dags/example_task_group_decorator.py
[2024-08-05T00:19:30.676+0000] {processor.py:840} INFO - DAG(s) 'example_task_group_decorator' retrieved from /home/airflow/.local/lib/python3.12/site-packages/airflow/example_dags/example_task_group_decorator.py
[2024-08-05T00:19:30.690+0000] {logging_mixin.py:188} INFO - [2024-08-05T00:19:30.690+0000] {dag.py:3089} INFO - Sync 1 DAGs
[2024-08-05T00:19:30.701+0000] {logging_mixin.py:188} INFO - [2024-08-05T00:19:30.701+0000] {dag.py:3947} INFO - Setting next_dagrun for example_task_group_decorator to 2024-08-04 00:00:00+00:00, run_after=2024-08-05 00:00:00+00:00
[2024-08-05T00:19:30.710+0000] {processor.py:183} INFO - Processing /home/airflow/.local/lib/python3.12/site-packages/airflow/example_dags/example_task_group_decorator.py took 0.047 seconds
[2024-08-05T00:20:01.355+0000] {processor.py:161} INFO - Started process (PID=15515) to work on /home/airflow/.local/lib/python3.12/site-packages/airflow/example_dags/example_task_group_decorator.py
[2024-08-05T00:20:01.360+0000] {processor.py:830} INFO - Processing file /home/airflow/.local/lib/python3.12/site-packages/airflow/example_dags/example_task_group_decorator.py for tasks to queue
[2024-08-05T00:20:01.372+0000] {logging_mixin.py:188} INFO - [2024-08-05T00:20:01.366+0000] {dagbag.py:545} INFO - Filling up the DagBag from /home/airflow/.local/lib/python3.12/site-packages/airflow/example_dags/example_task_group_decorator.py
[2024-08-05T00:20:01.409+0000] {processor.py:840} INFO - DAG(s) 'example_task_group_decorator' retrieved from /home/airflow/.local/lib/python3.12/site-packages/airflow/example_dags/example_task_group_decorator.py
[2024-08-05T00:20:01.518+0000] {logging_mixin.py:188} INFO - [2024-08-05T00:20:01.517+0000] {dag.py:3089} INFO - Sync 1 DAGs
[2024-08-05T00:20:01.577+0000] {logging_mixin.py:188} INFO - [2024-08-05T00:20:01.576+0000] {dag.py:3947} INFO - Setting next_dagrun for example_task_group_decorator to 2024-08-04 00:00:00+00:00, run_after=2024-08-05 00:00:00+00:00
[2024-08-05T00:20:01.637+0000] {processor.py:183} INFO - Processing /home/airflow/.local/lib/python3.12/site-packages/airflow/example_dags/example_task_group_decorator.py took 0.295 seconds
[2024-08-05T00:20:33.197+0000] {processor.py:161} INFO - Started process (PID=15589) to work on /home/airflow/.local/lib/python3.12/site-packages/airflow/example_dags/example_task_group_decorator.py
[2024-08-05T00:20:33.211+0000] {processor.py:830} INFO - Processing file /home/airflow/.local/lib/python3.12/site-packages/airflow/example_dags/example_task_group_decorator.py for tasks to queue
[2024-08-05T00:20:33.226+0000] {logging_mixin.py:188} INFO - [2024-08-05T00:20:33.223+0000] {dagbag.py:545} INFO - Filling up the DagBag from /home/airflow/.local/lib/python3.12/site-packages/airflow/example_dags/example_task_group_decorator.py
[2024-08-05T00:20:33.392+0000] {processor.py:840} INFO - DAG(s) 'example_task_group_decorator' retrieved from /home/airflow/.local/lib/python3.12/site-packages/airflow/example_dags/example_task_group_decorator.py
[2024-08-05T00:20:33.525+0000] {logging_mixin.py:188} INFO - [2024-08-05T00:20:33.525+0000] {dag.py:3089} INFO - Sync 1 DAGs
[2024-08-05T00:20:33.646+0000] {logging_mixin.py:188} INFO - [2024-08-05T00:20:33.644+0000] {dag.py:3947} INFO - Setting next_dagrun for example_task_group_decorator to 2024-08-04 00:00:00+00:00, run_after=2024-08-05 00:00:00+00:00
[2024-08-05T00:20:33.716+0000] {processor.py:183} INFO - Processing /home/airflow/.local/lib/python3.12/site-packages/airflow/example_dags/example_task_group_decorator.py took 0.570 seconds
[2024-08-05T00:21:04.489+0000] {processor.py:161} INFO - Started process (PID=15650) to work on /home/airflow/.local/lib/python3.12/site-packages/airflow/example_dags/example_task_group_decorator.py
[2024-08-05T00:21:04.497+0000] {processor.py:830} INFO - Processing file /home/airflow/.local/lib/python3.12/site-packages/airflow/example_dags/example_task_group_decorator.py for tasks to queue
[2024-08-05T00:21:04.508+0000] {logging_mixin.py:188} INFO - [2024-08-05T00:21:04.502+0000] {dagbag.py:545} INFO - Filling up the DagBag from /home/airflow/.local/lib/python3.12/site-packages/airflow/example_dags/example_task_group_decorator.py
[2024-08-05T00:21:04.535+0000] {processor.py:840} INFO - DAG(s) 'example_task_group_decorator' retrieved from /home/airflow/.local/lib/python3.12/site-packages/airflow/example_dags/example_task_group_decorator.py
[2024-08-05T00:21:04.615+0000] {logging_mixin.py:188} INFO - [2024-08-05T00:21:04.615+0000] {dag.py:3089} INFO - Sync 1 DAGs
[2024-08-05T00:21:04.652+0000] {logging_mixin.py:188} INFO - [2024-08-05T00:21:04.651+0000] {dag.py:3947} INFO - Setting next_dagrun for example_task_group_decorator to 2024-08-04 00:00:00+00:00, run_after=2024-08-05 00:00:00+00:00
[2024-08-05T00:21:04.719+0000] {processor.py:183} INFO - Processing /home/airflow/.local/lib/python3.12/site-packages/airflow/example_dags/example_task_group_decorator.py took 0.243 seconds
[2024-08-05T00:21:35.339+0000] {processor.py:161} INFO - Started process (PID=15711) to work on /home/airflow/.local/lib/python3.12/site-packages/airflow/example_dags/example_task_group_decorator.py
[2024-08-05T00:21:35.349+0000] {processor.py:830} INFO - Processing file /home/airflow/.local/lib/python3.12/site-packages/airflow/example_dags/example_task_group_decorator.py for tasks to queue
[2024-08-05T00:21:35.359+0000] {logging_mixin.py:188} INFO - [2024-08-05T00:21:35.353+0000] {dagbag.py:545} INFO - Filling up the DagBag from /home/airflow/.local/lib/python3.12/site-packages/airflow/example_dags/example_task_group_decorator.py
[2024-08-05T00:21:35.421+0000] {processor.py:840} INFO - DAG(s) 'example_task_group_decorator' retrieved from /home/airflow/.local/lib/python3.12/site-packages/airflow/example_dags/example_task_group_decorator.py
[2024-08-05T00:21:35.540+0000] {logging_mixin.py:188} INFO - [2024-08-05T00:21:35.538+0000] {dag.py:3089} INFO - Sync 1 DAGs
[2024-08-05T00:21:35.656+0000] {logging_mixin.py:188} INFO - [2024-08-05T00:21:35.656+0000] {dag.py:3947} INFO - Setting next_dagrun for example_task_group_decorator to 2024-08-04 00:00:00+00:00, run_after=2024-08-05 00:00:00+00:00
[2024-08-05T00:21:35.745+0000] {processor.py:183} INFO - Processing /home/airflow/.local/lib/python3.12/site-packages/airflow/example_dags/example_task_group_decorator.py took 0.433 seconds
[2024-08-05T00:22:06.408+0000] {processor.py:161} INFO - Started process (PID=15770) to work on /home/airflow/.local/lib/python3.12/site-packages/airflow/example_dags/example_task_group_decorator.py
[2024-08-05T00:22:06.410+0000] {processor.py:830} INFO - Processing file /home/airflow/.local/lib/python3.12/site-packages/airflow/example_dags/example_task_group_decorator.py for tasks to queue
[2024-08-05T00:22:06.416+0000] {logging_mixin.py:188} INFO - [2024-08-05T00:22:06.415+0000] {dagbag.py:545} INFO - Filling up the DagBag from /home/airflow/.local/lib/python3.12/site-packages/airflow/example_dags/example_task_group_decorator.py
[2024-08-05T00:22:06.438+0000] {processor.py:840} INFO - DAG(s) 'example_task_group_decorator' retrieved from /home/airflow/.local/lib/python3.12/site-packages/airflow/example_dags/example_task_group_decorator.py
[2024-08-05T00:22:06.464+0000] {logging_mixin.py:188} INFO - [2024-08-05T00:22:06.464+0000] {dag.py:3089} INFO - Sync 1 DAGs
[2024-08-05T00:22:06.484+0000] {logging_mixin.py:188} INFO - [2024-08-05T00:22:06.484+0000] {dag.py:3947} INFO - Setting next_dagrun for example_task_group_decorator to 2024-08-04 00:00:00+00:00, run_after=2024-08-05 00:00:00+00:00
[2024-08-05T00:22:06.501+0000] {processor.py:183} INFO - Processing /home/airflow/.local/lib/python3.12/site-packages/airflow/example_dags/example_task_group_decorator.py took 0.101 seconds
