[2024-08-05T00:00:18.954+0000] {processor.py:161} INFO - Started process (PID=13094) to work on /home/airflow/.local/lib/python3.12/site-packages/airflow/example_dags/example_branch_python_dop_operator_3.py
[2024-08-05T00:00:18.957+0000] {processor.py:830} INFO - Processing file /home/airflow/.local/lib/python3.12/site-packages/airflow/example_dags/example_branch_python_dop_operator_3.py for tasks to queue
[2024-08-05T00:00:18.959+0000] {logging_mixin.py:188} INFO - [2024-08-05T00:00:18.959+0000] {dagbag.py:545} INFO - Filling up the DagBag from /home/airflow/.local/lib/python3.12/site-packages/airflow/example_dags/example_branch_python_dop_operator_3.py
[2024-08-05T00:00:18.971+0000] {processor.py:840} INFO - DAG(s) 'example_branch_dop_operator_v3' retrieved from /home/airflow/.local/lib/python3.12/site-packages/airflow/example_dags/example_branch_python_dop_operator_3.py
[2024-08-05T00:00:19.028+0000] {logging_mixin.py:188} INFO - [2024-08-05T00:00:19.028+0000] {dag.py:3089} INFO - Sync 1 DAGs
[2024-08-05T00:00:19.096+0000] {logging_mixin.py:188} INFO - [2024-08-05T00:00:19.095+0000] {dag.py:3947} INFO - Setting next_dagrun for example_branch_dop_operator_v3 to 2024-08-04 23:59:00+00:00, run_after=2024-08-05 00:00:00+00:00
[2024-08-05T00:00:19.133+0000] {processor.py:183} INFO - Processing /home/airflow/.local/lib/python3.12/site-packages/airflow/example_dags/example_branch_python_dop_operator_3.py took 0.195 seconds
[2024-08-05T00:00:49.435+0000] {processor.py:161} INFO - Started process (PID=13157) to work on /home/airflow/.local/lib/python3.12/site-packages/airflow/example_dags/example_branch_python_dop_operator_3.py
[2024-08-05T00:00:49.437+0000] {processor.py:830} INFO - Processing file /home/airflow/.local/lib/python3.12/site-packages/airflow/example_dags/example_branch_python_dop_operator_3.py for tasks to queue
[2024-08-05T00:00:49.442+0000] {logging_mixin.py:188} INFO - [2024-08-05T00:00:49.441+0000] {dagbag.py:545} INFO - Filling up the DagBag from /home/airflow/.local/lib/python3.12/site-packages/airflow/example_dags/example_branch_python_dop_operator_3.py
[2024-08-05T00:00:49.466+0000] {processor.py:840} INFO - DAG(s) 'example_branch_dop_operator_v3' retrieved from /home/airflow/.local/lib/python3.12/site-packages/airflow/example_dags/example_branch_python_dop_operator_3.py
[2024-08-05T00:00:49.504+0000] {logging_mixin.py:188} INFO - [2024-08-05T00:00:49.504+0000] {dag.py:3089} INFO - Sync 1 DAGs
[2024-08-05T00:00:49.541+0000] {logging_mixin.py:188} INFO - [2024-08-05T00:00:49.541+0000] {dag.py:3947} INFO - Setting next_dagrun for example_branch_dop_operator_v3 to 2024-08-04 23:59:00+00:00, run_after=2024-08-05 00:00:00+00:00
[2024-08-05T00:00:49.558+0000] {processor.py:183} INFO - Processing /home/airflow/.local/lib/python3.12/site-packages/airflow/example_dags/example_branch_python_dop_operator_3.py took 0.129 seconds
[2024-08-05T00:01:20.342+0000] {processor.py:161} INFO - Started process (PID=13223) to work on /home/airflow/.local/lib/python3.12/site-packages/airflow/example_dags/example_branch_python_dop_operator_3.py
[2024-08-05T00:01:20.344+0000] {processor.py:830} INFO - Processing file /home/airflow/.local/lib/python3.12/site-packages/airflow/example_dags/example_branch_python_dop_operator_3.py for tasks to queue
[2024-08-05T00:01:20.345+0000] {logging_mixin.py:188} INFO - [2024-08-05T00:01:20.345+0000] {dagbag.py:545} INFO - Filling up the DagBag from /home/airflow/.local/lib/python3.12/site-packages/airflow/example_dags/example_branch_python_dop_operator_3.py
[2024-08-05T00:01:20.358+0000] {processor.py:840} INFO - DAG(s) 'example_branch_dop_operator_v3' retrieved from /home/airflow/.local/lib/python3.12/site-packages/airflow/example_dags/example_branch_python_dop_operator_3.py
[2024-08-05T00:01:20.432+0000] {logging_mixin.py:188} INFO - [2024-08-05T00:01:20.432+0000] {dag.py:3089} INFO - Sync 1 DAGs
[2024-08-05T00:01:20.455+0000] {logging_mixin.py:188} INFO - [2024-08-05T00:01:20.455+0000] {dag.py:3947} INFO - Setting next_dagrun for example_branch_dop_operator_v3 to 2024-08-05 00:00:00+00:00, run_after=2024-08-05 00:01:00+00:00
[2024-08-05T00:01:20.483+0000] {processor.py:183} INFO - Processing /home/airflow/.local/lib/python3.12/site-packages/airflow/example_dags/example_branch_python_dop_operator_3.py took 0.150 seconds
[2024-08-05T00:01:51.426+0000] {processor.py:161} INFO - Started process (PID=13294) to work on /home/airflow/.local/lib/python3.12/site-packages/airflow/example_dags/example_branch_python_dop_operator_3.py
[2024-08-05T00:01:51.429+0000] {processor.py:830} INFO - Processing file /home/airflow/.local/lib/python3.12/site-packages/airflow/example_dags/example_branch_python_dop_operator_3.py for tasks to queue
[2024-08-05T00:01:51.431+0000] {logging_mixin.py:188} INFO - [2024-08-05T00:01:51.431+0000] {dagbag.py:545} INFO - Filling up the DagBag from /home/airflow/.local/lib/python3.12/site-packages/airflow/example_dags/example_branch_python_dop_operator_3.py
[2024-08-05T00:01:51.443+0000] {processor.py:840} INFO - DAG(s) 'example_branch_dop_operator_v3' retrieved from /home/airflow/.local/lib/python3.12/site-packages/airflow/example_dags/example_branch_python_dop_operator_3.py
[2024-08-05T00:01:51.466+0000] {logging_mixin.py:188} INFO - [2024-08-05T00:01:51.465+0000] {dag.py:3089} INFO - Sync 1 DAGs
[2024-08-05T00:01:51.478+0000] {logging_mixin.py:188} INFO - [2024-08-05T00:01:51.478+0000] {dag.py:3947} INFO - Setting next_dagrun for example_branch_dop_operator_v3 to 2024-08-05 00:00:00+00:00, run_after=2024-08-05 00:01:00+00:00
[2024-08-05T00:01:51.495+0000] {processor.py:183} INFO - Processing /home/airflow/.local/lib/python3.12/site-packages/airflow/example_dags/example_branch_python_dop_operator_3.py took 0.077 seconds
[2024-08-05T00:02:22.001+0000] {processor.py:161} INFO - Started process (PID=13355) to work on /home/airflow/.local/lib/python3.12/site-packages/airflow/example_dags/example_branch_python_dop_operator_3.py
[2024-08-05T00:02:22.011+0000] {processor.py:830} INFO - Processing file /home/airflow/.local/lib/python3.12/site-packages/airflow/example_dags/example_branch_python_dop_operator_3.py for tasks to queue
[2024-08-05T00:02:22.018+0000] {logging_mixin.py:188} INFO - [2024-08-05T00:02:22.017+0000] {dagbag.py:545} INFO - Filling up the DagBag from /home/airflow/.local/lib/python3.12/site-packages/airflow/example_dags/example_branch_python_dop_operator_3.py
[2024-08-05T00:02:22.045+0000] {processor.py:840} INFO - DAG(s) 'example_branch_dop_operator_v3' retrieved from /home/airflow/.local/lib/python3.12/site-packages/airflow/example_dags/example_branch_python_dop_operator_3.py
[2024-08-05T00:02:22.082+0000] {logging_mixin.py:188} INFO - [2024-08-05T00:02:22.082+0000] {dag.py:3089} INFO - Sync 1 DAGs
[2024-08-05T00:02:22.112+0000] {logging_mixin.py:188} INFO - [2024-08-05T00:02:22.112+0000] {dag.py:3947} INFO - Setting next_dagrun for example_branch_dop_operator_v3 to 2024-08-05 00:01:00+00:00, run_after=2024-08-05 00:02:00+00:00
[2024-08-05T00:02:22.130+0000] {processor.py:183} INFO - Processing /home/airflow/.local/lib/python3.12/site-packages/airflow/example_dags/example_branch_python_dop_operator_3.py took 0.140 seconds
[2024-08-05T00:02:52.249+0000] {processor.py:161} INFO - Started process (PID=13416) to work on /home/airflow/.local/lib/python3.12/site-packages/airflow/example_dags/example_branch_python_dop_operator_3.py
[2024-08-05T00:02:52.255+0000] {processor.py:830} INFO - Processing file /home/airflow/.local/lib/python3.12/site-packages/airflow/example_dags/example_branch_python_dop_operator_3.py for tasks to queue
[2024-08-05T00:02:52.257+0000] {logging_mixin.py:188} INFO - [2024-08-05T00:02:52.257+0000] {dagbag.py:545} INFO - Filling up the DagBag from /home/airflow/.local/lib/python3.12/site-packages/airflow/example_dags/example_branch_python_dop_operator_3.py
[2024-08-05T00:02:52.268+0000] {processor.py:840} INFO - DAG(s) 'example_branch_dop_operator_v3' retrieved from /home/airflow/.local/lib/python3.12/site-packages/airflow/example_dags/example_branch_python_dop_operator_3.py
[2024-08-05T00:02:52.288+0000] {logging_mixin.py:188} INFO - [2024-08-05T00:02:52.288+0000] {dag.py:3089} INFO - Sync 1 DAGs
[2024-08-05T00:02:52.301+0000] {logging_mixin.py:188} INFO - [2024-08-05T00:02:52.301+0000] {dag.py:3947} INFO - Setting next_dagrun for example_branch_dop_operator_v3 to 2024-08-05 00:01:00+00:00, run_after=2024-08-05 00:02:00+00:00
[2024-08-05T00:02:52.316+0000] {processor.py:183} INFO - Processing /home/airflow/.local/lib/python3.12/site-packages/airflow/example_dags/example_branch_python_dop_operator_3.py took 0.074 seconds
[2024-08-05T00:03:23.228+0000] {processor.py:161} INFO - Started process (PID=13477) to work on /home/airflow/.local/lib/python3.12/site-packages/airflow/example_dags/example_branch_python_dop_operator_3.py
[2024-08-05T00:03:23.230+0000] {processor.py:830} INFO - Processing file /home/airflow/.local/lib/python3.12/site-packages/airflow/example_dags/example_branch_python_dop_operator_3.py for tasks to queue
[2024-08-05T00:03:23.231+0000] {logging_mixin.py:188} INFO - [2024-08-05T00:03:23.231+0000] {dagbag.py:545} INFO - Filling up the DagBag from /home/airflow/.local/lib/python3.12/site-packages/airflow/example_dags/example_branch_python_dop_operator_3.py
[2024-08-05T00:03:23.241+0000] {processor.py:840} INFO - DAG(s) 'example_branch_dop_operator_v3' retrieved from /home/airflow/.local/lib/python3.12/site-packages/airflow/example_dags/example_branch_python_dop_operator_3.py
[2024-08-05T00:03:23.259+0000] {logging_mixin.py:188} INFO - [2024-08-05T00:03:23.259+0000] {dag.py:3089} INFO - Sync 1 DAGs
[2024-08-05T00:03:23.277+0000] {logging_mixin.py:188} INFO - [2024-08-05T00:03:23.277+0000] {dag.py:3947} INFO - Setting next_dagrun for example_branch_dop_operator_v3 to 2024-08-05 00:02:00+00:00, run_after=2024-08-05 00:03:00+00:00
[2024-08-05T00:03:23.289+0000] {processor.py:183} INFO - Processing /home/airflow/.local/lib/python3.12/site-packages/airflow/example_dags/example_branch_python_dop_operator_3.py took 0.070 seconds
[2024-08-05T00:03:53.582+0000] {processor.py:161} INFO - Started process (PID=13538) to work on /home/airflow/.local/lib/python3.12/site-packages/airflow/example_dags/example_branch_python_dop_operator_3.py
[2024-08-05T00:03:53.586+0000] {processor.py:830} INFO - Processing file /home/airflow/.local/lib/python3.12/site-packages/airflow/example_dags/example_branch_python_dop_operator_3.py for tasks to queue
[2024-08-05T00:03:53.589+0000] {logging_mixin.py:188} INFO - [2024-08-05T00:03:53.588+0000] {dagbag.py:545} INFO - Filling up the DagBag from /home/airflow/.local/lib/python3.12/site-packages/airflow/example_dags/example_branch_python_dop_operator_3.py
[2024-08-05T00:03:53.618+0000] {processor.py:840} INFO - DAG(s) 'example_branch_dop_operator_v3' retrieved from /home/airflow/.local/lib/python3.12/site-packages/airflow/example_dags/example_branch_python_dop_operator_3.py
[2024-08-05T00:03:53.674+0000] {logging_mixin.py:188} INFO - [2024-08-05T00:03:53.674+0000] {dag.py:3089} INFO - Sync 1 DAGs
[2024-08-05T00:03:53.716+0000] {logging_mixin.py:188} INFO - [2024-08-05T00:03:53.716+0000] {dag.py:3947} INFO - Setting next_dagrun for example_branch_dop_operator_v3 to 2024-08-05 00:02:00+00:00, run_after=2024-08-05 00:03:00+00:00
[2024-08-05T00:03:53.744+0000] {processor.py:183} INFO - Processing /home/airflow/.local/lib/python3.12/site-packages/airflow/example_dags/example_branch_python_dop_operator_3.py took 0.173 seconds
[2024-08-05T00:04:24.693+0000] {processor.py:161} INFO - Started process (PID=13599) to work on /home/airflow/.local/lib/python3.12/site-packages/airflow/example_dags/example_branch_python_dop_operator_3.py
[2024-08-05T00:04:24.695+0000] {processor.py:830} INFO - Processing file /home/airflow/.local/lib/python3.12/site-packages/airflow/example_dags/example_branch_python_dop_operator_3.py for tasks to queue
[2024-08-05T00:04:24.696+0000] {logging_mixin.py:188} INFO - [2024-08-05T00:04:24.696+0000] {dagbag.py:545} INFO - Filling up the DagBag from /home/airflow/.local/lib/python3.12/site-packages/airflow/example_dags/example_branch_python_dop_operator_3.py
[2024-08-05T00:04:24.708+0000] {processor.py:840} INFO - DAG(s) 'example_branch_dop_operator_v3' retrieved from /home/airflow/.local/lib/python3.12/site-packages/airflow/example_dags/example_branch_python_dop_operator_3.py
[2024-08-05T00:04:24.736+0000] {logging_mixin.py:188} INFO - [2024-08-05T00:04:24.736+0000] {dag.py:3089} INFO - Sync 1 DAGs
[2024-08-05T00:04:24.756+0000] {logging_mixin.py:188} INFO - [2024-08-05T00:04:24.756+0000] {dag.py:3947} INFO - Setting next_dagrun for example_branch_dop_operator_v3 to 2024-08-05 00:03:00+00:00, run_after=2024-08-05 00:04:00+00:00
[2024-08-05T00:04:24.772+0000] {processor.py:183} INFO - Processing /home/airflow/.local/lib/python3.12/site-packages/airflow/example_dags/example_branch_python_dop_operator_3.py took 0.084 seconds
[2024-08-05T00:04:54.944+0000] {processor.py:161} INFO - Started process (PID=13660) to work on /home/airflow/.local/lib/python3.12/site-packages/airflow/example_dags/example_branch_python_dop_operator_3.py
[2024-08-05T00:04:54.946+0000] {processor.py:830} INFO - Processing file /home/airflow/.local/lib/python3.12/site-packages/airflow/example_dags/example_branch_python_dop_operator_3.py for tasks to queue
[2024-08-05T00:04:54.948+0000] {logging_mixin.py:188} INFO - [2024-08-05T00:04:54.948+0000] {dagbag.py:545} INFO - Filling up the DagBag from /home/airflow/.local/lib/python3.12/site-packages/airflow/example_dags/example_branch_python_dop_operator_3.py
[2024-08-05T00:04:54.958+0000] {processor.py:840} INFO - DAG(s) 'example_branch_dop_operator_v3' retrieved from /home/airflow/.local/lib/python3.12/site-packages/airflow/example_dags/example_branch_python_dop_operator_3.py
[2024-08-05T00:04:54.978+0000] {logging_mixin.py:188} INFO - [2024-08-05T00:04:54.978+0000] {dag.py:3089} INFO - Sync 1 DAGs
[2024-08-05T00:04:54.994+0000] {logging_mixin.py:188} INFO - [2024-08-05T00:04:54.994+0000] {dag.py:3947} INFO - Setting next_dagrun for example_branch_dop_operator_v3 to 2024-08-05 00:03:00+00:00, run_after=2024-08-05 00:04:00+00:00
[2024-08-05T00:04:55.005+0000] {processor.py:183} INFO - Processing /home/airflow/.local/lib/python3.12/site-packages/airflow/example_dags/example_branch_python_dop_operator_3.py took 0.068 seconds
[2024-08-05T00:05:25.527+0000] {processor.py:161} INFO - Started process (PID=13721) to work on /home/airflow/.local/lib/python3.12/site-packages/airflow/example_dags/example_branch_python_dop_operator_3.py
[2024-08-05T00:05:25.530+0000] {processor.py:830} INFO - Processing file /home/airflow/.local/lib/python3.12/site-packages/airflow/example_dags/example_branch_python_dop_operator_3.py for tasks to queue
[2024-08-05T00:05:25.531+0000] {logging_mixin.py:188} INFO - [2024-08-05T00:05:25.531+0000] {dagbag.py:545} INFO - Filling up the DagBag from /home/airflow/.local/lib/python3.12/site-packages/airflow/example_dags/example_branch_python_dop_operator_3.py
[2024-08-05T00:05:25.549+0000] {processor.py:840} INFO - DAG(s) 'example_branch_dop_operator_v3' retrieved from /home/airflow/.local/lib/python3.12/site-packages/airflow/example_dags/example_branch_python_dop_operator_3.py
[2024-08-05T00:05:25.587+0000] {logging_mixin.py:188} INFO - [2024-08-05T00:05:25.587+0000] {dag.py:3089} INFO - Sync 1 DAGs
[2024-08-05T00:05:25.616+0000] {logging_mixin.py:188} INFO - [2024-08-05T00:05:25.616+0000] {dag.py:3947} INFO - Setting next_dagrun for example_branch_dop_operator_v3 to 2024-08-05 00:04:00+00:00, run_after=2024-08-05 00:05:00+00:00
[2024-08-05T00:05:25.638+0000] {processor.py:183} INFO - Processing /home/airflow/.local/lib/python3.12/site-packages/airflow/example_dags/example_branch_python_dop_operator_3.py took 0.125 seconds
[2024-08-05T00:05:55.979+0000] {processor.py:161} INFO - Started process (PID=13782) to work on /home/airflow/.local/lib/python3.12/site-packages/airflow/example_dags/example_branch_python_dop_operator_3.py
[2024-08-05T00:05:55.983+0000] {processor.py:830} INFO - Processing file /home/airflow/.local/lib/python3.12/site-packages/airflow/example_dags/example_branch_python_dop_operator_3.py for tasks to queue
[2024-08-05T00:05:55.986+0000] {logging_mixin.py:188} INFO - [2024-08-05T00:05:55.986+0000] {dagbag.py:545} INFO - Filling up the DagBag from /home/airflow/.local/lib/python3.12/site-packages/airflow/example_dags/example_branch_python_dop_operator_3.py
[2024-08-05T00:05:55.999+0000] {processor.py:840} INFO - DAG(s) 'example_branch_dop_operator_v3' retrieved from /home/airflow/.local/lib/python3.12/site-packages/airflow/example_dags/example_branch_python_dop_operator_3.py
[2024-08-05T00:05:56.026+0000] {logging_mixin.py:188} INFO - [2024-08-05T00:05:56.026+0000] {dag.py:3089} INFO - Sync 1 DAGs
[2024-08-05T00:05:56.052+0000] {logging_mixin.py:188} INFO - [2024-08-05T00:05:56.052+0000] {dag.py:3947} INFO - Setting next_dagrun for example_branch_dop_operator_v3 to 2024-08-05 00:04:00+00:00, run_after=2024-08-05 00:05:00+00:00
[2024-08-05T00:05:56.074+0000] {processor.py:183} INFO - Processing /home/airflow/.local/lib/python3.12/site-packages/airflow/example_dags/example_branch_python_dop_operator_3.py took 0.101 seconds
[2024-08-05T00:06:26.297+0000] {processor.py:161} INFO - Started process (PID=13843) to work on /home/airflow/.local/lib/python3.12/site-packages/airflow/example_dags/example_branch_python_dop_operator_3.py
[2024-08-05T00:06:26.299+0000] {processor.py:830} INFO - Processing file /home/airflow/.local/lib/python3.12/site-packages/airflow/example_dags/example_branch_python_dop_operator_3.py for tasks to queue
[2024-08-05T00:06:26.300+0000] {logging_mixin.py:188} INFO - [2024-08-05T00:06:26.299+0000] {dagbag.py:545} INFO - Filling up the DagBag from /home/airflow/.local/lib/python3.12/site-packages/airflow/example_dags/example_branch_python_dop_operator_3.py
[2024-08-05T00:06:26.332+0000] {processor.py:840} INFO - DAG(s) 'example_branch_dop_operator_v3' retrieved from /home/airflow/.local/lib/python3.12/site-packages/airflow/example_dags/example_branch_python_dop_operator_3.py
[2024-08-05T00:06:26.369+0000] {logging_mixin.py:188} INFO - [2024-08-05T00:06:26.368+0000] {dag.py:3089} INFO - Sync 1 DAGs
[2024-08-05T00:06:26.388+0000] {logging_mixin.py:188} INFO - [2024-08-05T00:06:26.388+0000] {dag.py:3947} INFO - Setting next_dagrun for example_branch_dop_operator_v3 to 2024-08-05 00:05:00+00:00, run_after=2024-08-05 00:06:00+00:00
[2024-08-05T00:06:26.401+0000] {processor.py:183} INFO - Processing /home/airflow/.local/lib/python3.12/site-packages/airflow/example_dags/example_branch_python_dop_operator_3.py took 0.112 seconds
[2024-08-05T00:06:57.496+0000] {processor.py:161} INFO - Started process (PID=13909) to work on /home/airflow/.local/lib/python3.12/site-packages/airflow/example_dags/example_branch_python_dop_operator_3.py
[2024-08-05T00:06:57.500+0000] {processor.py:830} INFO - Processing file /home/airflow/.local/lib/python3.12/site-packages/airflow/example_dags/example_branch_python_dop_operator_3.py for tasks to queue
[2024-08-05T00:06:57.502+0000] {logging_mixin.py:188} INFO - [2024-08-05T00:06:57.501+0000] {dagbag.py:545} INFO - Filling up the DagBag from /home/airflow/.local/lib/python3.12/site-packages/airflow/example_dags/example_branch_python_dop_operator_3.py
[2024-08-05T00:06:57.512+0000] {processor.py:840} INFO - DAG(s) 'example_branch_dop_operator_v3' retrieved from /home/airflow/.local/lib/python3.12/site-packages/airflow/example_dags/example_branch_python_dop_operator_3.py
[2024-08-05T00:06:57.543+0000] {logging_mixin.py:188} INFO - [2024-08-05T00:06:57.543+0000] {dag.py:3089} INFO - Sync 1 DAGs
[2024-08-05T00:06:57.574+0000] {logging_mixin.py:188} INFO - [2024-08-05T00:06:57.573+0000] {dag.py:3947} INFO - Setting next_dagrun for example_branch_dop_operator_v3 to 2024-08-05 00:05:00+00:00, run_after=2024-08-05 00:06:00+00:00
[2024-08-05T00:06:57.612+0000] {processor.py:183} INFO - Processing /home/airflow/.local/lib/python3.12/site-packages/airflow/example_dags/example_branch_python_dop_operator_3.py took 0.122 seconds
[2024-08-05T00:07:28.288+0000] {processor.py:161} INFO - Started process (PID=13975) to work on /home/airflow/.local/lib/python3.12/site-packages/airflow/example_dags/example_branch_python_dop_operator_3.py
[2024-08-05T00:07:28.292+0000] {processor.py:830} INFO - Processing file /home/airflow/.local/lib/python3.12/site-packages/airflow/example_dags/example_branch_python_dop_operator_3.py for tasks to queue
[2024-08-05T00:07:28.293+0000] {logging_mixin.py:188} INFO - [2024-08-05T00:07:28.293+0000] {dagbag.py:545} INFO - Filling up the DagBag from /home/airflow/.local/lib/python3.12/site-packages/airflow/example_dags/example_branch_python_dop_operator_3.py
[2024-08-05T00:07:28.298+0000] {processor.py:840} INFO - DAG(s) 'example_branch_dop_operator_v3' retrieved from /home/airflow/.local/lib/python3.12/site-packages/airflow/example_dags/example_branch_python_dop_operator_3.py
[2024-08-05T00:07:28.309+0000] {logging_mixin.py:188} INFO - [2024-08-05T00:07:28.309+0000] {dag.py:3089} INFO - Sync 1 DAGs
[2024-08-05T00:07:28.320+0000] {logging_mixin.py:188} INFO - [2024-08-05T00:07:28.320+0000] {dag.py:3947} INFO - Setting next_dagrun for example_branch_dop_operator_v3 to 2024-08-05 00:06:00+00:00, run_after=2024-08-05 00:07:00+00:00
[2024-08-05T00:07:28.328+0000] {processor.py:183} INFO - Processing /home/airflow/.local/lib/python3.12/site-packages/airflow/example_dags/example_branch_python_dop_operator_3.py took 0.043 seconds
[2024-08-05T00:07:58.712+0000] {processor.py:161} INFO - Started process (PID=14036) to work on /home/airflow/.local/lib/python3.12/site-packages/airflow/example_dags/example_branch_python_dop_operator_3.py
[2024-08-05T00:07:58.713+0000] {processor.py:830} INFO - Processing file /home/airflow/.local/lib/python3.12/site-packages/airflow/example_dags/example_branch_python_dop_operator_3.py for tasks to queue
[2024-08-05T00:07:58.714+0000] {logging_mixin.py:188} INFO - [2024-08-05T00:07:58.714+0000] {dagbag.py:545} INFO - Filling up the DagBag from /home/airflow/.local/lib/python3.12/site-packages/airflow/example_dags/example_branch_python_dop_operator_3.py
[2024-08-05T00:07:58.719+0000] {processor.py:840} INFO - DAG(s) 'example_branch_dop_operator_v3' retrieved from /home/airflow/.local/lib/python3.12/site-packages/airflow/example_dags/example_branch_python_dop_operator_3.py
[2024-08-05T00:07:58.731+0000] {logging_mixin.py:188} INFO - [2024-08-05T00:07:58.731+0000] {dag.py:3089} INFO - Sync 1 DAGs
[2024-08-05T00:07:58.743+0000] {logging_mixin.py:188} INFO - [2024-08-05T00:07:58.742+0000] {dag.py:3947} INFO - Setting next_dagrun for example_branch_dop_operator_v3 to 2024-08-05 00:06:00+00:00, run_after=2024-08-05 00:07:00+00:00
[2024-08-05T00:07:58.750+0000] {processor.py:183} INFO - Processing /home/airflow/.local/lib/python3.12/site-packages/airflow/example_dags/example_branch_python_dop_operator_3.py took 0.042 seconds
[2024-08-05T00:08:28.899+0000] {processor.py:161} INFO - Started process (PID=14097) to work on /home/airflow/.local/lib/python3.12/site-packages/airflow/example_dags/example_branch_python_dop_operator_3.py
[2024-08-05T00:08:28.900+0000] {processor.py:830} INFO - Processing file /home/airflow/.local/lib/python3.12/site-packages/airflow/example_dags/example_branch_python_dop_operator_3.py for tasks to queue
[2024-08-05T00:08:28.901+0000] {logging_mixin.py:188} INFO - [2024-08-05T00:08:28.901+0000] {dagbag.py:545} INFO - Filling up the DagBag from /home/airflow/.local/lib/python3.12/site-packages/airflow/example_dags/example_branch_python_dop_operator_3.py
[2024-08-05T00:08:28.907+0000] {processor.py:840} INFO - DAG(s) 'example_branch_dop_operator_v3' retrieved from /home/airflow/.local/lib/python3.12/site-packages/airflow/example_dags/example_branch_python_dop_operator_3.py
[2024-08-05T00:08:28.930+0000] {logging_mixin.py:188} INFO - [2024-08-05T00:08:28.930+0000] {dag.py:3089} INFO - Sync 1 DAGs
[2024-08-05T00:08:28.945+0000] {logging_mixin.py:188} INFO - [2024-08-05T00:08:28.945+0000] {dag.py:3947} INFO - Setting next_dagrun for example_branch_dop_operator_v3 to 2024-08-05 00:07:00+00:00, run_after=2024-08-05 00:08:00+00:00
[2024-08-05T00:08:28.955+0000] {processor.py:183} INFO - Processing /home/airflow/.local/lib/python3.12/site-packages/airflow/example_dags/example_branch_python_dop_operator_3.py took 0.059 seconds
[2024-08-05T00:08:59.341+0000] {processor.py:161} INFO - Started process (PID=14159) to work on /home/airflow/.local/lib/python3.12/site-packages/airflow/example_dags/example_branch_python_dop_operator_3.py
[2024-08-05T00:08:59.342+0000] {processor.py:830} INFO - Processing file /home/airflow/.local/lib/python3.12/site-packages/airflow/example_dags/example_branch_python_dop_operator_3.py for tasks to queue
[2024-08-05T00:08:59.343+0000] {logging_mixin.py:188} INFO - [2024-08-05T00:08:59.343+0000] {dagbag.py:545} INFO - Filling up the DagBag from /home/airflow/.local/lib/python3.12/site-packages/airflow/example_dags/example_branch_python_dop_operator_3.py
[2024-08-05T00:08:59.348+0000] {processor.py:840} INFO - DAG(s) 'example_branch_dop_operator_v3' retrieved from /home/airflow/.local/lib/python3.12/site-packages/airflow/example_dags/example_branch_python_dop_operator_3.py
[2024-08-05T00:08:59.361+0000] {logging_mixin.py:188} INFO - [2024-08-05T00:08:59.361+0000] {dag.py:3089} INFO - Sync 1 DAGs
[2024-08-05T00:08:59.384+0000] {logging_mixin.py:188} INFO - [2024-08-05T00:08:59.384+0000] {dag.py:3947} INFO - Setting next_dagrun for example_branch_dop_operator_v3 to 2024-08-05 00:07:00+00:00, run_after=2024-08-05 00:08:00+00:00
[2024-08-05T00:08:59.411+0000] {processor.py:183} INFO - Processing /home/airflow/.local/lib/python3.12/site-packages/airflow/example_dags/example_branch_python_dop_operator_3.py took 0.074 seconds
[2024-08-05T00:09:30.209+0000] {processor.py:161} INFO - Started process (PID=14220) to work on /home/airflow/.local/lib/python3.12/site-packages/airflow/example_dags/example_branch_python_dop_operator_3.py
[2024-08-05T00:09:30.209+0000] {processor.py:830} INFO - Processing file /home/airflow/.local/lib/python3.12/site-packages/airflow/example_dags/example_branch_python_dop_operator_3.py for tasks to queue
[2024-08-05T00:09:30.210+0000] {logging_mixin.py:188} INFO - [2024-08-05T00:09:30.209+0000] {dagbag.py:545} INFO - Filling up the DagBag from /home/airflow/.local/lib/python3.12/site-packages/airflow/example_dags/example_branch_python_dop_operator_3.py
[2024-08-05T00:09:30.215+0000] {processor.py:840} INFO - DAG(s) 'example_branch_dop_operator_v3' retrieved from /home/airflow/.local/lib/python3.12/site-packages/airflow/example_dags/example_branch_python_dop_operator_3.py
[2024-08-05T00:09:30.228+0000] {logging_mixin.py:188} INFO - [2024-08-05T00:09:30.228+0000] {dag.py:3089} INFO - Sync 1 DAGs
[2024-08-05T00:09:30.240+0000] {logging_mixin.py:188} INFO - [2024-08-05T00:09:30.239+0000] {dag.py:3947} INFO - Setting next_dagrun for example_branch_dop_operator_v3 to 2024-08-05 00:08:00+00:00, run_after=2024-08-05 00:09:00+00:00
[2024-08-05T00:09:30.250+0000] {processor.py:183} INFO - Processing /home/airflow/.local/lib/python3.12/site-packages/airflow/example_dags/example_branch_python_dop_operator_3.py took 0.045 seconds
[2024-08-05T00:10:01.139+0000] {processor.py:161} INFO - Started process (PID=14281) to work on /home/airflow/.local/lib/python3.12/site-packages/airflow/example_dags/example_branch_python_dop_operator_3.py
[2024-08-05T00:10:01.147+0000] {processor.py:830} INFO - Processing file /home/airflow/.local/lib/python3.12/site-packages/airflow/example_dags/example_branch_python_dop_operator_3.py for tasks to queue
[2024-08-05T00:10:01.149+0000] {logging_mixin.py:188} INFO - [2024-08-05T00:10:01.148+0000] {dagbag.py:545} INFO - Filling up the DagBag from /home/airflow/.local/lib/python3.12/site-packages/airflow/example_dags/example_branch_python_dop_operator_3.py
[2024-08-05T00:10:01.157+0000] {processor.py:840} INFO - DAG(s) 'example_branch_dop_operator_v3' retrieved from /home/airflow/.local/lib/python3.12/site-packages/airflow/example_dags/example_branch_python_dop_operator_3.py
[2024-08-05T00:10:01.184+0000] {logging_mixin.py:188} INFO - [2024-08-05T00:10:01.184+0000] {dag.py:3089} INFO - Sync 1 DAGs
[2024-08-05T00:10:01.204+0000] {logging_mixin.py:188} INFO - [2024-08-05T00:10:01.204+0000] {dag.py:3947} INFO - Setting next_dagrun for example_branch_dop_operator_v3 to 2024-08-05 00:09:00+00:00, run_after=2024-08-05 00:10:00+00:00
[2024-08-05T00:10:01.220+0000] {processor.py:183} INFO - Processing /home/airflow/.local/lib/python3.12/site-packages/airflow/example_dags/example_branch_python_dop_operator_3.py took 0.101 seconds
[2024-08-05T00:10:31.670+0000] {processor.py:161} INFO - Started process (PID=14352) to work on /home/airflow/.local/lib/python3.12/site-packages/airflow/example_dags/example_branch_python_dop_operator_3.py
[2024-08-05T00:10:31.674+0000] {processor.py:830} INFO - Processing file /home/airflow/.local/lib/python3.12/site-packages/airflow/example_dags/example_branch_python_dop_operator_3.py for tasks to queue
[2024-08-05T00:10:31.674+0000] {logging_mixin.py:188} INFO - [2024-08-05T00:10:31.674+0000] {dagbag.py:545} INFO - Filling up the DagBag from /home/airflow/.local/lib/python3.12/site-packages/airflow/example_dags/example_branch_python_dop_operator_3.py
[2024-08-05T00:10:31.681+0000] {processor.py:840} INFO - DAG(s) 'example_branch_dop_operator_v3' retrieved from /home/airflow/.local/lib/python3.12/site-packages/airflow/example_dags/example_branch_python_dop_operator_3.py
[2024-08-05T00:10:31.693+0000] {logging_mixin.py:188} INFO - [2024-08-05T00:10:31.693+0000] {dag.py:3089} INFO - Sync 1 DAGs
[2024-08-05T00:10:31.706+0000] {logging_mixin.py:188} INFO - [2024-08-05T00:10:31.706+0000] {dag.py:3947} INFO - Setting next_dagrun for example_branch_dop_operator_v3 to 2024-08-05 00:09:00+00:00, run_after=2024-08-05 00:10:00+00:00
[2024-08-05T00:10:31.713+0000] {processor.py:183} INFO - Processing /home/airflow/.local/lib/python3.12/site-packages/airflow/example_dags/example_branch_python_dop_operator_3.py took 0.046 seconds
[2024-08-05T00:11:02.723+0000] {processor.py:161} INFO - Started process (PID=14413) to work on /home/airflow/.local/lib/python3.12/site-packages/airflow/example_dags/example_branch_python_dop_operator_3.py
[2024-08-05T00:11:02.724+0000] {processor.py:830} INFO - Processing file /home/airflow/.local/lib/python3.12/site-packages/airflow/example_dags/example_branch_python_dop_operator_3.py for tasks to queue
[2024-08-05T00:11:02.724+0000] {logging_mixin.py:188} INFO - [2024-08-05T00:11:02.724+0000] {dagbag.py:545} INFO - Filling up the DagBag from /home/airflow/.local/lib/python3.12/site-packages/airflow/example_dags/example_branch_python_dop_operator_3.py
[2024-08-05T00:11:02.730+0000] {processor.py:840} INFO - DAG(s) 'example_branch_dop_operator_v3' retrieved from /home/airflow/.local/lib/python3.12/site-packages/airflow/example_dags/example_branch_python_dop_operator_3.py
[2024-08-05T00:11:02.749+0000] {logging_mixin.py:188} INFO - [2024-08-05T00:11:02.749+0000] {dag.py:3089} INFO - Sync 1 DAGs
[2024-08-05T00:11:02.766+0000] {logging_mixin.py:188} INFO - [2024-08-05T00:11:02.766+0000] {dag.py:3947} INFO - Setting next_dagrun for example_branch_dop_operator_v3 to 2024-08-05 00:10:00+00:00, run_after=2024-08-05 00:11:00+00:00
[2024-08-05T00:11:02.783+0000] {processor.py:183} INFO - Processing /home/airflow/.local/lib/python3.12/site-packages/airflow/example_dags/example_branch_python_dop_operator_3.py took 0.064 seconds
[2024-08-05T00:11:33.688+0000] {processor.py:161} INFO - Started process (PID=14484) to work on /home/airflow/.local/lib/python3.12/site-packages/airflow/example_dags/example_branch_python_dop_operator_3.py
[2024-08-05T00:11:33.689+0000] {processor.py:830} INFO - Processing file /home/airflow/.local/lib/python3.12/site-packages/airflow/example_dags/example_branch_python_dop_operator_3.py for tasks to queue
[2024-08-05T00:11:33.690+0000] {logging_mixin.py:188} INFO - [2024-08-05T00:11:33.690+0000] {dagbag.py:545} INFO - Filling up the DagBag from /home/airflow/.local/lib/python3.12/site-packages/airflow/example_dags/example_branch_python_dop_operator_3.py
[2024-08-05T00:11:33.695+0000] {processor.py:840} INFO - DAG(s) 'example_branch_dop_operator_v3' retrieved from /home/airflow/.local/lib/python3.12/site-packages/airflow/example_dags/example_branch_python_dop_operator_3.py
[2024-08-05T00:11:33.711+0000] {logging_mixin.py:188} INFO - [2024-08-05T00:11:33.711+0000] {dag.py:3089} INFO - Sync 1 DAGs
[2024-08-05T00:11:33.735+0000] {logging_mixin.py:188} INFO - [2024-08-05T00:11:33.735+0000] {dag.py:3947} INFO - Setting next_dagrun for example_branch_dop_operator_v3 to 2024-08-05 00:10:00+00:00, run_after=2024-08-05 00:11:00+00:00
[2024-08-05T00:11:33.774+0000] {processor.py:183} INFO - Processing /home/airflow/.local/lib/python3.12/site-packages/airflow/example_dags/example_branch_python_dop_operator_3.py took 0.089 seconds
[2024-08-05T00:12:04.217+0000] {processor.py:161} INFO - Started process (PID=14545) to work on /home/airflow/.local/lib/python3.12/site-packages/airflow/example_dags/example_branch_python_dop_operator_3.py
[2024-08-05T00:12:04.218+0000] {processor.py:830} INFO - Processing file /home/airflow/.local/lib/python3.12/site-packages/airflow/example_dags/example_branch_python_dop_operator_3.py for tasks to queue
[2024-08-05T00:12:04.219+0000] {logging_mixin.py:188} INFO - [2024-08-05T00:12:04.219+0000] {dagbag.py:545} INFO - Filling up the DagBag from /home/airflow/.local/lib/python3.12/site-packages/airflow/example_dags/example_branch_python_dop_operator_3.py
[2024-08-05T00:12:04.225+0000] {processor.py:840} INFO - DAG(s) 'example_branch_dop_operator_v3' retrieved from /home/airflow/.local/lib/python3.12/site-packages/airflow/example_dags/example_branch_python_dop_operator_3.py
[2024-08-05T00:12:04.237+0000] {logging_mixin.py:188} INFO - [2024-08-05T00:12:04.237+0000] {dag.py:3089} INFO - Sync 1 DAGs
[2024-08-05T00:12:04.248+0000] {logging_mixin.py:188} INFO - [2024-08-05T00:12:04.248+0000] {dag.py:3947} INFO - Setting next_dagrun for example_branch_dop_operator_v3 to 2024-08-05 00:11:00+00:00, run_after=2024-08-05 00:12:00+00:00
[2024-08-05T00:12:04.256+0000] {processor.py:183} INFO - Processing /home/airflow/.local/lib/python3.12/site-packages/airflow/example_dags/example_branch_python_dop_operator_3.py took 0.042 seconds
[2024-08-05T00:12:35.138+0000] {processor.py:161} INFO - Started process (PID=14606) to work on /home/airflow/.local/lib/python3.12/site-packages/airflow/example_dags/example_branch_python_dop_operator_3.py
[2024-08-05T00:12:35.139+0000] {processor.py:830} INFO - Processing file /home/airflow/.local/lib/python3.12/site-packages/airflow/example_dags/example_branch_python_dop_operator_3.py for tasks to queue
[2024-08-05T00:12:35.139+0000] {logging_mixin.py:188} INFO - [2024-08-05T00:12:35.139+0000] {dagbag.py:545} INFO - Filling up the DagBag from /home/airflow/.local/lib/python3.12/site-packages/airflow/example_dags/example_branch_python_dop_operator_3.py
[2024-08-05T00:12:35.144+0000] {processor.py:840} INFO - DAG(s) 'example_branch_dop_operator_v3' retrieved from /home/airflow/.local/lib/python3.12/site-packages/airflow/example_dags/example_branch_python_dop_operator_3.py
[2024-08-05T00:12:35.158+0000] {logging_mixin.py:188} INFO - [2024-08-05T00:12:35.158+0000] {dag.py:3089} INFO - Sync 1 DAGs
[2024-08-05T00:12:35.170+0000] {logging_mixin.py:188} INFO - [2024-08-05T00:12:35.170+0000] {dag.py:3947} INFO - Setting next_dagrun for example_branch_dop_operator_v3 to 2024-08-05 00:11:00+00:00, run_after=2024-08-05 00:12:00+00:00
[2024-08-05T00:12:35.180+0000] {processor.py:183} INFO - Processing /home/airflow/.local/lib/python3.12/site-packages/airflow/example_dags/example_branch_python_dop_operator_3.py took 0.046 seconds
[2024-08-05T00:13:05.953+0000] {processor.py:161} INFO - Started process (PID=14667) to work on /home/airflow/.local/lib/python3.12/site-packages/airflow/example_dags/example_branch_python_dop_operator_3.py
[2024-08-05T00:13:05.957+0000] {processor.py:830} INFO - Processing file /home/airflow/.local/lib/python3.12/site-packages/airflow/example_dags/example_branch_python_dop_operator_3.py for tasks to queue
[2024-08-05T00:13:05.957+0000] {logging_mixin.py:188} INFO - [2024-08-05T00:13:05.957+0000] {dagbag.py:545} INFO - Filling up the DagBag from /home/airflow/.local/lib/python3.12/site-packages/airflow/example_dags/example_branch_python_dop_operator_3.py
[2024-08-05T00:13:05.962+0000] {processor.py:840} INFO - DAG(s) 'example_branch_dop_operator_v3' retrieved from /home/airflow/.local/lib/python3.12/site-packages/airflow/example_dags/example_branch_python_dop_operator_3.py
[2024-08-05T00:13:05.976+0000] {logging_mixin.py:188} INFO - [2024-08-05T00:13:05.975+0000] {dag.py:3089} INFO - Sync 1 DAGs
[2024-08-05T00:13:05.988+0000] {logging_mixin.py:188} INFO - [2024-08-05T00:13:05.988+0000] {dag.py:3947} INFO - Setting next_dagrun for example_branch_dop_operator_v3 to 2024-08-05 00:12:00+00:00, run_after=2024-08-05 00:13:00+00:00
[2024-08-05T00:13:05.996+0000] {processor.py:183} INFO - Processing /home/airflow/.local/lib/python3.12/site-packages/airflow/example_dags/example_branch_python_dop_operator_3.py took 0.047 seconds
[2024-08-05T00:13:36.732+0000] {processor.py:161} INFO - Started process (PID=14728) to work on /home/airflow/.local/lib/python3.12/site-packages/airflow/example_dags/example_branch_python_dop_operator_3.py
[2024-08-05T00:13:36.733+0000] {processor.py:830} INFO - Processing file /home/airflow/.local/lib/python3.12/site-packages/airflow/example_dags/example_branch_python_dop_operator_3.py for tasks to queue
[2024-08-05T00:13:36.733+0000] {logging_mixin.py:188} INFO - [2024-08-05T00:13:36.733+0000] {dagbag.py:545} INFO - Filling up the DagBag from /home/airflow/.local/lib/python3.12/site-packages/airflow/example_dags/example_branch_python_dop_operator_3.py
[2024-08-05T00:13:36.737+0000] {processor.py:840} INFO - DAG(s) 'example_branch_dop_operator_v3' retrieved from /home/airflow/.local/lib/python3.12/site-packages/airflow/example_dags/example_branch_python_dop_operator_3.py
[2024-08-05T00:13:36.748+0000] {logging_mixin.py:188} INFO - [2024-08-05T00:13:36.748+0000] {dag.py:3089} INFO - Sync 1 DAGs
[2024-08-05T00:13:36.759+0000] {logging_mixin.py:188} INFO - [2024-08-05T00:13:36.759+0000] {dag.py:3947} INFO - Setting next_dagrun for example_branch_dop_operator_v3 to 2024-08-05 00:12:00+00:00, run_after=2024-08-05 00:13:00+00:00
[2024-08-05T00:13:36.767+0000] {processor.py:183} INFO - Processing /home/airflow/.local/lib/python3.12/site-packages/airflow/example_dags/example_branch_python_dop_operator_3.py took 0.038 seconds
[2024-08-05T00:14:07.404+0000] {processor.py:161} INFO - Started process (PID=14789) to work on /home/airflow/.local/lib/python3.12/site-packages/airflow/example_dags/example_branch_python_dop_operator_3.py
[2024-08-05T00:14:07.405+0000] {processor.py:830} INFO - Processing file /home/airflow/.local/lib/python3.12/site-packages/airflow/example_dags/example_branch_python_dop_operator_3.py for tasks to queue
[2024-08-05T00:14:07.405+0000] {logging_mixin.py:188} INFO - [2024-08-05T00:14:07.405+0000] {dagbag.py:545} INFO - Filling up the DagBag from /home/airflow/.local/lib/python3.12/site-packages/airflow/example_dags/example_branch_python_dop_operator_3.py
[2024-08-05T00:14:07.409+0000] {processor.py:840} INFO - DAG(s) 'example_branch_dop_operator_v3' retrieved from /home/airflow/.local/lib/python3.12/site-packages/airflow/example_dags/example_branch_python_dop_operator_3.py
[2024-08-05T00:14:07.421+0000] {logging_mixin.py:188} INFO - [2024-08-05T00:14:07.421+0000] {dag.py:3089} INFO - Sync 1 DAGs
[2024-08-05T00:14:07.432+0000] {logging_mixin.py:188} INFO - [2024-08-05T00:14:07.432+0000] {dag.py:3947} INFO - Setting next_dagrun for example_branch_dop_operator_v3 to 2024-08-05 00:13:00+00:00, run_after=2024-08-05 00:14:00+00:00
[2024-08-05T00:14:07.440+0000] {processor.py:183} INFO - Processing /home/airflow/.local/lib/python3.12/site-packages/airflow/example_dags/example_branch_python_dop_operator_3.py took 0.039 seconds
[2024-08-05T00:14:38.479+0000] {processor.py:161} INFO - Started process (PID=14850) to work on /home/airflow/.local/lib/python3.12/site-packages/airflow/example_dags/example_branch_python_dop_operator_3.py
[2024-08-05T00:14:38.481+0000] {processor.py:830} INFO - Processing file /home/airflow/.local/lib/python3.12/site-packages/airflow/example_dags/example_branch_python_dop_operator_3.py for tasks to queue
[2024-08-05T00:14:38.481+0000] {logging_mixin.py:188} INFO - [2024-08-05T00:14:38.481+0000] {dagbag.py:545} INFO - Filling up the DagBag from /home/airflow/.local/lib/python3.12/site-packages/airflow/example_dags/example_branch_python_dop_operator_3.py
[2024-08-05T00:14:38.486+0000] {processor.py:840} INFO - DAG(s) 'example_branch_dop_operator_v3' retrieved from /home/airflow/.local/lib/python3.12/site-packages/airflow/example_dags/example_branch_python_dop_operator_3.py
[2024-08-05T00:14:38.497+0000] {logging_mixin.py:188} INFO - [2024-08-05T00:14:38.497+0000] {dag.py:3089} INFO - Sync 1 DAGs
[2024-08-05T00:14:38.508+0000] {logging_mixin.py:188} INFO - [2024-08-05T00:14:38.508+0000] {dag.py:3947} INFO - Setting next_dagrun for example_branch_dop_operator_v3 to 2024-08-05 00:13:00+00:00, run_after=2024-08-05 00:14:00+00:00
[2024-08-05T00:14:38.515+0000] {processor.py:183} INFO - Processing /home/airflow/.local/lib/python3.12/site-packages/airflow/example_dags/example_branch_python_dop_operator_3.py took 0.040 seconds
[2024-08-05T00:15:08.795+0000] {processor.py:161} INFO - Started process (PID=14911) to work on /home/airflow/.local/lib/python3.12/site-packages/airflow/example_dags/example_branch_python_dop_operator_3.py
[2024-08-05T00:15:08.799+0000] {processor.py:830} INFO - Processing file /home/airflow/.local/lib/python3.12/site-packages/airflow/example_dags/example_branch_python_dop_operator_3.py for tasks to queue
[2024-08-05T00:15:08.800+0000] {logging_mixin.py:188} INFO - [2024-08-05T00:15:08.800+0000] {dagbag.py:545} INFO - Filling up the DagBag from /home/airflow/.local/lib/python3.12/site-packages/airflow/example_dags/example_branch_python_dop_operator_3.py
[2024-08-05T00:15:08.806+0000] {processor.py:840} INFO - DAG(s) 'example_branch_dop_operator_v3' retrieved from /home/airflow/.local/lib/python3.12/site-packages/airflow/example_dags/example_branch_python_dop_operator_3.py
[2024-08-05T00:15:08.823+0000] {logging_mixin.py:188} INFO - [2024-08-05T00:15:08.823+0000] {dag.py:3089} INFO - Sync 1 DAGs
[2024-08-05T00:15:08.840+0000] {logging_mixin.py:188} INFO - [2024-08-05T00:15:08.840+0000] {dag.py:3947} INFO - Setting next_dagrun for example_branch_dop_operator_v3 to 2024-08-05 00:14:00+00:00, run_after=2024-08-05 00:15:00+00:00
[2024-08-05T00:15:08.855+0000] {processor.py:183} INFO - Processing /home/airflow/.local/lib/python3.12/site-packages/airflow/example_dags/example_branch_python_dop_operator_3.py took 0.063 seconds
[2024-08-05T00:15:39.915+0000] {processor.py:161} INFO - Started process (PID=14972) to work on /home/airflow/.local/lib/python3.12/site-packages/airflow/example_dags/example_branch_python_dop_operator_3.py
[2024-08-05T00:15:39.916+0000] {processor.py:830} INFO - Processing file /home/airflow/.local/lib/python3.12/site-packages/airflow/example_dags/example_branch_python_dop_operator_3.py for tasks to queue
[2024-08-05T00:15:39.917+0000] {logging_mixin.py:188} INFO - [2024-08-05T00:15:39.916+0000] {dagbag.py:545} INFO - Filling up the DagBag from /home/airflow/.local/lib/python3.12/site-packages/airflow/example_dags/example_branch_python_dop_operator_3.py
[2024-08-05T00:15:39.921+0000] {processor.py:840} INFO - DAG(s) 'example_branch_dop_operator_v3' retrieved from /home/airflow/.local/lib/python3.12/site-packages/airflow/example_dags/example_branch_python_dop_operator_3.py
[2024-08-05T00:15:39.933+0000] {logging_mixin.py:188} INFO - [2024-08-05T00:15:39.933+0000] {dag.py:3089} INFO - Sync 1 DAGs
[2024-08-05T00:15:39.944+0000] {logging_mixin.py:188} INFO - [2024-08-05T00:15:39.943+0000] {dag.py:3947} INFO - Setting next_dagrun for example_branch_dop_operator_v3 to 2024-08-05 00:14:00+00:00, run_after=2024-08-05 00:15:00+00:00
[2024-08-05T00:15:39.951+0000] {processor.py:183} INFO - Processing /home/airflow/.local/lib/python3.12/site-packages/airflow/example_dags/example_branch_python_dop_operator_3.py took 0.039 seconds
[2024-08-05T00:16:10.502+0000] {processor.py:161} INFO - Started process (PID=15043) to work on /home/airflow/.local/lib/python3.12/site-packages/airflow/example_dags/example_branch_python_dop_operator_3.py
[2024-08-05T00:16:10.509+0000] {processor.py:830} INFO - Processing file /home/airflow/.local/lib/python3.12/site-packages/airflow/example_dags/example_branch_python_dop_operator_3.py for tasks to queue
[2024-08-05T00:16:10.510+0000] {logging_mixin.py:188} INFO - [2024-08-05T00:16:10.510+0000] {dagbag.py:545} INFO - Filling up the DagBag from /home/airflow/.local/lib/python3.12/site-packages/airflow/example_dags/example_branch_python_dop_operator_3.py
[2024-08-05T00:16:10.518+0000] {processor.py:840} INFO - DAG(s) 'example_branch_dop_operator_v3' retrieved from /home/airflow/.local/lib/python3.12/site-packages/airflow/example_dags/example_branch_python_dop_operator_3.py
[2024-08-05T00:16:10.535+0000] {logging_mixin.py:188} INFO - [2024-08-05T00:16:10.535+0000] {dag.py:3089} INFO - Sync 1 DAGs
[2024-08-05T00:16:10.560+0000] {logging_mixin.py:188} INFO - [2024-08-05T00:16:10.560+0000] {dag.py:3947} INFO - Setting next_dagrun for example_branch_dop_operator_v3 to 2024-08-05 00:15:00+00:00, run_after=2024-08-05 00:16:00+00:00
[2024-08-05T00:16:10.592+0000] {processor.py:183} INFO - Processing /home/airflow/.local/lib/python3.12/site-packages/airflow/example_dags/example_branch_python_dop_operator_3.py took 0.101 seconds
[2024-08-05T00:16:41.615+0000] {processor.py:161} INFO - Started process (PID=15104) to work on /home/airflow/.local/lib/python3.12/site-packages/airflow/example_dags/example_branch_python_dop_operator_3.py
[2024-08-05T00:16:41.616+0000] {processor.py:830} INFO - Processing file /home/airflow/.local/lib/python3.12/site-packages/airflow/example_dags/example_branch_python_dop_operator_3.py for tasks to queue
[2024-08-05T00:16:41.617+0000] {logging_mixin.py:188} INFO - [2024-08-05T00:16:41.617+0000] {dagbag.py:545} INFO - Filling up the DagBag from /home/airflow/.local/lib/python3.12/site-packages/airflow/example_dags/example_branch_python_dop_operator_3.py
[2024-08-05T00:16:41.622+0000] {processor.py:840} INFO - DAG(s) 'example_branch_dop_operator_v3' retrieved from /home/airflow/.local/lib/python3.12/site-packages/airflow/example_dags/example_branch_python_dop_operator_3.py
[2024-08-05T00:16:41.643+0000] {logging_mixin.py:188} INFO - [2024-08-05T00:16:41.643+0000] {dag.py:3089} INFO - Sync 1 DAGs
[2024-08-05T00:16:41.659+0000] {logging_mixin.py:188} INFO - [2024-08-05T00:16:41.659+0000] {dag.py:3947} INFO - Setting next_dagrun for example_branch_dop_operator_v3 to 2024-08-05 00:15:00+00:00, run_after=2024-08-05 00:16:00+00:00
[2024-08-05T00:16:41.678+0000] {processor.py:183} INFO - Processing /home/airflow/.local/lib/python3.12/site-packages/airflow/example_dags/example_branch_python_dop_operator_3.py took 0.067 seconds
[2024-08-05T00:17:12.553+0000] {processor.py:161} INFO - Started process (PID=15165) to work on /home/airflow/.local/lib/python3.12/site-packages/airflow/example_dags/example_branch_python_dop_operator_3.py
[2024-08-05T00:17:12.555+0000] {processor.py:830} INFO - Processing file /home/airflow/.local/lib/python3.12/site-packages/airflow/example_dags/example_branch_python_dop_operator_3.py for tasks to queue
[2024-08-05T00:17:12.556+0000] {logging_mixin.py:188} INFO - [2024-08-05T00:17:12.556+0000] {dagbag.py:545} INFO - Filling up the DagBag from /home/airflow/.local/lib/python3.12/site-packages/airflow/example_dags/example_branch_python_dop_operator_3.py
[2024-08-05T00:17:12.567+0000] {processor.py:840} INFO - DAG(s) 'example_branch_dop_operator_v3' retrieved from /home/airflow/.local/lib/python3.12/site-packages/airflow/example_dags/example_branch_python_dop_operator_3.py
[2024-08-05T00:17:12.586+0000] {logging_mixin.py:188} INFO - [2024-08-05T00:17:12.586+0000] {dag.py:3089} INFO - Sync 1 DAGs
[2024-08-05T00:17:12.604+0000] {logging_mixin.py:188} INFO - [2024-08-05T00:17:12.604+0000] {dag.py:3947} INFO - Setting next_dagrun for example_branch_dop_operator_v3 to 2024-08-05 00:16:00+00:00, run_after=2024-08-05 00:17:00+00:00
[2024-08-05T00:17:12.625+0000] {processor.py:183} INFO - Processing /home/airflow/.local/lib/python3.12/site-packages/airflow/example_dags/example_branch_python_dop_operator_3.py took 0.078 seconds
[2024-08-05T00:17:42.855+0000] {processor.py:161} INFO - Started process (PID=15236) to work on /home/airflow/.local/lib/python3.12/site-packages/airflow/example_dags/example_branch_python_dop_operator_3.py
[2024-08-05T00:17:42.858+0000] {processor.py:830} INFO - Processing file /home/airflow/.local/lib/python3.12/site-packages/airflow/example_dags/example_branch_python_dop_operator_3.py for tasks to queue
[2024-08-05T00:17:42.859+0000] {logging_mixin.py:188} INFO - [2024-08-05T00:17:42.858+0000] {dagbag.py:545} INFO - Filling up the DagBag from /home/airflow/.local/lib/python3.12/site-packages/airflow/example_dags/example_branch_python_dop_operator_3.py
[2024-08-05T00:17:42.883+0000] {processor.py:840} INFO - DAG(s) 'example_branch_dop_operator_v3' retrieved from /home/airflow/.local/lib/python3.12/site-packages/airflow/example_dags/example_branch_python_dop_operator_3.py
[2024-08-05T00:17:42.910+0000] {logging_mixin.py:188} INFO - [2024-08-05T00:17:42.910+0000] {dag.py:3089} INFO - Sync 1 DAGs
[2024-08-05T00:17:42.927+0000] {logging_mixin.py:188} INFO - [2024-08-05T00:17:42.927+0000] {dag.py:3947} INFO - Setting next_dagrun for example_branch_dop_operator_v3 to 2024-08-05 00:16:00+00:00, run_after=2024-08-05 00:17:00+00:00
[2024-08-05T00:17:42.939+0000] {processor.py:183} INFO - Processing /home/airflow/.local/lib/python3.12/site-packages/airflow/example_dags/example_branch_python_dop_operator_3.py took 0.088 seconds
[2024-08-05T00:18:13.665+0000] {processor.py:161} INFO - Started process (PID=15297) to work on /home/airflow/.local/lib/python3.12/site-packages/airflow/example_dags/example_branch_python_dop_operator_3.py
[2024-08-05T00:18:13.666+0000] {processor.py:830} INFO - Processing file /home/airflow/.local/lib/python3.12/site-packages/airflow/example_dags/example_branch_python_dop_operator_3.py for tasks to queue
[2024-08-05T00:18:13.667+0000] {logging_mixin.py:188} INFO - [2024-08-05T00:18:13.666+0000] {dagbag.py:545} INFO - Filling up the DagBag from /home/airflow/.local/lib/python3.12/site-packages/airflow/example_dags/example_branch_python_dop_operator_3.py
[2024-08-05T00:18:13.672+0000] {processor.py:840} INFO - DAG(s) 'example_branch_dop_operator_v3' retrieved from /home/airflow/.local/lib/python3.12/site-packages/airflow/example_dags/example_branch_python_dop_operator_3.py
[2024-08-05T00:18:13.696+0000] {logging_mixin.py:188} INFO - [2024-08-05T00:18:13.696+0000] {dag.py:3089} INFO - Sync 1 DAGs
[2024-08-05T00:18:13.716+0000] {logging_mixin.py:188} INFO - [2024-08-05T00:18:13.715+0000] {dag.py:3947} INFO - Setting next_dagrun for example_branch_dop_operator_v3 to 2024-08-05 00:17:00+00:00, run_after=2024-08-05 00:18:00+00:00
[2024-08-05T00:18:13.738+0000] {processor.py:183} INFO - Processing /home/airflow/.local/lib/python3.12/site-packages/airflow/example_dags/example_branch_python_dop_operator_3.py took 0.077 seconds
[2024-08-05T00:18:44.030+0000] {processor.py:161} INFO - Started process (PID=15358) to work on /home/airflow/.local/lib/python3.12/site-packages/airflow/example_dags/example_branch_python_dop_operator_3.py
[2024-08-05T00:18:44.031+0000] {processor.py:830} INFO - Processing file /home/airflow/.local/lib/python3.12/site-packages/airflow/example_dags/example_branch_python_dop_operator_3.py for tasks to queue
[2024-08-05T00:18:44.032+0000] {logging_mixin.py:188} INFO - [2024-08-05T00:18:44.032+0000] {dagbag.py:545} INFO - Filling up the DagBag from /home/airflow/.local/lib/python3.12/site-packages/airflow/example_dags/example_branch_python_dop_operator_3.py
[2024-08-05T00:18:44.038+0000] {processor.py:840} INFO - DAG(s) 'example_branch_dop_operator_v3' retrieved from /home/airflow/.local/lib/python3.12/site-packages/airflow/example_dags/example_branch_python_dop_operator_3.py
[2024-08-05T00:18:44.067+0000] {logging_mixin.py:188} INFO - [2024-08-05T00:18:44.066+0000] {dag.py:3089} INFO - Sync 1 DAGs
[2024-08-05T00:18:44.087+0000] {logging_mixin.py:188} INFO - [2024-08-05T00:18:44.087+0000] {dag.py:3947} INFO - Setting next_dagrun for example_branch_dop_operator_v3 to 2024-08-05 00:17:00+00:00, run_after=2024-08-05 00:18:00+00:00
[2024-08-05T00:18:44.107+0000] {processor.py:183} INFO - Processing /home/airflow/.local/lib/python3.12/site-packages/airflow/example_dags/example_branch_python_dop_operator_3.py took 0.083 seconds
[2024-08-05T00:19:14.610+0000] {processor.py:161} INFO - Started process (PID=15419) to work on /home/airflow/.local/lib/python3.12/site-packages/airflow/example_dags/example_branch_python_dop_operator_3.py
[2024-08-05T00:19:14.612+0000] {processor.py:830} INFO - Processing file /home/airflow/.local/lib/python3.12/site-packages/airflow/example_dags/example_branch_python_dop_operator_3.py for tasks to queue
[2024-08-05T00:19:14.613+0000] {logging_mixin.py:188} INFO - [2024-08-05T00:19:14.612+0000] {dagbag.py:545} INFO - Filling up the DagBag from /home/airflow/.local/lib/python3.12/site-packages/airflow/example_dags/example_branch_python_dop_operator_3.py
[2024-08-05T00:19:14.618+0000] {processor.py:840} INFO - DAG(s) 'example_branch_dop_operator_v3' retrieved from /home/airflow/.local/lib/python3.12/site-packages/airflow/example_dags/example_branch_python_dop_operator_3.py
[2024-08-05T00:19:14.641+0000] {logging_mixin.py:188} INFO - [2024-08-05T00:19:14.641+0000] {dag.py:3089} INFO - Sync 1 DAGs
[2024-08-05T00:19:14.660+0000] {logging_mixin.py:188} INFO - [2024-08-05T00:19:14.660+0000] {dag.py:3947} INFO - Setting next_dagrun for example_branch_dop_operator_v3 to 2024-08-05 00:18:00+00:00, run_after=2024-08-05 00:19:00+00:00
[2024-08-05T00:19:14.676+0000] {processor.py:183} INFO - Processing /home/airflow/.local/lib/python3.12/site-packages/airflow/example_dags/example_branch_python_dop_operator_3.py took 0.071 seconds
[2024-08-05T00:19:45.734+0000] {processor.py:161} INFO - Started process (PID=15482) to work on /home/airflow/.local/lib/python3.12/site-packages/airflow/example_dags/example_branch_python_dop_operator_3.py
[2024-08-05T00:19:45.741+0000] {processor.py:830} INFO - Processing file /home/airflow/.local/lib/python3.12/site-packages/airflow/example_dags/example_branch_python_dop_operator_3.py for tasks to queue
[2024-08-05T00:19:45.745+0000] {logging_mixin.py:188} INFO - [2024-08-05T00:19:45.744+0000] {dagbag.py:545} INFO - Filling up the DagBag from /home/airflow/.local/lib/python3.12/site-packages/airflow/example_dags/example_branch_python_dop_operator_3.py
[2024-08-05T00:19:45.756+0000] {processor.py:840} INFO - DAG(s) 'example_branch_dop_operator_v3' retrieved from /home/airflow/.local/lib/python3.12/site-packages/airflow/example_dags/example_branch_python_dop_operator_3.py
[2024-08-05T00:19:45.782+0000] {logging_mixin.py:188} INFO - [2024-08-05T00:19:45.782+0000] {dag.py:3089} INFO - Sync 1 DAGs
[2024-08-05T00:19:45.802+0000] {logging_mixin.py:188} INFO - [2024-08-05T00:19:45.802+0000] {dag.py:3947} INFO - Setting next_dagrun for example_branch_dop_operator_v3 to 2024-08-05 00:18:00+00:00, run_after=2024-08-05 00:19:00+00:00
[2024-08-05T00:19:45.819+0000] {processor.py:183} INFO - Processing /home/airflow/.local/lib/python3.12/site-packages/airflow/example_dags/example_branch_python_dop_operator_3.py took 0.091 seconds
[2024-08-05T00:20:17.094+0000] {processor.py:161} INFO - Started process (PID=15554) to work on /home/airflow/.local/lib/python3.12/site-packages/airflow/example_dags/example_branch_python_dop_operator_3.py
[2024-08-05T00:20:17.096+0000] {processor.py:830} INFO - Processing file /home/airflow/.local/lib/python3.12/site-packages/airflow/example_dags/example_branch_python_dop_operator_3.py for tasks to queue
[2024-08-05T00:20:17.100+0000] {logging_mixin.py:188} INFO - [2024-08-05T00:20:17.100+0000] {dagbag.py:545} INFO - Filling up the DagBag from /home/airflow/.local/lib/python3.12/site-packages/airflow/example_dags/example_branch_python_dop_operator_3.py
[2024-08-05T00:20:17.109+0000] {processor.py:840} INFO - DAG(s) 'example_branch_dop_operator_v3' retrieved from /home/airflow/.local/lib/python3.12/site-packages/airflow/example_dags/example_branch_python_dop_operator_3.py
[2024-08-05T00:20:17.147+0000] {logging_mixin.py:188} INFO - [2024-08-05T00:20:17.147+0000] {dag.py:3089} INFO - Sync 1 DAGs
[2024-08-05T00:20:17.180+0000] {logging_mixin.py:188} INFO - [2024-08-05T00:20:17.180+0000] {dag.py:3947} INFO - Setting next_dagrun for example_branch_dop_operator_v3 to 2024-08-05 00:19:00+00:00, run_after=2024-08-05 00:20:00+00:00
[2024-08-05T00:20:17.208+0000] {processor.py:183} INFO - Processing /home/airflow/.local/lib/python3.12/site-packages/airflow/example_dags/example_branch_python_dop_operator_3.py took 0.119 seconds
[2024-08-05T00:20:47.442+0000] {processor.py:161} INFO - Started process (PID=15625) to work on /home/airflow/.local/lib/python3.12/site-packages/airflow/example_dags/example_branch_python_dop_operator_3.py
[2024-08-05T00:20:47.443+0000] {processor.py:830} INFO - Processing file /home/airflow/.local/lib/python3.12/site-packages/airflow/example_dags/example_branch_python_dop_operator_3.py for tasks to queue
[2024-08-05T00:20:47.443+0000] {logging_mixin.py:188} INFO - [2024-08-05T00:20:47.443+0000] {dagbag.py:545} INFO - Filling up the DagBag from /home/airflow/.local/lib/python3.12/site-packages/airflow/example_dags/example_branch_python_dop_operator_3.py
[2024-08-05T00:20:47.449+0000] {processor.py:840} INFO - DAG(s) 'example_branch_dop_operator_v3' retrieved from /home/airflow/.local/lib/python3.12/site-packages/airflow/example_dags/example_branch_python_dop_operator_3.py
[2024-08-05T00:20:47.465+0000] {logging_mixin.py:188} INFO - [2024-08-05T00:20:47.464+0000] {dag.py:3089} INFO - Sync 1 DAGs
[2024-08-05T00:20:47.484+0000] {logging_mixin.py:188} INFO - [2024-08-05T00:20:47.484+0000] {dag.py:3947} INFO - Setting next_dagrun for example_branch_dop_operator_v3 to 2024-08-05 00:19:00+00:00, run_after=2024-08-05 00:20:00+00:00
[2024-08-05T00:20:47.496+0000] {processor.py:183} INFO - Processing /home/airflow/.local/lib/python3.12/site-packages/airflow/example_dags/example_branch_python_dop_operator_3.py took 0.059 seconds
[2024-08-05T00:21:18.843+0000] {processor.py:161} INFO - Started process (PID=15692) to work on /home/airflow/.local/lib/python3.12/site-packages/airflow/example_dags/example_branch_python_dop_operator_3.py
[2024-08-05T00:21:18.846+0000] {processor.py:830} INFO - Processing file /home/airflow/.local/lib/python3.12/site-packages/airflow/example_dags/example_branch_python_dop_operator_3.py for tasks to queue
[2024-08-05T00:21:18.846+0000] {logging_mixin.py:188} INFO - [2024-08-05T00:21:18.846+0000] {dagbag.py:545} INFO - Filling up the DagBag from /home/airflow/.local/lib/python3.12/site-packages/airflow/example_dags/example_branch_python_dop_operator_3.py
[2024-08-05T00:21:18.878+0000] {processor.py:840} INFO - DAG(s) 'example_branch_dop_operator_v3' retrieved from /home/airflow/.local/lib/python3.12/site-packages/airflow/example_dags/example_branch_python_dop_operator_3.py
[2024-08-05T00:21:18.930+0000] {logging_mixin.py:188} INFO - [2024-08-05T00:21:18.930+0000] {dag.py:3089} INFO - Sync 1 DAGs
[2024-08-05T00:21:18.978+0000] {logging_mixin.py:188} INFO - [2024-08-05T00:21:18.977+0000] {dag.py:3947} INFO - Setting next_dagrun for example_branch_dop_operator_v3 to 2024-08-05 00:20:00+00:00, run_after=2024-08-05 00:21:00+00:00
[2024-08-05T00:21:19.204+0000] {processor.py:183} INFO - Processing /home/airflow/.local/lib/python3.12/site-packages/airflow/example_dags/example_branch_python_dop_operator_3.py took 0.366 seconds
[2024-08-05T00:21:50.134+0000] {processor.py:161} INFO - Started process (PID=15752) to work on /home/airflow/.local/lib/python3.12/site-packages/airflow/example_dags/example_branch_python_dop_operator_3.py
[2024-08-05T00:21:50.136+0000] {processor.py:830} INFO - Processing file /home/airflow/.local/lib/python3.12/site-packages/airflow/example_dags/example_branch_python_dop_operator_3.py for tasks to queue
[2024-08-05T00:21:50.137+0000] {logging_mixin.py:188} INFO - [2024-08-05T00:21:50.137+0000] {dagbag.py:545} INFO - Filling up the DagBag from /home/airflow/.local/lib/python3.12/site-packages/airflow/example_dags/example_branch_python_dop_operator_3.py
[2024-08-05T00:21:50.148+0000] {processor.py:840} INFO - DAG(s) 'example_branch_dop_operator_v3' retrieved from /home/airflow/.local/lib/python3.12/site-packages/airflow/example_dags/example_branch_python_dop_operator_3.py
[2024-08-05T00:21:50.193+0000] {logging_mixin.py:188} INFO - [2024-08-05T00:21:50.192+0000] {dag.py:3089} INFO - Sync 1 DAGs
[2024-08-05T00:21:50.211+0000] {logging_mixin.py:188} INFO - [2024-08-05T00:21:50.211+0000] {dag.py:3947} INFO - Setting next_dagrun for example_branch_dop_operator_v3 to 2024-08-05 00:20:00+00:00, run_after=2024-08-05 00:21:00+00:00
[2024-08-05T00:21:50.227+0000] {processor.py:183} INFO - Processing /home/airflow/.local/lib/python3.12/site-packages/airflow/example_dags/example_branch_python_dop_operator_3.py took 0.104 seconds
[2024-08-05T00:22:20.661+0000] {processor.py:161} INFO - Started process (PID=15813) to work on /home/airflow/.local/lib/python3.12/site-packages/airflow/example_dags/example_branch_python_dop_operator_3.py
[2024-08-05T00:22:20.662+0000] {processor.py:830} INFO - Processing file /home/airflow/.local/lib/python3.12/site-packages/airflow/example_dags/example_branch_python_dop_operator_3.py for tasks to queue
[2024-08-05T00:22:20.663+0000] {logging_mixin.py:188} INFO - [2024-08-05T00:22:20.663+0000] {dagbag.py:545} INFO - Filling up the DagBag from /home/airflow/.local/lib/python3.12/site-packages/airflow/example_dags/example_branch_python_dop_operator_3.py
[2024-08-05T00:22:20.674+0000] {processor.py:840} INFO - DAG(s) 'example_branch_dop_operator_v3' retrieved from /home/airflow/.local/lib/python3.12/site-packages/airflow/example_dags/example_branch_python_dop_operator_3.py
[2024-08-05T00:22:20.704+0000] {logging_mixin.py:188} INFO - [2024-08-05T00:22:20.704+0000] {dag.py:3089} INFO - Sync 1 DAGs
[2024-08-05T00:22:20.720+0000] {logging_mixin.py:188} INFO - [2024-08-05T00:22:20.720+0000] {dag.py:3947} INFO - Setting next_dagrun for example_branch_dop_operator_v3 to 2024-08-05 00:21:00+00:00, run_after=2024-08-05 00:22:00+00:00
[2024-08-05T00:22:20.733+0000] {processor.py:183} INFO - Processing /home/airflow/.local/lib/python3.12/site-packages/airflow/example_dags/example_branch_python_dop_operator_3.py took 0.082 seconds
[2024-08-05T00:22:51.089+0000] {processor.py:161} INFO - Started process (PID=15874) to work on /home/airflow/.local/lib/python3.12/site-packages/airflow/example_dags/example_branch_python_dop_operator_3.py
[2024-08-05T00:22:51.091+0000] {processor.py:830} INFO - Processing file /home/airflow/.local/lib/python3.12/site-packages/airflow/example_dags/example_branch_python_dop_operator_3.py for tasks to queue
[2024-08-05T00:22:51.092+0000] {logging_mixin.py:188} INFO - [2024-08-05T00:22:51.092+0000] {dagbag.py:545} INFO - Filling up the DagBag from /home/airflow/.local/lib/python3.12/site-packages/airflow/example_dags/example_branch_python_dop_operator_3.py
[2024-08-05T00:22:51.105+0000] {processor.py:840} INFO - DAG(s) 'example_branch_dop_operator_v3' retrieved from /home/airflow/.local/lib/python3.12/site-packages/airflow/example_dags/example_branch_python_dop_operator_3.py
[2024-08-05T00:22:51.127+0000] {logging_mixin.py:188} INFO - [2024-08-05T00:22:51.127+0000] {dag.py:3089} INFO - Sync 1 DAGs
[2024-08-05T00:22:51.142+0000] {logging_mixin.py:188} INFO - [2024-08-05T00:22:51.142+0000] {dag.py:3947} INFO - Setting next_dagrun for example_branch_dop_operator_v3 to 2024-08-05 00:21:00+00:00, run_after=2024-08-05 00:22:00+00:00
[2024-08-05T00:22:51.154+0000] {processor.py:183} INFO - Processing /home/airflow/.local/lib/python3.12/site-packages/airflow/example_dags/example_branch_python_dop_operator_3.py took 0.073 seconds
[2024-08-05T00:23:21.871+0000] {processor.py:161} INFO - Started process (PID=15935) to work on /home/airflow/.local/lib/python3.12/site-packages/airflow/example_dags/example_branch_python_dop_operator_3.py
[2024-08-05T00:23:21.873+0000] {processor.py:830} INFO - Processing file /home/airflow/.local/lib/python3.12/site-packages/airflow/example_dags/example_branch_python_dop_operator_3.py for tasks to queue
[2024-08-05T00:23:21.874+0000] {logging_mixin.py:188} INFO - [2024-08-05T00:23:21.874+0000] {dagbag.py:545} INFO - Filling up the DagBag from /home/airflow/.local/lib/python3.12/site-packages/airflow/example_dags/example_branch_python_dop_operator_3.py
[2024-08-05T00:23:21.885+0000] {processor.py:840} INFO - DAG(s) 'example_branch_dop_operator_v3' retrieved from /home/airflow/.local/lib/python3.12/site-packages/airflow/example_dags/example_branch_python_dop_operator_3.py
[2024-08-05T00:23:21.913+0000] {logging_mixin.py:188} INFO - [2024-08-05T00:23:21.912+0000] {dag.py:3089} INFO - Sync 1 DAGs
[2024-08-05T00:23:21.933+0000] {logging_mixin.py:188} INFO - [2024-08-05T00:23:21.932+0000] {dag.py:3947} INFO - Setting next_dagrun for example_branch_dop_operator_v3 to 2024-08-05 00:22:00+00:00, run_after=2024-08-05 00:23:00+00:00
[2024-08-05T00:23:21.960+0000] {processor.py:183} INFO - Processing /home/airflow/.local/lib/python3.12/site-packages/airflow/example_dags/example_branch_python_dop_operator_3.py took 0.096 seconds
[2024-08-05T00:23:52.483+0000] {processor.py:161} INFO - Started process (PID=15995) to work on /home/airflow/.local/lib/python3.12/site-packages/airflow/example_dags/example_branch_python_dop_operator_3.py
[2024-08-05T00:23:52.484+0000] {processor.py:830} INFO - Processing file /home/airflow/.local/lib/python3.12/site-packages/airflow/example_dags/example_branch_python_dop_operator_3.py for tasks to queue
[2024-08-05T00:23:52.485+0000] {logging_mixin.py:188} INFO - [2024-08-05T00:23:52.485+0000] {dagbag.py:545} INFO - Filling up the DagBag from /home/airflow/.local/lib/python3.12/site-packages/airflow/example_dags/example_branch_python_dop_operator_3.py
[2024-08-05T00:23:52.494+0000] {processor.py:840} INFO - DAG(s) 'example_branch_dop_operator_v3' retrieved from /home/airflow/.local/lib/python3.12/site-packages/airflow/example_dags/example_branch_python_dop_operator_3.py
[2024-08-05T00:23:52.516+0000] {logging_mixin.py:188} INFO - [2024-08-05T00:23:52.516+0000] {dag.py:3089} INFO - Sync 1 DAGs
[2024-08-05T00:23:52.530+0000] {logging_mixin.py:188} INFO - [2024-08-05T00:23:52.530+0000] {dag.py:3947} INFO - Setting next_dagrun for example_branch_dop_operator_v3 to 2024-08-05 00:22:00+00:00, run_after=2024-08-05 00:23:00+00:00
[2024-08-05T00:23:52.550+0000] {processor.py:183} INFO - Processing /home/airflow/.local/lib/python3.12/site-packages/airflow/example_dags/example_branch_python_dop_operator_3.py took 0.074 seconds
[2024-08-05T00:24:22.978+0000] {processor.py:161} INFO - Started process (PID=16055) to work on /home/airflow/.local/lib/python3.12/site-packages/airflow/example_dags/example_branch_python_dop_operator_3.py
[2024-08-05T00:24:22.982+0000] {processor.py:830} INFO - Processing file /home/airflow/.local/lib/python3.12/site-packages/airflow/example_dags/example_branch_python_dop_operator_3.py for tasks to queue
[2024-08-05T00:24:22.985+0000] {logging_mixin.py:188} INFO - [2024-08-05T00:24:22.984+0000] {dagbag.py:545} INFO - Filling up the DagBag from /home/airflow/.local/lib/python3.12/site-packages/airflow/example_dags/example_branch_python_dop_operator_3.py
[2024-08-05T00:24:22.995+0000] {processor.py:840} INFO - DAG(s) 'example_branch_dop_operator_v3' retrieved from /home/airflow/.local/lib/python3.12/site-packages/airflow/example_dags/example_branch_python_dop_operator_3.py
[2024-08-05T00:24:23.019+0000] {logging_mixin.py:188} INFO - [2024-08-05T00:24:23.019+0000] {dag.py:3089} INFO - Sync 1 DAGs
[2024-08-05T00:24:23.040+0000] {logging_mixin.py:188} INFO - [2024-08-05T00:24:23.040+0000] {dag.py:3947} INFO - Setting next_dagrun for example_branch_dop_operator_v3 to 2024-08-05 00:23:00+00:00, run_after=2024-08-05 00:24:00+00:00
[2024-08-05T00:24:23.052+0000] {processor.py:183} INFO - Processing /home/airflow/.local/lib/python3.12/site-packages/airflow/example_dags/example_branch_python_dop_operator_3.py took 0.084 seconds
