[2024-08-05T00:00:28.126+0000] {processor.py:161} INFO - Started process (PID=13106) to work on /home/airflow/.local/lib/python3.12/site-packages/airflow/example_dags/example_params_trigger_ui.py
[2024-08-05T00:00:28.128+0000] {processor.py:830} INFO - Processing file /home/airflow/.local/lib/python3.12/site-packages/airflow/example_dags/example_params_trigger_ui.py for tasks to queue
[2024-08-05T00:00:28.130+0000] {logging_mixin.py:188} INFO - [2024-08-05T00:00:28.130+0000] {dagbag.py:545} INFO - Filling up the DagBag from /home/airflow/.local/lib/python3.12/site-packages/airflow/example_dags/example_params_trigger_ui.py
[2024-08-05T00:00:28.165+0000] {processor.py:840} INFO - DAG(s) 'example_params_trigger_ui' retrieved from /home/airflow/.local/lib/python3.12/site-packages/airflow/example_dags/example_params_trigger_ui.py
[2024-08-05T00:00:28.232+0000] {logging_mixin.py:188} INFO - [2024-08-05T00:00:28.231+0000] {dag.py:3089} INFO - Sync 1 DAGs
[2024-08-05T00:00:28.248+0000] {logging_mixin.py:188} INFO - [2024-08-05T00:00:28.248+0000] {dag.py:3947} INFO - Setting next_dagrun for example_params_trigger_ui to None, run_after=None
[2024-08-05T00:00:28.272+0000] {processor.py:183} INFO - Processing /home/airflow/.local/lib/python3.12/site-packages/airflow/example_dags/example_params_trigger_ui.py took 0.159 seconds
[2024-08-05T00:00:58.818+0000] {processor.py:161} INFO - Started process (PID=13176) to work on /home/airflow/.local/lib/python3.12/site-packages/airflow/example_dags/example_params_trigger_ui.py
[2024-08-05T00:00:58.821+0000] {processor.py:830} INFO - Processing file /home/airflow/.local/lib/python3.12/site-packages/airflow/example_dags/example_params_trigger_ui.py for tasks to queue
[2024-08-05T00:00:58.823+0000] {logging_mixin.py:188} INFO - [2024-08-05T00:00:58.822+0000] {dagbag.py:545} INFO - Filling up the DagBag from /home/airflow/.local/lib/python3.12/site-packages/airflow/example_dags/example_params_trigger_ui.py
[2024-08-05T00:00:58.837+0000] {processor.py:840} INFO - DAG(s) 'example_params_trigger_ui' retrieved from /home/airflow/.local/lib/python3.12/site-packages/airflow/example_dags/example_params_trigger_ui.py
[2024-08-05T00:00:58.874+0000] {logging_mixin.py:188} INFO - [2024-08-05T00:00:58.874+0000] {dag.py:3089} INFO - Sync 1 DAGs
[2024-08-05T00:00:58.885+0000] {logging_mixin.py:188} INFO - [2024-08-05T00:00:58.884+0000] {dag.py:3947} INFO - Setting next_dagrun for example_params_trigger_ui to None, run_after=None
[2024-08-05T00:00:58.898+0000] {processor.py:183} INFO - Processing /home/airflow/.local/lib/python3.12/site-packages/airflow/example_dags/example_params_trigger_ui.py took 0.088 seconds
[2024-08-05T00:01:29.611+0000] {processor.py:161} INFO - Started process (PID=13237) to work on /home/airflow/.local/lib/python3.12/site-packages/airflow/example_dags/example_params_trigger_ui.py
[2024-08-05T00:01:29.612+0000] {processor.py:830} INFO - Processing file /home/airflow/.local/lib/python3.12/site-packages/airflow/example_dags/example_params_trigger_ui.py for tasks to queue
[2024-08-05T00:01:29.613+0000] {logging_mixin.py:188} INFO - [2024-08-05T00:01:29.613+0000] {dagbag.py:545} INFO - Filling up the DagBag from /home/airflow/.local/lib/python3.12/site-packages/airflow/example_dags/example_params_trigger_ui.py
[2024-08-05T00:01:29.620+0000] {processor.py:840} INFO - DAG(s) 'example_params_trigger_ui' retrieved from /home/airflow/.local/lib/python3.12/site-packages/airflow/example_dags/example_params_trigger_ui.py
[2024-08-05T00:01:29.660+0000] {logging_mixin.py:188} INFO - [2024-08-05T00:01:29.659+0000] {dag.py:3089} INFO - Sync 1 DAGs
[2024-08-05T00:01:29.670+0000] {logging_mixin.py:188} INFO - [2024-08-05T00:01:29.670+0000] {dag.py:3947} INFO - Setting next_dagrun for example_params_trigger_ui to None, run_after=None
[2024-08-05T00:01:29.682+0000] {processor.py:183} INFO - Processing /home/airflow/.local/lib/python3.12/site-packages/airflow/example_dags/example_params_trigger_ui.py took 0.075 seconds
[2024-08-05T00:02:00.378+0000] {processor.py:161} INFO - Started process (PID=13308) to work on /home/airflow/.local/lib/python3.12/site-packages/airflow/example_dags/example_params_trigger_ui.py
[2024-08-05T00:02:00.379+0000] {processor.py:830} INFO - Processing file /home/airflow/.local/lib/python3.12/site-packages/airflow/example_dags/example_params_trigger_ui.py for tasks to queue
[2024-08-05T00:02:00.380+0000] {logging_mixin.py:188} INFO - [2024-08-05T00:02:00.379+0000] {dagbag.py:545} INFO - Filling up the DagBag from /home/airflow/.local/lib/python3.12/site-packages/airflow/example_dags/example_params_trigger_ui.py
[2024-08-05T00:02:00.389+0000] {processor.py:840} INFO - DAG(s) 'example_params_trigger_ui' retrieved from /home/airflow/.local/lib/python3.12/site-packages/airflow/example_dags/example_params_trigger_ui.py
[2024-08-05T00:02:00.415+0000] {logging_mixin.py:188} INFO - [2024-08-05T00:02:00.415+0000] {dag.py:3089} INFO - Sync 1 DAGs
[2024-08-05T00:02:00.424+0000] {logging_mixin.py:188} INFO - [2024-08-05T00:02:00.423+0000] {dag.py:3947} INFO - Setting next_dagrun for example_params_trigger_ui to None, run_after=None
[2024-08-05T00:02:00.435+0000] {processor.py:183} INFO - Processing /home/airflow/.local/lib/python3.12/site-packages/airflow/example_dags/example_params_trigger_ui.py took 0.063 seconds
[2024-08-05T00:02:30.855+0000] {processor.py:161} INFO - Started process (PID=13369) to work on /home/airflow/.local/lib/python3.12/site-packages/airflow/example_dags/example_params_trigger_ui.py
[2024-08-05T00:02:30.856+0000] {processor.py:830} INFO - Processing file /home/airflow/.local/lib/python3.12/site-packages/airflow/example_dags/example_params_trigger_ui.py for tasks to queue
[2024-08-05T00:02:30.857+0000] {logging_mixin.py:188} INFO - [2024-08-05T00:02:30.857+0000] {dagbag.py:545} INFO - Filling up the DagBag from /home/airflow/.local/lib/python3.12/site-packages/airflow/example_dags/example_params_trigger_ui.py
[2024-08-05T00:02:30.868+0000] {processor.py:840} INFO - DAG(s) 'example_params_trigger_ui' retrieved from /home/airflow/.local/lib/python3.12/site-packages/airflow/example_dags/example_params_trigger_ui.py
[2024-08-05T00:02:30.898+0000] {logging_mixin.py:188} INFO - [2024-08-05T00:02:30.898+0000] {dag.py:3089} INFO - Sync 1 DAGs
[2024-08-05T00:02:30.914+0000] {logging_mixin.py:188} INFO - [2024-08-05T00:02:30.914+0000] {dag.py:3947} INFO - Setting next_dagrun for example_params_trigger_ui to None, run_after=None
[2024-08-05T00:02:30.960+0000] {processor.py:183} INFO - Processing /home/airflow/.local/lib/python3.12/site-packages/airflow/example_dags/example_params_trigger_ui.py took 0.110 seconds
[2024-08-05T00:03:01.018+0000] {processor.py:161} INFO - Started process (PID=13428) to work on /home/airflow/.local/lib/python3.12/site-packages/airflow/example_dags/example_params_trigger_ui.py
[2024-08-05T00:03:01.019+0000] {processor.py:830} INFO - Processing file /home/airflow/.local/lib/python3.12/site-packages/airflow/example_dags/example_params_trigger_ui.py for tasks to queue
[2024-08-05T00:03:01.020+0000] {logging_mixin.py:188} INFO - [2024-08-05T00:03:01.020+0000] {dagbag.py:545} INFO - Filling up the DagBag from /home/airflow/.local/lib/python3.12/site-packages/airflow/example_dags/example_params_trigger_ui.py
[2024-08-05T00:03:01.033+0000] {processor.py:840} INFO - DAG(s) 'example_params_trigger_ui' retrieved from /home/airflow/.local/lib/python3.12/site-packages/airflow/example_dags/example_params_trigger_ui.py
[2024-08-05T00:03:01.058+0000] {logging_mixin.py:188} INFO - [2024-08-05T00:03:01.058+0000] {dag.py:3089} INFO - Sync 1 DAGs
[2024-08-05T00:03:01.065+0000] {logging_mixin.py:188} INFO - [2024-08-05T00:03:01.065+0000] {dag.py:3947} INFO - Setting next_dagrun for example_params_trigger_ui to None, run_after=None
[2024-08-05T00:03:01.073+0000] {processor.py:183} INFO - Processing /home/airflow/.local/lib/python3.12/site-packages/airflow/example_dags/example_params_trigger_ui.py took 0.058 seconds
[2024-08-05T00:03:31.393+0000] {processor.py:161} INFO - Started process (PID=13489) to work on /home/airflow/.local/lib/python3.12/site-packages/airflow/example_dags/example_params_trigger_ui.py
[2024-08-05T00:03:31.394+0000] {processor.py:830} INFO - Processing file /home/airflow/.local/lib/python3.12/site-packages/airflow/example_dags/example_params_trigger_ui.py for tasks to queue
[2024-08-05T00:03:31.394+0000] {logging_mixin.py:188} INFO - [2024-08-05T00:03:31.394+0000] {dagbag.py:545} INFO - Filling up the DagBag from /home/airflow/.local/lib/python3.12/site-packages/airflow/example_dags/example_params_trigger_ui.py
[2024-08-05T00:03:31.413+0000] {processor.py:840} INFO - DAG(s) 'example_params_trigger_ui' retrieved from /home/airflow/.local/lib/python3.12/site-packages/airflow/example_dags/example_params_trigger_ui.py
[2024-08-05T00:03:31.440+0000] {logging_mixin.py:188} INFO - [2024-08-05T00:03:31.440+0000] {dag.py:3089} INFO - Sync 1 DAGs
[2024-08-05T00:03:31.447+0000] {logging_mixin.py:188} INFO - [2024-08-05T00:03:31.447+0000] {dag.py:3947} INFO - Setting next_dagrun for example_params_trigger_ui to None, run_after=None
[2024-08-05T00:03:31.456+0000] {processor.py:183} INFO - Processing /home/airflow/.local/lib/python3.12/site-packages/airflow/example_dags/example_params_trigger_ui.py took 0.067 seconds
[2024-08-05T00:04:01.863+0000] {processor.py:161} INFO - Started process (PID=13550) to work on /home/airflow/.local/lib/python3.12/site-packages/airflow/example_dags/example_params_trigger_ui.py
[2024-08-05T00:04:01.864+0000] {processor.py:830} INFO - Processing file /home/airflow/.local/lib/python3.12/site-packages/airflow/example_dags/example_params_trigger_ui.py for tasks to queue
[2024-08-05T00:04:01.864+0000] {logging_mixin.py:188} INFO - [2024-08-05T00:04:01.864+0000] {dagbag.py:545} INFO - Filling up the DagBag from /home/airflow/.local/lib/python3.12/site-packages/airflow/example_dags/example_params_trigger_ui.py
[2024-08-05T00:04:01.873+0000] {processor.py:840} INFO - DAG(s) 'example_params_trigger_ui' retrieved from /home/airflow/.local/lib/python3.12/site-packages/airflow/example_dags/example_params_trigger_ui.py
[2024-08-05T00:04:01.903+0000] {logging_mixin.py:188} INFO - [2024-08-05T00:04:01.903+0000] {dag.py:3089} INFO - Sync 1 DAGs
[2024-08-05T00:04:01.912+0000] {logging_mixin.py:188} INFO - [2024-08-05T00:04:01.912+0000] {dag.py:3947} INFO - Setting next_dagrun for example_params_trigger_ui to None, run_after=None
[2024-08-05T00:04:01.939+0000] {processor.py:183} INFO - Processing /home/airflow/.local/lib/python3.12/site-packages/airflow/example_dags/example_params_trigger_ui.py took 0.082 seconds
[2024-08-05T00:04:32.270+0000] {processor.py:161} INFO - Started process (PID=13611) to work on /home/airflow/.local/lib/python3.12/site-packages/airflow/example_dags/example_params_trigger_ui.py
[2024-08-05T00:04:32.271+0000] {processor.py:830} INFO - Processing file /home/airflow/.local/lib/python3.12/site-packages/airflow/example_dags/example_params_trigger_ui.py for tasks to queue
[2024-08-05T00:04:32.272+0000] {logging_mixin.py:188} INFO - [2024-08-05T00:04:32.272+0000] {dagbag.py:545} INFO - Filling up the DagBag from /home/airflow/.local/lib/python3.12/site-packages/airflow/example_dags/example_params_trigger_ui.py
[2024-08-05T00:04:32.285+0000] {processor.py:840} INFO - DAG(s) 'example_params_trigger_ui' retrieved from /home/airflow/.local/lib/python3.12/site-packages/airflow/example_dags/example_params_trigger_ui.py
[2024-08-05T00:04:32.315+0000] {logging_mixin.py:188} INFO - [2024-08-05T00:04:32.315+0000] {dag.py:3089} INFO - Sync 1 DAGs
[2024-08-05T00:04:32.322+0000] {logging_mixin.py:188} INFO - [2024-08-05T00:04:32.322+0000] {dag.py:3947} INFO - Setting next_dagrun for example_params_trigger_ui to None, run_after=None
[2024-08-05T00:04:32.332+0000] {processor.py:183} INFO - Processing /home/airflow/.local/lib/python3.12/site-packages/airflow/example_dags/example_params_trigger_ui.py took 0.067 seconds
[2024-08-05T00:05:02.547+0000] {processor.py:161} INFO - Started process (PID=13672) to work on /home/airflow/.local/lib/python3.12/site-packages/airflow/example_dags/example_params_trigger_ui.py
[2024-08-05T00:05:02.548+0000] {processor.py:830} INFO - Processing file /home/airflow/.local/lib/python3.12/site-packages/airflow/example_dags/example_params_trigger_ui.py for tasks to queue
[2024-08-05T00:05:02.548+0000] {logging_mixin.py:188} INFO - [2024-08-05T00:05:02.548+0000] {dagbag.py:545} INFO - Filling up the DagBag from /home/airflow/.local/lib/python3.12/site-packages/airflow/example_dags/example_params_trigger_ui.py
[2024-08-05T00:05:02.556+0000] {processor.py:840} INFO - DAG(s) 'example_params_trigger_ui' retrieved from /home/airflow/.local/lib/python3.12/site-packages/airflow/example_dags/example_params_trigger_ui.py
[2024-08-05T00:05:02.582+0000] {logging_mixin.py:188} INFO - [2024-08-05T00:05:02.582+0000] {dag.py:3089} INFO - Sync 1 DAGs
[2024-08-05T00:05:02.590+0000] {logging_mixin.py:188} INFO - [2024-08-05T00:05:02.590+0000] {dag.py:3947} INFO - Setting next_dagrun for example_params_trigger_ui to None, run_after=None
[2024-08-05T00:05:02.600+0000] {processor.py:183} INFO - Processing /home/airflow/.local/lib/python3.12/site-packages/airflow/example_dags/example_params_trigger_ui.py took 0.057 seconds
[2024-08-05T00:05:33.405+0000] {processor.py:161} INFO - Started process (PID=13733) to work on /home/airflow/.local/lib/python3.12/site-packages/airflow/example_dags/example_params_trigger_ui.py
[2024-08-05T00:05:33.408+0000] {processor.py:830} INFO - Processing file /home/airflow/.local/lib/python3.12/site-packages/airflow/example_dags/example_params_trigger_ui.py for tasks to queue
[2024-08-05T00:05:33.409+0000] {logging_mixin.py:188} INFO - [2024-08-05T00:05:33.408+0000] {dagbag.py:545} INFO - Filling up the DagBag from /home/airflow/.local/lib/python3.12/site-packages/airflow/example_dags/example_params_trigger_ui.py
[2024-08-05T00:05:33.417+0000] {processor.py:840} INFO - DAG(s) 'example_params_trigger_ui' retrieved from /home/airflow/.local/lib/python3.12/site-packages/airflow/example_dags/example_params_trigger_ui.py
[2024-08-05T00:05:33.445+0000] {logging_mixin.py:188} INFO - [2024-08-05T00:05:33.445+0000] {dag.py:3089} INFO - Sync 1 DAGs
[2024-08-05T00:05:33.451+0000] {logging_mixin.py:188} INFO - [2024-08-05T00:05:33.451+0000] {dag.py:3947} INFO - Setting next_dagrun for example_params_trigger_ui to None, run_after=None
[2024-08-05T00:05:33.463+0000] {processor.py:183} INFO - Processing /home/airflow/.local/lib/python3.12/site-packages/airflow/example_dags/example_params_trigger_ui.py took 0.063 seconds
[2024-08-05T00:06:03.793+0000] {processor.py:161} INFO - Started process (PID=13794) to work on /home/airflow/.local/lib/python3.12/site-packages/airflow/example_dags/example_params_trigger_ui.py
[2024-08-05T00:06:03.794+0000] {processor.py:830} INFO - Processing file /home/airflow/.local/lib/python3.12/site-packages/airflow/example_dags/example_params_trigger_ui.py for tasks to queue
[2024-08-05T00:06:03.795+0000] {logging_mixin.py:188} INFO - [2024-08-05T00:06:03.795+0000] {dagbag.py:545} INFO - Filling up the DagBag from /home/airflow/.local/lib/python3.12/site-packages/airflow/example_dags/example_params_trigger_ui.py
[2024-08-05T00:06:03.801+0000] {processor.py:840} INFO - DAG(s) 'example_params_trigger_ui' retrieved from /home/airflow/.local/lib/python3.12/site-packages/airflow/example_dags/example_params_trigger_ui.py
[2024-08-05T00:06:03.824+0000] {logging_mixin.py:188} INFO - [2024-08-05T00:06:03.824+0000] {dag.py:3089} INFO - Sync 1 DAGs
[2024-08-05T00:06:03.832+0000] {logging_mixin.py:188} INFO - [2024-08-05T00:06:03.832+0000] {dag.py:3947} INFO - Setting next_dagrun for example_params_trigger_ui to None, run_after=None
[2024-08-05T00:06:03.841+0000] {processor.py:183} INFO - Processing /home/airflow/.local/lib/python3.12/site-packages/airflow/example_dags/example_params_trigger_ui.py took 0.051 seconds
[2024-08-05T00:06:34.301+0000] {processor.py:161} INFO - Started process (PID=13855) to work on /home/airflow/.local/lib/python3.12/site-packages/airflow/example_dags/example_params_trigger_ui.py
[2024-08-05T00:06:34.302+0000] {processor.py:830} INFO - Processing file /home/airflow/.local/lib/python3.12/site-packages/airflow/example_dags/example_params_trigger_ui.py for tasks to queue
[2024-08-05T00:06:34.302+0000] {logging_mixin.py:188} INFO - [2024-08-05T00:06:34.302+0000] {dagbag.py:545} INFO - Filling up the DagBag from /home/airflow/.local/lib/python3.12/site-packages/airflow/example_dags/example_params_trigger_ui.py
[2024-08-05T00:06:34.316+0000] {processor.py:840} INFO - DAG(s) 'example_params_trigger_ui' retrieved from /home/airflow/.local/lib/python3.12/site-packages/airflow/example_dags/example_params_trigger_ui.py
[2024-08-05T00:06:34.349+0000] {logging_mixin.py:188} INFO - [2024-08-05T00:06:34.349+0000] {dag.py:3089} INFO - Sync 1 DAGs
[2024-08-05T00:06:34.365+0000] {logging_mixin.py:188} INFO - [2024-08-05T00:06:34.365+0000] {dag.py:3947} INFO - Setting next_dagrun for example_params_trigger_ui to None, run_after=None
[2024-08-05T00:06:34.379+0000] {processor.py:183} INFO - Processing /home/airflow/.local/lib/python3.12/site-packages/airflow/example_dags/example_params_trigger_ui.py took 0.083 seconds
[2024-08-05T00:07:05.758+0000] {processor.py:161} INFO - Started process (PID=13926) to work on /home/airflow/.local/lib/python3.12/site-packages/airflow/example_dags/example_params_trigger_ui.py
[2024-08-05T00:07:05.761+0000] {processor.py:830} INFO - Processing file /home/airflow/.local/lib/python3.12/site-packages/airflow/example_dags/example_params_trigger_ui.py for tasks to queue
[2024-08-05T00:07:05.762+0000] {logging_mixin.py:188} INFO - [2024-08-05T00:07:05.762+0000] {dagbag.py:545} INFO - Filling up the DagBag from /home/airflow/.local/lib/python3.12/site-packages/airflow/example_dags/example_params_trigger_ui.py
[2024-08-05T00:07:05.790+0000] {processor.py:840} INFO - DAG(s) 'example_params_trigger_ui' retrieved from /home/airflow/.local/lib/python3.12/site-packages/airflow/example_dags/example_params_trigger_ui.py
[2024-08-05T00:07:05.885+0000] {logging_mixin.py:188} INFO - [2024-08-05T00:07:05.884+0000] {dag.py:3089} INFO - Sync 1 DAGs
[2024-08-05T00:07:05.946+0000] {logging_mixin.py:188} INFO - [2024-08-05T00:07:05.945+0000] {dag.py:3947} INFO - Setting next_dagrun for example_params_trigger_ui to None, run_after=None
[2024-08-05T00:07:05.964+0000] {processor.py:183} INFO - Processing /home/airflow/.local/lib/python3.12/site-packages/airflow/example_dags/example_params_trigger_ui.py took 0.228 seconds
[2024-08-05T00:07:36.117+0000] {processor.py:161} INFO - Started process (PID=13987) to work on /home/airflow/.local/lib/python3.12/site-packages/airflow/example_dags/example_params_trigger_ui.py
[2024-08-05T00:07:36.118+0000] {processor.py:830} INFO - Processing file /home/airflow/.local/lib/python3.12/site-packages/airflow/example_dags/example_params_trigger_ui.py for tasks to queue
[2024-08-05T00:07:36.118+0000] {logging_mixin.py:188} INFO - [2024-08-05T00:07:36.118+0000] {dagbag.py:545} INFO - Filling up the DagBag from /home/airflow/.local/lib/python3.12/site-packages/airflow/example_dags/example_params_trigger_ui.py
[2024-08-05T00:07:36.125+0000] {processor.py:840} INFO - DAG(s) 'example_params_trigger_ui' retrieved from /home/airflow/.local/lib/python3.12/site-packages/airflow/example_dags/example_params_trigger_ui.py
[2024-08-05T00:07:36.159+0000] {logging_mixin.py:188} INFO - [2024-08-05T00:07:36.159+0000] {dag.py:3089} INFO - Sync 1 DAGs
[2024-08-05T00:07:36.168+0000] {logging_mixin.py:188} INFO - [2024-08-05T00:07:36.167+0000] {dag.py:3947} INFO - Setting next_dagrun for example_params_trigger_ui to None, run_after=None
[2024-08-05T00:07:36.190+0000] {processor.py:183} INFO - Processing /home/airflow/.local/lib/python3.12/site-packages/airflow/example_dags/example_params_trigger_ui.py took 0.079 seconds
[2024-08-05T00:08:06.583+0000] {processor.py:161} INFO - Started process (PID=14048) to work on /home/airflow/.local/lib/python3.12/site-packages/airflow/example_dags/example_params_trigger_ui.py
[2024-08-05T00:08:06.584+0000] {processor.py:830} INFO - Processing file /home/airflow/.local/lib/python3.12/site-packages/airflow/example_dags/example_params_trigger_ui.py for tasks to queue
[2024-08-05T00:08:06.585+0000] {logging_mixin.py:188} INFO - [2024-08-05T00:08:06.584+0000] {dagbag.py:545} INFO - Filling up the DagBag from /home/airflow/.local/lib/python3.12/site-packages/airflow/example_dags/example_params_trigger_ui.py
[2024-08-05T00:08:06.591+0000] {processor.py:840} INFO - DAG(s) 'example_params_trigger_ui' retrieved from /home/airflow/.local/lib/python3.12/site-packages/airflow/example_dags/example_params_trigger_ui.py
[2024-08-05T00:08:06.613+0000] {logging_mixin.py:188} INFO - [2024-08-05T00:08:06.613+0000] {dag.py:3089} INFO - Sync 1 DAGs
[2024-08-05T00:08:06.620+0000] {logging_mixin.py:188} INFO - [2024-08-05T00:08:06.620+0000] {dag.py:3947} INFO - Setting next_dagrun for example_params_trigger_ui to None, run_after=None
[2024-08-05T00:08:06.628+0000] {processor.py:183} INFO - Processing /home/airflow/.local/lib/python3.12/site-packages/airflow/example_dags/example_params_trigger_ui.py took 0.048 seconds
[2024-08-05T00:08:36.750+0000] {processor.py:161} INFO - Started process (PID=14109) to work on /home/airflow/.local/lib/python3.12/site-packages/airflow/example_dags/example_params_trigger_ui.py
[2024-08-05T00:08:36.750+0000] {processor.py:830} INFO - Processing file /home/airflow/.local/lib/python3.12/site-packages/airflow/example_dags/example_params_trigger_ui.py for tasks to queue
[2024-08-05T00:08:36.751+0000] {logging_mixin.py:188} INFO - [2024-08-05T00:08:36.751+0000] {dagbag.py:545} INFO - Filling up the DagBag from /home/airflow/.local/lib/python3.12/site-packages/airflow/example_dags/example_params_trigger_ui.py
[2024-08-05T00:08:36.756+0000] {processor.py:840} INFO - DAG(s) 'example_params_trigger_ui' retrieved from /home/airflow/.local/lib/python3.12/site-packages/airflow/example_dags/example_params_trigger_ui.py
[2024-08-05T00:08:36.776+0000] {logging_mixin.py:188} INFO - [2024-08-05T00:08:36.776+0000] {dag.py:3089} INFO - Sync 1 DAGs
[2024-08-05T00:08:36.781+0000] {logging_mixin.py:188} INFO - [2024-08-05T00:08:36.781+0000] {dag.py:3947} INFO - Setting next_dagrun for example_params_trigger_ui to None, run_after=None
[2024-08-05T00:08:36.789+0000] {processor.py:183} INFO - Processing /home/airflow/.local/lib/python3.12/site-packages/airflow/example_dags/example_params_trigger_ui.py took 0.043 seconds
[2024-08-05T00:09:07.531+0000] {processor.py:161} INFO - Started process (PID=14171) to work on /home/airflow/.local/lib/python3.12/site-packages/airflow/example_dags/example_params_trigger_ui.py
[2024-08-05T00:09:07.533+0000] {processor.py:830} INFO - Processing file /home/airflow/.local/lib/python3.12/site-packages/airflow/example_dags/example_params_trigger_ui.py for tasks to queue
[2024-08-05T00:09:07.534+0000] {logging_mixin.py:188} INFO - [2024-08-05T00:09:07.534+0000] {dagbag.py:545} INFO - Filling up the DagBag from /home/airflow/.local/lib/python3.12/site-packages/airflow/example_dags/example_params_trigger_ui.py
[2024-08-05T00:09:07.554+0000] {processor.py:840} INFO - DAG(s) 'example_params_trigger_ui' retrieved from /home/airflow/.local/lib/python3.12/site-packages/airflow/example_dags/example_params_trigger_ui.py
[2024-08-05T00:09:07.596+0000] {logging_mixin.py:188} INFO - [2024-08-05T00:09:07.595+0000] {dag.py:3089} INFO - Sync 1 DAGs
[2024-08-05T00:09:07.604+0000] {logging_mixin.py:188} INFO - [2024-08-05T00:09:07.604+0000] {dag.py:3947} INFO - Setting next_dagrun for example_params_trigger_ui to None, run_after=None
[2024-08-05T00:09:07.622+0000] {processor.py:183} INFO - Processing /home/airflow/.local/lib/python3.12/site-packages/airflow/example_dags/example_params_trigger_ui.py took 0.095 seconds
[2024-08-05T00:09:38.362+0000] {processor.py:161} INFO - Started process (PID=14232) to work on /home/airflow/.local/lib/python3.12/site-packages/airflow/example_dags/example_params_trigger_ui.py
[2024-08-05T00:09:38.363+0000] {processor.py:830} INFO - Processing file /home/airflow/.local/lib/python3.12/site-packages/airflow/example_dags/example_params_trigger_ui.py for tasks to queue
[2024-08-05T00:09:38.363+0000] {logging_mixin.py:188} INFO - [2024-08-05T00:09:38.363+0000] {dagbag.py:545} INFO - Filling up the DagBag from /home/airflow/.local/lib/python3.12/site-packages/airflow/example_dags/example_params_trigger_ui.py
[2024-08-05T00:09:38.369+0000] {processor.py:840} INFO - DAG(s) 'example_params_trigger_ui' retrieved from /home/airflow/.local/lib/python3.12/site-packages/airflow/example_dags/example_params_trigger_ui.py
[2024-08-05T00:09:38.389+0000] {logging_mixin.py:188} INFO - [2024-08-05T00:09:38.389+0000] {dag.py:3089} INFO - Sync 1 DAGs
[2024-08-05T00:09:38.394+0000] {logging_mixin.py:188} INFO - [2024-08-05T00:09:38.394+0000] {dag.py:3947} INFO - Setting next_dagrun for example_params_trigger_ui to None, run_after=None
[2024-08-05T00:09:38.403+0000] {processor.py:183} INFO - Processing /home/airflow/.local/lib/python3.12/site-packages/airflow/example_dags/example_params_trigger_ui.py took 0.045 seconds
[2024-08-05T00:10:08.487+0000] {processor.py:161} INFO - Started process (PID=14293) to work on /home/airflow/.local/lib/python3.12/site-packages/airflow/example_dags/example_params_trigger_ui.py
[2024-08-05T00:10:08.489+0000] {processor.py:830} INFO - Processing file /home/airflow/.local/lib/python3.12/site-packages/airflow/example_dags/example_params_trigger_ui.py for tasks to queue
[2024-08-05T00:10:08.490+0000] {logging_mixin.py:188} INFO - [2024-08-05T00:10:08.489+0000] {dagbag.py:545} INFO - Filling up the DagBag from /home/airflow/.local/lib/python3.12/site-packages/airflow/example_dags/example_params_trigger_ui.py
[2024-08-05T00:10:08.500+0000] {processor.py:840} INFO - DAG(s) 'example_params_trigger_ui' retrieved from /home/airflow/.local/lib/python3.12/site-packages/airflow/example_dags/example_params_trigger_ui.py
[2024-08-05T00:10:08.562+0000] {logging_mixin.py:188} INFO - [2024-08-05T00:10:08.562+0000] {dag.py:3089} INFO - Sync 1 DAGs
[2024-08-05T00:10:08.576+0000] {logging_mixin.py:188} INFO - [2024-08-05T00:10:08.576+0000] {dag.py:3947} INFO - Setting next_dagrun for example_params_trigger_ui to None, run_after=None
[2024-08-05T00:10:08.597+0000] {processor.py:183} INFO - Processing /home/airflow/.local/lib/python3.12/site-packages/airflow/example_dags/example_params_trigger_ui.py took 0.118 seconds
[2024-08-05T00:10:38.977+0000] {processor.py:161} INFO - Started process (PID=14364) to work on /home/airflow/.local/lib/python3.12/site-packages/airflow/example_dags/example_params_trigger_ui.py
[2024-08-05T00:10:38.978+0000] {processor.py:830} INFO - Processing file /home/airflow/.local/lib/python3.12/site-packages/airflow/example_dags/example_params_trigger_ui.py for tasks to queue
[2024-08-05T00:10:38.979+0000] {logging_mixin.py:188} INFO - [2024-08-05T00:10:38.978+0000] {dagbag.py:545} INFO - Filling up the DagBag from /home/airflow/.local/lib/python3.12/site-packages/airflow/example_dags/example_params_trigger_ui.py
[2024-08-05T00:10:38.984+0000] {processor.py:840} INFO - DAG(s) 'example_params_trigger_ui' retrieved from /home/airflow/.local/lib/python3.12/site-packages/airflow/example_dags/example_params_trigger_ui.py
[2024-08-05T00:10:39.004+0000] {logging_mixin.py:188} INFO - [2024-08-05T00:10:39.004+0000] {dag.py:3089} INFO - Sync 1 DAGs
[2024-08-05T00:10:39.010+0000] {logging_mixin.py:188} INFO - [2024-08-05T00:10:39.009+0000] {dag.py:3947} INFO - Setting next_dagrun for example_params_trigger_ui to None, run_after=None
[2024-08-05T00:10:39.018+0000] {processor.py:183} INFO - Processing /home/airflow/.local/lib/python3.12/site-packages/airflow/example_dags/example_params_trigger_ui.py took 0.044 seconds
[2024-08-05T00:11:09.914+0000] {processor.py:161} INFO - Started process (PID=14430) to work on /home/airflow/.local/lib/python3.12/site-packages/airflow/example_dags/example_params_trigger_ui.py
[2024-08-05T00:11:09.936+0000] {processor.py:830} INFO - Processing file /home/airflow/.local/lib/python3.12/site-packages/airflow/example_dags/example_params_trigger_ui.py for tasks to queue
[2024-08-05T00:11:09.970+0000] {logging_mixin.py:188} INFO - [2024-08-05T00:11:09.969+0000] {dagbag.py:545} INFO - Filling up the DagBag from /home/airflow/.local/lib/python3.12/site-packages/airflow/example_dags/example_params_trigger_ui.py
[2024-08-05T00:11:10.002+0000] {processor.py:840} INFO - DAG(s) 'example_params_trigger_ui' retrieved from /home/airflow/.local/lib/python3.12/site-packages/airflow/example_dags/example_params_trigger_ui.py
[2024-08-05T00:11:10.180+0000] {logging_mixin.py:188} INFO - [2024-08-05T00:11:10.172+0000] {dag.py:3089} INFO - Sync 1 DAGs
[2024-08-05T00:11:10.232+0000] {logging_mixin.py:188} INFO - [2024-08-05T00:11:10.231+0000] {dag.py:3947} INFO - Setting next_dagrun for example_params_trigger_ui to None, run_after=None
[2024-08-05T00:11:10.255+0000] {processor.py:183} INFO - Processing /home/airflow/.local/lib/python3.12/site-packages/airflow/example_dags/example_params_trigger_ui.py took 0.381 seconds
[2024-08-05T00:11:41.073+0000] {processor.py:161} INFO - Started process (PID=14496) to work on /home/airflow/.local/lib/python3.12/site-packages/airflow/example_dags/example_params_trigger_ui.py
[2024-08-05T00:11:41.075+0000] {processor.py:830} INFO - Processing file /home/airflow/.local/lib/python3.12/site-packages/airflow/example_dags/example_params_trigger_ui.py for tasks to queue
[2024-08-05T00:11:41.076+0000] {logging_mixin.py:188} INFO - [2024-08-05T00:11:41.076+0000] {dagbag.py:545} INFO - Filling up the DagBag from /home/airflow/.local/lib/python3.12/site-packages/airflow/example_dags/example_params_trigger_ui.py
[2024-08-05T00:11:41.093+0000] {processor.py:840} INFO - DAG(s) 'example_params_trigger_ui' retrieved from /home/airflow/.local/lib/python3.12/site-packages/airflow/example_dags/example_params_trigger_ui.py
[2024-08-05T00:11:41.151+0000] {logging_mixin.py:188} INFO - [2024-08-05T00:11:41.151+0000] {dag.py:3089} INFO - Sync 1 DAGs
[2024-08-05T00:11:41.161+0000] {logging_mixin.py:188} INFO - [2024-08-05T00:11:41.161+0000] {dag.py:3947} INFO - Setting next_dagrun for example_params_trigger_ui to None, run_after=None
[2024-08-05T00:11:41.173+0000] {processor.py:183} INFO - Processing /home/airflow/.local/lib/python3.12/site-packages/airflow/example_dags/example_params_trigger_ui.py took 0.110 seconds
[2024-08-05T00:12:11.195+0000] {processor.py:161} INFO - Started process (PID=14557) to work on /home/airflow/.local/lib/python3.12/site-packages/airflow/example_dags/example_params_trigger_ui.py
[2024-08-05T00:12:11.196+0000] {processor.py:830} INFO - Processing file /home/airflow/.local/lib/python3.12/site-packages/airflow/example_dags/example_params_trigger_ui.py for tasks to queue
[2024-08-05T00:12:11.197+0000] {logging_mixin.py:188} INFO - [2024-08-05T00:12:11.197+0000] {dagbag.py:545} INFO - Filling up the DagBag from /home/airflow/.local/lib/python3.12/site-packages/airflow/example_dags/example_params_trigger_ui.py
[2024-08-05T00:12:11.207+0000] {processor.py:840} INFO - DAG(s) 'example_params_trigger_ui' retrieved from /home/airflow/.local/lib/python3.12/site-packages/airflow/example_dags/example_params_trigger_ui.py
[2024-08-05T00:12:11.257+0000] {logging_mixin.py:188} INFO - [2024-08-05T00:12:11.257+0000] {dag.py:3089} INFO - Sync 1 DAGs
[2024-08-05T00:12:11.267+0000] {logging_mixin.py:188} INFO - [2024-08-05T00:12:11.267+0000] {dag.py:3947} INFO - Setting next_dagrun for example_params_trigger_ui to None, run_after=None
[2024-08-05T00:12:11.278+0000] {processor.py:183} INFO - Processing /home/airflow/.local/lib/python3.12/site-packages/airflow/example_dags/example_params_trigger_ui.py took 0.090 seconds
[2024-08-05T00:12:41.609+0000] {processor.py:161} INFO - Started process (PID=14616) to work on /home/airflow/.local/lib/python3.12/site-packages/airflow/example_dags/example_params_trigger_ui.py
[2024-08-05T00:12:41.610+0000] {processor.py:830} INFO - Processing file /home/airflow/.local/lib/python3.12/site-packages/airflow/example_dags/example_params_trigger_ui.py for tasks to queue
[2024-08-05T00:12:41.610+0000] {logging_mixin.py:188} INFO - [2024-08-05T00:12:41.610+0000] {dagbag.py:545} INFO - Filling up the DagBag from /home/airflow/.local/lib/python3.12/site-packages/airflow/example_dags/example_params_trigger_ui.py
[2024-08-05T00:12:41.616+0000] {processor.py:840} INFO - DAG(s) 'example_params_trigger_ui' retrieved from /home/airflow/.local/lib/python3.12/site-packages/airflow/example_dags/example_params_trigger_ui.py
[2024-08-05T00:12:41.637+0000] {logging_mixin.py:188} INFO - [2024-08-05T00:12:41.637+0000] {dag.py:3089} INFO - Sync 1 DAGs
[2024-08-05T00:12:41.642+0000] {logging_mixin.py:188} INFO - [2024-08-05T00:12:41.642+0000] {dag.py:3947} INFO - Setting next_dagrun for example_params_trigger_ui to None, run_after=None
[2024-08-05T00:12:41.650+0000] {processor.py:183} INFO - Processing /home/airflow/.local/lib/python3.12/site-packages/airflow/example_dags/example_params_trigger_ui.py took 0.044 seconds
[2024-08-05T00:13:12.520+0000] {processor.py:161} INFO - Started process (PID=14677) to work on /home/airflow/.local/lib/python3.12/site-packages/airflow/example_dags/example_params_trigger_ui.py
[2024-08-05T00:13:12.521+0000] {processor.py:830} INFO - Processing file /home/airflow/.local/lib/python3.12/site-packages/airflow/example_dags/example_params_trigger_ui.py for tasks to queue
[2024-08-05T00:13:12.522+0000] {logging_mixin.py:188} INFO - [2024-08-05T00:13:12.521+0000] {dagbag.py:545} INFO - Filling up the DagBag from /home/airflow/.local/lib/python3.12/site-packages/airflow/example_dags/example_params_trigger_ui.py
[2024-08-05T00:13:12.531+0000] {processor.py:840} INFO - DAG(s) 'example_params_trigger_ui' retrieved from /home/airflow/.local/lib/python3.12/site-packages/airflow/example_dags/example_params_trigger_ui.py
[2024-08-05T00:13:12.556+0000] {logging_mixin.py:188} INFO - [2024-08-05T00:13:12.556+0000] {dag.py:3089} INFO - Sync 1 DAGs
[2024-08-05T00:13:12.563+0000] {logging_mixin.py:188} INFO - [2024-08-05T00:13:12.563+0000] {dag.py:3947} INFO - Setting next_dagrun for example_params_trigger_ui to None, run_after=None
[2024-08-05T00:13:12.571+0000] {processor.py:183} INFO - Processing /home/airflow/.local/lib/python3.12/site-packages/airflow/example_dags/example_params_trigger_ui.py took 0.053 seconds
[2024-08-05T00:13:43.294+0000] {processor.py:161} INFO - Started process (PID=14738) to work on /home/airflow/.local/lib/python3.12/site-packages/airflow/example_dags/example_params_trigger_ui.py
[2024-08-05T00:13:43.295+0000] {processor.py:830} INFO - Processing file /home/airflow/.local/lib/python3.12/site-packages/airflow/example_dags/example_params_trigger_ui.py for tasks to queue
[2024-08-05T00:13:43.296+0000] {logging_mixin.py:188} INFO - [2024-08-05T00:13:43.296+0000] {dagbag.py:545} INFO - Filling up the DagBag from /home/airflow/.local/lib/python3.12/site-packages/airflow/example_dags/example_params_trigger_ui.py
[2024-08-05T00:13:43.310+0000] {processor.py:840} INFO - DAG(s) 'example_params_trigger_ui' retrieved from /home/airflow/.local/lib/python3.12/site-packages/airflow/example_dags/example_params_trigger_ui.py
[2024-08-05T00:13:43.340+0000] {logging_mixin.py:188} INFO - [2024-08-05T00:13:43.340+0000] {dag.py:3089} INFO - Sync 1 DAGs
[2024-08-05T00:13:43.351+0000] {logging_mixin.py:188} INFO - [2024-08-05T00:13:43.351+0000] {dag.py:3947} INFO - Setting next_dagrun for example_params_trigger_ui to None, run_after=None
[2024-08-05T00:13:43.362+0000] {processor.py:183} INFO - Processing /home/airflow/.local/lib/python3.12/site-packages/airflow/example_dags/example_params_trigger_ui.py took 0.073 seconds
[2024-08-05T00:14:13.923+0000] {processor.py:161} INFO - Started process (PID=14799) to work on /home/airflow/.local/lib/python3.12/site-packages/airflow/example_dags/example_params_trigger_ui.py
[2024-08-05T00:14:13.924+0000] {processor.py:830} INFO - Processing file /home/airflow/.local/lib/python3.12/site-packages/airflow/example_dags/example_params_trigger_ui.py for tasks to queue
[2024-08-05T00:14:13.924+0000] {logging_mixin.py:188} INFO - [2024-08-05T00:14:13.924+0000] {dagbag.py:545} INFO - Filling up the DagBag from /home/airflow/.local/lib/python3.12/site-packages/airflow/example_dags/example_params_trigger_ui.py
[2024-08-05T00:14:13.929+0000] {processor.py:840} INFO - DAG(s) 'example_params_trigger_ui' retrieved from /home/airflow/.local/lib/python3.12/site-packages/airflow/example_dags/example_params_trigger_ui.py
[2024-08-05T00:14:13.950+0000] {logging_mixin.py:188} INFO - [2024-08-05T00:14:13.950+0000] {dag.py:3089} INFO - Sync 1 DAGs
[2024-08-05T00:14:13.956+0000] {logging_mixin.py:188} INFO - [2024-08-05T00:14:13.956+0000] {dag.py:3947} INFO - Setting next_dagrun for example_params_trigger_ui to None, run_after=None
[2024-08-05T00:14:13.963+0000] {processor.py:183} INFO - Processing /home/airflow/.local/lib/python3.12/site-packages/airflow/example_dags/example_params_trigger_ui.py took 0.043 seconds
[2024-08-05T00:14:44.139+0000] {processor.py:161} INFO - Started process (PID=14860) to work on /home/airflow/.local/lib/python3.12/site-packages/airflow/example_dags/example_params_trigger_ui.py
[2024-08-05T00:14:44.140+0000] {processor.py:830} INFO - Processing file /home/airflow/.local/lib/python3.12/site-packages/airflow/example_dags/example_params_trigger_ui.py for tasks to queue
[2024-08-05T00:14:44.141+0000] {logging_mixin.py:188} INFO - [2024-08-05T00:14:44.141+0000] {dagbag.py:545} INFO - Filling up the DagBag from /home/airflow/.local/lib/python3.12/site-packages/airflow/example_dags/example_params_trigger_ui.py
[2024-08-05T00:14:44.170+0000] {processor.py:840} INFO - DAG(s) 'example_params_trigger_ui' retrieved from /home/airflow/.local/lib/python3.12/site-packages/airflow/example_dags/example_params_trigger_ui.py
[2024-08-05T00:14:44.218+0000] {logging_mixin.py:188} INFO - [2024-08-05T00:14:44.218+0000] {dag.py:3089} INFO - Sync 1 DAGs
[2024-08-05T00:14:44.232+0000] {logging_mixin.py:188} INFO - [2024-08-05T00:14:44.232+0000] {dag.py:3947} INFO - Setting next_dagrun for example_params_trigger_ui to None, run_after=None
[2024-08-05T00:14:44.248+0000] {processor.py:183} INFO - Processing /home/airflow/.local/lib/python3.12/site-packages/airflow/example_dags/example_params_trigger_ui.py took 0.114 seconds
[2024-08-05T00:15:14.274+0000] {processor.py:161} INFO - Started process (PID=14921) to work on /home/airflow/.local/lib/python3.12/site-packages/airflow/example_dags/example_params_trigger_ui.py
[2024-08-05T00:15:14.275+0000] {processor.py:830} INFO - Processing file /home/airflow/.local/lib/python3.12/site-packages/airflow/example_dags/example_params_trigger_ui.py for tasks to queue
[2024-08-05T00:15:14.275+0000] {logging_mixin.py:188} INFO - [2024-08-05T00:15:14.275+0000] {dagbag.py:545} INFO - Filling up the DagBag from /home/airflow/.local/lib/python3.12/site-packages/airflow/example_dags/example_params_trigger_ui.py
[2024-08-05T00:15:14.283+0000] {processor.py:840} INFO - DAG(s) 'example_params_trigger_ui' retrieved from /home/airflow/.local/lib/python3.12/site-packages/airflow/example_dags/example_params_trigger_ui.py
[2024-08-05T00:15:14.338+0000] {logging_mixin.py:188} INFO - [2024-08-05T00:15:14.338+0000] {dag.py:3089} INFO - Sync 1 DAGs
[2024-08-05T00:15:14.352+0000] {logging_mixin.py:188} INFO - [2024-08-05T00:15:14.351+0000] {dag.py:3947} INFO - Setting next_dagrun for example_params_trigger_ui to None, run_after=None
[2024-08-05T00:15:14.367+0000] {processor.py:183} INFO - Processing /home/airflow/.local/lib/python3.12/site-packages/airflow/example_dags/example_params_trigger_ui.py took 0.098 seconds
[2024-08-05T00:15:44.847+0000] {processor.py:161} INFO - Started process (PID=14982) to work on /home/airflow/.local/lib/python3.12/site-packages/airflow/example_dags/example_params_trigger_ui.py
[2024-08-05T00:15:44.849+0000] {processor.py:830} INFO - Processing file /home/airflow/.local/lib/python3.12/site-packages/airflow/example_dags/example_params_trigger_ui.py for tasks to queue
[2024-08-05T00:15:44.850+0000] {logging_mixin.py:188} INFO - [2024-08-05T00:15:44.849+0000] {dagbag.py:545} INFO - Filling up the DagBag from /home/airflow/.local/lib/python3.12/site-packages/airflow/example_dags/example_params_trigger_ui.py
[2024-08-05T00:15:44.867+0000] {processor.py:840} INFO - DAG(s) 'example_params_trigger_ui' retrieved from /home/airflow/.local/lib/python3.12/site-packages/airflow/example_dags/example_params_trigger_ui.py
[2024-08-05T00:15:44.899+0000] {logging_mixin.py:188} INFO - [2024-08-05T00:15:44.899+0000] {dag.py:3089} INFO - Sync 1 DAGs
[2024-08-05T00:15:44.914+0000] {logging_mixin.py:188} INFO - [2024-08-05T00:15:44.913+0000] {dag.py:3947} INFO - Setting next_dagrun for example_params_trigger_ui to None, run_after=None
[2024-08-05T00:15:44.943+0000] {processor.py:183} INFO - Processing /home/airflow/.local/lib/python3.12/site-packages/airflow/example_dags/example_params_trigger_ui.py took 0.100 seconds
[2024-08-05T00:16:15.046+0000] {processor.py:161} INFO - Started process (PID=15053) to work on /home/airflow/.local/lib/python3.12/site-packages/airflow/example_dags/example_params_trigger_ui.py
[2024-08-05T00:16:15.046+0000] {processor.py:830} INFO - Processing file /home/airflow/.local/lib/python3.12/site-packages/airflow/example_dags/example_params_trigger_ui.py for tasks to queue
[2024-08-05T00:16:15.047+0000] {logging_mixin.py:188} INFO - [2024-08-05T00:16:15.047+0000] {dagbag.py:545} INFO - Filling up the DagBag from /home/airflow/.local/lib/python3.12/site-packages/airflow/example_dags/example_params_trigger_ui.py
[2024-08-05T00:16:15.054+0000] {processor.py:840} INFO - DAG(s) 'example_params_trigger_ui' retrieved from /home/airflow/.local/lib/python3.12/site-packages/airflow/example_dags/example_params_trigger_ui.py
[2024-08-05T00:16:15.076+0000] {logging_mixin.py:188} INFO - [2024-08-05T00:16:15.076+0000] {dag.py:3089} INFO - Sync 1 DAGs
[2024-08-05T00:16:15.082+0000] {logging_mixin.py:188} INFO - [2024-08-05T00:16:15.082+0000] {dag.py:3947} INFO - Setting next_dagrun for example_params_trigger_ui to None, run_after=None
[2024-08-05T00:16:15.091+0000] {processor.py:183} INFO - Processing /home/airflow/.local/lib/python3.12/site-packages/airflow/example_dags/example_params_trigger_ui.py took 0.048 seconds
[2024-08-05T00:16:45.464+0000] {processor.py:161} INFO - Started process (PID=15114) to work on /home/airflow/.local/lib/python3.12/site-packages/airflow/example_dags/example_params_trigger_ui.py
[2024-08-05T00:16:45.465+0000] {processor.py:830} INFO - Processing file /home/airflow/.local/lib/python3.12/site-packages/airflow/example_dags/example_params_trigger_ui.py for tasks to queue
[2024-08-05T00:16:45.465+0000] {logging_mixin.py:188} INFO - [2024-08-05T00:16:45.465+0000] {dagbag.py:545} INFO - Filling up the DagBag from /home/airflow/.local/lib/python3.12/site-packages/airflow/example_dags/example_params_trigger_ui.py
[2024-08-05T00:16:45.471+0000] {processor.py:840} INFO - DAG(s) 'example_params_trigger_ui' retrieved from /home/airflow/.local/lib/python3.12/site-packages/airflow/example_dags/example_params_trigger_ui.py
[2024-08-05T00:16:45.491+0000] {logging_mixin.py:188} INFO - [2024-08-05T00:16:45.491+0000] {dag.py:3089} INFO - Sync 1 DAGs
[2024-08-05T00:16:45.497+0000] {logging_mixin.py:188} INFO - [2024-08-05T00:16:45.497+0000] {dag.py:3947} INFO - Setting next_dagrun for example_params_trigger_ui to None, run_after=None
[2024-08-05T00:16:45.505+0000] {processor.py:183} INFO - Processing /home/airflow/.local/lib/python3.12/site-packages/airflow/example_dags/example_params_trigger_ui.py took 0.044 seconds
[2024-08-05T00:17:17.100+0000] {processor.py:161} INFO - Started process (PID=15181) to work on /home/airflow/.local/lib/python3.12/site-packages/airflow/example_dags/example_params_trigger_ui.py
[2024-08-05T00:17:17.102+0000] {processor.py:830} INFO - Processing file /home/airflow/.local/lib/python3.12/site-packages/airflow/example_dags/example_params_trigger_ui.py for tasks to queue
[2024-08-05T00:17:17.105+0000] {logging_mixin.py:188} INFO - [2024-08-05T00:17:17.103+0000] {dagbag.py:545} INFO - Filling up the DagBag from /home/airflow/.local/lib/python3.12/site-packages/airflow/example_dags/example_params_trigger_ui.py
[2024-08-05T00:17:17.136+0000] {processor.py:840} INFO - DAG(s) 'example_params_trigger_ui' retrieved from /home/airflow/.local/lib/python3.12/site-packages/airflow/example_dags/example_params_trigger_ui.py
[2024-08-05T00:17:17.196+0000] {logging_mixin.py:188} INFO - [2024-08-05T00:17:17.195+0000] {dag.py:3089} INFO - Sync 1 DAGs
[2024-08-05T00:17:17.213+0000] {logging_mixin.py:188} INFO - [2024-08-05T00:17:17.212+0000] {dag.py:3947} INFO - Setting next_dagrun for example_params_trigger_ui to None, run_after=None
[2024-08-05T00:17:17.228+0000] {processor.py:183} INFO - Processing /home/airflow/.local/lib/python3.12/site-packages/airflow/example_dags/example_params_trigger_ui.py took 0.141 seconds
[2024-08-05T00:17:47.475+0000] {processor.py:161} INFO - Started process (PID=15252) to work on /home/airflow/.local/lib/python3.12/site-packages/airflow/example_dags/example_params_trigger_ui.py
[2024-08-05T00:17:47.477+0000] {processor.py:830} INFO - Processing file /home/airflow/.local/lib/python3.12/site-packages/airflow/example_dags/example_params_trigger_ui.py for tasks to queue
[2024-08-05T00:17:47.478+0000] {logging_mixin.py:188} INFO - [2024-08-05T00:17:47.477+0000] {dagbag.py:545} INFO - Filling up the DagBag from /home/airflow/.local/lib/python3.12/site-packages/airflow/example_dags/example_params_trigger_ui.py
[2024-08-05T00:17:47.494+0000] {processor.py:840} INFO - DAG(s) 'example_params_trigger_ui' retrieved from /home/airflow/.local/lib/python3.12/site-packages/airflow/example_dags/example_params_trigger_ui.py
[2024-08-05T00:17:47.540+0000] {logging_mixin.py:188} INFO - [2024-08-05T00:17:47.540+0000] {dag.py:3089} INFO - Sync 1 DAGs
[2024-08-05T00:17:47.554+0000] {logging_mixin.py:188} INFO - [2024-08-05T00:17:47.554+0000] {dag.py:3947} INFO - Setting next_dagrun for example_params_trigger_ui to None, run_after=None
[2024-08-05T00:17:47.600+0000] {processor.py:183} INFO - Processing /home/airflow/.local/lib/python3.12/site-packages/airflow/example_dags/example_params_trigger_ui.py took 0.136 seconds
[2024-08-05T00:18:18.523+0000] {processor.py:161} INFO - Started process (PID=15313) to work on /home/airflow/.local/lib/python3.12/site-packages/airflow/example_dags/example_params_trigger_ui.py
[2024-08-05T00:18:18.525+0000] {processor.py:830} INFO - Processing file /home/airflow/.local/lib/python3.12/site-packages/airflow/example_dags/example_params_trigger_ui.py for tasks to queue
[2024-08-05T00:18:18.526+0000] {logging_mixin.py:188} INFO - [2024-08-05T00:18:18.526+0000] {dagbag.py:545} INFO - Filling up the DagBag from /home/airflow/.local/lib/python3.12/site-packages/airflow/example_dags/example_params_trigger_ui.py
[2024-08-05T00:18:18.532+0000] {processor.py:840} INFO - DAG(s) 'example_params_trigger_ui' retrieved from /home/airflow/.local/lib/python3.12/site-packages/airflow/example_dags/example_params_trigger_ui.py
[2024-08-05T00:18:18.563+0000] {logging_mixin.py:188} INFO - [2024-08-05T00:18:18.563+0000] {dag.py:3089} INFO - Sync 1 DAGs
[2024-08-05T00:18:18.569+0000] {logging_mixin.py:188} INFO - [2024-08-05T00:18:18.569+0000] {dag.py:3947} INFO - Setting next_dagrun for example_params_trigger_ui to None, run_after=None
[2024-08-05T00:18:18.577+0000] {processor.py:183} INFO - Processing /home/airflow/.local/lib/python3.12/site-packages/airflow/example_dags/example_params_trigger_ui.py took 0.057 seconds
[2024-08-05T00:18:48.856+0000] {processor.py:161} INFO - Started process (PID=15374) to work on /home/airflow/.local/lib/python3.12/site-packages/airflow/example_dags/example_params_trigger_ui.py
[2024-08-05T00:18:48.857+0000] {processor.py:830} INFO - Processing file /home/airflow/.local/lib/python3.12/site-packages/airflow/example_dags/example_params_trigger_ui.py for tasks to queue
[2024-08-05T00:18:48.858+0000] {logging_mixin.py:188} INFO - [2024-08-05T00:18:48.858+0000] {dagbag.py:545} INFO - Filling up the DagBag from /home/airflow/.local/lib/python3.12/site-packages/airflow/example_dags/example_params_trigger_ui.py
[2024-08-05T00:18:48.863+0000] {processor.py:840} INFO - DAG(s) 'example_params_trigger_ui' retrieved from /home/airflow/.local/lib/python3.12/site-packages/airflow/example_dags/example_params_trigger_ui.py
[2024-08-05T00:18:48.903+0000] {logging_mixin.py:188} INFO - [2024-08-05T00:18:48.902+0000] {dag.py:3089} INFO - Sync 1 DAGs
[2024-08-05T00:18:48.915+0000] {logging_mixin.py:188} INFO - [2024-08-05T00:18:48.915+0000] {dag.py:3947} INFO - Setting next_dagrun for example_params_trigger_ui to None, run_after=None
[2024-08-05T00:18:48.939+0000] {processor.py:183} INFO - Processing /home/airflow/.local/lib/python3.12/site-packages/airflow/example_dags/example_params_trigger_ui.py took 0.087 seconds
[2024-08-05T00:19:19.127+0000] {processor.py:161} INFO - Started process (PID=15435) to work on /home/airflow/.local/lib/python3.12/site-packages/airflow/example_dags/example_params_trigger_ui.py
[2024-08-05T00:19:19.127+0000] {processor.py:830} INFO - Processing file /home/airflow/.local/lib/python3.12/site-packages/airflow/example_dags/example_params_trigger_ui.py for tasks to queue
[2024-08-05T00:19:19.128+0000] {logging_mixin.py:188} INFO - [2024-08-05T00:19:19.128+0000] {dagbag.py:545} INFO - Filling up the DagBag from /home/airflow/.local/lib/python3.12/site-packages/airflow/example_dags/example_params_trigger_ui.py
[2024-08-05T00:19:19.140+0000] {processor.py:840} INFO - DAG(s) 'example_params_trigger_ui' retrieved from /home/airflow/.local/lib/python3.12/site-packages/airflow/example_dags/example_params_trigger_ui.py
[2024-08-05T00:19:19.167+0000] {logging_mixin.py:188} INFO - [2024-08-05T00:19:19.166+0000] {dag.py:3089} INFO - Sync 1 DAGs
[2024-08-05T00:19:19.174+0000] {logging_mixin.py:188} INFO - [2024-08-05T00:19:19.174+0000] {dag.py:3947} INFO - Setting next_dagrun for example_params_trigger_ui to None, run_after=None
[2024-08-05T00:19:19.183+0000] {processor.py:183} INFO - Processing /home/airflow/.local/lib/python3.12/site-packages/airflow/example_dags/example_params_trigger_ui.py took 0.059 seconds
[2024-08-05T00:19:49.675+0000] {processor.py:161} INFO - Started process (PID=15498) to work on /home/airflow/.local/lib/python3.12/site-packages/airflow/example_dags/example_params_trigger_ui.py
[2024-08-05T00:19:49.676+0000] {processor.py:830} INFO - Processing file /home/airflow/.local/lib/python3.12/site-packages/airflow/example_dags/example_params_trigger_ui.py for tasks to queue
[2024-08-05T00:19:49.677+0000] {logging_mixin.py:188} INFO - [2024-08-05T00:19:49.677+0000] {dagbag.py:545} INFO - Filling up the DagBag from /home/airflow/.local/lib/python3.12/site-packages/airflow/example_dags/example_params_trigger_ui.py
[2024-08-05T00:19:49.686+0000] {processor.py:840} INFO - DAG(s) 'example_params_trigger_ui' retrieved from /home/airflow/.local/lib/python3.12/site-packages/airflow/example_dags/example_params_trigger_ui.py
[2024-08-05T00:19:49.724+0000] {logging_mixin.py:188} INFO - [2024-08-05T00:19:49.723+0000] {dag.py:3089} INFO - Sync 1 DAGs
[2024-08-05T00:19:49.731+0000] {logging_mixin.py:188} INFO - [2024-08-05T00:19:49.731+0000] {dag.py:3947} INFO - Setting next_dagrun for example_params_trigger_ui to None, run_after=None
[2024-08-05T00:19:49.741+0000] {processor.py:183} INFO - Processing /home/airflow/.local/lib/python3.12/site-packages/airflow/example_dags/example_params_trigger_ui.py took 0.073 seconds
[2024-08-05T00:20:20.689+0000] {processor.py:161} INFO - Started process (PID=15575) to work on /home/airflow/.local/lib/python3.12/site-packages/airflow/example_dags/example_params_trigger_ui.py
[2024-08-05T00:20:20.696+0000] {processor.py:830} INFO - Processing file /home/airflow/.local/lib/python3.12/site-packages/airflow/example_dags/example_params_trigger_ui.py for tasks to queue
[2024-08-05T00:20:20.703+0000] {logging_mixin.py:188} INFO - [2024-08-05T00:20:20.700+0000] {dagbag.py:545} INFO - Filling up the DagBag from /home/airflow/.local/lib/python3.12/site-packages/airflow/example_dags/example_params_trigger_ui.py
[2024-08-05T00:20:20.763+0000] {processor.py:840} INFO - DAG(s) 'example_params_trigger_ui' retrieved from /home/airflow/.local/lib/python3.12/site-packages/airflow/example_dags/example_params_trigger_ui.py
[2024-08-05T00:20:21.112+0000] {logging_mixin.py:188} INFO - [2024-08-05T00:20:21.107+0000] {dag.py:3089} INFO - Sync 1 DAGs
[2024-08-05T00:20:21.209+0000] {logging_mixin.py:188} INFO - [2024-08-05T00:20:21.207+0000] {dag.py:3947} INFO - Setting next_dagrun for example_params_trigger_ui to None, run_after=None
[2024-08-05T00:20:21.357+0000] {processor.py:183} INFO - Processing /home/airflow/.local/lib/python3.12/site-packages/airflow/example_dags/example_params_trigger_ui.py took 0.701 seconds
[2024-08-05T00:20:51.690+0000] {processor.py:161} INFO - Started process (PID=15641) to work on /home/airflow/.local/lib/python3.12/site-packages/airflow/example_dags/example_params_trigger_ui.py
[2024-08-05T00:20:51.691+0000] {processor.py:830} INFO - Processing file /home/airflow/.local/lib/python3.12/site-packages/airflow/example_dags/example_params_trigger_ui.py for tasks to queue
[2024-08-05T00:20:51.691+0000] {logging_mixin.py:188} INFO - [2024-08-05T00:20:51.691+0000] {dagbag.py:545} INFO - Filling up the DagBag from /home/airflow/.local/lib/python3.12/site-packages/airflow/example_dags/example_params_trigger_ui.py
[2024-08-05T00:20:51.698+0000] {processor.py:840} INFO - DAG(s) 'example_params_trigger_ui' retrieved from /home/airflow/.local/lib/python3.12/site-packages/airflow/example_dags/example_params_trigger_ui.py
[2024-08-05T00:20:51.721+0000] {logging_mixin.py:188} INFO - [2024-08-05T00:20:51.721+0000] {dag.py:3089} INFO - Sync 1 DAGs
[2024-08-05T00:20:51.728+0000] {logging_mixin.py:188} INFO - [2024-08-05T00:20:51.728+0000] {dag.py:3947} INFO - Setting next_dagrun for example_params_trigger_ui to None, run_after=None
[2024-08-05T00:20:51.736+0000] {processor.py:183} INFO - Processing /home/airflow/.local/lib/python3.12/site-packages/airflow/example_dags/example_params_trigger_ui.py took 0.050 seconds
[2024-08-05T00:21:22.119+0000] {processor.py:161} INFO - Started process (PID=15702) to work on /home/airflow/.local/lib/python3.12/site-packages/airflow/example_dags/example_params_trigger_ui.py
[2024-08-05T00:21:22.120+0000] {processor.py:830} INFO - Processing file /home/airflow/.local/lib/python3.12/site-packages/airflow/example_dags/example_params_trigger_ui.py for tasks to queue
[2024-08-05T00:21:22.120+0000] {logging_mixin.py:188} INFO - [2024-08-05T00:21:22.120+0000] {dagbag.py:545} INFO - Filling up the DagBag from /home/airflow/.local/lib/python3.12/site-packages/airflow/example_dags/example_params_trigger_ui.py
[2024-08-05T00:21:22.141+0000] {processor.py:840} INFO - DAG(s) 'example_params_trigger_ui' retrieved from /home/airflow/.local/lib/python3.12/site-packages/airflow/example_dags/example_params_trigger_ui.py
[2024-08-05T00:21:22.173+0000] {logging_mixin.py:188} INFO - [2024-08-05T00:21:22.173+0000] {dag.py:3089} INFO - Sync 1 DAGs
[2024-08-05T00:21:22.180+0000] {logging_mixin.py:188} INFO - [2024-08-05T00:21:22.180+0000] {dag.py:3947} INFO - Setting next_dagrun for example_params_trigger_ui to None, run_after=None
[2024-08-05T00:21:22.192+0000] {processor.py:183} INFO - Processing /home/airflow/.local/lib/python3.12/site-packages/airflow/example_dags/example_params_trigger_ui.py took 0.080 seconds
[2024-08-05T00:21:52.660+0000] {processor.py:161} INFO - Started process (PID=15762) to work on /home/airflow/.local/lib/python3.12/site-packages/airflow/example_dags/example_params_trigger_ui.py
[2024-08-05T00:21:52.662+0000] {processor.py:830} INFO - Processing file /home/airflow/.local/lib/python3.12/site-packages/airflow/example_dags/example_params_trigger_ui.py for tasks to queue
[2024-08-05T00:21:52.662+0000] {logging_mixin.py:188} INFO - [2024-08-05T00:21:52.662+0000] {dagbag.py:545} INFO - Filling up the DagBag from /home/airflow/.local/lib/python3.12/site-packages/airflow/example_dags/example_params_trigger_ui.py
[2024-08-05T00:21:52.670+0000] {processor.py:840} INFO - DAG(s) 'example_params_trigger_ui' retrieved from /home/airflow/.local/lib/python3.12/site-packages/airflow/example_dags/example_params_trigger_ui.py
[2024-08-05T00:21:52.695+0000] {logging_mixin.py:188} INFO - [2024-08-05T00:21:52.695+0000] {dag.py:3089} INFO - Sync 1 DAGs
[2024-08-05T00:21:52.702+0000] {logging_mixin.py:188} INFO - [2024-08-05T00:21:52.702+0000] {dag.py:3947} INFO - Setting next_dagrun for example_params_trigger_ui to None, run_after=None
[2024-08-05T00:21:52.712+0000] {processor.py:183} INFO - Processing /home/airflow/.local/lib/python3.12/site-packages/airflow/example_dags/example_params_trigger_ui.py took 0.061 seconds
