[2024-08-05T00:00:26.382+0000] {processor.py:161} INFO - Started process (PID=13101) to work on /home/airflow/.local/lib/python3.12/site-packages/airflow/example_dags/example_complex.py
[2024-08-05T00:00:26.385+0000] {processor.py:830} INFO - Processing file /home/airflow/.local/lib/python3.12/site-packages/airflow/example_dags/example_complex.py for tasks to queue
[2024-08-05T00:00:26.392+0000] {logging_mixin.py:188} INFO - [2024-08-05T00:00:26.389+0000] {dagbag.py:545} INFO - Filling up the DagBag from /home/airflow/.local/lib/python3.12/site-packages/airflow/example_dags/example_complex.py
[2024-08-05T00:00:26.465+0000] {processor.py:840} INFO - DAG(s) 'example_complex' retrieved from /home/airflow/.local/lib/python3.12/site-packages/airflow/example_dags/example_complex.py
[2024-08-05T00:00:26.541+0000] {logging_mixin.py:188} INFO - [2024-08-05T00:00:26.541+0000] {dag.py:3089} INFO - Sync 1 DAGs
[2024-08-05T00:00:26.563+0000] {logging_mixin.py:188} INFO - [2024-08-05T00:00:26.563+0000] {dag.py:3947} INFO - Setting next_dagrun for example_complex to None, run_after=None
[2024-08-05T00:00:26.619+0000] {processor.py:183} INFO - Processing /home/airflow/.local/lib/python3.12/site-packages/airflow/example_dags/example_complex.py took 0.281 seconds
[2024-08-05T00:00:57.615+0000] {processor.py:161} INFO - Started process (PID=13170) to work on /home/airflow/.local/lib/python3.12/site-packages/airflow/example_dags/example_complex.py
[2024-08-05T00:00:57.619+0000] {processor.py:830} INFO - Processing file /home/airflow/.local/lib/python3.12/site-packages/airflow/example_dags/example_complex.py for tasks to queue
[2024-08-05T00:00:57.621+0000] {logging_mixin.py:188} INFO - [2024-08-05T00:00:57.620+0000] {dagbag.py:545} INFO - Filling up the DagBag from /home/airflow/.local/lib/python3.12/site-packages/airflow/example_dags/example_complex.py
[2024-08-05T00:00:57.638+0000] {processor.py:840} INFO - DAG(s) 'example_complex' retrieved from /home/airflow/.local/lib/python3.12/site-packages/airflow/example_dags/example_complex.py
[2024-08-05T00:00:57.698+0000] {logging_mixin.py:188} INFO - [2024-08-05T00:00:57.698+0000] {dag.py:3089} INFO - Sync 1 DAGs
[2024-08-05T00:00:57.713+0000] {logging_mixin.py:188} INFO - [2024-08-05T00:00:57.713+0000] {dag.py:3947} INFO - Setting next_dagrun for example_complex to None, run_after=None
[2024-08-05T00:00:57.729+0000] {processor.py:183} INFO - Processing /home/airflow/.local/lib/python3.12/site-packages/airflow/example_dags/example_complex.py took 0.121 seconds
[2024-08-05T00:01:28.293+0000] {processor.py:161} INFO - Started process (PID=13230) to work on /home/airflow/.local/lib/python3.12/site-packages/airflow/example_dags/example_complex.py
[2024-08-05T00:01:28.296+0000] {processor.py:830} INFO - Processing file /home/airflow/.local/lib/python3.12/site-packages/airflow/example_dags/example_complex.py for tasks to queue
[2024-08-05T00:01:28.298+0000] {logging_mixin.py:188} INFO - [2024-08-05T00:01:28.298+0000] {dagbag.py:545} INFO - Filling up the DagBag from /home/airflow/.local/lib/python3.12/site-packages/airflow/example_dags/example_complex.py
[2024-08-05T00:01:28.314+0000] {processor.py:840} INFO - DAG(s) 'example_complex' retrieved from /home/airflow/.local/lib/python3.12/site-packages/airflow/example_dags/example_complex.py
[2024-08-05T00:01:28.352+0000] {logging_mixin.py:188} INFO - [2024-08-05T00:01:28.352+0000] {dag.py:3089} INFO - Sync 1 DAGs
[2024-08-05T00:01:28.365+0000] {logging_mixin.py:188} INFO - [2024-08-05T00:01:28.365+0000] {dag.py:3947} INFO - Setting next_dagrun for example_complex to None, run_after=None
[2024-08-05T00:01:28.383+0000] {processor.py:183} INFO - Processing /home/airflow/.local/lib/python3.12/site-packages/airflow/example_dags/example_complex.py took 0.104 seconds
[2024-08-05T00:01:58.985+0000] {processor.py:161} INFO - Started process (PID=13301) to work on /home/airflow/.local/lib/python3.12/site-packages/airflow/example_dags/example_complex.py
[2024-08-05T00:01:58.987+0000] {processor.py:830} INFO - Processing file /home/airflow/.local/lib/python3.12/site-packages/airflow/example_dags/example_complex.py for tasks to queue
[2024-08-05T00:01:58.989+0000] {logging_mixin.py:188} INFO - [2024-08-05T00:01:58.988+0000] {dagbag.py:545} INFO - Filling up the DagBag from /home/airflow/.local/lib/python3.12/site-packages/airflow/example_dags/example_complex.py
[2024-08-05T00:01:59.002+0000] {processor.py:840} INFO - DAG(s) 'example_complex' retrieved from /home/airflow/.local/lib/python3.12/site-packages/airflow/example_dags/example_complex.py
[2024-08-05T00:01:59.069+0000] {logging_mixin.py:188} INFO - [2024-08-05T00:01:59.068+0000] {dag.py:3089} INFO - Sync 1 DAGs
[2024-08-05T00:01:59.086+0000] {logging_mixin.py:188} INFO - [2024-08-05T00:01:59.086+0000] {dag.py:3947} INFO - Setting next_dagrun for example_complex to None, run_after=None
[2024-08-05T00:01:59.107+0000] {processor.py:183} INFO - Processing /home/airflow/.local/lib/python3.12/site-packages/airflow/example_dags/example_complex.py took 0.146 seconds
[2024-08-05T00:02:29.482+0000] {processor.py:161} INFO - Started process (PID=13362) to work on /home/airflow/.local/lib/python3.12/site-packages/airflow/example_dags/example_complex.py
[2024-08-05T00:02:29.484+0000] {processor.py:830} INFO - Processing file /home/airflow/.local/lib/python3.12/site-packages/airflow/example_dags/example_complex.py for tasks to queue
[2024-08-05T00:02:29.486+0000] {logging_mixin.py:188} INFO - [2024-08-05T00:02:29.485+0000] {dagbag.py:545} INFO - Filling up the DagBag from /home/airflow/.local/lib/python3.12/site-packages/airflow/example_dags/example_complex.py
[2024-08-05T00:02:29.500+0000] {processor.py:840} INFO - DAG(s) 'example_complex' retrieved from /home/airflow/.local/lib/python3.12/site-packages/airflow/example_dags/example_complex.py
[2024-08-05T00:02:29.529+0000] {logging_mixin.py:188} INFO - [2024-08-05T00:02:29.529+0000] {dag.py:3089} INFO - Sync 1 DAGs
[2024-08-05T00:02:29.537+0000] {logging_mixin.py:188} INFO - [2024-08-05T00:02:29.537+0000] {dag.py:3947} INFO - Setting next_dagrun for example_complex to None, run_after=None
[2024-08-05T00:02:29.553+0000] {processor.py:183} INFO - Processing /home/airflow/.local/lib/python3.12/site-packages/airflow/example_dags/example_complex.py took 0.080 seconds
[2024-08-05T00:02:59.823+0000] {processor.py:161} INFO - Started process (PID=13423) to work on /home/airflow/.local/lib/python3.12/site-packages/airflow/example_dags/example_complex.py
[2024-08-05T00:02:59.824+0000] {processor.py:830} INFO - Processing file /home/airflow/.local/lib/python3.12/site-packages/airflow/example_dags/example_complex.py for tasks to queue
[2024-08-05T00:02:59.825+0000] {logging_mixin.py:188} INFO - [2024-08-05T00:02:59.825+0000] {dagbag.py:545} INFO - Filling up the DagBag from /home/airflow/.local/lib/python3.12/site-packages/airflow/example_dags/example_complex.py
[2024-08-05T00:02:59.840+0000] {processor.py:840} INFO - DAG(s) 'example_complex' retrieved from /home/airflow/.local/lib/python3.12/site-packages/airflow/example_dags/example_complex.py
[2024-08-05T00:02:59.870+0000] {logging_mixin.py:188} INFO - [2024-08-05T00:02:59.869+0000] {dag.py:3089} INFO - Sync 1 DAGs
[2024-08-05T00:02:59.876+0000] {logging_mixin.py:188} INFO - [2024-08-05T00:02:59.876+0000] {dag.py:3947} INFO - Setting next_dagrun for example_complex to None, run_after=None
[2024-08-05T00:02:59.891+0000] {processor.py:183} INFO - Processing /home/airflow/.local/lib/python3.12/site-packages/airflow/example_dags/example_complex.py took 0.079 seconds
[2024-08-05T00:03:30.146+0000] {processor.py:161} INFO - Started process (PID=13484) to work on /home/airflow/.local/lib/python3.12/site-packages/airflow/example_dags/example_complex.py
[2024-08-05T00:03:30.151+0000] {processor.py:830} INFO - Processing file /home/airflow/.local/lib/python3.12/site-packages/airflow/example_dags/example_complex.py for tasks to queue
[2024-08-05T00:03:30.152+0000] {logging_mixin.py:188} INFO - [2024-08-05T00:03:30.152+0000] {dagbag.py:545} INFO - Filling up the DagBag from /home/airflow/.local/lib/python3.12/site-packages/airflow/example_dags/example_complex.py
[2024-08-05T00:03:30.166+0000] {processor.py:840} INFO - DAG(s) 'example_complex' retrieved from /home/airflow/.local/lib/python3.12/site-packages/airflow/example_dags/example_complex.py
[2024-08-05T00:03:30.197+0000] {logging_mixin.py:188} INFO - [2024-08-05T00:03:30.197+0000] {dag.py:3089} INFO - Sync 1 DAGs
[2024-08-05T00:03:30.205+0000] {logging_mixin.py:188} INFO - [2024-08-05T00:03:30.204+0000] {dag.py:3947} INFO - Setting next_dagrun for example_complex to None, run_after=None
[2024-08-05T00:03:30.217+0000] {processor.py:183} INFO - Processing /home/airflow/.local/lib/python3.12/site-packages/airflow/example_dags/example_complex.py took 0.087 seconds
[2024-08-05T00:04:00.473+0000] {processor.py:161} INFO - Started process (PID=13545) to work on /home/airflow/.local/lib/python3.12/site-packages/airflow/example_dags/example_complex.py
[2024-08-05T00:04:00.478+0000] {processor.py:830} INFO - Processing file /home/airflow/.local/lib/python3.12/site-packages/airflow/example_dags/example_complex.py for tasks to queue
[2024-08-05T00:04:00.482+0000] {logging_mixin.py:188} INFO - [2024-08-05T00:04:00.481+0000] {dagbag.py:545} INFO - Filling up the DagBag from /home/airflow/.local/lib/python3.12/site-packages/airflow/example_dags/example_complex.py
[2024-08-05T00:04:00.502+0000] {processor.py:840} INFO - DAG(s) 'example_complex' retrieved from /home/airflow/.local/lib/python3.12/site-packages/airflow/example_dags/example_complex.py
[2024-08-05T00:04:00.546+0000] {logging_mixin.py:188} INFO - [2024-08-05T00:04:00.546+0000] {dag.py:3089} INFO - Sync 1 DAGs
[2024-08-05T00:04:00.572+0000] {logging_mixin.py:188} INFO - [2024-08-05T00:04:00.572+0000] {dag.py:3947} INFO - Setting next_dagrun for example_complex to None, run_after=None
[2024-08-05T00:04:00.597+0000] {processor.py:183} INFO - Processing /home/airflow/.local/lib/python3.12/site-packages/airflow/example_dags/example_complex.py took 0.138 seconds
[2024-08-05T00:04:31.057+0000] {processor.py:161} INFO - Started process (PID=13606) to work on /home/airflow/.local/lib/python3.12/site-packages/airflow/example_dags/example_complex.py
[2024-08-05T00:04:31.059+0000] {processor.py:830} INFO - Processing file /home/airflow/.local/lib/python3.12/site-packages/airflow/example_dags/example_complex.py for tasks to queue
[2024-08-05T00:04:31.060+0000] {logging_mixin.py:188} INFO - [2024-08-05T00:04:31.060+0000] {dagbag.py:545} INFO - Filling up the DagBag from /home/airflow/.local/lib/python3.12/site-packages/airflow/example_dags/example_complex.py
[2024-08-05T00:04:31.072+0000] {processor.py:840} INFO - DAG(s) 'example_complex' retrieved from /home/airflow/.local/lib/python3.12/site-packages/airflow/example_dags/example_complex.py
[2024-08-05T00:04:31.096+0000] {logging_mixin.py:188} INFO - [2024-08-05T00:04:31.096+0000] {dag.py:3089} INFO - Sync 1 DAGs
[2024-08-05T00:04:31.102+0000] {logging_mixin.py:188} INFO - [2024-08-05T00:04:31.102+0000] {dag.py:3947} INFO - Setting next_dagrun for example_complex to None, run_after=None
[2024-08-05T00:04:31.114+0000] {processor.py:183} INFO - Processing /home/airflow/.local/lib/python3.12/site-packages/airflow/example_dags/example_complex.py took 0.067 seconds
[2024-08-05T00:05:01.317+0000] {processor.py:161} INFO - Started process (PID=13667) to work on /home/airflow/.local/lib/python3.12/site-packages/airflow/example_dags/example_complex.py
[2024-08-05T00:05:01.318+0000] {processor.py:830} INFO - Processing file /home/airflow/.local/lib/python3.12/site-packages/airflow/example_dags/example_complex.py for tasks to queue
[2024-08-05T00:05:01.319+0000] {logging_mixin.py:188} INFO - [2024-08-05T00:05:01.319+0000] {dagbag.py:545} INFO - Filling up the DagBag from /home/airflow/.local/lib/python3.12/site-packages/airflow/example_dags/example_complex.py
[2024-08-05T00:05:01.330+0000] {processor.py:840} INFO - DAG(s) 'example_complex' retrieved from /home/airflow/.local/lib/python3.12/site-packages/airflow/example_dags/example_complex.py
[2024-08-05T00:05:01.385+0000] {logging_mixin.py:188} INFO - [2024-08-05T00:05:01.385+0000] {dag.py:3089} INFO - Sync 1 DAGs
[2024-08-05T00:05:01.405+0000] {logging_mixin.py:188} INFO - [2024-08-05T00:05:01.405+0000] {dag.py:3947} INFO - Setting next_dagrun for example_complex to None, run_after=None
[2024-08-05T00:05:01.424+0000] {processor.py:183} INFO - Processing /home/airflow/.local/lib/python3.12/site-packages/airflow/example_dags/example_complex.py took 0.113 seconds
[2024-08-05T00:05:32.222+0000] {processor.py:161} INFO - Started process (PID=13728) to work on /home/airflow/.local/lib/python3.12/site-packages/airflow/example_dags/example_complex.py
[2024-08-05T00:05:32.225+0000] {processor.py:830} INFO - Processing file /home/airflow/.local/lib/python3.12/site-packages/airflow/example_dags/example_complex.py for tasks to queue
[2024-08-05T00:05:32.226+0000] {logging_mixin.py:188} INFO - [2024-08-05T00:05:32.226+0000] {dagbag.py:545} INFO - Filling up the DagBag from /home/airflow/.local/lib/python3.12/site-packages/airflow/example_dags/example_complex.py
[2024-08-05T00:05:32.237+0000] {processor.py:840} INFO - DAG(s) 'example_complex' retrieved from /home/airflow/.local/lib/python3.12/site-packages/airflow/example_dags/example_complex.py
[2024-08-05T00:05:32.265+0000] {logging_mixin.py:188} INFO - [2024-08-05T00:05:32.265+0000] {dag.py:3089} INFO - Sync 1 DAGs
[2024-08-05T00:05:32.274+0000] {logging_mixin.py:188} INFO - [2024-08-05T00:05:32.274+0000] {dag.py:3947} INFO - Setting next_dagrun for example_complex to None, run_after=None
[2024-08-05T00:05:32.290+0000] {processor.py:183} INFO - Processing /home/airflow/.local/lib/python3.12/site-packages/airflow/example_dags/example_complex.py took 0.077 seconds
[2024-08-05T00:06:02.550+0000] {processor.py:161} INFO - Started process (PID=13789) to work on /home/airflow/.local/lib/python3.12/site-packages/airflow/example_dags/example_complex.py
[2024-08-05T00:06:02.552+0000] {processor.py:830} INFO - Processing file /home/airflow/.local/lib/python3.12/site-packages/airflow/example_dags/example_complex.py for tasks to queue
[2024-08-05T00:06:02.553+0000] {logging_mixin.py:188} INFO - [2024-08-05T00:06:02.553+0000] {dagbag.py:545} INFO - Filling up the DagBag from /home/airflow/.local/lib/python3.12/site-packages/airflow/example_dags/example_complex.py
[2024-08-05T00:06:02.565+0000] {processor.py:840} INFO - DAG(s) 'example_complex' retrieved from /home/airflow/.local/lib/python3.12/site-packages/airflow/example_dags/example_complex.py
[2024-08-05T00:06:02.594+0000] {logging_mixin.py:188} INFO - [2024-08-05T00:06:02.594+0000] {dag.py:3089} INFO - Sync 1 DAGs
[2024-08-05T00:06:02.602+0000] {logging_mixin.py:188} INFO - [2024-08-05T00:06:02.602+0000] {dag.py:3947} INFO - Setting next_dagrun for example_complex to None, run_after=None
[2024-08-05T00:06:02.615+0000] {processor.py:183} INFO - Processing /home/airflow/.local/lib/python3.12/site-packages/airflow/example_dags/example_complex.py took 0.074 seconds
[2024-08-05T00:06:33.028+0000] {processor.py:161} INFO - Started process (PID=13850) to work on /home/airflow/.local/lib/python3.12/site-packages/airflow/example_dags/example_complex.py
[2024-08-05T00:06:33.031+0000] {processor.py:830} INFO - Processing file /home/airflow/.local/lib/python3.12/site-packages/airflow/example_dags/example_complex.py for tasks to queue
[2024-08-05T00:06:33.034+0000] {logging_mixin.py:188} INFO - [2024-08-05T00:06:33.034+0000] {dagbag.py:545} INFO - Filling up the DagBag from /home/airflow/.local/lib/python3.12/site-packages/airflow/example_dags/example_complex.py
[2024-08-05T00:06:33.046+0000] {processor.py:840} INFO - DAG(s) 'example_complex' retrieved from /home/airflow/.local/lib/python3.12/site-packages/airflow/example_dags/example_complex.py
[2024-08-05T00:06:33.069+0000] {logging_mixin.py:188} INFO - [2024-08-05T00:06:33.069+0000] {dag.py:3089} INFO - Sync 1 DAGs
[2024-08-05T00:06:33.076+0000] {logging_mixin.py:188} INFO - [2024-08-05T00:06:33.076+0000] {dag.py:3947} INFO - Setting next_dagrun for example_complex to None, run_after=None
[2024-08-05T00:06:33.100+0000] {processor.py:183} INFO - Processing /home/airflow/.local/lib/python3.12/site-packages/airflow/example_dags/example_complex.py took 0.083 seconds
[2024-08-05T00:07:03.534+0000] {processor.py:161} INFO - Started process (PID=13921) to work on /home/airflow/.local/lib/python3.12/site-packages/airflow/example_dags/example_complex.py
[2024-08-05T00:07:03.537+0000] {processor.py:830} INFO - Processing file /home/airflow/.local/lib/python3.12/site-packages/airflow/example_dags/example_complex.py for tasks to queue
[2024-08-05T00:07:03.541+0000] {logging_mixin.py:188} INFO - [2024-08-05T00:07:03.540+0000] {dagbag.py:545} INFO - Filling up the DagBag from /home/airflow/.local/lib/python3.12/site-packages/airflow/example_dags/example_complex.py
[2024-08-05T00:07:03.623+0000] {processor.py:840} INFO - DAG(s) 'example_complex' retrieved from /home/airflow/.local/lib/python3.12/site-packages/airflow/example_dags/example_complex.py
[2024-08-05T00:07:03.789+0000] {logging_mixin.py:188} INFO - [2024-08-05T00:07:03.788+0000] {dag.py:3089} INFO - Sync 1 DAGs
[2024-08-05T00:07:03.884+0000] {logging_mixin.py:188} INFO - [2024-08-05T00:07:03.883+0000] {dag.py:3947} INFO - Setting next_dagrun for example_complex to None, run_after=None
[2024-08-05T00:07:03.953+0000] {processor.py:183} INFO - Processing /home/airflow/.local/lib/python3.12/site-packages/airflow/example_dags/example_complex.py took 0.465 seconds
[2024-08-05T00:07:34.873+0000] {processor.py:161} INFO - Started process (PID=13982) to work on /home/airflow/.local/lib/python3.12/site-packages/airflow/example_dags/example_complex.py
[2024-08-05T00:07:34.877+0000] {processor.py:830} INFO - Processing file /home/airflow/.local/lib/python3.12/site-packages/airflow/example_dags/example_complex.py for tasks to queue
[2024-08-05T00:07:34.879+0000] {logging_mixin.py:188} INFO - [2024-08-05T00:07:34.878+0000] {dagbag.py:545} INFO - Filling up the DagBag from /home/airflow/.local/lib/python3.12/site-packages/airflow/example_dags/example_complex.py
[2024-08-05T00:07:34.895+0000] {processor.py:840} INFO - DAG(s) 'example_complex' retrieved from /home/airflow/.local/lib/python3.12/site-packages/airflow/example_dags/example_complex.py
[2024-08-05T00:07:34.921+0000] {logging_mixin.py:188} INFO - [2024-08-05T00:07:34.921+0000] {dag.py:3089} INFO - Sync 1 DAGs
[2024-08-05T00:07:34.928+0000] {logging_mixin.py:188} INFO - [2024-08-05T00:07:34.928+0000] {dag.py:3947} INFO - Setting next_dagrun for example_complex to None, run_after=None
[2024-08-05T00:07:34.939+0000] {processor.py:183} INFO - Processing /home/airflow/.local/lib/python3.12/site-packages/airflow/example_dags/example_complex.py took 0.082 seconds
[2024-08-05T00:08:05.328+0000] {processor.py:161} INFO - Started process (PID=14043) to work on /home/airflow/.local/lib/python3.12/site-packages/airflow/example_dags/example_complex.py
[2024-08-05T00:08:05.330+0000] {processor.py:830} INFO - Processing file /home/airflow/.local/lib/python3.12/site-packages/airflow/example_dags/example_complex.py for tasks to queue
[2024-08-05T00:08:05.331+0000] {logging_mixin.py:188} INFO - [2024-08-05T00:08:05.331+0000] {dagbag.py:545} INFO - Filling up the DagBag from /home/airflow/.local/lib/python3.12/site-packages/airflow/example_dags/example_complex.py
[2024-08-05T00:08:05.345+0000] {processor.py:840} INFO - DAG(s) 'example_complex' retrieved from /home/airflow/.local/lib/python3.12/site-packages/airflow/example_dags/example_complex.py
[2024-08-05T00:08:05.391+0000] {logging_mixin.py:188} INFO - [2024-08-05T00:08:05.391+0000] {dag.py:3089} INFO - Sync 1 DAGs
[2024-08-05T00:08:05.406+0000] {logging_mixin.py:188} INFO - [2024-08-05T00:08:05.406+0000] {dag.py:3947} INFO - Setting next_dagrun for example_complex to None, run_after=None
[2024-08-05T00:08:05.425+0000] {processor.py:183} INFO - Processing /home/airflow/.local/lib/python3.12/site-packages/airflow/example_dags/example_complex.py took 0.137 seconds
[2024-08-05T00:08:35.530+0000] {processor.py:161} INFO - Started process (PID=14104) to work on /home/airflow/.local/lib/python3.12/site-packages/airflow/example_dags/example_complex.py
[2024-08-05T00:08:35.532+0000] {processor.py:830} INFO - Processing file /home/airflow/.local/lib/python3.12/site-packages/airflow/example_dags/example_complex.py for tasks to queue
[2024-08-05T00:08:35.534+0000] {logging_mixin.py:188} INFO - [2024-08-05T00:08:35.533+0000] {dagbag.py:545} INFO - Filling up the DagBag from /home/airflow/.local/lib/python3.12/site-packages/airflow/example_dags/example_complex.py
[2024-08-05T00:08:35.549+0000] {processor.py:840} INFO - DAG(s) 'example_complex' retrieved from /home/airflow/.local/lib/python3.12/site-packages/airflow/example_dags/example_complex.py
[2024-08-05T00:08:35.593+0000] {logging_mixin.py:188} INFO - [2024-08-05T00:08:35.593+0000] {dag.py:3089} INFO - Sync 1 DAGs
[2024-08-05T00:08:35.613+0000] {logging_mixin.py:188} INFO - [2024-08-05T00:08:35.613+0000] {dag.py:3947} INFO - Setting next_dagrun for example_complex to None, run_after=None
[2024-08-05T00:08:35.633+0000] {processor.py:183} INFO - Processing /home/airflow/.local/lib/python3.12/site-packages/airflow/example_dags/example_complex.py took 0.117 seconds
[2024-08-05T00:09:06.025+0000] {processor.py:161} INFO - Started process (PID=14166) to work on /home/airflow/.local/lib/python3.12/site-packages/airflow/example_dags/example_complex.py
[2024-08-05T00:09:06.028+0000] {processor.py:830} INFO - Processing file /home/airflow/.local/lib/python3.12/site-packages/airflow/example_dags/example_complex.py for tasks to queue
[2024-08-05T00:09:06.030+0000] {logging_mixin.py:188} INFO - [2024-08-05T00:09:06.029+0000] {dagbag.py:545} INFO - Filling up the DagBag from /home/airflow/.local/lib/python3.12/site-packages/airflow/example_dags/example_complex.py
[2024-08-05T00:09:06.058+0000] {processor.py:840} INFO - DAG(s) 'example_complex' retrieved from /home/airflow/.local/lib/python3.12/site-packages/airflow/example_dags/example_complex.py
[2024-08-05T00:09:06.120+0000] {logging_mixin.py:188} INFO - [2024-08-05T00:09:06.119+0000] {dag.py:3089} INFO - Sync 1 DAGs
[2024-08-05T00:09:06.133+0000] {logging_mixin.py:188} INFO - [2024-08-05T00:09:06.132+0000] {dag.py:3947} INFO - Setting next_dagrun for example_complex to None, run_after=None
[2024-08-05T00:09:06.149+0000] {processor.py:183} INFO - Processing /home/airflow/.local/lib/python3.12/site-packages/airflow/example_dags/example_complex.py took 0.138 seconds
[2024-08-05T00:09:37.144+0000] {processor.py:161} INFO - Started process (PID=14227) to work on /home/airflow/.local/lib/python3.12/site-packages/airflow/example_dags/example_complex.py
[2024-08-05T00:09:37.147+0000] {processor.py:830} INFO - Processing file /home/airflow/.local/lib/python3.12/site-packages/airflow/example_dags/example_complex.py for tasks to queue
[2024-08-05T00:09:37.149+0000] {logging_mixin.py:188} INFO - [2024-08-05T00:09:37.148+0000] {dagbag.py:545} INFO - Filling up the DagBag from /home/airflow/.local/lib/python3.12/site-packages/airflow/example_dags/example_complex.py
[2024-08-05T00:09:37.167+0000] {processor.py:840} INFO - DAG(s) 'example_complex' retrieved from /home/airflow/.local/lib/python3.12/site-packages/airflow/example_dags/example_complex.py
[2024-08-05T00:09:37.208+0000] {logging_mixin.py:188} INFO - [2024-08-05T00:09:37.207+0000] {dag.py:3089} INFO - Sync 1 DAGs
[2024-08-05T00:09:37.233+0000] {logging_mixin.py:188} INFO - [2024-08-05T00:09:37.233+0000] {dag.py:3947} INFO - Setting next_dagrun for example_complex to None, run_after=None
[2024-08-05T00:09:37.250+0000] {processor.py:183} INFO - Processing /home/airflow/.local/lib/python3.12/site-packages/airflow/example_dags/example_complex.py took 0.130 seconds
[2024-08-05T00:10:08.219+0000] {processor.py:161} INFO - Started process (PID=14288) to work on /home/airflow/.local/lib/python3.12/site-packages/airflow/example_dags/example_complex.py
[2024-08-05T00:10:08.223+0000] {processor.py:830} INFO - Processing file /home/airflow/.local/lib/python3.12/site-packages/airflow/example_dags/example_complex.py for tasks to queue
[2024-08-05T00:10:08.227+0000] {logging_mixin.py:188} INFO - [2024-08-05T00:10:08.227+0000] {dagbag.py:545} INFO - Filling up the DagBag from /home/airflow/.local/lib/python3.12/site-packages/airflow/example_dags/example_complex.py
[2024-08-05T00:10:08.239+0000] {processor.py:840} INFO - DAG(s) 'example_complex' retrieved from /home/airflow/.local/lib/python3.12/site-packages/airflow/example_dags/example_complex.py
[2024-08-05T00:10:08.281+0000] {logging_mixin.py:188} INFO - [2024-08-05T00:10:08.281+0000] {dag.py:3089} INFO - Sync 1 DAGs
[2024-08-05T00:10:08.291+0000] {logging_mixin.py:188} INFO - [2024-08-05T00:10:08.290+0000] {dag.py:3947} INFO - Setting next_dagrun for example_complex to None, run_after=None
[2024-08-05T00:10:08.315+0000] {processor.py:183} INFO - Processing /home/airflow/.local/lib/python3.12/site-packages/airflow/example_dags/example_complex.py took 0.104 seconds
[2024-08-05T00:10:38.693+0000] {processor.py:161} INFO - Started process (PID=14359) to work on /home/airflow/.local/lib/python3.12/site-packages/airflow/example_dags/example_complex.py
[2024-08-05T00:10:38.698+0000] {processor.py:830} INFO - Processing file /home/airflow/.local/lib/python3.12/site-packages/airflow/example_dags/example_complex.py for tasks to queue
[2024-08-05T00:10:38.699+0000] {logging_mixin.py:188} INFO - [2024-08-05T00:10:38.699+0000] {dagbag.py:545} INFO - Filling up the DagBag from /home/airflow/.local/lib/python3.12/site-packages/airflow/example_dags/example_complex.py
[2024-08-05T00:10:38.716+0000] {processor.py:840} INFO - DAG(s) 'example_complex' retrieved from /home/airflow/.local/lib/python3.12/site-packages/airflow/example_dags/example_complex.py
[2024-08-05T00:10:38.771+0000] {logging_mixin.py:188} INFO - [2024-08-05T00:10:38.771+0000] {dag.py:3089} INFO - Sync 1 DAGs
[2024-08-05T00:10:38.786+0000] {logging_mixin.py:188} INFO - [2024-08-05T00:10:38.786+0000] {dag.py:3947} INFO - Setting next_dagrun for example_complex to None, run_after=None
[2024-08-05T00:10:38.803+0000] {processor.py:183} INFO - Processing /home/airflow/.local/lib/python3.12/site-packages/airflow/example_dags/example_complex.py took 0.146 seconds
[2024-08-05T00:11:08.901+0000] {processor.py:161} INFO - Started process (PID=14425) to work on /home/airflow/.local/lib/python3.12/site-packages/airflow/example_dags/example_complex.py
[2024-08-05T00:11:08.908+0000] {processor.py:830} INFO - Processing file /home/airflow/.local/lib/python3.12/site-packages/airflow/example_dags/example_complex.py for tasks to queue
[2024-08-05T00:11:08.913+0000] {logging_mixin.py:188} INFO - [2024-08-05T00:11:08.912+0000] {dagbag.py:545} INFO - Filling up the DagBag from /home/airflow/.local/lib/python3.12/site-packages/airflow/example_dags/example_complex.py
[2024-08-05T00:11:08.943+0000] {processor.py:840} INFO - DAG(s) 'example_complex' retrieved from /home/airflow/.local/lib/python3.12/site-packages/airflow/example_dags/example_complex.py
[2024-08-05T00:11:09.027+0000] {logging_mixin.py:188} INFO - [2024-08-05T00:11:09.026+0000] {dag.py:3089} INFO - Sync 1 DAGs
[2024-08-05T00:11:09.047+0000] {logging_mixin.py:188} INFO - [2024-08-05T00:11:09.047+0000] {dag.py:3947} INFO - Setting next_dagrun for example_complex to None, run_after=None
[2024-08-05T00:11:09.179+0000] {processor.py:183} INFO - Processing /home/airflow/.local/lib/python3.12/site-packages/airflow/example_dags/example_complex.py took 0.295 seconds
[2024-08-05T00:11:39.327+0000] {processor.py:161} INFO - Started process (PID=14490) to work on /home/airflow/.local/lib/python3.12/site-packages/airflow/example_dags/example_complex.py
[2024-08-05T00:11:39.331+0000] {processor.py:830} INFO - Processing file /home/airflow/.local/lib/python3.12/site-packages/airflow/example_dags/example_complex.py for tasks to queue
[2024-08-05T00:11:39.334+0000] {logging_mixin.py:188} INFO - [2024-08-05T00:11:39.334+0000] {dagbag.py:545} INFO - Filling up the DagBag from /home/airflow/.local/lib/python3.12/site-packages/airflow/example_dags/example_complex.py
[2024-08-05T00:11:39.349+0000] {processor.py:840} INFO - DAG(s) 'example_complex' retrieved from /home/airflow/.local/lib/python3.12/site-packages/airflow/example_dags/example_complex.py
[2024-08-05T00:11:39.404+0000] {logging_mixin.py:188} INFO - [2024-08-05T00:11:39.403+0000] {dag.py:3089} INFO - Sync 1 DAGs
[2024-08-05T00:11:39.416+0000] {logging_mixin.py:188} INFO - [2024-08-05T00:11:39.416+0000] {dag.py:3947} INFO - Setting next_dagrun for example_complex to None, run_after=None
[2024-08-05T00:11:39.431+0000] {processor.py:183} INFO - Processing /home/airflow/.local/lib/python3.12/site-packages/airflow/example_dags/example_complex.py took 0.119 seconds
[2024-08-05T00:12:09.523+0000] {processor.py:161} INFO - Started process (PID=14550) to work on /home/airflow/.local/lib/python3.12/site-packages/airflow/example_dags/example_complex.py
[2024-08-05T00:12:09.524+0000] {processor.py:830} INFO - Processing file /home/airflow/.local/lib/python3.12/site-packages/airflow/example_dags/example_complex.py for tasks to queue
[2024-08-05T00:12:09.525+0000] {logging_mixin.py:188} INFO - [2024-08-05T00:12:09.525+0000] {dagbag.py:545} INFO - Filling up the DagBag from /home/airflow/.local/lib/python3.12/site-packages/airflow/example_dags/example_complex.py
[2024-08-05T00:12:09.536+0000] {processor.py:840} INFO - DAG(s) 'example_complex' retrieved from /home/airflow/.local/lib/python3.12/site-packages/airflow/example_dags/example_complex.py
[2024-08-05T00:12:09.573+0000] {logging_mixin.py:188} INFO - [2024-08-05T00:12:09.573+0000] {dag.py:3089} INFO - Sync 1 DAGs
[2024-08-05T00:12:09.582+0000] {logging_mixin.py:188} INFO - [2024-08-05T00:12:09.582+0000] {dag.py:3947} INFO - Setting next_dagrun for example_complex to None, run_after=None
[2024-08-05T00:12:09.591+0000] {processor.py:183} INFO - Processing /home/airflow/.local/lib/python3.12/site-packages/airflow/example_dags/example_complex.py took 0.075 seconds
[2024-08-05T00:12:40.394+0000] {processor.py:161} INFO - Started process (PID=14611) to work on /home/airflow/.local/lib/python3.12/site-packages/airflow/example_dags/example_complex.py
[2024-08-05T00:12:40.395+0000] {processor.py:830} INFO - Processing file /home/airflow/.local/lib/python3.12/site-packages/airflow/example_dags/example_complex.py for tasks to queue
[2024-08-05T00:12:40.396+0000] {logging_mixin.py:188} INFO - [2024-08-05T00:12:40.395+0000] {dagbag.py:545} INFO - Filling up the DagBag from /home/airflow/.local/lib/python3.12/site-packages/airflow/example_dags/example_complex.py
[2024-08-05T00:12:40.404+0000] {processor.py:840} INFO - DAG(s) 'example_complex' retrieved from /home/airflow/.local/lib/python3.12/site-packages/airflow/example_dags/example_complex.py
[2024-08-05T00:12:40.445+0000] {logging_mixin.py:188} INFO - [2024-08-05T00:12:40.444+0000] {dag.py:3089} INFO - Sync 1 DAGs
[2024-08-05T00:12:40.455+0000] {logging_mixin.py:188} INFO - [2024-08-05T00:12:40.455+0000] {dag.py:3947} INFO - Setting next_dagrun for example_complex to None, run_after=None
[2024-08-05T00:12:40.469+0000] {processor.py:183} INFO - Processing /home/airflow/.local/lib/python3.12/site-packages/airflow/example_dags/example_complex.py took 0.083 seconds
[2024-08-05T00:13:11.310+0000] {processor.py:161} INFO - Started process (PID=14672) to work on /home/airflow/.local/lib/python3.12/site-packages/airflow/example_dags/example_complex.py
[2024-08-05T00:13:11.313+0000] {processor.py:830} INFO - Processing file /home/airflow/.local/lib/python3.12/site-packages/airflow/example_dags/example_complex.py for tasks to queue
[2024-08-05T00:13:11.314+0000] {logging_mixin.py:188} INFO - [2024-08-05T00:13:11.313+0000] {dagbag.py:545} INFO - Filling up the DagBag from /home/airflow/.local/lib/python3.12/site-packages/airflow/example_dags/example_complex.py
[2024-08-05T00:13:11.323+0000] {processor.py:840} INFO - DAG(s) 'example_complex' retrieved from /home/airflow/.local/lib/python3.12/site-packages/airflow/example_dags/example_complex.py
[2024-08-05T00:13:11.353+0000] {logging_mixin.py:188} INFO - [2024-08-05T00:13:11.353+0000] {dag.py:3089} INFO - Sync 1 DAGs
[2024-08-05T00:13:11.367+0000] {logging_mixin.py:188} INFO - [2024-08-05T00:13:11.366+0000] {dag.py:3947} INFO - Setting next_dagrun for example_complex to None, run_after=None
[2024-08-05T00:13:11.380+0000] {processor.py:183} INFO - Processing /home/airflow/.local/lib/python3.12/site-packages/airflow/example_dags/example_complex.py took 0.083 seconds
[2024-08-05T00:13:42.113+0000] {processor.py:161} INFO - Started process (PID=14733) to work on /home/airflow/.local/lib/python3.12/site-packages/airflow/example_dags/example_complex.py
[2024-08-05T00:13:42.114+0000] {processor.py:830} INFO - Processing file /home/airflow/.local/lib/python3.12/site-packages/airflow/example_dags/example_complex.py for tasks to queue
[2024-08-05T00:13:42.115+0000] {logging_mixin.py:188} INFO - [2024-08-05T00:13:42.115+0000] {dagbag.py:545} INFO - Filling up the DagBag from /home/airflow/.local/lib/python3.12/site-packages/airflow/example_dags/example_complex.py
[2024-08-05T00:13:42.126+0000] {processor.py:840} INFO - DAG(s) 'example_complex' retrieved from /home/airflow/.local/lib/python3.12/site-packages/airflow/example_dags/example_complex.py
[2024-08-05T00:13:42.156+0000] {logging_mixin.py:188} INFO - [2024-08-05T00:13:42.155+0000] {dag.py:3089} INFO - Sync 1 DAGs
[2024-08-05T00:13:42.164+0000] {logging_mixin.py:188} INFO - [2024-08-05T00:13:42.164+0000] {dag.py:3947} INFO - Setting next_dagrun for example_complex to None, run_after=None
[2024-08-05T00:13:42.181+0000] {processor.py:183} INFO - Processing /home/airflow/.local/lib/python3.12/site-packages/airflow/example_dags/example_complex.py took 0.075 seconds
[2024-08-05T00:14:12.693+0000] {processor.py:161} INFO - Started process (PID=14794) to work on /home/airflow/.local/lib/python3.12/site-packages/airflow/example_dags/example_complex.py
[2024-08-05T00:14:12.695+0000] {processor.py:830} INFO - Processing file /home/airflow/.local/lib/python3.12/site-packages/airflow/example_dags/example_complex.py for tasks to queue
[2024-08-05T00:14:12.698+0000] {logging_mixin.py:188} INFO - [2024-08-05T00:14:12.697+0000] {dagbag.py:545} INFO - Filling up the DagBag from /home/airflow/.local/lib/python3.12/site-packages/airflow/example_dags/example_complex.py
[2024-08-05T00:14:12.714+0000] {processor.py:840} INFO - DAG(s) 'example_complex' retrieved from /home/airflow/.local/lib/python3.12/site-packages/airflow/example_dags/example_complex.py
[2024-08-05T00:14:12.749+0000] {logging_mixin.py:188} INFO - [2024-08-05T00:14:12.748+0000] {dag.py:3089} INFO - Sync 1 DAGs
[2024-08-05T00:14:12.761+0000] {logging_mixin.py:188} INFO - [2024-08-05T00:14:12.761+0000] {dag.py:3947} INFO - Setting next_dagrun for example_complex to None, run_after=None
[2024-08-05T00:14:12.780+0000] {processor.py:183} INFO - Processing /home/airflow/.local/lib/python3.12/site-packages/airflow/example_dags/example_complex.py took 0.109 seconds
[2024-08-05T00:14:42.847+0000] {processor.py:161} INFO - Started process (PID=14855) to work on /home/airflow/.local/lib/python3.12/site-packages/airflow/example_dags/example_complex.py
[2024-08-05T00:14:42.852+0000] {processor.py:830} INFO - Processing file /home/airflow/.local/lib/python3.12/site-packages/airflow/example_dags/example_complex.py for tasks to queue
[2024-08-05T00:14:42.853+0000] {logging_mixin.py:188} INFO - [2024-08-05T00:14:42.853+0000] {dagbag.py:545} INFO - Filling up the DagBag from /home/airflow/.local/lib/python3.12/site-packages/airflow/example_dags/example_complex.py
[2024-08-05T00:14:42.866+0000] {processor.py:840} INFO - DAG(s) 'example_complex' retrieved from /home/airflow/.local/lib/python3.12/site-packages/airflow/example_dags/example_complex.py
[2024-08-05T00:14:42.893+0000] {logging_mixin.py:188} INFO - [2024-08-05T00:14:42.892+0000] {dag.py:3089} INFO - Sync 1 DAGs
[2024-08-05T00:14:42.899+0000] {logging_mixin.py:188} INFO - [2024-08-05T00:14:42.899+0000] {dag.py:3947} INFO - Setting next_dagrun for example_complex to None, run_after=None
[2024-08-05T00:14:42.914+0000] {processor.py:183} INFO - Processing /home/airflow/.local/lib/python3.12/site-packages/airflow/example_dags/example_complex.py took 0.078 seconds
[2024-08-05T00:15:13.030+0000] {processor.py:161} INFO - Started process (PID=14916) to work on /home/airflow/.local/lib/python3.12/site-packages/airflow/example_dags/example_complex.py
[2024-08-05T00:15:13.033+0000] {processor.py:830} INFO - Processing file /home/airflow/.local/lib/python3.12/site-packages/airflow/example_dags/example_complex.py for tasks to queue
[2024-08-05T00:15:13.035+0000] {logging_mixin.py:188} INFO - [2024-08-05T00:15:13.034+0000] {dagbag.py:545} INFO - Filling up the DagBag from /home/airflow/.local/lib/python3.12/site-packages/airflow/example_dags/example_complex.py
[2024-08-05T00:15:13.053+0000] {processor.py:840} INFO - DAG(s) 'example_complex' retrieved from /home/airflow/.local/lib/python3.12/site-packages/airflow/example_dags/example_complex.py
[2024-08-05T00:15:13.076+0000] {logging_mixin.py:188} INFO - [2024-08-05T00:15:13.076+0000] {dag.py:3089} INFO - Sync 1 DAGs
[2024-08-05T00:15:13.082+0000] {logging_mixin.py:188} INFO - [2024-08-05T00:15:13.082+0000] {dag.py:3947} INFO - Setting next_dagrun for example_complex to None, run_after=None
[2024-08-05T00:15:13.095+0000] {processor.py:183} INFO - Processing /home/airflow/.local/lib/python3.12/site-packages/airflow/example_dags/example_complex.py took 0.079 seconds
[2024-08-05T00:15:43.201+0000] {processor.py:161} INFO - Started process (PID=14977) to work on /home/airflow/.local/lib/python3.12/site-packages/airflow/example_dags/example_complex.py
[2024-08-05T00:15:43.203+0000] {processor.py:830} INFO - Processing file /home/airflow/.local/lib/python3.12/site-packages/airflow/example_dags/example_complex.py for tasks to queue
[2024-08-05T00:15:43.214+0000] {logging_mixin.py:188} INFO - [2024-08-05T00:15:43.207+0000] {dagbag.py:545} INFO - Filling up the DagBag from /home/airflow/.local/lib/python3.12/site-packages/airflow/example_dags/example_complex.py
[2024-08-05T00:15:43.236+0000] {processor.py:840} INFO - DAG(s) 'example_complex' retrieved from /home/airflow/.local/lib/python3.12/site-packages/airflow/example_dags/example_complex.py
[2024-08-05T00:15:43.304+0000] {logging_mixin.py:188} INFO - [2024-08-05T00:15:43.303+0000] {dag.py:3089} INFO - Sync 1 DAGs
[2024-08-05T00:15:43.316+0000] {logging_mixin.py:188} INFO - [2024-08-05T00:15:43.316+0000] {dag.py:3947} INFO - Setting next_dagrun for example_complex to None, run_after=None
[2024-08-05T00:15:43.332+0000] {processor.py:183} INFO - Processing /home/airflow/.local/lib/python3.12/site-packages/airflow/example_dags/example_complex.py took 0.150 seconds
[2024-08-05T00:16:13.787+0000] {processor.py:161} INFO - Started process (PID=15048) to work on /home/airflow/.local/lib/python3.12/site-packages/airflow/example_dags/example_complex.py
[2024-08-05T00:16:13.789+0000] {processor.py:830} INFO - Processing file /home/airflow/.local/lib/python3.12/site-packages/airflow/example_dags/example_complex.py for tasks to queue
[2024-08-05T00:16:13.791+0000] {logging_mixin.py:188} INFO - [2024-08-05T00:16:13.790+0000] {dagbag.py:545} INFO - Filling up the DagBag from /home/airflow/.local/lib/python3.12/site-packages/airflow/example_dags/example_complex.py
[2024-08-05T00:16:13.804+0000] {processor.py:840} INFO - DAG(s) 'example_complex' retrieved from /home/airflow/.local/lib/python3.12/site-packages/airflow/example_dags/example_complex.py
[2024-08-05T00:16:13.865+0000] {logging_mixin.py:188} INFO - [2024-08-05T00:16:13.864+0000] {dag.py:3089} INFO - Sync 1 DAGs
[2024-08-05T00:16:13.892+0000] {logging_mixin.py:188} INFO - [2024-08-05T00:16:13.892+0000] {dag.py:3947} INFO - Setting next_dagrun for example_complex to None, run_after=None
[2024-08-05T00:16:13.907+0000] {processor.py:183} INFO - Processing /home/airflow/.local/lib/python3.12/site-packages/airflow/example_dags/example_complex.py took 0.130 seconds
[2024-08-05T00:16:44.239+0000] {processor.py:161} INFO - Started process (PID=15109) to work on /home/airflow/.local/lib/python3.12/site-packages/airflow/example_dags/example_complex.py
[2024-08-05T00:16:44.242+0000] {processor.py:830} INFO - Processing file /home/airflow/.local/lib/python3.12/site-packages/airflow/example_dags/example_complex.py for tasks to queue
[2024-08-05T00:16:44.244+0000] {logging_mixin.py:188} INFO - [2024-08-05T00:16:44.243+0000] {dagbag.py:545} INFO - Filling up the DagBag from /home/airflow/.local/lib/python3.12/site-packages/airflow/example_dags/example_complex.py
[2024-08-05T00:16:44.260+0000] {processor.py:840} INFO - DAG(s) 'example_complex' retrieved from /home/airflow/.local/lib/python3.12/site-packages/airflow/example_dags/example_complex.py
[2024-08-05T00:16:44.293+0000] {logging_mixin.py:188} INFO - [2024-08-05T00:16:44.293+0000] {dag.py:3089} INFO - Sync 1 DAGs
[2024-08-05T00:16:44.304+0000] {logging_mixin.py:188} INFO - [2024-08-05T00:16:44.304+0000] {dag.py:3947} INFO - Setting next_dagrun for example_complex to None, run_after=None
[2024-08-05T00:16:44.321+0000] {processor.py:183} INFO - Processing /home/airflow/.local/lib/python3.12/site-packages/airflow/example_dags/example_complex.py took 0.113 seconds
[2024-08-05T00:17:15.102+0000] {processor.py:161} INFO - Started process (PID=15170) to work on /home/airflow/.local/lib/python3.12/site-packages/airflow/example_dags/example_complex.py
[2024-08-05T00:17:15.107+0000] {processor.py:830} INFO - Processing file /home/airflow/.local/lib/python3.12/site-packages/airflow/example_dags/example_complex.py for tasks to queue
[2024-08-05T00:17:15.111+0000] {logging_mixin.py:188} INFO - [2024-08-05T00:17:15.109+0000] {dagbag.py:545} INFO - Filling up the DagBag from /home/airflow/.local/lib/python3.12/site-packages/airflow/example_dags/example_complex.py
[2024-08-05T00:17:15.152+0000] {processor.py:840} INFO - DAG(s) 'example_complex' retrieved from /home/airflow/.local/lib/python3.12/site-packages/airflow/example_dags/example_complex.py
[2024-08-05T00:17:15.213+0000] {logging_mixin.py:188} INFO - [2024-08-05T00:17:15.212+0000] {dag.py:3089} INFO - Sync 1 DAGs
[2024-08-05T00:17:15.244+0000] {logging_mixin.py:188} INFO - [2024-08-05T00:17:15.244+0000] {dag.py:3947} INFO - Setting next_dagrun for example_complex to None, run_after=None
[2024-08-05T00:17:15.269+0000] {processor.py:183} INFO - Processing /home/airflow/.local/lib/python3.12/site-packages/airflow/example_dags/example_complex.py took 0.227 seconds
[2024-08-05T00:17:46.146+0000] {processor.py:161} INFO - Started process (PID=15241) to work on /home/airflow/.local/lib/python3.12/site-packages/airflow/example_dags/example_complex.py
[2024-08-05T00:17:46.149+0000] {processor.py:830} INFO - Processing file /home/airflow/.local/lib/python3.12/site-packages/airflow/example_dags/example_complex.py for tasks to queue
[2024-08-05T00:17:46.150+0000] {logging_mixin.py:188} INFO - [2024-08-05T00:17:46.150+0000] {dagbag.py:545} INFO - Filling up the DagBag from /home/airflow/.local/lib/python3.12/site-packages/airflow/example_dags/example_complex.py
[2024-08-05T00:17:46.166+0000] {processor.py:840} INFO - DAG(s) 'example_complex' retrieved from /home/airflow/.local/lib/python3.12/site-packages/airflow/example_dags/example_complex.py
[2024-08-05T00:17:46.195+0000] {logging_mixin.py:188} INFO - [2024-08-05T00:17:46.194+0000] {dag.py:3089} INFO - Sync 1 DAGs
[2024-08-05T00:17:46.215+0000] {logging_mixin.py:188} INFO - [2024-08-05T00:17:46.215+0000] {dag.py:3947} INFO - Setting next_dagrun for example_complex to None, run_after=None
[2024-08-05T00:17:46.231+0000] {processor.py:183} INFO - Processing /home/airflow/.local/lib/python3.12/site-packages/airflow/example_dags/example_complex.py took 0.102 seconds
[2024-08-05T00:18:17.095+0000] {processor.py:161} INFO - Started process (PID=15302) to work on /home/airflow/.local/lib/python3.12/site-packages/airflow/example_dags/example_complex.py
[2024-08-05T00:18:17.097+0000] {processor.py:830} INFO - Processing file /home/airflow/.local/lib/python3.12/site-packages/airflow/example_dags/example_complex.py for tasks to queue
[2024-08-05T00:18:17.099+0000] {logging_mixin.py:188} INFO - [2024-08-05T00:18:17.098+0000] {dagbag.py:545} INFO - Filling up the DagBag from /home/airflow/.local/lib/python3.12/site-packages/airflow/example_dags/example_complex.py
[2024-08-05T00:18:17.114+0000] {processor.py:840} INFO - DAG(s) 'example_complex' retrieved from /home/airflow/.local/lib/python3.12/site-packages/airflow/example_dags/example_complex.py
[2024-08-05T00:18:17.190+0000] {logging_mixin.py:188} INFO - [2024-08-05T00:18:17.189+0000] {dag.py:3089} INFO - Sync 1 DAGs
[2024-08-05T00:18:17.203+0000] {logging_mixin.py:188} INFO - [2024-08-05T00:18:17.202+0000] {dag.py:3947} INFO - Setting next_dagrun for example_complex to None, run_after=None
[2024-08-05T00:18:17.224+0000] {processor.py:183} INFO - Processing /home/airflow/.local/lib/python3.12/site-packages/airflow/example_dags/example_complex.py took 0.166 seconds
[2024-08-05T00:18:47.523+0000] {processor.py:161} INFO - Started process (PID=15363) to work on /home/airflow/.local/lib/python3.12/site-packages/airflow/example_dags/example_complex.py
[2024-08-05T00:18:47.530+0000] {processor.py:830} INFO - Processing file /home/airflow/.local/lib/python3.12/site-packages/airflow/example_dags/example_complex.py for tasks to queue
[2024-08-05T00:18:47.538+0000] {logging_mixin.py:188} INFO - [2024-08-05T00:18:47.538+0000] {dagbag.py:545} INFO - Filling up the DagBag from /home/airflow/.local/lib/python3.12/site-packages/airflow/example_dags/example_complex.py
[2024-08-05T00:18:47.554+0000] {processor.py:840} INFO - DAG(s) 'example_complex' retrieved from /home/airflow/.local/lib/python3.12/site-packages/airflow/example_dags/example_complex.py
[2024-08-05T00:18:47.615+0000] {logging_mixin.py:188} INFO - [2024-08-05T00:18:47.615+0000] {dag.py:3089} INFO - Sync 1 DAGs
[2024-08-05T00:18:47.639+0000] {logging_mixin.py:188} INFO - [2024-08-05T00:18:47.639+0000] {dag.py:3947} INFO - Setting next_dagrun for example_complex to None, run_after=None
[2024-08-05T00:18:47.672+0000] {processor.py:183} INFO - Processing /home/airflow/.local/lib/python3.12/site-packages/airflow/example_dags/example_complex.py took 0.173 seconds
[2024-08-05T00:19:17.896+0000] {processor.py:161} INFO - Started process (PID=15430) to work on /home/airflow/.local/lib/python3.12/site-packages/airflow/example_dags/example_complex.py
[2024-08-05T00:19:17.898+0000] {processor.py:830} INFO - Processing file /home/airflow/.local/lib/python3.12/site-packages/airflow/example_dags/example_complex.py for tasks to queue
[2024-08-05T00:19:17.899+0000] {logging_mixin.py:188} INFO - [2024-08-05T00:19:17.898+0000] {dagbag.py:545} INFO - Filling up the DagBag from /home/airflow/.local/lib/python3.12/site-packages/airflow/example_dags/example_complex.py
[2024-08-05T00:19:17.915+0000] {processor.py:840} INFO - DAG(s) 'example_complex' retrieved from /home/airflow/.local/lib/python3.12/site-packages/airflow/example_dags/example_complex.py
[2024-08-05T00:19:17.962+0000] {logging_mixin.py:188} INFO - [2024-08-05T00:19:17.962+0000] {dag.py:3089} INFO - Sync 1 DAGs
[2024-08-05T00:19:17.974+0000] {logging_mixin.py:188} INFO - [2024-08-05T00:19:17.974+0000] {dag.py:3947} INFO - Setting next_dagrun for example_complex to None, run_after=None
[2024-08-05T00:19:17.992+0000] {processor.py:183} INFO - Processing /home/airflow/.local/lib/python3.12/site-packages/airflow/example_dags/example_complex.py took 0.104 seconds
[2024-08-05T00:19:48.310+0000] {processor.py:161} INFO - Started process (PID=15493) to work on /home/airflow/.local/lib/python3.12/site-packages/airflow/example_dags/example_complex.py
[2024-08-05T00:19:48.313+0000] {processor.py:830} INFO - Processing file /home/airflow/.local/lib/python3.12/site-packages/airflow/example_dags/example_complex.py for tasks to queue
[2024-08-05T00:19:48.314+0000] {logging_mixin.py:188} INFO - [2024-08-05T00:19:48.314+0000] {dagbag.py:545} INFO - Filling up the DagBag from /home/airflow/.local/lib/python3.12/site-packages/airflow/example_dags/example_complex.py
[2024-08-05T00:19:48.329+0000] {processor.py:840} INFO - DAG(s) 'example_complex' retrieved from /home/airflow/.local/lib/python3.12/site-packages/airflow/example_dags/example_complex.py
[2024-08-05T00:19:48.360+0000] {logging_mixin.py:188} INFO - [2024-08-05T00:19:48.360+0000] {dag.py:3089} INFO - Sync 1 DAGs
[2024-08-05T00:19:48.383+0000] {logging_mixin.py:188} INFO - [2024-08-05T00:19:48.383+0000] {dag.py:3947} INFO - Setting next_dagrun for example_complex to None, run_after=None
[2024-08-05T00:19:48.402+0000] {processor.py:183} INFO - Processing /home/airflow/.local/lib/python3.12/site-packages/airflow/example_dags/example_complex.py took 0.119 seconds
[2024-08-05T00:20:18.502+0000] {processor.py:161} INFO - Started process (PID=15570) to work on /home/airflow/.local/lib/python3.12/site-packages/airflow/example_dags/example_complex.py
[2024-08-05T00:20:18.506+0000] {processor.py:830} INFO - Processing file /home/airflow/.local/lib/python3.12/site-packages/airflow/example_dags/example_complex.py for tasks to queue
[2024-08-05T00:20:18.508+0000] {logging_mixin.py:188} INFO - [2024-08-05T00:20:18.508+0000] {dagbag.py:545} INFO - Filling up the DagBag from /home/airflow/.local/lib/python3.12/site-packages/airflow/example_dags/example_complex.py
[2024-08-05T00:20:18.561+0000] {processor.py:840} INFO - DAG(s) 'example_complex' retrieved from /home/airflow/.local/lib/python3.12/site-packages/airflow/example_dags/example_complex.py
[2024-08-05T00:20:18.627+0000] {logging_mixin.py:188} INFO - [2024-08-05T00:20:18.626+0000] {dag.py:3089} INFO - Sync 1 DAGs
[2024-08-05T00:20:18.658+0000] {logging_mixin.py:188} INFO - [2024-08-05T00:20:18.657+0000] {dag.py:3947} INFO - Setting next_dagrun for example_complex to None, run_after=None
[2024-08-05T00:20:18.721+0000] {processor.py:183} INFO - Processing /home/airflow/.local/lib/python3.12/site-packages/airflow/example_dags/example_complex.py took 0.239 seconds
[2024-08-05T00:20:49.285+0000] {processor.py:161} INFO - Started process (PID=15636) to work on /home/airflow/.local/lib/python3.12/site-packages/airflow/example_dags/example_complex.py
[2024-08-05T00:20:49.290+0000] {processor.py:830} INFO - Processing file /home/airflow/.local/lib/python3.12/site-packages/airflow/example_dags/example_complex.py for tasks to queue
[2024-08-05T00:20:49.291+0000] {logging_mixin.py:188} INFO - [2024-08-05T00:20:49.290+0000] {dagbag.py:545} INFO - Filling up the DagBag from /home/airflow/.local/lib/python3.12/site-packages/airflow/example_dags/example_complex.py
[2024-08-05T00:20:49.313+0000] {processor.py:840} INFO - DAG(s) 'example_complex' retrieved from /home/airflow/.local/lib/python3.12/site-packages/airflow/example_dags/example_complex.py
[2024-08-05T00:20:49.364+0000] {logging_mixin.py:188} INFO - [2024-08-05T00:20:49.364+0000] {dag.py:3089} INFO - Sync 1 DAGs
[2024-08-05T00:20:49.380+0000] {logging_mixin.py:188} INFO - [2024-08-05T00:20:49.380+0000] {dag.py:3947} INFO - Setting next_dagrun for example_complex to None, run_after=None
[2024-08-05T00:20:49.402+0000] {processor.py:183} INFO - Processing /home/airflow/.local/lib/python3.12/site-packages/airflow/example_dags/example_complex.py took 0.132 seconds
[2024-08-05T00:21:19.640+0000] {processor.py:161} INFO - Started process (PID=15697) to work on /home/airflow/.local/lib/python3.12/site-packages/airflow/example_dags/example_complex.py
[2024-08-05T00:21:19.646+0000] {processor.py:830} INFO - Processing file /home/airflow/.local/lib/python3.12/site-packages/airflow/example_dags/example_complex.py for tasks to queue
[2024-08-05T00:21:19.650+0000] {logging_mixin.py:188} INFO - [2024-08-05T00:21:19.649+0000] {dagbag.py:545} INFO - Filling up the DagBag from /home/airflow/.local/lib/python3.12/site-packages/airflow/example_dags/example_complex.py
[2024-08-05T00:21:19.690+0000] {processor.py:840} INFO - DAG(s) 'example_complex' retrieved from /home/airflow/.local/lib/python3.12/site-packages/airflow/example_dags/example_complex.py
[2024-08-05T00:21:19.742+0000] {logging_mixin.py:188} INFO - [2024-08-05T00:21:19.741+0000] {dag.py:3089} INFO - Sync 1 DAGs
[2024-08-05T00:21:19.750+0000] {logging_mixin.py:188} INFO - [2024-08-05T00:21:19.750+0000] {dag.py:3947} INFO - Setting next_dagrun for example_complex to None, run_after=None
[2024-08-05T00:21:19.762+0000] {processor.py:183} INFO - Processing /home/airflow/.local/lib/python3.12/site-packages/airflow/example_dags/example_complex.py took 0.127 seconds
[2024-08-05T00:21:50.392+0000] {processor.py:161} INFO - Started process (PID=15757) to work on /home/airflow/.local/lib/python3.12/site-packages/airflow/example_dags/example_complex.py
[2024-08-05T00:21:50.393+0000] {processor.py:830} INFO - Processing file /home/airflow/.local/lib/python3.12/site-packages/airflow/example_dags/example_complex.py for tasks to queue
[2024-08-05T00:21:50.394+0000] {logging_mixin.py:188} INFO - [2024-08-05T00:21:50.393+0000] {dagbag.py:545} INFO - Filling up the DagBag from /home/airflow/.local/lib/python3.12/site-packages/airflow/example_dags/example_complex.py
[2024-08-05T00:21:50.399+0000] {processor.py:840} INFO - DAG(s) 'example_complex' retrieved from /home/airflow/.local/lib/python3.12/site-packages/airflow/example_dags/example_complex.py
[2024-08-05T00:21:50.430+0000] {logging_mixin.py:188} INFO - [2024-08-05T00:21:50.429+0000] {dag.py:3089} INFO - Sync 1 DAGs
[2024-08-05T00:21:50.445+0000] {logging_mixin.py:188} INFO - [2024-08-05T00:21:50.445+0000] {dag.py:3947} INFO - Setting next_dagrun for example_complex to None, run_after=None
[2024-08-05T00:21:50.461+0000] {processor.py:183} INFO - Processing /home/airflow/.local/lib/python3.12/site-packages/airflow/example_dags/example_complex.py took 0.073 seconds
[2024-08-05T00:22:20.859+0000] {processor.py:161} INFO - Started process (PID=15818) to work on /home/airflow/.local/lib/python3.12/site-packages/airflow/example_dags/example_complex.py
[2024-08-05T00:22:20.861+0000] {processor.py:830} INFO - Processing file /home/airflow/.local/lib/python3.12/site-packages/airflow/example_dags/example_complex.py for tasks to queue
[2024-08-05T00:22:20.863+0000] {logging_mixin.py:188} INFO - [2024-08-05T00:22:20.862+0000] {dagbag.py:545} INFO - Filling up the DagBag from /home/airflow/.local/lib/python3.12/site-packages/airflow/example_dags/example_complex.py
[2024-08-05T00:22:20.875+0000] {processor.py:840} INFO - DAG(s) 'example_complex' retrieved from /home/airflow/.local/lib/python3.12/site-packages/airflow/example_dags/example_complex.py
[2024-08-05T00:22:20.909+0000] {logging_mixin.py:188} INFO - [2024-08-05T00:22:20.908+0000] {dag.py:3089} INFO - Sync 1 DAGs
[2024-08-05T00:22:20.919+0000] {logging_mixin.py:188} INFO - [2024-08-05T00:22:20.919+0000] {dag.py:3947} INFO - Setting next_dagrun for example_complex to None, run_after=None
[2024-08-05T00:22:20.932+0000] {processor.py:183} INFO - Processing /home/airflow/.local/lib/python3.12/site-packages/airflow/example_dags/example_complex.py took 0.089 seconds
