[2024-08-05T00:00:17.983+0000] {processor.py:161} INFO - Started process (PID=13085) to work on /home/airflow/.local/lib/python3.12/site-packages/airflow/example_dags/example_external_task_marker_dag.py
[2024-08-05T00:00:17.986+0000] {processor.py:830} INFO - Processing file /home/airflow/.local/lib/python3.12/site-packages/airflow/example_dags/example_external_task_marker_dag.py for tasks to queue
[2024-08-05T00:00:17.986+0000] {logging_mixin.py:188} INFO - [2024-08-05T00:00:17.986+0000] {dagbag.py:545} INFO - Filling up the DagBag from /home/airflow/.local/lib/python3.12/site-packages/airflow/example_dags/example_external_task_marker_dag.py
[2024-08-05T00:00:17.991+0000] {processor.py:840} INFO - DAG(s) 'example_external_task_marker_child', 'example_external_task_marker_parent' retrieved from /home/airflow/.local/lib/python3.12/site-packages/airflow/example_dags/example_external_task_marker_dag.py
[2024-08-05T00:00:18.007+0000] {logging_mixin.py:188} INFO - [2024-08-05T00:00:18.007+0000] {dag.py:3089} INFO - Sync 2 DAGs
[2024-08-05T00:00:18.014+0000] {logging_mixin.py:188} INFO - [2024-08-05T00:00:18.014+0000] {dag.py:3947} INFO - Setting next_dagrun for example_external_task_marker_child to None, run_after=None
[2024-08-05T00:00:18.017+0000] {logging_mixin.py:188} INFO - [2024-08-05T00:00:18.017+0000] {dag.py:3947} INFO - Setting next_dagrun for example_external_task_marker_parent to None, run_after=None
[2024-08-05T00:00:18.028+0000] {processor.py:183} INFO - Processing /home/airflow/.local/lib/python3.12/site-packages/airflow/example_dags/example_external_task_marker_dag.py took 0.048 seconds
[2024-08-05T00:00:48.999+0000] {processor.py:161} INFO - Started process (PID=13155) to work on /home/airflow/.local/lib/python3.12/site-packages/airflow/example_dags/example_external_task_marker_dag.py
[2024-08-05T00:00:49.001+0000] {processor.py:830} INFO - Processing file /home/airflow/.local/lib/python3.12/site-packages/airflow/example_dags/example_external_task_marker_dag.py for tasks to queue
[2024-08-05T00:00:49.006+0000] {logging_mixin.py:188} INFO - [2024-08-05T00:00:49.005+0000] {dagbag.py:545} INFO - Filling up the DagBag from /home/airflow/.local/lib/python3.12/site-packages/airflow/example_dags/example_external_task_marker_dag.py
[2024-08-05T00:00:49.034+0000] {processor.py:840} INFO - DAG(s) 'example_external_task_marker_parent', 'example_external_task_marker_child' retrieved from /home/airflow/.local/lib/python3.12/site-packages/airflow/example_dags/example_external_task_marker_dag.py
[2024-08-05T00:00:49.115+0000] {logging_mixin.py:188} INFO - [2024-08-05T00:00:49.115+0000] {dag.py:3089} INFO - Sync 2 DAGs
[2024-08-05T00:00:49.137+0000] {logging_mixin.py:188} INFO - [2024-08-05T00:00:49.137+0000] {dag.py:3947} INFO - Setting next_dagrun for example_external_task_marker_child to None, run_after=None
[2024-08-05T00:00:49.143+0000] {logging_mixin.py:188} INFO - [2024-08-05T00:00:49.142+0000] {dag.py:3947} INFO - Setting next_dagrun for example_external_task_marker_parent to None, run_after=None
[2024-08-05T00:00:49.183+0000] {processor.py:183} INFO - Processing /home/airflow/.local/lib/python3.12/site-packages/airflow/example_dags/example_external_task_marker_dag.py took 0.191 seconds
[2024-08-05T00:01:19.223+0000] {processor.py:161} INFO - Started process (PID=13220) to work on /home/airflow/.local/lib/python3.12/site-packages/airflow/example_dags/example_external_task_marker_dag.py
[2024-08-05T00:01:19.225+0000] {processor.py:830} INFO - Processing file /home/airflow/.local/lib/python3.12/site-packages/airflow/example_dags/example_external_task_marker_dag.py for tasks to queue
[2024-08-05T00:01:19.229+0000] {logging_mixin.py:188} INFO - [2024-08-05T00:01:19.228+0000] {dagbag.py:545} INFO - Filling up the DagBag from /home/airflow/.local/lib/python3.12/site-packages/airflow/example_dags/example_external_task_marker_dag.py
[2024-08-05T00:01:19.233+0000] {processor.py:840} INFO - DAG(s) 'example_external_task_marker_child', 'example_external_task_marker_parent' retrieved from /home/airflow/.local/lib/python3.12/site-packages/airflow/example_dags/example_external_task_marker_dag.py
[2024-08-05T00:01:19.256+0000] {logging_mixin.py:188} INFO - [2024-08-05T00:01:19.256+0000] {dag.py:3089} INFO - Sync 2 DAGs
[2024-08-05T00:01:19.263+0000] {logging_mixin.py:188} INFO - [2024-08-05T00:01:19.263+0000] {dag.py:3947} INFO - Setting next_dagrun for example_external_task_marker_child to None, run_after=None
[2024-08-05T00:01:19.265+0000] {logging_mixin.py:188} INFO - [2024-08-05T00:01:19.265+0000] {dag.py:3947} INFO - Setting next_dagrun for example_external_task_marker_parent to None, run_after=None
[2024-08-05T00:01:19.275+0000] {processor.py:183} INFO - Processing /home/airflow/.local/lib/python3.12/site-packages/airflow/example_dags/example_external_task_marker_dag.py took 0.055 seconds
[2024-08-05T00:01:50.277+0000] {processor.py:161} INFO - Started process (PID=13292) to work on /home/airflow/.local/lib/python3.12/site-packages/airflow/example_dags/example_external_task_marker_dag.py
[2024-08-05T00:01:50.299+0000] {processor.py:830} INFO - Processing file /home/airflow/.local/lib/python3.12/site-packages/airflow/example_dags/example_external_task_marker_dag.py for tasks to queue
[2024-08-05T00:01:50.301+0000] {logging_mixin.py:188} INFO - [2024-08-05T00:01:50.300+0000] {dagbag.py:545} INFO - Filling up the DagBag from /home/airflow/.local/lib/python3.12/site-packages/airflow/example_dags/example_external_task_marker_dag.py
[2024-08-05T00:01:50.328+0000] {processor.py:840} INFO - DAG(s) 'example_external_task_marker_parent', 'example_external_task_marker_child' retrieved from /home/airflow/.local/lib/python3.12/site-packages/airflow/example_dags/example_external_task_marker_dag.py
[2024-08-05T00:01:50.360+0000] {logging_mixin.py:188} INFO - [2024-08-05T00:01:50.360+0000] {dag.py:3089} INFO - Sync 2 DAGs
[2024-08-05T00:01:50.367+0000] {logging_mixin.py:188} INFO - [2024-08-05T00:01:50.367+0000] {dag.py:3947} INFO - Setting next_dagrun for example_external_task_marker_child to None, run_after=None
[2024-08-05T00:01:50.370+0000] {logging_mixin.py:188} INFO - [2024-08-05T00:01:50.370+0000] {dag.py:3947} INFO - Setting next_dagrun for example_external_task_marker_parent to None, run_after=None
[2024-08-05T00:01:50.382+0000] {processor.py:183} INFO - Processing /home/airflow/.local/lib/python3.12/site-packages/airflow/example_dags/example_external_task_marker_dag.py took 0.135 seconds
[2024-08-05T00:02:20.947+0000] {processor.py:161} INFO - Started process (PID=13353) to work on /home/airflow/.local/lib/python3.12/site-packages/airflow/example_dags/example_external_task_marker_dag.py
[2024-08-05T00:02:20.947+0000] {processor.py:830} INFO - Processing file /home/airflow/.local/lib/python3.12/site-packages/airflow/example_dags/example_external_task_marker_dag.py for tasks to queue
[2024-08-05T00:02:20.948+0000] {logging_mixin.py:188} INFO - [2024-08-05T00:02:20.948+0000] {dagbag.py:545} INFO - Filling up the DagBag from /home/airflow/.local/lib/python3.12/site-packages/airflow/example_dags/example_external_task_marker_dag.py
[2024-08-05T00:02:20.952+0000] {processor.py:840} INFO - DAG(s) 'example_external_task_marker_child', 'example_external_task_marker_parent' retrieved from /home/airflow/.local/lib/python3.12/site-packages/airflow/example_dags/example_external_task_marker_dag.py
[2024-08-05T00:02:20.966+0000] {logging_mixin.py:188} INFO - [2024-08-05T00:02:20.966+0000] {dag.py:3089} INFO - Sync 2 DAGs
[2024-08-05T00:02:20.978+0000] {logging_mixin.py:188} INFO - [2024-08-05T00:02:20.977+0000] {dag.py:3947} INFO - Setting next_dagrun for example_external_task_marker_child to None, run_after=None
[2024-08-05T00:02:20.980+0000] {logging_mixin.py:188} INFO - [2024-08-05T00:02:20.980+0000] {dag.py:3947} INFO - Setting next_dagrun for example_external_task_marker_parent to None, run_after=None
[2024-08-05T00:02:20.989+0000] {processor.py:183} INFO - Processing /home/airflow/.local/lib/python3.12/site-packages/airflow/example_dags/example_external_task_marker_dag.py took 0.046 seconds
[2024-08-05T00:02:51.180+0000] {processor.py:161} INFO - Started process (PID=13414) to work on /home/airflow/.local/lib/python3.12/site-packages/airflow/example_dags/example_external_task_marker_dag.py
[2024-08-05T00:02:51.181+0000] {processor.py:830} INFO - Processing file /home/airflow/.local/lib/python3.12/site-packages/airflow/example_dags/example_external_task_marker_dag.py for tasks to queue
[2024-08-05T00:02:51.183+0000] {logging_mixin.py:188} INFO - [2024-08-05T00:02:51.183+0000] {dagbag.py:545} INFO - Filling up the DagBag from /home/airflow/.local/lib/python3.12/site-packages/airflow/example_dags/example_external_task_marker_dag.py
[2024-08-05T00:02:51.187+0000] {processor.py:840} INFO - DAG(s) 'example_external_task_marker_parent', 'example_external_task_marker_child' retrieved from /home/airflow/.local/lib/python3.12/site-packages/airflow/example_dags/example_external_task_marker_dag.py
[2024-08-05T00:02:51.201+0000] {logging_mixin.py:188} INFO - [2024-08-05T00:02:51.201+0000] {dag.py:3089} INFO - Sync 2 DAGs
[2024-08-05T00:02:51.207+0000] {logging_mixin.py:188} INFO - [2024-08-05T00:02:51.207+0000] {dag.py:3947} INFO - Setting next_dagrun for example_external_task_marker_child to None, run_after=None
[2024-08-05T00:02:51.208+0000] {logging_mixin.py:188} INFO - [2024-08-05T00:02:51.208+0000] {dag.py:3947} INFO - Setting next_dagrun for example_external_task_marker_parent to None, run_after=None
[2024-08-05T00:02:51.215+0000] {processor.py:183} INFO - Processing /home/airflow/.local/lib/python3.12/site-packages/airflow/example_dags/example_external_task_marker_dag.py took 0.039 seconds
[2024-08-05T00:03:22.160+0000] {processor.py:161} INFO - Started process (PID=13475) to work on /home/airflow/.local/lib/python3.12/site-packages/airflow/example_dags/example_external_task_marker_dag.py
[2024-08-05T00:03:22.161+0000] {processor.py:830} INFO - Processing file /home/airflow/.local/lib/python3.12/site-packages/airflow/example_dags/example_external_task_marker_dag.py for tasks to queue
[2024-08-05T00:03:22.162+0000] {logging_mixin.py:188} INFO - [2024-08-05T00:03:22.162+0000] {dagbag.py:545} INFO - Filling up the DagBag from /home/airflow/.local/lib/python3.12/site-packages/airflow/example_dags/example_external_task_marker_dag.py
[2024-08-05T00:03:22.168+0000] {processor.py:840} INFO - DAG(s) 'example_external_task_marker_child', 'example_external_task_marker_parent' retrieved from /home/airflow/.local/lib/python3.12/site-packages/airflow/example_dags/example_external_task_marker_dag.py
[2024-08-05T00:03:22.186+0000] {logging_mixin.py:188} INFO - [2024-08-05T00:03:22.186+0000] {dag.py:3089} INFO - Sync 2 DAGs
[2024-08-05T00:03:22.195+0000] {logging_mixin.py:188} INFO - [2024-08-05T00:03:22.195+0000] {dag.py:3947} INFO - Setting next_dagrun for example_external_task_marker_child to None, run_after=None
[2024-08-05T00:03:22.197+0000] {logging_mixin.py:188} INFO - [2024-08-05T00:03:22.197+0000] {dag.py:3947} INFO - Setting next_dagrun for example_external_task_marker_parent to None, run_after=None
[2024-08-05T00:03:22.205+0000] {processor.py:183} INFO - Processing /home/airflow/.local/lib/python3.12/site-packages/airflow/example_dags/example_external_task_marker_dag.py took 0.050 seconds
[2024-08-05T00:03:52.542+0000] {processor.py:161} INFO - Started process (PID=13536) to work on /home/airflow/.local/lib/python3.12/site-packages/airflow/example_dags/example_external_task_marker_dag.py
[2024-08-05T00:03:52.543+0000] {processor.py:830} INFO - Processing file /home/airflow/.local/lib/python3.12/site-packages/airflow/example_dags/example_external_task_marker_dag.py for tasks to queue
[2024-08-05T00:03:52.543+0000] {logging_mixin.py:188} INFO - [2024-08-05T00:03:52.543+0000] {dagbag.py:545} INFO - Filling up the DagBag from /home/airflow/.local/lib/python3.12/site-packages/airflow/example_dags/example_external_task_marker_dag.py
[2024-08-05T00:03:52.547+0000] {processor.py:840} INFO - DAG(s) 'example_external_task_marker_parent', 'example_external_task_marker_child' retrieved from /home/airflow/.local/lib/python3.12/site-packages/airflow/example_dags/example_external_task_marker_dag.py
[2024-08-05T00:03:52.562+0000] {logging_mixin.py:188} INFO - [2024-08-05T00:03:52.562+0000] {dag.py:3089} INFO - Sync 2 DAGs
[2024-08-05T00:03:52.569+0000] {logging_mixin.py:188} INFO - [2024-08-05T00:03:52.569+0000] {dag.py:3947} INFO - Setting next_dagrun for example_external_task_marker_child to None, run_after=None
[2024-08-05T00:03:52.571+0000] {logging_mixin.py:188} INFO - [2024-08-05T00:03:52.571+0000] {dag.py:3947} INFO - Setting next_dagrun for example_external_task_marker_parent to None, run_after=None
[2024-08-05T00:03:52.579+0000] {processor.py:183} INFO - Processing /home/airflow/.local/lib/python3.12/site-packages/airflow/example_dags/example_external_task_marker_dag.py took 0.041 seconds
[2024-08-05T00:04:23.664+0000] {processor.py:161} INFO - Started process (PID=13597) to work on /home/airflow/.local/lib/python3.12/site-packages/airflow/example_dags/example_external_task_marker_dag.py
[2024-08-05T00:04:23.665+0000] {processor.py:830} INFO - Processing file /home/airflow/.local/lib/python3.12/site-packages/airflow/example_dags/example_external_task_marker_dag.py for tasks to queue
[2024-08-05T00:04:23.665+0000] {logging_mixin.py:188} INFO - [2024-08-05T00:04:23.665+0000] {dagbag.py:545} INFO - Filling up the DagBag from /home/airflow/.local/lib/python3.12/site-packages/airflow/example_dags/example_external_task_marker_dag.py
[2024-08-05T00:04:23.669+0000] {processor.py:840} INFO - DAG(s) 'example_external_task_marker_parent', 'example_external_task_marker_child' retrieved from /home/airflow/.local/lib/python3.12/site-packages/airflow/example_dags/example_external_task_marker_dag.py
[2024-08-05T00:04:23.681+0000] {logging_mixin.py:188} INFO - [2024-08-05T00:04:23.681+0000] {dag.py:3089} INFO - Sync 2 DAGs
[2024-08-05T00:04:23.687+0000] {logging_mixin.py:188} INFO - [2024-08-05T00:04:23.687+0000] {dag.py:3947} INFO - Setting next_dagrun for example_external_task_marker_child to None, run_after=None
[2024-08-05T00:04:23.689+0000] {logging_mixin.py:188} INFO - [2024-08-05T00:04:23.689+0000] {dag.py:3947} INFO - Setting next_dagrun for example_external_task_marker_parent to None, run_after=None
[2024-08-05T00:04:23.696+0000] {processor.py:183} INFO - Processing /home/airflow/.local/lib/python3.12/site-packages/airflow/example_dags/example_external_task_marker_dag.py took 0.036 seconds
[2024-08-05T00:04:53.906+0000] {processor.py:161} INFO - Started process (PID=13658) to work on /home/airflow/.local/lib/python3.12/site-packages/airflow/example_dags/example_external_task_marker_dag.py
[2024-08-05T00:04:53.907+0000] {processor.py:830} INFO - Processing file /home/airflow/.local/lib/python3.12/site-packages/airflow/example_dags/example_external_task_marker_dag.py for tasks to queue
[2024-08-05T00:04:53.907+0000] {logging_mixin.py:188} INFO - [2024-08-05T00:04:53.907+0000] {dagbag.py:545} INFO - Filling up the DagBag from /home/airflow/.local/lib/python3.12/site-packages/airflow/example_dags/example_external_task_marker_dag.py
[2024-08-05T00:04:53.911+0000] {processor.py:840} INFO - DAG(s) 'example_external_task_marker_parent', 'example_external_task_marker_child' retrieved from /home/airflow/.local/lib/python3.12/site-packages/airflow/example_dags/example_external_task_marker_dag.py
[2024-08-05T00:04:53.925+0000] {logging_mixin.py:188} INFO - [2024-08-05T00:04:53.924+0000] {dag.py:3089} INFO - Sync 2 DAGs
[2024-08-05T00:04:53.931+0000] {logging_mixin.py:188} INFO - [2024-08-05T00:04:53.931+0000] {dag.py:3947} INFO - Setting next_dagrun for example_external_task_marker_child to None, run_after=None
[2024-08-05T00:04:53.933+0000] {logging_mixin.py:188} INFO - [2024-08-05T00:04:53.933+0000] {dag.py:3947} INFO - Setting next_dagrun for example_external_task_marker_parent to None, run_after=None
[2024-08-05T00:04:53.940+0000] {processor.py:183} INFO - Processing /home/airflow/.local/lib/python3.12/site-packages/airflow/example_dags/example_external_task_marker_dag.py took 0.038 seconds
[2024-08-05T00:05:24.385+0000] {processor.py:161} INFO - Started process (PID=13719) to work on /home/airflow/.local/lib/python3.12/site-packages/airflow/example_dags/example_external_task_marker_dag.py
[2024-08-05T00:05:24.389+0000] {processor.py:830} INFO - Processing file /home/airflow/.local/lib/python3.12/site-packages/airflow/example_dags/example_external_task_marker_dag.py for tasks to queue
[2024-08-05T00:05:24.391+0000] {logging_mixin.py:188} INFO - [2024-08-05T00:05:24.390+0000] {dagbag.py:545} INFO - Filling up the DagBag from /home/airflow/.local/lib/python3.12/site-packages/airflow/example_dags/example_external_task_marker_dag.py
[2024-08-05T00:05:24.396+0000] {processor.py:840} INFO - DAG(s) 'example_external_task_marker_parent', 'example_external_task_marker_child' retrieved from /home/airflow/.local/lib/python3.12/site-packages/airflow/example_dags/example_external_task_marker_dag.py
[2024-08-05T00:05:24.420+0000] {logging_mixin.py:188} INFO - [2024-08-05T00:05:24.420+0000] {dag.py:3089} INFO - Sync 2 DAGs
[2024-08-05T00:05:24.429+0000] {logging_mixin.py:188} INFO - [2024-08-05T00:05:24.428+0000] {dag.py:3947} INFO - Setting next_dagrun for example_external_task_marker_child to None, run_after=None
[2024-08-05T00:05:24.431+0000] {logging_mixin.py:188} INFO - [2024-08-05T00:05:24.431+0000] {dag.py:3947} INFO - Setting next_dagrun for example_external_task_marker_parent to None, run_after=None
[2024-08-05T00:05:24.442+0000] {processor.py:183} INFO - Processing /home/airflow/.local/lib/python3.12/site-packages/airflow/example_dags/example_external_task_marker_dag.py took 0.060 seconds
[2024-08-05T00:05:54.913+0000] {processor.py:161} INFO - Started process (PID=13780) to work on /home/airflow/.local/lib/python3.12/site-packages/airflow/example_dags/example_external_task_marker_dag.py
[2024-08-05T00:05:54.914+0000] {processor.py:830} INFO - Processing file /home/airflow/.local/lib/python3.12/site-packages/airflow/example_dags/example_external_task_marker_dag.py for tasks to queue
[2024-08-05T00:05:54.914+0000] {logging_mixin.py:188} INFO - [2024-08-05T00:05:54.914+0000] {dagbag.py:545} INFO - Filling up the DagBag from /home/airflow/.local/lib/python3.12/site-packages/airflow/example_dags/example_external_task_marker_dag.py
[2024-08-05T00:05:54.917+0000] {processor.py:840} INFO - DAG(s) 'example_external_task_marker_parent', 'example_external_task_marker_child' retrieved from /home/airflow/.local/lib/python3.12/site-packages/airflow/example_dags/example_external_task_marker_dag.py
[2024-08-05T00:05:54.931+0000] {logging_mixin.py:188} INFO - [2024-08-05T00:05:54.931+0000] {dag.py:3089} INFO - Sync 2 DAGs
[2024-08-05T00:05:54.937+0000] {logging_mixin.py:188} INFO - [2024-08-05T00:05:54.937+0000] {dag.py:3947} INFO - Setting next_dagrun for example_external_task_marker_child to None, run_after=None
[2024-08-05T00:05:54.940+0000] {logging_mixin.py:188} INFO - [2024-08-05T00:05:54.940+0000] {dag.py:3947} INFO - Setting next_dagrun for example_external_task_marker_parent to None, run_after=None
[2024-08-05T00:05:54.948+0000] {processor.py:183} INFO - Processing /home/airflow/.local/lib/python3.12/site-packages/airflow/example_dags/example_external_task_marker_dag.py took 0.038 seconds
[2024-08-05T00:06:26.226+0000] {processor.py:161} INFO - Started process (PID=13841) to work on /home/airflow/.local/lib/python3.12/site-packages/airflow/example_dags/example_external_task_marker_dag.py
[2024-08-05T00:06:26.227+0000] {processor.py:830} INFO - Processing file /home/airflow/.local/lib/python3.12/site-packages/airflow/example_dags/example_external_task_marker_dag.py for tasks to queue
[2024-08-05T00:06:26.228+0000] {logging_mixin.py:188} INFO - [2024-08-05T00:06:26.228+0000] {dagbag.py:545} INFO - Filling up the DagBag from /home/airflow/.local/lib/python3.12/site-packages/airflow/example_dags/example_external_task_marker_dag.py
[2024-08-05T00:06:26.231+0000] {processor.py:840} INFO - DAG(s) 'example_external_task_marker_parent', 'example_external_task_marker_child' retrieved from /home/airflow/.local/lib/python3.12/site-packages/airflow/example_dags/example_external_task_marker_dag.py
[2024-08-05T00:06:26.249+0000] {logging_mixin.py:188} INFO - [2024-08-05T00:06:26.249+0000] {dag.py:3089} INFO - Sync 2 DAGs
[2024-08-05T00:06:26.258+0000] {logging_mixin.py:188} INFO - [2024-08-05T00:06:26.258+0000] {dag.py:3947} INFO - Setting next_dagrun for example_external_task_marker_child to None, run_after=None
[2024-08-05T00:06:26.260+0000] {logging_mixin.py:188} INFO - [2024-08-05T00:06:26.260+0000] {dag.py:3947} INFO - Setting next_dagrun for example_external_task_marker_parent to None, run_after=None
[2024-08-05T00:06:26.270+0000] {processor.py:183} INFO - Processing /home/airflow/.local/lib/python3.12/site-packages/airflow/example_dags/example_external_task_marker_dag.py took 0.049 seconds
[2024-08-05T00:06:57.387+0000] {processor.py:161} INFO - Started process (PID=13908) to work on /home/airflow/.local/lib/python3.12/site-packages/airflow/example_dags/example_external_task_marker_dag.py
[2024-08-05T00:06:57.389+0000] {processor.py:830} INFO - Processing file /home/airflow/.local/lib/python3.12/site-packages/airflow/example_dags/example_external_task_marker_dag.py for tasks to queue
[2024-08-05T00:06:57.390+0000] {logging_mixin.py:188} INFO - [2024-08-05T00:06:57.390+0000] {dagbag.py:545} INFO - Filling up the DagBag from /home/airflow/.local/lib/python3.12/site-packages/airflow/example_dags/example_external_task_marker_dag.py
[2024-08-05T00:06:57.396+0000] {processor.py:840} INFO - DAG(s) 'example_external_task_marker_parent', 'example_external_task_marker_child' retrieved from /home/airflow/.local/lib/python3.12/site-packages/airflow/example_dags/example_external_task_marker_dag.py
[2024-08-05T00:06:57.437+0000] {logging_mixin.py:188} INFO - [2024-08-05T00:06:57.436+0000] {dag.py:3089} INFO - Sync 2 DAGs
[2024-08-05T00:06:57.452+0000] {logging_mixin.py:188} INFO - [2024-08-05T00:06:57.452+0000] {dag.py:3947} INFO - Setting next_dagrun for example_external_task_marker_child to None, run_after=None
[2024-08-05T00:06:57.458+0000] {logging_mixin.py:188} INFO - [2024-08-05T00:06:57.458+0000] {dag.py:3947} INFO - Setting next_dagrun for example_external_task_marker_parent to None, run_after=None
[2024-08-05T00:06:57.482+0000] {processor.py:183} INFO - Processing /home/airflow/.local/lib/python3.12/site-packages/airflow/example_dags/example_external_task_marker_dag.py took 0.100 seconds
[2024-08-05T00:07:28.231+0000] {processor.py:161} INFO - Started process (PID=13974) to work on /home/airflow/.local/lib/python3.12/site-packages/airflow/example_dags/example_external_task_marker_dag.py
[2024-08-05T00:07:28.232+0000] {processor.py:830} INFO - Processing file /home/airflow/.local/lib/python3.12/site-packages/airflow/example_dags/example_external_task_marker_dag.py for tasks to queue
[2024-08-05T00:07:28.233+0000] {logging_mixin.py:188} INFO - [2024-08-05T00:07:28.233+0000] {dagbag.py:545} INFO - Filling up the DagBag from /home/airflow/.local/lib/python3.12/site-packages/airflow/example_dags/example_external_task_marker_dag.py
[2024-08-05T00:07:28.240+0000] {processor.py:840} INFO - DAG(s) 'example_external_task_marker_parent', 'example_external_task_marker_child' retrieved from /home/airflow/.local/lib/python3.12/site-packages/airflow/example_dags/example_external_task_marker_dag.py
[2024-08-05T00:07:28.267+0000] {logging_mixin.py:188} INFO - [2024-08-05T00:07:28.267+0000] {dag.py:3089} INFO - Sync 2 DAGs
[2024-08-05T00:07:28.275+0000] {logging_mixin.py:188} INFO - [2024-08-05T00:07:28.275+0000] {dag.py:3947} INFO - Setting next_dagrun for example_external_task_marker_child to None, run_after=None
[2024-08-05T00:07:28.280+0000] {logging_mixin.py:188} INFO - [2024-08-05T00:07:28.280+0000] {dag.py:3947} INFO - Setting next_dagrun for example_external_task_marker_parent to None, run_after=None
[2024-08-05T00:07:28.288+0000] {processor.py:183} INFO - Processing /home/airflow/.local/lib/python3.12/site-packages/airflow/example_dags/example_external_task_marker_dag.py took 0.060 seconds
[2024-08-05T00:07:58.654+0000] {processor.py:161} INFO - Started process (PID=14035) to work on /home/airflow/.local/lib/python3.12/site-packages/airflow/example_dags/example_external_task_marker_dag.py
[2024-08-05T00:07:58.656+0000] {processor.py:830} INFO - Processing file /home/airflow/.local/lib/python3.12/site-packages/airflow/example_dags/example_external_task_marker_dag.py for tasks to queue
[2024-08-05T00:07:58.657+0000] {logging_mixin.py:188} INFO - [2024-08-05T00:07:58.657+0000] {dagbag.py:545} INFO - Filling up the DagBag from /home/airflow/.local/lib/python3.12/site-packages/airflow/example_dags/example_external_task_marker_dag.py
[2024-08-05T00:07:58.666+0000] {processor.py:840} INFO - DAG(s) 'example_external_task_marker_parent', 'example_external_task_marker_child' retrieved from /home/airflow/.local/lib/python3.12/site-packages/airflow/example_dags/example_external_task_marker_dag.py
[2024-08-05T00:07:58.688+0000] {logging_mixin.py:188} INFO - [2024-08-05T00:07:58.688+0000] {dag.py:3089} INFO - Sync 2 DAGs
[2024-08-05T00:07:58.697+0000] {logging_mixin.py:188} INFO - [2024-08-05T00:07:58.697+0000] {dag.py:3947} INFO - Setting next_dagrun for example_external_task_marker_child to None, run_after=None
[2024-08-05T00:07:58.700+0000] {logging_mixin.py:188} INFO - [2024-08-05T00:07:58.700+0000] {dag.py:3947} INFO - Setting next_dagrun for example_external_task_marker_parent to None, run_after=None
[2024-08-05T00:07:58.709+0000] {processor.py:183} INFO - Processing /home/airflow/.local/lib/python3.12/site-packages/airflow/example_dags/example_external_task_marker_dag.py took 0.065 seconds
[2024-08-05T00:08:28.848+0000] {processor.py:161} INFO - Started process (PID=14096) to work on /home/airflow/.local/lib/python3.12/site-packages/airflow/example_dags/example_external_task_marker_dag.py
[2024-08-05T00:08:28.849+0000] {processor.py:830} INFO - Processing file /home/airflow/.local/lib/python3.12/site-packages/airflow/example_dags/example_external_task_marker_dag.py for tasks to queue
[2024-08-05T00:08:28.850+0000] {logging_mixin.py:188} INFO - [2024-08-05T00:08:28.850+0000] {dagbag.py:545} INFO - Filling up the DagBag from /home/airflow/.local/lib/python3.12/site-packages/airflow/example_dags/example_external_task_marker_dag.py
[2024-08-05T00:08:28.854+0000] {processor.py:840} INFO - DAG(s) 'example_external_task_marker_child', 'example_external_task_marker_parent' retrieved from /home/airflow/.local/lib/python3.12/site-packages/airflow/example_dags/example_external_task_marker_dag.py
[2024-08-05T00:08:28.869+0000] {logging_mixin.py:188} INFO - [2024-08-05T00:08:28.869+0000] {dag.py:3089} INFO - Sync 2 DAGs
[2024-08-05T00:08:28.876+0000] {logging_mixin.py:188} INFO - [2024-08-05T00:08:28.876+0000] {dag.py:3947} INFO - Setting next_dagrun for example_external_task_marker_child to None, run_after=None
[2024-08-05T00:08:28.879+0000] {logging_mixin.py:188} INFO - [2024-08-05T00:08:28.879+0000] {dag.py:3947} INFO - Setting next_dagrun for example_external_task_marker_parent to None, run_after=None
[2024-08-05T00:08:28.890+0000] {processor.py:183} INFO - Processing /home/airflow/.local/lib/python3.12/site-packages/airflow/example_dags/example_external_task_marker_dag.py took 0.046 seconds
[2024-08-05T00:08:59.273+0000] {processor.py:161} INFO - Started process (PID=14158) to work on /home/airflow/.local/lib/python3.12/site-packages/airflow/example_dags/example_external_task_marker_dag.py
[2024-08-05T00:08:59.275+0000] {processor.py:830} INFO - Processing file /home/airflow/.local/lib/python3.12/site-packages/airflow/example_dags/example_external_task_marker_dag.py for tasks to queue
[2024-08-05T00:08:59.276+0000] {logging_mixin.py:188} INFO - [2024-08-05T00:08:59.275+0000] {dagbag.py:545} INFO - Filling up the DagBag from /home/airflow/.local/lib/python3.12/site-packages/airflow/example_dags/example_external_task_marker_dag.py
[2024-08-05T00:08:59.282+0000] {processor.py:840} INFO - DAG(s) 'example_external_task_marker_child', 'example_external_task_marker_parent' retrieved from /home/airflow/.local/lib/python3.12/site-packages/airflow/example_dags/example_external_task_marker_dag.py
[2024-08-05T00:08:59.301+0000] {logging_mixin.py:188} INFO - [2024-08-05T00:08:59.301+0000] {dag.py:3089} INFO - Sync 2 DAGs
[2024-08-05T00:08:59.320+0000] {logging_mixin.py:188} INFO - [2024-08-05T00:08:59.320+0000] {dag.py:3947} INFO - Setting next_dagrun for example_external_task_marker_child to None, run_after=None
[2024-08-05T00:08:59.324+0000] {logging_mixin.py:188} INFO - [2024-08-05T00:08:59.323+0000] {dag.py:3947} INFO - Setting next_dagrun for example_external_task_marker_parent to None, run_after=None
[2024-08-05T00:08:59.338+0000] {processor.py:183} INFO - Processing /home/airflow/.local/lib/python3.12/site-packages/airflow/example_dags/example_external_task_marker_dag.py took 0.072 seconds
[2024-08-05T00:09:30.120+0000] {processor.py:161} INFO - Started process (PID=14219) to work on /home/airflow/.local/lib/python3.12/site-packages/airflow/example_dags/example_external_task_marker_dag.py
[2024-08-05T00:09:30.122+0000] {processor.py:830} INFO - Processing file /home/airflow/.local/lib/python3.12/site-packages/airflow/example_dags/example_external_task_marker_dag.py for tasks to queue
[2024-08-05T00:09:30.122+0000] {logging_mixin.py:188} INFO - [2024-08-05T00:09:30.122+0000] {dagbag.py:545} INFO - Filling up the DagBag from /home/airflow/.local/lib/python3.12/site-packages/airflow/example_dags/example_external_task_marker_dag.py
[2024-08-05T00:09:30.126+0000] {processor.py:840} INFO - DAG(s) 'example_external_task_marker_parent', 'example_external_task_marker_child' retrieved from /home/airflow/.local/lib/python3.12/site-packages/airflow/example_dags/example_external_task_marker_dag.py
[2024-08-05T00:09:30.157+0000] {logging_mixin.py:188} INFO - [2024-08-05T00:09:30.156+0000] {dag.py:3089} INFO - Sync 2 DAGs
[2024-08-05T00:09:30.169+0000] {logging_mixin.py:188} INFO - [2024-08-05T00:09:30.169+0000] {dag.py:3947} INFO - Setting next_dagrun for example_external_task_marker_child to None, run_after=None
[2024-08-05T00:09:30.175+0000] {logging_mixin.py:188} INFO - [2024-08-05T00:09:30.174+0000] {dag.py:3947} INFO - Setting next_dagrun for example_external_task_marker_parent to None, run_after=None
[2024-08-05T00:09:30.197+0000] {processor.py:183} INFO - Processing /home/airflow/.local/lib/python3.12/site-packages/airflow/example_dags/example_external_task_marker_dag.py took 0.081 seconds
[2024-08-05T00:10:01.025+0000] {processor.py:161} INFO - Started process (PID=14280) to work on /home/airflow/.local/lib/python3.12/site-packages/airflow/example_dags/example_external_task_marker_dag.py
[2024-08-05T00:10:01.028+0000] {processor.py:830} INFO - Processing file /home/airflow/.local/lib/python3.12/site-packages/airflow/example_dags/example_external_task_marker_dag.py for tasks to queue
[2024-08-05T00:10:01.029+0000] {logging_mixin.py:188} INFO - [2024-08-05T00:10:01.029+0000] {dagbag.py:545} INFO - Filling up the DagBag from /home/airflow/.local/lib/python3.12/site-packages/airflow/example_dags/example_external_task_marker_dag.py
[2024-08-05T00:10:01.035+0000] {processor.py:840} INFO - DAG(s) 'example_external_task_marker_parent', 'example_external_task_marker_child' retrieved from /home/airflow/.local/lib/python3.12/site-packages/airflow/example_dags/example_external_task_marker_dag.py
[2024-08-05T00:10:01.084+0000] {logging_mixin.py:188} INFO - [2024-08-05T00:10:01.084+0000] {dag.py:3089} INFO - Sync 2 DAGs
[2024-08-05T00:10:01.100+0000] {logging_mixin.py:188} INFO - [2024-08-05T00:10:01.100+0000] {dag.py:3947} INFO - Setting next_dagrun for example_external_task_marker_child to None, run_after=None
[2024-08-05T00:10:01.104+0000] {logging_mixin.py:188} INFO - [2024-08-05T00:10:01.104+0000] {dag.py:3947} INFO - Setting next_dagrun for example_external_task_marker_parent to None, run_after=None
[2024-08-05T00:10:01.135+0000] {processor.py:183} INFO - Processing /home/airflow/.local/lib/python3.12/site-packages/airflow/example_dags/example_external_task_marker_dag.py took 0.115 seconds
[2024-08-05T00:10:31.623+0000] {processor.py:161} INFO - Started process (PID=14351) to work on /home/airflow/.local/lib/python3.12/site-packages/airflow/example_dags/example_external_task_marker_dag.py
[2024-08-05T00:10:31.624+0000] {processor.py:830} INFO - Processing file /home/airflow/.local/lib/python3.12/site-packages/airflow/example_dags/example_external_task_marker_dag.py for tasks to queue
[2024-08-05T00:10:31.625+0000] {logging_mixin.py:188} INFO - [2024-08-05T00:10:31.625+0000] {dagbag.py:545} INFO - Filling up the DagBag from /home/airflow/.local/lib/python3.12/site-packages/airflow/example_dags/example_external_task_marker_dag.py
[2024-08-05T00:10:31.629+0000] {processor.py:840} INFO - DAG(s) 'example_external_task_marker_child', 'example_external_task_marker_parent' retrieved from /home/airflow/.local/lib/python3.12/site-packages/airflow/example_dags/example_external_task_marker_dag.py
[2024-08-05T00:10:31.649+0000] {logging_mixin.py:188} INFO - [2024-08-05T00:10:31.649+0000] {dag.py:3089} INFO - Sync 2 DAGs
[2024-08-05T00:10:31.657+0000] {logging_mixin.py:188} INFO - [2024-08-05T00:10:31.656+0000] {dag.py:3947} INFO - Setting next_dagrun for example_external_task_marker_child to None, run_after=None
[2024-08-05T00:10:31.662+0000] {logging_mixin.py:188} INFO - [2024-08-05T00:10:31.662+0000] {dag.py:3947} INFO - Setting next_dagrun for example_external_task_marker_parent to None, run_after=None
[2024-08-05T00:10:31.670+0000] {processor.py:183} INFO - Processing /home/airflow/.local/lib/python3.12/site-packages/airflow/example_dags/example_external_task_marker_dag.py took 0.051 seconds
[2024-08-05T00:11:02.631+0000] {processor.py:161} INFO - Started process (PID=14412) to work on /home/airflow/.local/lib/python3.12/site-packages/airflow/example_dags/example_external_task_marker_dag.py
[2024-08-05T00:11:02.634+0000] {processor.py:830} INFO - Processing file /home/airflow/.local/lib/python3.12/site-packages/airflow/example_dags/example_external_task_marker_dag.py for tasks to queue
[2024-08-05T00:11:02.635+0000] {logging_mixin.py:188} INFO - [2024-08-05T00:11:02.635+0000] {dagbag.py:545} INFO - Filling up the DagBag from /home/airflow/.local/lib/python3.12/site-packages/airflow/example_dags/example_external_task_marker_dag.py
[2024-08-05T00:11:02.643+0000] {processor.py:840} INFO - DAG(s) 'example_external_task_marker_parent', 'example_external_task_marker_child' retrieved from /home/airflow/.local/lib/python3.12/site-packages/airflow/example_dags/example_external_task_marker_dag.py
[2024-08-05T00:11:02.674+0000] {logging_mixin.py:188} INFO - [2024-08-05T00:11:02.673+0000] {dag.py:3089} INFO - Sync 2 DAGs
[2024-08-05T00:11:02.694+0000] {logging_mixin.py:188} INFO - [2024-08-05T00:11:02.693+0000] {dag.py:3947} INFO - Setting next_dagrun for example_external_task_marker_child to None, run_after=None
[2024-08-05T00:11:02.698+0000] {logging_mixin.py:188} INFO - [2024-08-05T00:11:02.697+0000] {dag.py:3947} INFO - Setting next_dagrun for example_external_task_marker_parent to None, run_after=None
[2024-08-05T00:11:02.714+0000] {processor.py:183} INFO - Processing /home/airflow/.local/lib/python3.12/site-packages/airflow/example_dags/example_external_task_marker_dag.py took 0.088 seconds
[2024-08-05T00:11:33.626+0000] {processor.py:161} INFO - Started process (PID=14483) to work on /home/airflow/.local/lib/python3.12/site-packages/airflow/example_dags/example_external_task_marker_dag.py
[2024-08-05T00:11:33.627+0000] {processor.py:830} INFO - Processing file /home/airflow/.local/lib/python3.12/site-packages/airflow/example_dags/example_external_task_marker_dag.py for tasks to queue
[2024-08-05T00:11:33.628+0000] {logging_mixin.py:188} INFO - [2024-08-05T00:11:33.627+0000] {dagbag.py:545} INFO - Filling up the DagBag from /home/airflow/.local/lib/python3.12/site-packages/airflow/example_dags/example_external_task_marker_dag.py
[2024-08-05T00:11:33.632+0000] {processor.py:840} INFO - DAG(s) 'example_external_task_marker_child', 'example_external_task_marker_parent' retrieved from /home/airflow/.local/lib/python3.12/site-packages/airflow/example_dags/example_external_task_marker_dag.py
[2024-08-05T00:11:33.646+0000] {logging_mixin.py:188} INFO - [2024-08-05T00:11:33.646+0000] {dag.py:3089} INFO - Sync 2 DAGs
[2024-08-05T00:11:33.653+0000] {logging_mixin.py:188} INFO - [2024-08-05T00:11:33.653+0000] {dag.py:3947} INFO - Setting next_dagrun for example_external_task_marker_child to None, run_after=None
[2024-08-05T00:11:33.655+0000] {logging_mixin.py:188} INFO - [2024-08-05T00:11:33.655+0000] {dag.py:3947} INFO - Setting next_dagrun for example_external_task_marker_parent to None, run_after=None
[2024-08-05T00:11:33.673+0000] {processor.py:183} INFO - Processing /home/airflow/.local/lib/python3.12/site-packages/airflow/example_dags/example_external_task_marker_dag.py took 0.049 seconds
[2024-08-05T00:12:04.171+0000] {processor.py:161} INFO - Started process (PID=14544) to work on /home/airflow/.local/lib/python3.12/site-packages/airflow/example_dags/example_external_task_marker_dag.py
[2024-08-05T00:12:04.173+0000] {processor.py:830} INFO - Processing file /home/airflow/.local/lib/python3.12/site-packages/airflow/example_dags/example_external_task_marker_dag.py for tasks to queue
[2024-08-05T00:12:04.177+0000] {logging_mixin.py:188} INFO - [2024-08-05T00:12:04.177+0000] {dagbag.py:545} INFO - Filling up the DagBag from /home/airflow/.local/lib/python3.12/site-packages/airflow/example_dags/example_external_task_marker_dag.py
[2024-08-05T00:12:04.181+0000] {processor.py:840} INFO - DAG(s) 'example_external_task_marker_parent', 'example_external_task_marker_child' retrieved from /home/airflow/.local/lib/python3.12/site-packages/airflow/example_dags/example_external_task_marker_dag.py
[2024-08-05T00:12:04.200+0000] {logging_mixin.py:188} INFO - [2024-08-05T00:12:04.200+0000] {dag.py:3089} INFO - Sync 2 DAGs
[2024-08-05T00:12:04.207+0000] {logging_mixin.py:188} INFO - [2024-08-05T00:12:04.207+0000] {dag.py:3947} INFO - Setting next_dagrun for example_external_task_marker_child to None, run_after=None
[2024-08-05T00:12:04.209+0000] {logging_mixin.py:188} INFO - [2024-08-05T00:12:04.209+0000] {dag.py:3947} INFO - Setting next_dagrun for example_external_task_marker_parent to None, run_after=None
[2024-08-05T00:12:04.217+0000] {processor.py:183} INFO - Processing /home/airflow/.local/lib/python3.12/site-packages/airflow/example_dags/example_external_task_marker_dag.py took 0.049 seconds
[2024-08-05T00:12:35.128+0000] {processor.py:161} INFO - Started process (PID=14605) to work on /home/airflow/.local/lib/python3.12/site-packages/airflow/example_dags/example_external_task_marker_dag.py
[2024-08-05T00:12:35.129+0000] {processor.py:830} INFO - Processing file /home/airflow/.local/lib/python3.12/site-packages/airflow/example_dags/example_external_task_marker_dag.py for tasks to queue
[2024-08-05T00:12:35.130+0000] {logging_mixin.py:188} INFO - [2024-08-05T00:12:35.129+0000] {dagbag.py:545} INFO - Filling up the DagBag from /home/airflow/.local/lib/python3.12/site-packages/airflow/example_dags/example_external_task_marker_dag.py
[2024-08-05T00:12:35.134+0000] {processor.py:840} INFO - DAG(s) 'example_external_task_marker_child', 'example_external_task_marker_parent' retrieved from /home/airflow/.local/lib/python3.12/site-packages/airflow/example_dags/example_external_task_marker_dag.py
[2024-08-05T00:12:35.149+0000] {logging_mixin.py:188} INFO - [2024-08-05T00:12:35.149+0000] {dag.py:3089} INFO - Sync 2 DAGs
[2024-08-05T00:12:35.156+0000] {logging_mixin.py:188} INFO - [2024-08-05T00:12:35.156+0000] {dag.py:3947} INFO - Setting next_dagrun for example_external_task_marker_child to None, run_after=None
[2024-08-05T00:12:35.158+0000] {logging_mixin.py:188} INFO - [2024-08-05T00:12:35.158+0000] {dag.py:3947} INFO - Setting next_dagrun for example_external_task_marker_parent to None, run_after=None
[2024-08-05T00:12:35.170+0000] {processor.py:183} INFO - Processing /home/airflow/.local/lib/python3.12/site-packages/airflow/example_dags/example_external_task_marker_dag.py took 0.046 seconds
[2024-08-05T00:13:05.898+0000] {processor.py:161} INFO - Started process (PID=14666) to work on /home/airflow/.local/lib/python3.12/site-packages/airflow/example_dags/example_external_task_marker_dag.py
[2024-08-05T00:13:05.902+0000] {processor.py:830} INFO - Processing file /home/airflow/.local/lib/python3.12/site-packages/airflow/example_dags/example_external_task_marker_dag.py for tasks to queue
[2024-08-05T00:13:05.904+0000] {logging_mixin.py:188} INFO - [2024-08-05T00:13:05.903+0000] {dagbag.py:545} INFO - Filling up the DagBag from /home/airflow/.local/lib/python3.12/site-packages/airflow/example_dags/example_external_task_marker_dag.py
[2024-08-05T00:13:05.913+0000] {processor.py:840} INFO - DAG(s) 'example_external_task_marker_parent', 'example_external_task_marker_child' retrieved from /home/airflow/.local/lib/python3.12/site-packages/airflow/example_dags/example_external_task_marker_dag.py
[2024-08-05T00:13:05.933+0000] {logging_mixin.py:188} INFO - [2024-08-05T00:13:05.933+0000] {dag.py:3089} INFO - Sync 2 DAGs
[2024-08-05T00:13:05.941+0000] {logging_mixin.py:188} INFO - [2024-08-05T00:13:05.941+0000] {dag.py:3947} INFO - Setting next_dagrun for example_external_task_marker_child to None, run_after=None
[2024-08-05T00:13:05.943+0000] {logging_mixin.py:188} INFO - [2024-08-05T00:13:05.943+0000] {dag.py:3947} INFO - Setting next_dagrun for example_external_task_marker_parent to None, run_after=None
[2024-08-05T00:13:05.953+0000] {processor.py:183} INFO - Processing /home/airflow/.local/lib/python3.12/site-packages/airflow/example_dags/example_external_task_marker_dag.py took 0.060 seconds
[2024-08-05T00:13:36.684+0000] {processor.py:161} INFO - Started process (PID=14727) to work on /home/airflow/.local/lib/python3.12/site-packages/airflow/example_dags/example_external_task_marker_dag.py
[2024-08-05T00:13:36.685+0000] {processor.py:830} INFO - Processing file /home/airflow/.local/lib/python3.12/site-packages/airflow/example_dags/example_external_task_marker_dag.py for tasks to queue
[2024-08-05T00:13:36.686+0000] {logging_mixin.py:188} INFO - [2024-08-05T00:13:36.686+0000] {dagbag.py:545} INFO - Filling up the DagBag from /home/airflow/.local/lib/python3.12/site-packages/airflow/example_dags/example_external_task_marker_dag.py
[2024-08-05T00:13:36.690+0000] {processor.py:840} INFO - DAG(s) 'example_external_task_marker_child', 'example_external_task_marker_parent' retrieved from /home/airflow/.local/lib/python3.12/site-packages/airflow/example_dags/example_external_task_marker_dag.py
[2024-08-05T00:13:36.705+0000] {logging_mixin.py:188} INFO - [2024-08-05T00:13:36.705+0000] {dag.py:3089} INFO - Sync 2 DAGs
[2024-08-05T00:13:36.712+0000] {logging_mixin.py:188} INFO - [2024-08-05T00:13:36.712+0000] {dag.py:3947} INFO - Setting next_dagrun for example_external_task_marker_child to None, run_after=None
[2024-08-05T00:13:36.715+0000] {logging_mixin.py:188} INFO - [2024-08-05T00:13:36.715+0000] {dag.py:3947} INFO - Setting next_dagrun for example_external_task_marker_parent to None, run_after=None
[2024-08-05T00:13:36.724+0000] {processor.py:183} INFO - Processing /home/airflow/.local/lib/python3.12/site-packages/airflow/example_dags/example_external_task_marker_dag.py took 0.043 seconds
[2024-08-05T00:14:07.358+0000] {processor.py:161} INFO - Started process (PID=14788) to work on /home/airflow/.local/lib/python3.12/site-packages/airflow/example_dags/example_external_task_marker_dag.py
[2024-08-05T00:14:07.359+0000] {processor.py:830} INFO - Processing file /home/airflow/.local/lib/python3.12/site-packages/airflow/example_dags/example_external_task_marker_dag.py for tasks to queue
[2024-08-05T00:14:07.359+0000] {logging_mixin.py:188} INFO - [2024-08-05T00:14:07.359+0000] {dagbag.py:545} INFO - Filling up the DagBag from /home/airflow/.local/lib/python3.12/site-packages/airflow/example_dags/example_external_task_marker_dag.py
[2024-08-05T00:14:07.363+0000] {processor.py:840} INFO - DAG(s) 'example_external_task_marker_parent', 'example_external_task_marker_child' retrieved from /home/airflow/.local/lib/python3.12/site-packages/airflow/example_dags/example_external_task_marker_dag.py
[2024-08-05T00:14:07.377+0000] {logging_mixin.py:188} INFO - [2024-08-05T00:14:07.377+0000] {dag.py:3089} INFO - Sync 2 DAGs
[2024-08-05T00:14:07.383+0000] {logging_mixin.py:188} INFO - [2024-08-05T00:14:07.383+0000] {dag.py:3947} INFO - Setting next_dagrun for example_external_task_marker_child to None, run_after=None
[2024-08-05T00:14:07.385+0000] {logging_mixin.py:188} INFO - [2024-08-05T00:14:07.385+0000] {dag.py:3947} INFO - Setting next_dagrun for example_external_task_marker_parent to None, run_after=None
[2024-08-05T00:14:07.392+0000] {processor.py:183} INFO - Processing /home/airflow/.local/lib/python3.12/site-packages/airflow/example_dags/example_external_task_marker_dag.py took 0.037 seconds
[2024-08-05T00:14:38.433+0000] {processor.py:161} INFO - Started process (PID=14849) to work on /home/airflow/.local/lib/python3.12/site-packages/airflow/example_dags/example_external_task_marker_dag.py
[2024-08-05T00:14:38.434+0000] {processor.py:830} INFO - Processing file /home/airflow/.local/lib/python3.12/site-packages/airflow/example_dags/example_external_task_marker_dag.py for tasks to queue
[2024-08-05T00:14:38.434+0000] {logging_mixin.py:188} INFO - [2024-08-05T00:14:38.434+0000] {dagbag.py:545} INFO - Filling up the DagBag from /home/airflow/.local/lib/python3.12/site-packages/airflow/example_dags/example_external_task_marker_dag.py
[2024-08-05T00:14:38.438+0000] {processor.py:840} INFO - DAG(s) 'example_external_task_marker_parent', 'example_external_task_marker_child' retrieved from /home/airflow/.local/lib/python3.12/site-packages/airflow/example_dags/example_external_task_marker_dag.py
[2024-08-05T00:14:38.455+0000] {logging_mixin.py:188} INFO - [2024-08-05T00:14:38.455+0000] {dag.py:3089} INFO - Sync 2 DAGs
[2024-08-05T00:14:38.463+0000] {logging_mixin.py:188} INFO - [2024-08-05T00:14:38.463+0000] {dag.py:3947} INFO - Setting next_dagrun for example_external_task_marker_child to None, run_after=None
[2024-08-05T00:14:38.465+0000] {logging_mixin.py:188} INFO - [2024-08-05T00:14:38.465+0000] {dag.py:3947} INFO - Setting next_dagrun for example_external_task_marker_parent to None, run_after=None
[2024-08-05T00:14:38.476+0000] {processor.py:183} INFO - Processing /home/airflow/.local/lib/python3.12/site-packages/airflow/example_dags/example_external_task_marker_dag.py took 0.048 seconds
[2024-08-05T00:15:08.751+0000] {processor.py:161} INFO - Started process (PID=14910) to work on /home/airflow/.local/lib/python3.12/site-packages/airflow/example_dags/example_external_task_marker_dag.py
[2024-08-05T00:15:08.752+0000] {processor.py:830} INFO - Processing file /home/airflow/.local/lib/python3.12/site-packages/airflow/example_dags/example_external_task_marker_dag.py for tasks to queue
[2024-08-05T00:15:08.752+0000] {logging_mixin.py:188} INFO - [2024-08-05T00:15:08.752+0000] {dagbag.py:545} INFO - Filling up the DagBag from /home/airflow/.local/lib/python3.12/site-packages/airflow/example_dags/example_external_task_marker_dag.py
[2024-08-05T00:15:08.756+0000] {processor.py:840} INFO - DAG(s) 'example_external_task_marker_parent', 'example_external_task_marker_child' retrieved from /home/airflow/.local/lib/python3.12/site-packages/airflow/example_dags/example_external_task_marker_dag.py
[2024-08-05T00:15:08.769+0000] {logging_mixin.py:188} INFO - [2024-08-05T00:15:08.768+0000] {dag.py:3089} INFO - Sync 2 DAGs
[2024-08-05T00:15:08.774+0000] {logging_mixin.py:188} INFO - [2024-08-05T00:15:08.774+0000] {dag.py:3947} INFO - Setting next_dagrun for example_external_task_marker_child to None, run_after=None
[2024-08-05T00:15:08.776+0000] {logging_mixin.py:188} INFO - [2024-08-05T00:15:08.776+0000] {dag.py:3947} INFO - Setting next_dagrun for example_external_task_marker_parent to None, run_after=None
[2024-08-05T00:15:08.783+0000] {processor.py:183} INFO - Processing /home/airflow/.local/lib/python3.12/site-packages/airflow/example_dags/example_external_task_marker_dag.py took 0.034 seconds
[2024-08-05T00:15:39.853+0000] {processor.py:161} INFO - Started process (PID=14971) to work on /home/airflow/.local/lib/python3.12/site-packages/airflow/example_dags/example_external_task_marker_dag.py
[2024-08-05T00:15:39.854+0000] {processor.py:830} INFO - Processing file /home/airflow/.local/lib/python3.12/site-packages/airflow/example_dags/example_external_task_marker_dag.py for tasks to queue
[2024-08-05T00:15:39.854+0000] {logging_mixin.py:188} INFO - [2024-08-05T00:15:39.854+0000] {dagbag.py:545} INFO - Filling up the DagBag from /home/airflow/.local/lib/python3.12/site-packages/airflow/example_dags/example_external_task_marker_dag.py
[2024-08-05T00:15:39.860+0000] {processor.py:840} INFO - DAG(s) 'example_external_task_marker_child', 'example_external_task_marker_parent' retrieved from /home/airflow/.local/lib/python3.12/site-packages/airflow/example_dags/example_external_task_marker_dag.py
[2024-08-05T00:15:39.881+0000] {logging_mixin.py:188} INFO - [2024-08-05T00:15:39.881+0000] {dag.py:3089} INFO - Sync 2 DAGs
[2024-08-05T00:15:39.890+0000] {logging_mixin.py:188} INFO - [2024-08-05T00:15:39.890+0000] {dag.py:3947} INFO - Setting next_dagrun for example_external_task_marker_child to None, run_after=None
[2024-08-05T00:15:39.893+0000] {logging_mixin.py:188} INFO - [2024-08-05T00:15:39.893+0000] {dag.py:3947} INFO - Setting next_dagrun for example_external_task_marker_parent to None, run_after=None
[2024-08-05T00:15:39.906+0000] {processor.py:183} INFO - Processing /home/airflow/.local/lib/python3.12/site-packages/airflow/example_dags/example_external_task_marker_dag.py took 0.057 seconds
[2024-08-05T00:16:10.396+0000] {processor.py:161} INFO - Started process (PID=15042) to work on /home/airflow/.local/lib/python3.12/site-packages/airflow/example_dags/example_external_task_marker_dag.py
[2024-08-05T00:16:10.397+0000] {processor.py:830} INFO - Processing file /home/airflow/.local/lib/python3.12/site-packages/airflow/example_dags/example_external_task_marker_dag.py for tasks to queue
[2024-08-05T00:16:10.401+0000] {logging_mixin.py:188} INFO - [2024-08-05T00:16:10.401+0000] {dagbag.py:545} INFO - Filling up the DagBag from /home/airflow/.local/lib/python3.12/site-packages/airflow/example_dags/example_external_task_marker_dag.py
[2024-08-05T00:16:10.411+0000] {processor.py:840} INFO - DAG(s) 'example_external_task_marker_child', 'example_external_task_marker_parent' retrieved from /home/airflow/.local/lib/python3.12/site-packages/airflow/example_dags/example_external_task_marker_dag.py
[2024-08-05T00:16:10.452+0000] {logging_mixin.py:188} INFO - [2024-08-05T00:16:10.451+0000] {dag.py:3089} INFO - Sync 2 DAGs
[2024-08-05T00:16:10.466+0000] {logging_mixin.py:188} INFO - [2024-08-05T00:16:10.465+0000] {dag.py:3947} INFO - Setting next_dagrun for example_external_task_marker_child to None, run_after=None
[2024-08-05T00:16:10.473+0000] {logging_mixin.py:188} INFO - [2024-08-05T00:16:10.472+0000] {dag.py:3947} INFO - Setting next_dagrun for example_external_task_marker_parent to None, run_after=None
[2024-08-05T00:16:10.499+0000] {processor.py:183} INFO - Processing /home/airflow/.local/lib/python3.12/site-packages/airflow/example_dags/example_external_task_marker_dag.py took 0.108 seconds
[2024-08-05T00:16:41.572+0000] {processor.py:161} INFO - Started process (PID=15103) to work on /home/airflow/.local/lib/python3.12/site-packages/airflow/example_dags/example_external_task_marker_dag.py
[2024-08-05T00:16:41.573+0000] {processor.py:830} INFO - Processing file /home/airflow/.local/lib/python3.12/site-packages/airflow/example_dags/example_external_task_marker_dag.py for tasks to queue
[2024-08-05T00:16:41.576+0000] {logging_mixin.py:188} INFO - [2024-08-05T00:16:41.576+0000] {dagbag.py:545} INFO - Filling up the DagBag from /home/airflow/.local/lib/python3.12/site-packages/airflow/example_dags/example_external_task_marker_dag.py
[2024-08-05T00:16:41.581+0000] {processor.py:840} INFO - DAG(s) 'example_external_task_marker_child', 'example_external_task_marker_parent' retrieved from /home/airflow/.local/lib/python3.12/site-packages/airflow/example_dags/example_external_task_marker_dag.py
[2024-08-05T00:16:41.599+0000] {logging_mixin.py:188} INFO - [2024-08-05T00:16:41.599+0000] {dag.py:3089} INFO - Sync 2 DAGs
[2024-08-05T00:16:41.608+0000] {logging_mixin.py:188} INFO - [2024-08-05T00:16:41.607+0000] {dag.py:3947} INFO - Setting next_dagrun for example_external_task_marker_child to None, run_after=None
[2024-08-05T00:16:41.610+0000] {logging_mixin.py:188} INFO - [2024-08-05T00:16:41.610+0000] {dag.py:3947} INFO - Setting next_dagrun for example_external_task_marker_parent to None, run_after=None
[2024-08-05T00:16:41.620+0000] {processor.py:183} INFO - Processing /home/airflow/.local/lib/python3.12/site-packages/airflow/example_dags/example_external_task_marker_dag.py took 0.052 seconds
[2024-08-05T00:17:12.546+0000] {processor.py:161} INFO - Started process (PID=15164) to work on /home/airflow/.local/lib/python3.12/site-packages/airflow/example_dags/example_external_task_marker_dag.py
[2024-08-05T00:17:12.547+0000] {processor.py:830} INFO - Processing file /home/airflow/.local/lib/python3.12/site-packages/airflow/example_dags/example_external_task_marker_dag.py for tasks to queue
[2024-08-05T00:17:12.550+0000] {logging_mixin.py:188} INFO - [2024-08-05T00:17:12.550+0000] {dagbag.py:545} INFO - Filling up the DagBag from /home/airflow/.local/lib/python3.12/site-packages/airflow/example_dags/example_external_task_marker_dag.py
[2024-08-05T00:17:12.562+0000] {processor.py:840} INFO - DAG(s) 'example_external_task_marker_parent', 'example_external_task_marker_child' retrieved from /home/airflow/.local/lib/python3.12/site-packages/airflow/example_dags/example_external_task_marker_dag.py
[2024-08-05T00:17:12.591+0000] {logging_mixin.py:188} INFO - [2024-08-05T00:17:12.590+0000] {dag.py:3089} INFO - Sync 2 DAGs
[2024-08-05T00:17:12.600+0000] {logging_mixin.py:188} INFO - [2024-08-05T00:17:12.600+0000] {dag.py:3947} INFO - Setting next_dagrun for example_external_task_marker_child to None, run_after=None
[2024-08-05T00:17:12.603+0000] {logging_mixin.py:188} INFO - [2024-08-05T00:17:12.603+0000] {dag.py:3947} INFO - Setting next_dagrun for example_external_task_marker_parent to None, run_after=None
[2024-08-05T00:17:12.619+0000] {processor.py:183} INFO - Processing /home/airflow/.local/lib/python3.12/site-packages/airflow/example_dags/example_external_task_marker_dag.py took 0.080 seconds
[2024-08-05T00:17:42.801+0000] {processor.py:161} INFO - Started process (PID=15235) to work on /home/airflow/.local/lib/python3.12/site-packages/airflow/example_dags/example_external_task_marker_dag.py
[2024-08-05T00:17:42.802+0000] {processor.py:830} INFO - Processing file /home/airflow/.local/lib/python3.12/site-packages/airflow/example_dags/example_external_task_marker_dag.py for tasks to queue
[2024-08-05T00:17:42.808+0000] {logging_mixin.py:188} INFO - [2024-08-05T00:17:42.807+0000] {dagbag.py:545} INFO - Filling up the DagBag from /home/airflow/.local/lib/python3.12/site-packages/airflow/example_dags/example_external_task_marker_dag.py
[2024-08-05T00:17:42.813+0000] {processor.py:840} INFO - DAG(s) 'example_external_task_marker_parent', 'example_external_task_marker_child' retrieved from /home/airflow/.local/lib/python3.12/site-packages/airflow/example_dags/example_external_task_marker_dag.py
[2024-08-05T00:17:42.836+0000] {logging_mixin.py:188} INFO - [2024-08-05T00:17:42.836+0000] {dag.py:3089} INFO - Sync 2 DAGs
[2024-08-05T00:17:42.848+0000] {logging_mixin.py:188} INFO - [2024-08-05T00:17:42.848+0000] {dag.py:3947} INFO - Setting next_dagrun for example_external_task_marker_child to None, run_after=None
[2024-08-05T00:17:42.851+0000] {logging_mixin.py:188} INFO - [2024-08-05T00:17:42.851+0000] {dag.py:3947} INFO - Setting next_dagrun for example_external_task_marker_parent to None, run_after=None
[2024-08-05T00:17:42.878+0000] {processor.py:183} INFO - Processing /home/airflow/.local/lib/python3.12/site-packages/airflow/example_dags/example_external_task_marker_dag.py took 0.081 seconds
[2024-08-05T00:18:13.612+0000] {processor.py:161} INFO - Started process (PID=15296) to work on /home/airflow/.local/lib/python3.12/site-packages/airflow/example_dags/example_external_task_marker_dag.py
[2024-08-05T00:18:13.613+0000] {processor.py:830} INFO - Processing file /home/airflow/.local/lib/python3.12/site-packages/airflow/example_dags/example_external_task_marker_dag.py for tasks to queue
[2024-08-05T00:18:13.614+0000] {logging_mixin.py:188} INFO - [2024-08-05T00:18:13.613+0000] {dagbag.py:545} INFO - Filling up the DagBag from /home/airflow/.local/lib/python3.12/site-packages/airflow/example_dags/example_external_task_marker_dag.py
[2024-08-05T00:18:13.618+0000] {processor.py:840} INFO - DAG(s) 'example_external_task_marker_child', 'example_external_task_marker_parent' retrieved from /home/airflow/.local/lib/python3.12/site-packages/airflow/example_dags/example_external_task_marker_dag.py
[2024-08-05T00:18:13.632+0000] {logging_mixin.py:188} INFO - [2024-08-05T00:18:13.632+0000] {dag.py:3089} INFO - Sync 2 DAGs
[2024-08-05T00:18:13.640+0000] {logging_mixin.py:188} INFO - [2024-08-05T00:18:13.640+0000] {dag.py:3947} INFO - Setting next_dagrun for example_external_task_marker_child to None, run_after=None
[2024-08-05T00:18:13.642+0000] {logging_mixin.py:188} INFO - [2024-08-05T00:18:13.642+0000] {dag.py:3947} INFO - Setting next_dagrun for example_external_task_marker_parent to None, run_after=None
[2024-08-05T00:18:13.650+0000] {processor.py:183} INFO - Processing /home/airflow/.local/lib/python3.12/site-packages/airflow/example_dags/example_external_task_marker_dag.py took 0.042 seconds
[2024-08-05T00:18:43.942+0000] {processor.py:161} INFO - Started process (PID=15357) to work on /home/airflow/.local/lib/python3.12/site-packages/airflow/example_dags/example_external_task_marker_dag.py
[2024-08-05T00:18:43.943+0000] {processor.py:830} INFO - Processing file /home/airflow/.local/lib/python3.12/site-packages/airflow/example_dags/example_external_task_marker_dag.py for tasks to queue
[2024-08-05T00:18:43.944+0000] {logging_mixin.py:188} INFO - [2024-08-05T00:18:43.944+0000] {dagbag.py:545} INFO - Filling up the DagBag from /home/airflow/.local/lib/python3.12/site-packages/airflow/example_dags/example_external_task_marker_dag.py
[2024-08-05T00:18:43.950+0000] {processor.py:840} INFO - DAG(s) 'example_external_task_marker_child', 'example_external_task_marker_parent' retrieved from /home/airflow/.local/lib/python3.12/site-packages/airflow/example_dags/example_external_task_marker_dag.py
[2024-08-05T00:18:43.989+0000] {logging_mixin.py:188} INFO - [2024-08-05T00:18:43.989+0000] {dag.py:3089} INFO - Sync 2 DAGs
[2024-08-05T00:18:44.000+0000] {logging_mixin.py:188} INFO - [2024-08-05T00:18:44.000+0000] {dag.py:3947} INFO - Setting next_dagrun for example_external_task_marker_child to None, run_after=None
[2024-08-05T00:18:44.004+0000] {logging_mixin.py:188} INFO - [2024-08-05T00:18:44.004+0000] {dag.py:3947} INFO - Setting next_dagrun for example_external_task_marker_parent to None, run_after=None
[2024-08-05T00:18:44.019+0000] {processor.py:183} INFO - Processing /home/airflow/.local/lib/python3.12/site-packages/airflow/example_dags/example_external_task_marker_dag.py took 0.081 seconds
[2024-08-05T00:19:14.555+0000] {processor.py:161} INFO - Started process (PID=15418) to work on /home/airflow/.local/lib/python3.12/site-packages/airflow/example_dags/example_external_task_marker_dag.py
[2024-08-05T00:19:14.556+0000] {processor.py:830} INFO - Processing file /home/airflow/.local/lib/python3.12/site-packages/airflow/example_dags/example_external_task_marker_dag.py for tasks to queue
[2024-08-05T00:19:14.557+0000] {logging_mixin.py:188} INFO - [2024-08-05T00:19:14.557+0000] {dagbag.py:545} INFO - Filling up the DagBag from /home/airflow/.local/lib/python3.12/site-packages/airflow/example_dags/example_external_task_marker_dag.py
[2024-08-05T00:19:14.561+0000] {processor.py:840} INFO - DAG(s) 'example_external_task_marker_parent', 'example_external_task_marker_child' retrieved from /home/airflow/.local/lib/python3.12/site-packages/airflow/example_dags/example_external_task_marker_dag.py
[2024-08-05T00:19:14.577+0000] {logging_mixin.py:188} INFO - [2024-08-05T00:19:14.577+0000] {dag.py:3089} INFO - Sync 2 DAGs
[2024-08-05T00:19:14.583+0000] {logging_mixin.py:188} INFO - [2024-08-05T00:19:14.583+0000] {dag.py:3947} INFO - Setting next_dagrun for example_external_task_marker_child to None, run_after=None
[2024-08-05T00:19:14.585+0000] {logging_mixin.py:188} INFO - [2024-08-05T00:19:14.585+0000] {dag.py:3947} INFO - Setting next_dagrun for example_external_task_marker_parent to None, run_after=None
[2024-08-05T00:19:14.595+0000] {processor.py:183} INFO - Processing /home/airflow/.local/lib/python3.12/site-packages/airflow/example_dags/example_external_task_marker_dag.py took 0.044 seconds
[2024-08-05T00:19:45.728+0000] {processor.py:161} INFO - Started process (PID=15481) to work on /home/airflow/.local/lib/python3.12/site-packages/airflow/example_dags/example_external_task_marker_dag.py
[2024-08-05T00:19:45.730+0000] {processor.py:830} INFO - Processing file /home/airflow/.local/lib/python3.12/site-packages/airflow/example_dags/example_external_task_marker_dag.py for tasks to queue
[2024-08-05T00:19:45.731+0000] {logging_mixin.py:188} INFO - [2024-08-05T00:19:45.731+0000] {dagbag.py:545} INFO - Filling up the DagBag from /home/airflow/.local/lib/python3.12/site-packages/airflow/example_dags/example_external_task_marker_dag.py
[2024-08-05T00:19:45.741+0000] {processor.py:840} INFO - DAG(s) 'example_external_task_marker_parent', 'example_external_task_marker_child' retrieved from /home/airflow/.local/lib/python3.12/site-packages/airflow/example_dags/example_external_task_marker_dag.py
[2024-08-05T00:19:45.769+0000] {logging_mixin.py:188} INFO - [2024-08-05T00:19:45.769+0000] {dag.py:3089} INFO - Sync 2 DAGs
[2024-08-05T00:19:45.783+0000] {logging_mixin.py:188} INFO - [2024-08-05T00:19:45.783+0000] {dag.py:3947} INFO - Setting next_dagrun for example_external_task_marker_child to None, run_after=None
[2024-08-05T00:19:45.793+0000] {logging_mixin.py:188} INFO - [2024-08-05T00:19:45.792+0000] {dag.py:3947} INFO - Setting next_dagrun for example_external_task_marker_parent to None, run_after=None
[2024-08-05T00:19:45.809+0000] {processor.py:183} INFO - Processing /home/airflow/.local/lib/python3.12/site-packages/airflow/example_dags/example_external_task_marker_dag.py took 0.087 seconds
[2024-08-05T00:20:17.088+0000] {processor.py:161} INFO - Started process (PID=15553) to work on /home/airflow/.local/lib/python3.12/site-packages/airflow/example_dags/example_external_task_marker_dag.py
[2024-08-05T00:20:17.089+0000] {processor.py:830} INFO - Processing file /home/airflow/.local/lib/python3.12/site-packages/airflow/example_dags/example_external_task_marker_dag.py for tasks to queue
[2024-08-05T00:20:17.090+0000] {logging_mixin.py:188} INFO - [2024-08-05T00:20:17.090+0000] {dagbag.py:545} INFO - Filling up the DagBag from /home/airflow/.local/lib/python3.12/site-packages/airflow/example_dags/example_external_task_marker_dag.py
[2024-08-05T00:20:17.099+0000] {processor.py:840} INFO - DAG(s) 'example_external_task_marker_parent', 'example_external_task_marker_child' retrieved from /home/airflow/.local/lib/python3.12/site-packages/airflow/example_dags/example_external_task_marker_dag.py
[2024-08-05T00:20:17.135+0000] {logging_mixin.py:188} INFO - [2024-08-05T00:20:17.135+0000] {dag.py:3089} INFO - Sync 2 DAGs
[2024-08-05T00:20:17.149+0000] {logging_mixin.py:188} INFO - [2024-08-05T00:20:17.149+0000] {dag.py:3947} INFO - Setting next_dagrun for example_external_task_marker_child to None, run_after=None
[2024-08-05T00:20:17.160+0000] {logging_mixin.py:188} INFO - [2024-08-05T00:20:17.159+0000] {dag.py:3947} INFO - Setting next_dagrun for example_external_task_marker_parent to None, run_after=None
[2024-08-05T00:20:17.188+0000] {processor.py:183} INFO - Processing /home/airflow/.local/lib/python3.12/site-packages/airflow/example_dags/example_external_task_marker_dag.py took 0.106 seconds
[2024-08-05T00:20:47.376+0000] {processor.py:161} INFO - Started process (PID=15624) to work on /home/airflow/.local/lib/python3.12/site-packages/airflow/example_dags/example_external_task_marker_dag.py
[2024-08-05T00:20:47.378+0000] {processor.py:830} INFO - Processing file /home/airflow/.local/lib/python3.12/site-packages/airflow/example_dags/example_external_task_marker_dag.py for tasks to queue
[2024-08-05T00:20:47.379+0000] {logging_mixin.py:188} INFO - [2024-08-05T00:20:47.378+0000] {dagbag.py:545} INFO - Filling up the DagBag from /home/airflow/.local/lib/python3.12/site-packages/airflow/example_dags/example_external_task_marker_dag.py
[2024-08-05T00:20:47.384+0000] {processor.py:840} INFO - DAG(s) 'example_external_task_marker_child', 'example_external_task_marker_parent' retrieved from /home/airflow/.local/lib/python3.12/site-packages/airflow/example_dags/example_external_task_marker_dag.py
[2024-08-05T00:20:47.402+0000] {logging_mixin.py:188} INFO - [2024-08-05T00:20:47.402+0000] {dag.py:3089} INFO - Sync 2 DAGs
[2024-08-05T00:20:47.411+0000] {logging_mixin.py:188} INFO - [2024-08-05T00:20:47.410+0000] {dag.py:3947} INFO - Setting next_dagrun for example_external_task_marker_child to None, run_after=None
[2024-08-05T00:20:47.413+0000] {logging_mixin.py:188} INFO - [2024-08-05T00:20:47.413+0000] {dag.py:3947} INFO - Setting next_dagrun for example_external_task_marker_parent to None, run_after=None
[2024-08-05T00:20:47.425+0000] {processor.py:183} INFO - Processing /home/airflow/.local/lib/python3.12/site-packages/airflow/example_dags/example_external_task_marker_dag.py took 0.066 seconds
[2024-08-05T00:21:18.730+0000] {processor.py:161} INFO - Started process (PID=15691) to work on /home/airflow/.local/lib/python3.12/site-packages/airflow/example_dags/example_external_task_marker_dag.py
[2024-08-05T00:21:18.732+0000] {processor.py:830} INFO - Processing file /home/airflow/.local/lib/python3.12/site-packages/airflow/example_dags/example_external_task_marker_dag.py for tasks to queue
[2024-08-05T00:21:18.733+0000] {logging_mixin.py:188} INFO - [2024-08-05T00:21:18.732+0000] {dagbag.py:545} INFO - Filling up the DagBag from /home/airflow/.local/lib/python3.12/site-packages/airflow/example_dags/example_external_task_marker_dag.py
[2024-08-05T00:21:18.742+0000] {processor.py:840} INFO - DAG(s) 'example_external_task_marker_parent', 'example_external_task_marker_child' retrieved from /home/airflow/.local/lib/python3.12/site-packages/airflow/example_dags/example_external_task_marker_dag.py
[2024-08-05T00:21:18.791+0000] {logging_mixin.py:188} INFO - [2024-08-05T00:21:18.791+0000] {dag.py:3089} INFO - Sync 2 DAGs
[2024-08-05T00:21:18.805+0000] {logging_mixin.py:188} INFO - [2024-08-05T00:21:18.804+0000] {dag.py:3947} INFO - Setting next_dagrun for example_external_task_marker_child to None, run_after=None
[2024-08-05T00:21:18.810+0000] {logging_mixin.py:188} INFO - [2024-08-05T00:21:18.810+0000] {dag.py:3947} INFO - Setting next_dagrun for example_external_task_marker_parent to None, run_after=None
[2024-08-05T00:21:18.823+0000] {processor.py:183} INFO - Processing /home/airflow/.local/lib/python3.12/site-packages/airflow/example_dags/example_external_task_marker_dag.py took 0.101 seconds
[2024-08-05T00:21:49.026+0000] {processor.py:161} INFO - Started process (PID=15751) to work on /home/airflow/.local/lib/python3.12/site-packages/airflow/example_dags/example_external_task_marker_dag.py
[2024-08-05T00:21:49.027+0000] {processor.py:830} INFO - Processing file /home/airflow/.local/lib/python3.12/site-packages/airflow/example_dags/example_external_task_marker_dag.py for tasks to queue
[2024-08-05T00:21:49.028+0000] {logging_mixin.py:188} INFO - [2024-08-05T00:21:49.028+0000] {dagbag.py:545} INFO - Filling up the DagBag from /home/airflow/.local/lib/python3.12/site-packages/airflow/example_dags/example_external_task_marker_dag.py
[2024-08-05T00:21:49.032+0000] {processor.py:840} INFO - DAG(s) 'example_external_task_marker_parent', 'example_external_task_marker_child' retrieved from /home/airflow/.local/lib/python3.12/site-packages/airflow/example_dags/example_external_task_marker_dag.py
[2024-08-05T00:21:49.047+0000] {logging_mixin.py:188} INFO - [2024-08-05T00:21:49.047+0000] {dag.py:3089} INFO - Sync 2 DAGs
[2024-08-05T00:21:49.054+0000] {logging_mixin.py:188} INFO - [2024-08-05T00:21:49.054+0000] {dag.py:3947} INFO - Setting next_dagrun for example_external_task_marker_child to None, run_after=None
[2024-08-05T00:21:49.057+0000] {logging_mixin.py:188} INFO - [2024-08-05T00:21:49.056+0000] {dag.py:3947} INFO - Setting next_dagrun for example_external_task_marker_parent to None, run_after=None
[2024-08-05T00:21:49.065+0000] {processor.py:183} INFO - Processing /home/airflow/.local/lib/python3.12/site-packages/airflow/example_dags/example_external_task_marker_dag.py took 0.044 seconds
[2024-08-05T00:22:19.629+0000] {processor.py:161} INFO - Started process (PID=15812) to work on /home/airflow/.local/lib/python3.12/site-packages/airflow/example_dags/example_external_task_marker_dag.py
[2024-08-05T00:22:19.630+0000] {processor.py:830} INFO - Processing file /home/airflow/.local/lib/python3.12/site-packages/airflow/example_dags/example_external_task_marker_dag.py for tasks to queue
[2024-08-05T00:22:19.630+0000] {logging_mixin.py:188} INFO - [2024-08-05T00:22:19.630+0000] {dagbag.py:545} INFO - Filling up the DagBag from /home/airflow/.local/lib/python3.12/site-packages/airflow/example_dags/example_external_task_marker_dag.py
[2024-08-05T00:22:19.634+0000] {processor.py:840} INFO - DAG(s) 'example_external_task_marker_child', 'example_external_task_marker_parent' retrieved from /home/airflow/.local/lib/python3.12/site-packages/airflow/example_dags/example_external_task_marker_dag.py
[2024-08-05T00:22:19.649+0000] {logging_mixin.py:188} INFO - [2024-08-05T00:22:19.649+0000] {dag.py:3089} INFO - Sync 2 DAGs
[2024-08-05T00:22:19.655+0000] {logging_mixin.py:188} INFO - [2024-08-05T00:22:19.655+0000] {dag.py:3947} INFO - Setting next_dagrun for example_external_task_marker_child to None, run_after=None
[2024-08-05T00:22:19.657+0000] {logging_mixin.py:188} INFO - [2024-08-05T00:22:19.657+0000] {dag.py:3947} INFO - Setting next_dagrun for example_external_task_marker_parent to None, run_after=None
[2024-08-05T00:22:19.668+0000] {processor.py:183} INFO - Processing /home/airflow/.local/lib/python3.12/site-packages/airflow/example_dags/example_external_task_marker_dag.py took 0.043 seconds
