[2024-08-05T00:00:14.905+0000] {processor.py:161} INFO - Started process (PID=13074) to work on /home/airflow/.local/lib/python3.12/site-packages/airflow/example_dags/example_python_operator.py
[2024-08-05T00:00:14.907+0000] {processor.py:830} INFO - Processing file /home/airflow/.local/lib/python3.12/site-packages/airflow/example_dags/example_python_operator.py for tasks to queue
[2024-08-05T00:00:14.909+0000] {logging_mixin.py:188} INFO - [2024-08-05T00:00:14.908+0000] {dagbag.py:545} INFO - Filling up the DagBag from /home/airflow/.local/lib/python3.12/site-packages/airflow/example_dags/example_python_operator.py
[2024-08-05T00:00:14.970+0000] {processor.py:840} INFO - DAG(s) 'example_python_operator' retrieved from /home/airflow/.local/lib/python3.12/site-packages/airflow/example_dags/example_python_operator.py
[2024-08-05T00:00:15.012+0000] {logging_mixin.py:188} INFO - [2024-08-05T00:00:15.012+0000] {dag.py:3089} INFO - Sync 1 DAGs
[2024-08-05T00:00:15.038+0000] {logging_mixin.py:188} INFO - [2024-08-05T00:00:15.038+0000] {dag.py:3947} INFO - Setting next_dagrun for example_python_operator to None, run_after=None
[2024-08-05T00:00:15.071+0000] {processor.py:183} INFO - Processing /home/airflow/.local/lib/python3.12/site-packages/airflow/example_dags/example_python_operator.py took 0.176 seconds
[2024-08-05T00:00:46.165+0000] {processor.py:161} INFO - Started process (PID=13144) to work on /home/airflow/.local/lib/python3.12/site-packages/airflow/example_dags/example_python_operator.py
[2024-08-05T00:00:46.174+0000] {processor.py:830} INFO - Processing file /home/airflow/.local/lib/python3.12/site-packages/airflow/example_dags/example_python_operator.py for tasks to queue
[2024-08-05T00:00:46.177+0000] {logging_mixin.py:188} INFO - [2024-08-05T00:00:46.177+0000] {dagbag.py:545} INFO - Filling up the DagBag from /home/airflow/.local/lib/python3.12/site-packages/airflow/example_dags/example_python_operator.py
[2024-08-05T00:00:46.228+0000] {processor.py:840} INFO - DAG(s) 'example_python_operator' retrieved from /home/airflow/.local/lib/python3.12/site-packages/airflow/example_dags/example_python_operator.py
[2024-08-05T00:00:46.286+0000] {logging_mixin.py:188} INFO - [2024-08-05T00:00:46.286+0000] {dag.py:3089} INFO - Sync 1 DAGs
[2024-08-05T00:00:46.299+0000] {logging_mixin.py:188} INFO - [2024-08-05T00:00:46.299+0000] {dag.py:3947} INFO - Setting next_dagrun for example_python_operator to None, run_after=None
[2024-08-05T00:00:46.330+0000] {processor.py:183} INFO - Processing /home/airflow/.local/lib/python3.12/site-packages/airflow/example_dags/example_python_operator.py took 0.182 seconds
[2024-08-05T00:01:16.800+0000] {processor.py:161} INFO - Started process (PID=13210) to work on /home/airflow/.local/lib/python3.12/site-packages/airflow/example_dags/example_python_operator.py
[2024-08-05T00:01:16.803+0000] {processor.py:830} INFO - Processing file /home/airflow/.local/lib/python3.12/site-packages/airflow/example_dags/example_python_operator.py for tasks to queue
[2024-08-05T00:01:16.804+0000] {logging_mixin.py:188} INFO - [2024-08-05T00:01:16.803+0000] {dagbag.py:545} INFO - Filling up the DagBag from /home/airflow/.local/lib/python3.12/site-packages/airflow/example_dags/example_python_operator.py
[2024-08-05T00:01:16.822+0000] {processor.py:840} INFO - DAG(s) 'example_python_operator' retrieved from /home/airflow/.local/lib/python3.12/site-packages/airflow/example_dags/example_python_operator.py
[2024-08-05T00:01:16.846+0000] {logging_mixin.py:188} INFO - [2024-08-05T00:01:16.846+0000] {dag.py:3089} INFO - Sync 1 DAGs
[2024-08-05T00:01:16.855+0000] {logging_mixin.py:188} INFO - [2024-08-05T00:01:16.855+0000] {dag.py:3947} INFO - Setting next_dagrun for example_python_operator to None, run_after=None
[2024-08-05T00:01:16.868+0000] {processor.py:183} INFO - Processing /home/airflow/.local/lib/python3.12/site-packages/airflow/example_dags/example_python_operator.py took 0.074 seconds
[2024-08-05T00:01:47.577+0000] {processor.py:161} INFO - Started process (PID=13281) to work on /home/airflow/.local/lib/python3.12/site-packages/airflow/example_dags/example_python_operator.py
[2024-08-05T00:01:47.579+0000] {processor.py:830} INFO - Processing file /home/airflow/.local/lib/python3.12/site-packages/airflow/example_dags/example_python_operator.py for tasks to queue
[2024-08-05T00:01:47.580+0000] {logging_mixin.py:188} INFO - [2024-08-05T00:01:47.580+0000] {dagbag.py:545} INFO - Filling up the DagBag from /home/airflow/.local/lib/python3.12/site-packages/airflow/example_dags/example_python_operator.py
[2024-08-05T00:01:47.594+0000] {processor.py:840} INFO - DAG(s) 'example_python_operator' retrieved from /home/airflow/.local/lib/python3.12/site-packages/airflow/example_dags/example_python_operator.py
[2024-08-05T00:01:47.611+0000] {logging_mixin.py:188} INFO - [2024-08-05T00:01:47.611+0000] {dag.py:3089} INFO - Sync 1 DAGs
[2024-08-05T00:01:47.618+0000] {logging_mixin.py:188} INFO - [2024-08-05T00:01:47.618+0000] {dag.py:3947} INFO - Setting next_dagrun for example_python_operator to None, run_after=None
[2024-08-05T00:01:47.636+0000] {processor.py:183} INFO - Processing /home/airflow/.local/lib/python3.12/site-packages/airflow/example_dags/example_python_operator.py took 0.064 seconds
[2024-08-05T00:02:18.180+0000] {processor.py:161} INFO - Started process (PID=13342) to work on /home/airflow/.local/lib/python3.12/site-packages/airflow/example_dags/example_python_operator.py
[2024-08-05T00:02:18.182+0000] {processor.py:830} INFO - Processing file /home/airflow/.local/lib/python3.12/site-packages/airflow/example_dags/example_python_operator.py for tasks to queue
[2024-08-05T00:02:18.188+0000] {logging_mixin.py:188} INFO - [2024-08-05T00:02:18.187+0000] {dagbag.py:545} INFO - Filling up the DagBag from /home/airflow/.local/lib/python3.12/site-packages/airflow/example_dags/example_python_operator.py
[2024-08-05T00:02:18.195+0000] {processor.py:840} INFO - DAG(s) 'example_python_operator' retrieved from /home/airflow/.local/lib/python3.12/site-packages/airflow/example_dags/example_python_operator.py
[2024-08-05T00:02:18.210+0000] {logging_mixin.py:188} INFO - [2024-08-05T00:02:18.210+0000] {dag.py:3089} INFO - Sync 1 DAGs
[2024-08-05T00:02:18.217+0000] {logging_mixin.py:188} INFO - [2024-08-05T00:02:18.217+0000] {dag.py:3947} INFO - Setting next_dagrun for example_python_operator to None, run_after=None
[2024-08-05T00:02:18.230+0000] {processor.py:183} INFO - Processing /home/airflow/.local/lib/python3.12/site-packages/airflow/example_dags/example_python_operator.py took 0.054 seconds
[2024-08-05T00:02:48.639+0000] {processor.py:161} INFO - Started process (PID=13403) to work on /home/airflow/.local/lib/python3.12/site-packages/airflow/example_dags/example_python_operator.py
[2024-08-05T00:02:48.640+0000] {processor.py:830} INFO - Processing file /home/airflow/.local/lib/python3.12/site-packages/airflow/example_dags/example_python_operator.py for tasks to queue
[2024-08-05T00:02:48.641+0000] {logging_mixin.py:188} INFO - [2024-08-05T00:02:48.641+0000] {dagbag.py:545} INFO - Filling up the DagBag from /home/airflow/.local/lib/python3.12/site-packages/airflow/example_dags/example_python_operator.py
[2024-08-05T00:02:48.654+0000] {processor.py:840} INFO - DAG(s) 'example_python_operator' retrieved from /home/airflow/.local/lib/python3.12/site-packages/airflow/example_dags/example_python_operator.py
[2024-08-05T00:02:48.675+0000] {logging_mixin.py:188} INFO - [2024-08-05T00:02:48.675+0000] {dag.py:3089} INFO - Sync 1 DAGs
[2024-08-05T00:02:48.686+0000] {logging_mixin.py:188} INFO - [2024-08-05T00:02:48.685+0000] {dag.py:3947} INFO - Setting next_dagrun for example_python_operator to None, run_after=None
[2024-08-05T00:02:48.699+0000] {processor.py:183} INFO - Processing /home/airflow/.local/lib/python3.12/site-packages/airflow/example_dags/example_python_operator.py took 0.064 seconds
[2024-08-05T00:03:19.604+0000] {processor.py:161} INFO - Started process (PID=13464) to work on /home/airflow/.local/lib/python3.12/site-packages/airflow/example_dags/example_python_operator.py
[2024-08-05T00:03:19.604+0000] {processor.py:830} INFO - Processing file /home/airflow/.local/lib/python3.12/site-packages/airflow/example_dags/example_python_operator.py for tasks to queue
[2024-08-05T00:03:19.605+0000] {logging_mixin.py:188} INFO - [2024-08-05T00:03:19.605+0000] {dagbag.py:545} INFO - Filling up the DagBag from /home/airflow/.local/lib/python3.12/site-packages/airflow/example_dags/example_python_operator.py
[2024-08-05T00:03:19.614+0000] {processor.py:840} INFO - DAG(s) 'example_python_operator' retrieved from /home/airflow/.local/lib/python3.12/site-packages/airflow/example_dags/example_python_operator.py
[2024-08-05T00:03:19.630+0000] {logging_mixin.py:188} INFO - [2024-08-05T00:03:19.630+0000] {dag.py:3089} INFO - Sync 1 DAGs
[2024-08-05T00:03:19.637+0000] {logging_mixin.py:188} INFO - [2024-08-05T00:03:19.637+0000] {dag.py:3947} INFO - Setting next_dagrun for example_python_operator to None, run_after=None
[2024-08-05T00:03:19.651+0000] {processor.py:183} INFO - Processing /home/airflow/.local/lib/python3.12/site-packages/airflow/example_dags/example_python_operator.py took 0.052 seconds
[2024-08-05T00:03:49.849+0000] {processor.py:161} INFO - Started process (PID=13524) to work on /home/airflow/.local/lib/python3.12/site-packages/airflow/example_dags/example_python_operator.py
[2024-08-05T00:03:49.850+0000] {processor.py:830} INFO - Processing file /home/airflow/.local/lib/python3.12/site-packages/airflow/example_dags/example_python_operator.py for tasks to queue
[2024-08-05T00:03:49.851+0000] {logging_mixin.py:188} INFO - [2024-08-05T00:03:49.850+0000] {dagbag.py:545} INFO - Filling up the DagBag from /home/airflow/.local/lib/python3.12/site-packages/airflow/example_dags/example_python_operator.py
[2024-08-05T00:03:49.858+0000] {processor.py:840} INFO - DAG(s) 'example_python_operator' retrieved from /home/airflow/.local/lib/python3.12/site-packages/airflow/example_dags/example_python_operator.py
[2024-08-05T00:03:49.872+0000] {logging_mixin.py:188} INFO - [2024-08-05T00:03:49.872+0000] {dag.py:3089} INFO - Sync 1 DAGs
[2024-08-05T00:03:49.878+0000] {logging_mixin.py:188} INFO - [2024-08-05T00:03:49.878+0000] {dag.py:3947} INFO - Setting next_dagrun for example_python_operator to None, run_after=None
[2024-08-05T00:03:49.887+0000] {processor.py:183} INFO - Processing /home/airflow/.local/lib/python3.12/site-packages/airflow/example_dags/example_python_operator.py took 0.043 seconds
[2024-08-05T00:04:20.075+0000] {processor.py:161} INFO - Started process (PID=13585) to work on /home/airflow/.local/lib/python3.12/site-packages/airflow/example_dags/example_python_operator.py
[2024-08-05T00:04:20.077+0000] {processor.py:830} INFO - Processing file /home/airflow/.local/lib/python3.12/site-packages/airflow/example_dags/example_python_operator.py for tasks to queue
[2024-08-05T00:04:20.077+0000] {logging_mixin.py:188} INFO - [2024-08-05T00:04:20.077+0000] {dagbag.py:545} INFO - Filling up the DagBag from /home/airflow/.local/lib/python3.12/site-packages/airflow/example_dags/example_python_operator.py
[2024-08-05T00:04:20.088+0000] {processor.py:840} INFO - DAG(s) 'example_python_operator' retrieved from /home/airflow/.local/lib/python3.12/site-packages/airflow/example_dags/example_python_operator.py
[2024-08-05T00:04:20.117+0000] {logging_mixin.py:188} INFO - [2024-08-05T00:04:20.117+0000] {dag.py:3089} INFO - Sync 1 DAGs
[2024-08-05T00:04:20.125+0000] {logging_mixin.py:188} INFO - [2024-08-05T00:04:20.125+0000] {dag.py:3947} INFO - Setting next_dagrun for example_python_operator to None, run_after=None
[2024-08-05T00:04:20.137+0000] {processor.py:183} INFO - Processing /home/airflow/.local/lib/python3.12/site-packages/airflow/example_dags/example_python_operator.py took 0.067 seconds
[2024-08-05T00:04:50.338+0000] {processor.py:161} INFO - Started process (PID=13647) to work on /home/airflow/.local/lib/python3.12/site-packages/airflow/example_dags/example_python_operator.py
[2024-08-05T00:04:50.339+0000] {processor.py:830} INFO - Processing file /home/airflow/.local/lib/python3.12/site-packages/airflow/example_dags/example_python_operator.py for tasks to queue
[2024-08-05T00:04:50.340+0000] {logging_mixin.py:188} INFO - [2024-08-05T00:04:50.340+0000] {dagbag.py:545} INFO - Filling up the DagBag from /home/airflow/.local/lib/python3.12/site-packages/airflow/example_dags/example_python_operator.py
[2024-08-05T00:04:50.346+0000] {processor.py:840} INFO - DAG(s) 'example_python_operator' retrieved from /home/airflow/.local/lib/python3.12/site-packages/airflow/example_dags/example_python_operator.py
[2024-08-05T00:04:50.369+0000] {logging_mixin.py:188} INFO - [2024-08-05T00:04:50.369+0000] {dag.py:3089} INFO - Sync 1 DAGs
[2024-08-05T00:04:50.374+0000] {logging_mixin.py:188} INFO - [2024-08-05T00:04:50.374+0000] {dag.py:3947} INFO - Setting next_dagrun for example_python_operator to None, run_after=None
[2024-08-05T00:04:50.388+0000] {processor.py:183} INFO - Processing /home/airflow/.local/lib/python3.12/site-packages/airflow/example_dags/example_python_operator.py took 0.053 seconds
[2024-08-05T00:05:20.798+0000] {processor.py:161} INFO - Started process (PID=13708) to work on /home/airflow/.local/lib/python3.12/site-packages/airflow/example_dags/example_python_operator.py
[2024-08-05T00:05:20.801+0000] {processor.py:830} INFO - Processing file /home/airflow/.local/lib/python3.12/site-packages/airflow/example_dags/example_python_operator.py for tasks to queue
[2024-08-05T00:05:20.802+0000] {logging_mixin.py:188} INFO - [2024-08-05T00:05:20.801+0000] {dagbag.py:545} INFO - Filling up the DagBag from /home/airflow/.local/lib/python3.12/site-packages/airflow/example_dags/example_python_operator.py
[2024-08-05T00:05:20.814+0000] {processor.py:840} INFO - DAG(s) 'example_python_operator' retrieved from /home/airflow/.local/lib/python3.12/site-packages/airflow/example_dags/example_python_operator.py
[2024-08-05T00:05:20.838+0000] {logging_mixin.py:188} INFO - [2024-08-05T00:05:20.838+0000] {dag.py:3089} INFO - Sync 1 DAGs
[2024-08-05T00:05:20.846+0000] {logging_mixin.py:188} INFO - [2024-08-05T00:05:20.846+0000] {dag.py:3947} INFO - Setting next_dagrun for example_python_operator to None, run_after=None
[2024-08-05T00:05:20.858+0000] {processor.py:183} INFO - Processing /home/airflow/.local/lib/python3.12/site-packages/airflow/example_dags/example_python_operator.py took 0.064 seconds
[2024-08-05T00:05:51.243+0000] {processor.py:161} INFO - Started process (PID=13769) to work on /home/airflow/.local/lib/python3.12/site-packages/airflow/example_dags/example_python_operator.py
[2024-08-05T00:05:51.244+0000] {processor.py:830} INFO - Processing file /home/airflow/.local/lib/python3.12/site-packages/airflow/example_dags/example_python_operator.py for tasks to queue
[2024-08-05T00:05:51.245+0000] {logging_mixin.py:188} INFO - [2024-08-05T00:05:51.245+0000] {dagbag.py:545} INFO - Filling up the DagBag from /home/airflow/.local/lib/python3.12/site-packages/airflow/example_dags/example_python_operator.py
[2024-08-05T00:05:51.256+0000] {processor.py:840} INFO - DAG(s) 'example_python_operator' retrieved from /home/airflow/.local/lib/python3.12/site-packages/airflow/example_dags/example_python_operator.py
[2024-08-05T00:05:51.290+0000] {logging_mixin.py:188} INFO - [2024-08-05T00:05:51.290+0000] {dag.py:3089} INFO - Sync 1 DAGs
[2024-08-05T00:05:51.301+0000] {logging_mixin.py:188} INFO - [2024-08-05T00:05:51.301+0000] {dag.py:3947} INFO - Setting next_dagrun for example_python_operator to None, run_after=None
[2024-08-05T00:05:51.315+0000] {processor.py:183} INFO - Processing /home/airflow/.local/lib/python3.12/site-packages/airflow/example_dags/example_python_operator.py took 0.075 seconds
[2024-08-05T00:06:21.460+0000] {processor.py:161} INFO - Started process (PID=13830) to work on /home/airflow/.local/lib/python3.12/site-packages/airflow/example_dags/example_python_operator.py
[2024-08-05T00:06:21.468+0000] {processor.py:830} INFO - Processing file /home/airflow/.local/lib/python3.12/site-packages/airflow/example_dags/example_python_operator.py for tasks to queue
[2024-08-05T00:06:21.469+0000] {logging_mixin.py:188} INFO - [2024-08-05T00:06:21.469+0000] {dagbag.py:545} INFO - Filling up the DagBag from /home/airflow/.local/lib/python3.12/site-packages/airflow/example_dags/example_python_operator.py
[2024-08-05T00:06:21.480+0000] {processor.py:840} INFO - DAG(s) 'example_python_operator' retrieved from /home/airflow/.local/lib/python3.12/site-packages/airflow/example_dags/example_python_operator.py
[2024-08-05T00:06:21.504+0000] {logging_mixin.py:188} INFO - [2024-08-05T00:06:21.503+0000] {dag.py:3089} INFO - Sync 1 DAGs
[2024-08-05T00:06:21.511+0000] {logging_mixin.py:188} INFO - [2024-08-05T00:06:21.511+0000] {dag.py:3947} INFO - Setting next_dagrun for example_python_operator to None, run_after=None
[2024-08-05T00:06:21.525+0000] {processor.py:183} INFO - Processing /home/airflow/.local/lib/python3.12/site-packages/airflow/example_dags/example_python_operator.py took 0.071 seconds
[2024-08-05T00:06:52.329+0000] {processor.py:161} INFO - Started process (PID=13891) to work on /home/airflow/.local/lib/python3.12/site-packages/airflow/example_dags/example_python_operator.py
[2024-08-05T00:06:52.330+0000] {processor.py:830} INFO - Processing file /home/airflow/.local/lib/python3.12/site-packages/airflow/example_dags/example_python_operator.py for tasks to queue
[2024-08-05T00:06:52.331+0000] {logging_mixin.py:188} INFO - [2024-08-05T00:06:52.330+0000] {dagbag.py:545} INFO - Filling up the DagBag from /home/airflow/.local/lib/python3.12/site-packages/airflow/example_dags/example_python_operator.py
[2024-08-05T00:06:52.342+0000] {processor.py:840} INFO - DAG(s) 'example_python_operator' retrieved from /home/airflow/.local/lib/python3.12/site-packages/airflow/example_dags/example_python_operator.py
[2024-08-05T00:06:52.371+0000] {logging_mixin.py:188} INFO - [2024-08-05T00:06:52.370+0000] {dag.py:3089} INFO - Sync 1 DAGs
[2024-08-05T00:06:52.387+0000] {logging_mixin.py:188} INFO - [2024-08-05T00:06:52.387+0000] {dag.py:3947} INFO - Setting next_dagrun for example_python_operator to None, run_after=None
[2024-08-05T00:06:52.404+0000] {processor.py:183} INFO - Processing /home/airflow/.local/lib/python3.12/site-packages/airflow/example_dags/example_python_operator.py took 0.080 seconds
[2024-08-05T00:07:22.476+0000] {processor.py:161} INFO - Started process (PID=13962) to work on /home/airflow/.local/lib/python3.12/site-packages/airflow/example_dags/example_python_operator.py
[2024-08-05T00:07:22.477+0000] {processor.py:830} INFO - Processing file /home/airflow/.local/lib/python3.12/site-packages/airflow/example_dags/example_python_operator.py for tasks to queue
[2024-08-05T00:07:22.478+0000] {logging_mixin.py:188} INFO - [2024-08-05T00:07:22.477+0000] {dagbag.py:545} INFO - Filling up the DagBag from /home/airflow/.local/lib/python3.12/site-packages/airflow/example_dags/example_python_operator.py
[2024-08-05T00:07:22.520+0000] {processor.py:840} INFO - DAG(s) 'example_python_operator' retrieved from /home/airflow/.local/lib/python3.12/site-packages/airflow/example_dags/example_python_operator.py
[2024-08-05T00:07:22.545+0000] {logging_mixin.py:188} INFO - [2024-08-05T00:07:22.545+0000] {dag.py:3089} INFO - Sync 1 DAGs
[2024-08-05T00:07:22.556+0000] {logging_mixin.py:188} INFO - [2024-08-05T00:07:22.556+0000] {dag.py:3947} INFO - Setting next_dagrun for example_python_operator to None, run_after=None
[2024-08-05T00:07:22.572+0000] {processor.py:183} INFO - Processing /home/airflow/.local/lib/python3.12/site-packages/airflow/example_dags/example_python_operator.py took 0.100 seconds
[2024-08-05T00:07:52.849+0000] {processor.py:161} INFO - Started process (PID=14023) to work on /home/airflow/.local/lib/python3.12/site-packages/airflow/example_dags/example_python_operator.py
[2024-08-05T00:07:52.849+0000] {processor.py:830} INFO - Processing file /home/airflow/.local/lib/python3.12/site-packages/airflow/example_dags/example_python_operator.py for tasks to queue
[2024-08-05T00:07:52.850+0000] {logging_mixin.py:188} INFO - [2024-08-05T00:07:52.850+0000] {dagbag.py:545} INFO - Filling up the DagBag from /home/airflow/.local/lib/python3.12/site-packages/airflow/example_dags/example_python_operator.py
[2024-08-05T00:07:52.859+0000] {processor.py:840} INFO - DAG(s) 'example_python_operator' retrieved from /home/airflow/.local/lib/python3.12/site-packages/airflow/example_dags/example_python_operator.py
[2024-08-05T00:07:52.881+0000] {logging_mixin.py:188} INFO - [2024-08-05T00:07:52.881+0000] {dag.py:3089} INFO - Sync 1 DAGs
[2024-08-05T00:07:52.890+0000] {logging_mixin.py:188} INFO - [2024-08-05T00:07:52.890+0000] {dag.py:3947} INFO - Setting next_dagrun for example_python_operator to None, run_after=None
[2024-08-05T00:07:52.906+0000] {processor.py:183} INFO - Processing /home/airflow/.local/lib/python3.12/site-packages/airflow/example_dags/example_python_operator.py took 0.062 seconds
[2024-08-05T00:08:23.049+0000] {processor.py:161} INFO - Started process (PID=14084) to work on /home/airflow/.local/lib/python3.12/site-packages/airflow/example_dags/example_python_operator.py
[2024-08-05T00:08:23.053+0000] {processor.py:830} INFO - Processing file /home/airflow/.local/lib/python3.12/site-packages/airflow/example_dags/example_python_operator.py for tasks to queue
[2024-08-05T00:08:23.054+0000] {logging_mixin.py:188} INFO - [2024-08-05T00:08:23.053+0000] {dagbag.py:545} INFO - Filling up the DagBag from /home/airflow/.local/lib/python3.12/site-packages/airflow/example_dags/example_python_operator.py
[2024-08-05T00:08:23.062+0000] {processor.py:840} INFO - DAG(s) 'example_python_operator' retrieved from /home/airflow/.local/lib/python3.12/site-packages/airflow/example_dags/example_python_operator.py
[2024-08-05T00:08:23.082+0000] {logging_mixin.py:188} INFO - [2024-08-05T00:08:23.082+0000] {dag.py:3089} INFO - Sync 1 DAGs
[2024-08-05T00:08:23.090+0000] {logging_mixin.py:188} INFO - [2024-08-05T00:08:23.090+0000] {dag.py:3947} INFO - Setting next_dagrun for example_python_operator to None, run_after=None
[2024-08-05T00:08:23.099+0000] {processor.py:183} INFO - Processing /home/airflow/.local/lib/python3.12/site-packages/airflow/example_dags/example_python_operator.py took 0.054 seconds
[2024-08-05T00:08:53.327+0000] {processor.py:161} INFO - Started process (PID=14146) to work on /home/airflow/.local/lib/python3.12/site-packages/airflow/example_dags/example_python_operator.py
[2024-08-05T00:08:53.330+0000] {processor.py:830} INFO - Processing file /home/airflow/.local/lib/python3.12/site-packages/airflow/example_dags/example_python_operator.py for tasks to queue
[2024-08-05T00:08:53.331+0000] {logging_mixin.py:188} INFO - [2024-08-05T00:08:53.331+0000] {dagbag.py:545} INFO - Filling up the DagBag from /home/airflow/.local/lib/python3.12/site-packages/airflow/example_dags/example_python_operator.py
[2024-08-05T00:08:53.341+0000] {processor.py:840} INFO - DAG(s) 'example_python_operator' retrieved from /home/airflow/.local/lib/python3.12/site-packages/airflow/example_dags/example_python_operator.py
[2024-08-05T00:08:53.361+0000] {logging_mixin.py:188} INFO - [2024-08-05T00:08:53.361+0000] {dag.py:3089} INFO - Sync 1 DAGs
[2024-08-05T00:08:53.370+0000] {logging_mixin.py:188} INFO - [2024-08-05T00:08:53.370+0000] {dag.py:3947} INFO - Setting next_dagrun for example_python_operator to None, run_after=None
[2024-08-05T00:08:53.387+0000] {processor.py:183} INFO - Processing /home/airflow/.local/lib/python3.12/site-packages/airflow/example_dags/example_python_operator.py took 0.064 seconds
[2024-08-05T00:09:23.767+0000] {processor.py:161} INFO - Started process (PID=14207) to work on /home/airflow/.local/lib/python3.12/site-packages/airflow/example_dags/example_python_operator.py
[2024-08-05T00:09:23.773+0000] {processor.py:830} INFO - Processing file /home/airflow/.local/lib/python3.12/site-packages/airflow/example_dags/example_python_operator.py for tasks to queue
[2024-08-05T00:09:23.778+0000] {logging_mixin.py:188} INFO - [2024-08-05T00:09:23.776+0000] {dagbag.py:545} INFO - Filling up the DagBag from /home/airflow/.local/lib/python3.12/site-packages/airflow/example_dags/example_python_operator.py
[2024-08-05T00:09:23.811+0000] {processor.py:840} INFO - DAG(s) 'example_python_operator' retrieved from /home/airflow/.local/lib/python3.12/site-packages/airflow/example_dags/example_python_operator.py
[2024-08-05T00:09:23.904+0000] {logging_mixin.py:188} INFO - [2024-08-05T00:09:23.902+0000] {dag.py:3089} INFO - Sync 1 DAGs
[2024-08-05T00:09:23.970+0000] {logging_mixin.py:188} INFO - [2024-08-05T00:09:23.969+0000] {dag.py:3947} INFO - Setting next_dagrun for example_python_operator to None, run_after=None
[2024-08-05T00:09:24.028+0000] {processor.py:183} INFO - Processing /home/airflow/.local/lib/python3.12/site-packages/airflow/example_dags/example_python_operator.py took 0.276 seconds
[2024-08-05T00:09:55.000+0000] {processor.py:161} INFO - Started process (PID=14268) to work on /home/airflow/.local/lib/python3.12/site-packages/airflow/example_dags/example_python_operator.py
[2024-08-05T00:09:55.007+0000] {processor.py:830} INFO - Processing file /home/airflow/.local/lib/python3.12/site-packages/airflow/example_dags/example_python_operator.py for tasks to queue
[2024-08-05T00:09:55.012+0000] {logging_mixin.py:188} INFO - [2024-08-05T00:09:55.011+0000] {dagbag.py:545} INFO - Filling up the DagBag from /home/airflow/.local/lib/python3.12/site-packages/airflow/example_dags/example_python_operator.py
[2024-08-05T00:09:55.035+0000] {processor.py:840} INFO - DAG(s) 'example_python_operator' retrieved from /home/airflow/.local/lib/python3.12/site-packages/airflow/example_dags/example_python_operator.py
[2024-08-05T00:09:55.082+0000] {logging_mixin.py:188} INFO - [2024-08-05T00:09:55.082+0000] {dag.py:3089} INFO - Sync 1 DAGs
[2024-08-05T00:09:55.097+0000] {logging_mixin.py:188} INFO - [2024-08-05T00:09:55.097+0000] {dag.py:3947} INFO - Setting next_dagrun for example_python_operator to None, run_after=None
[2024-08-05T00:09:55.112+0000] {processor.py:183} INFO - Processing /home/airflow/.local/lib/python3.12/site-packages/airflow/example_dags/example_python_operator.py took 0.121 seconds
[2024-08-05T00:10:25.835+0000] {processor.py:161} INFO - Started process (PID=14339) to work on /home/airflow/.local/lib/python3.12/site-packages/airflow/example_dags/example_python_operator.py
[2024-08-05T00:10:25.837+0000] {processor.py:830} INFO - Processing file /home/airflow/.local/lib/python3.12/site-packages/airflow/example_dags/example_python_operator.py for tasks to queue
[2024-08-05T00:10:25.838+0000] {logging_mixin.py:188} INFO - [2024-08-05T00:10:25.838+0000] {dagbag.py:545} INFO - Filling up the DagBag from /home/airflow/.local/lib/python3.12/site-packages/airflow/example_dags/example_python_operator.py
[2024-08-05T00:10:25.851+0000] {processor.py:840} INFO - DAG(s) 'example_python_operator' retrieved from /home/airflow/.local/lib/python3.12/site-packages/airflow/example_dags/example_python_operator.py
[2024-08-05T00:10:25.881+0000] {logging_mixin.py:188} INFO - [2024-08-05T00:10:25.881+0000] {dag.py:3089} INFO - Sync 1 DAGs
[2024-08-05T00:10:25.888+0000] {logging_mixin.py:188} INFO - [2024-08-05T00:10:25.888+0000] {dag.py:3947} INFO - Setting next_dagrun for example_python_operator to None, run_after=None
[2024-08-05T00:10:25.906+0000] {processor.py:183} INFO - Processing /home/airflow/.local/lib/python3.12/site-packages/airflow/example_dags/example_python_operator.py took 0.079 seconds
[2024-08-05T00:10:56.416+0000] {processor.py:161} INFO - Started process (PID=14400) to work on /home/airflow/.local/lib/python3.12/site-packages/airflow/example_dags/example_python_operator.py
[2024-08-05T00:10:56.418+0000] {processor.py:830} INFO - Processing file /home/airflow/.local/lib/python3.12/site-packages/airflow/example_dags/example_python_operator.py for tasks to queue
[2024-08-05T00:10:56.421+0000] {logging_mixin.py:188} INFO - [2024-08-05T00:10:56.419+0000] {dagbag.py:545} INFO - Filling up the DagBag from /home/airflow/.local/lib/python3.12/site-packages/airflow/example_dags/example_python_operator.py
[2024-08-05T00:10:56.483+0000] {processor.py:840} INFO - DAG(s) 'example_python_operator' retrieved from /home/airflow/.local/lib/python3.12/site-packages/airflow/example_dags/example_python_operator.py
[2024-08-05T00:10:56.527+0000] {logging_mixin.py:188} INFO - [2024-08-05T00:10:56.526+0000] {dag.py:3089} INFO - Sync 1 DAGs
[2024-08-05T00:10:56.624+0000] {logging_mixin.py:188} INFO - [2024-08-05T00:10:56.618+0000] {dag.py:3947} INFO - Setting next_dagrun for example_python_operator to None, run_after=None
[2024-08-05T00:10:56.689+0000] {processor.py:183} INFO - Processing /home/airflow/.local/lib/python3.12/site-packages/airflow/example_dags/example_python_operator.py took 0.280 seconds
[2024-08-05T00:11:27.677+0000] {processor.py:161} INFO - Started process (PID=14471) to work on /home/airflow/.local/lib/python3.12/site-packages/airflow/example_dags/example_python_operator.py
[2024-08-05T00:11:27.679+0000] {processor.py:830} INFO - Processing file /home/airflow/.local/lib/python3.12/site-packages/airflow/example_dags/example_python_operator.py for tasks to queue
[2024-08-05T00:11:27.681+0000] {logging_mixin.py:188} INFO - [2024-08-05T00:11:27.681+0000] {dagbag.py:545} INFO - Filling up the DagBag from /home/airflow/.local/lib/python3.12/site-packages/airflow/example_dags/example_python_operator.py
[2024-08-05T00:11:27.695+0000] {processor.py:840} INFO - DAG(s) 'example_python_operator' retrieved from /home/airflow/.local/lib/python3.12/site-packages/airflow/example_dags/example_python_operator.py
[2024-08-05T00:11:27.719+0000] {logging_mixin.py:188} INFO - [2024-08-05T00:11:27.719+0000] {dag.py:3089} INFO - Sync 1 DAGs
[2024-08-05T00:11:27.727+0000] {logging_mixin.py:188} INFO - [2024-08-05T00:11:27.726+0000] {dag.py:3947} INFO - Setting next_dagrun for example_python_operator to None, run_after=None
[2024-08-05T00:11:27.742+0000] {processor.py:183} INFO - Processing /home/airflow/.local/lib/python3.12/site-packages/airflow/example_dags/example_python_operator.py took 0.071 seconds
[2024-08-05T00:11:58.260+0000] {processor.py:161} INFO - Started process (PID=14532) to work on /home/airflow/.local/lib/python3.12/site-packages/airflow/example_dags/example_python_operator.py
[2024-08-05T00:11:58.271+0000] {processor.py:830} INFO - Processing file /home/airflow/.local/lib/python3.12/site-packages/airflow/example_dags/example_python_operator.py for tasks to queue
[2024-08-05T00:11:58.278+0000] {logging_mixin.py:188} INFO - [2024-08-05T00:11:58.277+0000] {dagbag.py:545} INFO - Filling up the DagBag from /home/airflow/.local/lib/python3.12/site-packages/airflow/example_dags/example_python_operator.py
[2024-08-05T00:11:58.300+0000] {processor.py:840} INFO - DAG(s) 'example_python_operator' retrieved from /home/airflow/.local/lib/python3.12/site-packages/airflow/example_dags/example_python_operator.py
[2024-08-05T00:11:58.351+0000] {logging_mixin.py:188} INFO - [2024-08-05T00:11:58.350+0000] {dag.py:3089} INFO - Sync 1 DAGs
[2024-08-05T00:11:58.368+0000] {logging_mixin.py:188} INFO - [2024-08-05T00:11:58.368+0000] {dag.py:3947} INFO - Setting next_dagrun for example_python_operator to None, run_after=None
[2024-08-05T00:11:58.387+0000] {processor.py:183} INFO - Processing /home/airflow/.local/lib/python3.12/site-packages/airflow/example_dags/example_python_operator.py took 0.139 seconds
[2024-08-05T00:12:29.235+0000] {processor.py:161} INFO - Started process (PID=14593) to work on /home/airflow/.local/lib/python3.12/site-packages/airflow/example_dags/example_python_operator.py
[2024-08-05T00:12:29.237+0000] {processor.py:830} INFO - Processing file /home/airflow/.local/lib/python3.12/site-packages/airflow/example_dags/example_python_operator.py for tasks to queue
[2024-08-05T00:12:29.239+0000] {logging_mixin.py:188} INFO - [2024-08-05T00:12:29.239+0000] {dagbag.py:545} INFO - Filling up the DagBag from /home/airflow/.local/lib/python3.12/site-packages/airflow/example_dags/example_python_operator.py
[2024-08-05T00:12:29.258+0000] {processor.py:840} INFO - DAG(s) 'example_python_operator' retrieved from /home/airflow/.local/lib/python3.12/site-packages/airflow/example_dags/example_python_operator.py
[2024-08-05T00:12:29.277+0000] {logging_mixin.py:188} INFO - [2024-08-05T00:12:29.277+0000] {dag.py:3089} INFO - Sync 1 DAGs
[2024-08-05T00:12:29.290+0000] {logging_mixin.py:188} INFO - [2024-08-05T00:12:29.290+0000] {dag.py:3947} INFO - Setting next_dagrun for example_python_operator to None, run_after=None
[2024-08-05T00:12:29.315+0000] {processor.py:183} INFO - Processing /home/airflow/.local/lib/python3.12/site-packages/airflow/example_dags/example_python_operator.py took 0.088 seconds
[2024-08-05T00:13:00.066+0000] {processor.py:161} INFO - Started process (PID=14654) to work on /home/airflow/.local/lib/python3.12/site-packages/airflow/example_dags/example_python_operator.py
[2024-08-05T00:13:00.068+0000] {processor.py:830} INFO - Processing file /home/airflow/.local/lib/python3.12/site-packages/airflow/example_dags/example_python_operator.py for tasks to queue
[2024-08-05T00:13:00.071+0000] {logging_mixin.py:188} INFO - [2024-08-05T00:13:00.070+0000] {dagbag.py:545} INFO - Filling up the DagBag from /home/airflow/.local/lib/python3.12/site-packages/airflow/example_dags/example_python_operator.py
[2024-08-05T00:13:00.086+0000] {processor.py:840} INFO - DAG(s) 'example_python_operator' retrieved from /home/airflow/.local/lib/python3.12/site-packages/airflow/example_dags/example_python_operator.py
[2024-08-05T00:13:00.105+0000] {logging_mixin.py:188} INFO - [2024-08-05T00:13:00.105+0000] {dag.py:3089} INFO - Sync 1 DAGs
[2024-08-05T00:13:00.113+0000] {logging_mixin.py:188} INFO - [2024-08-05T00:13:00.113+0000] {dag.py:3947} INFO - Setting next_dagrun for example_python_operator to None, run_after=None
[2024-08-05T00:13:00.129+0000] {processor.py:183} INFO - Processing /home/airflow/.local/lib/python3.12/site-packages/airflow/example_dags/example_python_operator.py took 0.071 seconds
[2024-08-05T00:13:31.045+0000] {processor.py:161} INFO - Started process (PID=14715) to work on /home/airflow/.local/lib/python3.12/site-packages/airflow/example_dags/example_python_operator.py
[2024-08-05T00:13:31.049+0000] {processor.py:830} INFO - Processing file /home/airflow/.local/lib/python3.12/site-packages/airflow/example_dags/example_python_operator.py for tasks to queue
[2024-08-05T00:13:31.050+0000] {logging_mixin.py:188} INFO - [2024-08-05T00:13:31.050+0000] {dagbag.py:545} INFO - Filling up the DagBag from /home/airflow/.local/lib/python3.12/site-packages/airflow/example_dags/example_python_operator.py
[2024-08-05T00:13:31.064+0000] {processor.py:840} INFO - DAG(s) 'example_python_operator' retrieved from /home/airflow/.local/lib/python3.12/site-packages/airflow/example_dags/example_python_operator.py
[2024-08-05T00:13:31.081+0000] {logging_mixin.py:188} INFO - [2024-08-05T00:13:31.080+0000] {dag.py:3089} INFO - Sync 1 DAGs
[2024-08-05T00:13:31.090+0000] {logging_mixin.py:188} INFO - [2024-08-05T00:13:31.090+0000] {dag.py:3947} INFO - Setting next_dagrun for example_python_operator to None, run_after=None
[2024-08-05T00:13:31.105+0000] {processor.py:183} INFO - Processing /home/airflow/.local/lib/python3.12/site-packages/airflow/example_dags/example_python_operator.py took 0.066 seconds
[2024-08-05T00:14:01.608+0000] {processor.py:161} INFO - Started process (PID=14776) to work on /home/airflow/.local/lib/python3.12/site-packages/airflow/example_dags/example_python_operator.py
[2024-08-05T00:14:01.610+0000] {processor.py:830} INFO - Processing file /home/airflow/.local/lib/python3.12/site-packages/airflow/example_dags/example_python_operator.py for tasks to queue
[2024-08-05T00:14:01.612+0000] {logging_mixin.py:188} INFO - [2024-08-05T00:14:01.612+0000] {dagbag.py:545} INFO - Filling up the DagBag from /home/airflow/.local/lib/python3.12/site-packages/airflow/example_dags/example_python_operator.py
[2024-08-05T00:14:01.634+0000] {processor.py:840} INFO - DAG(s) 'example_python_operator' retrieved from /home/airflow/.local/lib/python3.12/site-packages/airflow/example_dags/example_python_operator.py
[2024-08-05T00:14:01.670+0000] {logging_mixin.py:188} INFO - [2024-08-05T00:14:01.669+0000] {dag.py:3089} INFO - Sync 1 DAGs
[2024-08-05T00:14:01.692+0000] {logging_mixin.py:188} INFO - [2024-08-05T00:14:01.691+0000] {dag.py:3947} INFO - Setting next_dagrun for example_python_operator to None, run_after=None
[2024-08-05T00:14:01.713+0000] {processor.py:183} INFO - Processing /home/airflow/.local/lib/python3.12/site-packages/airflow/example_dags/example_python_operator.py took 0.114 seconds
[2024-08-05T00:14:31.797+0000] {processor.py:161} INFO - Started process (PID=14837) to work on /home/airflow/.local/lib/python3.12/site-packages/airflow/example_dags/example_python_operator.py
[2024-08-05T00:14:31.802+0000] {processor.py:830} INFO - Processing file /home/airflow/.local/lib/python3.12/site-packages/airflow/example_dags/example_python_operator.py for tasks to queue
[2024-08-05T00:14:31.805+0000] {logging_mixin.py:188} INFO - [2024-08-05T00:14:31.805+0000] {dagbag.py:545} INFO - Filling up the DagBag from /home/airflow/.local/lib/python3.12/site-packages/airflow/example_dags/example_python_operator.py
[2024-08-05T00:14:31.818+0000] {processor.py:840} INFO - DAG(s) 'example_python_operator' retrieved from /home/airflow/.local/lib/python3.12/site-packages/airflow/example_dags/example_python_operator.py
[2024-08-05T00:14:31.838+0000] {logging_mixin.py:188} INFO - [2024-08-05T00:14:31.838+0000] {dag.py:3089} INFO - Sync 1 DAGs
[2024-08-05T00:14:31.844+0000] {logging_mixin.py:188} INFO - [2024-08-05T00:14:31.844+0000] {dag.py:3947} INFO - Setting next_dagrun for example_python_operator to None, run_after=None
[2024-08-05T00:14:31.856+0000] {processor.py:183} INFO - Processing /home/airflow/.local/lib/python3.12/site-packages/airflow/example_dags/example_python_operator.py took 0.067 seconds
[2024-08-05T00:15:02.027+0000] {processor.py:161} INFO - Started process (PID=14898) to work on /home/airflow/.local/lib/python3.12/site-packages/airflow/example_dags/example_python_operator.py
[2024-08-05T00:15:02.031+0000] {processor.py:830} INFO - Processing file /home/airflow/.local/lib/python3.12/site-packages/airflow/example_dags/example_python_operator.py for tasks to queue
[2024-08-05T00:15:02.033+0000] {logging_mixin.py:188} INFO - [2024-08-05T00:15:02.033+0000] {dagbag.py:545} INFO - Filling up the DagBag from /home/airflow/.local/lib/python3.12/site-packages/airflow/example_dags/example_python_operator.py
[2024-08-05T00:15:02.041+0000] {processor.py:840} INFO - DAG(s) 'example_python_operator' retrieved from /home/airflow/.local/lib/python3.12/site-packages/airflow/example_dags/example_python_operator.py
[2024-08-05T00:15:02.057+0000] {logging_mixin.py:188} INFO - [2024-08-05T00:15:02.057+0000] {dag.py:3089} INFO - Sync 1 DAGs
[2024-08-05T00:15:02.065+0000] {logging_mixin.py:188} INFO - [2024-08-05T00:15:02.065+0000] {dag.py:3947} INFO - Setting next_dagrun for example_python_operator to None, run_after=None
[2024-08-05T00:15:02.078+0000] {processor.py:183} INFO - Processing /home/airflow/.local/lib/python3.12/site-packages/airflow/example_dags/example_python_operator.py took 0.055 seconds
[2024-08-05T00:15:32.961+0000] {processor.py:161} INFO - Started process (PID=14959) to work on /home/airflow/.local/lib/python3.12/site-packages/airflow/example_dags/example_python_operator.py
[2024-08-05T00:15:32.962+0000] {processor.py:830} INFO - Processing file /home/airflow/.local/lib/python3.12/site-packages/airflow/example_dags/example_python_operator.py for tasks to queue
[2024-08-05T00:15:32.963+0000] {logging_mixin.py:188} INFO - [2024-08-05T00:15:32.962+0000] {dagbag.py:545} INFO - Filling up the DagBag from /home/airflow/.local/lib/python3.12/site-packages/airflow/example_dags/example_python_operator.py
[2024-08-05T00:15:32.970+0000] {processor.py:840} INFO - DAG(s) 'example_python_operator' retrieved from /home/airflow/.local/lib/python3.12/site-packages/airflow/example_dags/example_python_operator.py
[2024-08-05T00:15:32.987+0000] {logging_mixin.py:188} INFO - [2024-08-05T00:15:32.987+0000] {dag.py:3089} INFO - Sync 1 DAGs
[2024-08-05T00:15:32.997+0000] {logging_mixin.py:188} INFO - [2024-08-05T00:15:32.997+0000] {dag.py:3947} INFO - Setting next_dagrun for example_python_operator to None, run_after=None
[2024-08-05T00:15:33.009+0000] {processor.py:183} INFO - Processing /home/airflow/.local/lib/python3.12/site-packages/airflow/example_dags/example_python_operator.py took 0.054 seconds
[2024-08-05T00:16:03.281+0000] {processor.py:161} INFO - Started process (PID=15025) to work on /home/airflow/.local/lib/python3.12/site-packages/airflow/example_dags/example_python_operator.py
[2024-08-05T00:16:03.282+0000] {processor.py:830} INFO - Processing file /home/airflow/.local/lib/python3.12/site-packages/airflow/example_dags/example_python_operator.py for tasks to queue
[2024-08-05T00:16:03.283+0000] {logging_mixin.py:188} INFO - [2024-08-05T00:16:03.282+0000] {dagbag.py:545} INFO - Filling up the DagBag from /home/airflow/.local/lib/python3.12/site-packages/airflow/example_dags/example_python_operator.py
[2024-08-05T00:16:03.303+0000] {processor.py:840} INFO - DAG(s) 'example_python_operator' retrieved from /home/airflow/.local/lib/python3.12/site-packages/airflow/example_dags/example_python_operator.py
[2024-08-05T00:16:03.326+0000] {logging_mixin.py:188} INFO - [2024-08-05T00:16:03.326+0000] {dag.py:3089} INFO - Sync 1 DAGs
[2024-08-05T00:16:03.336+0000] {logging_mixin.py:188} INFO - [2024-08-05T00:16:03.336+0000] {dag.py:3947} INFO - Setting next_dagrun for example_python_operator to None, run_after=None
[2024-08-05T00:16:03.367+0000] {processor.py:183} INFO - Processing /home/airflow/.local/lib/python3.12/site-packages/airflow/example_dags/example_python_operator.py took 0.091 seconds
[2024-08-05T00:16:33.931+0000] {processor.py:161} INFO - Started process (PID=15089) to work on /home/airflow/.local/lib/python3.12/site-packages/airflow/example_dags/example_python_operator.py
[2024-08-05T00:16:33.932+0000] {processor.py:830} INFO - Processing file /home/airflow/.local/lib/python3.12/site-packages/airflow/example_dags/example_python_operator.py for tasks to queue
[2024-08-05T00:16:33.933+0000] {logging_mixin.py:188} INFO - [2024-08-05T00:16:33.932+0000] {dagbag.py:545} INFO - Filling up the DagBag from /home/airflow/.local/lib/python3.12/site-packages/airflow/example_dags/example_python_operator.py
[2024-08-05T00:16:33.944+0000] {processor.py:840} INFO - DAG(s) 'example_python_operator' retrieved from /home/airflow/.local/lib/python3.12/site-packages/airflow/example_dags/example_python_operator.py
[2024-08-05T00:16:33.964+0000] {logging_mixin.py:188} INFO - [2024-08-05T00:16:33.964+0000] {dag.py:3089} INFO - Sync 1 DAGs
[2024-08-05T00:16:33.975+0000] {logging_mixin.py:188} INFO - [2024-08-05T00:16:33.975+0000] {dag.py:3947} INFO - Setting next_dagrun for example_python_operator to None, run_after=None
[2024-08-05T00:16:33.989+0000] {processor.py:183} INFO - Processing /home/airflow/.local/lib/python3.12/site-packages/airflow/example_dags/example_python_operator.py took 0.064 seconds
[2024-08-05T00:17:04.909+0000] {processor.py:161} INFO - Started process (PID=15150) to work on /home/airflow/.local/lib/python3.12/site-packages/airflow/example_dags/example_python_operator.py
[2024-08-05T00:17:04.911+0000] {processor.py:830} INFO - Processing file /home/airflow/.local/lib/python3.12/site-packages/airflow/example_dags/example_python_operator.py for tasks to queue
[2024-08-05T00:17:04.913+0000] {logging_mixin.py:188} INFO - [2024-08-05T00:17:04.913+0000] {dagbag.py:545} INFO - Filling up the DagBag from /home/airflow/.local/lib/python3.12/site-packages/airflow/example_dags/example_python_operator.py
[2024-08-05T00:17:04.932+0000] {processor.py:840} INFO - DAG(s) 'example_python_operator' retrieved from /home/airflow/.local/lib/python3.12/site-packages/airflow/example_dags/example_python_operator.py
[2024-08-05T00:17:04.953+0000] {logging_mixin.py:188} INFO - [2024-08-05T00:17:04.953+0000] {dag.py:3089} INFO - Sync 1 DAGs
[2024-08-05T00:17:04.962+0000] {logging_mixin.py:188} INFO - [2024-08-05T00:17:04.962+0000] {dag.py:3947} INFO - Setting next_dagrun for example_python_operator to None, run_after=None
[2024-08-05T00:17:04.988+0000] {processor.py:183} INFO - Processing /home/airflow/.local/lib/python3.12/site-packages/airflow/example_dags/example_python_operator.py took 0.085 seconds
[2024-08-05T00:17:35.283+0000] {processor.py:161} INFO - Started process (PID=15221) to work on /home/airflow/.local/lib/python3.12/site-packages/airflow/example_dags/example_python_operator.py
[2024-08-05T00:17:35.288+0000] {processor.py:830} INFO - Processing file /home/airflow/.local/lib/python3.12/site-packages/airflow/example_dags/example_python_operator.py for tasks to queue
[2024-08-05T00:17:35.290+0000] {logging_mixin.py:188} INFO - [2024-08-05T00:17:35.289+0000] {dagbag.py:545} INFO - Filling up the DagBag from /home/airflow/.local/lib/python3.12/site-packages/airflow/example_dags/example_python_operator.py
[2024-08-05T00:17:35.325+0000] {processor.py:840} INFO - DAG(s) 'example_python_operator' retrieved from /home/airflow/.local/lib/python3.12/site-packages/airflow/example_dags/example_python_operator.py
[2024-08-05T00:17:35.365+0000] {logging_mixin.py:188} INFO - [2024-08-05T00:17:35.364+0000] {dag.py:3089} INFO - Sync 1 DAGs
[2024-08-05T00:17:35.378+0000] {logging_mixin.py:188} INFO - [2024-08-05T00:17:35.378+0000] {dag.py:3947} INFO - Setting next_dagrun for example_python_operator to None, run_after=None
[2024-08-05T00:17:35.396+0000] {processor.py:183} INFO - Processing /home/airflow/.local/lib/python3.12/site-packages/airflow/example_dags/example_python_operator.py took 0.122 seconds
[2024-08-05T00:18:06.499+0000] {processor.py:161} INFO - Started process (PID=15282) to work on /home/airflow/.local/lib/python3.12/site-packages/airflow/example_dags/example_python_operator.py
[2024-08-05T00:18:06.503+0000] {processor.py:830} INFO - Processing file /home/airflow/.local/lib/python3.12/site-packages/airflow/example_dags/example_python_operator.py for tasks to queue
[2024-08-05T00:18:06.504+0000] {logging_mixin.py:188} INFO - [2024-08-05T00:18:06.504+0000] {dagbag.py:545} INFO - Filling up the DagBag from /home/airflow/.local/lib/python3.12/site-packages/airflow/example_dags/example_python_operator.py
[2024-08-05T00:18:06.540+0000] {processor.py:840} INFO - DAG(s) 'example_python_operator' retrieved from /home/airflow/.local/lib/python3.12/site-packages/airflow/example_dags/example_python_operator.py
[2024-08-05T00:18:06.574+0000] {logging_mixin.py:188} INFO - [2024-08-05T00:18:06.573+0000] {dag.py:3089} INFO - Sync 1 DAGs
[2024-08-05T00:18:06.584+0000] {logging_mixin.py:188} INFO - [2024-08-05T00:18:06.584+0000] {dag.py:3947} INFO - Setting next_dagrun for example_python_operator to None, run_after=None
[2024-08-05T00:18:06.600+0000] {processor.py:183} INFO - Processing /home/airflow/.local/lib/python3.12/site-packages/airflow/example_dags/example_python_operator.py took 0.109 seconds
[2024-08-05T00:18:37.245+0000] {processor.py:161} INFO - Started process (PID=15343) to work on /home/airflow/.local/lib/python3.12/site-packages/airflow/example_dags/example_python_operator.py
[2024-08-05T00:18:37.246+0000] {processor.py:830} INFO - Processing file /home/airflow/.local/lib/python3.12/site-packages/airflow/example_dags/example_python_operator.py for tasks to queue
[2024-08-05T00:18:37.246+0000] {logging_mixin.py:188} INFO - [2024-08-05T00:18:37.246+0000] {dagbag.py:545} INFO - Filling up the DagBag from /home/airflow/.local/lib/python3.12/site-packages/airflow/example_dags/example_python_operator.py
[2024-08-05T00:18:37.254+0000] {processor.py:840} INFO - DAG(s) 'example_python_operator' retrieved from /home/airflow/.local/lib/python3.12/site-packages/airflow/example_dags/example_python_operator.py
[2024-08-05T00:18:37.269+0000] {logging_mixin.py:188} INFO - [2024-08-05T00:18:37.269+0000] {dag.py:3089} INFO - Sync 1 DAGs
[2024-08-05T00:18:37.278+0000] {logging_mixin.py:188} INFO - [2024-08-05T00:18:37.277+0000] {dag.py:3947} INFO - Setting next_dagrun for example_python_operator to None, run_after=None
[2024-08-05T00:18:37.292+0000] {processor.py:183} INFO - Processing /home/airflow/.local/lib/python3.12/site-packages/airflow/example_dags/example_python_operator.py took 0.052 seconds
[2024-08-05T00:19:07.561+0000] {processor.py:161} INFO - Started process (PID=15404) to work on /home/airflow/.local/lib/python3.12/site-packages/airflow/example_dags/example_python_operator.py
[2024-08-05T00:19:07.562+0000] {processor.py:830} INFO - Processing file /home/airflow/.local/lib/python3.12/site-packages/airflow/example_dags/example_python_operator.py for tasks to queue
[2024-08-05T00:19:07.562+0000] {logging_mixin.py:188} INFO - [2024-08-05T00:19:07.562+0000] {dagbag.py:545} INFO - Filling up the DagBag from /home/airflow/.local/lib/python3.12/site-packages/airflow/example_dags/example_python_operator.py
[2024-08-05T00:19:07.570+0000] {processor.py:840} INFO - DAG(s) 'example_python_operator' retrieved from /home/airflow/.local/lib/python3.12/site-packages/airflow/example_dags/example_python_operator.py
[2024-08-05T00:19:07.586+0000] {logging_mixin.py:188} INFO - [2024-08-05T00:19:07.586+0000] {dag.py:3089} INFO - Sync 1 DAGs
[2024-08-05T00:19:07.594+0000] {logging_mixin.py:188} INFO - [2024-08-05T00:19:07.594+0000] {dag.py:3947} INFO - Setting next_dagrun for example_python_operator to None, run_after=None
[2024-08-05T00:19:07.610+0000] {processor.py:183} INFO - Processing /home/airflow/.local/lib/python3.12/site-packages/airflow/example_dags/example_python_operator.py took 0.053 seconds
[2024-08-05T00:19:38.271+0000] {processor.py:161} INFO - Started process (PID=15468) to work on /home/airflow/.local/lib/python3.12/site-packages/airflow/example_dags/example_python_operator.py
[2024-08-05T00:19:38.273+0000] {processor.py:830} INFO - Processing file /home/airflow/.local/lib/python3.12/site-packages/airflow/example_dags/example_python_operator.py for tasks to queue
[2024-08-05T00:19:38.274+0000] {logging_mixin.py:188} INFO - [2024-08-05T00:19:38.273+0000] {dagbag.py:545} INFO - Filling up the DagBag from /home/airflow/.local/lib/python3.12/site-packages/airflow/example_dags/example_python_operator.py
[2024-08-05T00:19:38.284+0000] {processor.py:840} INFO - DAG(s) 'example_python_operator' retrieved from /home/airflow/.local/lib/python3.12/site-packages/airflow/example_dags/example_python_operator.py
[2024-08-05T00:19:38.303+0000] {logging_mixin.py:188} INFO - [2024-08-05T00:19:38.303+0000] {dag.py:3089} INFO - Sync 1 DAGs
[2024-08-05T00:19:38.311+0000] {logging_mixin.py:188} INFO - [2024-08-05T00:19:38.311+0000] {dag.py:3947} INFO - Setting next_dagrun for example_python_operator to None, run_after=None
[2024-08-05T00:19:38.328+0000] {processor.py:183} INFO - Processing /home/airflow/.local/lib/python3.12/site-packages/airflow/example_dags/example_python_operator.py took 0.074 seconds
[2024-08-05T00:20:08.868+0000] {processor.py:161} INFO - Started process (PID=15540) to work on /home/airflow/.local/lib/python3.12/site-packages/airflow/example_dags/example_python_operator.py
[2024-08-05T00:20:08.871+0000] {processor.py:830} INFO - Processing file /home/airflow/.local/lib/python3.12/site-packages/airflow/example_dags/example_python_operator.py for tasks to queue
[2024-08-05T00:20:08.874+0000] {logging_mixin.py:188} INFO - [2024-08-05T00:20:08.873+0000] {dagbag.py:545} INFO - Filling up the DagBag from /home/airflow/.local/lib/python3.12/site-packages/airflow/example_dags/example_python_operator.py
[2024-08-05T00:20:08.927+0000] {processor.py:840} INFO - DAG(s) 'example_python_operator' retrieved from /home/airflow/.local/lib/python3.12/site-packages/airflow/example_dags/example_python_operator.py
[2024-08-05T00:20:08.985+0000] {logging_mixin.py:188} INFO - [2024-08-05T00:20:08.985+0000] {dag.py:3089} INFO - Sync 1 DAGs
[2024-08-05T00:20:09.003+0000] {logging_mixin.py:188} INFO - [2024-08-05T00:20:09.003+0000] {dag.py:3947} INFO - Setting next_dagrun for example_python_operator to None, run_after=None
[2024-08-05T00:20:09.039+0000] {processor.py:183} INFO - Processing /home/airflow/.local/lib/python3.12/site-packages/airflow/example_dags/example_python_operator.py took 0.178 seconds
[2024-08-05T00:20:40.390+0000] {processor.py:161} INFO - Started process (PID=15611) to work on /home/airflow/.local/lib/python3.12/site-packages/airflow/example_dags/example_python_operator.py
[2024-08-05T00:20:40.391+0000] {processor.py:830} INFO - Processing file /home/airflow/.local/lib/python3.12/site-packages/airflow/example_dags/example_python_operator.py for tasks to queue
[2024-08-05T00:20:40.392+0000] {logging_mixin.py:188} INFO - [2024-08-05T00:20:40.392+0000] {dagbag.py:545} INFO - Filling up the DagBag from /home/airflow/.local/lib/python3.12/site-packages/airflow/example_dags/example_python_operator.py
[2024-08-05T00:20:40.413+0000] {processor.py:840} INFO - DAG(s) 'example_python_operator' retrieved from /home/airflow/.local/lib/python3.12/site-packages/airflow/example_dags/example_python_operator.py
[2024-08-05T00:20:40.446+0000] {logging_mixin.py:188} INFO - [2024-08-05T00:20:40.446+0000] {dag.py:3089} INFO - Sync 1 DAGs
[2024-08-05T00:20:40.468+0000] {logging_mixin.py:188} INFO - [2024-08-05T00:20:40.467+0000] {dag.py:3947} INFO - Setting next_dagrun for example_python_operator to None, run_after=None
[2024-08-05T00:20:40.493+0000] {processor.py:183} INFO - Processing /home/airflow/.local/lib/python3.12/site-packages/airflow/example_dags/example_python_operator.py took 0.110 seconds
[2024-08-05T00:21:10.898+0000] {processor.py:161} INFO - Started process (PID=15672) to work on /home/airflow/.local/lib/python3.12/site-packages/airflow/example_dags/example_python_operator.py
[2024-08-05T00:21:10.900+0000] {processor.py:830} INFO - Processing file /home/airflow/.local/lib/python3.12/site-packages/airflow/example_dags/example_python_operator.py for tasks to queue
[2024-08-05T00:21:10.901+0000] {logging_mixin.py:188} INFO - [2024-08-05T00:21:10.901+0000] {dagbag.py:545} INFO - Filling up the DagBag from /home/airflow/.local/lib/python3.12/site-packages/airflow/example_dags/example_python_operator.py
[2024-08-05T00:21:10.924+0000] {processor.py:840} INFO - DAG(s) 'example_python_operator' retrieved from /home/airflow/.local/lib/python3.12/site-packages/airflow/example_dags/example_python_operator.py
[2024-08-05T00:21:10.953+0000] {logging_mixin.py:188} INFO - [2024-08-05T00:21:10.953+0000] {dag.py:3089} INFO - Sync 1 DAGs
[2024-08-05T00:21:10.963+0000] {logging_mixin.py:188} INFO - [2024-08-05T00:21:10.962+0000] {dag.py:3947} INFO - Setting next_dagrun for example_python_operator to None, run_after=None
[2024-08-05T00:21:10.983+0000] {processor.py:183} INFO - Processing /home/airflow/.local/lib/python3.12/site-packages/airflow/example_dags/example_python_operator.py took 0.091 seconds
[2024-08-05T00:21:41.281+0000] {processor.py:161} INFO - Started process (PID=15728) to work on /home/airflow/.local/lib/python3.12/site-packages/airflow/example_dags/example_python_operator.py
[2024-08-05T00:21:41.282+0000] {processor.py:830} INFO - Processing file /home/airflow/.local/lib/python3.12/site-packages/airflow/example_dags/example_python_operator.py for tasks to queue
[2024-08-05T00:21:41.283+0000] {logging_mixin.py:188} INFO - [2024-08-05T00:21:41.283+0000] {dagbag.py:545} INFO - Filling up the DagBag from /home/airflow/.local/lib/python3.12/site-packages/airflow/example_dags/example_python_operator.py
[2024-08-05T00:21:41.297+0000] {processor.py:840} INFO - DAG(s) 'example_python_operator' retrieved from /home/airflow/.local/lib/python3.12/site-packages/airflow/example_dags/example_python_operator.py
[2024-08-05T00:21:41.326+0000] {logging_mixin.py:188} INFO - [2024-08-05T00:21:41.326+0000] {dag.py:3089} INFO - Sync 1 DAGs
[2024-08-05T00:21:41.335+0000] {logging_mixin.py:188} INFO - [2024-08-05T00:21:41.335+0000] {dag.py:3947} INFO - Setting next_dagrun for example_python_operator to None, run_after=None
[2024-08-05T00:21:41.350+0000] {processor.py:183} INFO - Processing /home/airflow/.local/lib/python3.12/site-packages/airflow/example_dags/example_python_operator.py took 0.073 seconds
