[2024-08-05T00:00:15.606+0000] {processor.py:161} INFO - Started process (PID=13080) to work on /home/airflow/.local/lib/python3.12/site-packages/airflow/example_dags/example_task_group.py
[2024-08-05T00:00:15.606+0000] {processor.py:830} INFO - Processing file /home/airflow/.local/lib/python3.12/site-packages/airflow/example_dags/example_task_group.py for tasks to queue
[2024-08-05T00:00:15.607+0000] {logging_mixin.py:188} INFO - [2024-08-05T00:00:15.607+0000] {dagbag.py:545} INFO - Filling up the DagBag from /home/airflow/.local/lib/python3.12/site-packages/airflow/example_dags/example_task_group.py
[2024-08-05T00:00:15.616+0000] {processor.py:840} INFO - DAG(s) 'example_task_group' retrieved from /home/airflow/.local/lib/python3.12/site-packages/airflow/example_dags/example_task_group.py
[2024-08-05T00:00:15.649+0000] {logging_mixin.py:188} INFO - [2024-08-05T00:00:15.648+0000] {dag.py:3089} INFO - Sync 1 DAGs
[2024-08-05T00:00:15.664+0000] {logging_mixin.py:188} INFO - [2024-08-05T00:00:15.664+0000] {dag.py:3947} INFO - Setting next_dagrun for example_task_group to 2024-08-04 00:00:00+00:00, run_after=2024-08-05 00:00:00+00:00
[2024-08-05T00:00:15.674+0000] {processor.py:183} INFO - Processing /home/airflow/.local/lib/python3.12/site-packages/airflow/example_dags/example_task_group.py took 0.073 seconds
[2024-08-05T00:00:47.733+0000] {processor.py:161} INFO - Started process (PID=13150) to work on /home/airflow/.local/lib/python3.12/site-packages/airflow/example_dags/example_task_group.py
[2024-08-05T00:00:47.739+0000] {processor.py:830} INFO - Processing file /home/airflow/.local/lib/python3.12/site-packages/airflow/example_dags/example_task_group.py for tasks to queue
[2024-08-05T00:00:47.742+0000] {logging_mixin.py:188} INFO - [2024-08-05T00:00:47.740+0000] {dagbag.py:545} INFO - Filling up the DagBag from /home/airflow/.local/lib/python3.12/site-packages/airflow/example_dags/example_task_group.py
[2024-08-05T00:00:47.775+0000] {processor.py:840} INFO - DAG(s) 'example_task_group' retrieved from /home/airflow/.local/lib/python3.12/site-packages/airflow/example_dags/example_task_group.py
[2024-08-05T00:00:47.838+0000] {logging_mixin.py:188} INFO - [2024-08-05T00:00:47.837+0000] {dag.py:3089} INFO - Sync 1 DAGs
[2024-08-05T00:00:47.890+0000] {logging_mixin.py:188} INFO - [2024-08-05T00:00:47.890+0000] {dag.py:3947} INFO - Setting next_dagrun for example_task_group to 2024-08-04 00:00:00+00:00, run_after=2024-08-05 00:00:00+00:00
[2024-08-05T00:00:47.923+0000] {processor.py:183} INFO - Processing /home/airflow/.local/lib/python3.12/site-packages/airflow/example_dags/example_task_group.py took 0.211 seconds
[2024-08-05T00:01:18.074+0000] {processor.py:161} INFO - Started process (PID=13216) to work on /home/airflow/.local/lib/python3.12/site-packages/airflow/example_dags/example_task_group.py
[2024-08-05T00:01:18.075+0000] {processor.py:830} INFO - Processing file /home/airflow/.local/lib/python3.12/site-packages/airflow/example_dags/example_task_group.py for tasks to queue
[2024-08-05T00:01:18.076+0000] {logging_mixin.py:188} INFO - [2024-08-05T00:01:18.075+0000] {dagbag.py:545} INFO - Filling up the DagBag from /home/airflow/.local/lib/python3.12/site-packages/airflow/example_dags/example_task_group.py
[2024-08-05T00:01:18.080+0000] {processor.py:840} INFO - DAG(s) 'example_task_group' retrieved from /home/airflow/.local/lib/python3.12/site-packages/airflow/example_dags/example_task_group.py
[2024-08-05T00:01:18.093+0000] {logging_mixin.py:188} INFO - [2024-08-05T00:01:18.092+0000] {dag.py:3089} INFO - Sync 1 DAGs
[2024-08-05T00:01:18.102+0000] {logging_mixin.py:188} INFO - [2024-08-05T00:01:18.102+0000] {dag.py:3947} INFO - Setting next_dagrun for example_task_group to 2024-08-04 00:00:00+00:00, run_after=2024-08-05 00:00:00+00:00
[2024-08-05T00:01:18.113+0000] {processor.py:183} INFO - Processing /home/airflow/.local/lib/python3.12/site-packages/airflow/example_dags/example_task_group.py took 0.042 seconds
[2024-08-05T00:01:48.885+0000] {processor.py:161} INFO - Started process (PID=13287) to work on /home/airflow/.local/lib/python3.12/site-packages/airflow/example_dags/example_task_group.py
[2024-08-05T00:01:48.887+0000] {processor.py:830} INFO - Processing file /home/airflow/.local/lib/python3.12/site-packages/airflow/example_dags/example_task_group.py for tasks to queue
[2024-08-05T00:01:48.888+0000] {logging_mixin.py:188} INFO - [2024-08-05T00:01:48.887+0000] {dagbag.py:545} INFO - Filling up the DagBag from /home/airflow/.local/lib/python3.12/site-packages/airflow/example_dags/example_task_group.py
[2024-08-05T00:01:48.892+0000] {processor.py:840} INFO - DAG(s) 'example_task_group' retrieved from /home/airflow/.local/lib/python3.12/site-packages/airflow/example_dags/example_task_group.py
[2024-08-05T00:01:48.904+0000] {logging_mixin.py:188} INFO - [2024-08-05T00:01:48.904+0000] {dag.py:3089} INFO - Sync 1 DAGs
[2024-08-05T00:01:48.923+0000] {logging_mixin.py:188} INFO - [2024-08-05T00:01:48.923+0000] {dag.py:3947} INFO - Setting next_dagrun for example_task_group to 2024-08-04 00:00:00+00:00, run_after=2024-08-05 00:00:00+00:00
[2024-08-05T00:01:48.933+0000] {processor.py:183} INFO - Processing /home/airflow/.local/lib/python3.12/site-packages/airflow/example_dags/example_task_group.py took 0.052 seconds
[2024-08-05T00:02:19.449+0000] {processor.py:161} INFO - Started process (PID=13348) to work on /home/airflow/.local/lib/python3.12/site-packages/airflow/example_dags/example_task_group.py
[2024-08-05T00:02:19.451+0000] {processor.py:830} INFO - Processing file /home/airflow/.local/lib/python3.12/site-packages/airflow/example_dags/example_task_group.py for tasks to queue
[2024-08-05T00:02:19.453+0000] {logging_mixin.py:188} INFO - [2024-08-05T00:02:19.453+0000] {dagbag.py:545} INFO - Filling up the DagBag from /home/airflow/.local/lib/python3.12/site-packages/airflow/example_dags/example_task_group.py
[2024-08-05T00:02:19.459+0000] {processor.py:840} INFO - DAG(s) 'example_task_group' retrieved from /home/airflow/.local/lib/python3.12/site-packages/airflow/example_dags/example_task_group.py
[2024-08-05T00:02:19.485+0000] {logging_mixin.py:188} INFO - [2024-08-05T00:02:19.485+0000] {dag.py:3089} INFO - Sync 1 DAGs
[2024-08-05T00:02:19.503+0000] {logging_mixin.py:188} INFO - [2024-08-05T00:02:19.503+0000] {dag.py:3947} INFO - Setting next_dagrun for example_task_group to 2024-08-04 00:00:00+00:00, run_after=2024-08-05 00:00:00+00:00
[2024-08-05T00:02:19.514+0000] {processor.py:183} INFO - Processing /home/airflow/.local/lib/python3.12/site-packages/airflow/example_dags/example_task_group.py took 0.069 seconds
[2024-08-05T00:02:49.942+0000] {processor.py:161} INFO - Started process (PID=13409) to work on /home/airflow/.local/lib/python3.12/site-packages/airflow/example_dags/example_task_group.py
[2024-08-05T00:02:49.946+0000] {processor.py:830} INFO - Processing file /home/airflow/.local/lib/python3.12/site-packages/airflow/example_dags/example_task_group.py for tasks to queue
[2024-08-05T00:02:49.949+0000] {logging_mixin.py:188} INFO - [2024-08-05T00:02:49.949+0000] {dagbag.py:545} INFO - Filling up the DagBag from /home/airflow/.local/lib/python3.12/site-packages/airflow/example_dags/example_task_group.py
[2024-08-05T00:02:49.958+0000] {processor.py:840} INFO - DAG(s) 'example_task_group' retrieved from /home/airflow/.local/lib/python3.12/site-packages/airflow/example_dags/example_task_group.py
[2024-08-05T00:02:49.980+0000] {logging_mixin.py:188} INFO - [2024-08-05T00:02:49.980+0000] {dag.py:3089} INFO - Sync 1 DAGs
[2024-08-05T00:02:49.993+0000] {logging_mixin.py:188} INFO - [2024-08-05T00:02:49.993+0000] {dag.py:3947} INFO - Setting next_dagrun for example_task_group to 2024-08-04 00:00:00+00:00, run_after=2024-08-05 00:00:00+00:00
[2024-08-05T00:02:50.004+0000] {processor.py:183} INFO - Processing /home/airflow/.local/lib/python3.12/site-packages/airflow/example_dags/example_task_group.py took 0.067 seconds
[2024-08-05T00:03:20.871+0000] {processor.py:161} INFO - Started process (PID=13470) to work on /home/airflow/.local/lib/python3.12/site-packages/airflow/example_dags/example_task_group.py
[2024-08-05T00:03:20.871+0000] {processor.py:830} INFO - Processing file /home/airflow/.local/lib/python3.12/site-packages/airflow/example_dags/example_task_group.py for tasks to queue
[2024-08-05T00:03:20.872+0000] {logging_mixin.py:188} INFO - [2024-08-05T00:03:20.872+0000] {dagbag.py:545} INFO - Filling up the DagBag from /home/airflow/.local/lib/python3.12/site-packages/airflow/example_dags/example_task_group.py
[2024-08-05T00:03:20.877+0000] {processor.py:840} INFO - DAG(s) 'example_task_group' retrieved from /home/airflow/.local/lib/python3.12/site-packages/airflow/example_dags/example_task_group.py
[2024-08-05T00:03:20.889+0000] {logging_mixin.py:188} INFO - [2024-08-05T00:03:20.889+0000] {dag.py:3089} INFO - Sync 1 DAGs
[2024-08-05T00:03:20.901+0000] {logging_mixin.py:188} INFO - [2024-08-05T00:03:20.901+0000] {dag.py:3947} INFO - Setting next_dagrun for example_task_group to 2024-08-04 00:00:00+00:00, run_after=2024-08-05 00:00:00+00:00
[2024-08-05T00:03:20.915+0000] {processor.py:183} INFO - Processing /home/airflow/.local/lib/python3.12/site-packages/airflow/example_dags/example_task_group.py took 0.047 seconds
[2024-08-05T00:03:51.248+0000] {processor.py:161} INFO - Started process (PID=13531) to work on /home/airflow/.local/lib/python3.12/site-packages/airflow/example_dags/example_task_group.py
[2024-08-05T00:03:51.249+0000] {processor.py:830} INFO - Processing file /home/airflow/.local/lib/python3.12/site-packages/airflow/example_dags/example_task_group.py for tasks to queue
[2024-08-05T00:03:51.250+0000] {logging_mixin.py:188} INFO - [2024-08-05T00:03:51.250+0000] {dagbag.py:545} INFO - Filling up the DagBag from /home/airflow/.local/lib/python3.12/site-packages/airflow/example_dags/example_task_group.py
[2024-08-05T00:03:51.262+0000] {processor.py:840} INFO - DAG(s) 'example_task_group' retrieved from /home/airflow/.local/lib/python3.12/site-packages/airflow/example_dags/example_task_group.py
[2024-08-05T00:03:51.282+0000] {logging_mixin.py:188} INFO - [2024-08-05T00:03:51.282+0000] {dag.py:3089} INFO - Sync 1 DAGs
[2024-08-05T00:03:51.296+0000] {logging_mixin.py:188} INFO - [2024-08-05T00:03:51.296+0000] {dag.py:3947} INFO - Setting next_dagrun for example_task_group to 2024-08-04 00:00:00+00:00, run_after=2024-08-05 00:00:00+00:00
[2024-08-05T00:03:51.307+0000] {processor.py:183} INFO - Processing /home/airflow/.local/lib/python3.12/site-packages/airflow/example_dags/example_task_group.py took 0.065 seconds
[2024-08-05T00:04:21.351+0000] {processor.py:161} INFO - Started process (PID=13592) to work on /home/airflow/.local/lib/python3.12/site-packages/airflow/example_dags/example_task_group.py
[2024-08-05T00:04:21.351+0000] {processor.py:830} INFO - Processing file /home/airflow/.local/lib/python3.12/site-packages/airflow/example_dags/example_task_group.py for tasks to queue
[2024-08-05T00:04:21.352+0000] {logging_mixin.py:188} INFO - [2024-08-05T00:04:21.352+0000] {dagbag.py:545} INFO - Filling up the DagBag from /home/airflow/.local/lib/python3.12/site-packages/airflow/example_dags/example_task_group.py
[2024-08-05T00:04:21.356+0000] {processor.py:840} INFO - DAG(s) 'example_task_group' retrieved from /home/airflow/.local/lib/python3.12/site-packages/airflow/example_dags/example_task_group.py
[2024-08-05T00:04:21.367+0000] {logging_mixin.py:188} INFO - [2024-08-05T00:04:21.367+0000] {dag.py:3089} INFO - Sync 1 DAGs
[2024-08-05T00:04:21.377+0000] {logging_mixin.py:188} INFO - [2024-08-05T00:04:21.377+0000] {dag.py:3947} INFO - Setting next_dagrun for example_task_group to 2024-08-04 00:00:00+00:00, run_after=2024-08-05 00:00:00+00:00
[2024-08-05T00:04:21.385+0000] {processor.py:183} INFO - Processing /home/airflow/.local/lib/python3.12/site-packages/airflow/example_dags/example_task_group.py took 0.038 seconds
[2024-08-05T00:04:51.630+0000] {processor.py:161} INFO - Started process (PID=13653) to work on /home/airflow/.local/lib/python3.12/site-packages/airflow/example_dags/example_task_group.py
[2024-08-05T00:04:51.631+0000] {processor.py:830} INFO - Processing file /home/airflow/.local/lib/python3.12/site-packages/airflow/example_dags/example_task_group.py for tasks to queue
[2024-08-05T00:04:51.631+0000] {logging_mixin.py:188} INFO - [2024-08-05T00:04:51.631+0000] {dagbag.py:545} INFO - Filling up the DagBag from /home/airflow/.local/lib/python3.12/site-packages/airflow/example_dags/example_task_group.py
[2024-08-05T00:04:51.635+0000] {processor.py:840} INFO - DAG(s) 'example_task_group' retrieved from /home/airflow/.local/lib/python3.12/site-packages/airflow/example_dags/example_task_group.py
[2024-08-05T00:04:51.647+0000] {logging_mixin.py:188} INFO - [2024-08-05T00:04:51.647+0000] {dag.py:3089} INFO - Sync 1 DAGs
[2024-08-05T00:04:51.659+0000] {logging_mixin.py:188} INFO - [2024-08-05T00:04:51.659+0000] {dag.py:3947} INFO - Setting next_dagrun for example_task_group to 2024-08-04 00:00:00+00:00, run_after=2024-08-05 00:00:00+00:00
[2024-08-05T00:04:51.668+0000] {processor.py:183} INFO - Processing /home/airflow/.local/lib/python3.12/site-packages/airflow/example_dags/example_task_group.py took 0.041 seconds
[2024-08-05T00:05:22.110+0000] {processor.py:161} INFO - Started process (PID=13714) to work on /home/airflow/.local/lib/python3.12/site-packages/airflow/example_dags/example_task_group.py
[2024-08-05T00:05:22.112+0000] {processor.py:830} INFO - Processing file /home/airflow/.local/lib/python3.12/site-packages/airflow/example_dags/example_task_group.py for tasks to queue
[2024-08-05T00:05:22.113+0000] {logging_mixin.py:188} INFO - [2024-08-05T00:05:22.113+0000] {dagbag.py:545} INFO - Filling up the DagBag from /home/airflow/.local/lib/python3.12/site-packages/airflow/example_dags/example_task_group.py
[2024-08-05T00:05:22.120+0000] {processor.py:840} INFO - DAG(s) 'example_task_group' retrieved from /home/airflow/.local/lib/python3.12/site-packages/airflow/example_dags/example_task_group.py
[2024-08-05T00:05:22.143+0000] {logging_mixin.py:188} INFO - [2024-08-05T00:05:22.143+0000] {dag.py:3089} INFO - Sync 1 DAGs
[2024-08-05T00:05:22.158+0000] {logging_mixin.py:188} INFO - [2024-08-05T00:05:22.158+0000] {dag.py:3947} INFO - Setting next_dagrun for example_task_group to 2024-08-04 00:00:00+00:00, run_after=2024-08-05 00:00:00+00:00
[2024-08-05T00:05:22.166+0000] {processor.py:183} INFO - Processing /home/airflow/.local/lib/python3.12/site-packages/airflow/example_dags/example_task_group.py took 0.063 seconds
[2024-08-05T00:05:52.516+0000] {processor.py:161} INFO - Started process (PID=13775) to work on /home/airflow/.local/lib/python3.12/site-packages/airflow/example_dags/example_task_group.py
[2024-08-05T00:05:52.519+0000] {processor.py:830} INFO - Processing file /home/airflow/.local/lib/python3.12/site-packages/airflow/example_dags/example_task_group.py for tasks to queue
[2024-08-05T00:05:52.521+0000] {logging_mixin.py:188} INFO - [2024-08-05T00:05:52.521+0000] {dagbag.py:545} INFO - Filling up the DagBag from /home/airflow/.local/lib/python3.12/site-packages/airflow/example_dags/example_task_group.py
[2024-08-05T00:05:52.526+0000] {processor.py:840} INFO - DAG(s) 'example_task_group' retrieved from /home/airflow/.local/lib/python3.12/site-packages/airflow/example_dags/example_task_group.py
[2024-08-05T00:05:52.540+0000] {logging_mixin.py:188} INFO - [2024-08-05T00:05:52.540+0000] {dag.py:3089} INFO - Sync 1 DAGs
[2024-08-05T00:05:52.552+0000] {logging_mixin.py:188} INFO - [2024-08-05T00:05:52.552+0000] {dag.py:3947} INFO - Setting next_dagrun for example_task_group to 2024-08-04 00:00:00+00:00, run_after=2024-08-05 00:00:00+00:00
[2024-08-05T00:05:52.562+0000] {processor.py:183} INFO - Processing /home/airflow/.local/lib/python3.12/site-packages/airflow/example_dags/example_task_group.py took 0.051 seconds
[2024-08-05T00:06:22.721+0000] {processor.py:161} INFO - Started process (PID=13836) to work on /home/airflow/.local/lib/python3.12/site-packages/airflow/example_dags/example_task_group.py
[2024-08-05T00:06:22.721+0000] {processor.py:830} INFO - Processing file /home/airflow/.local/lib/python3.12/site-packages/airflow/example_dags/example_task_group.py for tasks to queue
[2024-08-05T00:06:22.722+0000] {logging_mixin.py:188} INFO - [2024-08-05T00:06:22.722+0000] {dagbag.py:545} INFO - Filling up the DagBag from /home/airflow/.local/lib/python3.12/site-packages/airflow/example_dags/example_task_group.py
[2024-08-05T00:06:22.727+0000] {processor.py:840} INFO - DAG(s) 'example_task_group' retrieved from /home/airflow/.local/lib/python3.12/site-packages/airflow/example_dags/example_task_group.py
[2024-08-05T00:06:22.743+0000] {logging_mixin.py:188} INFO - [2024-08-05T00:06:22.743+0000] {dag.py:3089} INFO - Sync 1 DAGs
[2024-08-05T00:06:22.759+0000] {logging_mixin.py:188} INFO - [2024-08-05T00:06:22.758+0000] {dag.py:3947} INFO - Setting next_dagrun for example_task_group to 2024-08-04 00:00:00+00:00, run_after=2024-08-05 00:00:00+00:00
[2024-08-05T00:06:22.771+0000] {processor.py:183} INFO - Processing /home/airflow/.local/lib/python3.12/site-packages/airflow/example_dags/example_task_group.py took 0.053 seconds
[2024-08-05T00:06:53.857+0000] {processor.py:161} INFO - Started process (PID=13897) to work on /home/airflow/.local/lib/python3.12/site-packages/airflow/example_dags/example_task_group.py
[2024-08-05T00:06:53.861+0000] {processor.py:830} INFO - Processing file /home/airflow/.local/lib/python3.12/site-packages/airflow/example_dags/example_task_group.py for tasks to queue
[2024-08-05T00:06:53.863+0000] {logging_mixin.py:188} INFO - [2024-08-05T00:06:53.863+0000] {dagbag.py:545} INFO - Filling up the DagBag from /home/airflow/.local/lib/python3.12/site-packages/airflow/example_dags/example_task_group.py
[2024-08-05T00:06:53.878+0000] {processor.py:840} INFO - DAG(s) 'example_task_group' retrieved from /home/airflow/.local/lib/python3.12/site-packages/airflow/example_dags/example_task_group.py
[2024-08-05T00:06:53.900+0000] {logging_mixin.py:188} INFO - [2024-08-05T00:06:53.900+0000] {dag.py:3089} INFO - Sync 1 DAGs
[2024-08-05T00:06:53.916+0000] {logging_mixin.py:188} INFO - [2024-08-05T00:06:53.916+0000] {dag.py:3947} INFO - Setting next_dagrun for example_task_group to 2024-08-04 00:00:00+00:00, run_after=2024-08-05 00:00:00+00:00
[2024-08-05T00:06:53.929+0000] {processor.py:183} INFO - Processing /home/airflow/.local/lib/python3.12/site-packages/airflow/example_dags/example_task_group.py took 0.078 seconds
[2024-08-05T00:07:24.838+0000] {processor.py:161} INFO - Started process (PID=13968) to work on /home/airflow/.local/lib/python3.12/site-packages/airflow/example_dags/example_task_group.py
[2024-08-05T00:07:24.838+0000] {processor.py:830} INFO - Processing file /home/airflow/.local/lib/python3.12/site-packages/airflow/example_dags/example_task_group.py for tasks to queue
[2024-08-05T00:07:24.839+0000] {logging_mixin.py:188} INFO - [2024-08-05T00:07:24.839+0000] {dagbag.py:545} INFO - Filling up the DagBag from /home/airflow/.local/lib/python3.12/site-packages/airflow/example_dags/example_task_group.py
[2024-08-05T00:07:24.845+0000] {processor.py:840} INFO - DAG(s) 'example_task_group' retrieved from /home/airflow/.local/lib/python3.12/site-packages/airflow/example_dags/example_task_group.py
[2024-08-05T00:07:24.863+0000] {logging_mixin.py:188} INFO - [2024-08-05T00:07:24.863+0000] {dag.py:3089} INFO - Sync 1 DAGs
[2024-08-05T00:07:24.879+0000] {logging_mixin.py:188} INFO - [2024-08-05T00:07:24.879+0000] {dag.py:3947} INFO - Setting next_dagrun for example_task_group to 2024-08-04 00:00:00+00:00, run_after=2024-08-05 00:00:00+00:00
[2024-08-05T00:07:24.890+0000] {processor.py:183} INFO - Processing /home/airflow/.local/lib/python3.12/site-packages/airflow/example_dags/example_task_group.py took 0.055 seconds
[2024-08-05T00:07:55.193+0000] {processor.py:161} INFO - Started process (PID=14029) to work on /home/airflow/.local/lib/python3.12/site-packages/airflow/example_dags/example_task_group.py
[2024-08-05T00:07:55.195+0000] {processor.py:830} INFO - Processing file /home/airflow/.local/lib/python3.12/site-packages/airflow/example_dags/example_task_group.py for tasks to queue
[2024-08-05T00:07:55.197+0000] {logging_mixin.py:188} INFO - [2024-08-05T00:07:55.197+0000] {dagbag.py:545} INFO - Filling up the DagBag from /home/airflow/.local/lib/python3.12/site-packages/airflow/example_dags/example_task_group.py
[2024-08-05T00:07:55.203+0000] {processor.py:840} INFO - DAG(s) 'example_task_group' retrieved from /home/airflow/.local/lib/python3.12/site-packages/airflow/example_dags/example_task_group.py
[2024-08-05T00:07:55.218+0000] {logging_mixin.py:188} INFO - [2024-08-05T00:07:55.218+0000] {dag.py:3089} INFO - Sync 1 DAGs
[2024-08-05T00:07:55.234+0000] {logging_mixin.py:188} INFO - [2024-08-05T00:07:55.234+0000] {dag.py:3947} INFO - Setting next_dagrun for example_task_group to 2024-08-04 00:00:00+00:00, run_after=2024-08-05 00:00:00+00:00
[2024-08-05T00:07:55.245+0000] {processor.py:183} INFO - Processing /home/airflow/.local/lib/python3.12/site-packages/airflow/example_dags/example_task_group.py took 0.055 seconds
[2024-08-05T00:08:25.429+0000] {processor.py:161} INFO - Started process (PID=14090) to work on /home/airflow/.local/lib/python3.12/site-packages/airflow/example_dags/example_task_group.py
[2024-08-05T00:08:25.432+0000] {processor.py:830} INFO - Processing file /home/airflow/.local/lib/python3.12/site-packages/airflow/example_dags/example_task_group.py for tasks to queue
[2024-08-05T00:08:25.434+0000] {logging_mixin.py:188} INFO - [2024-08-05T00:08:25.434+0000] {dagbag.py:545} INFO - Filling up the DagBag from /home/airflow/.local/lib/python3.12/site-packages/airflow/example_dags/example_task_group.py
[2024-08-05T00:08:25.440+0000] {processor.py:840} INFO - DAG(s) 'example_task_group' retrieved from /home/airflow/.local/lib/python3.12/site-packages/airflow/example_dags/example_task_group.py
[2024-08-05T00:08:25.458+0000] {logging_mixin.py:188} INFO - [2024-08-05T00:08:25.458+0000] {dag.py:3089} INFO - Sync 1 DAGs
[2024-08-05T00:08:25.471+0000] {logging_mixin.py:188} INFO - [2024-08-05T00:08:25.471+0000] {dag.py:3947} INFO - Setting next_dagrun for example_task_group to 2024-08-04 00:00:00+00:00, run_after=2024-08-05 00:00:00+00:00
[2024-08-05T00:08:25.484+0000] {processor.py:183} INFO - Processing /home/airflow/.local/lib/python3.12/site-packages/airflow/example_dags/example_task_group.py took 0.060 seconds
[2024-08-05T00:08:55.773+0000] {processor.py:161} INFO - Started process (PID=14152) to work on /home/airflow/.local/lib/python3.12/site-packages/airflow/example_dags/example_task_group.py
[2024-08-05T00:08:55.773+0000] {processor.py:830} INFO - Processing file /home/airflow/.local/lib/python3.12/site-packages/airflow/example_dags/example_task_group.py for tasks to queue
[2024-08-05T00:08:55.775+0000] {logging_mixin.py:188} INFO - [2024-08-05T00:08:55.775+0000] {dagbag.py:545} INFO - Filling up the DagBag from /home/airflow/.local/lib/python3.12/site-packages/airflow/example_dags/example_task_group.py
[2024-08-05T00:08:55.782+0000] {processor.py:840} INFO - DAG(s) 'example_task_group' retrieved from /home/airflow/.local/lib/python3.12/site-packages/airflow/example_dags/example_task_group.py
[2024-08-05T00:08:55.797+0000] {logging_mixin.py:188} INFO - [2024-08-05T00:08:55.797+0000] {dag.py:3089} INFO - Sync 1 DAGs
[2024-08-05T00:08:55.815+0000] {logging_mixin.py:188} INFO - [2024-08-05T00:08:55.815+0000] {dag.py:3947} INFO - Setting next_dagrun for example_task_group to 2024-08-04 00:00:00+00:00, run_after=2024-08-05 00:00:00+00:00
[2024-08-05T00:08:55.828+0000] {processor.py:183} INFO - Processing /home/airflow/.local/lib/python3.12/site-packages/airflow/example_dags/example_task_group.py took 0.058 seconds
[2024-08-05T00:09:26.650+0000] {processor.py:161} INFO - Started process (PID=14213) to work on /home/airflow/.local/lib/python3.12/site-packages/airflow/example_dags/example_task_group.py
[2024-08-05T00:09:26.651+0000] {processor.py:830} INFO - Processing file /home/airflow/.local/lib/python3.12/site-packages/airflow/example_dags/example_task_group.py for tasks to queue
[2024-08-05T00:09:26.655+0000] {logging_mixin.py:188} INFO - [2024-08-05T00:09:26.654+0000] {dagbag.py:545} INFO - Filling up the DagBag from /home/airflow/.local/lib/python3.12/site-packages/airflow/example_dags/example_task_group.py
[2024-08-05T00:09:26.675+0000] {processor.py:840} INFO - DAG(s) 'example_task_group' retrieved from /home/airflow/.local/lib/python3.12/site-packages/airflow/example_dags/example_task_group.py
[2024-08-05T00:09:26.702+0000] {logging_mixin.py:188} INFO - [2024-08-05T00:09:26.702+0000] {dag.py:3089} INFO - Sync 1 DAGs
[2024-08-05T00:09:26.751+0000] {logging_mixin.py:188} INFO - [2024-08-05T00:09:26.750+0000] {dag.py:3947} INFO - Setting next_dagrun for example_task_group to 2024-08-04 00:00:00+00:00, run_after=2024-08-05 00:00:00+00:00
[2024-08-05T00:09:26.769+0000] {processor.py:183} INFO - Processing /home/airflow/.local/lib/python3.12/site-packages/airflow/example_dags/example_task_group.py took 0.128 seconds
[2024-08-05T00:09:57.376+0000] {processor.py:161} INFO - Started process (PID=14274) to work on /home/airflow/.local/lib/python3.12/site-packages/airflow/example_dags/example_task_group.py
[2024-08-05T00:09:57.378+0000] {processor.py:830} INFO - Processing file /home/airflow/.local/lib/python3.12/site-packages/airflow/example_dags/example_task_group.py for tasks to queue
[2024-08-05T00:09:57.379+0000] {logging_mixin.py:188} INFO - [2024-08-05T00:09:57.379+0000] {dagbag.py:545} INFO - Filling up the DagBag from /home/airflow/.local/lib/python3.12/site-packages/airflow/example_dags/example_task_group.py
[2024-08-05T00:09:57.389+0000] {processor.py:840} INFO - DAG(s) 'example_task_group' retrieved from /home/airflow/.local/lib/python3.12/site-packages/airflow/example_dags/example_task_group.py
[2024-08-05T00:09:57.407+0000] {logging_mixin.py:188} INFO - [2024-08-05T00:09:57.407+0000] {dag.py:3089} INFO - Sync 1 DAGs
[2024-08-05T00:09:57.424+0000] {logging_mixin.py:188} INFO - [2024-08-05T00:09:57.424+0000] {dag.py:3947} INFO - Setting next_dagrun for example_task_group to 2024-08-04 00:00:00+00:00, run_after=2024-08-05 00:00:00+00:00
[2024-08-05T00:09:57.436+0000] {processor.py:183} INFO - Processing /home/airflow/.local/lib/python3.12/site-packages/airflow/example_dags/example_task_group.py took 0.064 seconds
[2024-08-05T00:10:28.230+0000] {processor.py:161} INFO - Started process (PID=14345) to work on /home/airflow/.local/lib/python3.12/site-packages/airflow/example_dags/example_task_group.py
[2024-08-05T00:10:28.230+0000] {processor.py:830} INFO - Processing file /home/airflow/.local/lib/python3.12/site-packages/airflow/example_dags/example_task_group.py for tasks to queue
[2024-08-05T00:10:28.231+0000] {logging_mixin.py:188} INFO - [2024-08-05T00:10:28.230+0000] {dagbag.py:545} INFO - Filling up the DagBag from /home/airflow/.local/lib/python3.12/site-packages/airflow/example_dags/example_task_group.py
[2024-08-05T00:10:28.237+0000] {processor.py:840} INFO - DAG(s) 'example_task_group' retrieved from /home/airflow/.local/lib/python3.12/site-packages/airflow/example_dags/example_task_group.py
[2024-08-05T00:10:28.258+0000] {logging_mixin.py:188} INFO - [2024-08-05T00:10:28.258+0000] {dag.py:3089} INFO - Sync 1 DAGs
[2024-08-05T00:10:28.274+0000] {logging_mixin.py:188} INFO - [2024-08-05T00:10:28.273+0000] {dag.py:3947} INFO - Setting next_dagrun for example_task_group to 2024-08-04 00:00:00+00:00, run_after=2024-08-05 00:00:00+00:00
[2024-08-05T00:10:28.289+0000] {processor.py:183} INFO - Processing /home/airflow/.local/lib/python3.12/site-packages/airflow/example_dags/example_task_group.py took 0.063 seconds
[2024-08-05T00:10:59.096+0000] {processor.py:161} INFO - Started process (PID=14406) to work on /home/airflow/.local/lib/python3.12/site-packages/airflow/example_dags/example_task_group.py
[2024-08-05T00:10:59.097+0000] {processor.py:830} INFO - Processing file /home/airflow/.local/lib/python3.12/site-packages/airflow/example_dags/example_task_group.py for tasks to queue
[2024-08-05T00:10:59.097+0000] {logging_mixin.py:188} INFO - [2024-08-05T00:10:59.097+0000] {dagbag.py:545} INFO - Filling up the DagBag from /home/airflow/.local/lib/python3.12/site-packages/airflow/example_dags/example_task_group.py
[2024-08-05T00:10:59.103+0000] {processor.py:840} INFO - DAG(s) 'example_task_group' retrieved from /home/airflow/.local/lib/python3.12/site-packages/airflow/example_dags/example_task_group.py
[2024-08-05T00:10:59.138+0000] {logging_mixin.py:188} INFO - [2024-08-05T00:10:59.137+0000] {dag.py:3089} INFO - Sync 1 DAGs
[2024-08-05T00:10:59.204+0000] {logging_mixin.py:188} INFO - [2024-08-05T00:10:59.204+0000] {dag.py:3947} INFO - Setting next_dagrun for example_task_group to 2024-08-04 00:00:00+00:00, run_after=2024-08-05 00:00:00+00:00
[2024-08-05T00:10:59.227+0000] {processor.py:183} INFO - Processing /home/airflow/.local/lib/python3.12/site-packages/airflow/example_dags/example_task_group.py took 0.137 seconds
[2024-08-05T00:11:30.091+0000] {processor.py:161} INFO - Started process (PID=14477) to work on /home/airflow/.local/lib/python3.12/site-packages/airflow/example_dags/example_task_group.py
[2024-08-05T00:11:30.093+0000] {processor.py:830} INFO - Processing file /home/airflow/.local/lib/python3.12/site-packages/airflow/example_dags/example_task_group.py for tasks to queue
[2024-08-05T00:11:30.096+0000] {logging_mixin.py:188} INFO - [2024-08-05T00:11:30.096+0000] {dagbag.py:545} INFO - Filling up the DagBag from /home/airflow/.local/lib/python3.12/site-packages/airflow/example_dags/example_task_group.py
[2024-08-05T00:11:30.102+0000] {processor.py:840} INFO - DAG(s) 'example_task_group' retrieved from /home/airflow/.local/lib/python3.12/site-packages/airflow/example_dags/example_task_group.py
[2024-08-05T00:11:30.117+0000] {logging_mixin.py:188} INFO - [2024-08-05T00:11:30.117+0000] {dag.py:3089} INFO - Sync 1 DAGs
[2024-08-05T00:11:30.131+0000] {logging_mixin.py:188} INFO - [2024-08-05T00:11:30.131+0000] {dag.py:3947} INFO - Setting next_dagrun for example_task_group to 2024-08-04 00:00:00+00:00, run_after=2024-08-05 00:00:00+00:00
[2024-08-05T00:11:30.143+0000] {processor.py:183} INFO - Processing /home/airflow/.local/lib/python3.12/site-packages/airflow/example_dags/example_task_group.py took 0.058 seconds
[2024-08-05T00:12:00.652+0000] {processor.py:161} INFO - Started process (PID=14538) to work on /home/airflow/.local/lib/python3.12/site-packages/airflow/example_dags/example_task_group.py
[2024-08-05T00:12:00.653+0000] {processor.py:830} INFO - Processing file /home/airflow/.local/lib/python3.12/site-packages/airflow/example_dags/example_task_group.py for tasks to queue
[2024-08-05T00:12:00.654+0000] {logging_mixin.py:188} INFO - [2024-08-05T00:12:00.653+0000] {dagbag.py:545} INFO - Filling up the DagBag from /home/airflow/.local/lib/python3.12/site-packages/airflow/example_dags/example_task_group.py
[2024-08-05T00:12:00.659+0000] {processor.py:840} INFO - DAG(s) 'example_task_group' retrieved from /home/airflow/.local/lib/python3.12/site-packages/airflow/example_dags/example_task_group.py
[2024-08-05T00:12:00.678+0000] {logging_mixin.py:188} INFO - [2024-08-05T00:12:00.678+0000] {dag.py:3089} INFO - Sync 1 DAGs
[2024-08-05T00:12:00.695+0000] {logging_mixin.py:188} INFO - [2024-08-05T00:12:00.695+0000] {dag.py:3947} INFO - Setting next_dagrun for example_task_group to 2024-08-04 00:00:00+00:00, run_after=2024-08-05 00:00:00+00:00
[2024-08-05T00:12:00.707+0000] {processor.py:183} INFO - Processing /home/airflow/.local/lib/python3.12/site-packages/airflow/example_dags/example_task_group.py took 0.058 seconds
[2024-08-05T00:12:31.686+0000] {processor.py:161} INFO - Started process (PID=14599) to work on /home/airflow/.local/lib/python3.12/site-packages/airflow/example_dags/example_task_group.py
[2024-08-05T00:12:31.687+0000] {processor.py:830} INFO - Processing file /home/airflow/.local/lib/python3.12/site-packages/airflow/example_dags/example_task_group.py for tasks to queue
[2024-08-05T00:12:31.687+0000] {logging_mixin.py:188} INFO - [2024-08-05T00:12:31.687+0000] {dagbag.py:545} INFO - Filling up the DagBag from /home/airflow/.local/lib/python3.12/site-packages/airflow/example_dags/example_task_group.py
[2024-08-05T00:12:31.693+0000] {processor.py:840} INFO - DAG(s) 'example_task_group' retrieved from /home/airflow/.local/lib/python3.12/site-packages/airflow/example_dags/example_task_group.py
[2024-08-05T00:12:31.711+0000] {logging_mixin.py:188} INFO - [2024-08-05T00:12:31.710+0000] {dag.py:3089} INFO - Sync 1 DAGs
[2024-08-05T00:12:31.724+0000] {logging_mixin.py:188} INFO - [2024-08-05T00:12:31.724+0000] {dag.py:3947} INFO - Setting next_dagrun for example_task_group to 2024-08-04 00:00:00+00:00, run_after=2024-08-05 00:00:00+00:00
[2024-08-05T00:12:31.736+0000] {processor.py:183} INFO - Processing /home/airflow/.local/lib/python3.12/site-packages/airflow/example_dags/example_task_group.py took 0.054 seconds
[2024-08-05T00:13:02.502+0000] {processor.py:161} INFO - Started process (PID=14660) to work on /home/airflow/.local/lib/python3.12/site-packages/airflow/example_dags/example_task_group.py
[2024-08-05T00:13:02.504+0000] {processor.py:830} INFO - Processing file /home/airflow/.local/lib/python3.12/site-packages/airflow/example_dags/example_task_group.py for tasks to queue
[2024-08-05T00:13:02.505+0000] {logging_mixin.py:188} INFO - [2024-08-05T00:13:02.505+0000] {dagbag.py:545} INFO - Filling up the DagBag from /home/airflow/.local/lib/python3.12/site-packages/airflow/example_dags/example_task_group.py
[2024-08-05T00:13:02.510+0000] {processor.py:840} INFO - DAG(s) 'example_task_group' retrieved from /home/airflow/.local/lib/python3.12/site-packages/airflow/example_dags/example_task_group.py
[2024-08-05T00:13:02.526+0000] {logging_mixin.py:188} INFO - [2024-08-05T00:13:02.525+0000] {dag.py:3089} INFO - Sync 1 DAGs
[2024-08-05T00:13:02.540+0000] {logging_mixin.py:188} INFO - [2024-08-05T00:13:02.540+0000] {dag.py:3947} INFO - Setting next_dagrun for example_task_group to 2024-08-04 00:00:00+00:00, run_after=2024-08-05 00:00:00+00:00
[2024-08-05T00:13:02.550+0000] {processor.py:183} INFO - Processing /home/airflow/.local/lib/python3.12/site-packages/airflow/example_dags/example_task_group.py took 0.052 seconds
[2024-08-05T00:13:33.306+0000] {processor.py:161} INFO - Started process (PID=14721) to work on /home/airflow/.local/lib/python3.12/site-packages/airflow/example_dags/example_task_group.py
[2024-08-05T00:13:33.307+0000] {processor.py:830} INFO - Processing file /home/airflow/.local/lib/python3.12/site-packages/airflow/example_dags/example_task_group.py for tasks to queue
[2024-08-05T00:13:33.307+0000] {logging_mixin.py:188} INFO - [2024-08-05T00:13:33.307+0000] {dagbag.py:545} INFO - Filling up the DagBag from /home/airflow/.local/lib/python3.12/site-packages/airflow/example_dags/example_task_group.py
[2024-08-05T00:13:33.312+0000] {processor.py:840} INFO - DAG(s) 'example_task_group' retrieved from /home/airflow/.local/lib/python3.12/site-packages/airflow/example_dags/example_task_group.py
[2024-08-05T00:13:33.324+0000] {logging_mixin.py:188} INFO - [2024-08-05T00:13:33.323+0000] {dag.py:3089} INFO - Sync 1 DAGs
[2024-08-05T00:13:33.333+0000] {logging_mixin.py:188} INFO - [2024-08-05T00:13:33.333+0000] {dag.py:3947} INFO - Setting next_dagrun for example_task_group to 2024-08-04 00:00:00+00:00, run_after=2024-08-05 00:00:00+00:00
[2024-08-05T00:13:33.342+0000] {processor.py:183} INFO - Processing /home/airflow/.local/lib/python3.12/site-packages/airflow/example_dags/example_task_group.py took 0.039 seconds
[2024-08-05T00:14:04.038+0000] {processor.py:161} INFO - Started process (PID=14782) to work on /home/airflow/.local/lib/python3.12/site-packages/airflow/example_dags/example_task_group.py
[2024-08-05T00:14:04.040+0000] {processor.py:830} INFO - Processing file /home/airflow/.local/lib/python3.12/site-packages/airflow/example_dags/example_task_group.py for tasks to queue
[2024-08-05T00:14:04.040+0000] {logging_mixin.py:188} INFO - [2024-08-05T00:14:04.040+0000] {dagbag.py:545} INFO - Filling up the DagBag from /home/airflow/.local/lib/python3.12/site-packages/airflow/example_dags/example_task_group.py
[2024-08-05T00:14:04.044+0000] {processor.py:840} INFO - DAG(s) 'example_task_group' retrieved from /home/airflow/.local/lib/python3.12/site-packages/airflow/example_dags/example_task_group.py
[2024-08-05T00:14:04.056+0000] {logging_mixin.py:188} INFO - [2024-08-05T00:14:04.056+0000] {dag.py:3089} INFO - Sync 1 DAGs
[2024-08-05T00:14:04.067+0000] {logging_mixin.py:188} INFO - [2024-08-05T00:14:04.066+0000] {dag.py:3947} INFO - Setting next_dagrun for example_task_group to 2024-08-04 00:00:00+00:00, run_after=2024-08-05 00:00:00+00:00
[2024-08-05T00:14:04.074+0000] {processor.py:183} INFO - Processing /home/airflow/.local/lib/python3.12/site-packages/airflow/example_dags/example_task_group.py took 0.039 seconds
[2024-08-05T00:14:35.148+0000] {processor.py:161} INFO - Started process (PID=14843) to work on /home/airflow/.local/lib/python3.12/site-packages/airflow/example_dags/example_task_group.py
[2024-08-05T00:14:35.149+0000] {processor.py:830} INFO - Processing file /home/airflow/.local/lib/python3.12/site-packages/airflow/example_dags/example_task_group.py for tasks to queue
[2024-08-05T00:14:35.150+0000] {logging_mixin.py:188} INFO - [2024-08-05T00:14:35.149+0000] {dagbag.py:545} INFO - Filling up the DagBag from /home/airflow/.local/lib/python3.12/site-packages/airflow/example_dags/example_task_group.py
[2024-08-05T00:14:35.154+0000] {processor.py:840} INFO - DAG(s) 'example_task_group' retrieved from /home/airflow/.local/lib/python3.12/site-packages/airflow/example_dags/example_task_group.py
[2024-08-05T00:14:35.169+0000] {logging_mixin.py:188} INFO - [2024-08-05T00:14:35.168+0000] {dag.py:3089} INFO - Sync 1 DAGs
[2024-08-05T00:14:35.184+0000] {logging_mixin.py:188} INFO - [2024-08-05T00:14:35.183+0000] {dag.py:3947} INFO - Setting next_dagrun for example_task_group to 2024-08-04 00:00:00+00:00, run_after=2024-08-05 00:00:00+00:00
[2024-08-05T00:14:35.193+0000] {processor.py:183} INFO - Processing /home/airflow/.local/lib/python3.12/site-packages/airflow/example_dags/example_task_group.py took 0.049 seconds
[2024-08-05T00:15:05.394+0000] {processor.py:161} INFO - Started process (PID=14904) to work on /home/airflow/.local/lib/python3.12/site-packages/airflow/example_dags/example_task_group.py
[2024-08-05T00:15:05.399+0000] {processor.py:830} INFO - Processing file /home/airflow/.local/lib/python3.12/site-packages/airflow/example_dags/example_task_group.py for tasks to queue
[2024-08-05T00:15:05.401+0000] {logging_mixin.py:188} INFO - [2024-08-05T00:15:05.400+0000] {dagbag.py:545} INFO - Filling up the DagBag from /home/airflow/.local/lib/python3.12/site-packages/airflow/example_dags/example_task_group.py
[2024-08-05T00:15:05.406+0000] {processor.py:840} INFO - DAG(s) 'example_task_group' retrieved from /home/airflow/.local/lib/python3.12/site-packages/airflow/example_dags/example_task_group.py
[2024-08-05T00:15:05.418+0000] {logging_mixin.py:188} INFO - [2024-08-05T00:15:05.418+0000] {dag.py:3089} INFO - Sync 1 DAGs
[2024-08-05T00:15:05.430+0000] {logging_mixin.py:188} INFO - [2024-08-05T00:15:05.430+0000] {dag.py:3947} INFO - Setting next_dagrun for example_task_group to 2024-08-04 00:00:00+00:00, run_after=2024-08-05 00:00:00+00:00
[2024-08-05T00:15:05.441+0000] {processor.py:183} INFO - Processing /home/airflow/.local/lib/python3.12/site-packages/airflow/example_dags/example_task_group.py took 0.050 seconds
[2024-08-05T00:15:36.388+0000] {processor.py:161} INFO - Started process (PID=14965) to work on /home/airflow/.local/lib/python3.12/site-packages/airflow/example_dags/example_task_group.py
[2024-08-05T00:15:36.392+0000] {processor.py:830} INFO - Processing file /home/airflow/.local/lib/python3.12/site-packages/airflow/example_dags/example_task_group.py for tasks to queue
[2024-08-05T00:15:36.392+0000] {logging_mixin.py:188} INFO - [2024-08-05T00:15:36.392+0000] {dagbag.py:545} INFO - Filling up the DagBag from /home/airflow/.local/lib/python3.12/site-packages/airflow/example_dags/example_task_group.py
[2024-08-05T00:15:36.397+0000] {processor.py:840} INFO - DAG(s) 'example_task_group' retrieved from /home/airflow/.local/lib/python3.12/site-packages/airflow/example_dags/example_task_group.py
[2024-08-05T00:15:36.424+0000] {logging_mixin.py:188} INFO - [2024-08-05T00:15:36.424+0000] {dag.py:3089} INFO - Sync 1 DAGs
[2024-08-05T00:15:36.440+0000] {logging_mixin.py:188} INFO - [2024-08-05T00:15:36.440+0000] {dag.py:3947} INFO - Setting next_dagrun for example_task_group to 2024-08-04 00:00:00+00:00, run_after=2024-08-05 00:00:00+00:00
[2024-08-05T00:15:36.448+0000] {processor.py:183} INFO - Processing /home/airflow/.local/lib/python3.12/site-packages/airflow/example_dags/example_task_group.py took 0.063 seconds
[2024-08-05T00:16:07.116+0000] {processor.py:161} INFO - Started process (PID=15036) to work on /home/airflow/.local/lib/python3.12/site-packages/airflow/example_dags/example_task_group.py
[2024-08-05T00:16:07.121+0000] {processor.py:830} INFO - Processing file /home/airflow/.local/lib/python3.12/site-packages/airflow/example_dags/example_task_group.py for tasks to queue
[2024-08-05T00:16:07.125+0000] {logging_mixin.py:188} INFO - [2024-08-05T00:16:07.125+0000] {dagbag.py:545} INFO - Filling up the DagBag from /home/airflow/.local/lib/python3.12/site-packages/airflow/example_dags/example_task_group.py
[2024-08-05T00:16:07.159+0000] {processor.py:840} INFO - DAG(s) 'example_task_group' retrieved from /home/airflow/.local/lib/python3.12/site-packages/airflow/example_dags/example_task_group.py
[2024-08-05T00:16:07.254+0000] {logging_mixin.py:188} INFO - [2024-08-05T00:16:07.252+0000] {dag.py:3089} INFO - Sync 1 DAGs
[2024-08-05T00:16:07.357+0000] {logging_mixin.py:188} INFO - [2024-08-05T00:16:07.356+0000] {dag.py:3947} INFO - Setting next_dagrun for example_task_group to 2024-08-04 00:00:00+00:00, run_after=2024-08-05 00:00:00+00:00
[2024-08-05T00:16:07.403+0000] {processor.py:183} INFO - Processing /home/airflow/.local/lib/python3.12/site-packages/airflow/example_dags/example_task_group.py took 0.303 seconds
[2024-08-05T00:16:38.135+0000] {processor.py:161} INFO - Started process (PID=15097) to work on /home/airflow/.local/lib/python3.12/site-packages/airflow/example_dags/example_task_group.py
[2024-08-05T00:16:38.136+0000] {processor.py:830} INFO - Processing file /home/airflow/.local/lib/python3.12/site-packages/airflow/example_dags/example_task_group.py for tasks to queue
[2024-08-05T00:16:38.136+0000] {logging_mixin.py:188} INFO - [2024-08-05T00:16:38.136+0000] {dagbag.py:545} INFO - Filling up the DagBag from /home/airflow/.local/lib/python3.12/site-packages/airflow/example_dags/example_task_group.py
[2024-08-05T00:16:38.141+0000] {processor.py:840} INFO - DAG(s) 'example_task_group' retrieved from /home/airflow/.local/lib/python3.12/site-packages/airflow/example_dags/example_task_group.py
[2024-08-05T00:16:38.153+0000] {logging_mixin.py:188} INFO - [2024-08-05T00:16:38.153+0000] {dag.py:3089} INFO - Sync 1 DAGs
[2024-08-05T00:16:38.165+0000] {logging_mixin.py:188} INFO - [2024-08-05T00:16:38.164+0000] {dag.py:3947} INFO - Setting next_dagrun for example_task_group to 2024-08-04 00:00:00+00:00, run_after=2024-08-05 00:00:00+00:00
[2024-08-05T00:16:38.173+0000] {processor.py:183} INFO - Processing /home/airflow/.local/lib/python3.12/site-packages/airflow/example_dags/example_task_group.py took 0.041 seconds
[2024-08-05T00:17:09.029+0000] {processor.py:161} INFO - Started process (PID=15158) to work on /home/airflow/.local/lib/python3.12/site-packages/airflow/example_dags/example_task_group.py
[2024-08-05T00:17:09.030+0000] {processor.py:830} INFO - Processing file /home/airflow/.local/lib/python3.12/site-packages/airflow/example_dags/example_task_group.py for tasks to queue
[2024-08-05T00:17:09.030+0000] {logging_mixin.py:188} INFO - [2024-08-05T00:17:09.030+0000] {dagbag.py:545} INFO - Filling up the DagBag from /home/airflow/.local/lib/python3.12/site-packages/airflow/example_dags/example_task_group.py
[2024-08-05T00:17:09.036+0000] {processor.py:840} INFO - DAG(s) 'example_task_group' retrieved from /home/airflow/.local/lib/python3.12/site-packages/airflow/example_dags/example_task_group.py
[2024-08-05T00:17:09.060+0000] {logging_mixin.py:188} INFO - [2024-08-05T00:17:09.060+0000] {dag.py:3089} INFO - Sync 1 DAGs
[2024-08-05T00:17:09.074+0000] {logging_mixin.py:188} INFO - [2024-08-05T00:17:09.074+0000] {dag.py:3947} INFO - Setting next_dagrun for example_task_group to 2024-08-04 00:00:00+00:00, run_after=2024-08-05 00:00:00+00:00
[2024-08-05T00:17:09.085+0000] {processor.py:183} INFO - Processing /home/airflow/.local/lib/python3.12/site-packages/airflow/example_dags/example_task_group.py took 0.059 seconds
[2024-08-05T00:17:39.378+0000] {processor.py:161} INFO - Started process (PID=15229) to work on /home/airflow/.local/lib/python3.12/site-packages/airflow/example_dags/example_task_group.py
[2024-08-05T00:17:39.379+0000] {processor.py:830} INFO - Processing file /home/airflow/.local/lib/python3.12/site-packages/airflow/example_dags/example_task_group.py for tasks to queue
[2024-08-05T00:17:39.379+0000] {logging_mixin.py:188} INFO - [2024-08-05T00:17:39.379+0000] {dagbag.py:545} INFO - Filling up the DagBag from /home/airflow/.local/lib/python3.12/site-packages/airflow/example_dags/example_task_group.py
[2024-08-05T00:17:39.388+0000] {processor.py:840} INFO - DAG(s) 'example_task_group' retrieved from /home/airflow/.local/lib/python3.12/site-packages/airflow/example_dags/example_task_group.py
[2024-08-05T00:17:39.412+0000] {logging_mixin.py:188} INFO - [2024-08-05T00:17:39.412+0000] {dag.py:3089} INFO - Sync 1 DAGs
[2024-08-05T00:17:39.429+0000] {logging_mixin.py:188} INFO - [2024-08-05T00:17:39.428+0000] {dag.py:3947} INFO - Setting next_dagrun for example_task_group to 2024-08-04 00:00:00+00:00, run_after=2024-08-05 00:00:00+00:00
[2024-08-05T00:17:39.442+0000] {processor.py:183} INFO - Processing /home/airflow/.local/lib/python3.12/site-packages/airflow/example_dags/example_task_group.py took 0.068 seconds
[2024-08-05T00:18:10.932+0000] {processor.py:161} INFO - Started process (PID=15290) to work on /home/airflow/.local/lib/python3.12/site-packages/airflow/example_dags/example_task_group.py
[2024-08-05T00:18:10.934+0000] {processor.py:830} INFO - Processing file /home/airflow/.local/lib/python3.12/site-packages/airflow/example_dags/example_task_group.py for tasks to queue
[2024-08-05T00:18:10.935+0000] {logging_mixin.py:188} INFO - [2024-08-05T00:18:10.935+0000] {dagbag.py:545} INFO - Filling up the DagBag from /home/airflow/.local/lib/python3.12/site-packages/airflow/example_dags/example_task_group.py
[2024-08-05T00:18:10.947+0000] {processor.py:840} INFO - DAG(s) 'example_task_group' retrieved from /home/airflow/.local/lib/python3.12/site-packages/airflow/example_dags/example_task_group.py
[2024-08-05T00:18:10.988+0000] {logging_mixin.py:188} INFO - [2024-08-05T00:18:10.988+0000] {dag.py:3089} INFO - Sync 1 DAGs
[2024-08-05T00:18:11.027+0000] {logging_mixin.py:188} INFO - [2024-08-05T00:18:11.027+0000] {dag.py:3947} INFO - Setting next_dagrun for example_task_group to 2024-08-04 00:00:00+00:00, run_after=2024-08-05 00:00:00+00:00
[2024-08-05T00:18:11.065+0000] {processor.py:183} INFO - Processing /home/airflow/.local/lib/python3.12/site-packages/airflow/example_dags/example_task_group.py took 0.148 seconds
[2024-08-05T00:18:41.953+0000] {processor.py:161} INFO - Started process (PID=15351) to work on /home/airflow/.local/lib/python3.12/site-packages/airflow/example_dags/example_task_group.py
[2024-08-05T00:18:41.955+0000] {processor.py:830} INFO - Processing file /home/airflow/.local/lib/python3.12/site-packages/airflow/example_dags/example_task_group.py for tasks to queue
[2024-08-05T00:18:41.961+0000] {logging_mixin.py:188} INFO - [2024-08-05T00:18:41.958+0000] {dagbag.py:545} INFO - Filling up the DagBag from /home/airflow/.local/lib/python3.12/site-packages/airflow/example_dags/example_task_group.py
[2024-08-05T00:18:41.975+0000] {processor.py:840} INFO - DAG(s) 'example_task_group' retrieved from /home/airflow/.local/lib/python3.12/site-packages/airflow/example_dags/example_task_group.py
[2024-08-05T00:18:42.170+0000] {logging_mixin.py:188} INFO - [2024-08-05T00:18:42.169+0000] {dag.py:3089} INFO - Sync 1 DAGs
[2024-08-05T00:18:42.201+0000] {logging_mixin.py:188} INFO - [2024-08-05T00:18:42.201+0000] {dag.py:3947} INFO - Setting next_dagrun for example_task_group to 2024-08-04 00:00:00+00:00, run_after=2024-08-05 00:00:00+00:00
[2024-08-05T00:18:42.213+0000] {processor.py:183} INFO - Processing /home/airflow/.local/lib/python3.12/site-packages/airflow/example_dags/example_task_group.py took 0.266 seconds
[2024-08-05T00:19:12.232+0000] {processor.py:161} INFO - Started process (PID=15410) to work on /home/airflow/.local/lib/python3.12/site-packages/airflow/example_dags/example_task_group.py
[2024-08-05T00:19:12.232+0000] {processor.py:830} INFO - Processing file /home/airflow/.local/lib/python3.12/site-packages/airflow/example_dags/example_task_group.py for tasks to queue
[2024-08-05T00:19:12.233+0000] {logging_mixin.py:188} INFO - [2024-08-05T00:19:12.233+0000] {dagbag.py:545} INFO - Filling up the DagBag from /home/airflow/.local/lib/python3.12/site-packages/airflow/example_dags/example_task_group.py
[2024-08-05T00:19:12.240+0000] {processor.py:840} INFO - DAG(s) 'example_task_group' retrieved from /home/airflow/.local/lib/python3.12/site-packages/airflow/example_dags/example_task_group.py
[2024-08-05T00:19:12.255+0000] {logging_mixin.py:188} INFO - [2024-08-05T00:19:12.255+0000] {dag.py:3089} INFO - Sync 1 DAGs
[2024-08-05T00:19:12.267+0000] {logging_mixin.py:188} INFO - [2024-08-05T00:19:12.267+0000] {dag.py:3947} INFO - Setting next_dagrun for example_task_group to 2024-08-04 00:00:00+00:00, run_after=2024-08-05 00:00:00+00:00
[2024-08-05T00:19:12.278+0000] {processor.py:183} INFO - Processing /home/airflow/.local/lib/python3.12/site-packages/airflow/example_dags/example_task_group.py took 0.049 seconds
[2024-08-05T00:19:42.727+0000] {processor.py:161} INFO - Started process (PID=15475) to work on /home/airflow/.local/lib/python3.12/site-packages/airflow/example_dags/example_task_group.py
[2024-08-05T00:19:42.729+0000] {processor.py:830} INFO - Processing file /home/airflow/.local/lib/python3.12/site-packages/airflow/example_dags/example_task_group.py for tasks to queue
[2024-08-05T00:19:42.731+0000] {logging_mixin.py:188} INFO - [2024-08-05T00:19:42.730+0000] {dagbag.py:545} INFO - Filling up the DagBag from /home/airflow/.local/lib/python3.12/site-packages/airflow/example_dags/example_task_group.py
[2024-08-05T00:19:42.761+0000] {processor.py:840} INFO - DAG(s) 'example_task_group' retrieved from /home/airflow/.local/lib/python3.12/site-packages/airflow/example_dags/example_task_group.py
[2024-08-05T00:19:42.790+0000] {logging_mixin.py:188} INFO - [2024-08-05T00:19:42.790+0000] {dag.py:3089} INFO - Sync 1 DAGs
[2024-08-05T00:19:42.814+0000] {logging_mixin.py:188} INFO - [2024-08-05T00:19:42.813+0000] {dag.py:3947} INFO - Setting next_dagrun for example_task_group to 2024-08-04 00:00:00+00:00, run_after=2024-08-05 00:00:00+00:00
[2024-08-05T00:19:42.828+0000] {processor.py:183} INFO - Processing /home/airflow/.local/lib/python3.12/site-packages/airflow/example_dags/example_task_group.py took 0.111 seconds
[2024-08-05T00:20:13.604+0000] {processor.py:161} INFO - Started process (PID=15547) to work on /home/airflow/.local/lib/python3.12/site-packages/airflow/example_dags/example_task_group.py
[2024-08-05T00:20:13.611+0000] {processor.py:830} INFO - Processing file /home/airflow/.local/lib/python3.12/site-packages/airflow/example_dags/example_task_group.py for tasks to queue
[2024-08-05T00:20:13.614+0000] {logging_mixin.py:188} INFO - [2024-08-05T00:20:13.613+0000] {dagbag.py:545} INFO - Filling up the DagBag from /home/airflow/.local/lib/python3.12/site-packages/airflow/example_dags/example_task_group.py
[2024-08-05T00:20:13.670+0000] {processor.py:840} INFO - DAG(s) 'example_task_group' retrieved from /home/airflow/.local/lib/python3.12/site-packages/airflow/example_dags/example_task_group.py
[2024-08-05T00:20:13.760+0000] {logging_mixin.py:188} INFO - [2024-08-05T00:20:13.757+0000] {dag.py:3089} INFO - Sync 1 DAGs
[2024-08-05T00:20:13.807+0000] {logging_mixin.py:188} INFO - [2024-08-05T00:20:13.806+0000] {dag.py:3947} INFO - Setting next_dagrun for example_task_group to 2024-08-04 00:00:00+00:00, run_after=2024-08-05 00:00:00+00:00
[2024-08-05T00:20:13.873+0000] {processor.py:183} INFO - Processing /home/airflow/.local/lib/python3.12/site-packages/airflow/example_dags/example_task_group.py took 0.300 seconds
[2024-08-05T00:20:44.130+0000] {processor.py:161} INFO - Started process (PID=15618) to work on /home/airflow/.local/lib/python3.12/site-packages/airflow/example_dags/example_task_group.py
[2024-08-05T00:20:44.132+0000] {processor.py:830} INFO - Processing file /home/airflow/.local/lib/python3.12/site-packages/airflow/example_dags/example_task_group.py for tasks to queue
[2024-08-05T00:20:44.134+0000] {logging_mixin.py:188} INFO - [2024-08-05T00:20:44.134+0000] {dagbag.py:545} INFO - Filling up the DagBag from /home/airflow/.local/lib/python3.12/site-packages/airflow/example_dags/example_task_group.py
[2024-08-05T00:20:44.178+0000] {processor.py:840} INFO - DAG(s) 'example_task_group' retrieved from /home/airflow/.local/lib/python3.12/site-packages/airflow/example_dags/example_task_group.py
[2024-08-05T00:20:44.801+0000] {logging_mixin.py:188} INFO - [2024-08-05T00:20:44.794+0000] {dag.py:3089} INFO - Sync 1 DAGs
[2024-08-05T00:20:44.853+0000] {logging_mixin.py:188} INFO - [2024-08-05T00:20:44.853+0000] {dag.py:3947} INFO - Setting next_dagrun for example_task_group to 2024-08-04 00:00:00+00:00, run_after=2024-08-05 00:00:00+00:00
[2024-08-05T00:20:44.901+0000] {processor.py:183} INFO - Processing /home/airflow/.local/lib/python3.12/site-packages/airflow/example_dags/example_task_group.py took 0.778 seconds
[2024-08-05T00:21:15.140+0000] {processor.py:161} INFO - Started process (PID=15679) to work on /home/airflow/.local/lib/python3.12/site-packages/airflow/example_dags/example_task_group.py
[2024-08-05T00:21:15.149+0000] {processor.py:830} INFO - Processing file /home/airflow/.local/lib/python3.12/site-packages/airflow/example_dags/example_task_group.py for tasks to queue
[2024-08-05T00:21:15.151+0000] {logging_mixin.py:188} INFO - [2024-08-05T00:21:15.151+0000] {dagbag.py:545} INFO - Filling up the DagBag from /home/airflow/.local/lib/python3.12/site-packages/airflow/example_dags/example_task_group.py
[2024-08-05T00:21:15.161+0000] {processor.py:840} INFO - DAG(s) 'example_task_group' retrieved from /home/airflow/.local/lib/python3.12/site-packages/airflow/example_dags/example_task_group.py
[2024-08-05T00:21:15.185+0000] {logging_mixin.py:188} INFO - [2024-08-05T00:21:15.185+0000] {dag.py:3089} INFO - Sync 1 DAGs
[2024-08-05T00:21:15.206+0000] {logging_mixin.py:188} INFO - [2024-08-05T00:21:15.206+0000] {dag.py:3947} INFO - Setting next_dagrun for example_task_group to 2024-08-04 00:00:00+00:00, run_after=2024-08-05 00:00:00+00:00
[2024-08-05T00:21:15.222+0000] {processor.py:183} INFO - Processing /home/airflow/.local/lib/python3.12/site-packages/airflow/example_dags/example_task_group.py took 0.090 seconds
[2024-08-05T00:21:45.884+0000] {processor.py:161} INFO - Started process (PID=15739) to work on /home/airflow/.local/lib/python3.12/site-packages/airflow/example_dags/example_task_group.py
[2024-08-05T00:21:45.887+0000] {processor.py:830} INFO - Processing file /home/airflow/.local/lib/python3.12/site-packages/airflow/example_dags/example_task_group.py for tasks to queue
[2024-08-05T00:21:45.889+0000] {logging_mixin.py:188} INFO - [2024-08-05T00:21:45.888+0000] {dagbag.py:545} INFO - Filling up the DagBag from /home/airflow/.local/lib/python3.12/site-packages/airflow/example_dags/example_task_group.py
[2024-08-05T00:21:45.909+0000] {processor.py:840} INFO - DAG(s) 'example_task_group' retrieved from /home/airflow/.local/lib/python3.12/site-packages/airflow/example_dags/example_task_group.py
[2024-08-05T00:21:45.969+0000] {logging_mixin.py:188} INFO - [2024-08-05T00:21:45.968+0000] {dag.py:3089} INFO - Sync 1 DAGs
[2024-08-05T00:21:45.990+0000] {logging_mixin.py:188} INFO - [2024-08-05T00:21:45.990+0000] {dag.py:3947} INFO - Setting next_dagrun for example_task_group to 2024-08-04 00:00:00+00:00, run_after=2024-08-05 00:00:00+00:00
[2024-08-05T00:21:46.018+0000] {processor.py:183} INFO - Processing /home/airflow/.local/lib/python3.12/site-packages/airflow/example_dags/example_task_group.py took 0.157 seconds
[2024-08-05T00:22:17.060+0000] {processor.py:161} INFO - Started process (PID=15799) to work on /home/airflow/.local/lib/python3.12/site-packages/airflow/example_dags/example_task_group.py
[2024-08-05T00:22:17.062+0000] {processor.py:830} INFO - Processing file /home/airflow/.local/lib/python3.12/site-packages/airflow/example_dags/example_task_group.py for tasks to queue
[2024-08-05T00:22:17.064+0000] {logging_mixin.py:188} INFO - [2024-08-05T00:22:17.064+0000] {dagbag.py:545} INFO - Filling up the DagBag from /home/airflow/.local/lib/python3.12/site-packages/airflow/example_dags/example_task_group.py
[2024-08-05T00:22:17.090+0000] {processor.py:840} INFO - DAG(s) 'example_task_group' retrieved from /home/airflow/.local/lib/python3.12/site-packages/airflow/example_dags/example_task_group.py
[2024-08-05T00:22:17.129+0000] {logging_mixin.py:188} INFO - [2024-08-05T00:22:17.129+0000] {dag.py:3089} INFO - Sync 1 DAGs
[2024-08-05T00:22:17.167+0000] {logging_mixin.py:188} INFO - [2024-08-05T00:22:17.167+0000] {dag.py:3947} INFO - Setting next_dagrun for example_task_group to 2024-08-04 00:00:00+00:00, run_after=2024-08-05 00:00:00+00:00
[2024-08-05T00:22:17.183+0000] {processor.py:183} INFO - Processing /home/airflow/.local/lib/python3.12/site-packages/airflow/example_dags/example_task_group.py took 0.134 seconds
