[2024-08-05T00:00:15.131+0000] {processor.py:161} INFO - Started process (PID=13075) to work on /home/airflow/.local/lib/python3.12/site-packages/airflow/example_dags/example_skip_dag.py
[2024-08-05T00:00:15.144+0000] {processor.py:830} INFO - Processing file /home/airflow/.local/lib/python3.12/site-packages/airflow/example_dags/example_skip_dag.py for tasks to queue
[2024-08-05T00:00:15.153+0000] {logging_mixin.py:188} INFO - [2024-08-05T00:00:15.152+0000] {dagbag.py:545} INFO - Filling up the DagBag from /home/airflow/.local/lib/python3.12/site-packages/airflow/example_dags/example_skip_dag.py
[2024-08-05T00:00:15.177+0000] {processor.py:840} INFO - DAG(s) 'example_skip_dag' retrieved from /home/airflow/.local/lib/python3.12/site-packages/airflow/example_dags/example_skip_dag.py
[2024-08-05T00:00:15.250+0000] {logging_mixin.py:188} INFO - [2024-08-05T00:00:15.249+0000] {dag.py:3089} INFO - Sync 1 DAGs
[2024-08-05T00:00:15.275+0000] {logging_mixin.py:188} INFO - [2024-08-05T00:00:15.275+0000] {dag.py:3947} INFO - Setting next_dagrun for example_skip_dag to 2024-08-04 00:00:00+00:00, run_after=2024-08-05 00:00:00+00:00
[2024-08-05T00:00:15.288+0000] {processor.py:183} INFO - Processing /home/airflow/.local/lib/python3.12/site-packages/airflow/example_dags/example_skip_dag.py took 0.169 seconds
[2024-08-05T00:00:46.373+0000] {processor.py:161} INFO - Started process (PID=13145) to work on /home/airflow/.local/lib/python3.12/site-packages/airflow/example_dags/example_skip_dag.py
[2024-08-05T00:00:46.376+0000] {processor.py:830} INFO - Processing file /home/airflow/.local/lib/python3.12/site-packages/airflow/example_dags/example_skip_dag.py for tasks to queue
[2024-08-05T00:00:46.379+0000] {logging_mixin.py:188} INFO - [2024-08-05T00:00:46.378+0000] {dagbag.py:545} INFO - Filling up the DagBag from /home/airflow/.local/lib/python3.12/site-packages/airflow/example_dags/example_skip_dag.py
[2024-08-05T00:00:46.391+0000] {processor.py:840} INFO - DAG(s) 'example_skip_dag' retrieved from /home/airflow/.local/lib/python3.12/site-packages/airflow/example_dags/example_skip_dag.py
[2024-08-05T00:00:46.424+0000] {logging_mixin.py:188} INFO - [2024-08-05T00:00:46.424+0000] {dag.py:3089} INFO - Sync 1 DAGs
[2024-08-05T00:00:46.497+0000] {logging_mixin.py:188} INFO - [2024-08-05T00:00:46.497+0000] {dag.py:3947} INFO - Setting next_dagrun for example_skip_dag to 2024-08-04 00:00:00+00:00, run_after=2024-08-05 00:00:00+00:00
[2024-08-05T00:00:46.509+0000] {processor.py:183} INFO - Processing /home/airflow/.local/lib/python3.12/site-packages/airflow/example_dags/example_skip_dag.py took 0.155 seconds
[2024-08-05T00:01:16.876+0000] {processor.py:161} INFO - Started process (PID=13211) to work on /home/airflow/.local/lib/python3.12/site-packages/airflow/example_dags/example_skip_dag.py
[2024-08-05T00:01:16.877+0000] {processor.py:830} INFO - Processing file /home/airflow/.local/lib/python3.12/site-packages/airflow/example_dags/example_skip_dag.py for tasks to queue
[2024-08-05T00:01:16.877+0000] {logging_mixin.py:188} INFO - [2024-08-05T00:01:16.877+0000] {dagbag.py:545} INFO - Filling up the DagBag from /home/airflow/.local/lib/python3.12/site-packages/airflow/example_dags/example_skip_dag.py
[2024-08-05T00:01:16.881+0000] {processor.py:840} INFO - DAG(s) 'example_skip_dag' retrieved from /home/airflow/.local/lib/python3.12/site-packages/airflow/example_dags/example_skip_dag.py
[2024-08-05T00:01:16.893+0000] {logging_mixin.py:188} INFO - [2024-08-05T00:01:16.893+0000] {dag.py:3089} INFO - Sync 1 DAGs
[2024-08-05T00:01:16.903+0000] {logging_mixin.py:188} INFO - [2024-08-05T00:01:16.903+0000] {dag.py:3947} INFO - Setting next_dagrun for example_skip_dag to 2024-08-04 00:00:00+00:00, run_after=2024-08-05 00:00:00+00:00
[2024-08-05T00:01:16.910+0000] {processor.py:183} INFO - Processing /home/airflow/.local/lib/python3.12/site-packages/airflow/example_dags/example_skip_dag.py took 0.038 seconds
[2024-08-05T00:01:47.648+0000] {processor.py:161} INFO - Started process (PID=13282) to work on /home/airflow/.local/lib/python3.12/site-packages/airflow/example_dags/example_skip_dag.py
[2024-08-05T00:01:47.648+0000] {processor.py:830} INFO - Processing file /home/airflow/.local/lib/python3.12/site-packages/airflow/example_dags/example_skip_dag.py for tasks to queue
[2024-08-05T00:01:47.649+0000] {logging_mixin.py:188} INFO - [2024-08-05T00:01:47.649+0000] {dagbag.py:545} INFO - Filling up the DagBag from /home/airflow/.local/lib/python3.12/site-packages/airflow/example_dags/example_skip_dag.py
[2024-08-05T00:01:47.652+0000] {processor.py:840} INFO - DAG(s) 'example_skip_dag' retrieved from /home/airflow/.local/lib/python3.12/site-packages/airflow/example_dags/example_skip_dag.py
[2024-08-05T00:01:47.664+0000] {logging_mixin.py:188} INFO - [2024-08-05T00:01:47.664+0000] {dag.py:3089} INFO - Sync 1 DAGs
[2024-08-05T00:01:47.674+0000] {logging_mixin.py:188} INFO - [2024-08-05T00:01:47.674+0000] {dag.py:3947} INFO - Setting next_dagrun for example_skip_dag to 2024-08-04 00:00:00+00:00, run_after=2024-08-05 00:00:00+00:00
[2024-08-05T00:01:47.682+0000] {processor.py:183} INFO - Processing /home/airflow/.local/lib/python3.12/site-packages/airflow/example_dags/example_skip_dag.py took 0.039 seconds
[2024-08-05T00:02:18.237+0000] {processor.py:161} INFO - Started process (PID=13343) to work on /home/airflow/.local/lib/python3.12/site-packages/airflow/example_dags/example_skip_dag.py
[2024-08-05T00:02:18.238+0000] {processor.py:830} INFO - Processing file /home/airflow/.local/lib/python3.12/site-packages/airflow/example_dags/example_skip_dag.py for tasks to queue
[2024-08-05T00:02:18.239+0000] {logging_mixin.py:188} INFO - [2024-08-05T00:02:18.238+0000] {dagbag.py:545} INFO - Filling up the DagBag from /home/airflow/.local/lib/python3.12/site-packages/airflow/example_dags/example_skip_dag.py
[2024-08-05T00:02:18.242+0000] {processor.py:840} INFO - DAG(s) 'example_skip_dag' retrieved from /home/airflow/.local/lib/python3.12/site-packages/airflow/example_dags/example_skip_dag.py
[2024-08-05T00:02:18.254+0000] {logging_mixin.py:188} INFO - [2024-08-05T00:02:18.254+0000] {dag.py:3089} INFO - Sync 1 DAGs
[2024-08-05T00:02:18.264+0000] {logging_mixin.py:188} INFO - [2024-08-05T00:02:18.264+0000] {dag.py:3947} INFO - Setting next_dagrun for example_skip_dag to 2024-08-04 00:00:00+00:00, run_after=2024-08-05 00:00:00+00:00
[2024-08-05T00:02:18.272+0000] {processor.py:183} INFO - Processing /home/airflow/.local/lib/python3.12/site-packages/airflow/example_dags/example_skip_dag.py took 0.038 seconds
[2024-08-05T00:02:48.708+0000] {processor.py:161} INFO - Started process (PID=13404) to work on /home/airflow/.local/lib/python3.12/site-packages/airflow/example_dags/example_skip_dag.py
[2024-08-05T00:02:48.709+0000] {processor.py:830} INFO - Processing file /home/airflow/.local/lib/python3.12/site-packages/airflow/example_dags/example_skip_dag.py for tasks to queue
[2024-08-05T00:02:48.709+0000] {logging_mixin.py:188} INFO - [2024-08-05T00:02:48.709+0000] {dagbag.py:545} INFO - Filling up the DagBag from /home/airflow/.local/lib/python3.12/site-packages/airflow/example_dags/example_skip_dag.py
[2024-08-05T00:02:48.714+0000] {processor.py:840} INFO - DAG(s) 'example_skip_dag' retrieved from /home/airflow/.local/lib/python3.12/site-packages/airflow/example_dags/example_skip_dag.py
[2024-08-05T00:02:48.727+0000] {logging_mixin.py:188} INFO - [2024-08-05T00:02:48.727+0000] {dag.py:3089} INFO - Sync 1 DAGs
[2024-08-05T00:02:48.738+0000] {logging_mixin.py:188} INFO - [2024-08-05T00:02:48.737+0000] {dag.py:3947} INFO - Setting next_dagrun for example_skip_dag to 2024-08-04 00:00:00+00:00, run_after=2024-08-05 00:00:00+00:00
[2024-08-05T00:02:48.745+0000] {processor.py:183} INFO - Processing /home/airflow/.local/lib/python3.12/site-packages/airflow/example_dags/example_skip_dag.py took 0.042 seconds
[2024-08-05T00:03:19.664+0000] {processor.py:161} INFO - Started process (PID=13465) to work on /home/airflow/.local/lib/python3.12/site-packages/airflow/example_dags/example_skip_dag.py
[2024-08-05T00:03:19.665+0000] {processor.py:830} INFO - Processing file /home/airflow/.local/lib/python3.12/site-packages/airflow/example_dags/example_skip_dag.py for tasks to queue
[2024-08-05T00:03:19.665+0000] {logging_mixin.py:188} INFO - [2024-08-05T00:03:19.665+0000] {dagbag.py:545} INFO - Filling up the DagBag from /home/airflow/.local/lib/python3.12/site-packages/airflow/example_dags/example_skip_dag.py
[2024-08-05T00:03:19.672+0000] {processor.py:840} INFO - DAG(s) 'example_skip_dag' retrieved from /home/airflow/.local/lib/python3.12/site-packages/airflow/example_dags/example_skip_dag.py
[2024-08-05T00:03:19.690+0000] {logging_mixin.py:188} INFO - [2024-08-05T00:03:19.690+0000] {dag.py:3089} INFO - Sync 1 DAGs
[2024-08-05T00:03:19.702+0000] {logging_mixin.py:188} INFO - [2024-08-05T00:03:19.702+0000] {dag.py:3947} INFO - Setting next_dagrun for example_skip_dag to 2024-08-04 00:00:00+00:00, run_after=2024-08-05 00:00:00+00:00
[2024-08-05T00:03:19.711+0000] {processor.py:183} INFO - Processing /home/airflow/.local/lib/python3.12/site-packages/airflow/example_dags/example_skip_dag.py took 0.050 seconds
[2024-08-05T00:03:49.918+0000] {processor.py:161} INFO - Started process (PID=13526) to work on /home/airflow/.local/lib/python3.12/site-packages/airflow/example_dags/example_skip_dag.py
[2024-08-05T00:03:49.924+0000] {processor.py:830} INFO - Processing file /home/airflow/.local/lib/python3.12/site-packages/airflow/example_dags/example_skip_dag.py for tasks to queue
[2024-08-05T00:03:49.928+0000] {logging_mixin.py:188} INFO - [2024-08-05T00:03:49.925+0000] {dagbag.py:545} INFO - Filling up the DagBag from /home/airflow/.local/lib/python3.12/site-packages/airflow/example_dags/example_skip_dag.py
[2024-08-05T00:03:49.954+0000] {processor.py:840} INFO - DAG(s) 'example_skip_dag' retrieved from /home/airflow/.local/lib/python3.12/site-packages/airflow/example_dags/example_skip_dag.py
[2024-08-05T00:03:49.976+0000] {logging_mixin.py:188} INFO - [2024-08-05T00:03:49.976+0000] {dag.py:3089} INFO - Sync 1 DAGs
[2024-08-05T00:03:49.990+0000] {logging_mixin.py:188} INFO - [2024-08-05T00:03:49.990+0000] {dag.py:3947} INFO - Setting next_dagrun for example_skip_dag to 2024-08-04 00:00:00+00:00, run_after=2024-08-05 00:00:00+00:00
[2024-08-05T00:03:50.007+0000] {processor.py:183} INFO - Processing /home/airflow/.local/lib/python3.12/site-packages/airflow/example_dags/example_skip_dag.py took 0.096 seconds
[2024-08-05T00:04:20.155+0000] {processor.py:161} INFO - Started process (PID=13587) to work on /home/airflow/.local/lib/python3.12/site-packages/airflow/example_dags/example_skip_dag.py
[2024-08-05T00:04:20.157+0000] {processor.py:830} INFO - Processing file /home/airflow/.local/lib/python3.12/site-packages/airflow/example_dags/example_skip_dag.py for tasks to queue
[2024-08-05T00:04:20.159+0000] {logging_mixin.py:188} INFO - [2024-08-05T00:04:20.159+0000] {dagbag.py:545} INFO - Filling up the DagBag from /home/airflow/.local/lib/python3.12/site-packages/airflow/example_dags/example_skip_dag.py
[2024-08-05T00:04:20.164+0000] {processor.py:840} INFO - DAG(s) 'example_skip_dag' retrieved from /home/airflow/.local/lib/python3.12/site-packages/airflow/example_dags/example_skip_dag.py
[2024-08-05T00:04:20.178+0000] {logging_mixin.py:188} INFO - [2024-08-05T00:04:20.178+0000] {dag.py:3089} INFO - Sync 1 DAGs
[2024-08-05T00:04:20.188+0000] {logging_mixin.py:188} INFO - [2024-08-05T00:04:20.188+0000] {dag.py:3947} INFO - Setting next_dagrun for example_skip_dag to 2024-08-04 00:00:00+00:00, run_after=2024-08-05 00:00:00+00:00
[2024-08-05T00:04:20.196+0000] {processor.py:183} INFO - Processing /home/airflow/.local/lib/python3.12/site-packages/airflow/example_dags/example_skip_dag.py took 0.045 seconds
[2024-08-05T00:04:50.396+0000] {processor.py:161} INFO - Started process (PID=13648) to work on /home/airflow/.local/lib/python3.12/site-packages/airflow/example_dags/example_skip_dag.py
[2024-08-05T00:04:50.396+0000] {processor.py:830} INFO - Processing file /home/airflow/.local/lib/python3.12/site-packages/airflow/example_dags/example_skip_dag.py for tasks to queue
[2024-08-05T00:04:50.397+0000] {logging_mixin.py:188} INFO - [2024-08-05T00:04:50.397+0000] {dagbag.py:545} INFO - Filling up the DagBag from /home/airflow/.local/lib/python3.12/site-packages/airflow/example_dags/example_skip_dag.py
[2024-08-05T00:04:50.400+0000] {processor.py:840} INFO - DAG(s) 'example_skip_dag' retrieved from /home/airflow/.local/lib/python3.12/site-packages/airflow/example_dags/example_skip_dag.py
[2024-08-05T00:04:50.412+0000] {logging_mixin.py:188} INFO - [2024-08-05T00:04:50.412+0000] {dag.py:3089} INFO - Sync 1 DAGs
[2024-08-05T00:04:50.421+0000] {logging_mixin.py:188} INFO - [2024-08-05T00:04:50.421+0000] {dag.py:3947} INFO - Setting next_dagrun for example_skip_dag to 2024-08-04 00:00:00+00:00, run_after=2024-08-05 00:00:00+00:00
[2024-08-05T00:04:50.429+0000] {processor.py:183} INFO - Processing /home/airflow/.local/lib/python3.12/site-packages/airflow/example_dags/example_skip_dag.py took 0.036 seconds
[2024-08-05T00:05:20.868+0000] {processor.py:161} INFO - Started process (PID=13709) to work on /home/airflow/.local/lib/python3.12/site-packages/airflow/example_dags/example_skip_dag.py
[2024-08-05T00:05:20.868+0000] {processor.py:830} INFO - Processing file /home/airflow/.local/lib/python3.12/site-packages/airflow/example_dags/example_skip_dag.py for tasks to queue
[2024-08-05T00:05:20.869+0000] {logging_mixin.py:188} INFO - [2024-08-05T00:05:20.869+0000] {dagbag.py:545} INFO - Filling up the DagBag from /home/airflow/.local/lib/python3.12/site-packages/airflow/example_dags/example_skip_dag.py
[2024-08-05T00:05:20.873+0000] {processor.py:840} INFO - DAG(s) 'example_skip_dag' retrieved from /home/airflow/.local/lib/python3.12/site-packages/airflow/example_dags/example_skip_dag.py
[2024-08-05T00:05:20.901+0000] {logging_mixin.py:188} INFO - [2024-08-05T00:05:20.901+0000] {dag.py:3089} INFO - Sync 1 DAGs
[2024-08-05T00:05:20.921+0000] {logging_mixin.py:188} INFO - [2024-08-05T00:05:20.920+0000] {dag.py:3947} INFO - Setting next_dagrun for example_skip_dag to 2024-08-04 00:00:00+00:00, run_after=2024-08-05 00:00:00+00:00
[2024-08-05T00:05:20.992+0000] {processor.py:183} INFO - Processing /home/airflow/.local/lib/python3.12/site-packages/airflow/example_dags/example_skip_dag.py took 0.128 seconds
[2024-08-05T00:05:51.318+0000] {processor.py:161} INFO - Started process (PID=13770) to work on /home/airflow/.local/lib/python3.12/site-packages/airflow/example_dags/example_skip_dag.py
[2024-08-05T00:05:51.320+0000] {processor.py:830} INFO - Processing file /home/airflow/.local/lib/python3.12/site-packages/airflow/example_dags/example_skip_dag.py for tasks to queue
[2024-08-05T00:05:51.321+0000] {logging_mixin.py:188} INFO - [2024-08-05T00:05:51.320+0000] {dagbag.py:545} INFO - Filling up the DagBag from /home/airflow/.local/lib/python3.12/site-packages/airflow/example_dags/example_skip_dag.py
[2024-08-05T00:05:51.325+0000] {processor.py:840} INFO - DAG(s) 'example_skip_dag' retrieved from /home/airflow/.local/lib/python3.12/site-packages/airflow/example_dags/example_skip_dag.py
[2024-08-05T00:05:51.338+0000] {logging_mixin.py:188} INFO - [2024-08-05T00:05:51.338+0000] {dag.py:3089} INFO - Sync 1 DAGs
[2024-08-05T00:05:51.349+0000] {logging_mixin.py:188} INFO - [2024-08-05T00:05:51.349+0000] {dag.py:3947} INFO - Setting next_dagrun for example_skip_dag to 2024-08-04 00:00:00+00:00, run_after=2024-08-05 00:00:00+00:00
[2024-08-05T00:05:51.358+0000] {processor.py:183} INFO - Processing /home/airflow/.local/lib/python3.12/site-packages/airflow/example_dags/example_skip_dag.py took 0.046 seconds
[2024-08-05T00:06:21.527+0000] {processor.py:161} INFO - Started process (PID=13831) to work on /home/airflow/.local/lib/python3.12/site-packages/airflow/example_dags/example_skip_dag.py
[2024-08-05T00:06:21.529+0000] {processor.py:830} INFO - Processing file /home/airflow/.local/lib/python3.12/site-packages/airflow/example_dags/example_skip_dag.py for tasks to queue
[2024-08-05T00:06:21.530+0000] {logging_mixin.py:188} INFO - [2024-08-05T00:06:21.530+0000] {dagbag.py:545} INFO - Filling up the DagBag from /home/airflow/.local/lib/python3.12/site-packages/airflow/example_dags/example_skip_dag.py
[2024-08-05T00:06:21.534+0000] {processor.py:840} INFO - DAG(s) 'example_skip_dag' retrieved from /home/airflow/.local/lib/python3.12/site-packages/airflow/example_dags/example_skip_dag.py
[2024-08-05T00:06:21.548+0000] {logging_mixin.py:188} INFO - [2024-08-05T00:06:21.547+0000] {dag.py:3089} INFO - Sync 1 DAGs
[2024-08-05T00:06:21.558+0000] {logging_mixin.py:188} INFO - [2024-08-05T00:06:21.558+0000] {dag.py:3947} INFO - Setting next_dagrun for example_skip_dag to 2024-08-04 00:00:00+00:00, run_after=2024-08-05 00:00:00+00:00
[2024-08-05T00:06:21.567+0000] {processor.py:183} INFO - Processing /home/airflow/.local/lib/python3.12/site-packages/airflow/example_dags/example_skip_dag.py took 0.044 seconds
[2024-08-05T00:06:52.409+0000] {processor.py:161} INFO - Started process (PID=13892) to work on /home/airflow/.local/lib/python3.12/site-packages/airflow/example_dags/example_skip_dag.py
[2024-08-05T00:06:52.410+0000] {processor.py:830} INFO - Processing file /home/airflow/.local/lib/python3.12/site-packages/airflow/example_dags/example_skip_dag.py for tasks to queue
[2024-08-05T00:06:52.410+0000] {logging_mixin.py:188} INFO - [2024-08-05T00:06:52.410+0000] {dagbag.py:545} INFO - Filling up the DagBag from /home/airflow/.local/lib/python3.12/site-packages/airflow/example_dags/example_skip_dag.py
[2024-08-05T00:06:52.415+0000] {processor.py:840} INFO - DAG(s) 'example_skip_dag' retrieved from /home/airflow/.local/lib/python3.12/site-packages/airflow/example_dags/example_skip_dag.py
[2024-08-05T00:06:52.434+0000] {logging_mixin.py:188} INFO - [2024-08-05T00:06:52.433+0000] {dag.py:3089} INFO - Sync 1 DAGs
[2024-08-05T00:06:52.443+0000] {logging_mixin.py:188} INFO - [2024-08-05T00:06:52.443+0000] {dag.py:3947} INFO - Setting next_dagrun for example_skip_dag to 2024-08-04 00:00:00+00:00, run_after=2024-08-05 00:00:00+00:00
[2024-08-05T00:06:52.451+0000] {processor.py:183} INFO - Processing /home/airflow/.local/lib/python3.12/site-packages/airflow/example_dags/example_skip_dag.py took 0.047 seconds
[2024-08-05T00:07:22.491+0000] {processor.py:161} INFO - Started process (PID=13963) to work on /home/airflow/.local/lib/python3.12/site-packages/airflow/example_dags/example_skip_dag.py
[2024-08-05T00:07:22.497+0000] {processor.py:830} INFO - Processing file /home/airflow/.local/lib/python3.12/site-packages/airflow/example_dags/example_skip_dag.py for tasks to queue
[2024-08-05T00:07:22.498+0000] {logging_mixin.py:188} INFO - [2024-08-05T00:07:22.498+0000] {dagbag.py:545} INFO - Filling up the DagBag from /home/airflow/.local/lib/python3.12/site-packages/airflow/example_dags/example_skip_dag.py
[2024-08-05T00:07:22.519+0000] {processor.py:840} INFO - DAG(s) 'example_skip_dag' retrieved from /home/airflow/.local/lib/python3.12/site-packages/airflow/example_dags/example_skip_dag.py
[2024-08-05T00:07:22.543+0000] {logging_mixin.py:188} INFO - [2024-08-05T00:07:22.543+0000] {dag.py:3089} INFO - Sync 1 DAGs
[2024-08-05T00:07:22.558+0000] {logging_mixin.py:188} INFO - [2024-08-05T00:07:22.558+0000] {dag.py:3947} INFO - Setting next_dagrun for example_skip_dag to 2024-08-04 00:00:00+00:00, run_after=2024-08-05 00:00:00+00:00
[2024-08-05T00:07:22.574+0000] {processor.py:183} INFO - Processing /home/airflow/.local/lib/python3.12/site-packages/airflow/example_dags/example_skip_dag.py took 0.091 seconds
[2024-08-05T00:07:52.853+0000] {processor.py:161} INFO - Started process (PID=14024) to work on /home/airflow/.local/lib/python3.12/site-packages/airflow/example_dags/example_skip_dag.py
[2024-08-05T00:07:52.856+0000] {processor.py:830} INFO - Processing file /home/airflow/.local/lib/python3.12/site-packages/airflow/example_dags/example_skip_dag.py for tasks to queue
[2024-08-05T00:07:52.858+0000] {logging_mixin.py:188} INFO - [2024-08-05T00:07:52.858+0000] {dagbag.py:545} INFO - Filling up the DagBag from /home/airflow/.local/lib/python3.12/site-packages/airflow/example_dags/example_skip_dag.py
[2024-08-05T00:07:52.864+0000] {processor.py:840} INFO - DAG(s) 'example_skip_dag' retrieved from /home/airflow/.local/lib/python3.12/site-packages/airflow/example_dags/example_skip_dag.py
[2024-08-05T00:07:52.882+0000] {logging_mixin.py:188} INFO - [2024-08-05T00:07:52.882+0000] {dag.py:3089} INFO - Sync 1 DAGs
[2024-08-05T00:07:52.896+0000] {logging_mixin.py:188} INFO - [2024-08-05T00:07:52.896+0000] {dag.py:3947} INFO - Setting next_dagrun for example_skip_dag to 2024-08-04 00:00:00+00:00, run_after=2024-08-05 00:00:00+00:00
[2024-08-05T00:07:52.914+0000] {processor.py:183} INFO - Processing /home/airflow/.local/lib/python3.12/site-packages/airflow/example_dags/example_skip_dag.py took 0.065 seconds
[2024-08-05T00:08:23.070+0000] {processor.py:161} INFO - Started process (PID=14085) to work on /home/airflow/.local/lib/python3.12/site-packages/airflow/example_dags/example_skip_dag.py
[2024-08-05T00:08:23.070+0000] {processor.py:830} INFO - Processing file /home/airflow/.local/lib/python3.12/site-packages/airflow/example_dags/example_skip_dag.py for tasks to queue
[2024-08-05T00:08:23.071+0000] {logging_mixin.py:188} INFO - [2024-08-05T00:08:23.071+0000] {dagbag.py:545} INFO - Filling up the DagBag from /home/airflow/.local/lib/python3.12/site-packages/airflow/example_dags/example_skip_dag.py
[2024-08-05T00:08:23.076+0000] {processor.py:840} INFO - DAG(s) 'example_skip_dag' retrieved from /home/airflow/.local/lib/python3.12/site-packages/airflow/example_dags/example_skip_dag.py
[2024-08-05T00:08:23.091+0000] {logging_mixin.py:188} INFO - [2024-08-05T00:08:23.091+0000] {dag.py:3089} INFO - Sync 1 DAGs
[2024-08-05T00:08:23.102+0000] {logging_mixin.py:188} INFO - [2024-08-05T00:08:23.102+0000] {dag.py:3947} INFO - Setting next_dagrun for example_skip_dag to 2024-08-04 00:00:00+00:00, run_after=2024-08-05 00:00:00+00:00
[2024-08-05T00:08:23.111+0000] {processor.py:183} INFO - Processing /home/airflow/.local/lib/python3.12/site-packages/airflow/example_dags/example_skip_dag.py took 0.047 seconds
[2024-08-05T00:08:53.404+0000] {processor.py:161} INFO - Started process (PID=14147) to work on /home/airflow/.local/lib/python3.12/site-packages/airflow/example_dags/example_skip_dag.py
[2024-08-05T00:08:53.405+0000] {processor.py:830} INFO - Processing file /home/airflow/.local/lib/python3.12/site-packages/airflow/example_dags/example_skip_dag.py for tasks to queue
[2024-08-05T00:08:53.406+0000] {logging_mixin.py:188} INFO - [2024-08-05T00:08:53.405+0000] {dagbag.py:545} INFO - Filling up the DagBag from /home/airflow/.local/lib/python3.12/site-packages/airflow/example_dags/example_skip_dag.py
[2024-08-05T00:08:53.410+0000] {processor.py:840} INFO - DAG(s) 'example_skip_dag' retrieved from /home/airflow/.local/lib/python3.12/site-packages/airflow/example_dags/example_skip_dag.py
[2024-08-05T00:08:53.424+0000] {logging_mixin.py:188} INFO - [2024-08-05T00:08:53.424+0000] {dag.py:3089} INFO - Sync 1 DAGs
[2024-08-05T00:08:53.435+0000] {logging_mixin.py:188} INFO - [2024-08-05T00:08:53.435+0000] {dag.py:3947} INFO - Setting next_dagrun for example_skip_dag to 2024-08-04 00:00:00+00:00, run_after=2024-08-05 00:00:00+00:00
[2024-08-05T00:08:53.445+0000] {processor.py:183} INFO - Processing /home/airflow/.local/lib/python3.12/site-packages/airflow/example_dags/example_skip_dag.py took 0.044 seconds
[2024-08-05T00:09:24.080+0000] {processor.py:161} INFO - Started process (PID=14208) to work on /home/airflow/.local/lib/python3.12/site-packages/airflow/example_dags/example_skip_dag.py
[2024-08-05T00:09:24.082+0000] {processor.py:830} INFO - Processing file /home/airflow/.local/lib/python3.12/site-packages/airflow/example_dags/example_skip_dag.py for tasks to queue
[2024-08-05T00:09:24.083+0000] {logging_mixin.py:188} INFO - [2024-08-05T00:09:24.082+0000] {dagbag.py:545} INFO - Filling up the DagBag from /home/airflow/.local/lib/python3.12/site-packages/airflow/example_dags/example_skip_dag.py
[2024-08-05T00:09:24.093+0000] {processor.py:840} INFO - DAG(s) 'example_skip_dag' retrieved from /home/airflow/.local/lib/python3.12/site-packages/airflow/example_dags/example_skip_dag.py
[2024-08-05T00:09:24.114+0000] {logging_mixin.py:188} INFO - [2024-08-05T00:09:24.114+0000] {dag.py:3089} INFO - Sync 1 DAGs
[2024-08-05T00:09:24.128+0000] {logging_mixin.py:188} INFO - [2024-08-05T00:09:24.128+0000] {dag.py:3947} INFO - Setting next_dagrun for example_skip_dag to 2024-08-04 00:00:00+00:00, run_after=2024-08-05 00:00:00+00:00
[2024-08-05T00:09:24.139+0000] {processor.py:183} INFO - Processing /home/airflow/.local/lib/python3.12/site-packages/airflow/example_dags/example_skip_dag.py took 0.076 seconds
[2024-08-05T00:09:55.128+0000] {processor.py:161} INFO - Started process (PID=14269) to work on /home/airflow/.local/lib/python3.12/site-packages/airflow/example_dags/example_skip_dag.py
[2024-08-05T00:09:55.129+0000] {processor.py:830} INFO - Processing file /home/airflow/.local/lib/python3.12/site-packages/airflow/example_dags/example_skip_dag.py for tasks to queue
[2024-08-05T00:09:55.129+0000] {logging_mixin.py:188} INFO - [2024-08-05T00:09:55.129+0000] {dagbag.py:545} INFO - Filling up the DagBag from /home/airflow/.local/lib/python3.12/site-packages/airflow/example_dags/example_skip_dag.py
[2024-08-05T00:09:55.136+0000] {processor.py:840} INFO - DAG(s) 'example_skip_dag' retrieved from /home/airflow/.local/lib/python3.12/site-packages/airflow/example_dags/example_skip_dag.py
[2024-08-05T00:09:55.155+0000] {logging_mixin.py:188} INFO - [2024-08-05T00:09:55.155+0000] {dag.py:3089} INFO - Sync 1 DAGs
[2024-08-05T00:09:55.168+0000] {logging_mixin.py:188} INFO - [2024-08-05T00:09:55.168+0000] {dag.py:3947} INFO - Setting next_dagrun for example_skip_dag to 2024-08-04 00:00:00+00:00, run_after=2024-08-05 00:00:00+00:00
[2024-08-05T00:09:55.180+0000] {processor.py:183} INFO - Processing /home/airflow/.local/lib/python3.12/site-packages/airflow/example_dags/example_skip_dag.py took 0.055 seconds
[2024-08-05T00:10:25.926+0000] {processor.py:161} INFO - Started process (PID=14340) to work on /home/airflow/.local/lib/python3.12/site-packages/airflow/example_dags/example_skip_dag.py
[2024-08-05T00:10:25.940+0000] {processor.py:830} INFO - Processing file /home/airflow/.local/lib/python3.12/site-packages/airflow/example_dags/example_skip_dag.py for tasks to queue
[2024-08-05T00:10:25.942+0000] {logging_mixin.py:188} INFO - [2024-08-05T00:10:25.942+0000] {dagbag.py:545} INFO - Filling up the DagBag from /home/airflow/.local/lib/python3.12/site-packages/airflow/example_dags/example_skip_dag.py
[2024-08-05T00:10:25.968+0000] {processor.py:840} INFO - DAG(s) 'example_skip_dag' retrieved from /home/airflow/.local/lib/python3.12/site-packages/airflow/example_dags/example_skip_dag.py
[2024-08-05T00:10:25.986+0000] {logging_mixin.py:188} INFO - [2024-08-05T00:10:25.986+0000] {dag.py:3089} INFO - Sync 1 DAGs
[2024-08-05T00:10:26.002+0000] {logging_mixin.py:188} INFO - [2024-08-05T00:10:26.002+0000] {dag.py:3947} INFO - Setting next_dagrun for example_skip_dag to 2024-08-04 00:00:00+00:00, run_after=2024-08-05 00:00:00+00:00
[2024-08-05T00:10:26.014+0000] {processor.py:183} INFO - Processing /home/airflow/.local/lib/python3.12/site-packages/airflow/example_dags/example_skip_dag.py took 0.093 seconds
[2024-08-05T00:10:56.762+0000] {processor.py:161} INFO - Started process (PID=14401) to work on /home/airflow/.local/lib/python3.12/site-packages/airflow/example_dags/example_skip_dag.py
[2024-08-05T00:10:56.766+0000] {processor.py:830} INFO - Processing file /home/airflow/.local/lib/python3.12/site-packages/airflow/example_dags/example_skip_dag.py for tasks to queue
[2024-08-05T00:10:56.768+0000] {logging_mixin.py:188} INFO - [2024-08-05T00:10:56.767+0000] {dagbag.py:545} INFO - Filling up the DagBag from /home/airflow/.local/lib/python3.12/site-packages/airflow/example_dags/example_skip_dag.py
[2024-08-05T00:10:56.787+0000] {processor.py:840} INFO - DAG(s) 'example_skip_dag' retrieved from /home/airflow/.local/lib/python3.12/site-packages/airflow/example_dags/example_skip_dag.py
[2024-08-05T00:10:56.831+0000] {logging_mixin.py:188} INFO - [2024-08-05T00:10:56.831+0000] {dag.py:3089} INFO - Sync 1 DAGs
[2024-08-05T00:10:56.865+0000] {logging_mixin.py:188} INFO - [2024-08-05T00:10:56.865+0000] {dag.py:3947} INFO - Setting next_dagrun for example_skip_dag to 2024-08-04 00:00:00+00:00, run_after=2024-08-05 00:00:00+00:00
[2024-08-05T00:10:56.884+0000] {processor.py:183} INFO - Processing /home/airflow/.local/lib/python3.12/site-packages/airflow/example_dags/example_skip_dag.py took 0.145 seconds
[2024-08-05T00:11:27.758+0000] {processor.py:161} INFO - Started process (PID=14472) to work on /home/airflow/.local/lib/python3.12/site-packages/airflow/example_dags/example_skip_dag.py
[2024-08-05T00:11:27.759+0000] {processor.py:830} INFO - Processing file /home/airflow/.local/lib/python3.12/site-packages/airflow/example_dags/example_skip_dag.py for tasks to queue
[2024-08-05T00:11:27.759+0000] {logging_mixin.py:188} INFO - [2024-08-05T00:11:27.759+0000] {dagbag.py:545} INFO - Filling up the DagBag from /home/airflow/.local/lib/python3.12/site-packages/airflow/example_dags/example_skip_dag.py
[2024-08-05T00:11:27.763+0000] {processor.py:840} INFO - DAG(s) 'example_skip_dag' retrieved from /home/airflow/.local/lib/python3.12/site-packages/airflow/example_dags/example_skip_dag.py
[2024-08-05T00:11:27.775+0000] {logging_mixin.py:188} INFO - [2024-08-05T00:11:27.775+0000] {dag.py:3089} INFO - Sync 1 DAGs
[2024-08-05T00:11:27.785+0000] {logging_mixin.py:188} INFO - [2024-08-05T00:11:27.784+0000] {dag.py:3947} INFO - Setting next_dagrun for example_skip_dag to 2024-08-04 00:00:00+00:00, run_after=2024-08-05 00:00:00+00:00
[2024-08-05T00:11:27.792+0000] {processor.py:183} INFO - Processing /home/airflow/.local/lib/python3.12/site-packages/airflow/example_dags/example_skip_dag.py took 0.038 seconds
[2024-08-05T00:11:58.404+0000] {processor.py:161} INFO - Started process (PID=14533) to work on /home/airflow/.local/lib/python3.12/site-packages/airflow/example_dags/example_skip_dag.py
[2024-08-05T00:11:58.406+0000] {processor.py:830} INFO - Processing file /home/airflow/.local/lib/python3.12/site-packages/airflow/example_dags/example_skip_dag.py for tasks to queue
[2024-08-05T00:11:58.408+0000] {logging_mixin.py:188} INFO - [2024-08-05T00:11:58.407+0000] {dagbag.py:545} INFO - Filling up the DagBag from /home/airflow/.local/lib/python3.12/site-packages/airflow/example_dags/example_skip_dag.py
[2024-08-05T00:11:58.421+0000] {processor.py:840} INFO - DAG(s) 'example_skip_dag' retrieved from /home/airflow/.local/lib/python3.12/site-packages/airflow/example_dags/example_skip_dag.py
[2024-08-05T00:11:58.440+0000] {logging_mixin.py:188} INFO - [2024-08-05T00:11:58.440+0000] {dag.py:3089} INFO - Sync 1 DAGs
[2024-08-05T00:11:58.457+0000] {logging_mixin.py:188} INFO - [2024-08-05T00:11:58.456+0000] {dag.py:3947} INFO - Setting next_dagrun for example_skip_dag to 2024-08-04 00:00:00+00:00, run_after=2024-08-05 00:00:00+00:00
[2024-08-05T00:11:58.466+0000] {processor.py:183} INFO - Processing /home/airflow/.local/lib/python3.12/site-packages/airflow/example_dags/example_skip_dag.py took 0.066 seconds
[2024-08-05T00:12:29.344+0000] {processor.py:161} INFO - Started process (PID=14594) to work on /home/airflow/.local/lib/python3.12/site-packages/airflow/example_dags/example_skip_dag.py
[2024-08-05T00:12:29.345+0000] {processor.py:830} INFO - Processing file /home/airflow/.local/lib/python3.12/site-packages/airflow/example_dags/example_skip_dag.py for tasks to queue
[2024-08-05T00:12:29.346+0000] {logging_mixin.py:188} INFO - [2024-08-05T00:12:29.346+0000] {dagbag.py:545} INFO - Filling up the DagBag from /home/airflow/.local/lib/python3.12/site-packages/airflow/example_dags/example_skip_dag.py
[2024-08-05T00:12:29.351+0000] {processor.py:840} INFO - DAG(s) 'example_skip_dag' retrieved from /home/airflow/.local/lib/python3.12/site-packages/airflow/example_dags/example_skip_dag.py
[2024-08-05T00:12:29.365+0000] {logging_mixin.py:188} INFO - [2024-08-05T00:12:29.365+0000] {dag.py:3089} INFO - Sync 1 DAGs
[2024-08-05T00:12:29.378+0000] {logging_mixin.py:188} INFO - [2024-08-05T00:12:29.378+0000] {dag.py:3947} INFO - Setting next_dagrun for example_skip_dag to 2024-08-04 00:00:00+00:00, run_after=2024-08-05 00:00:00+00:00
[2024-08-05T00:12:29.388+0000] {processor.py:183} INFO - Processing /home/airflow/.local/lib/python3.12/site-packages/airflow/example_dags/example_skip_dag.py took 0.048 seconds
[2024-08-05T00:13:00.138+0000] {processor.py:161} INFO - Started process (PID=14655) to work on /home/airflow/.local/lib/python3.12/site-packages/airflow/example_dags/example_skip_dag.py
[2024-08-05T00:13:00.139+0000] {processor.py:830} INFO - Processing file /home/airflow/.local/lib/python3.12/site-packages/airflow/example_dags/example_skip_dag.py for tasks to queue
[2024-08-05T00:13:00.139+0000] {logging_mixin.py:188} INFO - [2024-08-05T00:13:00.139+0000] {dagbag.py:545} INFO - Filling up the DagBag from /home/airflow/.local/lib/python3.12/site-packages/airflow/example_dags/example_skip_dag.py
[2024-08-05T00:13:00.145+0000] {processor.py:840} INFO - DAG(s) 'example_skip_dag' retrieved from /home/airflow/.local/lib/python3.12/site-packages/airflow/example_dags/example_skip_dag.py
[2024-08-05T00:13:00.160+0000] {logging_mixin.py:188} INFO - [2024-08-05T00:13:00.160+0000] {dag.py:3089} INFO - Sync 1 DAGs
[2024-08-05T00:13:00.172+0000] {logging_mixin.py:188} INFO - [2024-08-05T00:13:00.172+0000] {dag.py:3947} INFO - Setting next_dagrun for example_skip_dag to 2024-08-04 00:00:00+00:00, run_after=2024-08-05 00:00:00+00:00
[2024-08-05T00:13:00.247+0000] {processor.py:183} INFO - Processing /home/airflow/.local/lib/python3.12/site-packages/airflow/example_dags/example_skip_dag.py took 0.112 seconds
[2024-08-05T00:13:31.118+0000] {processor.py:161} INFO - Started process (PID=14716) to work on /home/airflow/.local/lib/python3.12/site-packages/airflow/example_dags/example_skip_dag.py
[2024-08-05T00:13:31.119+0000] {processor.py:830} INFO - Processing file /home/airflow/.local/lib/python3.12/site-packages/airflow/example_dags/example_skip_dag.py for tasks to queue
[2024-08-05T00:13:31.119+0000] {logging_mixin.py:188} INFO - [2024-08-05T00:13:31.119+0000] {dagbag.py:545} INFO - Filling up the DagBag from /home/airflow/.local/lib/python3.12/site-packages/airflow/example_dags/example_skip_dag.py
[2024-08-05T00:13:31.124+0000] {processor.py:840} INFO - DAG(s) 'example_skip_dag' retrieved from /home/airflow/.local/lib/python3.12/site-packages/airflow/example_dags/example_skip_dag.py
[2024-08-05T00:13:31.146+0000] {logging_mixin.py:188} INFO - [2024-08-05T00:13:31.146+0000] {dag.py:3089} INFO - Sync 1 DAGs
[2024-08-05T00:13:31.158+0000] {logging_mixin.py:188} INFO - [2024-08-05T00:13:31.158+0000] {dag.py:3947} INFO - Setting next_dagrun for example_skip_dag to 2024-08-04 00:00:00+00:00, run_after=2024-08-05 00:00:00+00:00
[2024-08-05T00:13:31.167+0000] {processor.py:183} INFO - Processing /home/airflow/.local/lib/python3.12/site-packages/airflow/example_dags/example_skip_dag.py took 0.051 seconds
[2024-08-05T00:14:01.729+0000] {processor.py:161} INFO - Started process (PID=14777) to work on /home/airflow/.local/lib/python3.12/site-packages/airflow/example_dags/example_skip_dag.py
[2024-08-05T00:14:01.730+0000] {processor.py:830} INFO - Processing file /home/airflow/.local/lib/python3.12/site-packages/airflow/example_dags/example_skip_dag.py for tasks to queue
[2024-08-05T00:14:01.731+0000] {logging_mixin.py:188} INFO - [2024-08-05T00:14:01.731+0000] {dagbag.py:545} INFO - Filling up the DagBag from /home/airflow/.local/lib/python3.12/site-packages/airflow/example_dags/example_skip_dag.py
[2024-08-05T00:14:01.735+0000] {processor.py:840} INFO - DAG(s) 'example_skip_dag' retrieved from /home/airflow/.local/lib/python3.12/site-packages/airflow/example_dags/example_skip_dag.py
[2024-08-05T00:14:01.748+0000] {logging_mixin.py:188} INFO - [2024-08-05T00:14:01.748+0000] {dag.py:3089} INFO - Sync 1 DAGs
[2024-08-05T00:14:01.758+0000] {logging_mixin.py:188} INFO - [2024-08-05T00:14:01.758+0000] {dag.py:3947} INFO - Setting next_dagrun for example_skip_dag to 2024-08-04 00:00:00+00:00, run_after=2024-08-05 00:00:00+00:00
[2024-08-05T00:14:01.774+0000] {processor.py:183} INFO - Processing /home/airflow/.local/lib/python3.12/site-packages/airflow/example_dags/example_skip_dag.py took 0.048 seconds
[2024-08-05T00:14:31.869+0000] {processor.py:161} INFO - Started process (PID=14838) to work on /home/airflow/.local/lib/python3.12/site-packages/airflow/example_dags/example_skip_dag.py
[2024-08-05T00:14:31.870+0000] {processor.py:830} INFO - Processing file /home/airflow/.local/lib/python3.12/site-packages/airflow/example_dags/example_skip_dag.py for tasks to queue
[2024-08-05T00:14:31.870+0000] {logging_mixin.py:188} INFO - [2024-08-05T00:14:31.870+0000] {dagbag.py:545} INFO - Filling up the DagBag from /home/airflow/.local/lib/python3.12/site-packages/airflow/example_dags/example_skip_dag.py
[2024-08-05T00:14:31.874+0000] {processor.py:840} INFO - DAG(s) 'example_skip_dag' retrieved from /home/airflow/.local/lib/python3.12/site-packages/airflow/example_dags/example_skip_dag.py
[2024-08-05T00:14:31.886+0000] {logging_mixin.py:188} INFO - [2024-08-05T00:14:31.886+0000] {dag.py:3089} INFO - Sync 1 DAGs
[2024-08-05T00:14:31.896+0000] {logging_mixin.py:188} INFO - [2024-08-05T00:14:31.896+0000] {dag.py:3947} INFO - Setting next_dagrun for example_skip_dag to 2024-08-04 00:00:00+00:00, run_after=2024-08-05 00:00:00+00:00
[2024-08-05T00:14:31.904+0000] {processor.py:183} INFO - Processing /home/airflow/.local/lib/python3.12/site-packages/airflow/example_dags/example_skip_dag.py took 0.037 seconds
[2024-08-05T00:15:02.090+0000] {processor.py:161} INFO - Started process (PID=14899) to work on /home/airflow/.local/lib/python3.12/site-packages/airflow/example_dags/example_skip_dag.py
[2024-08-05T00:15:02.091+0000] {processor.py:830} INFO - Processing file /home/airflow/.local/lib/python3.12/site-packages/airflow/example_dags/example_skip_dag.py for tasks to queue
[2024-08-05T00:15:02.091+0000] {logging_mixin.py:188} INFO - [2024-08-05T00:15:02.091+0000] {dagbag.py:545} INFO - Filling up the DagBag from /home/airflow/.local/lib/python3.12/site-packages/airflow/example_dags/example_skip_dag.py
[2024-08-05T00:15:02.095+0000] {processor.py:840} INFO - DAG(s) 'example_skip_dag' retrieved from /home/airflow/.local/lib/python3.12/site-packages/airflow/example_dags/example_skip_dag.py
[2024-08-05T00:15:02.107+0000] {logging_mixin.py:188} INFO - [2024-08-05T00:15:02.107+0000] {dag.py:3089} INFO - Sync 1 DAGs
[2024-08-05T00:15:02.117+0000] {logging_mixin.py:188} INFO - [2024-08-05T00:15:02.117+0000] {dag.py:3947} INFO - Setting next_dagrun for example_skip_dag to 2024-08-04 00:00:00+00:00, run_after=2024-08-05 00:00:00+00:00
[2024-08-05T00:15:02.124+0000] {processor.py:183} INFO - Processing /home/airflow/.local/lib/python3.12/site-packages/airflow/example_dags/example_skip_dag.py took 0.037 seconds
[2024-08-05T00:15:33.031+0000] {processor.py:161} INFO - Started process (PID=14960) to work on /home/airflow/.local/lib/python3.12/site-packages/airflow/example_dags/example_skip_dag.py
[2024-08-05T00:15:33.032+0000] {processor.py:830} INFO - Processing file /home/airflow/.local/lib/python3.12/site-packages/airflow/example_dags/example_skip_dag.py for tasks to queue
[2024-08-05T00:15:33.032+0000] {logging_mixin.py:188} INFO - [2024-08-05T00:15:33.032+0000] {dagbag.py:545} INFO - Filling up the DagBag from /home/airflow/.local/lib/python3.12/site-packages/airflow/example_dags/example_skip_dag.py
[2024-08-05T00:15:33.037+0000] {processor.py:840} INFO - DAG(s) 'example_skip_dag' retrieved from /home/airflow/.local/lib/python3.12/site-packages/airflow/example_dags/example_skip_dag.py
[2024-08-05T00:15:33.050+0000] {logging_mixin.py:188} INFO - [2024-08-05T00:15:33.050+0000] {dag.py:3089} INFO - Sync 1 DAGs
[2024-08-05T00:15:33.061+0000] {logging_mixin.py:188} INFO - [2024-08-05T00:15:33.061+0000] {dag.py:3947} INFO - Setting next_dagrun for example_skip_dag to 2024-08-04 00:00:00+00:00, run_after=2024-08-05 00:00:00+00:00
[2024-08-05T00:15:33.073+0000] {processor.py:183} INFO - Processing /home/airflow/.local/lib/python3.12/site-packages/airflow/example_dags/example_skip_dag.py took 0.049 seconds
[2024-08-05T00:16:03.396+0000] {processor.py:161} INFO - Started process (PID=15026) to work on /home/airflow/.local/lib/python3.12/site-packages/airflow/example_dags/example_skip_dag.py
[2024-08-05T00:16:03.397+0000] {processor.py:830} INFO - Processing file /home/airflow/.local/lib/python3.12/site-packages/airflow/example_dags/example_skip_dag.py for tasks to queue
[2024-08-05T00:16:03.400+0000] {logging_mixin.py:188} INFO - [2024-08-05T00:16:03.399+0000] {dagbag.py:545} INFO - Filling up the DagBag from /home/airflow/.local/lib/python3.12/site-packages/airflow/example_dags/example_skip_dag.py
[2024-08-05T00:16:03.409+0000] {processor.py:840} INFO - DAG(s) 'example_skip_dag' retrieved from /home/airflow/.local/lib/python3.12/site-packages/airflow/example_dags/example_skip_dag.py
[2024-08-05T00:16:03.440+0000] {logging_mixin.py:188} INFO - [2024-08-05T00:16:03.439+0000] {dag.py:3089} INFO - Sync 1 DAGs
[2024-08-05T00:16:03.459+0000] {logging_mixin.py:188} INFO - [2024-08-05T00:16:03.459+0000] {dag.py:3947} INFO - Setting next_dagrun for example_skip_dag to 2024-08-04 00:00:00+00:00, run_after=2024-08-05 00:00:00+00:00
[2024-08-05T00:16:03.495+0000] {processor.py:183} INFO - Processing /home/airflow/.local/lib/python3.12/site-packages/airflow/example_dags/example_skip_dag.py took 0.104 seconds
[2024-08-05T00:16:33.946+0000] {processor.py:161} INFO - Started process (PID=15090) to work on /home/airflow/.local/lib/python3.12/site-packages/airflow/example_dags/example_skip_dag.py
[2024-08-05T00:16:33.947+0000] {processor.py:830} INFO - Processing file /home/airflow/.local/lib/python3.12/site-packages/airflow/example_dags/example_skip_dag.py for tasks to queue
[2024-08-05T00:16:33.949+0000] {logging_mixin.py:188} INFO - [2024-08-05T00:16:33.949+0000] {dagbag.py:545} INFO - Filling up the DagBag from /home/airflow/.local/lib/python3.12/site-packages/airflow/example_dags/example_skip_dag.py
[2024-08-05T00:16:33.955+0000] {processor.py:840} INFO - DAG(s) 'example_skip_dag' retrieved from /home/airflow/.local/lib/python3.12/site-packages/airflow/example_dags/example_skip_dag.py
[2024-08-05T00:16:33.974+0000] {logging_mixin.py:188} INFO - [2024-08-05T00:16:33.974+0000] {dag.py:3089} INFO - Sync 1 DAGs
[2024-08-05T00:16:33.989+0000] {logging_mixin.py:188} INFO - [2024-08-05T00:16:33.989+0000] {dag.py:3947} INFO - Setting next_dagrun for example_skip_dag to 2024-08-04 00:00:00+00:00, run_after=2024-08-05 00:00:00+00:00
[2024-08-05T00:16:34.000+0000] {processor.py:183} INFO - Processing /home/airflow/.local/lib/python3.12/site-packages/airflow/example_dags/example_skip_dag.py took 0.058 seconds
[2024-08-05T00:17:04.998+0000] {processor.py:161} INFO - Started process (PID=15151) to work on /home/airflow/.local/lib/python3.12/site-packages/airflow/example_dags/example_skip_dag.py
[2024-08-05T00:17:04.999+0000] {processor.py:830} INFO - Processing file /home/airflow/.local/lib/python3.12/site-packages/airflow/example_dags/example_skip_dag.py for tasks to queue
[2024-08-05T00:17:04.999+0000] {logging_mixin.py:188} INFO - [2024-08-05T00:17:04.999+0000] {dagbag.py:545} INFO - Filling up the DagBag from /home/airflow/.local/lib/python3.12/site-packages/airflow/example_dags/example_skip_dag.py
[2024-08-05T00:17:05.003+0000] {processor.py:840} INFO - DAG(s) 'example_skip_dag' retrieved from /home/airflow/.local/lib/python3.12/site-packages/airflow/example_dags/example_skip_dag.py
[2024-08-05T00:17:05.018+0000] {logging_mixin.py:188} INFO - [2024-08-05T00:17:05.018+0000] {dag.py:3089} INFO - Sync 1 DAGs
[2024-08-05T00:17:05.029+0000] {logging_mixin.py:188} INFO - [2024-08-05T00:17:05.029+0000] {dag.py:3947} INFO - Setting next_dagrun for example_skip_dag to 2024-08-04 00:00:00+00:00, run_after=2024-08-05 00:00:00+00:00
[2024-08-05T00:17:05.038+0000] {processor.py:183} INFO - Processing /home/airflow/.local/lib/python3.12/site-packages/airflow/example_dags/example_skip_dag.py took 0.044 seconds
[2024-08-05T00:17:35.412+0000] {processor.py:161} INFO - Started process (PID=15222) to work on /home/airflow/.local/lib/python3.12/site-packages/airflow/example_dags/example_skip_dag.py
[2024-08-05T00:17:35.413+0000] {processor.py:830} INFO - Processing file /home/airflow/.local/lib/python3.12/site-packages/airflow/example_dags/example_skip_dag.py for tasks to queue
[2024-08-05T00:17:35.414+0000] {logging_mixin.py:188} INFO - [2024-08-05T00:17:35.414+0000] {dagbag.py:545} INFO - Filling up the DagBag from /home/airflow/.local/lib/python3.12/site-packages/airflow/example_dags/example_skip_dag.py
[2024-08-05T00:17:35.422+0000] {processor.py:840} INFO - DAG(s) 'example_skip_dag' retrieved from /home/airflow/.local/lib/python3.12/site-packages/airflow/example_dags/example_skip_dag.py
[2024-08-05T00:17:35.440+0000] {logging_mixin.py:188} INFO - [2024-08-05T00:17:35.440+0000] {dag.py:3089} INFO - Sync 1 DAGs
[2024-08-05T00:17:35.454+0000] {logging_mixin.py:188} INFO - [2024-08-05T00:17:35.453+0000] {dag.py:3947} INFO - Setting next_dagrun for example_skip_dag to 2024-08-04 00:00:00+00:00, run_after=2024-08-05 00:00:00+00:00
[2024-08-05T00:17:35.462+0000] {processor.py:183} INFO - Processing /home/airflow/.local/lib/python3.12/site-packages/airflow/example_dags/example_skip_dag.py took 0.059 seconds
[2024-08-05T00:18:06.621+0000] {processor.py:161} INFO - Started process (PID=15283) to work on /home/airflow/.local/lib/python3.12/site-packages/airflow/example_dags/example_skip_dag.py
[2024-08-05T00:18:06.622+0000] {processor.py:830} INFO - Processing file /home/airflow/.local/lib/python3.12/site-packages/airflow/example_dags/example_skip_dag.py for tasks to queue
[2024-08-05T00:18:06.623+0000] {logging_mixin.py:188} INFO - [2024-08-05T00:18:06.622+0000] {dagbag.py:545} INFO - Filling up the DagBag from /home/airflow/.local/lib/python3.12/site-packages/airflow/example_dags/example_skip_dag.py
[2024-08-05T00:18:06.629+0000] {processor.py:840} INFO - DAG(s) 'example_skip_dag' retrieved from /home/airflow/.local/lib/python3.12/site-packages/airflow/example_dags/example_skip_dag.py
[2024-08-05T00:18:06.690+0000] {logging_mixin.py:188} INFO - [2024-08-05T00:18:06.689+0000] {dag.py:3089} INFO - Sync 1 DAGs
[2024-08-05T00:18:06.708+0000] {logging_mixin.py:188} INFO - [2024-08-05T00:18:06.708+0000] {dag.py:3947} INFO - Setting next_dagrun for example_skip_dag to 2024-08-04 00:00:00+00:00, run_after=2024-08-05 00:00:00+00:00
[2024-08-05T00:18:06.720+0000] {processor.py:183} INFO - Processing /home/airflow/.local/lib/python3.12/site-packages/airflow/example_dags/example_skip_dag.py took 0.105 seconds
[2024-08-05T00:18:37.302+0000] {processor.py:161} INFO - Started process (PID=15344) to work on /home/airflow/.local/lib/python3.12/site-packages/airflow/example_dags/example_skip_dag.py
[2024-08-05T00:18:37.303+0000] {processor.py:830} INFO - Processing file /home/airflow/.local/lib/python3.12/site-packages/airflow/example_dags/example_skip_dag.py for tasks to queue
[2024-08-05T00:18:37.303+0000] {logging_mixin.py:188} INFO - [2024-08-05T00:18:37.303+0000] {dagbag.py:545} INFO - Filling up the DagBag from /home/airflow/.local/lib/python3.12/site-packages/airflow/example_dags/example_skip_dag.py
[2024-08-05T00:18:37.307+0000] {processor.py:840} INFO - DAG(s) 'example_skip_dag' retrieved from /home/airflow/.local/lib/python3.12/site-packages/airflow/example_dags/example_skip_dag.py
[2024-08-05T00:18:37.326+0000] {logging_mixin.py:188} INFO - [2024-08-05T00:18:37.326+0000] {dag.py:3089} INFO - Sync 1 DAGs
[2024-08-05T00:18:37.337+0000] {logging_mixin.py:188} INFO - [2024-08-05T00:18:37.337+0000] {dag.py:3947} INFO - Setting next_dagrun for example_skip_dag to 2024-08-04 00:00:00+00:00, run_after=2024-08-05 00:00:00+00:00
[2024-08-05T00:18:37.347+0000] {processor.py:183} INFO - Processing /home/airflow/.local/lib/python3.12/site-packages/airflow/example_dags/example_skip_dag.py took 0.048 seconds
[2024-08-05T00:19:07.576+0000] {processor.py:161} INFO - Started process (PID=15405) to work on /home/airflow/.local/lib/python3.12/site-packages/airflow/example_dags/example_skip_dag.py
[2024-08-05T00:19:07.577+0000] {processor.py:830} INFO - Processing file /home/airflow/.local/lib/python3.12/site-packages/airflow/example_dags/example_skip_dag.py for tasks to queue
[2024-08-05T00:19:07.581+0000] {logging_mixin.py:188} INFO - [2024-08-05T00:19:07.581+0000] {dagbag.py:545} INFO - Filling up the DagBag from /home/airflow/.local/lib/python3.12/site-packages/airflow/example_dags/example_skip_dag.py
[2024-08-05T00:19:07.587+0000] {processor.py:840} INFO - DAG(s) 'example_skip_dag' retrieved from /home/airflow/.local/lib/python3.12/site-packages/airflow/example_dags/example_skip_dag.py
[2024-08-05T00:19:07.606+0000] {logging_mixin.py:188} INFO - [2024-08-05T00:19:07.606+0000] {dag.py:3089} INFO - Sync 1 DAGs
[2024-08-05T00:19:07.619+0000] {logging_mixin.py:188} INFO - [2024-08-05T00:19:07.619+0000] {dag.py:3947} INFO - Setting next_dagrun for example_skip_dag to 2024-08-04 00:00:00+00:00, run_after=2024-08-05 00:00:00+00:00
[2024-08-05T00:19:07.627+0000] {processor.py:183} INFO - Processing /home/airflow/.local/lib/python3.12/site-packages/airflow/example_dags/example_skip_dag.py took 0.054 seconds
[2024-08-05T00:19:38.292+0000] {processor.py:161} INFO - Started process (PID=15469) to work on /home/airflow/.local/lib/python3.12/site-packages/airflow/example_dags/example_skip_dag.py
[2024-08-05T00:19:38.293+0000] {processor.py:830} INFO - Processing file /home/airflow/.local/lib/python3.12/site-packages/airflow/example_dags/example_skip_dag.py for tasks to queue
[2024-08-05T00:19:38.294+0000] {logging_mixin.py:188} INFO - [2024-08-05T00:19:38.294+0000] {dagbag.py:545} INFO - Filling up the DagBag from /home/airflow/.local/lib/python3.12/site-packages/airflow/example_dags/example_skip_dag.py
[2024-08-05T00:19:38.299+0000] {processor.py:840} INFO - DAG(s) 'example_skip_dag' retrieved from /home/airflow/.local/lib/python3.12/site-packages/airflow/example_dags/example_skip_dag.py
[2024-08-05T00:19:38.314+0000] {logging_mixin.py:188} INFO - [2024-08-05T00:19:38.314+0000] {dag.py:3089} INFO - Sync 1 DAGs
[2024-08-05T00:19:38.338+0000] {logging_mixin.py:188} INFO - [2024-08-05T00:19:38.338+0000] {dag.py:3947} INFO - Setting next_dagrun for example_skip_dag to 2024-08-04 00:00:00+00:00, run_after=2024-08-05 00:00:00+00:00
[2024-08-05T00:19:38.354+0000] {processor.py:183} INFO - Processing /home/airflow/.local/lib/python3.12/site-packages/airflow/example_dags/example_skip_dag.py took 0.066 seconds
[2024-08-05T00:20:09.061+0000] {processor.py:161} INFO - Started process (PID=15541) to work on /home/airflow/.local/lib/python3.12/site-packages/airflow/example_dags/example_skip_dag.py
[2024-08-05T00:20:09.062+0000] {processor.py:830} INFO - Processing file /home/airflow/.local/lib/python3.12/site-packages/airflow/example_dags/example_skip_dag.py for tasks to queue
[2024-08-05T00:20:09.063+0000] {logging_mixin.py:188} INFO - [2024-08-05T00:20:09.062+0000] {dagbag.py:545} INFO - Filling up the DagBag from /home/airflow/.local/lib/python3.12/site-packages/airflow/example_dags/example_skip_dag.py
[2024-08-05T00:20:09.071+0000] {processor.py:840} INFO - DAG(s) 'example_skip_dag' retrieved from /home/airflow/.local/lib/python3.12/site-packages/airflow/example_dags/example_skip_dag.py
[2024-08-05T00:20:09.102+0000] {logging_mixin.py:188} INFO - [2024-08-05T00:20:09.101+0000] {dag.py:3089} INFO - Sync 1 DAGs
[2024-08-05T00:20:09.121+0000] {logging_mixin.py:188} INFO - [2024-08-05T00:20:09.121+0000] {dag.py:3947} INFO - Setting next_dagrun for example_skip_dag to 2024-08-04 00:00:00+00:00, run_after=2024-08-05 00:00:00+00:00
[2024-08-05T00:20:09.135+0000] {processor.py:183} INFO - Processing /home/airflow/.local/lib/python3.12/site-packages/airflow/example_dags/example_skip_dag.py took 0.082 seconds
[2024-08-05T00:20:40.518+0000] {processor.py:161} INFO - Started process (PID=15612) to work on /home/airflow/.local/lib/python3.12/site-packages/airflow/example_dags/example_skip_dag.py
[2024-08-05T00:20:40.520+0000] {processor.py:830} INFO - Processing file /home/airflow/.local/lib/python3.12/site-packages/airflow/example_dags/example_skip_dag.py for tasks to queue
[2024-08-05T00:20:40.521+0000] {logging_mixin.py:188} INFO - [2024-08-05T00:20:40.520+0000] {dagbag.py:545} INFO - Filling up the DagBag from /home/airflow/.local/lib/python3.12/site-packages/airflow/example_dags/example_skip_dag.py
[2024-08-05T00:20:40.531+0000] {processor.py:840} INFO - DAG(s) 'example_skip_dag' retrieved from /home/airflow/.local/lib/python3.12/site-packages/airflow/example_dags/example_skip_dag.py
[2024-08-05T00:20:40.563+0000] {logging_mixin.py:188} INFO - [2024-08-05T00:20:40.562+0000] {dag.py:3089} INFO - Sync 1 DAGs
[2024-08-05T00:20:40.595+0000] {logging_mixin.py:188} INFO - [2024-08-05T00:20:40.594+0000] {dag.py:3947} INFO - Setting next_dagrun for example_skip_dag to 2024-08-04 00:00:00+00:00, run_after=2024-08-05 00:00:00+00:00
[2024-08-05T00:20:40.647+0000] {processor.py:183} INFO - Processing /home/airflow/.local/lib/python3.12/site-packages/airflow/example_dags/example_skip_dag.py took 0.140 seconds
[2024-08-05T00:21:10.997+0000] {processor.py:161} INFO - Started process (PID=15673) to work on /home/airflow/.local/lib/python3.12/site-packages/airflow/example_dags/example_skip_dag.py
[2024-08-05T00:21:10.998+0000] {processor.py:830} INFO - Processing file /home/airflow/.local/lib/python3.12/site-packages/airflow/example_dags/example_skip_dag.py for tasks to queue
[2024-08-05T00:21:10.999+0000] {logging_mixin.py:188} INFO - [2024-08-05T00:21:10.998+0000] {dagbag.py:545} INFO - Filling up the DagBag from /home/airflow/.local/lib/python3.12/site-packages/airflow/example_dags/example_skip_dag.py
[2024-08-05T00:21:11.008+0000] {processor.py:840} INFO - DAG(s) 'example_skip_dag' retrieved from /home/airflow/.local/lib/python3.12/site-packages/airflow/example_dags/example_skip_dag.py
[2024-08-05T00:21:11.059+0000] {logging_mixin.py:188} INFO - [2024-08-05T00:21:11.058+0000] {dag.py:3089} INFO - Sync 1 DAGs
[2024-08-05T00:21:11.078+0000] {logging_mixin.py:188} INFO - [2024-08-05T00:21:11.077+0000] {dag.py:3947} INFO - Setting next_dagrun for example_skip_dag to 2024-08-04 00:00:00+00:00, run_after=2024-08-05 00:00:00+00:00
[2024-08-05T00:21:11.092+0000] {processor.py:183} INFO - Processing /home/airflow/.local/lib/python3.12/site-packages/airflow/example_dags/example_skip_dag.py took 0.101 seconds
[2024-08-05T00:21:41.359+0000] {processor.py:161} INFO - Started process (PID=15729) to work on /home/airflow/.local/lib/python3.12/site-packages/airflow/example_dags/example_skip_dag.py
[2024-08-05T00:21:41.360+0000] {processor.py:830} INFO - Processing file /home/airflow/.local/lib/python3.12/site-packages/airflow/example_dags/example_skip_dag.py for tasks to queue
[2024-08-05T00:21:41.360+0000] {logging_mixin.py:188} INFO - [2024-08-05T00:21:41.360+0000] {dagbag.py:545} INFO - Filling up the DagBag from /home/airflow/.local/lib/python3.12/site-packages/airflow/example_dags/example_skip_dag.py
[2024-08-05T00:21:41.364+0000] {processor.py:840} INFO - DAG(s) 'example_skip_dag' retrieved from /home/airflow/.local/lib/python3.12/site-packages/airflow/example_dags/example_skip_dag.py
[2024-08-05T00:21:41.377+0000] {logging_mixin.py:188} INFO - [2024-08-05T00:21:41.377+0000] {dag.py:3089} INFO - Sync 1 DAGs
[2024-08-05T00:21:41.386+0000] {logging_mixin.py:188} INFO - [2024-08-05T00:21:41.386+0000] {dag.py:3947} INFO - Setting next_dagrun for example_skip_dag to 2024-08-04 00:00:00+00:00, run_after=2024-08-05 00:00:00+00:00
[2024-08-05T00:21:41.394+0000] {processor.py:183} INFO - Processing /home/airflow/.local/lib/python3.12/site-packages/airflow/example_dags/example_skip_dag.py took 0.038 seconds
