[2024-08-05T00:00:20.869+0000] {processor.py:161} INFO - Started process (PID=13095) to work on /home/airflow/.local/lib/python3.12/site-packages/airflow/example_dags/example_params_ui_tutorial.py
[2024-08-05T00:00:20.880+0000] {processor.py:830} INFO - Processing file /home/airflow/.local/lib/python3.12/site-packages/airflow/example_dags/example_params_ui_tutorial.py for tasks to queue
[2024-08-05T00:00:20.891+0000] {logging_mixin.py:188} INFO - [2024-08-05T00:00:20.888+0000] {dagbag.py:545} INFO - Filling up the DagBag from /home/airflow/.local/lib/python3.12/site-packages/airflow/example_dags/example_params_ui_tutorial.py
[2024-08-05T00:00:20.950+0000] {processor.py:840} INFO - DAG(s) 'example_params_ui_tutorial' retrieved from /home/airflow/.local/lib/python3.12/site-packages/airflow/example_dags/example_params_ui_tutorial.py
[2024-08-05T00:00:22.022+0000] {logging_mixin.py:188} INFO - [2024-08-05T00:00:22.010+0000] {dag.py:3089} INFO - Sync 1 DAGs
[2024-08-05T00:00:22.220+0000] {logging_mixin.py:188} INFO - [2024-08-05T00:00:22.218+0000] {dag.py:3947} INFO - Setting next_dagrun for example_params_ui_tutorial to None, run_after=None
[2024-08-05T00:00:22.749+0000] {processor.py:183} INFO - Processing /home/airflow/.local/lib/python3.12/site-packages/airflow/example_dags/example_params_ui_tutorial.py took 1.933 seconds
[2024-08-05T00:00:53.744+0000] {processor.py:161} INFO - Started process (PID=13166) to work on /home/airflow/.local/lib/python3.12/site-packages/airflow/example_dags/example_params_ui_tutorial.py
[2024-08-05T00:00:53.749+0000] {processor.py:830} INFO - Processing file /home/airflow/.local/lib/python3.12/site-packages/airflow/example_dags/example_params_ui_tutorial.py for tasks to queue
[2024-08-05T00:00:53.751+0000] {logging_mixin.py:188} INFO - [2024-08-05T00:00:53.750+0000] {dagbag.py:545} INFO - Filling up the DagBag from /home/airflow/.local/lib/python3.12/site-packages/airflow/example_dags/example_params_ui_tutorial.py
[2024-08-05T00:00:53.773+0000] {processor.py:840} INFO - DAG(s) 'example_params_ui_tutorial' retrieved from /home/airflow/.local/lib/python3.12/site-packages/airflow/example_dags/example_params_ui_tutorial.py
[2024-08-05T00:00:54.293+0000] {logging_mixin.py:188} INFO - [2024-08-05T00:00:54.292+0000] {dag.py:3089} INFO - Sync 1 DAGs
[2024-08-05T00:00:54.322+0000] {logging_mixin.py:188} INFO - [2024-08-05T00:00:54.322+0000] {dag.py:3947} INFO - Setting next_dagrun for example_params_ui_tutorial to None, run_after=None
[2024-08-05T00:00:54.424+0000] {processor.py:183} INFO - Processing /home/airflow/.local/lib/python3.12/site-packages/airflow/example_dags/example_params_ui_tutorial.py took 0.726 seconds
[2024-08-05T00:01:25.065+0000] {processor.py:161} INFO - Started process (PID=13227) to work on /home/airflow/.local/lib/python3.12/site-packages/airflow/example_dags/example_params_ui_tutorial.py
[2024-08-05T00:01:25.068+0000] {processor.py:830} INFO - Processing file /home/airflow/.local/lib/python3.12/site-packages/airflow/example_dags/example_params_ui_tutorial.py for tasks to queue
[2024-08-05T00:01:25.072+0000] {logging_mixin.py:188} INFO - [2024-08-05T00:01:25.072+0000] {dagbag.py:545} INFO - Filling up the DagBag from /home/airflow/.local/lib/python3.12/site-packages/airflow/example_dags/example_params_ui_tutorial.py
[2024-08-05T00:01:25.098+0000] {processor.py:840} INFO - DAG(s) 'example_params_ui_tutorial' retrieved from /home/airflow/.local/lib/python3.12/site-packages/airflow/example_dags/example_params_ui_tutorial.py
[2024-08-05T00:01:25.222+0000] {logging_mixin.py:188} INFO - [2024-08-05T00:01:25.221+0000] {dag.py:3089} INFO - Sync 1 DAGs
[2024-08-05T00:01:25.250+0000] {logging_mixin.py:188} INFO - [2024-08-05T00:01:25.249+0000] {dag.py:3947} INFO - Setting next_dagrun for example_params_ui_tutorial to None, run_after=None
[2024-08-05T00:01:25.272+0000] {processor.py:183} INFO - Processing /home/airflow/.local/lib/python3.12/site-packages/airflow/example_dags/example_params_ui_tutorial.py took 0.220 seconds
[2024-08-05T00:01:55.635+0000] {processor.py:161} INFO - Started process (PID=13298) to work on /home/airflow/.local/lib/python3.12/site-packages/airflow/example_dags/example_params_ui_tutorial.py
[2024-08-05T00:01:55.639+0000] {processor.py:830} INFO - Processing file /home/airflow/.local/lib/python3.12/site-packages/airflow/example_dags/example_params_ui_tutorial.py for tasks to queue
[2024-08-05T00:01:55.642+0000] {logging_mixin.py:188} INFO - [2024-08-05T00:01:55.641+0000] {dagbag.py:545} INFO - Filling up the DagBag from /home/airflow/.local/lib/python3.12/site-packages/airflow/example_dags/example_params_ui_tutorial.py
[2024-08-05T00:01:55.651+0000] {processor.py:840} INFO - DAG(s) 'example_params_ui_tutorial' retrieved from /home/airflow/.local/lib/python3.12/site-packages/airflow/example_dags/example_params_ui_tutorial.py
[2024-08-05T00:01:55.702+0000] {logging_mixin.py:188} INFO - [2024-08-05T00:01:55.702+0000] {dag.py:3089} INFO - Sync 1 DAGs
[2024-08-05T00:01:55.713+0000] {logging_mixin.py:188} INFO - [2024-08-05T00:01:55.713+0000] {dag.py:3947} INFO - Setting next_dagrun for example_params_ui_tutorial to None, run_after=None
[2024-08-05T00:01:55.733+0000] {processor.py:183} INFO - Processing /home/airflow/.local/lib/python3.12/site-packages/airflow/example_dags/example_params_ui_tutorial.py took 0.106 seconds
[2024-08-05T00:02:26.222+0000] {processor.py:161} INFO - Started process (PID=13359) to work on /home/airflow/.local/lib/python3.12/site-packages/airflow/example_dags/example_params_ui_tutorial.py
[2024-08-05T00:02:26.232+0000] {processor.py:830} INFO - Processing file /home/airflow/.local/lib/python3.12/site-packages/airflow/example_dags/example_params_ui_tutorial.py for tasks to queue
[2024-08-05T00:02:26.239+0000] {logging_mixin.py:188} INFO - [2024-08-05T00:02:26.237+0000] {dagbag.py:545} INFO - Filling up the DagBag from /home/airflow/.local/lib/python3.12/site-packages/airflow/example_dags/example_params_ui_tutorial.py
[2024-08-05T00:02:26.249+0000] {processor.py:840} INFO - DAG(s) 'example_params_ui_tutorial' retrieved from /home/airflow/.local/lib/python3.12/site-packages/airflow/example_dags/example_params_ui_tutorial.py
[2024-08-05T00:02:26.284+0000] {logging_mixin.py:188} INFO - [2024-08-05T00:02:26.284+0000] {dag.py:3089} INFO - Sync 1 DAGs
[2024-08-05T00:02:26.291+0000] {logging_mixin.py:188} INFO - [2024-08-05T00:02:26.291+0000] {dag.py:3947} INFO - Setting next_dagrun for example_params_ui_tutorial to None, run_after=None
[2024-08-05T00:02:26.301+0000] {processor.py:183} INFO - Processing /home/airflow/.local/lib/python3.12/site-packages/airflow/example_dags/example_params_ui_tutorial.py took 0.084 seconds
[2024-08-05T00:02:56.570+0000] {processor.py:161} INFO - Started process (PID=13420) to work on /home/airflow/.local/lib/python3.12/site-packages/airflow/example_dags/example_params_ui_tutorial.py
[2024-08-05T00:02:56.573+0000] {processor.py:830} INFO - Processing file /home/airflow/.local/lib/python3.12/site-packages/airflow/example_dags/example_params_ui_tutorial.py for tasks to queue
[2024-08-05T00:02:56.575+0000] {logging_mixin.py:188} INFO - [2024-08-05T00:02:56.574+0000] {dagbag.py:545} INFO - Filling up the DagBag from /home/airflow/.local/lib/python3.12/site-packages/airflow/example_dags/example_params_ui_tutorial.py
[2024-08-05T00:02:56.595+0000] {processor.py:840} INFO - DAG(s) 'example_params_ui_tutorial' retrieved from /home/airflow/.local/lib/python3.12/site-packages/airflow/example_dags/example_params_ui_tutorial.py
[2024-08-05T00:02:56.703+0000] {logging_mixin.py:188} INFO - [2024-08-05T00:02:56.703+0000] {dag.py:3089} INFO - Sync 1 DAGs
[2024-08-05T00:02:56.717+0000] {logging_mixin.py:188} INFO - [2024-08-05T00:02:56.717+0000] {dag.py:3947} INFO - Setting next_dagrun for example_params_ui_tutorial to None, run_after=None
[2024-08-05T00:02:56.746+0000] {processor.py:183} INFO - Processing /home/airflow/.local/lib/python3.12/site-packages/airflow/example_dags/example_params_ui_tutorial.py took 0.195 seconds
[2024-08-05T00:03:26.800+0000] {processor.py:161} INFO - Started process (PID=13481) to work on /home/airflow/.local/lib/python3.12/site-packages/airflow/example_dags/example_params_ui_tutorial.py
[2024-08-05T00:03:26.801+0000] {processor.py:830} INFO - Processing file /home/airflow/.local/lib/python3.12/site-packages/airflow/example_dags/example_params_ui_tutorial.py for tasks to queue
[2024-08-05T00:03:26.802+0000] {logging_mixin.py:188} INFO - [2024-08-05T00:03:26.801+0000] {dagbag.py:545} INFO - Filling up the DagBag from /home/airflow/.local/lib/python3.12/site-packages/airflow/example_dags/example_params_ui_tutorial.py
[2024-08-05T00:03:26.810+0000] {processor.py:840} INFO - DAG(s) 'example_params_ui_tutorial' retrieved from /home/airflow/.local/lib/python3.12/site-packages/airflow/example_dags/example_params_ui_tutorial.py
[2024-08-05T00:03:26.858+0000] {logging_mixin.py:188} INFO - [2024-08-05T00:03:26.858+0000] {dag.py:3089} INFO - Sync 1 DAGs
[2024-08-05T00:03:26.869+0000] {logging_mixin.py:188} INFO - [2024-08-05T00:03:26.869+0000] {dag.py:3947} INFO - Setting next_dagrun for example_params_ui_tutorial to None, run_after=None
[2024-08-05T00:03:26.883+0000] {processor.py:183} INFO - Processing /home/airflow/.local/lib/python3.12/site-packages/airflow/example_dags/example_params_ui_tutorial.py took 0.089 seconds
[2024-08-05T00:03:57.267+0000] {processor.py:161} INFO - Started process (PID=13542) to work on /home/airflow/.local/lib/python3.12/site-packages/airflow/example_dags/example_params_ui_tutorial.py
[2024-08-05T00:03:57.268+0000] {processor.py:830} INFO - Processing file /home/airflow/.local/lib/python3.12/site-packages/airflow/example_dags/example_params_ui_tutorial.py for tasks to queue
[2024-08-05T00:03:57.268+0000] {logging_mixin.py:188} INFO - [2024-08-05T00:03:57.268+0000] {dagbag.py:545} INFO - Filling up the DagBag from /home/airflow/.local/lib/python3.12/site-packages/airflow/example_dags/example_params_ui_tutorial.py
[2024-08-05T00:03:57.276+0000] {processor.py:840} INFO - DAG(s) 'example_params_ui_tutorial' retrieved from /home/airflow/.local/lib/python3.12/site-packages/airflow/example_dags/example_params_ui_tutorial.py
[2024-08-05T00:03:57.322+0000] {logging_mixin.py:188} INFO - [2024-08-05T00:03:57.322+0000] {dag.py:3089} INFO - Sync 1 DAGs
[2024-08-05T00:03:57.332+0000] {logging_mixin.py:188} INFO - [2024-08-05T00:03:57.332+0000] {dag.py:3947} INFO - Setting next_dagrun for example_params_ui_tutorial to None, run_after=None
[2024-08-05T00:03:57.346+0000] {processor.py:183} INFO - Processing /home/airflow/.local/lib/python3.12/site-packages/airflow/example_dags/example_params_ui_tutorial.py took 0.085 seconds
[2024-08-05T00:04:27.881+0000] {processor.py:161} INFO - Started process (PID=13603) to work on /home/airflow/.local/lib/python3.12/site-packages/airflow/example_dags/example_params_ui_tutorial.py
[2024-08-05T00:04:27.883+0000] {processor.py:830} INFO - Processing file /home/airflow/.local/lib/python3.12/site-packages/airflow/example_dags/example_params_ui_tutorial.py for tasks to queue
[2024-08-05T00:04:27.884+0000] {logging_mixin.py:188} INFO - [2024-08-05T00:04:27.884+0000] {dagbag.py:545} INFO - Filling up the DagBag from /home/airflow/.local/lib/python3.12/site-packages/airflow/example_dags/example_params_ui_tutorial.py
[2024-08-05T00:04:27.891+0000] {processor.py:840} INFO - DAG(s) 'example_params_ui_tutorial' retrieved from /home/airflow/.local/lib/python3.12/site-packages/airflow/example_dags/example_params_ui_tutorial.py
[2024-08-05T00:04:27.928+0000] {logging_mixin.py:188} INFO - [2024-08-05T00:04:27.928+0000] {dag.py:3089} INFO - Sync 1 DAGs
[2024-08-05T00:04:27.937+0000] {logging_mixin.py:188} INFO - [2024-08-05T00:04:27.937+0000] {dag.py:3947} INFO - Setting next_dagrun for example_params_ui_tutorial to None, run_after=None
[2024-08-05T00:04:27.948+0000] {processor.py:183} INFO - Processing /home/airflow/.local/lib/python3.12/site-packages/airflow/example_dags/example_params_ui_tutorial.py took 0.073 seconds
[2024-08-05T00:04:58.205+0000] {processor.py:161} INFO - Started process (PID=13664) to work on /home/airflow/.local/lib/python3.12/site-packages/airflow/example_dags/example_params_ui_tutorial.py
[2024-08-05T00:04:58.207+0000] {processor.py:830} INFO - Processing file /home/airflow/.local/lib/python3.12/site-packages/airflow/example_dags/example_params_ui_tutorial.py for tasks to queue
[2024-08-05T00:04:58.208+0000] {logging_mixin.py:188} INFO - [2024-08-05T00:04:58.207+0000] {dagbag.py:545} INFO - Filling up the DagBag from /home/airflow/.local/lib/python3.12/site-packages/airflow/example_dags/example_params_ui_tutorial.py
[2024-08-05T00:04:58.216+0000] {processor.py:840} INFO - DAG(s) 'example_params_ui_tutorial' retrieved from /home/airflow/.local/lib/python3.12/site-packages/airflow/example_dags/example_params_ui_tutorial.py
[2024-08-05T00:04:58.249+0000] {logging_mixin.py:188} INFO - [2024-08-05T00:04:58.249+0000] {dag.py:3089} INFO - Sync 1 DAGs
[2024-08-05T00:04:58.256+0000] {logging_mixin.py:188} INFO - [2024-08-05T00:04:58.255+0000] {dag.py:3947} INFO - Setting next_dagrun for example_params_ui_tutorial to None, run_after=None
[2024-08-05T00:04:58.264+0000] {processor.py:183} INFO - Processing /home/airflow/.local/lib/python3.12/site-packages/airflow/example_dags/example_params_ui_tutorial.py took 0.068 seconds
[2024-08-05T00:05:29.004+0000] {processor.py:161} INFO - Started process (PID=13725) to work on /home/airflow/.local/lib/python3.12/site-packages/airflow/example_dags/example_params_ui_tutorial.py
[2024-08-05T00:05:29.006+0000] {processor.py:830} INFO - Processing file /home/airflow/.local/lib/python3.12/site-packages/airflow/example_dags/example_params_ui_tutorial.py for tasks to queue
[2024-08-05T00:05:29.008+0000] {logging_mixin.py:188} INFO - [2024-08-05T00:05:29.007+0000] {dagbag.py:545} INFO - Filling up the DagBag from /home/airflow/.local/lib/python3.12/site-packages/airflow/example_dags/example_params_ui_tutorial.py
[2024-08-05T00:05:29.016+0000] {processor.py:840} INFO - DAG(s) 'example_params_ui_tutorial' retrieved from /home/airflow/.local/lib/python3.12/site-packages/airflow/example_dags/example_params_ui_tutorial.py
[2024-08-05T00:05:29.049+0000] {logging_mixin.py:188} INFO - [2024-08-05T00:05:29.049+0000] {dag.py:3089} INFO - Sync 1 DAGs
[2024-08-05T00:05:29.056+0000] {logging_mixin.py:188} INFO - [2024-08-05T00:05:29.056+0000] {dag.py:3947} INFO - Setting next_dagrun for example_params_ui_tutorial to None, run_after=None
[2024-08-05T00:05:29.067+0000] {processor.py:183} INFO - Processing /home/airflow/.local/lib/python3.12/site-packages/airflow/example_dags/example_params_ui_tutorial.py took 0.074 seconds
[2024-08-05T00:05:59.164+0000] {processor.py:161} INFO - Started process (PID=13784) to work on /home/airflow/.local/lib/python3.12/site-packages/airflow/example_dags/example_params_ui_tutorial.py
[2024-08-05T00:05:59.170+0000] {processor.py:830} INFO - Processing file /home/airflow/.local/lib/python3.12/site-packages/airflow/example_dags/example_params_ui_tutorial.py for tasks to queue
[2024-08-05T00:05:59.171+0000] {logging_mixin.py:188} INFO - [2024-08-05T00:05:59.170+0000] {dagbag.py:545} INFO - Filling up the DagBag from /home/airflow/.local/lib/python3.12/site-packages/airflow/example_dags/example_params_ui_tutorial.py
[2024-08-05T00:05:59.190+0000] {processor.py:840} INFO - DAG(s) 'example_params_ui_tutorial' retrieved from /home/airflow/.local/lib/python3.12/site-packages/airflow/example_dags/example_params_ui_tutorial.py
[2024-08-05T00:05:59.246+0000] {logging_mixin.py:188} INFO - [2024-08-05T00:05:59.246+0000] {dag.py:3089} INFO - Sync 1 DAGs
[2024-08-05T00:05:59.259+0000] {logging_mixin.py:188} INFO - [2024-08-05T00:05:59.259+0000] {dag.py:3947} INFO - Setting next_dagrun for example_params_ui_tutorial to None, run_after=None
[2024-08-05T00:05:59.282+0000] {processor.py:183} INFO - Processing /home/airflow/.local/lib/python3.12/site-packages/airflow/example_dags/example_params_ui_tutorial.py took 0.132 seconds
[2024-08-05T00:06:29.533+0000] {processor.py:161} INFO - Started process (PID=13845) to work on /home/airflow/.local/lib/python3.12/site-packages/airflow/example_dags/example_params_ui_tutorial.py
[2024-08-05T00:06:29.535+0000] {processor.py:830} INFO - Processing file /home/airflow/.local/lib/python3.12/site-packages/airflow/example_dags/example_params_ui_tutorial.py for tasks to queue
[2024-08-05T00:06:29.536+0000] {logging_mixin.py:188} INFO - [2024-08-05T00:06:29.536+0000] {dagbag.py:545} INFO - Filling up the DagBag from /home/airflow/.local/lib/python3.12/site-packages/airflow/example_dags/example_params_ui_tutorial.py
[2024-08-05T00:06:29.548+0000] {processor.py:840} INFO - DAG(s) 'example_params_ui_tutorial' retrieved from /home/airflow/.local/lib/python3.12/site-packages/airflow/example_dags/example_params_ui_tutorial.py
[2024-08-05T00:06:29.608+0000] {logging_mixin.py:188} INFO - [2024-08-05T00:06:29.608+0000] {dag.py:3089} INFO - Sync 1 DAGs
[2024-08-05T00:06:29.633+0000] {logging_mixin.py:188} INFO - [2024-08-05T00:06:29.632+0000] {dag.py:3947} INFO - Setting next_dagrun for example_params_ui_tutorial to None, run_after=None
[2024-08-05T00:06:29.657+0000] {processor.py:183} INFO - Processing /home/airflow/.local/lib/python3.12/site-packages/airflow/example_dags/example_params_ui_tutorial.py took 0.133 seconds
[2024-08-05T00:06:59.900+0000] {processor.py:161} INFO - Started process (PID=13911) to work on /home/airflow/.local/lib/python3.12/site-packages/airflow/example_dags/example_params_ui_tutorial.py
[2024-08-05T00:06:59.907+0000] {processor.py:830} INFO - Processing file /home/airflow/.local/lib/python3.12/site-packages/airflow/example_dags/example_params_ui_tutorial.py for tasks to queue
[2024-08-05T00:06:59.909+0000] {logging_mixin.py:188} INFO - [2024-08-05T00:06:59.908+0000] {dagbag.py:545} INFO - Filling up the DagBag from /home/airflow/.local/lib/python3.12/site-packages/airflow/example_dags/example_params_ui_tutorial.py
[2024-08-05T00:06:59.923+0000] {processor.py:840} INFO - DAG(s) 'example_params_ui_tutorial' retrieved from /home/airflow/.local/lib/python3.12/site-packages/airflow/example_dags/example_params_ui_tutorial.py
[2024-08-05T00:06:59.997+0000] {logging_mixin.py:188} INFO - [2024-08-05T00:06:59.996+0000] {dag.py:3089} INFO - Sync 1 DAGs
[2024-08-05T00:07:00.036+0000] {logging_mixin.py:188} INFO - [2024-08-05T00:07:00.035+0000] {dag.py:3947} INFO - Setting next_dagrun for example_params_ui_tutorial to None, run_after=None
[2024-08-05T00:07:00.060+0000] {processor.py:183} INFO - Processing /home/airflow/.local/lib/python3.12/site-packages/airflow/example_dags/example_params_ui_tutorial.py took 0.172 seconds
[2024-08-05T00:07:30.446+0000] {processor.py:161} INFO - Started process (PID=13977) to work on /home/airflow/.local/lib/python3.12/site-packages/airflow/example_dags/example_params_ui_tutorial.py
[2024-08-05T00:07:30.449+0000] {processor.py:830} INFO - Processing file /home/airflow/.local/lib/python3.12/site-packages/airflow/example_dags/example_params_ui_tutorial.py for tasks to queue
[2024-08-05T00:07:30.451+0000] {logging_mixin.py:188} INFO - [2024-08-05T00:07:30.450+0000] {dagbag.py:545} INFO - Filling up the DagBag from /home/airflow/.local/lib/python3.12/site-packages/airflow/example_dags/example_params_ui_tutorial.py
[2024-08-05T00:07:30.461+0000] {processor.py:840} INFO - DAG(s) 'example_params_ui_tutorial' retrieved from /home/airflow/.local/lib/python3.12/site-packages/airflow/example_dags/example_params_ui_tutorial.py
[2024-08-05T00:07:30.505+0000] {logging_mixin.py:188} INFO - [2024-08-05T00:07:30.504+0000] {dag.py:3089} INFO - Sync 1 DAGs
[2024-08-05T00:07:30.540+0000] {logging_mixin.py:188} INFO - [2024-08-05T00:07:30.540+0000] {dag.py:3947} INFO - Setting next_dagrun for example_params_ui_tutorial to None, run_after=None
[2024-08-05T00:07:30.564+0000] {processor.py:183} INFO - Processing /home/airflow/.local/lib/python3.12/site-packages/airflow/example_dags/example_params_ui_tutorial.py took 0.128 seconds
[2024-08-05T00:08:00.815+0000] {processor.py:161} INFO - Started process (PID=14038) to work on /home/airflow/.local/lib/python3.12/site-packages/airflow/example_dags/example_params_ui_tutorial.py
[2024-08-05T00:08:00.818+0000] {processor.py:830} INFO - Processing file /home/airflow/.local/lib/python3.12/site-packages/airflow/example_dags/example_params_ui_tutorial.py for tasks to queue
[2024-08-05T00:08:00.819+0000] {logging_mixin.py:188} INFO - [2024-08-05T00:08:00.819+0000] {dagbag.py:545} INFO - Filling up the DagBag from /home/airflow/.local/lib/python3.12/site-packages/airflow/example_dags/example_params_ui_tutorial.py
[2024-08-05T00:08:00.833+0000] {processor.py:840} INFO - DAG(s) 'example_params_ui_tutorial' retrieved from /home/airflow/.local/lib/python3.12/site-packages/airflow/example_dags/example_params_ui_tutorial.py
[2024-08-05T00:08:00.878+0000] {logging_mixin.py:188} INFO - [2024-08-05T00:08:00.877+0000] {dag.py:3089} INFO - Sync 1 DAGs
[2024-08-05T00:08:00.887+0000] {logging_mixin.py:188} INFO - [2024-08-05T00:08:00.887+0000] {dag.py:3947} INFO - Setting next_dagrun for example_params_ui_tutorial to None, run_after=None
[2024-08-05T00:08:00.900+0000] {processor.py:183} INFO - Processing /home/airflow/.local/lib/python3.12/site-packages/airflow/example_dags/example_params_ui_tutorial.py took 0.099 seconds
[2024-08-05T00:08:30.995+0000] {processor.py:161} INFO - Started process (PID=14099) to work on /home/airflow/.local/lib/python3.12/site-packages/airflow/example_dags/example_params_ui_tutorial.py
[2024-08-05T00:08:30.996+0000] {processor.py:830} INFO - Processing file /home/airflow/.local/lib/python3.12/site-packages/airflow/example_dags/example_params_ui_tutorial.py for tasks to queue
[2024-08-05T00:08:30.997+0000] {logging_mixin.py:188} INFO - [2024-08-05T00:08:30.997+0000] {dagbag.py:545} INFO - Filling up the DagBag from /home/airflow/.local/lib/python3.12/site-packages/airflow/example_dags/example_params_ui_tutorial.py
[2024-08-05T00:08:31.003+0000] {processor.py:840} INFO - DAG(s) 'example_params_ui_tutorial' retrieved from /home/airflow/.local/lib/python3.12/site-packages/airflow/example_dags/example_params_ui_tutorial.py
[2024-08-05T00:08:31.034+0000] {logging_mixin.py:188} INFO - [2024-08-05T00:08:31.034+0000] {dag.py:3089} INFO - Sync 1 DAGs
[2024-08-05T00:08:31.041+0000] {logging_mixin.py:188} INFO - [2024-08-05T00:08:31.040+0000] {dag.py:3947} INFO - Setting next_dagrun for example_params_ui_tutorial to None, run_after=None
[2024-08-05T00:08:31.049+0000] {processor.py:183} INFO - Processing /home/airflow/.local/lib/python3.12/site-packages/airflow/example_dags/example_params_ui_tutorial.py took 0.059 seconds
[2024-08-05T00:09:01.520+0000] {processor.py:161} INFO - Started process (PID=14161) to work on /home/airflow/.local/lib/python3.12/site-packages/airflow/example_dags/example_params_ui_tutorial.py
[2024-08-05T00:09:01.522+0000] {processor.py:830} INFO - Processing file /home/airflow/.local/lib/python3.12/site-packages/airflow/example_dags/example_params_ui_tutorial.py for tasks to queue
[2024-08-05T00:09:01.525+0000] {logging_mixin.py:188} INFO - [2024-08-05T00:09:01.524+0000] {dagbag.py:545} INFO - Filling up the DagBag from /home/airflow/.local/lib/python3.12/site-packages/airflow/example_dags/example_params_ui_tutorial.py
[2024-08-05T00:09:01.539+0000] {processor.py:840} INFO - DAG(s) 'example_params_ui_tutorial' retrieved from /home/airflow/.local/lib/python3.12/site-packages/airflow/example_dags/example_params_ui_tutorial.py
[2024-08-05T00:09:01.607+0000] {logging_mixin.py:188} INFO - [2024-08-05T00:09:01.607+0000] {dag.py:3089} INFO - Sync 1 DAGs
[2024-08-05T00:09:01.620+0000] {logging_mixin.py:188} INFO - [2024-08-05T00:09:01.620+0000] {dag.py:3947} INFO - Setting next_dagrun for example_params_ui_tutorial to None, run_after=None
[2024-08-05T00:09:01.635+0000] {processor.py:183} INFO - Processing /home/airflow/.local/lib/python3.12/site-packages/airflow/example_dags/example_params_ui_tutorial.py took 0.129 seconds
[2024-08-05T00:09:32.311+0000] {processor.py:161} INFO - Started process (PID=14222) to work on /home/airflow/.local/lib/python3.12/site-packages/airflow/example_dags/example_params_ui_tutorial.py
[2024-08-05T00:09:32.313+0000] {processor.py:830} INFO - Processing file /home/airflow/.local/lib/python3.12/site-packages/airflow/example_dags/example_params_ui_tutorial.py for tasks to queue
[2024-08-05T00:09:32.314+0000] {logging_mixin.py:188} INFO - [2024-08-05T00:09:32.313+0000] {dagbag.py:545} INFO - Filling up the DagBag from /home/airflow/.local/lib/python3.12/site-packages/airflow/example_dags/example_params_ui_tutorial.py
[2024-08-05T00:09:32.328+0000] {processor.py:840} INFO - DAG(s) 'example_params_ui_tutorial' retrieved from /home/airflow/.local/lib/python3.12/site-packages/airflow/example_dags/example_params_ui_tutorial.py
[2024-08-05T00:09:32.395+0000] {logging_mixin.py:188} INFO - [2024-08-05T00:09:32.395+0000] {dag.py:3089} INFO - Sync 1 DAGs
[2024-08-05T00:09:32.406+0000] {logging_mixin.py:188} INFO - [2024-08-05T00:09:32.406+0000] {dag.py:3947} INFO - Setting next_dagrun for example_params_ui_tutorial to None, run_after=None
[2024-08-05T00:09:32.418+0000] {processor.py:183} INFO - Processing /home/airflow/.local/lib/python3.12/site-packages/airflow/example_dags/example_params_ui_tutorial.py took 0.116 seconds
[2024-08-05T00:10:02.529+0000] {processor.py:161} INFO - Started process (PID=14283) to work on /home/airflow/.local/lib/python3.12/site-packages/airflow/example_dags/example_params_ui_tutorial.py
[2024-08-05T00:10:02.531+0000] {processor.py:830} INFO - Processing file /home/airflow/.local/lib/python3.12/site-packages/airflow/example_dags/example_params_ui_tutorial.py for tasks to queue
[2024-08-05T00:10:02.533+0000] {logging_mixin.py:188} INFO - [2024-08-05T00:10:02.533+0000] {dagbag.py:545} INFO - Filling up the DagBag from /home/airflow/.local/lib/python3.12/site-packages/airflow/example_dags/example_params_ui_tutorial.py
[2024-08-05T00:10:02.552+0000] {processor.py:840} INFO - DAG(s) 'example_params_ui_tutorial' retrieved from /home/airflow/.local/lib/python3.12/site-packages/airflow/example_dags/example_params_ui_tutorial.py
[2024-08-05T00:10:02.618+0000] {logging_mixin.py:188} INFO - [2024-08-05T00:10:02.617+0000] {dag.py:3089} INFO - Sync 1 DAGs
[2024-08-05T00:10:02.630+0000] {logging_mixin.py:188} INFO - [2024-08-05T00:10:02.630+0000] {dag.py:3947} INFO - Setting next_dagrun for example_params_ui_tutorial to None, run_after=None
[2024-08-05T00:10:02.648+0000] {processor.py:183} INFO - Processing /home/airflow/.local/lib/python3.12/site-packages/airflow/example_dags/example_params_ui_tutorial.py took 0.131 seconds
[2024-08-05T00:10:32.726+0000] {processor.py:161} INFO - Started process (PID=14353) to work on /home/airflow/.local/lib/python3.12/site-packages/airflow/example_dags/example_params_ui_tutorial.py
[2024-08-05T00:10:32.730+0000] {processor.py:830} INFO - Processing file /home/airflow/.local/lib/python3.12/site-packages/airflow/example_dags/example_params_ui_tutorial.py for tasks to queue
[2024-08-05T00:10:32.733+0000] {logging_mixin.py:188} INFO - [2024-08-05T00:10:32.732+0000] {dagbag.py:545} INFO - Filling up the DagBag from /home/airflow/.local/lib/python3.12/site-packages/airflow/example_dags/example_params_ui_tutorial.py
[2024-08-05T00:10:32.740+0000] {processor.py:840} INFO - DAG(s) 'example_params_ui_tutorial' retrieved from /home/airflow/.local/lib/python3.12/site-packages/airflow/example_dags/example_params_ui_tutorial.py
[2024-08-05T00:10:32.778+0000] {logging_mixin.py:188} INFO - [2024-08-05T00:10:32.778+0000] {dag.py:3089} INFO - Sync 1 DAGs
[2024-08-05T00:10:32.785+0000] {logging_mixin.py:188} INFO - [2024-08-05T00:10:32.785+0000] {dag.py:3947} INFO - Setting next_dagrun for example_params_ui_tutorial to None, run_after=None
[2024-08-05T00:10:32.800+0000] {processor.py:183} INFO - Processing /home/airflow/.local/lib/python3.12/site-packages/airflow/example_dags/example_params_ui_tutorial.py took 0.083 seconds
[2024-08-05T00:11:03.809+0000] {processor.py:161} INFO - Started process (PID=14414) to work on /home/airflow/.local/lib/python3.12/site-packages/airflow/example_dags/example_params_ui_tutorial.py
[2024-08-05T00:11:03.814+0000] {processor.py:830} INFO - Processing file /home/airflow/.local/lib/python3.12/site-packages/airflow/example_dags/example_params_ui_tutorial.py for tasks to queue
[2024-08-05T00:11:03.816+0000] {logging_mixin.py:188} INFO - [2024-08-05T00:11:03.815+0000] {dagbag.py:545} INFO - Filling up the DagBag from /home/airflow/.local/lib/python3.12/site-packages/airflow/example_dags/example_params_ui_tutorial.py
[2024-08-05T00:11:03.851+0000] {processor.py:840} INFO - DAG(s) 'example_params_ui_tutorial' retrieved from /home/airflow/.local/lib/python3.12/site-packages/airflow/example_dags/example_params_ui_tutorial.py
[2024-08-05T00:11:03.962+0000] {logging_mixin.py:188} INFO - [2024-08-05T00:11:03.962+0000] {dag.py:3089} INFO - Sync 1 DAGs
[2024-08-05T00:11:03.983+0000] {logging_mixin.py:188} INFO - [2024-08-05T00:11:03.982+0000] {dag.py:3947} INFO - Setting next_dagrun for example_params_ui_tutorial to None, run_after=None
[2024-08-05T00:11:04.089+0000] {processor.py:183} INFO - Processing /home/airflow/.local/lib/python3.12/site-packages/airflow/example_dags/example_params_ui_tutorial.py took 0.291 seconds
[2024-08-05T00:11:34.753+0000] {processor.py:161} INFO - Started process (PID=14485) to work on /home/airflow/.local/lib/python3.12/site-packages/airflow/example_dags/example_params_ui_tutorial.py
[2024-08-05T00:11:34.757+0000] {processor.py:830} INFO - Processing file /home/airflow/.local/lib/python3.12/site-packages/airflow/example_dags/example_params_ui_tutorial.py for tasks to queue
[2024-08-05T00:11:34.759+0000] {logging_mixin.py:188} INFO - [2024-08-05T00:11:34.758+0000] {dagbag.py:545} INFO - Filling up the DagBag from /home/airflow/.local/lib/python3.12/site-packages/airflow/example_dags/example_params_ui_tutorial.py
[2024-08-05T00:11:34.770+0000] {processor.py:840} INFO - DAG(s) 'example_params_ui_tutorial' retrieved from /home/airflow/.local/lib/python3.12/site-packages/airflow/example_dags/example_params_ui_tutorial.py
[2024-08-05T00:11:34.868+0000] {logging_mixin.py:188} INFO - [2024-08-05T00:11:34.867+0000] {dag.py:3089} INFO - Sync 1 DAGs
[2024-08-05T00:11:34.880+0000] {logging_mixin.py:188} INFO - [2024-08-05T00:11:34.880+0000] {dag.py:3947} INFO - Setting next_dagrun for example_params_ui_tutorial to None, run_after=None
[2024-08-05T00:11:34.896+0000] {processor.py:183} INFO - Processing /home/airflow/.local/lib/python3.12/site-packages/airflow/example_dags/example_params_ui_tutorial.py took 0.154 seconds
[2024-08-05T00:12:05.244+0000] {processor.py:161} INFO - Started process (PID=14546) to work on /home/airflow/.local/lib/python3.12/site-packages/airflow/example_dags/example_params_ui_tutorial.py
[2024-08-05T00:12:05.245+0000] {processor.py:830} INFO - Processing file /home/airflow/.local/lib/python3.12/site-packages/airflow/example_dags/example_params_ui_tutorial.py for tasks to queue
[2024-08-05T00:12:05.246+0000] {logging_mixin.py:188} INFO - [2024-08-05T00:12:05.246+0000] {dagbag.py:545} INFO - Filling up the DagBag from /home/airflow/.local/lib/python3.12/site-packages/airflow/example_dags/example_params_ui_tutorial.py
[2024-08-05T00:12:05.250+0000] {processor.py:840} INFO - DAG(s) 'example_params_ui_tutorial' retrieved from /home/airflow/.local/lib/python3.12/site-packages/airflow/example_dags/example_params_ui_tutorial.py
[2024-08-05T00:12:05.313+0000] {logging_mixin.py:188} INFO - [2024-08-05T00:12:05.313+0000] {dag.py:3089} INFO - Sync 1 DAGs
[2024-08-05T00:12:05.324+0000] {logging_mixin.py:188} INFO - [2024-08-05T00:12:05.324+0000] {dag.py:3947} INFO - Setting next_dagrun for example_params_ui_tutorial to None, run_after=None
[2024-08-05T00:12:05.340+0000] {processor.py:183} INFO - Processing /home/airflow/.local/lib/python3.12/site-packages/airflow/example_dags/example_params_ui_tutorial.py took 0.100 seconds
[2024-08-05T00:12:36.192+0000] {processor.py:161} INFO - Started process (PID=14607) to work on /home/airflow/.local/lib/python3.12/site-packages/airflow/example_dags/example_params_ui_tutorial.py
[2024-08-05T00:12:36.193+0000] {processor.py:830} INFO - Processing file /home/airflow/.local/lib/python3.12/site-packages/airflow/example_dags/example_params_ui_tutorial.py for tasks to queue
[2024-08-05T00:12:36.193+0000] {logging_mixin.py:188} INFO - [2024-08-05T00:12:36.193+0000] {dagbag.py:545} INFO - Filling up the DagBag from /home/airflow/.local/lib/python3.12/site-packages/airflow/example_dags/example_params_ui_tutorial.py
[2024-08-05T00:12:36.197+0000] {processor.py:840} INFO - DAG(s) 'example_params_ui_tutorial' retrieved from /home/airflow/.local/lib/python3.12/site-packages/airflow/example_dags/example_params_ui_tutorial.py
[2024-08-05T00:12:36.230+0000] {logging_mixin.py:188} INFO - [2024-08-05T00:12:36.230+0000] {dag.py:3089} INFO - Sync 1 DAGs
[2024-08-05T00:12:36.241+0000] {logging_mixin.py:188} INFO - [2024-08-05T00:12:36.241+0000] {dag.py:3947} INFO - Setting next_dagrun for example_params_ui_tutorial to None, run_after=None
[2024-08-05T00:12:36.256+0000] {processor.py:183} INFO - Processing /home/airflow/.local/lib/python3.12/site-packages/airflow/example_dags/example_params_ui_tutorial.py took 0.068 seconds
[2024-08-05T00:13:06.997+0000] {processor.py:161} INFO - Started process (PID=14668) to work on /home/airflow/.local/lib/python3.12/site-packages/airflow/example_dags/example_params_ui_tutorial.py
[2024-08-05T00:13:07.000+0000] {processor.py:830} INFO - Processing file /home/airflow/.local/lib/python3.12/site-packages/airflow/example_dags/example_params_ui_tutorial.py for tasks to queue
[2024-08-05T00:13:07.001+0000] {logging_mixin.py:188} INFO - [2024-08-05T00:13:07.000+0000] {dagbag.py:545} INFO - Filling up the DagBag from /home/airflow/.local/lib/python3.12/site-packages/airflow/example_dags/example_params_ui_tutorial.py
[2024-08-05T00:13:07.010+0000] {processor.py:840} INFO - DAG(s) 'example_params_ui_tutorial' retrieved from /home/airflow/.local/lib/python3.12/site-packages/airflow/example_dags/example_params_ui_tutorial.py
[2024-08-05T00:13:07.051+0000] {logging_mixin.py:188} INFO - [2024-08-05T00:13:07.051+0000] {dag.py:3089} INFO - Sync 1 DAGs
[2024-08-05T00:13:07.058+0000] {logging_mixin.py:188} INFO - [2024-08-05T00:13:07.058+0000] {dag.py:3947} INFO - Setting next_dagrun for example_params_ui_tutorial to None, run_after=None
[2024-08-05T00:13:07.068+0000] {processor.py:183} INFO - Processing /home/airflow/.local/lib/python3.12/site-packages/airflow/example_dags/example_params_ui_tutorial.py took 0.079 seconds
[2024-08-05T00:13:37.835+0000] {processor.py:161} INFO - Started process (PID=14729) to work on /home/airflow/.local/lib/python3.12/site-packages/airflow/example_dags/example_params_ui_tutorial.py
[2024-08-05T00:13:37.836+0000] {processor.py:830} INFO - Processing file /home/airflow/.local/lib/python3.12/site-packages/airflow/example_dags/example_params_ui_tutorial.py for tasks to queue
[2024-08-05T00:13:37.837+0000] {logging_mixin.py:188} INFO - [2024-08-05T00:13:37.836+0000] {dagbag.py:545} INFO - Filling up the DagBag from /home/airflow/.local/lib/python3.12/site-packages/airflow/example_dags/example_params_ui_tutorial.py
[2024-08-05T00:13:37.843+0000] {processor.py:840} INFO - DAG(s) 'example_params_ui_tutorial' retrieved from /home/airflow/.local/lib/python3.12/site-packages/airflow/example_dags/example_params_ui_tutorial.py
[2024-08-05T00:13:37.880+0000] {logging_mixin.py:188} INFO - [2024-08-05T00:13:37.879+0000] {dag.py:3089} INFO - Sync 1 DAGs
[2024-08-05T00:13:37.890+0000] {logging_mixin.py:188} INFO - [2024-08-05T00:13:37.889+0000] {dag.py:3947} INFO - Setting next_dagrun for example_params_ui_tutorial to None, run_after=None
[2024-08-05T00:13:37.902+0000] {processor.py:183} INFO - Processing /home/airflow/.local/lib/python3.12/site-packages/airflow/example_dags/example_params_ui_tutorial.py took 0.074 seconds
[2024-08-05T00:14:08.430+0000] {processor.py:161} INFO - Started process (PID=14790) to work on /home/airflow/.local/lib/python3.12/site-packages/airflow/example_dags/example_params_ui_tutorial.py
[2024-08-05T00:14:08.432+0000] {processor.py:830} INFO - Processing file /home/airflow/.local/lib/python3.12/site-packages/airflow/example_dags/example_params_ui_tutorial.py for tasks to queue
[2024-08-05T00:14:08.433+0000] {logging_mixin.py:188} INFO - [2024-08-05T00:14:08.432+0000] {dagbag.py:545} INFO - Filling up the DagBag from /home/airflow/.local/lib/python3.12/site-packages/airflow/example_dags/example_params_ui_tutorial.py
[2024-08-05T00:14:08.441+0000] {processor.py:840} INFO - DAG(s) 'example_params_ui_tutorial' retrieved from /home/airflow/.local/lib/python3.12/site-packages/airflow/example_dags/example_params_ui_tutorial.py
[2024-08-05T00:14:08.486+0000] {logging_mixin.py:188} INFO - [2024-08-05T00:14:08.486+0000] {dag.py:3089} INFO - Sync 1 DAGs
[2024-08-05T00:14:08.493+0000] {logging_mixin.py:188} INFO - [2024-08-05T00:14:08.492+0000] {dag.py:3947} INFO - Setting next_dagrun for example_params_ui_tutorial to None, run_after=None
[2024-08-05T00:14:08.505+0000] {processor.py:183} INFO - Processing /home/airflow/.local/lib/python3.12/site-packages/airflow/example_dags/example_params_ui_tutorial.py took 0.083 seconds
[2024-08-05T00:14:38.528+0000] {processor.py:161} INFO - Started process (PID=14851) to work on /home/airflow/.local/lib/python3.12/site-packages/airflow/example_dags/example_params_ui_tutorial.py
[2024-08-05T00:14:38.529+0000] {processor.py:830} INFO - Processing file /home/airflow/.local/lib/python3.12/site-packages/airflow/example_dags/example_params_ui_tutorial.py for tasks to queue
[2024-08-05T00:14:38.529+0000] {logging_mixin.py:188} INFO - [2024-08-05T00:14:38.529+0000] {dagbag.py:545} INFO - Filling up the DagBag from /home/airflow/.local/lib/python3.12/site-packages/airflow/example_dags/example_params_ui_tutorial.py
[2024-08-05T00:14:38.534+0000] {processor.py:840} INFO - DAG(s) 'example_params_ui_tutorial' retrieved from /home/airflow/.local/lib/python3.12/site-packages/airflow/example_dags/example_params_ui_tutorial.py
[2024-08-05T00:14:38.570+0000] {logging_mixin.py:188} INFO - [2024-08-05T00:14:38.570+0000] {dag.py:3089} INFO - Sync 1 DAGs
[2024-08-05T00:14:38.583+0000] {logging_mixin.py:188} INFO - [2024-08-05T00:14:38.583+0000] {dag.py:3947} INFO - Setting next_dagrun for example_params_ui_tutorial to None, run_after=None
[2024-08-05T00:14:38.599+0000] {processor.py:183} INFO - Processing /home/airflow/.local/lib/python3.12/site-packages/airflow/example_dags/example_params_ui_tutorial.py took 0.075 seconds
[2024-08-05T00:15:08.799+0000] {processor.py:161} INFO - Started process (PID=14912) to work on /home/airflow/.local/lib/python3.12/site-packages/airflow/example_dags/example_params_ui_tutorial.py
[2024-08-05T00:15:08.800+0000] {processor.py:830} INFO - Processing file /home/airflow/.local/lib/python3.12/site-packages/airflow/example_dags/example_params_ui_tutorial.py for tasks to queue
[2024-08-05T00:15:08.801+0000] {logging_mixin.py:188} INFO - [2024-08-05T00:15:08.801+0000] {dagbag.py:545} INFO - Filling up the DagBag from /home/airflow/.local/lib/python3.12/site-packages/airflow/example_dags/example_params_ui_tutorial.py
[2024-08-05T00:15:08.811+0000] {processor.py:840} INFO - DAG(s) 'example_params_ui_tutorial' retrieved from /home/airflow/.local/lib/python3.12/site-packages/airflow/example_dags/example_params_ui_tutorial.py
[2024-08-05T00:15:08.845+0000] {logging_mixin.py:188} INFO - [2024-08-05T00:15:08.845+0000] {dag.py:3089} INFO - Sync 1 DAGs
[2024-08-05T00:15:08.852+0000] {logging_mixin.py:188} INFO - [2024-08-05T00:15:08.852+0000] {dag.py:3947} INFO - Setting next_dagrun for example_params_ui_tutorial to None, run_after=None
[2024-08-05T00:15:08.862+0000] {processor.py:183} INFO - Processing /home/airflow/.local/lib/python3.12/site-packages/airflow/example_dags/example_params_ui_tutorial.py took 0.066 seconds
[2024-08-05T00:15:39.964+0000] {processor.py:161} INFO - Started process (PID=14973) to work on /home/airflow/.local/lib/python3.12/site-packages/airflow/example_dags/example_params_ui_tutorial.py
[2024-08-05T00:15:39.965+0000] {processor.py:830} INFO - Processing file /home/airflow/.local/lib/python3.12/site-packages/airflow/example_dags/example_params_ui_tutorial.py for tasks to queue
[2024-08-05T00:15:39.965+0000] {logging_mixin.py:188} INFO - [2024-08-05T00:15:39.965+0000] {dagbag.py:545} INFO - Filling up the DagBag from /home/airflow/.local/lib/python3.12/site-packages/airflow/example_dags/example_params_ui_tutorial.py
[2024-08-05T00:15:39.970+0000] {processor.py:840} INFO - DAG(s) 'example_params_ui_tutorial' retrieved from /home/airflow/.local/lib/python3.12/site-packages/airflow/example_dags/example_params_ui_tutorial.py
[2024-08-05T00:15:39.997+0000] {logging_mixin.py:188} INFO - [2024-08-05T00:15:39.997+0000] {dag.py:3089} INFO - Sync 1 DAGs
[2024-08-05T00:15:40.003+0000] {logging_mixin.py:188} INFO - [2024-08-05T00:15:40.003+0000] {dag.py:3947} INFO - Setting next_dagrun for example_params_ui_tutorial to None, run_after=None
[2024-08-05T00:15:40.012+0000] {processor.py:183} INFO - Processing /home/airflow/.local/lib/python3.12/site-packages/airflow/example_dags/example_params_ui_tutorial.py took 0.051 seconds
[2024-08-05T00:16:10.525+0000] {processor.py:161} INFO - Started process (PID=15044) to work on /home/airflow/.local/lib/python3.12/site-packages/airflow/example_dags/example_params_ui_tutorial.py
[2024-08-05T00:16:10.527+0000] {processor.py:830} INFO - Processing file /home/airflow/.local/lib/python3.12/site-packages/airflow/example_dags/example_params_ui_tutorial.py for tasks to queue
[2024-08-05T00:16:10.528+0000] {logging_mixin.py:188} INFO - [2024-08-05T00:16:10.528+0000] {dagbag.py:545} INFO - Filling up the DagBag from /home/airflow/.local/lib/python3.12/site-packages/airflow/example_dags/example_params_ui_tutorial.py
[2024-08-05T00:16:10.537+0000] {processor.py:840} INFO - DAG(s) 'example_params_ui_tutorial' retrieved from /home/airflow/.local/lib/python3.12/site-packages/airflow/example_dags/example_params_ui_tutorial.py
[2024-08-05T00:16:10.602+0000] {logging_mixin.py:188} INFO - [2024-08-05T00:16:10.602+0000] {dag.py:3089} INFO - Sync 1 DAGs
[2024-08-05T00:16:10.614+0000] {logging_mixin.py:188} INFO - [2024-08-05T00:16:10.614+0000] {dag.py:3947} INFO - Setting next_dagrun for example_params_ui_tutorial to None, run_after=None
[2024-08-05T00:16:10.635+0000] {processor.py:183} INFO - Processing /home/airflow/.local/lib/python3.12/site-packages/airflow/example_dags/example_params_ui_tutorial.py took 0.113 seconds
[2024-08-05T00:16:41.646+0000] {processor.py:161} INFO - Started process (PID=15105) to work on /home/airflow/.local/lib/python3.12/site-packages/airflow/example_dags/example_params_ui_tutorial.py
[2024-08-05T00:16:41.648+0000] {processor.py:830} INFO - Processing file /home/airflow/.local/lib/python3.12/site-packages/airflow/example_dags/example_params_ui_tutorial.py for tasks to queue
[2024-08-05T00:16:41.648+0000] {logging_mixin.py:188} INFO - [2024-08-05T00:16:41.648+0000] {dagbag.py:545} INFO - Filling up the DagBag from /home/airflow/.local/lib/python3.12/site-packages/airflow/example_dags/example_params_ui_tutorial.py
[2024-08-05T00:16:41.656+0000] {processor.py:840} INFO - DAG(s) 'example_params_ui_tutorial' retrieved from /home/airflow/.local/lib/python3.12/site-packages/airflow/example_dags/example_params_ui_tutorial.py
[2024-08-05T00:16:41.689+0000] {logging_mixin.py:188} INFO - [2024-08-05T00:16:41.689+0000] {dag.py:3089} INFO - Sync 1 DAGs
[2024-08-05T00:16:41.696+0000] {logging_mixin.py:188} INFO - [2024-08-05T00:16:41.696+0000] {dag.py:3947} INFO - Setting next_dagrun for example_params_ui_tutorial to None, run_after=None
[2024-08-05T00:16:41.709+0000] {processor.py:183} INFO - Processing /home/airflow/.local/lib/python3.12/site-packages/airflow/example_dags/example_params_ui_tutorial.py took 0.067 seconds
[2024-08-05T00:17:12.638+0000] {processor.py:161} INFO - Started process (PID=15166) to work on /home/airflow/.local/lib/python3.12/site-packages/airflow/example_dags/example_params_ui_tutorial.py
[2024-08-05T00:17:12.640+0000] {processor.py:830} INFO - Processing file /home/airflow/.local/lib/python3.12/site-packages/airflow/example_dags/example_params_ui_tutorial.py for tasks to queue
[2024-08-05T00:17:12.641+0000] {logging_mixin.py:188} INFO - [2024-08-05T00:17:12.641+0000] {dagbag.py:545} INFO - Filling up the DagBag from /home/airflow/.local/lib/python3.12/site-packages/airflow/example_dags/example_params_ui_tutorial.py
[2024-08-05T00:17:12.649+0000] {processor.py:840} INFO - DAG(s) 'example_params_ui_tutorial' retrieved from /home/airflow/.local/lib/python3.12/site-packages/airflow/example_dags/example_params_ui_tutorial.py
[2024-08-05T00:17:12.684+0000] {logging_mixin.py:188} INFO - [2024-08-05T00:17:12.684+0000] {dag.py:3089} INFO - Sync 1 DAGs
[2024-08-05T00:17:12.690+0000] {logging_mixin.py:188} INFO - [2024-08-05T00:17:12.690+0000] {dag.py:3947} INFO - Setting next_dagrun for example_params_ui_tutorial to None, run_after=None
[2024-08-05T00:17:12.701+0000] {processor.py:183} INFO - Processing /home/airflow/.local/lib/python3.12/site-packages/airflow/example_dags/example_params_ui_tutorial.py took 0.068 seconds
[2024-08-05T00:17:42.913+0000] {processor.py:161} INFO - Started process (PID=15237) to work on /home/airflow/.local/lib/python3.12/site-packages/airflow/example_dags/example_params_ui_tutorial.py
[2024-08-05T00:17:42.917+0000] {processor.py:830} INFO - Processing file /home/airflow/.local/lib/python3.12/site-packages/airflow/example_dags/example_params_ui_tutorial.py for tasks to queue
[2024-08-05T00:17:42.918+0000] {logging_mixin.py:188} INFO - [2024-08-05T00:17:42.918+0000] {dagbag.py:545} INFO - Filling up the DagBag from /home/airflow/.local/lib/python3.12/site-packages/airflow/example_dags/example_params_ui_tutorial.py
[2024-08-05T00:17:42.923+0000] {processor.py:840} INFO - DAG(s) 'example_params_ui_tutorial' retrieved from /home/airflow/.local/lib/python3.12/site-packages/airflow/example_dags/example_params_ui_tutorial.py
[2024-08-05T00:17:42.961+0000] {logging_mixin.py:188} INFO - [2024-08-05T00:17:42.961+0000] {dag.py:3089} INFO - Sync 1 DAGs
[2024-08-05T00:17:42.973+0000] {logging_mixin.py:188} INFO - [2024-08-05T00:17:42.973+0000] {dag.py:3947} INFO - Setting next_dagrun for example_params_ui_tutorial to None, run_after=None
[2024-08-05T00:17:42.990+0000] {processor.py:183} INFO - Processing /home/airflow/.local/lib/python3.12/site-packages/airflow/example_dags/example_params_ui_tutorial.py took 0.081 seconds
[2024-08-05T00:18:13.671+0000] {processor.py:161} INFO - Started process (PID=15298) to work on /home/airflow/.local/lib/python3.12/site-packages/airflow/example_dags/example_params_ui_tutorial.py
[2024-08-05T00:18:13.672+0000] {processor.py:830} INFO - Processing file /home/airflow/.local/lib/python3.12/site-packages/airflow/example_dags/example_params_ui_tutorial.py for tasks to queue
[2024-08-05T00:18:13.675+0000] {logging_mixin.py:188} INFO - [2024-08-05T00:18:13.675+0000] {dagbag.py:545} INFO - Filling up the DagBag from /home/airflow/.local/lib/python3.12/site-packages/airflow/example_dags/example_params_ui_tutorial.py
[2024-08-05T00:18:13.681+0000] {processor.py:840} INFO - DAG(s) 'example_params_ui_tutorial' retrieved from /home/airflow/.local/lib/python3.12/site-packages/airflow/example_dags/example_params_ui_tutorial.py
[2024-08-05T00:18:13.721+0000] {logging_mixin.py:188} INFO - [2024-08-05T00:18:13.720+0000] {dag.py:3089} INFO - Sync 1 DAGs
[2024-08-05T00:18:13.732+0000] {logging_mixin.py:188} INFO - [2024-08-05T00:18:13.732+0000] {dag.py:3947} INFO - Setting next_dagrun for example_params_ui_tutorial to None, run_after=None
[2024-08-05T00:18:13.747+0000] {processor.py:183} INFO - Processing /home/airflow/.local/lib/python3.12/site-packages/airflow/example_dags/example_params_ui_tutorial.py took 0.080 seconds
[2024-08-05T00:18:44.045+0000] {processor.py:161} INFO - Started process (PID=15359) to work on /home/airflow/.local/lib/python3.12/site-packages/airflow/example_dags/example_params_ui_tutorial.py
[2024-08-05T00:18:44.048+0000] {processor.py:830} INFO - Processing file /home/airflow/.local/lib/python3.12/site-packages/airflow/example_dags/example_params_ui_tutorial.py for tasks to queue
[2024-08-05T00:18:44.051+0000] {logging_mixin.py:188} INFO - [2024-08-05T00:18:44.050+0000] {dagbag.py:545} INFO - Filling up the DagBag from /home/airflow/.local/lib/python3.12/site-packages/airflow/example_dags/example_params_ui_tutorial.py
[2024-08-05T00:18:44.068+0000] {processor.py:840} INFO - DAG(s) 'example_params_ui_tutorial' retrieved from /home/airflow/.local/lib/python3.12/site-packages/airflow/example_dags/example_params_ui_tutorial.py
[2024-08-05T00:18:44.111+0000] {logging_mixin.py:188} INFO - [2024-08-05T00:18:44.111+0000] {dag.py:3089} INFO - Sync 1 DAGs
[2024-08-05T00:18:44.119+0000] {logging_mixin.py:188} INFO - [2024-08-05T00:18:44.119+0000] {dag.py:3947} INFO - Setting next_dagrun for example_params_ui_tutorial to None, run_after=None
[2024-08-05T00:18:44.133+0000] {processor.py:183} INFO - Processing /home/airflow/.local/lib/python3.12/site-packages/airflow/example_dags/example_params_ui_tutorial.py took 0.093 seconds
[2024-08-05T00:19:14.616+0000] {processor.py:161} INFO - Started process (PID=15420) to work on /home/airflow/.local/lib/python3.12/site-packages/airflow/example_dags/example_params_ui_tutorial.py
[2024-08-05T00:19:14.619+0000] {processor.py:830} INFO - Processing file /home/airflow/.local/lib/python3.12/site-packages/airflow/example_dags/example_params_ui_tutorial.py for tasks to queue
[2024-08-05T00:19:14.621+0000] {logging_mixin.py:188} INFO - [2024-08-05T00:19:14.621+0000] {dagbag.py:545} INFO - Filling up the DagBag from /home/airflow/.local/lib/python3.12/site-packages/airflow/example_dags/example_params_ui_tutorial.py
[2024-08-05T00:19:14.628+0000] {processor.py:840} INFO - DAG(s) 'example_params_ui_tutorial' retrieved from /home/airflow/.local/lib/python3.12/site-packages/airflow/example_dags/example_params_ui_tutorial.py
[2024-08-05T00:19:14.671+0000] {logging_mixin.py:188} INFO - [2024-08-05T00:19:14.671+0000] {dag.py:3089} INFO - Sync 1 DAGs
[2024-08-05T00:19:14.682+0000] {logging_mixin.py:188} INFO - [2024-08-05T00:19:14.681+0000] {dag.py:3947} INFO - Setting next_dagrun for example_params_ui_tutorial to None, run_after=None
[2024-08-05T00:19:14.699+0000] {processor.py:183} INFO - Processing /home/airflow/.local/lib/python3.12/site-packages/airflow/example_dags/example_params_ui_tutorial.py took 0.087 seconds
[2024-08-05T00:19:45.842+0000] {processor.py:161} INFO - Started process (PID=15483) to work on /home/airflow/.local/lib/python3.12/site-packages/airflow/example_dags/example_params_ui_tutorial.py
[2024-08-05T00:19:45.844+0000] {processor.py:830} INFO - Processing file /home/airflow/.local/lib/python3.12/site-packages/airflow/example_dags/example_params_ui_tutorial.py for tasks to queue
[2024-08-05T00:19:45.851+0000] {logging_mixin.py:188} INFO - [2024-08-05T00:19:45.848+0000] {dagbag.py:545} INFO - Filling up the DagBag from /home/airflow/.local/lib/python3.12/site-packages/airflow/example_dags/example_params_ui_tutorial.py
[2024-08-05T00:19:45.865+0000] {processor.py:840} INFO - DAG(s) 'example_params_ui_tutorial' retrieved from /home/airflow/.local/lib/python3.12/site-packages/airflow/example_dags/example_params_ui_tutorial.py
[2024-08-05T00:19:45.947+0000] {logging_mixin.py:188} INFO - [2024-08-05T00:19:45.947+0000] {dag.py:3089} INFO - Sync 1 DAGs
[2024-08-05T00:19:45.964+0000] {logging_mixin.py:188} INFO - [2024-08-05T00:19:45.963+0000] {dag.py:3947} INFO - Setting next_dagrun for example_params_ui_tutorial to None, run_after=None
[2024-08-05T00:19:45.998+0000] {processor.py:183} INFO - Processing /home/airflow/.local/lib/python3.12/site-packages/airflow/example_dags/example_params_ui_tutorial.py took 0.165 seconds
[2024-08-05T00:20:17.232+0000] {processor.py:161} INFO - Started process (PID=15555) to work on /home/airflow/.local/lib/python3.12/site-packages/airflow/example_dags/example_params_ui_tutorial.py
[2024-08-05T00:20:17.237+0000] {processor.py:830} INFO - Processing file /home/airflow/.local/lib/python3.12/site-packages/airflow/example_dags/example_params_ui_tutorial.py for tasks to queue
[2024-08-05T00:20:17.243+0000] {logging_mixin.py:188} INFO - [2024-08-05T00:20:17.241+0000] {dagbag.py:545} INFO - Filling up the DagBag from /home/airflow/.local/lib/python3.12/site-packages/airflow/example_dags/example_params_ui_tutorial.py
[2024-08-05T00:20:17.251+0000] {processor.py:840} INFO - DAG(s) 'example_params_ui_tutorial' retrieved from /home/airflow/.local/lib/python3.12/site-packages/airflow/example_dags/example_params_ui_tutorial.py
[2024-08-05T00:20:17.339+0000] {logging_mixin.py:188} INFO - [2024-08-05T00:20:17.339+0000] {dag.py:3089} INFO - Sync 1 DAGs
[2024-08-05T00:20:17.352+0000] {logging_mixin.py:188} INFO - [2024-08-05T00:20:17.352+0000] {dag.py:3947} INFO - Setting next_dagrun for example_params_ui_tutorial to None, run_after=None
[2024-08-05T00:20:17.367+0000] {processor.py:183} INFO - Processing /home/airflow/.local/lib/python3.12/site-packages/airflow/example_dags/example_params_ui_tutorial.py took 0.149 seconds
[2024-08-05T00:20:47.521+0000] {processor.py:161} INFO - Started process (PID=15626) to work on /home/airflow/.local/lib/python3.12/site-packages/airflow/example_dags/example_params_ui_tutorial.py
[2024-08-05T00:20:47.522+0000] {processor.py:830} INFO - Processing file /home/airflow/.local/lib/python3.12/site-packages/airflow/example_dags/example_params_ui_tutorial.py for tasks to queue
[2024-08-05T00:20:47.523+0000] {logging_mixin.py:188} INFO - [2024-08-05T00:20:47.522+0000] {dagbag.py:545} INFO - Filling up the DagBag from /home/airflow/.local/lib/python3.12/site-packages/airflow/example_dags/example_params_ui_tutorial.py
[2024-08-05T00:20:47.528+0000] {processor.py:840} INFO - DAG(s) 'example_params_ui_tutorial' retrieved from /home/airflow/.local/lib/python3.12/site-packages/airflow/example_dags/example_params_ui_tutorial.py
[2024-08-05T00:20:47.632+0000] {logging_mixin.py:188} INFO - [2024-08-05T00:20:47.632+0000] {dag.py:3089} INFO - Sync 1 DAGs
[2024-08-05T00:20:47.658+0000] {logging_mixin.py:188} INFO - [2024-08-05T00:20:47.657+0000] {dag.py:3947} INFO - Setting next_dagrun for example_params_ui_tutorial to None, run_after=None
[2024-08-05T00:20:47.791+0000] {processor.py:183} INFO - Processing /home/airflow/.local/lib/python3.12/site-packages/airflow/example_dags/example_params_ui_tutorial.py took 0.276 seconds
[2024-08-05T00:21:18.852+0000] {processor.py:161} INFO - Started process (PID=15693) to work on /home/airflow/.local/lib/python3.12/site-packages/airflow/example_dags/example_params_ui_tutorial.py
[2024-08-05T00:21:18.859+0000] {processor.py:830} INFO - Processing file /home/airflow/.local/lib/python3.12/site-packages/airflow/example_dags/example_params_ui_tutorial.py for tasks to queue
[2024-08-05T00:21:18.862+0000] {logging_mixin.py:188} INFO - [2024-08-05T00:21:18.861+0000] {dagbag.py:545} INFO - Filling up the DagBag from /home/airflow/.local/lib/python3.12/site-packages/airflow/example_dags/example_params_ui_tutorial.py
[2024-08-05T00:21:18.883+0000] {processor.py:840} INFO - DAG(s) 'example_params_ui_tutorial' retrieved from /home/airflow/.local/lib/python3.12/site-packages/airflow/example_dags/example_params_ui_tutorial.py
[2024-08-05T00:21:18.979+0000] {logging_mixin.py:188} INFO - [2024-08-05T00:21:18.979+0000] {dag.py:3089} INFO - Sync 1 DAGs
[2024-08-05T00:21:19.166+0000] {logging_mixin.py:188} INFO - [2024-08-05T00:21:19.105+0000] {dag.py:3947} INFO - Setting next_dagrun for example_params_ui_tutorial to None, run_after=None
[2024-08-05T00:21:19.277+0000] {processor.py:183} INFO - Processing /home/airflow/.local/lib/python3.12/site-packages/airflow/example_dags/example_params_ui_tutorial.py took 0.431 seconds
[2024-08-05T00:21:50.143+0000] {processor.py:161} INFO - Started process (PID=15753) to work on /home/airflow/.local/lib/python3.12/site-packages/airflow/example_dags/example_params_ui_tutorial.py
[2024-08-05T00:21:50.144+0000] {processor.py:830} INFO - Processing file /home/airflow/.local/lib/python3.12/site-packages/airflow/example_dags/example_params_ui_tutorial.py for tasks to queue
[2024-08-05T00:21:50.145+0000] {logging_mixin.py:188} INFO - [2024-08-05T00:21:50.145+0000] {dagbag.py:545} INFO - Filling up the DagBag from /home/airflow/.local/lib/python3.12/site-packages/airflow/example_dags/example_params_ui_tutorial.py
[2024-08-05T00:21:50.152+0000] {processor.py:840} INFO - DAG(s) 'example_params_ui_tutorial' retrieved from /home/airflow/.local/lib/python3.12/site-packages/airflow/example_dags/example_params_ui_tutorial.py
[2024-08-05T00:21:50.217+0000] {logging_mixin.py:188} INFO - [2024-08-05T00:21:50.217+0000] {dag.py:3089} INFO - Sync 1 DAGs
[2024-08-05T00:21:50.225+0000] {logging_mixin.py:188} INFO - [2024-08-05T00:21:50.225+0000] {dag.py:3947} INFO - Setting next_dagrun for example_params_ui_tutorial to None, run_after=None
[2024-08-05T00:21:50.238+0000] {processor.py:183} INFO - Processing /home/airflow/.local/lib/python3.12/site-packages/airflow/example_dags/example_params_ui_tutorial.py took 0.100 seconds
[2024-08-05T00:22:20.671+0000] {processor.py:161} INFO - Started process (PID=15814) to work on /home/airflow/.local/lib/python3.12/site-packages/airflow/example_dags/example_params_ui_tutorial.py
[2024-08-05T00:22:20.674+0000] {processor.py:830} INFO - Processing file /home/airflow/.local/lib/python3.12/site-packages/airflow/example_dags/example_params_ui_tutorial.py for tasks to queue
[2024-08-05T00:22:20.678+0000] {logging_mixin.py:188} INFO - [2024-08-05T00:22:20.678+0000] {dagbag.py:545} INFO - Filling up the DagBag from /home/airflow/.local/lib/python3.12/site-packages/airflow/example_dags/example_params_ui_tutorial.py
[2024-08-05T00:22:20.687+0000] {processor.py:840} INFO - DAG(s) 'example_params_ui_tutorial' retrieved from /home/airflow/.local/lib/python3.12/site-packages/airflow/example_dags/example_params_ui_tutorial.py
[2024-08-05T00:22:20.730+0000] {logging_mixin.py:188} INFO - [2024-08-05T00:22:20.730+0000] {dag.py:3089} INFO - Sync 1 DAGs
[2024-08-05T00:22:20.739+0000] {logging_mixin.py:188} INFO - [2024-08-05T00:22:20.739+0000] {dag.py:3947} INFO - Setting next_dagrun for example_params_ui_tutorial to None, run_after=None
[2024-08-05T00:22:20.749+0000] {processor.py:183} INFO - Processing /home/airflow/.local/lib/python3.12/site-packages/airflow/example_dags/example_params_ui_tutorial.py took 0.086 seconds
