[2024-08-05T00:00:18.955+0000] {processor.py:161} INFO - Started process (PID=13093) to work on /home/airflow/.local/lib/python3.12/site-packages/airflow/example_dags/tutorial.py
[2024-08-05T00:00:18.956+0000] {processor.py:830} INFO - Processing file /home/airflow/.local/lib/python3.12/site-packages/airflow/example_dags/tutorial.py for tasks to queue
[2024-08-05T00:00:18.958+0000] {logging_mixin.py:188} INFO - [2024-08-05T00:00:18.957+0000] {dagbag.py:545} INFO - Filling up the DagBag from /home/airflow/.local/lib/python3.12/site-packages/airflow/example_dags/tutorial.py
[2024-08-05T00:00:18.971+0000] {processor.py:840} INFO - DAG(s) 'tutorial' retrieved from /home/airflow/.local/lib/python3.12/site-packages/airflow/example_dags/tutorial.py
[2024-08-05T00:00:19.028+0000] {logging_mixin.py:188} INFO - [2024-08-05T00:00:19.028+0000] {dag.py:3089} INFO - Sync 1 DAGs
[2024-08-05T00:00:19.094+0000] {logging_mixin.py:188} INFO - [2024-08-05T00:00:19.094+0000] {dag.py:3947} INFO - Setting next_dagrun for tutorial to 2024-08-04 00:00:00+00:00, run_after=2024-08-05 00:00:00+00:00
[2024-08-05T00:00:19.140+0000] {processor.py:183} INFO - Processing /home/airflow/.local/lib/python3.12/site-packages/airflow/example_dags/tutorial.py took 0.201 seconds
[2024-08-05T00:00:49.253+0000] {processor.py:161} INFO - Started process (PID=13156) to work on /home/airflow/.local/lib/python3.12/site-packages/airflow/example_dags/tutorial.py
[2024-08-05T00:00:49.258+0000] {processor.py:830} INFO - Processing file /home/airflow/.local/lib/python3.12/site-packages/airflow/example_dags/tutorial.py for tasks to queue
[2024-08-05T00:00:49.259+0000] {logging_mixin.py:188} INFO - [2024-08-05T00:00:49.259+0000] {dagbag.py:545} INFO - Filling up the DagBag from /home/airflow/.local/lib/python3.12/site-packages/airflow/example_dags/tutorial.py
[2024-08-05T00:00:49.285+0000] {processor.py:840} INFO - DAG(s) 'tutorial' retrieved from /home/airflow/.local/lib/python3.12/site-packages/airflow/example_dags/tutorial.py
[2024-08-05T00:00:49.332+0000] {logging_mixin.py:188} INFO - [2024-08-05T00:00:49.332+0000] {dag.py:3089} INFO - Sync 1 DAGs
[2024-08-05T00:00:49.397+0000] {logging_mixin.py:188} INFO - [2024-08-05T00:00:49.396+0000] {dag.py:3947} INFO - Setting next_dagrun for tutorial to 2024-08-04 00:00:00+00:00, run_after=2024-08-05 00:00:00+00:00
[2024-08-05T00:00:49.415+0000] {processor.py:183} INFO - Processing /home/airflow/.local/lib/python3.12/site-packages/airflow/example_dags/tutorial.py took 0.182 seconds
[2024-08-05T00:01:20.342+0000] {processor.py:161} INFO - Started process (PID=13222) to work on /home/airflow/.local/lib/python3.12/site-packages/airflow/example_dags/tutorial.py
[2024-08-05T00:01:20.344+0000] {processor.py:830} INFO - Processing file /home/airflow/.local/lib/python3.12/site-packages/airflow/example_dags/tutorial.py for tasks to queue
[2024-08-05T00:01:20.346+0000] {logging_mixin.py:188} INFO - [2024-08-05T00:01:20.345+0000] {dagbag.py:545} INFO - Filling up the DagBag from /home/airflow/.local/lib/python3.12/site-packages/airflow/example_dags/tutorial.py
[2024-08-05T00:01:20.357+0000] {processor.py:840} INFO - DAG(s) 'tutorial' retrieved from /home/airflow/.local/lib/python3.12/site-packages/airflow/example_dags/tutorial.py
[2024-08-05T00:01:20.431+0000] {logging_mixin.py:188} INFO - [2024-08-05T00:01:20.431+0000] {dag.py:3089} INFO - Sync 1 DAGs
[2024-08-05T00:01:20.450+0000] {logging_mixin.py:188} INFO - [2024-08-05T00:01:20.450+0000] {dag.py:3947} INFO - Setting next_dagrun for tutorial to 2024-08-04 00:00:00+00:00, run_after=2024-08-05 00:00:00+00:00
[2024-08-05T00:01:20.483+0000] {processor.py:183} INFO - Processing /home/airflow/.local/lib/python3.12/site-packages/airflow/example_dags/tutorial.py took 0.154 seconds
[2024-08-05T00:01:51.420+0000] {processor.py:161} INFO - Started process (PID=13293) to work on /home/airflow/.local/lib/python3.12/site-packages/airflow/example_dags/tutorial.py
[2024-08-05T00:01:51.422+0000] {processor.py:830} INFO - Processing file /home/airflow/.local/lib/python3.12/site-packages/airflow/example_dags/tutorial.py for tasks to queue
[2024-08-05T00:01:51.424+0000] {logging_mixin.py:188} INFO - [2024-08-05T00:01:51.423+0000] {dagbag.py:545} INFO - Filling up the DagBag from /home/airflow/.local/lib/python3.12/site-packages/airflow/example_dags/tutorial.py
[2024-08-05T00:01:51.434+0000] {processor.py:840} INFO - DAG(s) 'tutorial' retrieved from /home/airflow/.local/lib/python3.12/site-packages/airflow/example_dags/tutorial.py
[2024-08-05T00:01:51.460+0000] {logging_mixin.py:188} INFO - [2024-08-05T00:01:51.459+0000] {dag.py:3089} INFO - Sync 1 DAGs
[2024-08-05T00:01:51.477+0000] {logging_mixin.py:188} INFO - [2024-08-05T00:01:51.477+0000] {dag.py:3947} INFO - Setting next_dagrun for tutorial to 2024-08-04 00:00:00+00:00, run_after=2024-08-05 00:00:00+00:00
[2024-08-05T00:01:51.490+0000] {processor.py:183} INFO - Processing /home/airflow/.local/lib/python3.12/site-packages/airflow/example_dags/tutorial.py took 0.081 seconds
[2024-08-05T00:02:21.990+0000] {processor.py:161} INFO - Started process (PID=13354) to work on /home/airflow/.local/lib/python3.12/site-packages/airflow/example_dags/tutorial.py
[2024-08-05T00:02:21.991+0000] {processor.py:830} INFO - Processing file /home/airflow/.local/lib/python3.12/site-packages/airflow/example_dags/tutorial.py for tasks to queue
[2024-08-05T00:02:21.994+0000] {logging_mixin.py:188} INFO - [2024-08-05T00:02:21.994+0000] {dagbag.py:545} INFO - Filling up the DagBag from /home/airflow/.local/lib/python3.12/site-packages/airflow/example_dags/tutorial.py
[2024-08-05T00:02:22.008+0000] {processor.py:840} INFO - DAG(s) 'tutorial' retrieved from /home/airflow/.local/lib/python3.12/site-packages/airflow/example_dags/tutorial.py
[2024-08-05T00:02:22.066+0000] {logging_mixin.py:188} INFO - [2024-08-05T00:02:22.066+0000] {dag.py:3089} INFO - Sync 1 DAGs
[2024-08-05T00:02:22.098+0000] {logging_mixin.py:188} INFO - [2024-08-05T00:02:22.097+0000] {dag.py:3947} INFO - Setting next_dagrun for tutorial to 2024-08-04 00:00:00+00:00, run_after=2024-08-05 00:00:00+00:00
[2024-08-05T00:02:22.116+0000] {processor.py:183} INFO - Processing /home/airflow/.local/lib/python3.12/site-packages/airflow/example_dags/tutorial.py took 0.136 seconds
[2024-08-05T00:02:52.243+0000] {processor.py:161} INFO - Started process (PID=13415) to work on /home/airflow/.local/lib/python3.12/site-packages/airflow/example_dags/tutorial.py
[2024-08-05T00:02:52.245+0000] {processor.py:830} INFO - Processing file /home/airflow/.local/lib/python3.12/site-packages/airflow/example_dags/tutorial.py for tasks to queue
[2024-08-05T00:02:52.246+0000] {logging_mixin.py:188} INFO - [2024-08-05T00:02:52.246+0000] {dagbag.py:545} INFO - Filling up the DagBag from /home/airflow/.local/lib/python3.12/site-packages/airflow/example_dags/tutorial.py
[2024-08-05T00:02:52.255+0000] {processor.py:840} INFO - DAG(s) 'tutorial' retrieved from /home/airflow/.local/lib/python3.12/site-packages/airflow/example_dags/tutorial.py
[2024-08-05T00:02:52.276+0000] {logging_mixin.py:188} INFO - [2024-08-05T00:02:52.276+0000] {dag.py:3089} INFO - Sync 1 DAGs
[2024-08-05T00:02:52.292+0000] {logging_mixin.py:188} INFO - [2024-08-05T00:02:52.292+0000] {dag.py:3947} INFO - Setting next_dagrun for tutorial to 2024-08-04 00:00:00+00:00, run_after=2024-08-05 00:00:00+00:00
[2024-08-05T00:02:52.309+0000] {processor.py:183} INFO - Processing /home/airflow/.local/lib/python3.12/site-packages/airflow/example_dags/tutorial.py took 0.078 seconds
[2024-08-05T00:03:23.228+0000] {processor.py:161} INFO - Started process (PID=13476) to work on /home/airflow/.local/lib/python3.12/site-packages/airflow/example_dags/tutorial.py
[2024-08-05T00:03:23.229+0000] {processor.py:830} INFO - Processing file /home/airflow/.local/lib/python3.12/site-packages/airflow/example_dags/tutorial.py for tasks to queue
[2024-08-05T00:03:23.231+0000] {logging_mixin.py:188} INFO - [2024-08-05T00:03:23.230+0000] {dagbag.py:545} INFO - Filling up the DagBag from /home/airflow/.local/lib/python3.12/site-packages/airflow/example_dags/tutorial.py
[2024-08-05T00:03:23.239+0000] {processor.py:840} INFO - DAG(s) 'tutorial' retrieved from /home/airflow/.local/lib/python3.12/site-packages/airflow/example_dags/tutorial.py
[2024-08-05T00:03:23.259+0000] {logging_mixin.py:188} INFO - [2024-08-05T00:03:23.259+0000] {dag.py:3089} INFO - Sync 1 DAGs
[2024-08-05T00:03:23.271+0000] {logging_mixin.py:188} INFO - [2024-08-05T00:03:23.271+0000] {dag.py:3947} INFO - Setting next_dagrun for tutorial to 2024-08-04 00:00:00+00:00, run_after=2024-08-05 00:00:00+00:00
[2024-08-05T00:03:23.284+0000] {processor.py:183} INFO - Processing /home/airflow/.local/lib/python3.12/site-packages/airflow/example_dags/tutorial.py took 0.069 seconds
[2024-08-05T00:03:53.570+0000] {processor.py:161} INFO - Started process (PID=13537) to work on /home/airflow/.local/lib/python3.12/site-packages/airflow/example_dags/tutorial.py
[2024-08-05T00:03:53.571+0000] {processor.py:830} INFO - Processing file /home/airflow/.local/lib/python3.12/site-packages/airflow/example_dags/tutorial.py for tasks to queue
[2024-08-05T00:03:53.573+0000] {logging_mixin.py:188} INFO - [2024-08-05T00:03:53.573+0000] {dagbag.py:545} INFO - Filling up the DagBag from /home/airflow/.local/lib/python3.12/site-packages/airflow/example_dags/tutorial.py
[2024-08-05T00:03:53.590+0000] {processor.py:840} INFO - DAG(s) 'tutorial' retrieved from /home/airflow/.local/lib/python3.12/site-packages/airflow/example_dags/tutorial.py
[2024-08-05T00:03:53.668+0000] {logging_mixin.py:188} INFO - [2024-08-05T00:03:53.667+0000] {dag.py:3089} INFO - Sync 1 DAGs
[2024-08-05T00:03:53.711+0000] {logging_mixin.py:188} INFO - [2024-08-05T00:03:53.710+0000] {dag.py:3947} INFO - Setting next_dagrun for tutorial to 2024-08-04 00:00:00+00:00, run_after=2024-08-05 00:00:00+00:00
[2024-08-05T00:03:53.734+0000] {processor.py:183} INFO - Processing /home/airflow/.local/lib/python3.12/site-packages/airflow/example_dags/tutorial.py took 0.173 seconds
[2024-08-05T00:04:24.691+0000] {processor.py:161} INFO - Started process (PID=13598) to work on /home/airflow/.local/lib/python3.12/site-packages/airflow/example_dags/tutorial.py
[2024-08-05T00:04:24.694+0000] {processor.py:830} INFO - Processing file /home/airflow/.local/lib/python3.12/site-packages/airflow/example_dags/tutorial.py for tasks to queue
[2024-08-05T00:04:24.695+0000] {logging_mixin.py:188} INFO - [2024-08-05T00:04:24.695+0000] {dagbag.py:545} INFO - Filling up the DagBag from /home/airflow/.local/lib/python3.12/site-packages/airflow/example_dags/tutorial.py
[2024-08-05T00:04:24.705+0000] {processor.py:840} INFO - DAG(s) 'tutorial' retrieved from /home/airflow/.local/lib/python3.12/site-packages/airflow/example_dags/tutorial.py
[2024-08-05T00:04:24.734+0000] {logging_mixin.py:188} INFO - [2024-08-05T00:04:24.734+0000] {dag.py:3089} INFO - Sync 1 DAGs
[2024-08-05T00:04:24.751+0000] {logging_mixin.py:188} INFO - [2024-08-05T00:04:24.751+0000] {dag.py:3947} INFO - Setting next_dagrun for tutorial to 2024-08-04 00:00:00+00:00, run_after=2024-08-05 00:00:00+00:00
[2024-08-05T00:04:24.767+0000] {processor.py:183} INFO - Processing /home/airflow/.local/lib/python3.12/site-packages/airflow/example_dags/tutorial.py took 0.082 seconds
[2024-08-05T00:04:54.940+0000] {processor.py:161} INFO - Started process (PID=13659) to work on /home/airflow/.local/lib/python3.12/site-packages/airflow/example_dags/tutorial.py
[2024-08-05T00:04:54.946+0000] {processor.py:830} INFO - Processing file /home/airflow/.local/lib/python3.12/site-packages/airflow/example_dags/tutorial.py for tasks to queue
[2024-08-05T00:04:54.947+0000] {logging_mixin.py:188} INFO - [2024-08-05T00:04:54.947+0000] {dagbag.py:545} INFO - Filling up the DagBag from /home/airflow/.local/lib/python3.12/site-packages/airflow/example_dags/tutorial.py
[2024-08-05T00:04:54.956+0000] {processor.py:840} INFO - DAG(s) 'tutorial' retrieved from /home/airflow/.local/lib/python3.12/site-packages/airflow/example_dags/tutorial.py
[2024-08-05T00:04:54.979+0000] {logging_mixin.py:188} INFO - [2024-08-05T00:04:54.979+0000] {dag.py:3089} INFO - Sync 1 DAGs
[2024-08-05T00:04:54.993+0000] {logging_mixin.py:188} INFO - [2024-08-05T00:04:54.993+0000] {dag.py:3947} INFO - Setting next_dagrun for tutorial to 2024-08-04 00:00:00+00:00, run_after=2024-08-05 00:00:00+00:00
[2024-08-05T00:04:55.005+0000] {processor.py:183} INFO - Processing /home/airflow/.local/lib/python3.12/site-packages/airflow/example_dags/tutorial.py took 0.074 seconds
[2024-08-05T00:05:25.527+0000] {processor.py:161} INFO - Started process (PID=13720) to work on /home/airflow/.local/lib/python3.12/site-packages/airflow/example_dags/tutorial.py
[2024-08-05T00:05:25.530+0000] {processor.py:830} INFO - Processing file /home/airflow/.local/lib/python3.12/site-packages/airflow/example_dags/tutorial.py for tasks to queue
[2024-08-05T00:05:25.531+0000] {logging_mixin.py:188} INFO - [2024-08-05T00:05:25.530+0000] {dagbag.py:545} INFO - Filling up the DagBag from /home/airflow/.local/lib/python3.12/site-packages/airflow/example_dags/tutorial.py
[2024-08-05T00:05:25.546+0000] {processor.py:840} INFO - DAG(s) 'tutorial' retrieved from /home/airflow/.local/lib/python3.12/site-packages/airflow/example_dags/tutorial.py
[2024-08-05T00:05:25.579+0000] {logging_mixin.py:188} INFO - [2024-08-05T00:05:25.579+0000] {dag.py:3089} INFO - Sync 1 DAGs
[2024-08-05T00:05:25.612+0000] {logging_mixin.py:188} INFO - [2024-08-05T00:05:25.612+0000] {dag.py:3947} INFO - Setting next_dagrun for tutorial to 2024-08-04 00:00:00+00:00, run_after=2024-08-05 00:00:00+00:00
[2024-08-05T00:05:25.629+0000] {processor.py:183} INFO - Processing /home/airflow/.local/lib/python3.12/site-packages/airflow/example_dags/tutorial.py took 0.120 seconds
[2024-08-05T00:05:55.974+0000] {processor.py:161} INFO - Started process (PID=13781) to work on /home/airflow/.local/lib/python3.12/site-packages/airflow/example_dags/tutorial.py
[2024-08-05T00:05:55.977+0000] {processor.py:830} INFO - Processing file /home/airflow/.local/lib/python3.12/site-packages/airflow/example_dags/tutorial.py for tasks to queue
[2024-08-05T00:05:55.978+0000] {logging_mixin.py:188} INFO - [2024-08-05T00:05:55.978+0000] {dagbag.py:545} INFO - Filling up the DagBag from /home/airflow/.local/lib/python3.12/site-packages/airflow/example_dags/tutorial.py
[2024-08-05T00:05:55.991+0000] {processor.py:840} INFO - DAG(s) 'tutorial' retrieved from /home/airflow/.local/lib/python3.12/site-packages/airflow/example_dags/tutorial.py
[2024-08-05T00:05:56.022+0000] {logging_mixin.py:188} INFO - [2024-08-05T00:05:56.022+0000] {dag.py:3089} INFO - Sync 1 DAGs
[2024-08-05T00:05:56.050+0000] {logging_mixin.py:188} INFO - [2024-08-05T00:05:56.050+0000] {dag.py:3947} INFO - Setting next_dagrun for tutorial to 2024-08-04 00:00:00+00:00, run_after=2024-08-05 00:00:00+00:00
[2024-08-05T00:05:56.075+0000] {processor.py:183} INFO - Processing /home/airflow/.local/lib/python3.12/site-packages/airflow/example_dags/tutorial.py took 0.117 seconds
[2024-08-05T00:06:26.287+0000] {processor.py:161} INFO - Started process (PID=13842) to work on /home/airflow/.local/lib/python3.12/site-packages/airflow/example_dags/tutorial.py
[2024-08-05T00:06:26.292+0000] {processor.py:830} INFO - Processing file /home/airflow/.local/lib/python3.12/site-packages/airflow/example_dags/tutorial.py for tasks to queue
[2024-08-05T00:06:26.294+0000] {logging_mixin.py:188} INFO - [2024-08-05T00:06:26.294+0000] {dagbag.py:545} INFO - Filling up the DagBag from /home/airflow/.local/lib/python3.12/site-packages/airflow/example_dags/tutorial.py
[2024-08-05T00:06:26.322+0000] {processor.py:840} INFO - DAG(s) 'tutorial' retrieved from /home/airflow/.local/lib/python3.12/site-packages/airflow/example_dags/tutorial.py
[2024-08-05T00:06:26.351+0000] {logging_mixin.py:188} INFO - [2024-08-05T00:06:26.351+0000] {dag.py:3089} INFO - Sync 1 DAGs
[2024-08-05T00:06:26.379+0000] {logging_mixin.py:188} INFO - [2024-08-05T00:06:26.378+0000] {dag.py:3947} INFO - Setting next_dagrun for tutorial to 2024-08-04 00:00:00+00:00, run_after=2024-08-05 00:00:00+00:00
[2024-08-05T00:06:26.395+0000] {processor.py:183} INFO - Processing /home/airflow/.local/lib/python3.12/site-packages/airflow/example_dags/tutorial.py took 0.113 seconds
[2024-08-05T00:06:57.372+0000] {processor.py:161} INFO - Started process (PID=13907) to work on /home/airflow/.local/lib/python3.12/site-packages/airflow/example_dags/tutorial.py
[2024-08-05T00:06:57.374+0000] {processor.py:830} INFO - Processing file /home/airflow/.local/lib/python3.12/site-packages/airflow/example_dags/tutorial.py for tasks to queue
[2024-08-05T00:06:57.375+0000] {logging_mixin.py:188} INFO - [2024-08-05T00:06:57.374+0000] {dagbag.py:545} INFO - Filling up the DagBag from /home/airflow/.local/lib/python3.12/site-packages/airflow/example_dags/tutorial.py
[2024-08-05T00:06:57.385+0000] {processor.py:840} INFO - DAG(s) 'tutorial' retrieved from /home/airflow/.local/lib/python3.12/site-packages/airflow/example_dags/tutorial.py
[2024-08-05T00:06:57.411+0000] {logging_mixin.py:188} INFO - [2024-08-05T00:06:57.411+0000] {dag.py:3089} INFO - Sync 1 DAGs
[2024-08-05T00:06:57.447+0000] {logging_mixin.py:188} INFO - [2024-08-05T00:06:57.447+0000] {dag.py:3947} INFO - Setting next_dagrun for tutorial to 2024-08-04 00:00:00+00:00, run_after=2024-08-05 00:00:00+00:00
[2024-08-05T00:06:57.467+0000] {processor.py:183} INFO - Processing /home/airflow/.local/lib/python3.12/site-packages/airflow/example_dags/tutorial.py took 0.103 seconds
[2024-08-05T00:07:28.220+0000] {processor.py:161} INFO - Started process (PID=13973) to work on /home/airflow/.local/lib/python3.12/site-packages/airflow/example_dags/tutorial.py
[2024-08-05T00:07:28.221+0000] {processor.py:830} INFO - Processing file /home/airflow/.local/lib/python3.12/site-packages/airflow/example_dags/tutorial.py for tasks to queue
[2024-08-05T00:07:28.221+0000] {logging_mixin.py:188} INFO - [2024-08-05T00:07:28.221+0000] {dagbag.py:545} INFO - Filling up the DagBag from /home/airflow/.local/lib/python3.12/site-packages/airflow/example_dags/tutorial.py
[2024-08-05T00:07:28.225+0000] {processor.py:840} INFO - DAG(s) 'tutorial' retrieved from /home/airflow/.local/lib/python3.12/site-packages/airflow/example_dags/tutorial.py
[2024-08-05T00:07:28.240+0000] {logging_mixin.py:188} INFO - [2024-08-05T00:07:28.240+0000] {dag.py:3089} INFO - Sync 1 DAGs
[2024-08-05T00:07:28.255+0000] {logging_mixin.py:188} INFO - [2024-08-05T00:07:28.255+0000] {dag.py:3947} INFO - Setting next_dagrun for tutorial to 2024-08-04 00:00:00+00:00, run_after=2024-08-05 00:00:00+00:00
[2024-08-05T00:07:28.274+0000] {processor.py:183} INFO - Processing /home/airflow/.local/lib/python3.12/site-packages/airflow/example_dags/tutorial.py took 0.058 seconds
[2024-08-05T00:07:58.633+0000] {processor.py:161} INFO - Started process (PID=14034) to work on /home/airflow/.local/lib/python3.12/site-packages/airflow/example_dags/tutorial.py
[2024-08-05T00:07:58.635+0000] {processor.py:830} INFO - Processing file /home/airflow/.local/lib/python3.12/site-packages/airflow/example_dags/tutorial.py for tasks to queue
[2024-08-05T00:07:58.636+0000] {logging_mixin.py:188} INFO - [2024-08-05T00:07:58.636+0000] {dagbag.py:545} INFO - Filling up the DagBag from /home/airflow/.local/lib/python3.12/site-packages/airflow/example_dags/tutorial.py
[2024-08-05T00:07:58.641+0000] {processor.py:840} INFO - DAG(s) 'tutorial' retrieved from /home/airflow/.local/lib/python3.12/site-packages/airflow/example_dags/tutorial.py
[2024-08-05T00:07:58.666+0000] {logging_mixin.py:188} INFO - [2024-08-05T00:07:58.665+0000] {dag.py:3089} INFO - Sync 1 DAGs
[2024-08-05T00:07:58.681+0000] {logging_mixin.py:188} INFO - [2024-08-05T00:07:58.681+0000] {dag.py:3947} INFO - Setting next_dagrun for tutorial to 2024-08-04 00:00:00+00:00, run_after=2024-08-05 00:00:00+00:00
[2024-08-05T00:07:58.696+0000] {processor.py:183} INFO - Processing /home/airflow/.local/lib/python3.12/site-packages/airflow/example_dags/tutorial.py took 0.067 seconds
[2024-08-05T00:08:28.837+0000] {processor.py:161} INFO - Started process (PID=14095) to work on /home/airflow/.local/lib/python3.12/site-packages/airflow/example_dags/tutorial.py
[2024-08-05T00:08:28.838+0000] {processor.py:830} INFO - Processing file /home/airflow/.local/lib/python3.12/site-packages/airflow/example_dags/tutorial.py for tasks to queue
[2024-08-05T00:08:28.839+0000] {logging_mixin.py:188} INFO - [2024-08-05T00:08:28.839+0000] {dagbag.py:545} INFO - Filling up the DagBag from /home/airflow/.local/lib/python3.12/site-packages/airflow/example_dags/tutorial.py
[2024-08-05T00:08:28.844+0000] {processor.py:840} INFO - DAG(s) 'tutorial' retrieved from /home/airflow/.local/lib/python3.12/site-packages/airflow/example_dags/tutorial.py
[2024-08-05T00:08:28.861+0000] {logging_mixin.py:188} INFO - [2024-08-05T00:08:28.861+0000] {dag.py:3089} INFO - Sync 1 DAGs
[2024-08-05T00:08:28.873+0000] {logging_mixin.py:188} INFO - [2024-08-05T00:08:28.873+0000] {dag.py:3947} INFO - Setting next_dagrun for tutorial to 2024-08-04 00:00:00+00:00, run_after=2024-08-05 00:00:00+00:00
[2024-08-05T00:08:28.884+0000] {processor.py:183} INFO - Processing /home/airflow/.local/lib/python3.12/site-packages/airflow/example_dags/tutorial.py took 0.051 seconds
[2024-08-05T00:08:59.240+0000] {processor.py:161} INFO - Started process (PID=14157) to work on /home/airflow/.local/lib/python3.12/site-packages/airflow/example_dags/tutorial.py
[2024-08-05T00:08:59.245+0000] {processor.py:830} INFO - Processing file /home/airflow/.local/lib/python3.12/site-packages/airflow/example_dags/tutorial.py for tasks to queue
[2024-08-05T00:08:59.246+0000] {logging_mixin.py:188} INFO - [2024-08-05T00:08:59.246+0000] {dagbag.py:545} INFO - Filling up the DagBag from /home/airflow/.local/lib/python3.12/site-packages/airflow/example_dags/tutorial.py
[2024-08-05T00:08:59.256+0000] {processor.py:840} INFO - DAG(s) 'tutorial' retrieved from /home/airflow/.local/lib/python3.12/site-packages/airflow/example_dags/tutorial.py
[2024-08-05T00:08:59.282+0000] {logging_mixin.py:188} INFO - [2024-08-05T00:08:59.282+0000] {dag.py:3089} INFO - Sync 1 DAGs
[2024-08-05T00:08:59.300+0000] {logging_mixin.py:188} INFO - [2024-08-05T00:08:59.300+0000] {dag.py:3947} INFO - Setting next_dagrun for tutorial to 2024-08-04 00:00:00+00:00, run_after=2024-08-05 00:00:00+00:00
[2024-08-05T00:08:59.321+0000] {processor.py:183} INFO - Processing /home/airflow/.local/lib/python3.12/site-packages/airflow/example_dags/tutorial.py took 0.086 seconds
[2024-08-05T00:09:30.110+0000] {processor.py:161} INFO - Started process (PID=14218) to work on /home/airflow/.local/lib/python3.12/site-packages/airflow/example_dags/tutorial.py
[2024-08-05T00:09:30.111+0000] {processor.py:830} INFO - Processing file /home/airflow/.local/lib/python3.12/site-packages/airflow/example_dags/tutorial.py for tasks to queue
[2024-08-05T00:09:30.112+0000] {logging_mixin.py:188} INFO - [2024-08-05T00:09:30.112+0000] {dagbag.py:545} INFO - Filling up the DagBag from /home/airflow/.local/lib/python3.12/site-packages/airflow/example_dags/tutorial.py
[2024-08-05T00:09:30.116+0000] {processor.py:840} INFO - DAG(s) 'tutorial' retrieved from /home/airflow/.local/lib/python3.12/site-packages/airflow/example_dags/tutorial.py
[2024-08-05T00:09:30.140+0000] {logging_mixin.py:188} INFO - [2024-08-05T00:09:30.140+0000] {dag.py:3089} INFO - Sync 1 DAGs
[2024-08-05T00:09:30.163+0000] {logging_mixin.py:188} INFO - [2024-08-05T00:09:30.163+0000] {dag.py:3947} INFO - Setting next_dagrun for tutorial to 2024-08-04 00:00:00+00:00, run_after=2024-08-05 00:00:00+00:00
[2024-08-05T00:09:30.189+0000] {processor.py:183} INFO - Processing /home/airflow/.local/lib/python3.12/site-packages/airflow/example_dags/tutorial.py took 0.083 seconds
[2024-08-05T00:10:00.991+0000] {processor.py:161} INFO - Started process (PID=14279) to work on /home/airflow/.local/lib/python3.12/site-packages/airflow/example_dags/tutorial.py
[2024-08-05T00:10:00.993+0000] {processor.py:830} INFO - Processing file /home/airflow/.local/lib/python3.12/site-packages/airflow/example_dags/tutorial.py for tasks to queue
[2024-08-05T00:10:00.994+0000] {logging_mixin.py:188} INFO - [2024-08-05T00:10:00.994+0000] {dagbag.py:545} INFO - Filling up the DagBag from /home/airflow/.local/lib/python3.12/site-packages/airflow/example_dags/tutorial.py
[2024-08-05T00:10:01.006+0000] {processor.py:840} INFO - DAG(s) 'tutorial' retrieved from /home/airflow/.local/lib/python3.12/site-packages/airflow/example_dags/tutorial.py
[2024-08-05T00:10:01.030+0000] {logging_mixin.py:188} INFO - [2024-08-05T00:10:01.030+0000] {dag.py:3089} INFO - Sync 1 DAGs
[2024-08-05T00:10:01.069+0000] {logging_mixin.py:188} INFO - [2024-08-05T00:10:01.068+0000] {dag.py:3947} INFO - Setting next_dagrun for tutorial to 2024-08-04 00:00:00+00:00, run_after=2024-08-05 00:00:00+00:00
[2024-08-05T00:10:01.094+0000] {processor.py:183} INFO - Processing /home/airflow/.local/lib/python3.12/site-packages/airflow/example_dags/tutorial.py took 0.107 seconds
[2024-08-05T00:10:31.602+0000] {processor.py:161} INFO - Started process (PID=14350) to work on /home/airflow/.local/lib/python3.12/site-packages/airflow/example_dags/tutorial.py
[2024-08-05T00:10:31.603+0000] {processor.py:830} INFO - Processing file /home/airflow/.local/lib/python3.12/site-packages/airflow/example_dags/tutorial.py for tasks to queue
[2024-08-05T00:10:31.606+0000] {logging_mixin.py:188} INFO - [2024-08-05T00:10:31.606+0000] {dagbag.py:545} INFO - Filling up the DagBag from /home/airflow/.local/lib/python3.12/site-packages/airflow/example_dags/tutorial.py
[2024-08-05T00:10:31.612+0000] {processor.py:840} INFO - DAG(s) 'tutorial' retrieved from /home/airflow/.local/lib/python3.12/site-packages/airflow/example_dags/tutorial.py
[2024-08-05T00:10:31.628+0000] {logging_mixin.py:188} INFO - [2024-08-05T00:10:31.628+0000] {dag.py:3089} INFO - Sync 1 DAGs
[2024-08-05T00:10:31.643+0000] {logging_mixin.py:188} INFO - [2024-08-05T00:10:31.642+0000] {dag.py:3947} INFO - Setting next_dagrun for tutorial to 2024-08-04 00:00:00+00:00, run_after=2024-08-05 00:00:00+00:00
[2024-08-05T00:10:31.656+0000] {processor.py:183} INFO - Processing /home/airflow/.local/lib/python3.12/site-packages/airflow/example_dags/tutorial.py took 0.058 seconds
[2024-08-05T00:11:02.612+0000] {processor.py:161} INFO - Started process (PID=14411) to work on /home/airflow/.local/lib/python3.12/site-packages/airflow/example_dags/tutorial.py
[2024-08-05T00:11:02.615+0000] {processor.py:830} INFO - Processing file /home/airflow/.local/lib/python3.12/site-packages/airflow/example_dags/tutorial.py for tasks to queue
[2024-08-05T00:11:02.617+0000] {logging_mixin.py:188} INFO - [2024-08-05T00:11:02.617+0000] {dagbag.py:545} INFO - Filling up the DagBag from /home/airflow/.local/lib/python3.12/site-packages/airflow/example_dags/tutorial.py
[2024-08-05T00:11:02.626+0000] {processor.py:840} INFO - DAG(s) 'tutorial' retrieved from /home/airflow/.local/lib/python3.12/site-packages/airflow/example_dags/tutorial.py
[2024-08-05T00:11:02.655+0000] {logging_mixin.py:188} INFO - [2024-08-05T00:11:02.655+0000] {dag.py:3089} INFO - Sync 1 DAGs
[2024-08-05T00:11:02.683+0000] {logging_mixin.py:188} INFO - [2024-08-05T00:11:02.683+0000] {dag.py:3947} INFO - Setting next_dagrun for tutorial to 2024-08-04 00:00:00+00:00, run_after=2024-08-05 00:00:00+00:00
[2024-08-05T00:11:02.705+0000] {processor.py:183} INFO - Processing /home/airflow/.local/lib/python3.12/site-packages/airflow/example_dags/tutorial.py took 0.113 seconds
[2024-08-05T00:11:33.554+0000] {processor.py:161} INFO - Started process (PID=14482) to work on /home/airflow/.local/lib/python3.12/site-packages/airflow/example_dags/tutorial.py
[2024-08-05T00:11:33.556+0000] {processor.py:830} INFO - Processing file /home/airflow/.local/lib/python3.12/site-packages/airflow/example_dags/tutorial.py for tasks to queue
[2024-08-05T00:11:33.559+0000] {logging_mixin.py:188} INFO - [2024-08-05T00:11:33.559+0000] {dagbag.py:545} INFO - Filling up the DagBag from /home/airflow/.local/lib/python3.12/site-packages/airflow/example_dags/tutorial.py
[2024-08-05T00:11:33.565+0000] {processor.py:840} INFO - DAG(s) 'tutorial' retrieved from /home/airflow/.local/lib/python3.12/site-packages/airflow/example_dags/tutorial.py
[2024-08-05T00:11:33.583+0000] {logging_mixin.py:188} INFO - [2024-08-05T00:11:33.583+0000] {dag.py:3089} INFO - Sync 1 DAGs
[2024-08-05T00:11:33.595+0000] {logging_mixin.py:188} INFO - [2024-08-05T00:11:33.595+0000] {dag.py:3947} INFO - Setting next_dagrun for tutorial to 2024-08-04 00:00:00+00:00, run_after=2024-08-05 00:00:00+00:00
[2024-08-05T00:11:33.614+0000] {processor.py:183} INFO - Processing /home/airflow/.local/lib/python3.12/site-packages/airflow/example_dags/tutorial.py took 0.071 seconds
[2024-08-05T00:12:04.160+0000] {processor.py:161} INFO - Started process (PID=14543) to work on /home/airflow/.local/lib/python3.12/site-packages/airflow/example_dags/tutorial.py
[2024-08-05T00:12:04.160+0000] {processor.py:830} INFO - Processing file /home/airflow/.local/lib/python3.12/site-packages/airflow/example_dags/tutorial.py for tasks to queue
[2024-08-05T00:12:04.161+0000] {logging_mixin.py:188} INFO - [2024-08-05T00:12:04.161+0000] {dagbag.py:545} INFO - Filling up the DagBag from /home/airflow/.local/lib/python3.12/site-packages/airflow/example_dags/tutorial.py
[2024-08-05T00:12:04.165+0000] {processor.py:840} INFO - DAG(s) 'tutorial' retrieved from /home/airflow/.local/lib/python3.12/site-packages/airflow/example_dags/tutorial.py
[2024-08-05T00:12:04.177+0000] {logging_mixin.py:188} INFO - [2024-08-05T00:12:04.177+0000] {dag.py:3089} INFO - Sync 1 DAGs
[2024-08-05T00:12:04.191+0000] {logging_mixin.py:188} INFO - [2024-08-05T00:12:04.191+0000] {dag.py:3947} INFO - Setting next_dagrun for tutorial to 2024-08-04 00:00:00+00:00, run_after=2024-08-05 00:00:00+00:00
[2024-08-05T00:12:04.201+0000] {processor.py:183} INFO - Processing /home/airflow/.local/lib/python3.12/site-packages/airflow/example_dags/tutorial.py took 0.044 seconds
[2024-08-05T00:12:35.071+0000] {processor.py:161} INFO - Started process (PID=14604) to work on /home/airflow/.local/lib/python3.12/site-packages/airflow/example_dags/tutorial.py
[2024-08-05T00:12:35.073+0000] {processor.py:830} INFO - Processing file /home/airflow/.local/lib/python3.12/site-packages/airflow/example_dags/tutorial.py for tasks to queue
[2024-08-05T00:12:35.075+0000] {logging_mixin.py:188} INFO - [2024-08-05T00:12:35.074+0000] {dagbag.py:545} INFO - Filling up the DagBag from /home/airflow/.local/lib/python3.12/site-packages/airflow/example_dags/tutorial.py
[2024-08-05T00:12:35.079+0000] {processor.py:840} INFO - DAG(s) 'tutorial' retrieved from /home/airflow/.local/lib/python3.12/site-packages/airflow/example_dags/tutorial.py
[2024-08-05T00:12:35.095+0000] {logging_mixin.py:188} INFO - [2024-08-05T00:12:35.095+0000] {dag.py:3089} INFO - Sync 1 DAGs
[2024-08-05T00:12:35.110+0000] {logging_mixin.py:188} INFO - [2024-08-05T00:12:35.109+0000] {dag.py:3947} INFO - Setting next_dagrun for tutorial to 2024-08-04 00:00:00+00:00, run_after=2024-08-05 00:00:00+00:00
[2024-08-05T00:12:35.120+0000] {processor.py:183} INFO - Processing /home/airflow/.local/lib/python3.12/site-packages/airflow/example_dags/tutorial.py took 0.052 seconds
[2024-08-05T00:13:05.880+0000] {processor.py:161} INFO - Started process (PID=14665) to work on /home/airflow/.local/lib/python3.12/site-packages/airflow/example_dags/tutorial.py
[2024-08-05T00:13:05.884+0000] {processor.py:830} INFO - Processing file /home/airflow/.local/lib/python3.12/site-packages/airflow/example_dags/tutorial.py for tasks to queue
[2024-08-05T00:13:05.884+0000] {logging_mixin.py:188} INFO - [2024-08-05T00:13:05.884+0000] {dagbag.py:545} INFO - Filling up the DagBag from /home/airflow/.local/lib/python3.12/site-packages/airflow/example_dags/tutorial.py
[2024-08-05T00:13:05.889+0000] {processor.py:840} INFO - DAG(s) 'tutorial' retrieved from /home/airflow/.local/lib/python3.12/site-packages/airflow/example_dags/tutorial.py
[2024-08-05T00:13:05.910+0000] {logging_mixin.py:188} INFO - [2024-08-05T00:13:05.910+0000] {dag.py:3089} INFO - Sync 1 DAGs
[2024-08-05T00:13:05.925+0000] {logging_mixin.py:188} INFO - [2024-08-05T00:13:05.925+0000] {dag.py:3947} INFO - Setting next_dagrun for tutorial to 2024-08-04 00:00:00+00:00, run_after=2024-08-05 00:00:00+00:00
[2024-08-05T00:13:05.935+0000] {processor.py:183} INFO - Processing /home/airflow/.local/lib/python3.12/site-packages/airflow/example_dags/tutorial.py took 0.059 seconds
[2024-08-05T00:13:36.670+0000] {processor.py:161} INFO - Started process (PID=14726) to work on /home/airflow/.local/lib/python3.12/site-packages/airflow/example_dags/tutorial.py
[2024-08-05T00:13:36.673+0000] {processor.py:830} INFO - Processing file /home/airflow/.local/lib/python3.12/site-packages/airflow/example_dags/tutorial.py for tasks to queue
[2024-08-05T00:13:36.674+0000] {logging_mixin.py:188} INFO - [2024-08-05T00:13:36.673+0000] {dagbag.py:545} INFO - Filling up the DagBag from /home/airflow/.local/lib/python3.12/site-packages/airflow/example_dags/tutorial.py
[2024-08-05T00:13:36.678+0000] {processor.py:840} INFO - DAG(s) 'tutorial' retrieved from /home/airflow/.local/lib/python3.12/site-packages/airflow/example_dags/tutorial.py
[2024-08-05T00:13:36.692+0000] {logging_mixin.py:188} INFO - [2024-08-05T00:13:36.692+0000] {dag.py:3089} INFO - Sync 1 DAGs
[2024-08-05T00:13:36.703+0000] {logging_mixin.py:188} INFO - [2024-08-05T00:13:36.703+0000] {dag.py:3947} INFO - Setting next_dagrun for tutorial to 2024-08-04 00:00:00+00:00, run_after=2024-08-05 00:00:00+00:00
[2024-08-05T00:13:36.715+0000] {processor.py:183} INFO - Processing /home/airflow/.local/lib/python3.12/site-packages/airflow/example_dags/tutorial.py took 0.048 seconds
[2024-08-05T00:14:07.300+0000] {processor.py:161} INFO - Started process (PID=14787) to work on /home/airflow/.local/lib/python3.12/site-packages/airflow/example_dags/tutorial.py
[2024-08-05T00:14:07.301+0000] {processor.py:830} INFO - Processing file /home/airflow/.local/lib/python3.12/site-packages/airflow/example_dags/tutorial.py for tasks to queue
[2024-08-05T00:14:07.302+0000] {logging_mixin.py:188} INFO - [2024-08-05T00:14:07.302+0000] {dagbag.py:545} INFO - Filling up the DagBag from /home/airflow/.local/lib/python3.12/site-packages/airflow/example_dags/tutorial.py
[2024-08-05T00:14:07.307+0000] {processor.py:840} INFO - DAG(s) 'tutorial' retrieved from /home/airflow/.local/lib/python3.12/site-packages/airflow/example_dags/tutorial.py
[2024-08-05T00:14:07.322+0000] {logging_mixin.py:188} INFO - [2024-08-05T00:14:07.322+0000] {dag.py:3089} INFO - Sync 1 DAGs
[2024-08-05T00:14:07.334+0000] {logging_mixin.py:188} INFO - [2024-08-05T00:14:07.334+0000] {dag.py:3947} INFO - Setting next_dagrun for tutorial to 2024-08-04 00:00:00+00:00, run_after=2024-08-05 00:00:00+00:00
[2024-08-05T00:14:07.346+0000] {processor.py:183} INFO - Processing /home/airflow/.local/lib/python3.12/site-packages/airflow/example_dags/tutorial.py took 0.050 seconds
[2024-08-05T00:14:38.417+0000] {processor.py:161} INFO - Started process (PID=14848) to work on /home/airflow/.local/lib/python3.12/site-packages/airflow/example_dags/tutorial.py
[2024-08-05T00:14:38.420+0000] {processor.py:830} INFO - Processing file /home/airflow/.local/lib/python3.12/site-packages/airflow/example_dags/tutorial.py for tasks to queue
[2024-08-05T00:14:38.421+0000] {logging_mixin.py:188} INFO - [2024-08-05T00:14:38.421+0000] {dagbag.py:545} INFO - Filling up the DagBag from /home/airflow/.local/lib/python3.12/site-packages/airflow/example_dags/tutorial.py
[2024-08-05T00:14:38.425+0000] {processor.py:840} INFO - DAG(s) 'tutorial' retrieved from /home/airflow/.local/lib/python3.12/site-packages/airflow/example_dags/tutorial.py
[2024-08-05T00:14:38.439+0000] {logging_mixin.py:188} INFO - [2024-08-05T00:14:38.439+0000] {dag.py:3089} INFO - Sync 1 DAGs
[2024-08-05T00:14:38.453+0000] {logging_mixin.py:188} INFO - [2024-08-05T00:14:38.453+0000] {dag.py:3947} INFO - Setting next_dagrun for tutorial to 2024-08-04 00:00:00+00:00, run_after=2024-08-05 00:00:00+00:00
[2024-08-05T00:14:38.464+0000] {processor.py:183} INFO - Processing /home/airflow/.local/lib/python3.12/site-packages/airflow/example_dags/tutorial.py took 0.050 seconds
[2024-08-05T00:15:08.695+0000] {processor.py:161} INFO - Started process (PID=14909) to work on /home/airflow/.local/lib/python3.12/site-packages/airflow/example_dags/tutorial.py
[2024-08-05T00:15:08.696+0000] {processor.py:830} INFO - Processing file /home/airflow/.local/lib/python3.12/site-packages/airflow/example_dags/tutorial.py for tasks to queue
[2024-08-05T00:15:08.697+0000] {logging_mixin.py:188} INFO - [2024-08-05T00:15:08.697+0000] {dagbag.py:545} INFO - Filling up the DagBag from /home/airflow/.local/lib/python3.12/site-packages/airflow/example_dags/tutorial.py
[2024-08-05T00:15:08.702+0000] {processor.py:840} INFO - DAG(s) 'tutorial' retrieved from /home/airflow/.local/lib/python3.12/site-packages/airflow/example_dags/tutorial.py
[2024-08-05T00:15:08.716+0000] {logging_mixin.py:188} INFO - [2024-08-05T00:15:08.716+0000] {dag.py:3089} INFO - Sync 1 DAGs
[2024-08-05T00:15:08.726+0000] {logging_mixin.py:188} INFO - [2024-08-05T00:15:08.726+0000] {dag.py:3947} INFO - Setting next_dagrun for tutorial to 2024-08-04 00:00:00+00:00, run_after=2024-08-05 00:00:00+00:00
[2024-08-05T00:15:08.738+0000] {processor.py:183} INFO - Processing /home/airflow/.local/lib/python3.12/site-packages/airflow/example_dags/tutorial.py took 0.045 seconds
[2024-08-05T00:15:39.843+0000] {processor.py:161} INFO - Started process (PID=14970) to work on /home/airflow/.local/lib/python3.12/site-packages/airflow/example_dags/tutorial.py
[2024-08-05T00:15:39.844+0000] {processor.py:830} INFO - Processing file /home/airflow/.local/lib/python3.12/site-packages/airflow/example_dags/tutorial.py for tasks to queue
[2024-08-05T00:15:39.844+0000] {logging_mixin.py:188} INFO - [2024-08-05T00:15:39.844+0000] {dagbag.py:545} INFO - Filling up the DagBag from /home/airflow/.local/lib/python3.12/site-packages/airflow/example_dags/tutorial.py
[2024-08-05T00:15:39.848+0000] {processor.py:840} INFO - DAG(s) 'tutorial' retrieved from /home/airflow/.local/lib/python3.12/site-packages/airflow/example_dags/tutorial.py
[2024-08-05T00:15:39.870+0000] {logging_mixin.py:188} INFO - [2024-08-05T00:15:39.870+0000] {dag.py:3089} INFO - Sync 1 DAGs
[2024-08-05T00:15:39.886+0000] {logging_mixin.py:188} INFO - [2024-08-05T00:15:39.885+0000] {dag.py:3947} INFO - Setting next_dagrun for tutorial to 2024-08-04 00:00:00+00:00, run_after=2024-08-05 00:00:00+00:00
[2024-08-05T00:15:39.903+0000] {processor.py:183} INFO - Processing /home/airflow/.local/lib/python3.12/site-packages/airflow/example_dags/tutorial.py took 0.063 seconds
[2024-08-05T00:16:10.382+0000] {processor.py:161} INFO - Started process (PID=15041) to work on /home/airflow/.local/lib/python3.12/site-packages/airflow/example_dags/tutorial.py
[2024-08-05T00:16:10.383+0000] {processor.py:830} INFO - Processing file /home/airflow/.local/lib/python3.12/site-packages/airflow/example_dags/tutorial.py for tasks to queue
[2024-08-05T00:16:10.384+0000] {logging_mixin.py:188} INFO - [2024-08-05T00:16:10.383+0000] {dagbag.py:545} INFO - Filling up the DagBag from /home/airflow/.local/lib/python3.12/site-packages/airflow/example_dags/tutorial.py
[2024-08-05T00:16:10.388+0000] {processor.py:840} INFO - DAG(s) 'tutorial' retrieved from /home/airflow/.local/lib/python3.12/site-packages/airflow/example_dags/tutorial.py
[2024-08-05T00:16:10.405+0000] {logging_mixin.py:188} INFO - [2024-08-05T00:16:10.405+0000] {dag.py:3089} INFO - Sync 1 DAGs
[2024-08-05T00:16:10.442+0000] {logging_mixin.py:188} INFO - [2024-08-05T00:16:10.442+0000] {dag.py:3947} INFO - Setting next_dagrun for tutorial to 2024-08-04 00:00:00+00:00, run_after=2024-08-05 00:00:00+00:00
[2024-08-05T00:16:10.470+0000] {processor.py:183} INFO - Processing /home/airflow/.local/lib/python3.12/site-packages/airflow/example_dags/tutorial.py took 0.092 seconds
[2024-08-05T00:16:41.551+0000] {processor.py:161} INFO - Started process (PID=15102) to work on /home/airflow/.local/lib/python3.12/site-packages/airflow/example_dags/tutorial.py
[2024-08-05T00:16:41.553+0000] {processor.py:830} INFO - Processing file /home/airflow/.local/lib/python3.12/site-packages/airflow/example_dags/tutorial.py for tasks to queue
[2024-08-05T00:16:41.553+0000] {logging_mixin.py:188} INFO - [2024-08-05T00:16:41.553+0000] {dagbag.py:545} INFO - Filling up the DagBag from /home/airflow/.local/lib/python3.12/site-packages/airflow/example_dags/tutorial.py
[2024-08-05T00:16:41.557+0000] {processor.py:840} INFO - DAG(s) 'tutorial' retrieved from /home/airflow/.local/lib/python3.12/site-packages/airflow/example_dags/tutorial.py
[2024-08-05T00:16:41.571+0000] {logging_mixin.py:188} INFO - [2024-08-05T00:16:41.571+0000] {dag.py:3089} INFO - Sync 1 DAGs
[2024-08-05T00:16:41.585+0000] {logging_mixin.py:188} INFO - [2024-08-05T00:16:41.584+0000] {dag.py:3947} INFO - Setting next_dagrun for tutorial to 2024-08-04 00:00:00+00:00, run_after=2024-08-05 00:00:00+00:00
[2024-08-05T00:16:41.597+0000] {processor.py:183} INFO - Processing /home/airflow/.local/lib/python3.12/site-packages/airflow/example_dags/tutorial.py took 0.050 seconds
[2024-08-05T00:17:12.461+0000] {processor.py:161} INFO - Started process (PID=15163) to work on /home/airflow/.local/lib/python3.12/site-packages/airflow/example_dags/tutorial.py
[2024-08-05T00:17:12.465+0000] {processor.py:830} INFO - Processing file /home/airflow/.local/lib/python3.12/site-packages/airflow/example_dags/tutorial.py for tasks to queue
[2024-08-05T00:17:12.468+0000] {logging_mixin.py:188} INFO - [2024-08-05T00:17:12.468+0000] {dagbag.py:545} INFO - Filling up the DagBag from /home/airflow/.local/lib/python3.12/site-packages/airflow/example_dags/tutorial.py
[2024-08-05T00:17:12.477+0000] {processor.py:840} INFO - DAG(s) 'tutorial' retrieved from /home/airflow/.local/lib/python3.12/site-packages/airflow/example_dags/tutorial.py
[2024-08-05T00:17:12.495+0000] {logging_mixin.py:188} INFO - [2024-08-05T00:17:12.495+0000] {dag.py:3089} INFO - Sync 1 DAGs
[2024-08-05T00:17:12.510+0000] {logging_mixin.py:188} INFO - [2024-08-05T00:17:12.510+0000] {dag.py:3947} INFO - Setting next_dagrun for tutorial to 2024-08-04 00:00:00+00:00, run_after=2024-08-05 00:00:00+00:00
[2024-08-05T00:17:12.530+0000] {processor.py:183} INFO - Processing /home/airflow/.local/lib/python3.12/site-packages/airflow/example_dags/tutorial.py took 0.076 seconds
[2024-08-05T00:17:42.785+0000] {processor.py:161} INFO - Started process (PID=15234) to work on /home/airflow/.local/lib/python3.12/site-packages/airflow/example_dags/tutorial.py
[2024-08-05T00:17:42.787+0000] {processor.py:830} INFO - Processing file /home/airflow/.local/lib/python3.12/site-packages/airflow/example_dags/tutorial.py for tasks to queue
[2024-08-05T00:17:42.788+0000] {logging_mixin.py:188} INFO - [2024-08-05T00:17:42.788+0000] {dagbag.py:545} INFO - Filling up the DagBag from /home/airflow/.local/lib/python3.12/site-packages/airflow/example_dags/tutorial.py
[2024-08-05T00:17:42.793+0000] {processor.py:840} INFO - DAG(s) 'tutorial' retrieved from /home/airflow/.local/lib/python3.12/site-packages/airflow/example_dags/tutorial.py
[2024-08-05T00:17:42.808+0000] {logging_mixin.py:188} INFO - [2024-08-05T00:17:42.807+0000] {dag.py:3089} INFO - Sync 1 DAGs
[2024-08-05T00:17:42.820+0000] {logging_mixin.py:188} INFO - [2024-08-05T00:17:42.820+0000] {dag.py:3947} INFO - Setting next_dagrun for tutorial to 2024-08-04 00:00:00+00:00, run_after=2024-08-05 00:00:00+00:00
[2024-08-05T00:17:42.836+0000] {processor.py:183} INFO - Processing /home/airflow/.local/lib/python3.12/site-packages/airflow/example_dags/tutorial.py took 0.057 seconds
[2024-08-05T00:18:13.503+0000] {processor.py:161} INFO - Started process (PID=15295) to work on /home/airflow/.local/lib/python3.12/site-packages/airflow/example_dags/tutorial.py
[2024-08-05T00:18:13.509+0000] {processor.py:830} INFO - Processing file /home/airflow/.local/lib/python3.12/site-packages/airflow/example_dags/tutorial.py for tasks to queue
[2024-08-05T00:18:13.514+0000] {logging_mixin.py:188} INFO - [2024-08-05T00:18:13.514+0000] {dagbag.py:545} INFO - Filling up the DagBag from /home/airflow/.local/lib/python3.12/site-packages/airflow/example_dags/tutorial.py
[2024-08-05T00:18:13.526+0000] {processor.py:840} INFO - DAG(s) 'tutorial' retrieved from /home/airflow/.local/lib/python3.12/site-packages/airflow/example_dags/tutorial.py
[2024-08-05T00:18:13.559+0000] {logging_mixin.py:188} INFO - [2024-08-05T00:18:13.559+0000] {dag.py:3089} INFO - Sync 1 DAGs
[2024-08-05T00:18:13.577+0000] {logging_mixin.py:188} INFO - [2024-08-05T00:18:13.576+0000] {dag.py:3947} INFO - Setting next_dagrun for tutorial to 2024-08-04 00:00:00+00:00, run_after=2024-08-05 00:00:00+00:00
[2024-08-05T00:18:13.598+0000] {processor.py:183} INFO - Processing /home/airflow/.local/lib/python3.12/site-packages/airflow/example_dags/tutorial.py took 0.102 seconds
[2024-08-05T00:18:43.929+0000] {processor.py:161} INFO - Started process (PID=15356) to work on /home/airflow/.local/lib/python3.12/site-packages/airflow/example_dags/tutorial.py
[2024-08-05T00:18:43.931+0000] {processor.py:830} INFO - Processing file /home/airflow/.local/lib/python3.12/site-packages/airflow/example_dags/tutorial.py for tasks to queue
[2024-08-05T00:18:43.931+0000] {logging_mixin.py:188} INFO - [2024-08-05T00:18:43.931+0000] {dagbag.py:545} INFO - Filling up the DagBag from /home/airflow/.local/lib/python3.12/site-packages/airflow/example_dags/tutorial.py
[2024-08-05T00:18:43.935+0000] {processor.py:840} INFO - DAG(s) 'tutorial' retrieved from /home/airflow/.local/lib/python3.12/site-packages/airflow/example_dags/tutorial.py
[2024-08-05T00:18:43.954+0000] {logging_mixin.py:188} INFO - [2024-08-05T00:18:43.954+0000] {dag.py:3089} INFO - Sync 1 DAGs
[2024-08-05T00:18:43.986+0000] {logging_mixin.py:188} INFO - [2024-08-05T00:18:43.986+0000] {dag.py:3947} INFO - Setting next_dagrun for tutorial to 2024-08-04 00:00:00+00:00, run_after=2024-08-05 00:00:00+00:00
[2024-08-05T00:18:44.007+0000] {processor.py:183} INFO - Processing /home/airflow/.local/lib/python3.12/site-packages/airflow/example_dags/tutorial.py took 0.081 seconds
[2024-08-05T00:19:14.486+0000] {processor.py:161} INFO - Started process (PID=15417) to work on /home/airflow/.local/lib/python3.12/site-packages/airflow/example_dags/tutorial.py
[2024-08-05T00:19:14.487+0000] {processor.py:830} INFO - Processing file /home/airflow/.local/lib/python3.12/site-packages/airflow/example_dags/tutorial.py for tasks to queue
[2024-08-05T00:19:14.489+0000] {logging_mixin.py:188} INFO - [2024-08-05T00:19:14.488+0000] {dagbag.py:545} INFO - Filling up the DagBag from /home/airflow/.local/lib/python3.12/site-packages/airflow/example_dags/tutorial.py
[2024-08-05T00:19:14.495+0000] {processor.py:840} INFO - DAG(s) 'tutorial' retrieved from /home/airflow/.local/lib/python3.12/site-packages/airflow/example_dags/tutorial.py
[2024-08-05T00:19:14.512+0000] {logging_mixin.py:188} INFO - [2024-08-05T00:19:14.512+0000] {dag.py:3089} INFO - Sync 1 DAGs
[2024-08-05T00:19:14.529+0000] {logging_mixin.py:188} INFO - [2024-08-05T00:19:14.529+0000] {dag.py:3947} INFO - Setting next_dagrun for tutorial to 2024-08-04 00:00:00+00:00, run_after=2024-08-05 00:00:00+00:00
[2024-08-05T00:19:14.541+0000] {processor.py:183} INFO - Processing /home/airflow/.local/lib/python3.12/site-packages/airflow/example_dags/tutorial.py took 0.060 seconds
[2024-08-05T00:19:45.604+0000] {processor.py:161} INFO - Started process (PID=15480) to work on /home/airflow/.local/lib/python3.12/site-packages/airflow/example_dags/tutorial.py
[2024-08-05T00:19:45.605+0000] {processor.py:830} INFO - Processing file /home/airflow/.local/lib/python3.12/site-packages/airflow/example_dags/tutorial.py for tasks to queue
[2024-08-05T00:19:45.606+0000] {logging_mixin.py:188} INFO - [2024-08-05T00:19:45.606+0000] {dagbag.py:545} INFO - Filling up the DagBag from /home/airflow/.local/lib/python3.12/site-packages/airflow/example_dags/tutorial.py
[2024-08-05T00:19:45.615+0000] {processor.py:840} INFO - DAG(s) 'tutorial' retrieved from /home/airflow/.local/lib/python3.12/site-packages/airflow/example_dags/tutorial.py
[2024-08-05T00:19:45.663+0000] {logging_mixin.py:188} INFO - [2024-08-05T00:19:45.663+0000] {dag.py:3089} INFO - Sync 1 DAGs
[2024-08-05T00:19:45.682+0000] {logging_mixin.py:188} INFO - [2024-08-05T00:19:45.682+0000] {dag.py:3947} INFO - Setting next_dagrun for tutorial to 2024-08-04 00:00:00+00:00, run_after=2024-08-05 00:00:00+00:00
[2024-08-05T00:19:45.709+0000] {processor.py:183} INFO - Processing /home/airflow/.local/lib/python3.12/site-packages/airflow/example_dags/tutorial.py took 0.117 seconds
[2024-08-05T00:20:16.971+0000] {processor.py:161} INFO - Started process (PID=15552) to work on /home/airflow/.local/lib/python3.12/site-packages/airflow/example_dags/tutorial.py
[2024-08-05T00:20:16.972+0000] {processor.py:830} INFO - Processing file /home/airflow/.local/lib/python3.12/site-packages/airflow/example_dags/tutorial.py for tasks to queue
[2024-08-05T00:20:16.973+0000] {logging_mixin.py:188} INFO - [2024-08-05T00:20:16.973+0000] {dagbag.py:545} INFO - Filling up the DagBag from /home/airflow/.local/lib/python3.12/site-packages/airflow/example_dags/tutorial.py
[2024-08-05T00:20:16.982+0000] {processor.py:840} INFO - DAG(s) 'tutorial' retrieved from /home/airflow/.local/lib/python3.12/site-packages/airflow/example_dags/tutorial.py
[2024-08-05T00:20:17.015+0000] {logging_mixin.py:188} INFO - [2024-08-05T00:20:17.015+0000] {dag.py:3089} INFO - Sync 1 DAGs
[2024-08-05T00:20:17.039+0000] {logging_mixin.py:188} INFO - [2024-08-05T00:20:17.039+0000] {dag.py:3947} INFO - Setting next_dagrun for tutorial to 2024-08-04 00:00:00+00:00, run_after=2024-08-05 00:00:00+00:00
[2024-08-05T00:20:17.072+0000] {processor.py:183} INFO - Processing /home/airflow/.local/lib/python3.12/site-packages/airflow/example_dags/tutorial.py took 0.112 seconds
[2024-08-05T00:20:47.278+0000] {processor.py:161} INFO - Started process (PID=15623) to work on /home/airflow/.local/lib/python3.12/site-packages/airflow/example_dags/tutorial.py
[2024-08-05T00:20:47.279+0000] {processor.py:830} INFO - Processing file /home/airflow/.local/lib/python3.12/site-packages/airflow/example_dags/tutorial.py for tasks to queue
[2024-08-05T00:20:47.280+0000] {logging_mixin.py:188} INFO - [2024-08-05T00:20:47.280+0000] {dagbag.py:545} INFO - Filling up the DagBag from /home/airflow/.local/lib/python3.12/site-packages/airflow/example_dags/tutorial.py
[2024-08-05T00:20:47.286+0000] {processor.py:840} INFO - DAG(s) 'tutorial' retrieved from /home/airflow/.local/lib/python3.12/site-packages/airflow/example_dags/tutorial.py
[2024-08-05T00:20:47.305+0000] {logging_mixin.py:188} INFO - [2024-08-05T00:20:47.305+0000] {dag.py:3089} INFO - Sync 1 DAGs
[2024-08-05T00:20:47.322+0000] {logging_mixin.py:188} INFO - [2024-08-05T00:20:47.322+0000] {dag.py:3947} INFO - Setting next_dagrun for tutorial to 2024-08-04 00:00:00+00:00, run_after=2024-08-05 00:00:00+00:00
[2024-08-05T00:20:47.338+0000] {processor.py:183} INFO - Processing /home/airflow/.local/lib/python3.12/site-packages/airflow/example_dags/tutorial.py took 0.064 seconds
[2024-08-05T00:21:18.380+0000] {processor.py:161} INFO - Started process (PID=15684) to work on /home/airflow/.local/lib/python3.12/site-packages/airflow/example_dags/tutorial.py
[2024-08-05T00:21:18.385+0000] {processor.py:830} INFO - Processing file /home/airflow/.local/lib/python3.12/site-packages/airflow/example_dags/tutorial.py for tasks to queue
[2024-08-05T00:21:18.399+0000] {logging_mixin.py:188} INFO - [2024-08-05T00:21:18.393+0000] {dagbag.py:545} INFO - Filling up the DagBag from /home/airflow/.local/lib/python3.12/site-packages/airflow/example_dags/tutorial.py
[2024-08-05T00:21:18.443+0000] {processor.py:840} INFO - DAG(s) 'tutorial' retrieved from /home/airflow/.local/lib/python3.12/site-packages/airflow/example_dags/tutorial.py
[2024-08-05T00:21:18.547+0000] {logging_mixin.py:188} INFO - [2024-08-05T00:21:18.545+0000] {dag.py:3089} INFO - Sync 1 DAGs
[2024-08-05T00:21:18.616+0000] {logging_mixin.py:188} INFO - [2024-08-05T00:21:18.615+0000] {dag.py:3947} INFO - Setting next_dagrun for tutorial to 2024-08-04 00:00:00+00:00, run_after=2024-08-05 00:00:00+00:00
[2024-08-05T00:21:18.647+0000] {processor.py:183} INFO - Processing /home/airflow/.local/lib/python3.12/site-packages/airflow/example_dags/tutorial.py took 0.278 seconds
[2024-08-05T00:21:49.010+0000] {processor.py:161} INFO - Started process (PID=15750) to work on /home/airflow/.local/lib/python3.12/site-packages/airflow/example_dags/tutorial.py
[2024-08-05T00:21:49.013+0000] {processor.py:830} INFO - Processing file /home/airflow/.local/lib/python3.12/site-packages/airflow/example_dags/tutorial.py for tasks to queue
[2024-08-05T00:21:49.014+0000] {logging_mixin.py:188} INFO - [2024-08-05T00:21:49.014+0000] {dagbag.py:545} INFO - Filling up the DagBag from /home/airflow/.local/lib/python3.12/site-packages/airflow/example_dags/tutorial.py
[2024-08-05T00:21:49.018+0000] {processor.py:840} INFO - DAG(s) 'tutorial' retrieved from /home/airflow/.local/lib/python3.12/site-packages/airflow/example_dags/tutorial.py
[2024-08-05T00:21:49.033+0000] {logging_mixin.py:188} INFO - [2024-08-05T00:21:49.033+0000] {dag.py:3089} INFO - Sync 1 DAGs
[2024-08-05T00:21:49.046+0000] {logging_mixin.py:188} INFO - [2024-08-05T00:21:49.045+0000] {dag.py:3947} INFO - Setting next_dagrun for tutorial to 2024-08-04 00:00:00+00:00, run_after=2024-08-05 00:00:00+00:00
[2024-08-05T00:21:49.054+0000] {processor.py:183} INFO - Processing /home/airflow/.local/lib/python3.12/site-packages/airflow/example_dags/tutorial.py took 0.047 seconds
