[2024-08-05T00:00:25.677+0000] {processor.py:161} INFO - Started process (PID=13100) to work on /home/airflow/.local/lib/python3.12/site-packages/airflow/example_dags/tutorial_dag.py
[2024-08-05T00:00:25.684+0000] {processor.py:830} INFO - Processing file /home/airflow/.local/lib/python3.12/site-packages/airflow/example_dags/tutorial_dag.py for tasks to queue
[2024-08-05T00:00:25.688+0000] {logging_mixin.py:188} INFO - [2024-08-05T00:00:25.687+0000] {dagbag.py:545} INFO - Filling up the DagBag from /home/airflow/.local/lib/python3.12/site-packages/airflow/example_dags/tutorial_dag.py
[2024-08-05T00:00:25.751+0000] {processor.py:840} INFO - DAG(s) 'tutorial_dag' retrieved from /home/airflow/.local/lib/python3.12/site-packages/airflow/example_dags/tutorial_dag.py
[2024-08-05T00:00:25.992+0000] {logging_mixin.py:188} INFO - [2024-08-05T00:00:25.991+0000] {dag.py:3089} INFO - Sync 1 DAGs
[2024-08-05T00:00:26.075+0000] {logging_mixin.py:188} INFO - [2024-08-05T00:00:26.074+0000] {dag.py:3947} INFO - Setting next_dagrun for tutorial_dag to None, run_after=None
[2024-08-05T00:00:26.171+0000] {processor.py:183} INFO - Processing /home/airflow/.local/lib/python3.12/site-packages/airflow/example_dags/tutorial_dag.py took 0.564 seconds
[2024-08-05T00:00:56.506+0000] {processor.py:161} INFO - Started process (PID=13168) to work on /home/airflow/.local/lib/python3.12/site-packages/airflow/example_dags/tutorial_dag.py
[2024-08-05T00:00:56.508+0000] {processor.py:830} INFO - Processing file /home/airflow/.local/lib/python3.12/site-packages/airflow/example_dags/tutorial_dag.py for tasks to queue
[2024-08-05T00:00:56.509+0000] {logging_mixin.py:188} INFO - [2024-08-05T00:00:56.509+0000] {dagbag.py:545} INFO - Filling up the DagBag from /home/airflow/.local/lib/python3.12/site-packages/airflow/example_dags/tutorial_dag.py
[2024-08-05T00:00:56.516+0000] {processor.py:840} INFO - DAG(s) 'tutorial_dag' retrieved from /home/airflow/.local/lib/python3.12/site-packages/airflow/example_dags/tutorial_dag.py
[2024-08-05T00:00:56.554+0000] {logging_mixin.py:188} INFO - [2024-08-05T00:00:56.553+0000] {dag.py:3089} INFO - Sync 1 DAGs
[2024-08-05T00:00:56.562+0000] {logging_mixin.py:188} INFO - [2024-08-05T00:00:56.562+0000] {dag.py:3947} INFO - Setting next_dagrun for tutorial_dag to None, run_after=None
[2024-08-05T00:00:56.576+0000] {processor.py:183} INFO - Processing /home/airflow/.local/lib/python3.12/site-packages/airflow/example_dags/tutorial_dag.py took 0.079 seconds
[2024-08-05T00:01:27.118+0000] {processor.py:161} INFO - Started process (PID=13229) to work on /home/airflow/.local/lib/python3.12/site-packages/airflow/example_dags/tutorial_dag.py
[2024-08-05T00:01:27.124+0000] {processor.py:830} INFO - Processing file /home/airflow/.local/lib/python3.12/site-packages/airflow/example_dags/tutorial_dag.py for tasks to queue
[2024-08-05T00:01:27.128+0000] {logging_mixin.py:188} INFO - [2024-08-05T00:01:27.127+0000] {dagbag.py:545} INFO - Filling up the DagBag from /home/airflow/.local/lib/python3.12/site-packages/airflow/example_dags/tutorial_dag.py
[2024-08-05T00:01:27.140+0000] {processor.py:840} INFO - DAG(s) 'tutorial_dag' retrieved from /home/airflow/.local/lib/python3.12/site-packages/airflow/example_dags/tutorial_dag.py
[2024-08-05T00:01:27.169+0000] {logging_mixin.py:188} INFO - [2024-08-05T00:01:27.168+0000] {dag.py:3089} INFO - Sync 1 DAGs
[2024-08-05T00:01:27.182+0000] {logging_mixin.py:188} INFO - [2024-08-05T00:01:27.181+0000] {dag.py:3947} INFO - Setting next_dagrun for tutorial_dag to None, run_after=None
[2024-08-05T00:01:27.217+0000] {processor.py:183} INFO - Processing /home/airflow/.local/lib/python3.12/site-packages/airflow/example_dags/tutorial_dag.py took 0.121 seconds
[2024-08-05T00:01:57.772+0000] {processor.py:161} INFO - Started process (PID=13300) to work on /home/airflow/.local/lib/python3.12/site-packages/airflow/example_dags/tutorial_dag.py
[2024-08-05T00:01:57.773+0000] {processor.py:830} INFO - Processing file /home/airflow/.local/lib/python3.12/site-packages/airflow/example_dags/tutorial_dag.py for tasks to queue
[2024-08-05T00:01:57.776+0000] {logging_mixin.py:188} INFO - [2024-08-05T00:01:57.775+0000] {dagbag.py:545} INFO - Filling up the DagBag from /home/airflow/.local/lib/python3.12/site-packages/airflow/example_dags/tutorial_dag.py
[2024-08-05T00:01:57.791+0000] {processor.py:840} INFO - DAG(s) 'tutorial_dag' retrieved from /home/airflow/.local/lib/python3.12/site-packages/airflow/example_dags/tutorial_dag.py
[2024-08-05T00:01:57.846+0000] {logging_mixin.py:188} INFO - [2024-08-05T00:01:57.845+0000] {dag.py:3089} INFO - Sync 1 DAGs
[2024-08-05T00:01:57.899+0000] {logging_mixin.py:188} INFO - [2024-08-05T00:01:57.899+0000] {dag.py:3947} INFO - Setting next_dagrun for tutorial_dag to None, run_after=None
[2024-08-05T00:01:57.927+0000] {processor.py:183} INFO - Processing /home/airflow/.local/lib/python3.12/site-packages/airflow/example_dags/tutorial_dag.py took 0.181 seconds
[2024-08-05T00:02:28.323+0000] {processor.py:161} INFO - Started process (PID=13361) to work on /home/airflow/.local/lib/python3.12/site-packages/airflow/example_dags/tutorial_dag.py
[2024-08-05T00:02:28.329+0000] {processor.py:830} INFO - Processing file /home/airflow/.local/lib/python3.12/site-packages/airflow/example_dags/tutorial_dag.py for tasks to queue
[2024-08-05T00:02:28.332+0000] {logging_mixin.py:188} INFO - [2024-08-05T00:02:28.331+0000] {dagbag.py:545} INFO - Filling up the DagBag from /home/airflow/.local/lib/python3.12/site-packages/airflow/example_dags/tutorial_dag.py
[2024-08-05T00:02:28.343+0000] {processor.py:840} INFO - DAG(s) 'tutorial_dag' retrieved from /home/airflow/.local/lib/python3.12/site-packages/airflow/example_dags/tutorial_dag.py
[2024-08-05T00:02:28.391+0000] {logging_mixin.py:188} INFO - [2024-08-05T00:02:28.391+0000] {dag.py:3089} INFO - Sync 1 DAGs
[2024-08-05T00:02:28.403+0000] {logging_mixin.py:188} INFO - [2024-08-05T00:02:28.403+0000] {dag.py:3947} INFO - Setting next_dagrun for tutorial_dag to None, run_after=None
[2024-08-05T00:02:28.436+0000] {processor.py:183} INFO - Processing /home/airflow/.local/lib/python3.12/site-packages/airflow/example_dags/tutorial_dag.py took 0.130 seconds
[2024-08-05T00:02:58.662+0000] {processor.py:161} INFO - Started process (PID=13422) to work on /home/airflow/.local/lib/python3.12/site-packages/airflow/example_dags/tutorial_dag.py
[2024-08-05T00:02:58.668+0000] {processor.py:830} INFO - Processing file /home/airflow/.local/lib/python3.12/site-packages/airflow/example_dags/tutorial_dag.py for tasks to queue
[2024-08-05T00:02:58.673+0000] {logging_mixin.py:188} INFO - [2024-08-05T00:02:58.672+0000] {dagbag.py:545} INFO - Filling up the DagBag from /home/airflow/.local/lib/python3.12/site-packages/airflow/example_dags/tutorial_dag.py
[2024-08-05T00:02:58.699+0000] {processor.py:840} INFO - DAG(s) 'tutorial_dag' retrieved from /home/airflow/.local/lib/python3.12/site-packages/airflow/example_dags/tutorial_dag.py
[2024-08-05T00:02:58.729+0000] {logging_mixin.py:188} INFO - [2024-08-05T00:02:58.729+0000] {dag.py:3089} INFO - Sync 1 DAGs
[2024-08-05T00:02:58.739+0000] {logging_mixin.py:188} INFO - [2024-08-05T00:02:58.739+0000] {dag.py:3947} INFO - Setting next_dagrun for tutorial_dag to None, run_after=None
[2024-08-05T00:02:58.765+0000] {processor.py:183} INFO - Processing /home/airflow/.local/lib/python3.12/site-packages/airflow/example_dags/tutorial_dag.py took 0.114 seconds
[2024-08-05T00:03:28.957+0000] {processor.py:161} INFO - Started process (PID=13483) to work on /home/airflow/.local/lib/python3.12/site-packages/airflow/example_dags/tutorial_dag.py
[2024-08-05T00:03:28.959+0000] {processor.py:830} INFO - Processing file /home/airflow/.local/lib/python3.12/site-packages/airflow/example_dags/tutorial_dag.py for tasks to queue
[2024-08-05T00:03:28.961+0000] {logging_mixin.py:188} INFO - [2024-08-05T00:03:28.960+0000] {dagbag.py:545} INFO - Filling up the DagBag from /home/airflow/.local/lib/python3.12/site-packages/airflow/example_dags/tutorial_dag.py
[2024-08-05T00:03:28.972+0000] {processor.py:840} INFO - DAG(s) 'tutorial_dag' retrieved from /home/airflow/.local/lib/python3.12/site-packages/airflow/example_dags/tutorial_dag.py
[2024-08-05T00:03:29.019+0000] {logging_mixin.py:188} INFO - [2024-08-05T00:03:29.019+0000] {dag.py:3089} INFO - Sync 1 DAGs
[2024-08-05T00:03:29.037+0000] {logging_mixin.py:188} INFO - [2024-08-05T00:03:29.037+0000] {dag.py:3947} INFO - Setting next_dagrun for tutorial_dag to None, run_after=None
[2024-08-05T00:03:29.060+0000] {processor.py:183} INFO - Processing /home/airflow/.local/lib/python3.12/site-packages/airflow/example_dags/tutorial_dag.py took 0.111 seconds
[2024-08-05T00:03:59.342+0000] {processor.py:161} INFO - Started process (PID=13544) to work on /home/airflow/.local/lib/python3.12/site-packages/airflow/example_dags/tutorial_dag.py
[2024-08-05T00:03:59.345+0000] {processor.py:830} INFO - Processing file /home/airflow/.local/lib/python3.12/site-packages/airflow/example_dags/tutorial_dag.py for tasks to queue
[2024-08-05T00:03:59.346+0000] {logging_mixin.py:188} INFO - [2024-08-05T00:03:59.346+0000] {dagbag.py:545} INFO - Filling up the DagBag from /home/airflow/.local/lib/python3.12/site-packages/airflow/example_dags/tutorial_dag.py
[2024-08-05T00:03:59.357+0000] {processor.py:840} INFO - DAG(s) 'tutorial_dag' retrieved from /home/airflow/.local/lib/python3.12/site-packages/airflow/example_dags/tutorial_dag.py
[2024-08-05T00:03:59.390+0000] {logging_mixin.py:188} INFO - [2024-08-05T00:03:59.390+0000] {dag.py:3089} INFO - Sync 1 DAGs
[2024-08-05T00:03:59.402+0000] {logging_mixin.py:188} INFO - [2024-08-05T00:03:59.402+0000] {dag.py:3947} INFO - Setting next_dagrun for tutorial_dag to None, run_after=None
[2024-08-05T00:03:59.419+0000] {processor.py:183} INFO - Processing /home/airflow/.local/lib/python3.12/site-packages/airflow/example_dags/tutorial_dag.py took 0.089 seconds
[2024-08-05T00:04:29.959+0000] {processor.py:161} INFO - Started process (PID=13605) to work on /home/airflow/.local/lib/python3.12/site-packages/airflow/example_dags/tutorial_dag.py
[2024-08-05T00:04:29.960+0000] {processor.py:830} INFO - Processing file /home/airflow/.local/lib/python3.12/site-packages/airflow/example_dags/tutorial_dag.py for tasks to queue
[2024-08-05T00:04:29.964+0000] {logging_mixin.py:188} INFO - [2024-08-05T00:04:29.964+0000] {dagbag.py:545} INFO - Filling up the DagBag from /home/airflow/.local/lib/python3.12/site-packages/airflow/example_dags/tutorial_dag.py
[2024-08-05T00:04:29.971+0000] {processor.py:840} INFO - DAG(s) 'tutorial_dag' retrieved from /home/airflow/.local/lib/python3.12/site-packages/airflow/example_dags/tutorial_dag.py
[2024-08-05T00:04:29.992+0000] {logging_mixin.py:188} INFO - [2024-08-05T00:04:29.992+0000] {dag.py:3089} INFO - Sync 1 DAGs
[2024-08-05T00:04:30.002+0000] {logging_mixin.py:188} INFO - [2024-08-05T00:04:30.002+0000] {dag.py:3947} INFO - Setting next_dagrun for tutorial_dag to None, run_after=None
[2024-08-05T00:04:30.017+0000] {processor.py:183} INFO - Processing /home/airflow/.local/lib/python3.12/site-packages/airflow/example_dags/tutorial_dag.py took 0.066 seconds
[2024-08-05T00:05:00.265+0000] {processor.py:161} INFO - Started process (PID=13666) to work on /home/airflow/.local/lib/python3.12/site-packages/airflow/example_dags/tutorial_dag.py
[2024-08-05T00:05:00.267+0000] {processor.py:830} INFO - Processing file /home/airflow/.local/lib/python3.12/site-packages/airflow/example_dags/tutorial_dag.py for tasks to queue
[2024-08-05T00:05:00.269+0000] {logging_mixin.py:188} INFO - [2024-08-05T00:05:00.269+0000] {dagbag.py:545} INFO - Filling up the DagBag from /home/airflow/.local/lib/python3.12/site-packages/airflow/example_dags/tutorial_dag.py
[2024-08-05T00:05:00.281+0000] {processor.py:840} INFO - DAG(s) 'tutorial_dag' retrieved from /home/airflow/.local/lib/python3.12/site-packages/airflow/example_dags/tutorial_dag.py
[2024-08-05T00:05:00.313+0000] {logging_mixin.py:188} INFO - [2024-08-05T00:05:00.312+0000] {dag.py:3089} INFO - Sync 1 DAGs
[2024-08-05T00:05:00.336+0000] {logging_mixin.py:188} INFO - [2024-08-05T00:05:00.336+0000] {dag.py:3947} INFO - Setting next_dagrun for tutorial_dag to None, run_after=None
[2024-08-05T00:05:00.365+0000] {processor.py:183} INFO - Processing /home/airflow/.local/lib/python3.12/site-packages/airflow/example_dags/tutorial_dag.py took 0.111 seconds
[2024-08-05T00:05:31.065+0000] {processor.py:161} INFO - Started process (PID=13727) to work on /home/airflow/.local/lib/python3.12/site-packages/airflow/example_dags/tutorial_dag.py
[2024-08-05T00:05:31.067+0000] {processor.py:830} INFO - Processing file /home/airflow/.local/lib/python3.12/site-packages/airflow/example_dags/tutorial_dag.py for tasks to queue
[2024-08-05T00:05:31.069+0000] {logging_mixin.py:188} INFO - [2024-08-05T00:05:31.069+0000] {dagbag.py:545} INFO - Filling up the DagBag from /home/airflow/.local/lib/python3.12/site-packages/airflow/example_dags/tutorial_dag.py
[2024-08-05T00:05:31.083+0000] {processor.py:840} INFO - DAG(s) 'tutorial_dag' retrieved from /home/airflow/.local/lib/python3.12/site-packages/airflow/example_dags/tutorial_dag.py
[2024-08-05T00:05:31.136+0000] {logging_mixin.py:188} INFO - [2024-08-05T00:05:31.135+0000] {dag.py:3089} INFO - Sync 1 DAGs
[2024-08-05T00:05:31.149+0000] {logging_mixin.py:188} INFO - [2024-08-05T00:05:31.149+0000] {dag.py:3947} INFO - Setting next_dagrun for tutorial_dag to None, run_after=None
[2024-08-05T00:05:31.170+0000] {processor.py:183} INFO - Processing /home/airflow/.local/lib/python3.12/site-packages/airflow/example_dags/tutorial_dag.py took 0.125 seconds
[2024-08-05T00:06:01.395+0000] {processor.py:161} INFO - Started process (PID=13788) to work on /home/airflow/.local/lib/python3.12/site-packages/airflow/example_dags/tutorial_dag.py
[2024-08-05T00:06:01.397+0000] {processor.py:830} INFO - Processing file /home/airflow/.local/lib/python3.12/site-packages/airflow/example_dags/tutorial_dag.py for tasks to queue
[2024-08-05T00:06:01.399+0000] {logging_mixin.py:188} INFO - [2024-08-05T00:06:01.398+0000] {dagbag.py:545} INFO - Filling up the DagBag from /home/airflow/.local/lib/python3.12/site-packages/airflow/example_dags/tutorial_dag.py
[2024-08-05T00:06:01.412+0000] {processor.py:840} INFO - DAG(s) 'tutorial_dag' retrieved from /home/airflow/.local/lib/python3.12/site-packages/airflow/example_dags/tutorial_dag.py
[2024-08-05T00:06:01.450+0000] {logging_mixin.py:188} INFO - [2024-08-05T00:06:01.450+0000] {dag.py:3089} INFO - Sync 1 DAGs
[2024-08-05T00:06:01.477+0000] {logging_mixin.py:188} INFO - [2024-08-05T00:06:01.477+0000] {dag.py:3947} INFO - Setting next_dagrun for tutorial_dag to None, run_after=None
[2024-08-05T00:06:01.499+0000] {processor.py:183} INFO - Processing /home/airflow/.local/lib/python3.12/site-packages/airflow/example_dags/tutorial_dag.py took 0.115 seconds
[2024-08-05T00:06:31.744+0000] {processor.py:161} INFO - Started process (PID=13849) to work on /home/airflow/.local/lib/python3.12/site-packages/airflow/example_dags/tutorial_dag.py
[2024-08-05T00:06:31.748+0000] {processor.py:830} INFO - Processing file /home/airflow/.local/lib/python3.12/site-packages/airflow/example_dags/tutorial_dag.py for tasks to queue
[2024-08-05T00:06:31.749+0000] {logging_mixin.py:188} INFO - [2024-08-05T00:06:31.748+0000] {dagbag.py:545} INFO - Filling up the DagBag from /home/airflow/.local/lib/python3.12/site-packages/airflow/example_dags/tutorial_dag.py
[2024-08-05T00:06:31.815+0000] {processor.py:840} INFO - DAG(s) 'tutorial_dag' retrieved from /home/airflow/.local/lib/python3.12/site-packages/airflow/example_dags/tutorial_dag.py
[2024-08-05T00:06:31.866+0000] {logging_mixin.py:188} INFO - [2024-08-05T00:06:31.865+0000] {dag.py:3089} INFO - Sync 1 DAGs
[2024-08-05T00:06:31.880+0000] {logging_mixin.py:188} INFO - [2024-08-05T00:06:31.880+0000] {dag.py:3947} INFO - Setting next_dagrun for tutorial_dag to None, run_after=None
[2024-08-05T00:06:31.913+0000] {processor.py:183} INFO - Processing /home/airflow/.local/lib/python3.12/site-packages/airflow/example_dags/tutorial_dag.py took 0.191 seconds
[2024-08-05T00:07:02.188+0000] {processor.py:161} INFO - Started process (PID=13920) to work on /home/airflow/.local/lib/python3.12/site-packages/airflow/example_dags/tutorial_dag.py
[2024-08-05T00:07:02.191+0000] {processor.py:830} INFO - Processing file /home/airflow/.local/lib/python3.12/site-packages/airflow/example_dags/tutorial_dag.py for tasks to queue
[2024-08-05T00:07:02.207+0000] {logging_mixin.py:188} INFO - [2024-08-05T00:07:02.203+0000] {dagbag.py:545} INFO - Filling up the DagBag from /home/airflow/.local/lib/python3.12/site-packages/airflow/example_dags/tutorial_dag.py
[2024-08-05T00:07:02.241+0000] {processor.py:840} INFO - DAG(s) 'tutorial_dag' retrieved from /home/airflow/.local/lib/python3.12/site-packages/airflow/example_dags/tutorial_dag.py
[2024-08-05T00:07:02.307+0000] {logging_mixin.py:188} INFO - [2024-08-05T00:07:02.307+0000] {dag.py:3089} INFO - Sync 1 DAGs
[2024-08-05T00:07:02.335+0000] {logging_mixin.py:188} INFO - [2024-08-05T00:07:02.334+0000] {dag.py:3947} INFO - Setting next_dagrun for tutorial_dag to None, run_after=None
[2024-08-05T00:07:02.366+0000] {processor.py:183} INFO - Processing /home/airflow/.local/lib/python3.12/site-packages/airflow/example_dags/tutorial_dag.py took 0.185 seconds
[2024-08-05T00:07:32.689+0000] {processor.py:161} INFO - Started process (PID=13981) to work on /home/airflow/.local/lib/python3.12/site-packages/airflow/example_dags/tutorial_dag.py
[2024-08-05T00:07:32.695+0000] {processor.py:830} INFO - Processing file /home/airflow/.local/lib/python3.12/site-packages/airflow/example_dags/tutorial_dag.py for tasks to queue
[2024-08-05T00:07:32.697+0000] {logging_mixin.py:188} INFO - [2024-08-05T00:07:32.697+0000] {dagbag.py:545} INFO - Filling up the DagBag from /home/airflow/.local/lib/python3.12/site-packages/airflow/example_dags/tutorial_dag.py
[2024-08-05T00:07:32.708+0000] {processor.py:840} INFO - DAG(s) 'tutorial_dag' retrieved from /home/airflow/.local/lib/python3.12/site-packages/airflow/example_dags/tutorial_dag.py
[2024-08-05T00:07:32.742+0000] {logging_mixin.py:188} INFO - [2024-08-05T00:07:32.742+0000] {dag.py:3089} INFO - Sync 1 DAGs
[2024-08-05T00:07:32.772+0000] {logging_mixin.py:188} INFO - [2024-08-05T00:07:32.771+0000] {dag.py:3947} INFO - Setting next_dagrun for tutorial_dag to None, run_after=None
[2024-08-05T00:07:32.805+0000] {processor.py:183} INFO - Processing /home/airflow/.local/lib/python3.12/site-packages/airflow/example_dags/tutorial_dag.py took 0.142 seconds
[2024-08-05T00:08:02.987+0000] {processor.py:161} INFO - Started process (PID=14042) to work on /home/airflow/.local/lib/python3.12/site-packages/airflow/example_dags/tutorial_dag.py
[2024-08-05T00:08:02.993+0000] {processor.py:830} INFO - Processing file /home/airflow/.local/lib/python3.12/site-packages/airflow/example_dags/tutorial_dag.py for tasks to queue
[2024-08-05T00:08:02.999+0000] {logging_mixin.py:188} INFO - [2024-08-05T00:08:02.997+0000] {dagbag.py:545} INFO - Filling up the DagBag from /home/airflow/.local/lib/python3.12/site-packages/airflow/example_dags/tutorial_dag.py
[2024-08-05T00:08:03.041+0000] {processor.py:840} INFO - DAG(s) 'tutorial_dag' retrieved from /home/airflow/.local/lib/python3.12/site-packages/airflow/example_dags/tutorial_dag.py
[2024-08-05T00:08:03.094+0000] {logging_mixin.py:188} INFO - [2024-08-05T00:08:03.094+0000] {dag.py:3089} INFO - Sync 1 DAGs
[2024-08-05T00:08:03.110+0000] {logging_mixin.py:188} INFO - [2024-08-05T00:08:03.110+0000] {dag.py:3947} INFO - Setting next_dagrun for tutorial_dag to None, run_after=None
[2024-08-05T00:08:03.126+0000] {processor.py:183} INFO - Processing /home/airflow/.local/lib/python3.12/site-packages/airflow/example_dags/tutorial_dag.py took 0.152 seconds
[2024-08-05T00:08:33.369+0000] {processor.py:161} INFO - Started process (PID=14103) to work on /home/airflow/.local/lib/python3.12/site-packages/airflow/example_dags/tutorial_dag.py
[2024-08-05T00:08:33.373+0000] {processor.py:830} INFO - Processing file /home/airflow/.local/lib/python3.12/site-packages/airflow/example_dags/tutorial_dag.py for tasks to queue
[2024-08-05T00:08:33.373+0000] {logging_mixin.py:188} INFO - [2024-08-05T00:08:33.373+0000] {dagbag.py:545} INFO - Filling up the DagBag from /home/airflow/.local/lib/python3.12/site-packages/airflow/example_dags/tutorial_dag.py
[2024-08-05T00:08:33.383+0000] {processor.py:840} INFO - DAG(s) 'tutorial_dag' retrieved from /home/airflow/.local/lib/python3.12/site-packages/airflow/example_dags/tutorial_dag.py
[2024-08-05T00:08:33.400+0000] {logging_mixin.py:188} INFO - [2024-08-05T00:08:33.400+0000] {dag.py:3089} INFO - Sync 1 DAGs
[2024-08-05T00:08:33.409+0000] {logging_mixin.py:188} INFO - [2024-08-05T00:08:33.409+0000] {dag.py:3947} INFO - Setting next_dagrun for tutorial_dag to None, run_after=None
[2024-08-05T00:08:33.424+0000] {processor.py:183} INFO - Processing /home/airflow/.local/lib/python3.12/site-packages/airflow/example_dags/tutorial_dag.py took 0.060 seconds
[2024-08-05T00:09:03.788+0000] {processor.py:161} INFO - Started process (PID=14165) to work on /home/airflow/.local/lib/python3.12/site-packages/airflow/example_dags/tutorial_dag.py
[2024-08-05T00:09:03.790+0000] {processor.py:830} INFO - Processing file /home/airflow/.local/lib/python3.12/site-packages/airflow/example_dags/tutorial_dag.py for tasks to queue
[2024-08-05T00:09:03.792+0000] {logging_mixin.py:188} INFO - [2024-08-05T00:09:03.791+0000] {dagbag.py:545} INFO - Filling up the DagBag from /home/airflow/.local/lib/python3.12/site-packages/airflow/example_dags/tutorial_dag.py
[2024-08-05T00:09:03.801+0000] {processor.py:840} INFO - DAG(s) 'tutorial_dag' retrieved from /home/airflow/.local/lib/python3.12/site-packages/airflow/example_dags/tutorial_dag.py
[2024-08-05T00:09:03.834+0000] {logging_mixin.py:188} INFO - [2024-08-05T00:09:03.834+0000] {dag.py:3089} INFO - Sync 1 DAGs
[2024-08-05T00:09:03.863+0000] {logging_mixin.py:188} INFO - [2024-08-05T00:09:03.863+0000] {dag.py:3947} INFO - Setting next_dagrun for tutorial_dag to None, run_after=None
[2024-08-05T00:09:03.884+0000] {processor.py:183} INFO - Processing /home/airflow/.local/lib/python3.12/site-packages/airflow/example_dags/tutorial_dag.py took 0.110 seconds
[2024-08-05T00:09:34.647+0000] {processor.py:161} INFO - Started process (PID=14226) to work on /home/airflow/.local/lib/python3.12/site-packages/airflow/example_dags/tutorial_dag.py
[2024-08-05T00:09:34.649+0000] {processor.py:830} INFO - Processing file /home/airflow/.local/lib/python3.12/site-packages/airflow/example_dags/tutorial_dag.py for tasks to queue
[2024-08-05T00:09:34.657+0000] {logging_mixin.py:188} INFO - [2024-08-05T00:09:34.653+0000] {dagbag.py:545} INFO - Filling up the DagBag from /home/airflow/.local/lib/python3.12/site-packages/airflow/example_dags/tutorial_dag.py
[2024-08-05T00:09:34.694+0000] {processor.py:840} INFO - DAG(s) 'tutorial_dag' retrieved from /home/airflow/.local/lib/python3.12/site-packages/airflow/example_dags/tutorial_dag.py
[2024-08-05T00:09:34.843+0000] {logging_mixin.py:188} INFO - [2024-08-05T00:09:34.842+0000] {dag.py:3089} INFO - Sync 1 DAGs
[2024-08-05T00:09:34.924+0000] {logging_mixin.py:188} INFO - [2024-08-05T00:09:34.924+0000] {dag.py:3947} INFO - Setting next_dagrun for tutorial_dag to None, run_after=None
[2024-08-05T00:09:34.985+0000] {processor.py:183} INFO - Processing /home/airflow/.local/lib/python3.12/site-packages/airflow/example_dags/tutorial_dag.py took 0.366 seconds
[2024-08-05T00:10:05.043+0000] {processor.py:161} INFO - Started process (PID=14286) to work on /home/airflow/.local/lib/python3.12/site-packages/airflow/example_dags/tutorial_dag.py
[2024-08-05T00:10:05.044+0000] {processor.py:830} INFO - Processing file /home/airflow/.local/lib/python3.12/site-packages/airflow/example_dags/tutorial_dag.py for tasks to queue
[2024-08-05T00:10:05.045+0000] {logging_mixin.py:188} INFO - [2024-08-05T00:10:05.045+0000] {dagbag.py:545} INFO - Filling up the DagBag from /home/airflow/.local/lib/python3.12/site-packages/airflow/example_dags/tutorial_dag.py
[2024-08-05T00:10:05.051+0000] {processor.py:840} INFO - DAG(s) 'tutorial_dag' retrieved from /home/airflow/.local/lib/python3.12/site-packages/airflow/example_dags/tutorial_dag.py
[2024-08-05T00:10:05.067+0000] {logging_mixin.py:188} INFO - [2024-08-05T00:10:05.067+0000] {dag.py:3089} INFO - Sync 1 DAGs
[2024-08-05T00:10:05.077+0000] {logging_mixin.py:188} INFO - [2024-08-05T00:10:05.076+0000] {dag.py:3947} INFO - Setting next_dagrun for tutorial_dag to None, run_after=None
[2024-08-05T00:10:05.087+0000] {processor.py:183} INFO - Processing /home/airflow/.local/lib/python3.12/site-packages/airflow/example_dags/tutorial_dag.py took 0.050 seconds
[2024-08-05T00:10:35.861+0000] {processor.py:161} INFO - Started process (PID=14356) to work on /home/airflow/.local/lib/python3.12/site-packages/airflow/example_dags/tutorial_dag.py
[2024-08-05T00:10:35.864+0000] {processor.py:830} INFO - Processing file /home/airflow/.local/lib/python3.12/site-packages/airflow/example_dags/tutorial_dag.py for tasks to queue
[2024-08-05T00:10:35.866+0000] {logging_mixin.py:188} INFO - [2024-08-05T00:10:35.865+0000] {dagbag.py:545} INFO - Filling up the DagBag from /home/airflow/.local/lib/python3.12/site-packages/airflow/example_dags/tutorial_dag.py
[2024-08-05T00:10:35.877+0000] {processor.py:840} INFO - DAG(s) 'tutorial_dag' retrieved from /home/airflow/.local/lib/python3.12/site-packages/airflow/example_dags/tutorial_dag.py
[2024-08-05T00:10:35.918+0000] {logging_mixin.py:188} INFO - [2024-08-05T00:10:35.917+0000] {dag.py:3089} INFO - Sync 1 DAGs
[2024-08-05T00:10:35.929+0000] {logging_mixin.py:188} INFO - [2024-08-05T00:10:35.929+0000] {dag.py:3947} INFO - Setting next_dagrun for tutorial_dag to None, run_after=None
[2024-08-05T00:10:35.944+0000] {processor.py:183} INFO - Processing /home/airflow/.local/lib/python3.12/site-packages/airflow/example_dags/tutorial_dag.py took 0.090 seconds
[2024-08-05T00:11:06.236+0000] {processor.py:161} INFO - Started process (PID=14422) to work on /home/airflow/.local/lib/python3.12/site-packages/airflow/example_dags/tutorial_dag.py
[2024-08-05T00:11:06.245+0000] {processor.py:830} INFO - Processing file /home/airflow/.local/lib/python3.12/site-packages/airflow/example_dags/tutorial_dag.py for tasks to queue
[2024-08-05T00:11:06.252+0000] {logging_mixin.py:188} INFO - [2024-08-05T00:11:06.249+0000] {dagbag.py:545} INFO - Filling up the DagBag from /home/airflow/.local/lib/python3.12/site-packages/airflow/example_dags/tutorial_dag.py
[2024-08-05T00:11:06.286+0000] {processor.py:840} INFO - DAG(s) 'tutorial_dag' retrieved from /home/airflow/.local/lib/python3.12/site-packages/airflow/example_dags/tutorial_dag.py
[2024-08-05T00:11:06.424+0000] {logging_mixin.py:188} INFO - [2024-08-05T00:11:06.423+0000] {dag.py:3089} INFO - Sync 1 DAGs
[2024-08-05T00:11:06.482+0000] {logging_mixin.py:188} INFO - [2024-08-05T00:11:06.481+0000] {dag.py:3947} INFO - Setting next_dagrun for tutorial_dag to None, run_after=None
[2024-08-05T00:11:06.685+0000] {processor.py:183} INFO - Processing /home/airflow/.local/lib/python3.12/site-packages/airflow/example_dags/tutorial_dag.py took 0.497 seconds
[2024-08-05T00:11:37.062+0000] {processor.py:161} INFO - Started process (PID=14488) to work on /home/airflow/.local/lib/python3.12/site-packages/airflow/example_dags/tutorial_dag.py
[2024-08-05T00:11:37.069+0000] {processor.py:830} INFO - Processing file /home/airflow/.local/lib/python3.12/site-packages/airflow/example_dags/tutorial_dag.py for tasks to queue
[2024-08-05T00:11:37.077+0000] {logging_mixin.py:188} INFO - [2024-08-05T00:11:37.076+0000] {dagbag.py:545} INFO - Filling up the DagBag from /home/airflow/.local/lib/python3.12/site-packages/airflow/example_dags/tutorial_dag.py
[2024-08-05T00:11:37.092+0000] {processor.py:840} INFO - DAG(s) 'tutorial_dag' retrieved from /home/airflow/.local/lib/python3.12/site-packages/airflow/example_dags/tutorial_dag.py
[2024-08-05T00:11:37.169+0000] {logging_mixin.py:188} INFO - [2024-08-05T00:11:37.168+0000] {dag.py:3089} INFO - Sync 1 DAGs
[2024-08-05T00:11:37.186+0000] {logging_mixin.py:188} INFO - [2024-08-05T00:11:37.186+0000] {dag.py:3947} INFO - Setting next_dagrun for tutorial_dag to None, run_after=None
[2024-08-05T00:11:37.225+0000] {processor.py:183} INFO - Processing /home/airflow/.local/lib/python3.12/site-packages/airflow/example_dags/tutorial_dag.py took 0.179 seconds
[2024-08-05T00:12:07.343+0000] {processor.py:161} INFO - Started process (PID=14549) to work on /home/airflow/.local/lib/python3.12/site-packages/airflow/example_dags/tutorial_dag.py
[2024-08-05T00:12:07.346+0000] {processor.py:830} INFO - Processing file /home/airflow/.local/lib/python3.12/site-packages/airflow/example_dags/tutorial_dag.py for tasks to queue
[2024-08-05T00:12:07.348+0000] {logging_mixin.py:188} INFO - [2024-08-05T00:12:07.348+0000] {dagbag.py:545} INFO - Filling up the DagBag from /home/airflow/.local/lib/python3.12/site-packages/airflow/example_dags/tutorial_dag.py
[2024-08-05T00:12:07.360+0000] {processor.py:840} INFO - DAG(s) 'tutorial_dag' retrieved from /home/airflow/.local/lib/python3.12/site-packages/airflow/example_dags/tutorial_dag.py
[2024-08-05T00:12:07.403+0000] {logging_mixin.py:188} INFO - [2024-08-05T00:12:07.403+0000] {dag.py:3089} INFO - Sync 1 DAGs
[2024-08-05T00:12:07.435+0000] {logging_mixin.py:188} INFO - [2024-08-05T00:12:07.434+0000] {dag.py:3947} INFO - Setting next_dagrun for tutorial_dag to None, run_after=None
[2024-08-05T00:12:07.458+0000] {processor.py:183} INFO - Processing /home/airflow/.local/lib/python3.12/site-packages/airflow/example_dags/tutorial_dag.py took 0.129 seconds
[2024-08-05T00:12:38.260+0000] {processor.py:161} INFO - Started process (PID=14610) to work on /home/airflow/.local/lib/python3.12/site-packages/airflow/example_dags/tutorial_dag.py
[2024-08-05T00:12:38.261+0000] {processor.py:830} INFO - Processing file /home/airflow/.local/lib/python3.12/site-packages/airflow/example_dags/tutorial_dag.py for tasks to queue
[2024-08-05T00:12:38.267+0000] {logging_mixin.py:188} INFO - [2024-08-05T00:12:38.267+0000] {dagbag.py:545} INFO - Filling up the DagBag from /home/airflow/.local/lib/python3.12/site-packages/airflow/example_dags/tutorial_dag.py
[2024-08-05T00:12:38.275+0000] {processor.py:840} INFO - DAG(s) 'tutorial_dag' retrieved from /home/airflow/.local/lib/python3.12/site-packages/airflow/example_dags/tutorial_dag.py
[2024-08-05T00:12:38.303+0000] {logging_mixin.py:188} INFO - [2024-08-05T00:12:38.303+0000] {dag.py:3089} INFO - Sync 1 DAGs
[2024-08-05T00:12:38.325+0000] {logging_mixin.py:188} INFO - [2024-08-05T00:12:38.324+0000] {dag.py:3947} INFO - Setting next_dagrun for tutorial_dag to None, run_after=None
[2024-08-05T00:12:38.340+0000] {processor.py:183} INFO - Processing /home/airflow/.local/lib/python3.12/site-packages/airflow/example_dags/tutorial_dag.py took 0.090 seconds
[2024-08-05T00:13:09.139+0000] {processor.py:161} INFO - Started process (PID=14671) to work on /home/airflow/.local/lib/python3.12/site-packages/airflow/example_dags/tutorial_dag.py
[2024-08-05T00:13:09.141+0000] {processor.py:830} INFO - Processing file /home/airflow/.local/lib/python3.12/site-packages/airflow/example_dags/tutorial_dag.py for tasks to queue
[2024-08-05T00:13:09.143+0000] {logging_mixin.py:188} INFO - [2024-08-05T00:13:09.143+0000] {dagbag.py:545} INFO - Filling up the DagBag from /home/airflow/.local/lib/python3.12/site-packages/airflow/example_dags/tutorial_dag.py
[2024-08-05T00:13:09.154+0000] {processor.py:840} INFO - DAG(s) 'tutorial_dag' retrieved from /home/airflow/.local/lib/python3.12/site-packages/airflow/example_dags/tutorial_dag.py
[2024-08-05T00:13:09.204+0000] {logging_mixin.py:188} INFO - [2024-08-05T00:13:09.204+0000] {dag.py:3089} INFO - Sync 1 DAGs
[2024-08-05T00:13:09.215+0000] {logging_mixin.py:188} INFO - [2024-08-05T00:13:09.215+0000] {dag.py:3947} INFO - Setting next_dagrun for tutorial_dag to None, run_after=None
[2024-08-05T00:13:09.229+0000] {processor.py:183} INFO - Processing /home/airflow/.local/lib/python3.12/site-packages/airflow/example_dags/tutorial_dag.py took 0.103 seconds
[2024-08-05T00:13:39.963+0000] {processor.py:161} INFO - Started process (PID=14732) to work on /home/airflow/.local/lib/python3.12/site-packages/airflow/example_dags/tutorial_dag.py
[2024-08-05T00:13:39.965+0000] {processor.py:830} INFO - Processing file /home/airflow/.local/lib/python3.12/site-packages/airflow/example_dags/tutorial_dag.py for tasks to queue
[2024-08-05T00:13:39.967+0000] {logging_mixin.py:188} INFO - [2024-08-05T00:13:39.966+0000] {dagbag.py:545} INFO - Filling up the DagBag from /home/airflow/.local/lib/python3.12/site-packages/airflow/example_dags/tutorial_dag.py
[2024-08-05T00:13:39.975+0000] {processor.py:840} INFO - DAG(s) 'tutorial_dag' retrieved from /home/airflow/.local/lib/python3.12/site-packages/airflow/example_dags/tutorial_dag.py
[2024-08-05T00:13:40.009+0000] {logging_mixin.py:188} INFO - [2024-08-05T00:13:40.009+0000] {dag.py:3089} INFO - Sync 1 DAGs
[2024-08-05T00:13:40.038+0000] {logging_mixin.py:188} INFO - [2024-08-05T00:13:40.037+0000] {dag.py:3947} INFO - Setting next_dagrun for tutorial_dag to None, run_after=None
[2024-08-05T00:13:40.055+0000] {processor.py:183} INFO - Processing /home/airflow/.local/lib/python3.12/site-packages/airflow/example_dags/tutorial_dag.py took 0.105 seconds
[2024-08-05T00:14:10.551+0000] {processor.py:161} INFO - Started process (PID=14793) to work on /home/airflow/.local/lib/python3.12/site-packages/airflow/example_dags/tutorial_dag.py
[2024-08-05T00:14:10.553+0000] {processor.py:830} INFO - Processing file /home/airflow/.local/lib/python3.12/site-packages/airflow/example_dags/tutorial_dag.py for tasks to queue
[2024-08-05T00:14:10.554+0000] {logging_mixin.py:188} INFO - [2024-08-05T00:14:10.554+0000] {dagbag.py:545} INFO - Filling up the DagBag from /home/airflow/.local/lib/python3.12/site-packages/airflow/example_dags/tutorial_dag.py
[2024-08-05T00:14:10.564+0000] {processor.py:840} INFO - DAG(s) 'tutorial_dag' retrieved from /home/airflow/.local/lib/python3.12/site-packages/airflow/example_dags/tutorial_dag.py
[2024-08-05T00:14:10.592+0000] {logging_mixin.py:188} INFO - [2024-08-05T00:14:10.592+0000] {dag.py:3089} INFO - Sync 1 DAGs
[2024-08-05T00:14:10.620+0000] {logging_mixin.py:188} INFO - [2024-08-05T00:14:10.619+0000] {dag.py:3947} INFO - Setting next_dagrun for tutorial_dag to None, run_after=None
[2024-08-05T00:14:10.637+0000] {processor.py:183} INFO - Processing /home/airflow/.local/lib/python3.12/site-packages/airflow/example_dags/tutorial_dag.py took 0.106 seconds
[2024-08-05T00:14:40.707+0000] {processor.py:161} INFO - Started process (PID=14854) to work on /home/airflow/.local/lib/python3.12/site-packages/airflow/example_dags/tutorial_dag.py
[2024-08-05T00:14:40.709+0000] {processor.py:830} INFO - Processing file /home/airflow/.local/lib/python3.12/site-packages/airflow/example_dags/tutorial_dag.py for tasks to queue
[2024-08-05T00:14:40.710+0000] {logging_mixin.py:188} INFO - [2024-08-05T00:14:40.709+0000] {dagbag.py:545} INFO - Filling up the DagBag from /home/airflow/.local/lib/python3.12/site-packages/airflow/example_dags/tutorial_dag.py
[2024-08-05T00:14:40.717+0000] {processor.py:840} INFO - DAG(s) 'tutorial_dag' retrieved from /home/airflow/.local/lib/python3.12/site-packages/airflow/example_dags/tutorial_dag.py
[2024-08-05T00:14:40.761+0000] {logging_mixin.py:188} INFO - [2024-08-05T00:14:40.760+0000] {dag.py:3089} INFO - Sync 1 DAGs
[2024-08-05T00:14:40.769+0000] {logging_mixin.py:188} INFO - [2024-08-05T00:14:40.769+0000] {dag.py:3947} INFO - Setting next_dagrun for tutorial_dag to None, run_after=None
[2024-08-05T00:14:40.781+0000] {processor.py:183} INFO - Processing /home/airflow/.local/lib/python3.12/site-packages/airflow/example_dags/tutorial_dag.py took 0.082 seconds
[2024-08-05T00:15:10.955+0000] {processor.py:161} INFO - Started process (PID=14915) to work on /home/airflow/.local/lib/python3.12/site-packages/airflow/example_dags/tutorial_dag.py
[2024-08-05T00:15:10.956+0000] {processor.py:830} INFO - Processing file /home/airflow/.local/lib/python3.12/site-packages/airflow/example_dags/tutorial_dag.py for tasks to queue
[2024-08-05T00:15:10.957+0000] {logging_mixin.py:188} INFO - [2024-08-05T00:15:10.957+0000] {dagbag.py:545} INFO - Filling up the DagBag from /home/airflow/.local/lib/python3.12/site-packages/airflow/example_dags/tutorial_dag.py
[2024-08-05T00:15:10.963+0000] {processor.py:840} INFO - DAG(s) 'tutorial_dag' retrieved from /home/airflow/.local/lib/python3.12/site-packages/airflow/example_dags/tutorial_dag.py
[2024-08-05T00:15:10.983+0000] {logging_mixin.py:188} INFO - [2024-08-05T00:15:10.983+0000] {dag.py:3089} INFO - Sync 1 DAGs
[2024-08-05T00:15:10.994+0000] {logging_mixin.py:188} INFO - [2024-08-05T00:15:10.994+0000] {dag.py:3947} INFO - Setting next_dagrun for tutorial_dag to None, run_after=None
[2024-08-05T00:15:11.006+0000] {processor.py:183} INFO - Processing /home/airflow/.local/lib/python3.12/site-packages/airflow/example_dags/tutorial_dag.py took 0.058 seconds
[2024-08-05T00:15:41.150+0000] {processor.py:161} INFO - Started process (PID=14976) to work on /home/airflow/.local/lib/python3.12/site-packages/airflow/example_dags/tutorial_dag.py
[2024-08-05T00:15:41.157+0000] {processor.py:830} INFO - Processing file /home/airflow/.local/lib/python3.12/site-packages/airflow/example_dags/tutorial_dag.py for tasks to queue
[2024-08-05T00:15:41.162+0000] {logging_mixin.py:188} INFO - [2024-08-05T00:15:41.162+0000] {dagbag.py:545} INFO - Filling up the DagBag from /home/airflow/.local/lib/python3.12/site-packages/airflow/example_dags/tutorial_dag.py
[2024-08-05T00:15:41.197+0000] {processor.py:840} INFO - DAG(s) 'tutorial_dag' retrieved from /home/airflow/.local/lib/python3.12/site-packages/airflow/example_dags/tutorial_dag.py
[2024-08-05T00:15:41.303+0000] {logging_mixin.py:188} INFO - [2024-08-05T00:15:41.303+0000] {dag.py:3089} INFO - Sync 1 DAGs
[2024-08-05T00:15:41.329+0000] {logging_mixin.py:188} INFO - [2024-08-05T00:15:41.329+0000] {dag.py:3947} INFO - Setting next_dagrun for tutorial_dag to None, run_after=None
[2024-08-05T00:15:41.379+0000] {processor.py:183} INFO - Processing /home/airflow/.local/lib/python3.12/site-packages/airflow/example_dags/tutorial_dag.py took 0.259 seconds
[2024-08-05T00:16:11.710+0000] {processor.py:161} INFO - Started process (PID=15047) to work on /home/airflow/.local/lib/python3.12/site-packages/airflow/example_dags/tutorial_dag.py
[2024-08-05T00:16:11.713+0000] {processor.py:830} INFO - Processing file /home/airflow/.local/lib/python3.12/site-packages/airflow/example_dags/tutorial_dag.py for tasks to queue
[2024-08-05T00:16:11.715+0000] {logging_mixin.py:188} INFO - [2024-08-05T00:16:11.714+0000] {dagbag.py:545} INFO - Filling up the DagBag from /home/airflow/.local/lib/python3.12/site-packages/airflow/example_dags/tutorial_dag.py
[2024-08-05T00:16:11.726+0000] {processor.py:840} INFO - DAG(s) 'tutorial_dag' retrieved from /home/airflow/.local/lib/python3.12/site-packages/airflow/example_dags/tutorial_dag.py
[2024-08-05T00:16:11.765+0000] {logging_mixin.py:188} INFO - [2024-08-05T00:16:11.765+0000] {dag.py:3089} INFO - Sync 1 DAGs
[2024-08-05T00:16:11.779+0000] {logging_mixin.py:188} INFO - [2024-08-05T00:16:11.779+0000] {dag.py:3947} INFO - Setting next_dagrun for tutorial_dag to None, run_after=None
[2024-08-05T00:16:11.796+0000] {processor.py:183} INFO - Processing /home/airflow/.local/lib/python3.12/site-packages/airflow/example_dags/tutorial_dag.py took 0.100 seconds
[2024-08-05T00:16:42.892+0000] {processor.py:161} INFO - Started process (PID=15108) to work on /home/airflow/.local/lib/python3.12/site-packages/airflow/example_dags/tutorial_dag.py
[2024-08-05T00:16:42.896+0000] {processor.py:830} INFO - Processing file /home/airflow/.local/lib/python3.12/site-packages/airflow/example_dags/tutorial_dag.py for tasks to queue
[2024-08-05T00:16:42.899+0000] {logging_mixin.py:188} INFO - [2024-08-05T00:16:42.898+0000] {dagbag.py:545} INFO - Filling up the DagBag from /home/airflow/.local/lib/python3.12/site-packages/airflow/example_dags/tutorial_dag.py
[2024-08-05T00:16:42.926+0000] {processor.py:840} INFO - DAG(s) 'tutorial_dag' retrieved from /home/airflow/.local/lib/python3.12/site-packages/airflow/example_dags/tutorial_dag.py
[2024-08-05T00:16:43.015+0000] {logging_mixin.py:188} INFO - [2024-08-05T00:16:43.015+0000] {dag.py:3089} INFO - Sync 1 DAGs
[2024-08-05T00:16:43.062+0000] {logging_mixin.py:188} INFO - [2024-08-05T00:16:43.061+0000] {dag.py:3947} INFO - Setting next_dagrun for tutorial_dag to None, run_after=None
[2024-08-05T00:16:43.108+0000] {processor.py:183} INFO - Processing /home/airflow/.local/lib/python3.12/site-packages/airflow/example_dags/tutorial_dag.py took 0.250 seconds
[2024-08-05T00:17:13.778+0000] {processor.py:161} INFO - Started process (PID=15169) to work on /home/airflow/.local/lib/python3.12/site-packages/airflow/example_dags/tutorial_dag.py
[2024-08-05T00:17:13.780+0000] {processor.py:830} INFO - Processing file /home/airflow/.local/lib/python3.12/site-packages/airflow/example_dags/tutorial_dag.py for tasks to queue
[2024-08-05T00:17:13.781+0000] {logging_mixin.py:188} INFO - [2024-08-05T00:17:13.780+0000] {dagbag.py:545} INFO - Filling up the DagBag from /home/airflow/.local/lib/python3.12/site-packages/airflow/example_dags/tutorial_dag.py
[2024-08-05T00:17:13.806+0000] {processor.py:840} INFO - DAG(s) 'tutorial_dag' retrieved from /home/airflow/.local/lib/python3.12/site-packages/airflow/example_dags/tutorial_dag.py
[2024-08-05T00:17:13.852+0000] {logging_mixin.py:188} INFO - [2024-08-05T00:17:13.851+0000] {dag.py:3089} INFO - Sync 1 DAGs
[2024-08-05T00:17:13.886+0000] {logging_mixin.py:188} INFO - [2024-08-05T00:17:13.886+0000] {dag.py:3947} INFO - Setting next_dagrun for tutorial_dag to None, run_after=None
[2024-08-05T00:17:13.929+0000] {processor.py:183} INFO - Processing /home/airflow/.local/lib/python3.12/site-packages/airflow/example_dags/tutorial_dag.py took 0.162 seconds
[2024-08-05T00:17:44.057+0000] {processor.py:161} INFO - Started process (PID=15240) to work on /home/airflow/.local/lib/python3.12/site-packages/airflow/example_dags/tutorial_dag.py
[2024-08-05T00:17:44.061+0000] {processor.py:830} INFO - Processing file /home/airflow/.local/lib/python3.12/site-packages/airflow/example_dags/tutorial_dag.py for tasks to queue
[2024-08-05T00:17:44.066+0000] {logging_mixin.py:188} INFO - [2024-08-05T00:17:44.065+0000] {dagbag.py:545} INFO - Filling up the DagBag from /home/airflow/.local/lib/python3.12/site-packages/airflow/example_dags/tutorial_dag.py
[2024-08-05T00:17:44.073+0000] {processor.py:840} INFO - DAG(s) 'tutorial_dag' retrieved from /home/airflow/.local/lib/python3.12/site-packages/airflow/example_dags/tutorial_dag.py
[2024-08-05T00:17:44.102+0000] {logging_mixin.py:188} INFO - [2024-08-05T00:17:44.102+0000] {dag.py:3089} INFO - Sync 1 DAGs
[2024-08-05T00:17:44.152+0000] {logging_mixin.py:188} INFO - [2024-08-05T00:17:44.150+0000] {dag.py:3947} INFO - Setting next_dagrun for tutorial_dag to None, run_after=None
[2024-08-05T00:17:44.196+0000] {processor.py:183} INFO - Processing /home/airflow/.local/lib/python3.12/site-packages/airflow/example_dags/tutorial_dag.py took 0.148 seconds
[2024-08-05T00:18:14.817+0000] {processor.py:161} INFO - Started process (PID=15301) to work on /home/airflow/.local/lib/python3.12/site-packages/airflow/example_dags/tutorial_dag.py
[2024-08-05T00:18:14.820+0000] {processor.py:830} INFO - Processing file /home/airflow/.local/lib/python3.12/site-packages/airflow/example_dags/tutorial_dag.py for tasks to queue
[2024-08-05T00:18:14.822+0000] {logging_mixin.py:188} INFO - [2024-08-05T00:18:14.821+0000] {dagbag.py:545} INFO - Filling up the DagBag from /home/airflow/.local/lib/python3.12/site-packages/airflow/example_dags/tutorial_dag.py
[2024-08-05T00:18:14.832+0000] {processor.py:840} INFO - DAG(s) 'tutorial_dag' retrieved from /home/airflow/.local/lib/python3.12/site-packages/airflow/example_dags/tutorial_dag.py
[2024-08-05T00:18:14.862+0000] {logging_mixin.py:188} INFO - [2024-08-05T00:18:14.862+0000] {dag.py:3089} INFO - Sync 1 DAGs
[2024-08-05T00:18:14.893+0000] {logging_mixin.py:188} INFO - [2024-08-05T00:18:14.892+0000] {dag.py:3947} INFO - Setting next_dagrun for tutorial_dag to None, run_after=None
[2024-08-05T00:18:14.912+0000] {processor.py:183} INFO - Processing /home/airflow/.local/lib/python3.12/site-packages/airflow/example_dags/tutorial_dag.py took 0.104 seconds
[2024-08-05T00:18:45.295+0000] {processor.py:161} INFO - Started process (PID=15362) to work on /home/airflow/.local/lib/python3.12/site-packages/airflow/example_dags/tutorial_dag.py
[2024-08-05T00:18:45.311+0000] {processor.py:830} INFO - Processing file /home/airflow/.local/lib/python3.12/site-packages/airflow/example_dags/tutorial_dag.py for tasks to queue
[2024-08-05T00:18:45.332+0000] {logging_mixin.py:188} INFO - [2024-08-05T00:18:45.325+0000] {dagbag.py:545} INFO - Filling up the DagBag from /home/airflow/.local/lib/python3.12/site-packages/airflow/example_dags/tutorial_dag.py
[2024-08-05T00:18:45.345+0000] {processor.py:840} INFO - DAG(s) 'tutorial_dag' retrieved from /home/airflow/.local/lib/python3.12/site-packages/airflow/example_dags/tutorial_dag.py
[2024-08-05T00:18:45.408+0000] {logging_mixin.py:188} INFO - [2024-08-05T00:18:45.408+0000] {dag.py:3089} INFO - Sync 1 DAGs
[2024-08-05T00:18:45.421+0000] {logging_mixin.py:188} INFO - [2024-08-05T00:18:45.421+0000] {dag.py:3947} INFO - Setting next_dagrun for tutorial_dag to None, run_after=None
[2024-08-05T00:18:45.441+0000] {processor.py:183} INFO - Processing /home/airflow/.local/lib/python3.12/site-packages/airflow/example_dags/tutorial_dag.py took 0.175 seconds
[2024-08-05T00:19:15.759+0000] {processor.py:161} INFO - Started process (PID=15423) to work on /home/airflow/.local/lib/python3.12/site-packages/airflow/example_dags/tutorial_dag.py
[2024-08-05T00:19:15.761+0000] {processor.py:830} INFO - Processing file /home/airflow/.local/lib/python3.12/site-packages/airflow/example_dags/tutorial_dag.py for tasks to queue
[2024-08-05T00:19:15.762+0000] {logging_mixin.py:188} INFO - [2024-08-05T00:19:15.762+0000] {dagbag.py:545} INFO - Filling up the DagBag from /home/airflow/.local/lib/python3.12/site-packages/airflow/example_dags/tutorial_dag.py
[2024-08-05T00:19:15.768+0000] {processor.py:840} INFO - DAG(s) 'tutorial_dag' retrieved from /home/airflow/.local/lib/python3.12/site-packages/airflow/example_dags/tutorial_dag.py
[2024-08-05T00:19:15.791+0000] {logging_mixin.py:188} INFO - [2024-08-05T00:19:15.791+0000] {dag.py:3089} INFO - Sync 1 DAGs
[2024-08-05T00:19:15.803+0000] {logging_mixin.py:188} INFO - [2024-08-05T00:19:15.802+0000] {dag.py:3947} INFO - Setting next_dagrun for tutorial_dag to None, run_after=None
[2024-08-05T00:19:15.820+0000] {processor.py:183} INFO - Processing /home/airflow/.local/lib/python3.12/site-packages/airflow/example_dags/tutorial_dag.py took 0.068 seconds
[2024-08-05T00:19:46.193+0000] {processor.py:161} INFO - Started process (PID=15486) to work on /home/airflow/.local/lib/python3.12/site-packages/airflow/example_dags/tutorial_dag.py
[2024-08-05T00:19:46.194+0000] {processor.py:830} INFO - Processing file /home/airflow/.local/lib/python3.12/site-packages/airflow/example_dags/tutorial_dag.py for tasks to queue
[2024-08-05T00:19:46.194+0000] {logging_mixin.py:188} INFO - [2024-08-05T00:19:46.194+0000] {dagbag.py:545} INFO - Filling up the DagBag from /home/airflow/.local/lib/python3.12/site-packages/airflow/example_dags/tutorial_dag.py
[2024-08-05T00:19:46.199+0000] {processor.py:840} INFO - DAG(s) 'tutorial_dag' retrieved from /home/airflow/.local/lib/python3.12/site-packages/airflow/example_dags/tutorial_dag.py
[2024-08-05T00:19:46.215+0000] {logging_mixin.py:188} INFO - [2024-08-05T00:19:46.215+0000] {dag.py:3089} INFO - Sync 1 DAGs
[2024-08-05T00:19:46.223+0000] {logging_mixin.py:188} INFO - [2024-08-05T00:19:46.222+0000] {dag.py:3947} INFO - Setting next_dagrun for tutorial_dag to None, run_after=None
[2024-08-05T00:19:46.236+0000] {processor.py:183} INFO - Processing /home/airflow/.local/lib/python3.12/site-packages/airflow/example_dags/tutorial_dag.py took 0.048 seconds
[2024-08-05T00:20:17.429+0000] {processor.py:161} INFO - Started process (PID=15558) to work on /home/airflow/.local/lib/python3.12/site-packages/airflow/example_dags/tutorial_dag.py
[2024-08-05T00:20:17.429+0000] {processor.py:830} INFO - Processing file /home/airflow/.local/lib/python3.12/site-packages/airflow/example_dags/tutorial_dag.py for tasks to queue
[2024-08-05T00:20:17.430+0000] {logging_mixin.py:188} INFO - [2024-08-05T00:20:17.429+0000] {dagbag.py:545} INFO - Filling up the DagBag from /home/airflow/.local/lib/python3.12/site-packages/airflow/example_dags/tutorial_dag.py
[2024-08-05T00:20:17.432+0000] {processor.py:840} INFO - DAG(s) 'tutorial_dag' retrieved from /home/airflow/.local/lib/python3.12/site-packages/airflow/example_dags/tutorial_dag.py
[2024-08-05T00:20:17.445+0000] {logging_mixin.py:188} INFO - [2024-08-05T00:20:17.445+0000] {dag.py:3089} INFO - Sync 1 DAGs
[2024-08-05T00:20:17.451+0000] {logging_mixin.py:188} INFO - [2024-08-05T00:20:17.451+0000] {dag.py:3947} INFO - Setting next_dagrun for tutorial_dag to None, run_after=None
[2024-08-05T00:20:17.460+0000] {processor.py:183} INFO - Processing /home/airflow/.local/lib/python3.12/site-packages/airflow/example_dags/tutorial_dag.py took 0.035 seconds
[2024-08-05T00:20:48.296+0000] {processor.py:161} INFO - Started process (PID=15635) to work on /home/airflow/.local/lib/python3.12/site-packages/airflow/example_dags/tutorial_dag.py
[2024-08-05T00:20:48.302+0000] {processor.py:830} INFO - Processing file /home/airflow/.local/lib/python3.12/site-packages/airflow/example_dags/tutorial_dag.py for tasks to queue
[2024-08-05T00:20:48.303+0000] {logging_mixin.py:188} INFO - [2024-08-05T00:20:48.303+0000] {dagbag.py:545} INFO - Filling up the DagBag from /home/airflow/.local/lib/python3.12/site-packages/airflow/example_dags/tutorial_dag.py
[2024-08-05T00:20:48.317+0000] {processor.py:840} INFO - DAG(s) 'tutorial_dag' retrieved from /home/airflow/.local/lib/python3.12/site-packages/airflow/example_dags/tutorial_dag.py
[2024-08-05T00:20:48.359+0000] {logging_mixin.py:188} INFO - [2024-08-05T00:20:48.359+0000] {dag.py:3089} INFO - Sync 1 DAGs
[2024-08-05T00:20:48.390+0000] {logging_mixin.py:188} INFO - [2024-08-05T00:20:48.390+0000] {dag.py:3947} INFO - Setting next_dagrun for tutorial_dag to None, run_after=None
[2024-08-05T00:20:48.411+0000] {processor.py:183} INFO - Processing /home/airflow/.local/lib/python3.12/site-packages/airflow/example_dags/tutorial_dag.py took 0.156 seconds
[2024-08-05T00:21:19.610+0000] {processor.py:161} INFO - Started process (PID=15696) to work on /home/airflow/.local/lib/python3.12/site-packages/airflow/example_dags/tutorial_dag.py
[2024-08-05T00:21:19.612+0000] {processor.py:830} INFO - Processing file /home/airflow/.local/lib/python3.12/site-packages/airflow/example_dags/tutorial_dag.py for tasks to queue
[2024-08-05T00:21:19.614+0000] {logging_mixin.py:188} INFO - [2024-08-05T00:21:19.614+0000] {dagbag.py:545} INFO - Filling up the DagBag from /home/airflow/.local/lib/python3.12/site-packages/airflow/example_dags/tutorial_dag.py
[2024-08-05T00:21:19.622+0000] {processor.py:840} INFO - DAG(s) 'tutorial_dag' retrieved from /home/airflow/.local/lib/python3.12/site-packages/airflow/example_dags/tutorial_dag.py
[2024-08-05T00:21:19.654+0000] {logging_mixin.py:188} INFO - [2024-08-05T00:21:19.654+0000] {dag.py:3089} INFO - Sync 1 DAGs
[2024-08-05T00:21:19.698+0000] {logging_mixin.py:188} INFO - [2024-08-05T00:21:19.698+0000] {dag.py:3947} INFO - Setting next_dagrun for tutorial_dag to None, run_after=None
[2024-08-05T00:21:19.727+0000] {processor.py:183} INFO - Processing /home/airflow/.local/lib/python3.12/site-packages/airflow/example_dags/tutorial_dag.py took 0.122 seconds
[2024-08-05T00:21:50.344+0000] {processor.py:161} INFO - Started process (PID=15756) to work on /home/airflow/.local/lib/python3.12/site-packages/airflow/example_dags/tutorial_dag.py
[2024-08-05T00:21:50.345+0000] {processor.py:830} INFO - Processing file /home/airflow/.local/lib/python3.12/site-packages/airflow/example_dags/tutorial_dag.py for tasks to queue
[2024-08-05T00:21:50.345+0000] {logging_mixin.py:188} INFO - [2024-08-05T00:21:50.345+0000] {dagbag.py:545} INFO - Filling up the DagBag from /home/airflow/.local/lib/python3.12/site-packages/airflow/example_dags/tutorial_dag.py
[2024-08-05T00:21:50.348+0000] {processor.py:840} INFO - DAG(s) 'tutorial_dag' retrieved from /home/airflow/.local/lib/python3.12/site-packages/airflow/example_dags/tutorial_dag.py
[2024-08-05T00:21:50.363+0000] {logging_mixin.py:188} INFO - [2024-08-05T00:21:50.363+0000] {dag.py:3089} INFO - Sync 1 DAGs
[2024-08-05T00:21:50.370+0000] {logging_mixin.py:188} INFO - [2024-08-05T00:21:50.369+0000] {dag.py:3947} INFO - Setting next_dagrun for tutorial_dag to None, run_after=None
[2024-08-05T00:21:50.378+0000] {processor.py:183} INFO - Processing /home/airflow/.local/lib/python3.12/site-packages/airflow/example_dags/tutorial_dag.py took 0.037 seconds
[2024-08-05T00:22:20.829+0000] {processor.py:161} INFO - Started process (PID=15817) to work on /home/airflow/.local/lib/python3.12/site-packages/airflow/example_dags/tutorial_dag.py
[2024-08-05T00:22:20.831+0000] {processor.py:830} INFO - Processing file /home/airflow/.local/lib/python3.12/site-packages/airflow/example_dags/tutorial_dag.py for tasks to queue
[2024-08-05T00:22:20.831+0000] {logging_mixin.py:188} INFO - [2024-08-05T00:22:20.831+0000] {dagbag.py:545} INFO - Filling up the DagBag from /home/airflow/.local/lib/python3.12/site-packages/airflow/example_dags/tutorial_dag.py
[2024-08-05T00:22:20.835+0000] {processor.py:840} INFO - DAG(s) 'tutorial_dag' retrieved from /home/airflow/.local/lib/python3.12/site-packages/airflow/example_dags/tutorial_dag.py
[2024-08-05T00:22:20.875+0000] {logging_mixin.py:188} INFO - [2024-08-05T00:22:20.875+0000] {dag.py:3089} INFO - Sync 1 DAGs
[2024-08-05T00:22:20.886+0000] {logging_mixin.py:188} INFO - [2024-08-05T00:22:20.886+0000] {dag.py:3947} INFO - Setting next_dagrun for tutorial_dag to None, run_after=None
[2024-08-05T00:22:20.903+0000] {processor.py:183} INFO - Processing /home/airflow/.local/lib/python3.12/site-packages/airflow/example_dags/tutorial_dag.py took 0.079 seconds
[2024-08-05T00:22:51.259+0000] {processor.py:161} INFO - Started process (PID=15878) to work on /home/airflow/.local/lib/python3.12/site-packages/airflow/example_dags/tutorial_dag.py
[2024-08-05T00:22:51.263+0000] {processor.py:830} INFO - Processing file /home/airflow/.local/lib/python3.12/site-packages/airflow/example_dags/tutorial_dag.py for tasks to queue
[2024-08-05T00:22:51.263+0000] {logging_mixin.py:188} INFO - [2024-08-05T00:22:51.263+0000] {dagbag.py:545} INFO - Filling up the DagBag from /home/airflow/.local/lib/python3.12/site-packages/airflow/example_dags/tutorial_dag.py
[2024-08-05T00:22:51.267+0000] {processor.py:840} INFO - DAG(s) 'tutorial_dag' retrieved from /home/airflow/.local/lib/python3.12/site-packages/airflow/example_dags/tutorial_dag.py
[2024-08-05T00:22:51.282+0000] {logging_mixin.py:188} INFO - [2024-08-05T00:22:51.281+0000] {dag.py:3089} INFO - Sync 1 DAGs
[2024-08-05T00:22:51.296+0000] {logging_mixin.py:188} INFO - [2024-08-05T00:22:51.295+0000] {dag.py:3947} INFO - Setting next_dagrun for tutorial_dag to None, run_after=None
[2024-08-05T00:22:51.308+0000] {processor.py:183} INFO - Processing /home/airflow/.local/lib/python3.12/site-packages/airflow/example_dags/tutorial_dag.py took 0.052 seconds
[2024-08-05T00:23:22.080+0000] {processor.py:161} INFO - Started process (PID=15939) to work on /home/airflow/.local/lib/python3.12/site-packages/airflow/example_dags/tutorial_dag.py
[2024-08-05T00:23:22.081+0000] {processor.py:830} INFO - Processing file /home/airflow/.local/lib/python3.12/site-packages/airflow/example_dags/tutorial_dag.py for tasks to queue
[2024-08-05T00:23:22.082+0000] {logging_mixin.py:188} INFO - [2024-08-05T00:23:22.082+0000] {dagbag.py:545} INFO - Filling up the DagBag from /home/airflow/.local/lib/python3.12/site-packages/airflow/example_dags/tutorial_dag.py
[2024-08-05T00:23:22.085+0000] {processor.py:840} INFO - DAG(s) 'tutorial_dag' retrieved from /home/airflow/.local/lib/python3.12/site-packages/airflow/example_dags/tutorial_dag.py
[2024-08-05T00:23:22.102+0000] {logging_mixin.py:188} INFO - [2024-08-05T00:23:22.101+0000] {dag.py:3089} INFO - Sync 1 DAGs
[2024-08-05T00:23:22.111+0000] {logging_mixin.py:188} INFO - [2024-08-05T00:23:22.111+0000] {dag.py:3947} INFO - Setting next_dagrun for tutorial_dag to None, run_after=None
[2024-08-05T00:23:22.125+0000] {processor.py:183} INFO - Processing /home/airflow/.local/lib/python3.12/site-packages/airflow/example_dags/tutorial_dag.py took 0.049 seconds
[2024-08-05T00:23:52.659+0000] {processor.py:161} INFO - Started process (PID=15999) to work on /home/airflow/.local/lib/python3.12/site-packages/airflow/example_dags/tutorial_dag.py
[2024-08-05T00:23:52.660+0000] {processor.py:830} INFO - Processing file /home/airflow/.local/lib/python3.12/site-packages/airflow/example_dags/tutorial_dag.py for tasks to queue
[2024-08-05T00:23:52.660+0000] {logging_mixin.py:188} INFO - [2024-08-05T00:23:52.660+0000] {dagbag.py:545} INFO - Filling up the DagBag from /home/airflow/.local/lib/python3.12/site-packages/airflow/example_dags/tutorial_dag.py
[2024-08-05T00:23:52.664+0000] {processor.py:840} INFO - DAG(s) 'tutorial_dag' retrieved from /home/airflow/.local/lib/python3.12/site-packages/airflow/example_dags/tutorial_dag.py
[2024-08-05T00:23:52.678+0000] {logging_mixin.py:188} INFO - [2024-08-05T00:23:52.678+0000] {dag.py:3089} INFO - Sync 1 DAGs
[2024-08-05T00:23:52.687+0000] {logging_mixin.py:188} INFO - [2024-08-05T00:23:52.687+0000] {dag.py:3947} INFO - Setting next_dagrun for tutorial_dag to None, run_after=None
[2024-08-05T00:23:52.707+0000] {processor.py:183} INFO - Processing /home/airflow/.local/lib/python3.12/site-packages/airflow/example_dags/tutorial_dag.py took 0.052 seconds
[2024-08-05T00:24:23.152+0000] {processor.py:161} INFO - Started process (PID=16059) to work on /home/airflow/.local/lib/python3.12/site-packages/airflow/example_dags/tutorial_dag.py
[2024-08-05T00:24:23.153+0000] {processor.py:830} INFO - Processing file /home/airflow/.local/lib/python3.12/site-packages/airflow/example_dags/tutorial_dag.py for tasks to queue
[2024-08-05T00:24:23.154+0000] {logging_mixin.py:188} INFO - [2024-08-05T00:24:23.154+0000] {dagbag.py:545} INFO - Filling up the DagBag from /home/airflow/.local/lib/python3.12/site-packages/airflow/example_dags/tutorial_dag.py
[2024-08-05T00:24:23.159+0000] {processor.py:840} INFO - DAG(s) 'tutorial_dag' retrieved from /home/airflow/.local/lib/python3.12/site-packages/airflow/example_dags/tutorial_dag.py
[2024-08-05T00:24:23.176+0000] {logging_mixin.py:188} INFO - [2024-08-05T00:24:23.176+0000] {dag.py:3089} INFO - Sync 1 DAGs
[2024-08-05T00:24:23.184+0000] {logging_mixin.py:188} INFO - [2024-08-05T00:24:23.184+0000] {dag.py:3947} INFO - Setting next_dagrun for tutorial_dag to None, run_after=None
[2024-08-05T00:24:23.193+0000] {processor.py:183} INFO - Processing /home/airflow/.local/lib/python3.12/site-packages/airflow/example_dags/tutorial_dag.py took 0.045 seconds
[2024-08-05T00:24:53.908+0000] {processor.py:161} INFO - Started process (PID=16119) to work on /home/airflow/.local/lib/python3.12/site-packages/airflow/example_dags/tutorial_dag.py
[2024-08-05T00:24:53.908+0000] {processor.py:830} INFO - Processing file /home/airflow/.local/lib/python3.12/site-packages/airflow/example_dags/tutorial_dag.py for tasks to queue
[2024-08-05T00:24:53.909+0000] {logging_mixin.py:188} INFO - [2024-08-05T00:24:53.909+0000] {dagbag.py:545} INFO - Filling up the DagBag from /home/airflow/.local/lib/python3.12/site-packages/airflow/example_dags/tutorial_dag.py
[2024-08-05T00:24:53.912+0000] {processor.py:840} INFO - DAG(s) 'tutorial_dag' retrieved from /home/airflow/.local/lib/python3.12/site-packages/airflow/example_dags/tutorial_dag.py
[2024-08-05T00:24:53.926+0000] {logging_mixin.py:188} INFO - [2024-08-05T00:24:53.926+0000] {dag.py:3089} INFO - Sync 1 DAGs
[2024-08-05T00:24:53.935+0000] {logging_mixin.py:188} INFO - [2024-08-05T00:24:53.934+0000] {dag.py:3947} INFO - Setting next_dagrun for tutorial_dag to None, run_after=None
[2024-08-05T00:24:53.947+0000] {processor.py:183} INFO - Processing /home/airflow/.local/lib/python3.12/site-packages/airflow/example_dags/tutorial_dag.py took 0.043 seconds
[2024-08-05T00:25:24.910+0000] {processor.py:161} INFO - Started process (PID=16179) to work on /home/airflow/.local/lib/python3.12/site-packages/airflow/example_dags/tutorial_dag.py
[2024-08-05T00:25:24.911+0000] {processor.py:830} INFO - Processing file /home/airflow/.local/lib/python3.12/site-packages/airflow/example_dags/tutorial_dag.py for tasks to queue
[2024-08-05T00:25:24.912+0000] {logging_mixin.py:188} INFO - [2024-08-05T00:25:24.912+0000] {dagbag.py:545} INFO - Filling up the DagBag from /home/airflow/.local/lib/python3.12/site-packages/airflow/example_dags/tutorial_dag.py
[2024-08-05T00:25:24.918+0000] {processor.py:840} INFO - DAG(s) 'tutorial_dag' retrieved from /home/airflow/.local/lib/python3.12/site-packages/airflow/example_dags/tutorial_dag.py
[2024-08-05T00:25:24.948+0000] {logging_mixin.py:188} INFO - [2024-08-05T00:25:24.948+0000] {dag.py:3089} INFO - Sync 1 DAGs
[2024-08-05T00:25:24.973+0000] {logging_mixin.py:188} INFO - [2024-08-05T00:25:24.973+0000] {dag.py:3947} INFO - Setting next_dagrun for tutorial_dag to None, run_after=None
[2024-08-05T00:25:24.987+0000] {processor.py:183} INFO - Processing /home/airflow/.local/lib/python3.12/site-packages/airflow/example_dags/tutorial_dag.py took 0.082 seconds
[2024-08-05T00:25:55.313+0000] {processor.py:161} INFO - Started process (PID=16238) to work on /home/airflow/.local/lib/python3.12/site-packages/airflow/example_dags/tutorial_dag.py
[2024-08-05T00:25:55.315+0000] {processor.py:830} INFO - Processing file /home/airflow/.local/lib/python3.12/site-packages/airflow/example_dags/tutorial_dag.py for tasks to queue
[2024-08-05T00:25:55.316+0000] {logging_mixin.py:188} INFO - [2024-08-05T00:25:55.315+0000] {dagbag.py:545} INFO - Filling up the DagBag from /home/airflow/.local/lib/python3.12/site-packages/airflow/example_dags/tutorial_dag.py
[2024-08-05T00:25:55.319+0000] {processor.py:840} INFO - DAG(s) 'tutorial_dag' retrieved from /home/airflow/.local/lib/python3.12/site-packages/airflow/example_dags/tutorial_dag.py
[2024-08-05T00:25:55.355+0000] {logging_mixin.py:188} INFO - [2024-08-05T00:25:55.355+0000] {dag.py:3089} INFO - Sync 1 DAGs
[2024-08-05T00:25:55.371+0000] {logging_mixin.py:188} INFO - [2024-08-05T00:25:55.370+0000] {dag.py:3947} INFO - Setting next_dagrun for tutorial_dag to None, run_after=None
[2024-08-05T00:25:55.419+0000] {processor.py:183} INFO - Processing /home/airflow/.local/lib/python3.12/site-packages/airflow/example_dags/tutorial_dag.py took 0.109 seconds
[2024-08-05T00:26:25.610+0000] {processor.py:161} INFO - Started process (PID=16298) to work on /home/airflow/.local/lib/python3.12/site-packages/airflow/example_dags/tutorial_dag.py
[2024-08-05T00:26:25.612+0000] {processor.py:830} INFO - Processing file /home/airflow/.local/lib/python3.12/site-packages/airflow/example_dags/tutorial_dag.py for tasks to queue
[2024-08-05T00:26:25.614+0000] {logging_mixin.py:188} INFO - [2024-08-05T00:26:25.613+0000] {dagbag.py:545} INFO - Filling up the DagBag from /home/airflow/.local/lib/python3.12/site-packages/airflow/example_dags/tutorial_dag.py
[2024-08-05T00:26:25.618+0000] {processor.py:840} INFO - DAG(s) 'tutorial_dag' retrieved from /home/airflow/.local/lib/python3.12/site-packages/airflow/example_dags/tutorial_dag.py
[2024-08-05T00:26:25.665+0000] {logging_mixin.py:188} INFO - [2024-08-05T00:26:25.665+0000] {dag.py:3089} INFO - Sync 1 DAGs
[2024-08-05T00:26:25.720+0000] {logging_mixin.py:188} INFO - [2024-08-05T00:26:25.720+0000] {dag.py:3947} INFO - Setting next_dagrun for tutorial_dag to None, run_after=None
[2024-08-05T00:26:25.736+0000] {processor.py:183} INFO - Processing /home/airflow/.local/lib/python3.12/site-packages/airflow/example_dags/tutorial_dag.py took 0.134 seconds
[2024-08-05T00:26:56.276+0000] {processor.py:161} INFO - Started process (PID=16363) to work on /home/airflow/.local/lib/python3.12/site-packages/airflow/example_dags/tutorial_dag.py
[2024-08-05T00:26:56.278+0000] {processor.py:830} INFO - Processing file /home/airflow/.local/lib/python3.12/site-packages/airflow/example_dags/tutorial_dag.py for tasks to queue
[2024-08-05T00:26:56.278+0000] {logging_mixin.py:188} INFO - [2024-08-05T00:26:56.278+0000] {dagbag.py:545} INFO - Filling up the DagBag from /home/airflow/.local/lib/python3.12/site-packages/airflow/example_dags/tutorial_dag.py
[2024-08-05T00:26:56.285+0000] {processor.py:840} INFO - DAG(s) 'tutorial_dag' retrieved from /home/airflow/.local/lib/python3.12/site-packages/airflow/example_dags/tutorial_dag.py
[2024-08-05T00:26:56.326+0000] {logging_mixin.py:188} INFO - [2024-08-05T00:26:56.325+0000] {dag.py:3089} INFO - Sync 1 DAGs
[2024-08-05T00:26:56.339+0000] {logging_mixin.py:188} INFO - [2024-08-05T00:26:56.339+0000] {dag.py:3947} INFO - Setting next_dagrun for tutorial_dag to None, run_after=None
[2024-08-05T00:26:56.357+0000] {processor.py:183} INFO - Processing /home/airflow/.local/lib/python3.12/site-packages/airflow/example_dags/tutorial_dag.py took 0.087 seconds
[2024-08-05T00:27:26.761+0000] {processor.py:161} INFO - Started process (PID=16427) to work on /home/airflow/.local/lib/python3.12/site-packages/airflow/example_dags/tutorial_dag.py
[2024-08-05T00:27:26.763+0000] {processor.py:830} INFO - Processing file /home/airflow/.local/lib/python3.12/site-packages/airflow/example_dags/tutorial_dag.py for tasks to queue
[2024-08-05T00:27:26.764+0000] {logging_mixin.py:188} INFO - [2024-08-05T00:27:26.763+0000] {dagbag.py:545} INFO - Filling up the DagBag from /home/airflow/.local/lib/python3.12/site-packages/airflow/example_dags/tutorial_dag.py
[2024-08-05T00:27:26.767+0000] {processor.py:840} INFO - DAG(s) 'tutorial_dag' retrieved from /home/airflow/.local/lib/python3.12/site-packages/airflow/example_dags/tutorial_dag.py
[2024-08-05T00:27:26.780+0000] {logging_mixin.py:188} INFO - [2024-08-05T00:27:26.780+0000] {dag.py:3089} INFO - Sync 1 DAGs
[2024-08-05T00:27:26.786+0000] {logging_mixin.py:188} INFO - [2024-08-05T00:27:26.786+0000] {dag.py:3947} INFO - Setting next_dagrun for tutorial_dag to None, run_after=None
[2024-08-05T00:27:26.801+0000] {processor.py:183} INFO - Processing /home/airflow/.local/lib/python3.12/site-packages/airflow/example_dags/tutorial_dag.py took 0.043 seconds
[2024-08-05T00:27:57.073+0000] {processor.py:161} INFO - Started process (PID=16487) to work on /home/airflow/.local/lib/python3.12/site-packages/airflow/example_dags/tutorial_dag.py
[2024-08-05T00:27:57.073+0000] {processor.py:830} INFO - Processing file /home/airflow/.local/lib/python3.12/site-packages/airflow/example_dags/tutorial_dag.py for tasks to queue
[2024-08-05T00:27:57.075+0000] {logging_mixin.py:188} INFO - [2024-08-05T00:27:57.075+0000] {dagbag.py:545} INFO - Filling up the DagBag from /home/airflow/.local/lib/python3.12/site-packages/airflow/example_dags/tutorial_dag.py
[2024-08-05T00:27:57.100+0000] {processor.py:840} INFO - DAG(s) 'tutorial_dag' retrieved from /home/airflow/.local/lib/python3.12/site-packages/airflow/example_dags/tutorial_dag.py
[2024-08-05T00:27:57.114+0000] {logging_mixin.py:188} INFO - [2024-08-05T00:27:57.114+0000] {dag.py:3089} INFO - Sync 1 DAGs
[2024-08-05T00:27:57.124+0000] {logging_mixin.py:188} INFO - [2024-08-05T00:27:57.123+0000] {dag.py:3947} INFO - Setting next_dagrun for tutorial_dag to None, run_after=None
[2024-08-05T00:27:57.140+0000] {processor.py:183} INFO - Processing /home/airflow/.local/lib/python3.12/site-packages/airflow/example_dags/tutorial_dag.py took 0.071 seconds
[2024-08-05T00:28:28.233+0000] {processor.py:161} INFO - Started process (PID=16546) to work on /home/airflow/.local/lib/python3.12/site-packages/airflow/example_dags/tutorial_dag.py
[2024-08-05T00:28:28.234+0000] {processor.py:830} INFO - Processing file /home/airflow/.local/lib/python3.12/site-packages/airflow/example_dags/tutorial_dag.py for tasks to queue
[2024-08-05T00:28:28.235+0000] {logging_mixin.py:188} INFO - [2024-08-05T00:28:28.235+0000] {dagbag.py:545} INFO - Filling up the DagBag from /home/airflow/.local/lib/python3.12/site-packages/airflow/example_dags/tutorial_dag.py
[2024-08-05T00:28:28.238+0000] {processor.py:840} INFO - DAG(s) 'tutorial_dag' retrieved from /home/airflow/.local/lib/python3.12/site-packages/airflow/example_dags/tutorial_dag.py
[2024-08-05T00:28:28.252+0000] {logging_mixin.py:188} INFO - [2024-08-05T00:28:28.252+0000] {dag.py:3089} INFO - Sync 1 DAGs
[2024-08-05T00:28:28.261+0000] {logging_mixin.py:188} INFO - [2024-08-05T00:28:28.261+0000] {dag.py:3947} INFO - Setting next_dagrun for tutorial_dag to None, run_after=None
[2024-08-05T00:28:28.359+0000] {processor.py:183} INFO - Processing /home/airflow/.local/lib/python3.12/site-packages/airflow/example_dags/tutorial_dag.py took 0.129 seconds
[2024-08-05T00:28:58.745+0000] {processor.py:161} INFO - Started process (PID=16606) to work on /home/airflow/.local/lib/python3.12/site-packages/airflow/example_dags/tutorial_dag.py
[2024-08-05T00:28:58.747+0000] {processor.py:830} INFO - Processing file /home/airflow/.local/lib/python3.12/site-packages/airflow/example_dags/tutorial_dag.py for tasks to queue
[2024-08-05T00:28:58.748+0000] {logging_mixin.py:188} INFO - [2024-08-05T00:28:58.747+0000] {dagbag.py:545} INFO - Filling up the DagBag from /home/airflow/.local/lib/python3.12/site-packages/airflow/example_dags/tutorial_dag.py
[2024-08-05T00:28:58.751+0000] {processor.py:840} INFO - DAG(s) 'tutorial_dag' retrieved from /home/airflow/.local/lib/python3.12/site-packages/airflow/example_dags/tutorial_dag.py
[2024-08-05T00:28:58.765+0000] {logging_mixin.py:188} INFO - [2024-08-05T00:28:58.765+0000] {dag.py:3089} INFO - Sync 1 DAGs
[2024-08-05T00:28:58.772+0000] {logging_mixin.py:188} INFO - [2024-08-05T00:28:58.771+0000] {dag.py:3947} INFO - Setting next_dagrun for tutorial_dag to None, run_after=None
[2024-08-05T00:28:58.877+0000] {processor.py:183} INFO - Processing /home/airflow/.local/lib/python3.12/site-packages/airflow/example_dags/tutorial_dag.py took 0.136 seconds
[2024-08-05T00:29:29.430+0000] {processor.py:161} INFO - Started process (PID=16666) to work on /home/airflow/.local/lib/python3.12/site-packages/airflow/example_dags/tutorial_dag.py
[2024-08-05T00:29:29.431+0000] {processor.py:830} INFO - Processing file /home/airflow/.local/lib/python3.12/site-packages/airflow/example_dags/tutorial_dag.py for tasks to queue
[2024-08-05T00:29:29.432+0000] {logging_mixin.py:188} INFO - [2024-08-05T00:29:29.432+0000] {dagbag.py:545} INFO - Filling up the DagBag from /home/airflow/.local/lib/python3.12/site-packages/airflow/example_dags/tutorial_dag.py
[2024-08-05T00:29:29.435+0000] {processor.py:840} INFO - DAG(s) 'tutorial_dag' retrieved from /home/airflow/.local/lib/python3.12/site-packages/airflow/example_dags/tutorial_dag.py
[2024-08-05T00:29:29.447+0000] {logging_mixin.py:188} INFO - [2024-08-05T00:29:29.447+0000] {dag.py:3089} INFO - Sync 1 DAGs
[2024-08-05T00:29:29.453+0000] {logging_mixin.py:188} INFO - [2024-08-05T00:29:29.453+0000] {dag.py:3947} INFO - Setting next_dagrun for tutorial_dag to None, run_after=None
[2024-08-05T00:29:29.465+0000] {processor.py:183} INFO - Processing /home/airflow/.local/lib/python3.12/site-packages/airflow/example_dags/tutorial_dag.py took 0.038 seconds
[2024-08-05T00:30:00.570+0000] {processor.py:161} INFO - Started process (PID=16726) to work on /home/airflow/.local/lib/python3.12/site-packages/airflow/example_dags/tutorial_dag.py
[2024-08-05T00:30:00.571+0000] {processor.py:830} INFO - Processing file /home/airflow/.local/lib/python3.12/site-packages/airflow/example_dags/tutorial_dag.py for tasks to queue
[2024-08-05T00:30:00.572+0000] {logging_mixin.py:188} INFO - [2024-08-05T00:30:00.572+0000] {dagbag.py:545} INFO - Filling up the DagBag from /home/airflow/.local/lib/python3.12/site-packages/airflow/example_dags/tutorial_dag.py
[2024-08-05T00:30:00.577+0000] {processor.py:840} INFO - DAG(s) 'tutorial_dag' retrieved from /home/airflow/.local/lib/python3.12/site-packages/airflow/example_dags/tutorial_dag.py
[2024-08-05T00:30:00.593+0000] {logging_mixin.py:188} INFO - [2024-08-05T00:30:00.593+0000] {dag.py:3089} INFO - Sync 1 DAGs
[2024-08-05T00:30:00.600+0000] {logging_mixin.py:188} INFO - [2024-08-05T00:30:00.600+0000] {dag.py:3947} INFO - Setting next_dagrun for tutorial_dag to None, run_after=None
[2024-08-05T00:30:00.609+0000] {processor.py:183} INFO - Processing /home/airflow/.local/lib/python3.12/site-packages/airflow/example_dags/tutorial_dag.py took 0.043 seconds
[2024-08-05T00:30:30.708+0000] {processor.py:161} INFO - Started process (PID=16796) to work on /home/airflow/.local/lib/python3.12/site-packages/airflow/example_dags/tutorial_dag.py
[2024-08-05T00:30:30.711+0000] {processor.py:830} INFO - Processing file /home/airflow/.local/lib/python3.12/site-packages/airflow/example_dags/tutorial_dag.py for tasks to queue
[2024-08-05T00:30:30.712+0000] {logging_mixin.py:188} INFO - [2024-08-05T00:30:30.712+0000] {dagbag.py:545} INFO - Filling up the DagBag from /home/airflow/.local/lib/python3.12/site-packages/airflow/example_dags/tutorial_dag.py
[2024-08-05T00:30:30.719+0000] {processor.py:840} INFO - DAG(s) 'tutorial_dag' retrieved from /home/airflow/.local/lib/python3.12/site-packages/airflow/example_dags/tutorial_dag.py
[2024-08-05T00:30:30.738+0000] {logging_mixin.py:188} INFO - [2024-08-05T00:30:30.738+0000] {dag.py:3089} INFO - Sync 1 DAGs
[2024-08-05T00:30:30.748+0000] {logging_mixin.py:188} INFO - [2024-08-05T00:30:30.748+0000] {dag.py:3947} INFO - Setting next_dagrun for tutorial_dag to None, run_after=None
[2024-08-05T00:30:30.759+0000] {processor.py:183} INFO - Processing /home/airflow/.local/lib/python3.12/site-packages/airflow/example_dags/tutorial_dag.py took 0.057 seconds
[2024-08-05T00:31:01.254+0000] {processor.py:161} INFO - Started process (PID=16856) to work on /home/airflow/.local/lib/python3.12/site-packages/airflow/example_dags/tutorial_dag.py
[2024-08-05T00:31:01.255+0000] {processor.py:830} INFO - Processing file /home/airflow/.local/lib/python3.12/site-packages/airflow/example_dags/tutorial_dag.py for tasks to queue
[2024-08-05T00:31:01.259+0000] {logging_mixin.py:188} INFO - [2024-08-05T00:31:01.258+0000] {dagbag.py:545} INFO - Filling up the DagBag from /home/airflow/.local/lib/python3.12/site-packages/airflow/example_dags/tutorial_dag.py
[2024-08-05T00:31:01.268+0000] {processor.py:840} INFO - DAG(s) 'tutorial_dag' retrieved from /home/airflow/.local/lib/python3.12/site-packages/airflow/example_dags/tutorial_dag.py
[2024-08-05T00:31:01.295+0000] {logging_mixin.py:188} INFO - [2024-08-05T00:31:01.295+0000] {dag.py:3089} INFO - Sync 1 DAGs
[2024-08-05T00:31:01.306+0000] {logging_mixin.py:188} INFO - [2024-08-05T00:31:01.306+0000] {dag.py:3947} INFO - Setting next_dagrun for tutorial_dag to None, run_after=None
[2024-08-05T00:31:01.317+0000] {processor.py:183} INFO - Processing /home/airflow/.local/lib/python3.12/site-packages/airflow/example_dags/tutorial_dag.py took 0.072 seconds
[2024-08-05T00:31:31.910+0000] {processor.py:161} INFO - Started process (PID=16916) to work on /home/airflow/.local/lib/python3.12/site-packages/airflow/example_dags/tutorial_dag.py
[2024-08-05T00:31:31.911+0000] {processor.py:830} INFO - Processing file /home/airflow/.local/lib/python3.12/site-packages/airflow/example_dags/tutorial_dag.py for tasks to queue
[2024-08-05T00:31:31.912+0000] {logging_mixin.py:188} INFO - [2024-08-05T00:31:31.911+0000] {dagbag.py:545} INFO - Filling up the DagBag from /home/airflow/.local/lib/python3.12/site-packages/airflow/example_dags/tutorial_dag.py
[2024-08-05T00:31:31.915+0000] {processor.py:840} INFO - DAG(s) 'tutorial_dag' retrieved from /home/airflow/.local/lib/python3.12/site-packages/airflow/example_dags/tutorial_dag.py
[2024-08-05T00:31:31.931+0000] {logging_mixin.py:188} INFO - [2024-08-05T00:31:31.930+0000] {dag.py:3089} INFO - Sync 1 DAGs
[2024-08-05T00:31:31.938+0000] {logging_mixin.py:188} INFO - [2024-08-05T00:31:31.938+0000] {dag.py:3947} INFO - Setting next_dagrun for tutorial_dag to None, run_after=None
[2024-08-05T00:31:31.951+0000] {processor.py:183} INFO - Processing /home/airflow/.local/lib/python3.12/site-packages/airflow/example_dags/tutorial_dag.py took 0.045 seconds
[2024-08-05T00:32:02.501+0000] {processor.py:161} INFO - Started process (PID=16976) to work on /home/airflow/.local/lib/python3.12/site-packages/airflow/example_dags/tutorial_dag.py
[2024-08-05T00:32:02.502+0000] {processor.py:830} INFO - Processing file /home/airflow/.local/lib/python3.12/site-packages/airflow/example_dags/tutorial_dag.py for tasks to queue
[2024-08-05T00:32:02.503+0000] {logging_mixin.py:188} INFO - [2024-08-05T00:32:02.503+0000] {dagbag.py:545} INFO - Filling up the DagBag from /home/airflow/.local/lib/python3.12/site-packages/airflow/example_dags/tutorial_dag.py
[2024-08-05T00:32:02.506+0000] {processor.py:840} INFO - DAG(s) 'tutorial_dag' retrieved from /home/airflow/.local/lib/python3.12/site-packages/airflow/example_dags/tutorial_dag.py
[2024-08-05T00:32:02.527+0000] {logging_mixin.py:188} INFO - [2024-08-05T00:32:02.527+0000] {dag.py:3089} INFO - Sync 1 DAGs
[2024-08-05T00:32:02.540+0000] {logging_mixin.py:188} INFO - [2024-08-05T00:32:02.539+0000] {dag.py:3947} INFO - Setting next_dagrun for tutorial_dag to None, run_after=None
[2024-08-05T00:32:02.567+0000] {processor.py:183} INFO - Processing /home/airflow/.local/lib/python3.12/site-packages/airflow/example_dags/tutorial_dag.py took 0.069 seconds
[2024-08-05T00:32:33.391+0000] {processor.py:161} INFO - Started process (PID=17041) to work on /home/airflow/.local/lib/python3.12/site-packages/airflow/example_dags/tutorial_dag.py
[2024-08-05T00:32:33.391+0000] {processor.py:830} INFO - Processing file /home/airflow/.local/lib/python3.12/site-packages/airflow/example_dags/tutorial_dag.py for tasks to queue
[2024-08-05T00:32:33.392+0000] {logging_mixin.py:188} INFO - [2024-08-05T00:32:33.392+0000] {dagbag.py:545} INFO - Filling up the DagBag from /home/airflow/.local/lib/python3.12/site-packages/airflow/example_dags/tutorial_dag.py
[2024-08-05T00:32:33.396+0000] {processor.py:840} INFO - DAG(s) 'tutorial_dag' retrieved from /home/airflow/.local/lib/python3.12/site-packages/airflow/example_dags/tutorial_dag.py
[2024-08-05T00:32:33.412+0000] {logging_mixin.py:188} INFO - [2024-08-05T00:32:33.412+0000] {dag.py:3089} INFO - Sync 1 DAGs
[2024-08-05T00:32:33.419+0000] {logging_mixin.py:188} INFO - [2024-08-05T00:32:33.419+0000] {dag.py:3947} INFO - Setting next_dagrun for tutorial_dag to None, run_after=None
[2024-08-05T00:32:33.432+0000] {processor.py:183} INFO - Processing /home/airflow/.local/lib/python3.12/site-packages/airflow/example_dags/tutorial_dag.py took 0.045 seconds
[2024-08-05T00:33:03.672+0000] {processor.py:161} INFO - Started process (PID=17106) to work on /home/airflow/.local/lib/python3.12/site-packages/airflow/example_dags/tutorial_dag.py
[2024-08-05T00:33:03.678+0000] {processor.py:830} INFO - Processing file /home/airflow/.local/lib/python3.12/site-packages/airflow/example_dags/tutorial_dag.py for tasks to queue
[2024-08-05T00:33:03.681+0000] {logging_mixin.py:188} INFO - [2024-08-05T00:33:03.681+0000] {dagbag.py:545} INFO - Filling up the DagBag from /home/airflow/.local/lib/python3.12/site-packages/airflow/example_dags/tutorial_dag.py
[2024-08-05T00:33:03.686+0000] {processor.py:840} INFO - DAG(s) 'tutorial_dag' retrieved from /home/airflow/.local/lib/python3.12/site-packages/airflow/example_dags/tutorial_dag.py
[2024-08-05T00:33:03.703+0000] {logging_mixin.py:188} INFO - [2024-08-05T00:33:03.703+0000] {dag.py:3089} INFO - Sync 1 DAGs
[2024-08-05T00:33:03.718+0000] {logging_mixin.py:188} INFO - [2024-08-05T00:33:03.717+0000] {dag.py:3947} INFO - Setting next_dagrun for tutorial_dag to None, run_after=None
[2024-08-05T00:33:03.735+0000] {processor.py:183} INFO - Processing /home/airflow/.local/lib/python3.12/site-packages/airflow/example_dags/tutorial_dag.py took 0.069 seconds
[2024-08-05T00:33:34.272+0000] {processor.py:161} INFO - Started process (PID=17166) to work on /home/airflow/.local/lib/python3.12/site-packages/airflow/example_dags/tutorial_dag.py
[2024-08-05T00:33:34.274+0000] {processor.py:830} INFO - Processing file /home/airflow/.local/lib/python3.12/site-packages/airflow/example_dags/tutorial_dag.py for tasks to queue
[2024-08-05T00:33:34.275+0000] {logging_mixin.py:188} INFO - [2024-08-05T00:33:34.274+0000] {dagbag.py:545} INFO - Filling up the DagBag from /home/airflow/.local/lib/python3.12/site-packages/airflow/example_dags/tutorial_dag.py
[2024-08-05T00:33:34.284+0000] {processor.py:840} INFO - DAG(s) 'tutorial_dag' retrieved from /home/airflow/.local/lib/python3.12/site-packages/airflow/example_dags/tutorial_dag.py
[2024-08-05T00:33:34.309+0000] {logging_mixin.py:188} INFO - [2024-08-05T00:33:34.309+0000] {dag.py:3089} INFO - Sync 1 DAGs
[2024-08-05T00:33:34.322+0000] {logging_mixin.py:188} INFO - [2024-08-05T00:33:34.322+0000] {dag.py:3947} INFO - Setting next_dagrun for tutorial_dag to None, run_after=None
[2024-08-05T00:33:34.336+0000] {processor.py:183} INFO - Processing /home/airflow/.local/lib/python3.12/site-packages/airflow/example_dags/tutorial_dag.py took 0.070 seconds
[2024-08-05T00:34:04.927+0000] {processor.py:161} INFO - Started process (PID=17226) to work on /home/airflow/.local/lib/python3.12/site-packages/airflow/example_dags/tutorial_dag.py
[2024-08-05T00:34:04.932+0000] {processor.py:830} INFO - Processing file /home/airflow/.local/lib/python3.12/site-packages/airflow/example_dags/tutorial_dag.py for tasks to queue
[2024-08-05T00:34:04.933+0000] {logging_mixin.py:188} INFO - [2024-08-05T00:34:04.933+0000] {dagbag.py:545} INFO - Filling up the DagBag from /home/airflow/.local/lib/python3.12/site-packages/airflow/example_dags/tutorial_dag.py
[2024-08-05T00:34:04.942+0000] {processor.py:840} INFO - DAG(s) 'tutorial_dag' retrieved from /home/airflow/.local/lib/python3.12/site-packages/airflow/example_dags/tutorial_dag.py
[2024-08-05T00:34:04.967+0000] {logging_mixin.py:188} INFO - [2024-08-05T00:34:04.967+0000] {dag.py:3089} INFO - Sync 1 DAGs
[2024-08-05T00:34:04.975+0000] {logging_mixin.py:188} INFO - [2024-08-05T00:34:04.974+0000] {dag.py:3947} INFO - Setting next_dagrun for tutorial_dag to None, run_after=None
[2024-08-05T00:34:04.993+0000] {processor.py:183} INFO - Processing /home/airflow/.local/lib/python3.12/site-packages/airflow/example_dags/tutorial_dag.py took 0.071 seconds
[2024-08-05T00:34:35.096+0000] {processor.py:161} INFO - Started process (PID=17286) to work on /home/airflow/.local/lib/python3.12/site-packages/airflow/example_dags/tutorial_dag.py
[2024-08-05T00:34:35.100+0000] {processor.py:830} INFO - Processing file /home/airflow/.local/lib/python3.12/site-packages/airflow/example_dags/tutorial_dag.py for tasks to queue
[2024-08-05T00:34:35.101+0000] {logging_mixin.py:188} INFO - [2024-08-05T00:34:35.101+0000] {dagbag.py:545} INFO - Filling up the DagBag from /home/airflow/.local/lib/python3.12/site-packages/airflow/example_dags/tutorial_dag.py
[2024-08-05T00:34:35.105+0000] {processor.py:840} INFO - DAG(s) 'tutorial_dag' retrieved from /home/airflow/.local/lib/python3.12/site-packages/airflow/example_dags/tutorial_dag.py
[2024-08-05T00:34:35.159+0000] {logging_mixin.py:188} INFO - [2024-08-05T00:34:35.159+0000] {dag.py:3089} INFO - Sync 1 DAGs
[2024-08-05T00:34:35.171+0000] {logging_mixin.py:188} INFO - [2024-08-05T00:34:35.170+0000] {dag.py:3947} INFO - Setting next_dagrun for tutorial_dag to None, run_after=None
[2024-08-05T00:34:35.188+0000] {processor.py:183} INFO - Processing /home/airflow/.local/lib/python3.12/site-packages/airflow/example_dags/tutorial_dag.py took 0.099 seconds
[2024-08-05T00:35:05.940+0000] {processor.py:161} INFO - Started process (PID=17346) to work on /home/airflow/.local/lib/python3.12/site-packages/airflow/example_dags/tutorial_dag.py
[2024-08-05T00:35:05.941+0000] {processor.py:830} INFO - Processing file /home/airflow/.local/lib/python3.12/site-packages/airflow/example_dags/tutorial_dag.py for tasks to queue
[2024-08-05T00:35:05.942+0000] {logging_mixin.py:188} INFO - [2024-08-05T00:35:05.942+0000] {dagbag.py:545} INFO - Filling up the DagBag from /home/airflow/.local/lib/python3.12/site-packages/airflow/example_dags/tutorial_dag.py
[2024-08-05T00:35:05.950+0000] {processor.py:840} INFO - DAG(s) 'tutorial_dag' retrieved from /home/airflow/.local/lib/python3.12/site-packages/airflow/example_dags/tutorial_dag.py
[2024-08-05T00:35:05.976+0000] {logging_mixin.py:188} INFO - [2024-08-05T00:35:05.975+0000] {dag.py:3089} INFO - Sync 1 DAGs
[2024-08-05T00:35:05.988+0000] {logging_mixin.py:188} INFO - [2024-08-05T00:35:05.988+0000] {dag.py:3947} INFO - Setting next_dagrun for tutorial_dag to None, run_after=None
[2024-08-05T00:35:06.009+0000] {processor.py:183} INFO - Processing /home/airflow/.local/lib/python3.12/site-packages/airflow/example_dags/tutorial_dag.py took 0.077 seconds
[2024-08-05T00:35:36.639+0000] {processor.py:161} INFO - Started process (PID=17406) to work on /home/airflow/.local/lib/python3.12/site-packages/airflow/example_dags/tutorial_dag.py
[2024-08-05T00:35:36.644+0000] {processor.py:830} INFO - Processing file /home/airflow/.local/lib/python3.12/site-packages/airflow/example_dags/tutorial_dag.py for tasks to queue
[2024-08-05T00:35:36.645+0000] {logging_mixin.py:188} INFO - [2024-08-05T00:35:36.644+0000] {dagbag.py:545} INFO - Filling up the DagBag from /home/airflow/.local/lib/python3.12/site-packages/airflow/example_dags/tutorial_dag.py
[2024-08-05T00:35:36.649+0000] {processor.py:840} INFO - DAG(s) 'tutorial_dag' retrieved from /home/airflow/.local/lib/python3.12/site-packages/airflow/example_dags/tutorial_dag.py
[2024-08-05T00:35:36.671+0000] {logging_mixin.py:188} INFO - [2024-08-05T00:35:36.671+0000] {dag.py:3089} INFO - Sync 1 DAGs
[2024-08-05T00:35:36.681+0000] {logging_mixin.py:188} INFO - [2024-08-05T00:35:36.680+0000] {dag.py:3947} INFO - Setting next_dagrun for tutorial_dag to None, run_after=None
[2024-08-05T00:35:36.710+0000] {processor.py:183} INFO - Processing /home/airflow/.local/lib/python3.12/site-packages/airflow/example_dags/tutorial_dag.py took 0.082 seconds
[2024-08-05T00:36:07.421+0000] {processor.py:161} INFO - Started process (PID=17464) to work on /home/airflow/.local/lib/python3.12/site-packages/airflow/example_dags/tutorial_dag.py
[2024-08-05T00:36:07.423+0000] {processor.py:830} INFO - Processing file /home/airflow/.local/lib/python3.12/site-packages/airflow/example_dags/tutorial_dag.py for tasks to queue
[2024-08-05T00:36:07.424+0000] {logging_mixin.py:188} INFO - [2024-08-05T00:36:07.423+0000] {dagbag.py:545} INFO - Filling up the DagBag from /home/airflow/.local/lib/python3.12/site-packages/airflow/example_dags/tutorial_dag.py
[2024-08-05T00:36:07.432+0000] {processor.py:840} INFO - DAG(s) 'tutorial_dag' retrieved from /home/airflow/.local/lib/python3.12/site-packages/airflow/example_dags/tutorial_dag.py
[2024-08-05T00:36:07.469+0000] {logging_mixin.py:188} INFO - [2024-08-05T00:36:07.469+0000] {dag.py:3089} INFO - Sync 1 DAGs
[2024-08-05T00:36:07.484+0000] {logging_mixin.py:188} INFO - [2024-08-05T00:36:07.482+0000] {dag.py:3947} INFO - Setting next_dagrun for tutorial_dag to None, run_after=None
[2024-08-05T00:36:07.549+0000] {processor.py:183} INFO - Processing /home/airflow/.local/lib/python3.12/site-packages/airflow/example_dags/tutorial_dag.py took 0.132 seconds
[2024-08-05T00:36:38.291+0000] {processor.py:161} INFO - Started process (PID=17524) to work on /home/airflow/.local/lib/python3.12/site-packages/airflow/example_dags/tutorial_dag.py
[2024-08-05T00:36:38.298+0000] {processor.py:830} INFO - Processing file /home/airflow/.local/lib/python3.12/site-packages/airflow/example_dags/tutorial_dag.py for tasks to queue
[2024-08-05T00:36:38.300+0000] {logging_mixin.py:188} INFO - [2024-08-05T00:36:38.299+0000] {dagbag.py:545} INFO - Filling up the DagBag from /home/airflow/.local/lib/python3.12/site-packages/airflow/example_dags/tutorial_dag.py
[2024-08-05T00:36:38.314+0000] {processor.py:840} INFO - DAG(s) 'tutorial_dag' retrieved from /home/airflow/.local/lib/python3.12/site-packages/airflow/example_dags/tutorial_dag.py
[2024-08-05T00:36:38.367+0000] {logging_mixin.py:188} INFO - [2024-08-05T00:36:38.367+0000] {dag.py:3089} INFO - Sync 1 DAGs
[2024-08-05T00:36:38.376+0000] {logging_mixin.py:188} INFO - [2024-08-05T00:36:38.376+0000] {dag.py:3947} INFO - Setting next_dagrun for tutorial_dag to None, run_after=None
[2024-08-05T00:36:38.392+0000] {processor.py:183} INFO - Processing /home/airflow/.local/lib/python3.12/site-packages/airflow/example_dags/tutorial_dag.py took 0.109 seconds
[2024-08-05T00:37:08.892+0000] {processor.py:161} INFO - Started process (PID=17584) to work on /home/airflow/.local/lib/python3.12/site-packages/airflow/example_dags/tutorial_dag.py
[2024-08-05T00:37:08.893+0000] {processor.py:830} INFO - Processing file /home/airflow/.local/lib/python3.12/site-packages/airflow/example_dags/tutorial_dag.py for tasks to queue
[2024-08-05T00:37:08.894+0000] {logging_mixin.py:188} INFO - [2024-08-05T00:37:08.894+0000] {dagbag.py:545} INFO - Filling up the DagBag from /home/airflow/.local/lib/python3.12/site-packages/airflow/example_dags/tutorial_dag.py
[2024-08-05T00:37:08.897+0000] {processor.py:840} INFO - DAG(s) 'tutorial_dag' retrieved from /home/airflow/.local/lib/python3.12/site-packages/airflow/example_dags/tutorial_dag.py
[2024-08-05T00:37:08.911+0000] {logging_mixin.py:188} INFO - [2024-08-05T00:37:08.911+0000] {dag.py:3089} INFO - Sync 1 DAGs
[2024-08-05T00:37:08.919+0000] {logging_mixin.py:188} INFO - [2024-08-05T00:37:08.919+0000] {dag.py:3947} INFO - Setting next_dagrun for tutorial_dag to None, run_after=None
[2024-08-05T00:37:08.929+0000] {processor.py:183} INFO - Processing /home/airflow/.local/lib/python3.12/site-packages/airflow/example_dags/tutorial_dag.py took 0.040 seconds
[2024-08-05T00:37:39.739+0000] {processor.py:161} INFO - Started process (PID=17644) to work on /home/airflow/.local/lib/python3.12/site-packages/airflow/example_dags/tutorial_dag.py
[2024-08-05T00:37:39.741+0000] {processor.py:830} INFO - Processing file /home/airflow/.local/lib/python3.12/site-packages/airflow/example_dags/tutorial_dag.py for tasks to queue
[2024-08-05T00:37:39.741+0000] {logging_mixin.py:188} INFO - [2024-08-05T00:37:39.741+0000] {dagbag.py:545} INFO - Filling up the DagBag from /home/airflow/.local/lib/python3.12/site-packages/airflow/example_dags/tutorial_dag.py
[2024-08-05T00:37:39.745+0000] {processor.py:840} INFO - DAG(s) 'tutorial_dag' retrieved from /home/airflow/.local/lib/python3.12/site-packages/airflow/example_dags/tutorial_dag.py
[2024-08-05T00:37:39.762+0000] {logging_mixin.py:188} INFO - [2024-08-05T00:37:39.761+0000] {dag.py:3089} INFO - Sync 1 DAGs
[2024-08-05T00:37:39.769+0000] {logging_mixin.py:188} INFO - [2024-08-05T00:37:39.768+0000] {dag.py:3947} INFO - Setting next_dagrun for tutorial_dag to None, run_after=None
[2024-08-05T00:37:39.781+0000] {processor.py:183} INFO - Processing /home/airflow/.local/lib/python3.12/site-packages/airflow/example_dags/tutorial_dag.py took 0.045 seconds
[2024-08-05T00:38:09.830+0000] {processor.py:161} INFO - Started process (PID=17702) to work on /home/airflow/.local/lib/python3.12/site-packages/airflow/example_dags/tutorial_dag.py
[2024-08-05T00:38:09.831+0000] {processor.py:830} INFO - Processing file /home/airflow/.local/lib/python3.12/site-packages/airflow/example_dags/tutorial_dag.py for tasks to queue
[2024-08-05T00:38:09.833+0000] {logging_mixin.py:188} INFO - [2024-08-05T00:38:09.833+0000] {dagbag.py:545} INFO - Filling up the DagBag from /home/airflow/.local/lib/python3.12/site-packages/airflow/example_dags/tutorial_dag.py
[2024-08-05T00:38:09.843+0000] {processor.py:840} INFO - DAG(s) 'tutorial_dag' retrieved from /home/airflow/.local/lib/python3.12/site-packages/airflow/example_dags/tutorial_dag.py
[2024-08-05T00:38:09.876+0000] {logging_mixin.py:188} INFO - [2024-08-05T00:38:09.876+0000] {dag.py:3089} INFO - Sync 1 DAGs
[2024-08-05T00:38:09.889+0000] {logging_mixin.py:188} INFO - [2024-08-05T00:38:09.888+0000] {dag.py:3947} INFO - Setting next_dagrun for tutorial_dag to None, run_after=None
[2024-08-05T00:38:09.904+0000] {processor.py:183} INFO - Processing /home/airflow/.local/lib/python3.12/site-packages/airflow/example_dags/tutorial_dag.py took 0.081 seconds
[2024-08-05T00:38:39.969+0000] {processor.py:161} INFO - Started process (PID=17762) to work on /home/airflow/.local/lib/python3.12/site-packages/airflow/example_dags/tutorial_dag.py
[2024-08-05T00:38:39.970+0000] {processor.py:830} INFO - Processing file /home/airflow/.local/lib/python3.12/site-packages/airflow/example_dags/tutorial_dag.py for tasks to queue
[2024-08-05T00:38:39.970+0000] {logging_mixin.py:188} INFO - [2024-08-05T00:38:39.970+0000] {dagbag.py:545} INFO - Filling up the DagBag from /home/airflow/.local/lib/python3.12/site-packages/airflow/example_dags/tutorial_dag.py
[2024-08-05T00:38:39.973+0000] {processor.py:840} INFO - DAG(s) 'tutorial_dag' retrieved from /home/airflow/.local/lib/python3.12/site-packages/airflow/example_dags/tutorial_dag.py
[2024-08-05T00:38:39.985+0000] {logging_mixin.py:188} INFO - [2024-08-05T00:38:39.985+0000] {dag.py:3089} INFO - Sync 1 DAGs
[2024-08-05T00:38:39.990+0000] {logging_mixin.py:188} INFO - [2024-08-05T00:38:39.990+0000] {dag.py:3947} INFO - Setting next_dagrun for tutorial_dag to None, run_after=None
[2024-08-05T00:38:39.998+0000] {processor.py:183} INFO - Processing /home/airflow/.local/lib/python3.12/site-packages/airflow/example_dags/tutorial_dag.py took 0.031 seconds
[2024-08-05T00:39:10.390+0000] {processor.py:161} INFO - Started process (PID=17822) to work on /home/airflow/.local/lib/python3.12/site-packages/airflow/example_dags/tutorial_dag.py
[2024-08-05T00:39:10.392+0000] {processor.py:830} INFO - Processing file /home/airflow/.local/lib/python3.12/site-packages/airflow/example_dags/tutorial_dag.py for tasks to queue
[2024-08-05T00:39:10.393+0000] {logging_mixin.py:188} INFO - [2024-08-05T00:39:10.393+0000] {dagbag.py:545} INFO - Filling up the DagBag from /home/airflow/.local/lib/python3.12/site-packages/airflow/example_dags/tutorial_dag.py
[2024-08-05T00:39:10.403+0000] {processor.py:840} INFO - DAG(s) 'tutorial_dag' retrieved from /home/airflow/.local/lib/python3.12/site-packages/airflow/example_dags/tutorial_dag.py
[2024-08-05T00:39:10.424+0000] {logging_mixin.py:188} INFO - [2024-08-05T00:39:10.424+0000] {dag.py:3089} INFO - Sync 1 DAGs
[2024-08-05T00:39:10.431+0000] {logging_mixin.py:188} INFO - [2024-08-05T00:39:10.431+0000] {dag.py:3947} INFO - Setting next_dagrun for tutorial_dag to None, run_after=None
[2024-08-05T00:39:10.443+0000] {processor.py:183} INFO - Processing /home/airflow/.local/lib/python3.12/site-packages/airflow/example_dags/tutorial_dag.py took 0.057 seconds
[2024-08-05T00:39:40.817+0000] {processor.py:161} INFO - Started process (PID=17882) to work on /home/airflow/.local/lib/python3.12/site-packages/airflow/example_dags/tutorial_dag.py
[2024-08-05T00:39:40.818+0000] {processor.py:830} INFO - Processing file /home/airflow/.local/lib/python3.12/site-packages/airflow/example_dags/tutorial_dag.py for tasks to queue
[2024-08-05T00:39:40.819+0000] {logging_mixin.py:188} INFO - [2024-08-05T00:39:40.819+0000] {dagbag.py:545} INFO - Filling up the DagBag from /home/airflow/.local/lib/python3.12/site-packages/airflow/example_dags/tutorial_dag.py
[2024-08-05T00:39:40.822+0000] {processor.py:840} INFO - DAG(s) 'tutorial_dag' retrieved from /home/airflow/.local/lib/python3.12/site-packages/airflow/example_dags/tutorial_dag.py
[2024-08-05T00:39:40.842+0000] {logging_mixin.py:188} INFO - [2024-08-05T00:39:40.842+0000] {dag.py:3089} INFO - Sync 1 DAGs
[2024-08-05T00:39:40.851+0000] {logging_mixin.py:188} INFO - [2024-08-05T00:39:40.850+0000] {dag.py:3947} INFO - Setting next_dagrun for tutorial_dag to None, run_after=None
[2024-08-05T00:39:40.862+0000] {processor.py:183} INFO - Processing /home/airflow/.local/lib/python3.12/site-packages/airflow/example_dags/tutorial_dag.py took 0.049 seconds
[2024-08-05T00:40:11.252+0000] {processor.py:161} INFO - Started process (PID=17942) to work on /home/airflow/.local/lib/python3.12/site-packages/airflow/example_dags/tutorial_dag.py
[2024-08-05T00:40:11.256+0000] {processor.py:830} INFO - Processing file /home/airflow/.local/lib/python3.12/site-packages/airflow/example_dags/tutorial_dag.py for tasks to queue
[2024-08-05T00:40:11.260+0000] {logging_mixin.py:188} INFO - [2024-08-05T00:40:11.260+0000] {dagbag.py:545} INFO - Filling up the DagBag from /home/airflow/.local/lib/python3.12/site-packages/airflow/example_dags/tutorial_dag.py
[2024-08-05T00:40:11.273+0000] {processor.py:840} INFO - DAG(s) 'tutorial_dag' retrieved from /home/airflow/.local/lib/python3.12/site-packages/airflow/example_dags/tutorial_dag.py
[2024-08-05T00:40:11.296+0000] {logging_mixin.py:188} INFO - [2024-08-05T00:40:11.295+0000] {dag.py:3089} INFO - Sync 1 DAGs
[2024-08-05T00:40:11.314+0000] {logging_mixin.py:188} INFO - [2024-08-05T00:40:11.313+0000] {dag.py:3947} INFO - Setting next_dagrun for tutorial_dag to None, run_after=None
[2024-08-05T00:40:11.329+0000] {processor.py:183} INFO - Processing /home/airflow/.local/lib/python3.12/site-packages/airflow/example_dags/tutorial_dag.py took 0.083 seconds
[2024-08-05T00:40:42.131+0000] {processor.py:161} INFO - Started process (PID=18002) to work on /home/airflow/.local/lib/python3.12/site-packages/airflow/example_dags/tutorial_dag.py
[2024-08-05T00:40:42.132+0000] {processor.py:830} INFO - Processing file /home/airflow/.local/lib/python3.12/site-packages/airflow/example_dags/tutorial_dag.py for tasks to queue
[2024-08-05T00:40:42.134+0000] {logging_mixin.py:188} INFO - [2024-08-05T00:40:42.133+0000] {dagbag.py:545} INFO - Filling up the DagBag from /home/airflow/.local/lib/python3.12/site-packages/airflow/example_dags/tutorial_dag.py
[2024-08-05T00:40:42.141+0000] {processor.py:840} INFO - DAG(s) 'tutorial_dag' retrieved from /home/airflow/.local/lib/python3.12/site-packages/airflow/example_dags/tutorial_dag.py
[2024-08-05T00:40:42.242+0000] {logging_mixin.py:188} INFO - [2024-08-05T00:40:42.241+0000] {dag.py:3089} INFO - Sync 1 DAGs
[2024-08-05T00:40:42.256+0000] {logging_mixin.py:188} INFO - [2024-08-05T00:40:42.256+0000] {dag.py:3947} INFO - Setting next_dagrun for tutorial_dag to None, run_after=None
[2024-08-05T00:40:42.301+0000] {processor.py:183} INFO - Processing /home/airflow/.local/lib/python3.12/site-packages/airflow/example_dags/tutorial_dag.py took 0.179 seconds
