[2024-08-05T00:00:15.514+0000] {processor.py:161} INFO - Started process (PID=13079) to work on /home/airflow/.local/lib/python3.12/site-packages/airflow/example_dags/tutorial_objectstorage.py
[2024-08-05T00:00:15.516+0000] {processor.py:830} INFO - Processing file /home/airflow/.local/lib/python3.12/site-packages/airflow/example_dags/tutorial_objectstorage.py for tasks to queue
[2024-08-05T00:00:15.517+0000] {logging_mixin.py:188} INFO - [2024-08-05T00:00:15.517+0000] {dagbag.py:545} INFO - Filling up the DagBag from /home/airflow/.local/lib/python3.12/site-packages/airflow/example_dags/tutorial_objectstorage.py
[2024-08-05T00:00:15.530+0000] {processor.py:840} INFO - DAG(s) 'tutorial_objectstorage' retrieved from /home/airflow/.local/lib/python3.12/site-packages/airflow/example_dags/tutorial_objectstorage.py
[2024-08-05T00:00:15.562+0000] {logging_mixin.py:188} INFO - [2024-08-05T00:00:15.562+0000] {dag.py:3089} INFO - Sync 1 DAGs
[2024-08-05T00:00:15.575+0000] {logging_mixin.py:188} INFO - [2024-08-05T00:00:15.575+0000] {dag.py:3947} INFO - Setting next_dagrun for tutorial_objectstorage to None, run_after=None
[2024-08-05T00:00:15.592+0000] {processor.py:183} INFO - Processing /home/airflow/.local/lib/python3.12/site-packages/airflow/example_dags/tutorial_objectstorage.py took 0.082 seconds
[2024-08-05T00:00:47.191+0000] {processor.py:161} INFO - Started process (PID=13149) to work on /home/airflow/.local/lib/python3.12/site-packages/airflow/example_dags/tutorial_objectstorage.py
[2024-08-05T00:00:47.196+0000] {processor.py:830} INFO - Processing file /home/airflow/.local/lib/python3.12/site-packages/airflow/example_dags/tutorial_objectstorage.py for tasks to queue
[2024-08-05T00:00:47.202+0000] {logging_mixin.py:188} INFO - [2024-08-05T00:00:47.201+0000] {dagbag.py:545} INFO - Filling up the DagBag from /home/airflow/.local/lib/python3.12/site-packages/airflow/example_dags/tutorial_objectstorage.py
[2024-08-05T00:00:47.263+0000] {processor.py:840} INFO - DAG(s) 'tutorial_objectstorage' retrieved from /home/airflow/.local/lib/python3.12/site-packages/airflow/example_dags/tutorial_objectstorage.py
[2024-08-05T00:00:47.441+0000] {logging_mixin.py:188} INFO - [2024-08-05T00:00:47.439+0000] {dag.py:3089} INFO - Sync 1 DAGs
[2024-08-05T00:00:47.526+0000] {logging_mixin.py:188} INFO - [2024-08-05T00:00:47.525+0000] {dag.py:3947} INFO - Setting next_dagrun for tutorial_objectstorage to None, run_after=None
[2024-08-05T00:00:47.629+0000] {processor.py:183} INFO - Processing /home/airflow/.local/lib/python3.12/site-packages/airflow/example_dags/tutorial_objectstorage.py took 0.466 seconds
[2024-08-05T00:01:18.024+0000] {processor.py:161} INFO - Started process (PID=13215) to work on /home/airflow/.local/lib/python3.12/site-packages/airflow/example_dags/tutorial_objectstorage.py
[2024-08-05T00:01:18.025+0000] {processor.py:830} INFO - Processing file /home/airflow/.local/lib/python3.12/site-packages/airflow/example_dags/tutorial_objectstorage.py for tasks to queue
[2024-08-05T00:01:18.025+0000] {logging_mixin.py:188} INFO - [2024-08-05T00:01:18.025+0000] {dagbag.py:545} INFO - Filling up the DagBag from /home/airflow/.local/lib/python3.12/site-packages/airflow/example_dags/tutorial_objectstorage.py
[2024-08-05T00:01:18.033+0000] {processor.py:840} INFO - DAG(s) 'tutorial_objectstorage' retrieved from /home/airflow/.local/lib/python3.12/site-packages/airflow/example_dags/tutorial_objectstorage.py
[2024-08-05T00:01:18.046+0000] {logging_mixin.py:188} INFO - [2024-08-05T00:01:18.046+0000] {dag.py:3089} INFO - Sync 1 DAGs
[2024-08-05T00:01:18.052+0000] {logging_mixin.py:188} INFO - [2024-08-05T00:01:18.052+0000] {dag.py:3947} INFO - Setting next_dagrun for tutorial_objectstorage to None, run_after=None
[2024-08-05T00:01:18.060+0000] {processor.py:183} INFO - Processing /home/airflow/.local/lib/python3.12/site-packages/airflow/example_dags/tutorial_objectstorage.py took 0.039 seconds
[2024-08-05T00:01:48.833+0000] {processor.py:161} INFO - Started process (PID=13286) to work on /home/airflow/.local/lib/python3.12/site-packages/airflow/example_dags/tutorial_objectstorage.py
[2024-08-05T00:01:48.834+0000] {processor.py:830} INFO - Processing file /home/airflow/.local/lib/python3.12/site-packages/airflow/example_dags/tutorial_objectstorage.py for tasks to queue
[2024-08-05T00:01:48.835+0000] {logging_mixin.py:188} INFO - [2024-08-05T00:01:48.834+0000] {dagbag.py:545} INFO - Filling up the DagBag from /home/airflow/.local/lib/python3.12/site-packages/airflow/example_dags/tutorial_objectstorage.py
[2024-08-05T00:01:48.841+0000] {processor.py:840} INFO - DAG(s) 'tutorial_objectstorage' retrieved from /home/airflow/.local/lib/python3.12/site-packages/airflow/example_dags/tutorial_objectstorage.py
[2024-08-05T00:01:48.863+0000] {logging_mixin.py:188} INFO - [2024-08-05T00:01:48.863+0000] {dag.py:3089} INFO - Sync 1 DAGs
[2024-08-05T00:01:48.873+0000] {logging_mixin.py:188} INFO - [2024-08-05T00:01:48.873+0000] {dag.py:3947} INFO - Setting next_dagrun for tutorial_objectstorage to None, run_after=None
[2024-08-05T00:01:48.883+0000] {processor.py:183} INFO - Processing /home/airflow/.local/lib/python3.12/site-packages/airflow/example_dags/tutorial_objectstorage.py took 0.054 seconds
[2024-08-05T00:02:19.445+0000] {processor.py:161} INFO - Started process (PID=13347) to work on /home/airflow/.local/lib/python3.12/site-packages/airflow/example_dags/tutorial_objectstorage.py
[2024-08-05T00:02:19.446+0000] {processor.py:830} INFO - Processing file /home/airflow/.local/lib/python3.12/site-packages/airflow/example_dags/tutorial_objectstorage.py for tasks to queue
[2024-08-05T00:02:19.447+0000] {logging_mixin.py:188} INFO - [2024-08-05T00:02:19.446+0000] {dagbag.py:545} INFO - Filling up the DagBag from /home/airflow/.local/lib/python3.12/site-packages/airflow/example_dags/tutorial_objectstorage.py
[2024-08-05T00:02:19.453+0000] {processor.py:840} INFO - DAG(s) 'tutorial_objectstorage' retrieved from /home/airflow/.local/lib/python3.12/site-packages/airflow/example_dags/tutorial_objectstorage.py
[2024-08-05T00:02:19.476+0000] {logging_mixin.py:188} INFO - [2024-08-05T00:02:19.476+0000] {dag.py:3089} INFO - Sync 1 DAGs
[2024-08-05T00:02:19.487+0000] {logging_mixin.py:188} INFO - [2024-08-05T00:02:19.486+0000] {dag.py:3947} INFO - Setting next_dagrun for tutorial_objectstorage to None, run_after=None
[2024-08-05T00:02:19.502+0000] {processor.py:183} INFO - Processing /home/airflow/.local/lib/python3.12/site-packages/airflow/example_dags/tutorial_objectstorage.py took 0.060 seconds
[2024-08-05T00:02:49.937+0000] {processor.py:161} INFO - Started process (PID=13408) to work on /home/airflow/.local/lib/python3.12/site-packages/airflow/example_dags/tutorial_objectstorage.py
[2024-08-05T00:02:49.938+0000] {processor.py:830} INFO - Processing file /home/airflow/.local/lib/python3.12/site-packages/airflow/example_dags/tutorial_objectstorage.py for tasks to queue
[2024-08-05T00:02:49.938+0000] {logging_mixin.py:188} INFO - [2024-08-05T00:02:49.938+0000] {dagbag.py:545} INFO - Filling up the DagBag from /home/airflow/.local/lib/python3.12/site-packages/airflow/example_dags/tutorial_objectstorage.py
[2024-08-05T00:02:49.946+0000] {processor.py:840} INFO - DAG(s) 'tutorial_objectstorage' retrieved from /home/airflow/.local/lib/python3.12/site-packages/airflow/example_dags/tutorial_objectstorage.py
[2024-08-05T00:02:49.970+0000] {logging_mixin.py:188} INFO - [2024-08-05T00:02:49.970+0000] {dag.py:3089} INFO - Sync 1 DAGs
[2024-08-05T00:02:49.978+0000] {logging_mixin.py:188} INFO - [2024-08-05T00:02:49.978+0000] {dag.py:3947} INFO - Setting next_dagrun for tutorial_objectstorage to None, run_after=None
[2024-08-05T00:02:49.993+0000] {processor.py:183} INFO - Processing /home/airflow/.local/lib/python3.12/site-packages/airflow/example_dags/tutorial_objectstorage.py took 0.062 seconds
[2024-08-05T00:03:20.806+0000] {processor.py:161} INFO - Started process (PID=13469) to work on /home/airflow/.local/lib/python3.12/site-packages/airflow/example_dags/tutorial_objectstorage.py
[2024-08-05T00:03:20.806+0000] {processor.py:830} INFO - Processing file /home/airflow/.local/lib/python3.12/site-packages/airflow/example_dags/tutorial_objectstorage.py for tasks to queue
[2024-08-05T00:03:20.808+0000] {logging_mixin.py:188} INFO - [2024-08-05T00:03:20.807+0000] {dagbag.py:545} INFO - Filling up the DagBag from /home/airflow/.local/lib/python3.12/site-packages/airflow/example_dags/tutorial_objectstorage.py
[2024-08-05T00:03:20.818+0000] {processor.py:840} INFO - DAG(s) 'tutorial_objectstorage' retrieved from /home/airflow/.local/lib/python3.12/site-packages/airflow/example_dags/tutorial_objectstorage.py
[2024-08-05T00:03:20.838+0000] {logging_mixin.py:188} INFO - [2024-08-05T00:03:20.838+0000] {dag.py:3089} INFO - Sync 1 DAGs
[2024-08-05T00:03:20.845+0000] {logging_mixin.py:188} INFO - [2024-08-05T00:03:20.844+0000] {dag.py:3947} INFO - Setting next_dagrun for tutorial_objectstorage to None, run_after=None
[2024-08-05T00:03:20.859+0000] {processor.py:183} INFO - Processing /home/airflow/.local/lib/python3.12/site-packages/airflow/example_dags/tutorial_objectstorage.py took 0.058 seconds
[2024-08-05T00:03:51.176+0000] {processor.py:161} INFO - Started process (PID=13530) to work on /home/airflow/.local/lib/python3.12/site-packages/airflow/example_dags/tutorial_objectstorage.py
[2024-08-05T00:03:51.182+0000] {processor.py:830} INFO - Processing file /home/airflow/.local/lib/python3.12/site-packages/airflow/example_dags/tutorial_objectstorage.py for tasks to queue
[2024-08-05T00:03:51.184+0000] {logging_mixin.py:188} INFO - [2024-08-05T00:03:51.184+0000] {dagbag.py:545} INFO - Filling up the DagBag from /home/airflow/.local/lib/python3.12/site-packages/airflow/example_dags/tutorial_objectstorage.py
[2024-08-05T00:03:51.195+0000] {processor.py:840} INFO - DAG(s) 'tutorial_objectstorage' retrieved from /home/airflow/.local/lib/python3.12/site-packages/airflow/example_dags/tutorial_objectstorage.py
[2024-08-05T00:03:51.214+0000] {logging_mixin.py:188} INFO - [2024-08-05T00:03:51.214+0000] {dag.py:3089} INFO - Sync 1 DAGs
[2024-08-05T00:03:51.224+0000] {logging_mixin.py:188} INFO - [2024-08-05T00:03:51.223+0000] {dag.py:3947} INFO - Setting next_dagrun for tutorial_objectstorage to None, run_after=None
[2024-08-05T00:03:51.235+0000] {processor.py:183} INFO - Processing /home/airflow/.local/lib/python3.12/site-packages/airflow/example_dags/tutorial_objectstorage.py took 0.069 seconds
[2024-08-05T00:04:21.290+0000] {processor.py:161} INFO - Started process (PID=13591) to work on /home/airflow/.local/lib/python3.12/site-packages/airflow/example_dags/tutorial_objectstorage.py
[2024-08-05T00:04:21.291+0000] {processor.py:830} INFO - Processing file /home/airflow/.local/lib/python3.12/site-packages/airflow/example_dags/tutorial_objectstorage.py for tasks to queue
[2024-08-05T00:04:21.291+0000] {logging_mixin.py:188} INFO - [2024-08-05T00:04:21.291+0000] {dagbag.py:545} INFO - Filling up the DagBag from /home/airflow/.local/lib/python3.12/site-packages/airflow/example_dags/tutorial_objectstorage.py
[2024-08-05T00:04:21.300+0000] {processor.py:840} INFO - DAG(s) 'tutorial_objectstorage' retrieved from /home/airflow/.local/lib/python3.12/site-packages/airflow/example_dags/tutorial_objectstorage.py
[2024-08-05T00:04:21.316+0000] {logging_mixin.py:188} INFO - [2024-08-05T00:04:21.316+0000] {dag.py:3089} INFO - Sync 1 DAGs
[2024-08-05T00:04:21.325+0000] {logging_mixin.py:188} INFO - [2024-08-05T00:04:21.324+0000] {dag.py:3947} INFO - Setting next_dagrun for tutorial_objectstorage to None, run_after=None
[2024-08-05T00:04:21.342+0000] {processor.py:183} INFO - Processing /home/airflow/.local/lib/python3.12/site-packages/airflow/example_dags/tutorial_objectstorage.py took 0.056 seconds
[2024-08-05T00:04:51.569+0000] {processor.py:161} INFO - Started process (PID=13652) to work on /home/airflow/.local/lib/python3.12/site-packages/airflow/example_dags/tutorial_objectstorage.py
[2024-08-05T00:04:51.569+0000] {processor.py:830} INFO - Processing file /home/airflow/.local/lib/python3.12/site-packages/airflow/example_dags/tutorial_objectstorage.py for tasks to queue
[2024-08-05T00:04:51.570+0000] {logging_mixin.py:188} INFO - [2024-08-05T00:04:51.570+0000] {dagbag.py:545} INFO - Filling up the DagBag from /home/airflow/.local/lib/python3.12/site-packages/airflow/example_dags/tutorial_objectstorage.py
[2024-08-05T00:04:51.577+0000] {processor.py:840} INFO - DAG(s) 'tutorial_objectstorage' retrieved from /home/airflow/.local/lib/python3.12/site-packages/airflow/example_dags/tutorial_objectstorage.py
[2024-08-05T00:04:51.601+0000] {logging_mixin.py:188} INFO - [2024-08-05T00:04:51.601+0000] {dag.py:3089} INFO - Sync 1 DAGs
[2024-08-05T00:04:51.608+0000] {logging_mixin.py:188} INFO - [2024-08-05T00:04:51.608+0000] {dag.py:3947} INFO - Setting next_dagrun for tutorial_objectstorage to None, run_after=None
[2024-08-05T00:04:51.622+0000] {processor.py:183} INFO - Processing /home/airflow/.local/lib/python3.12/site-packages/airflow/example_dags/tutorial_objectstorage.py took 0.057 seconds
[2024-08-05T00:05:22.104+0000] {processor.py:161} INFO - Started process (PID=13713) to work on /home/airflow/.local/lib/python3.12/site-packages/airflow/example_dags/tutorial_objectstorage.py
[2024-08-05T00:05:22.106+0000] {processor.py:830} INFO - Processing file /home/airflow/.local/lib/python3.12/site-packages/airflow/example_dags/tutorial_objectstorage.py for tasks to queue
[2024-08-05T00:05:22.106+0000] {logging_mixin.py:188} INFO - [2024-08-05T00:05:22.106+0000] {dagbag.py:545} INFO - Filling up the DagBag from /home/airflow/.local/lib/python3.12/site-packages/airflow/example_dags/tutorial_objectstorage.py
[2024-08-05T00:05:22.112+0000] {processor.py:840} INFO - DAG(s) 'tutorial_objectstorage' retrieved from /home/airflow/.local/lib/python3.12/site-packages/airflow/example_dags/tutorial_objectstorage.py
[2024-08-05T00:05:22.130+0000] {logging_mixin.py:188} INFO - [2024-08-05T00:05:22.130+0000] {dag.py:3089} INFO - Sync 1 DAGs
[2024-08-05T00:05:22.138+0000] {logging_mixin.py:188} INFO - [2024-08-05T00:05:22.138+0000] {dag.py:3947} INFO - Setting next_dagrun for tutorial_objectstorage to None, run_after=None
[2024-08-05T00:05:22.150+0000] {processor.py:183} INFO - Processing /home/airflow/.local/lib/python3.12/site-packages/airflow/example_dags/tutorial_objectstorage.py took 0.050 seconds
[2024-08-05T00:05:52.511+0000] {processor.py:161} INFO - Started process (PID=13774) to work on /home/airflow/.local/lib/python3.12/site-packages/airflow/example_dags/tutorial_objectstorage.py
[2024-08-05T00:05:52.512+0000] {processor.py:830} INFO - Processing file /home/airflow/.local/lib/python3.12/site-packages/airflow/example_dags/tutorial_objectstorage.py for tasks to queue
[2024-08-05T00:05:52.513+0000] {logging_mixin.py:188} INFO - [2024-08-05T00:05:52.513+0000] {dagbag.py:545} INFO - Filling up the DagBag from /home/airflow/.local/lib/python3.12/site-packages/airflow/example_dags/tutorial_objectstorage.py
[2024-08-05T00:05:52.518+0000] {processor.py:840} INFO - DAG(s) 'tutorial_objectstorage' retrieved from /home/airflow/.local/lib/python3.12/site-packages/airflow/example_dags/tutorial_objectstorage.py
[2024-08-05T00:05:52.536+0000] {logging_mixin.py:188} INFO - [2024-08-05T00:05:52.535+0000] {dag.py:3089} INFO - Sync 1 DAGs
[2024-08-05T00:05:52.545+0000] {logging_mixin.py:188} INFO - [2024-08-05T00:05:52.545+0000] {dag.py:3947} INFO - Setting next_dagrun for tutorial_objectstorage to None, run_after=None
[2024-08-05T00:05:52.557+0000] {processor.py:183} INFO - Processing /home/airflow/.local/lib/python3.12/site-packages/airflow/example_dags/tutorial_objectstorage.py took 0.050 seconds
[2024-08-05T00:06:22.718+0000] {processor.py:161} INFO - Started process (PID=13835) to work on /home/airflow/.local/lib/python3.12/site-packages/airflow/example_dags/tutorial_objectstorage.py
[2024-08-05T00:06:22.721+0000] {processor.py:830} INFO - Processing file /home/airflow/.local/lib/python3.12/site-packages/airflow/example_dags/tutorial_objectstorage.py for tasks to queue
[2024-08-05T00:06:22.722+0000] {logging_mixin.py:188} INFO - [2024-08-05T00:06:22.722+0000] {dagbag.py:545} INFO - Filling up the DagBag from /home/airflow/.local/lib/python3.12/site-packages/airflow/example_dags/tutorial_objectstorage.py
[2024-08-05T00:06:22.730+0000] {processor.py:840} INFO - DAG(s) 'tutorial_objectstorage' retrieved from /home/airflow/.local/lib/python3.12/site-packages/airflow/example_dags/tutorial_objectstorage.py
[2024-08-05T00:06:22.747+0000] {logging_mixin.py:188} INFO - [2024-08-05T00:06:22.747+0000] {dag.py:3089} INFO - Sync 1 DAGs
[2024-08-05T00:06:22.758+0000] {logging_mixin.py:188} INFO - [2024-08-05T00:06:22.757+0000] {dag.py:3947} INFO - Setting next_dagrun for tutorial_objectstorage to None, run_after=None
[2024-08-05T00:06:22.773+0000] {processor.py:183} INFO - Processing /home/airflow/.local/lib/python3.12/site-packages/airflow/example_dags/tutorial_objectstorage.py took 0.058 seconds
[2024-08-05T00:06:53.853+0000] {processor.py:161} INFO - Started process (PID=13896) to work on /home/airflow/.local/lib/python3.12/site-packages/airflow/example_dags/tutorial_objectstorage.py
[2024-08-05T00:06:53.854+0000] {processor.py:830} INFO - Processing file /home/airflow/.local/lib/python3.12/site-packages/airflow/example_dags/tutorial_objectstorage.py for tasks to queue
[2024-08-05T00:06:53.855+0000] {logging_mixin.py:188} INFO - [2024-08-05T00:06:53.855+0000] {dagbag.py:545} INFO - Filling up the DagBag from /home/airflow/.local/lib/python3.12/site-packages/airflow/example_dags/tutorial_objectstorage.py
[2024-08-05T00:06:53.866+0000] {processor.py:840} INFO - DAG(s) 'tutorial_objectstorage' retrieved from /home/airflow/.local/lib/python3.12/site-packages/airflow/example_dags/tutorial_objectstorage.py
[2024-08-05T00:06:53.900+0000] {logging_mixin.py:188} INFO - [2024-08-05T00:06:53.900+0000] {dag.py:3089} INFO - Sync 1 DAGs
[2024-08-05T00:06:53.912+0000] {logging_mixin.py:188} INFO - [2024-08-05T00:06:53.912+0000] {dag.py:3947} INFO - Setting next_dagrun for tutorial_objectstorage to None, run_after=None
[2024-08-05T00:06:53.927+0000] {processor.py:183} INFO - Processing /home/airflow/.local/lib/python3.12/site-packages/airflow/example_dags/tutorial_objectstorage.py took 0.082 seconds
[2024-08-05T00:07:24.835+0000] {processor.py:161} INFO - Started process (PID=13967) to work on /home/airflow/.local/lib/python3.12/site-packages/airflow/example_dags/tutorial_objectstorage.py
[2024-08-05T00:07:24.839+0000] {processor.py:830} INFO - Processing file /home/airflow/.local/lib/python3.12/site-packages/airflow/example_dags/tutorial_objectstorage.py for tasks to queue
[2024-08-05T00:07:24.839+0000] {logging_mixin.py:188} INFO - [2024-08-05T00:07:24.839+0000] {dagbag.py:545} INFO - Filling up the DagBag from /home/airflow/.local/lib/python3.12/site-packages/airflow/example_dags/tutorial_objectstorage.py
[2024-08-05T00:07:24.847+0000] {processor.py:840} INFO - DAG(s) 'tutorial_objectstorage' retrieved from /home/airflow/.local/lib/python3.12/site-packages/airflow/example_dags/tutorial_objectstorage.py
[2024-08-05T00:07:24.866+0000] {logging_mixin.py:188} INFO - [2024-08-05T00:07:24.866+0000] {dag.py:3089} INFO - Sync 1 DAGs
[2024-08-05T00:07:24.875+0000] {logging_mixin.py:188} INFO - [2024-08-05T00:07:24.875+0000] {dag.py:3947} INFO - Setting next_dagrun for tutorial_objectstorage to None, run_after=None
[2024-08-05T00:07:24.889+0000] {processor.py:183} INFO - Processing /home/airflow/.local/lib/python3.12/site-packages/airflow/example_dags/tutorial_objectstorage.py took 0.057 seconds
[2024-08-05T00:07:55.190+0000] {processor.py:161} INFO - Started process (PID=14028) to work on /home/airflow/.local/lib/python3.12/site-packages/airflow/example_dags/tutorial_objectstorage.py
[2024-08-05T00:07:55.193+0000] {processor.py:830} INFO - Processing file /home/airflow/.local/lib/python3.12/site-packages/airflow/example_dags/tutorial_objectstorage.py for tasks to queue
[2024-08-05T00:07:55.194+0000] {logging_mixin.py:188} INFO - [2024-08-05T00:07:55.194+0000] {dagbag.py:545} INFO - Filling up the DagBag from /home/airflow/.local/lib/python3.12/site-packages/airflow/example_dags/tutorial_objectstorage.py
[2024-08-05T00:07:55.199+0000] {processor.py:840} INFO - DAG(s) 'tutorial_objectstorage' retrieved from /home/airflow/.local/lib/python3.12/site-packages/airflow/example_dags/tutorial_objectstorage.py
[2024-08-05T00:07:55.213+0000] {logging_mixin.py:188} INFO - [2024-08-05T00:07:55.212+0000] {dag.py:3089} INFO - Sync 1 DAGs
[2024-08-05T00:07:55.224+0000] {logging_mixin.py:188} INFO - [2024-08-05T00:07:55.224+0000] {dag.py:3947} INFO - Setting next_dagrun for tutorial_objectstorage to None, run_after=None
[2024-08-05T00:07:55.237+0000] {processor.py:183} INFO - Processing /home/airflow/.local/lib/python3.12/site-packages/airflow/example_dags/tutorial_objectstorage.py took 0.051 seconds
[2024-08-05T00:08:25.425+0000] {processor.py:161} INFO - Started process (PID=14089) to work on /home/airflow/.local/lib/python3.12/site-packages/airflow/example_dags/tutorial_objectstorage.py
[2024-08-05T00:08:25.426+0000] {processor.py:830} INFO - Processing file /home/airflow/.local/lib/python3.12/site-packages/airflow/example_dags/tutorial_objectstorage.py for tasks to queue
[2024-08-05T00:08:25.427+0000] {logging_mixin.py:188} INFO - [2024-08-05T00:08:25.427+0000] {dagbag.py:545} INFO - Filling up the DagBag from /home/airflow/.local/lib/python3.12/site-packages/airflow/example_dags/tutorial_objectstorage.py
[2024-08-05T00:08:25.434+0000] {processor.py:840} INFO - DAG(s) 'tutorial_objectstorage' retrieved from /home/airflow/.local/lib/python3.12/site-packages/airflow/example_dags/tutorial_objectstorage.py
[2024-08-05T00:08:25.452+0000] {logging_mixin.py:188} INFO - [2024-08-05T00:08:25.452+0000] {dag.py:3089} INFO - Sync 1 DAGs
[2024-08-05T00:08:25.460+0000] {logging_mixin.py:188} INFO - [2024-08-05T00:08:25.460+0000] {dag.py:3947} INFO - Setting next_dagrun for tutorial_objectstorage to None, run_after=None
[2024-08-05T00:08:25.475+0000] {processor.py:183} INFO - Processing /home/airflow/.local/lib/python3.12/site-packages/airflow/example_dags/tutorial_objectstorage.py took 0.055 seconds
[2024-08-05T00:08:55.769+0000] {processor.py:161} INFO - Started process (PID=14151) to work on /home/airflow/.local/lib/python3.12/site-packages/airflow/example_dags/tutorial_objectstorage.py
[2024-08-05T00:08:55.773+0000] {processor.py:830} INFO - Processing file /home/airflow/.local/lib/python3.12/site-packages/airflow/example_dags/tutorial_objectstorage.py for tasks to queue
[2024-08-05T00:08:55.774+0000] {logging_mixin.py:188} INFO - [2024-08-05T00:08:55.774+0000] {dagbag.py:545} INFO - Filling up the DagBag from /home/airflow/.local/lib/python3.12/site-packages/airflow/example_dags/tutorial_objectstorage.py
[2024-08-05T00:08:55.784+0000] {processor.py:840} INFO - DAG(s) 'tutorial_objectstorage' retrieved from /home/airflow/.local/lib/python3.12/site-packages/airflow/example_dags/tutorial_objectstorage.py
[2024-08-05T00:08:55.804+0000] {logging_mixin.py:188} INFO - [2024-08-05T00:08:55.804+0000] {dag.py:3089} INFO - Sync 1 DAGs
[2024-08-05T00:08:55.810+0000] {logging_mixin.py:188} INFO - [2024-08-05T00:08:55.810+0000] {dag.py:3947} INFO - Setting next_dagrun for tutorial_objectstorage to None, run_after=None
[2024-08-05T00:08:55.823+0000] {processor.py:183} INFO - Processing /home/airflow/.local/lib/python3.12/site-packages/airflow/example_dags/tutorial_objectstorage.py took 0.057 seconds
[2024-08-05T00:09:26.645+0000] {processor.py:161} INFO - Started process (PID=14212) to work on /home/airflow/.local/lib/python3.12/site-packages/airflow/example_dags/tutorial_objectstorage.py
[2024-08-05T00:09:26.649+0000] {processor.py:830} INFO - Processing file /home/airflow/.local/lib/python3.12/site-packages/airflow/example_dags/tutorial_objectstorage.py for tasks to queue
[2024-08-05T00:09:26.651+0000] {logging_mixin.py:188} INFO - [2024-08-05T00:09:26.650+0000] {dagbag.py:545} INFO - Filling up the DagBag from /home/airflow/.local/lib/python3.12/site-packages/airflow/example_dags/tutorial_objectstorage.py
[2024-08-05T00:09:26.674+0000] {processor.py:840} INFO - DAG(s) 'tutorial_objectstorage' retrieved from /home/airflow/.local/lib/python3.12/site-packages/airflow/example_dags/tutorial_objectstorage.py
[2024-08-05T00:09:26.703+0000] {logging_mixin.py:188} INFO - [2024-08-05T00:09:26.702+0000] {dag.py:3089} INFO - Sync 1 DAGs
[2024-08-05T00:09:26.745+0000] {logging_mixin.py:188} INFO - [2024-08-05T00:09:26.744+0000] {dag.py:3947} INFO - Setting next_dagrun for tutorial_objectstorage to None, run_after=None
[2024-08-05T00:09:26.762+0000] {processor.py:183} INFO - Processing /home/airflow/.local/lib/python3.12/site-packages/airflow/example_dags/tutorial_objectstorage.py took 0.126 seconds
[2024-08-05T00:09:57.370+0000] {processor.py:161} INFO - Started process (PID=14273) to work on /home/airflow/.local/lib/python3.12/site-packages/airflow/example_dags/tutorial_objectstorage.py
[2024-08-05T00:09:57.371+0000] {processor.py:830} INFO - Processing file /home/airflow/.local/lib/python3.12/site-packages/airflow/example_dags/tutorial_objectstorage.py for tasks to queue
[2024-08-05T00:09:57.372+0000] {logging_mixin.py:188} INFO - [2024-08-05T00:09:57.371+0000] {dagbag.py:545} INFO - Filling up the DagBag from /home/airflow/.local/lib/python3.12/site-packages/airflow/example_dags/tutorial_objectstorage.py
[2024-08-05T00:09:57.378+0000] {processor.py:840} INFO - DAG(s) 'tutorial_objectstorage' retrieved from /home/airflow/.local/lib/python3.12/site-packages/airflow/example_dags/tutorial_objectstorage.py
[2024-08-05T00:09:57.401+0000] {logging_mixin.py:188} INFO - [2024-08-05T00:09:57.401+0000] {dag.py:3089} INFO - Sync 1 DAGs
[2024-08-05T00:09:57.409+0000] {logging_mixin.py:188} INFO - [2024-08-05T00:09:57.408+0000] {dag.py:3947} INFO - Setting next_dagrun for tutorial_objectstorage to None, run_after=None
[2024-08-05T00:09:57.427+0000] {processor.py:183} INFO - Processing /home/airflow/.local/lib/python3.12/site-packages/airflow/example_dags/tutorial_objectstorage.py took 0.060 seconds
[2024-08-05T00:10:28.158+0000] {processor.py:161} INFO - Started process (PID=14344) to work on /home/airflow/.local/lib/python3.12/site-packages/airflow/example_dags/tutorial_objectstorage.py
[2024-08-05T00:10:28.160+0000] {processor.py:830} INFO - Processing file /home/airflow/.local/lib/python3.12/site-packages/airflow/example_dags/tutorial_objectstorage.py for tasks to queue
[2024-08-05T00:10:28.162+0000] {logging_mixin.py:188} INFO - [2024-08-05T00:10:28.161+0000] {dagbag.py:545} INFO - Filling up the DagBag from /home/airflow/.local/lib/python3.12/site-packages/airflow/example_dags/tutorial_objectstorage.py
[2024-08-05T00:10:28.175+0000] {processor.py:840} INFO - DAG(s) 'tutorial_objectstorage' retrieved from /home/airflow/.local/lib/python3.12/site-packages/airflow/example_dags/tutorial_objectstorage.py
[2024-08-05T00:10:28.197+0000] {logging_mixin.py:188} INFO - [2024-08-05T00:10:28.197+0000] {dag.py:3089} INFO - Sync 1 DAGs
[2024-08-05T00:10:28.206+0000] {logging_mixin.py:188} INFO - [2024-08-05T00:10:28.206+0000] {dag.py:3947} INFO - Setting next_dagrun for tutorial_objectstorage to None, run_after=None
[2024-08-05T00:10:28.219+0000] {processor.py:183} INFO - Processing /home/airflow/.local/lib/python3.12/site-packages/airflow/example_dags/tutorial_objectstorage.py took 0.068 seconds
[2024-08-05T00:10:59.026+0000] {processor.py:161} INFO - Started process (PID=14405) to work on /home/airflow/.local/lib/python3.12/site-packages/airflow/example_dags/tutorial_objectstorage.py
[2024-08-05T00:10:59.027+0000] {processor.py:830} INFO - Processing file /home/airflow/.local/lib/python3.12/site-packages/airflow/example_dags/tutorial_objectstorage.py for tasks to queue
[2024-08-05T00:10:59.028+0000] {logging_mixin.py:188} INFO - [2024-08-05T00:10:59.027+0000] {dagbag.py:545} INFO - Filling up the DagBag from /home/airflow/.local/lib/python3.12/site-packages/airflow/example_dags/tutorial_objectstorage.py
[2024-08-05T00:10:59.034+0000] {processor.py:840} INFO - DAG(s) 'tutorial_objectstorage' retrieved from /home/airflow/.local/lib/python3.12/site-packages/airflow/example_dags/tutorial_objectstorage.py
[2024-08-05T00:10:59.055+0000] {logging_mixin.py:188} INFO - [2024-08-05T00:10:59.055+0000] {dag.py:3089} INFO - Sync 1 DAGs
[2024-08-05T00:10:59.067+0000] {logging_mixin.py:188} INFO - [2024-08-05T00:10:59.066+0000] {dag.py:3947} INFO - Setting next_dagrun for tutorial_objectstorage to None, run_after=None
[2024-08-05T00:10:59.083+0000] {processor.py:183} INFO - Processing /home/airflow/.local/lib/python3.12/site-packages/airflow/example_dags/tutorial_objectstorage.py took 0.062 seconds
[2024-08-05T00:11:30.085+0000] {processor.py:161} INFO - Started process (PID=14476) to work on /home/airflow/.local/lib/python3.12/site-packages/airflow/example_dags/tutorial_objectstorage.py
[2024-08-05T00:11:30.087+0000] {processor.py:830} INFO - Processing file /home/airflow/.local/lib/python3.12/site-packages/airflow/example_dags/tutorial_objectstorage.py for tasks to queue
[2024-08-05T00:11:30.088+0000] {logging_mixin.py:188} INFO - [2024-08-05T00:11:30.088+0000] {dagbag.py:545} INFO - Filling up the DagBag from /home/airflow/.local/lib/python3.12/site-packages/airflow/example_dags/tutorial_objectstorage.py
[2024-08-05T00:11:30.101+0000] {processor.py:840} INFO - DAG(s) 'tutorial_objectstorage' retrieved from /home/airflow/.local/lib/python3.12/site-packages/airflow/example_dags/tutorial_objectstorage.py
[2024-08-05T00:11:30.115+0000] {logging_mixin.py:188} INFO - [2024-08-05T00:11:30.115+0000] {dag.py:3089} INFO - Sync 1 DAGs
[2024-08-05T00:11:30.122+0000] {logging_mixin.py:188} INFO - [2024-08-05T00:11:30.122+0000] {dag.py:3947} INFO - Setting next_dagrun for tutorial_objectstorage to None, run_after=None
[2024-08-05T00:11:30.135+0000] {processor.py:183} INFO - Processing /home/airflow/.local/lib/python3.12/site-packages/airflow/example_dags/tutorial_objectstorage.py took 0.054 seconds
[2024-08-05T00:12:00.649+0000] {processor.py:161} INFO - Started process (PID=14537) to work on /home/airflow/.local/lib/python3.12/site-packages/airflow/example_dags/tutorial_objectstorage.py
[2024-08-05T00:12:00.653+0000] {processor.py:830} INFO - Processing file /home/airflow/.local/lib/python3.12/site-packages/airflow/example_dags/tutorial_objectstorage.py for tasks to queue
[2024-08-05T00:12:00.653+0000] {logging_mixin.py:188} INFO - [2024-08-05T00:12:00.653+0000] {dagbag.py:545} INFO - Filling up the DagBag from /home/airflow/.local/lib/python3.12/site-packages/airflow/example_dags/tutorial_objectstorage.py
[2024-08-05T00:12:00.659+0000] {processor.py:840} INFO - DAG(s) 'tutorial_objectstorage' retrieved from /home/airflow/.local/lib/python3.12/site-packages/airflow/example_dags/tutorial_objectstorage.py
[2024-08-05T00:12:00.673+0000] {logging_mixin.py:188} INFO - [2024-08-05T00:12:00.673+0000] {dag.py:3089} INFO - Sync 1 DAGs
[2024-08-05T00:12:00.683+0000] {logging_mixin.py:188} INFO - [2024-08-05T00:12:00.683+0000] {dag.py:3947} INFO - Setting next_dagrun for tutorial_objectstorage to None, run_after=None
[2024-08-05T00:12:00.696+0000] {processor.py:183} INFO - Processing /home/airflow/.local/lib/python3.12/site-packages/airflow/example_dags/tutorial_objectstorage.py took 0.051 seconds
[2024-08-05T00:12:31.683+0000] {processor.py:161} INFO - Started process (PID=14598) to work on /home/airflow/.local/lib/python3.12/site-packages/airflow/example_dags/tutorial_objectstorage.py
[2024-08-05T00:12:31.686+0000] {processor.py:830} INFO - Processing file /home/airflow/.local/lib/python3.12/site-packages/airflow/example_dags/tutorial_objectstorage.py for tasks to queue
[2024-08-05T00:12:31.688+0000] {logging_mixin.py:188} INFO - [2024-08-05T00:12:31.688+0000] {dagbag.py:545} INFO - Filling up the DagBag from /home/airflow/.local/lib/python3.12/site-packages/airflow/example_dags/tutorial_objectstorage.py
[2024-08-05T00:12:31.694+0000] {processor.py:840} INFO - DAG(s) 'tutorial_objectstorage' retrieved from /home/airflow/.local/lib/python3.12/site-packages/airflow/example_dags/tutorial_objectstorage.py
[2024-08-05T00:12:31.711+0000] {logging_mixin.py:188} INFO - [2024-08-05T00:12:31.711+0000] {dag.py:3089} INFO - Sync 1 DAGs
[2024-08-05T00:12:31.717+0000] {logging_mixin.py:188} INFO - [2024-08-05T00:12:31.717+0000] {dag.py:3947} INFO - Setting next_dagrun for tutorial_objectstorage to None, run_after=None
[2024-08-05T00:12:31.731+0000] {processor.py:183} INFO - Processing /home/airflow/.local/lib/python3.12/site-packages/airflow/example_dags/tutorial_objectstorage.py took 0.051 seconds
[2024-08-05T00:13:02.496+0000] {processor.py:161} INFO - Started process (PID=14659) to work on /home/airflow/.local/lib/python3.12/site-packages/airflow/example_dags/tutorial_objectstorage.py
[2024-08-05T00:13:02.497+0000] {processor.py:830} INFO - Processing file /home/airflow/.local/lib/python3.12/site-packages/airflow/example_dags/tutorial_objectstorage.py for tasks to queue
[2024-08-05T00:13:02.497+0000] {logging_mixin.py:188} INFO - [2024-08-05T00:13:02.497+0000] {dagbag.py:545} INFO - Filling up the DagBag from /home/airflow/.local/lib/python3.12/site-packages/airflow/example_dags/tutorial_objectstorage.py
[2024-08-05T00:13:02.504+0000] {processor.py:840} INFO - DAG(s) 'tutorial_objectstorage' retrieved from /home/airflow/.local/lib/python3.12/site-packages/airflow/example_dags/tutorial_objectstorage.py
[2024-08-05T00:13:02.517+0000] {logging_mixin.py:188} INFO - [2024-08-05T00:13:02.517+0000] {dag.py:3089} INFO - Sync 1 DAGs
[2024-08-05T00:13:02.526+0000] {logging_mixin.py:188} INFO - [2024-08-05T00:13:02.526+0000] {dag.py:3947} INFO - Setting next_dagrun for tutorial_objectstorage to None, run_after=None
[2024-08-05T00:13:02.538+0000] {processor.py:183} INFO - Processing /home/airflow/.local/lib/python3.12/site-packages/airflow/example_dags/tutorial_objectstorage.py took 0.046 seconds
[2024-08-05T00:13:33.255+0000] {processor.py:161} INFO - Started process (PID=14720) to work on /home/airflow/.local/lib/python3.12/site-packages/airflow/example_dags/tutorial_objectstorage.py
[2024-08-05T00:13:33.257+0000] {processor.py:830} INFO - Processing file /home/airflow/.local/lib/python3.12/site-packages/airflow/example_dags/tutorial_objectstorage.py for tasks to queue
[2024-08-05T00:13:33.258+0000] {logging_mixin.py:188} INFO - [2024-08-05T00:13:33.258+0000] {dagbag.py:545} INFO - Filling up the DagBag from /home/airflow/.local/lib/python3.12/site-packages/airflow/example_dags/tutorial_objectstorage.py
[2024-08-05T00:13:33.264+0000] {processor.py:840} INFO - DAG(s) 'tutorial_objectstorage' retrieved from /home/airflow/.local/lib/python3.12/site-packages/airflow/example_dags/tutorial_objectstorage.py
[2024-08-05T00:13:33.280+0000] {logging_mixin.py:188} INFO - [2024-08-05T00:13:33.280+0000] {dag.py:3089} INFO - Sync 1 DAGs
[2024-08-05T00:13:33.287+0000] {logging_mixin.py:188} INFO - [2024-08-05T00:13:33.287+0000] {dag.py:3947} INFO - Setting next_dagrun for tutorial_objectstorage to None, run_after=None
[2024-08-05T00:13:33.298+0000] {processor.py:183} INFO - Processing /home/airflow/.local/lib/python3.12/site-packages/airflow/example_dags/tutorial_objectstorage.py took 0.046 seconds
[2024-08-05T00:14:03.992+0000] {processor.py:161} INFO - Started process (PID=14781) to work on /home/airflow/.local/lib/python3.12/site-packages/airflow/example_dags/tutorial_objectstorage.py
[2024-08-05T00:14:03.993+0000] {processor.py:830} INFO - Processing file /home/airflow/.local/lib/python3.12/site-packages/airflow/example_dags/tutorial_objectstorage.py for tasks to queue
[2024-08-05T00:14:03.994+0000] {logging_mixin.py:188} INFO - [2024-08-05T00:14:03.994+0000] {dagbag.py:545} INFO - Filling up the DagBag from /home/airflow/.local/lib/python3.12/site-packages/airflow/example_dags/tutorial_objectstorage.py
[2024-08-05T00:14:04.000+0000] {processor.py:840} INFO - DAG(s) 'tutorial_objectstorage' retrieved from /home/airflow/.local/lib/python3.12/site-packages/airflow/example_dags/tutorial_objectstorage.py
[2024-08-05T00:14:04.011+0000] {logging_mixin.py:188} INFO - [2024-08-05T00:14:04.011+0000] {dag.py:3089} INFO - Sync 1 DAGs
[2024-08-05T00:14:04.018+0000] {logging_mixin.py:188} INFO - [2024-08-05T00:14:04.018+0000] {dag.py:3947} INFO - Setting next_dagrun for tutorial_objectstorage to None, run_after=None
[2024-08-05T00:14:04.031+0000] {processor.py:183} INFO - Processing /home/airflow/.local/lib/python3.12/site-packages/airflow/example_dags/tutorial_objectstorage.py took 0.043 seconds
[2024-08-05T00:14:35.148+0000] {processor.py:161} INFO - Started process (PID=14842) to work on /home/airflow/.local/lib/python3.12/site-packages/airflow/example_dags/tutorial_objectstorage.py
[2024-08-05T00:14:35.149+0000] {processor.py:830} INFO - Processing file /home/airflow/.local/lib/python3.12/site-packages/airflow/example_dags/tutorial_objectstorage.py for tasks to queue
[2024-08-05T00:14:35.149+0000] {logging_mixin.py:188} INFO - [2024-08-05T00:14:35.149+0000] {dagbag.py:545} INFO - Filling up the DagBag from /home/airflow/.local/lib/python3.12/site-packages/airflow/example_dags/tutorial_objectstorage.py
[2024-08-05T00:14:35.154+0000] {processor.py:840} INFO - DAG(s) 'tutorial_objectstorage' retrieved from /home/airflow/.local/lib/python3.12/site-packages/airflow/example_dags/tutorial_objectstorage.py
[2024-08-05T00:14:35.167+0000] {logging_mixin.py:188} INFO - [2024-08-05T00:14:35.167+0000] {dag.py:3089} INFO - Sync 1 DAGs
[2024-08-05T00:14:35.173+0000] {logging_mixin.py:188} INFO - [2024-08-05T00:14:35.173+0000] {dag.py:3947} INFO - Setting next_dagrun for tutorial_objectstorage to None, run_after=None
[2024-08-05T00:14:35.186+0000] {processor.py:183} INFO - Processing /home/airflow/.local/lib/python3.12/site-packages/airflow/example_dags/tutorial_objectstorage.py took 0.044 seconds
[2024-08-05T00:15:05.392+0000] {processor.py:161} INFO - Started process (PID=14903) to work on /home/airflow/.local/lib/python3.12/site-packages/airflow/example_dags/tutorial_objectstorage.py
[2024-08-05T00:15:05.393+0000] {processor.py:830} INFO - Processing file /home/airflow/.local/lib/python3.12/site-packages/airflow/example_dags/tutorial_objectstorage.py for tasks to queue
[2024-08-05T00:15:05.394+0000] {logging_mixin.py:188} INFO - [2024-08-05T00:15:05.394+0000] {dagbag.py:545} INFO - Filling up the DagBag from /home/airflow/.local/lib/python3.12/site-packages/airflow/example_dags/tutorial_objectstorage.py
[2024-08-05T00:15:05.399+0000] {processor.py:840} INFO - DAG(s) 'tutorial_objectstorage' retrieved from /home/airflow/.local/lib/python3.12/site-packages/airflow/example_dags/tutorial_objectstorage.py
[2024-08-05T00:15:05.412+0000] {logging_mixin.py:188} INFO - [2024-08-05T00:15:05.412+0000] {dag.py:3089} INFO - Sync 1 DAGs
[2024-08-05T00:15:05.419+0000] {logging_mixin.py:188} INFO - [2024-08-05T00:15:05.419+0000] {dag.py:3947} INFO - Setting next_dagrun for tutorial_objectstorage to None, run_after=None
[2024-08-05T00:15:05.433+0000] {processor.py:183} INFO - Processing /home/airflow/.local/lib/python3.12/site-packages/airflow/example_dags/tutorial_objectstorage.py took 0.044 seconds
[2024-08-05T00:15:36.385+0000] {processor.py:161} INFO - Started process (PID=14964) to work on /home/airflow/.local/lib/python3.12/site-packages/airflow/example_dags/tutorial_objectstorage.py
[2024-08-05T00:15:36.386+0000] {processor.py:830} INFO - Processing file /home/airflow/.local/lib/python3.12/site-packages/airflow/example_dags/tutorial_objectstorage.py for tasks to queue
[2024-08-05T00:15:36.387+0000] {logging_mixin.py:188} INFO - [2024-08-05T00:15:36.386+0000] {dagbag.py:545} INFO - Filling up the DagBag from /home/airflow/.local/lib/python3.12/site-packages/airflow/example_dags/tutorial_objectstorage.py
[2024-08-05T00:15:36.392+0000] {processor.py:840} INFO - DAG(s) 'tutorial_objectstorage' retrieved from /home/airflow/.local/lib/python3.12/site-packages/airflow/example_dags/tutorial_objectstorage.py
[2024-08-05T00:15:36.409+0000] {logging_mixin.py:188} INFO - [2024-08-05T00:15:36.409+0000] {dag.py:3089} INFO - Sync 1 DAGs
[2024-08-05T00:15:36.421+0000] {logging_mixin.py:188} INFO - [2024-08-05T00:15:36.421+0000] {dag.py:3947} INFO - Setting next_dagrun for tutorial_objectstorage to None, run_after=None
[2024-08-05T00:15:36.434+0000] {processor.py:183} INFO - Processing /home/airflow/.local/lib/python3.12/site-packages/airflow/example_dags/tutorial_objectstorage.py took 0.052 seconds
[2024-08-05T00:16:07.116+0000] {processor.py:161} INFO - Started process (PID=15035) to work on /home/airflow/.local/lib/python3.12/site-packages/airflow/example_dags/tutorial_objectstorage.py
[2024-08-05T00:16:07.120+0000] {processor.py:830} INFO - Processing file /home/airflow/.local/lib/python3.12/site-packages/airflow/example_dags/tutorial_objectstorage.py for tasks to queue
[2024-08-05T00:16:07.124+0000] {logging_mixin.py:188} INFO - [2024-08-05T00:16:07.123+0000] {dagbag.py:545} INFO - Filling up the DagBag from /home/airflow/.local/lib/python3.12/site-packages/airflow/example_dags/tutorial_objectstorage.py
[2024-08-05T00:16:07.158+0000] {processor.py:840} INFO - DAG(s) 'tutorial_objectstorage' retrieved from /home/airflow/.local/lib/python3.12/site-packages/airflow/example_dags/tutorial_objectstorage.py
[2024-08-05T00:16:07.250+0000] {logging_mixin.py:188} INFO - [2024-08-05T00:16:07.249+0000] {dag.py:3089} INFO - Sync 1 DAGs
[2024-08-05T00:16:07.294+0000] {logging_mixin.py:188} INFO - [2024-08-05T00:16:07.291+0000] {dag.py:3947} INFO - Setting next_dagrun for tutorial_objectstorage to None, run_after=None
[2024-08-05T00:16:07.375+0000] {processor.py:183} INFO - Processing /home/airflow/.local/lib/python3.12/site-packages/airflow/example_dags/tutorial_objectstorage.py took 0.276 seconds
[2024-08-05T00:16:38.060+0000] {processor.py:161} INFO - Started process (PID=15096) to work on /home/airflow/.local/lib/python3.12/site-packages/airflow/example_dags/tutorial_objectstorage.py
[2024-08-05T00:16:38.068+0000] {processor.py:830} INFO - Processing file /home/airflow/.local/lib/python3.12/site-packages/airflow/example_dags/tutorial_objectstorage.py for tasks to queue
[2024-08-05T00:16:38.069+0000] {logging_mixin.py:188} INFO - [2024-08-05T00:16:38.069+0000] {dagbag.py:545} INFO - Filling up the DagBag from /home/airflow/.local/lib/python3.12/site-packages/airflow/example_dags/tutorial_objectstorage.py
[2024-08-05T00:16:38.082+0000] {processor.py:840} INFO - DAG(s) 'tutorial_objectstorage' retrieved from /home/airflow/.local/lib/python3.12/site-packages/airflow/example_dags/tutorial_objectstorage.py
[2024-08-05T00:16:38.099+0000] {logging_mixin.py:188} INFO - [2024-08-05T00:16:38.099+0000] {dag.py:3089} INFO - Sync 1 DAGs
[2024-08-05T00:16:38.107+0000] {logging_mixin.py:188} INFO - [2024-08-05T00:16:38.106+0000] {dag.py:3947} INFO - Setting next_dagrun for tutorial_objectstorage to None, run_after=None
[2024-08-05T00:16:38.120+0000] {processor.py:183} INFO - Processing /home/airflow/.local/lib/python3.12/site-packages/airflow/example_dags/tutorial_objectstorage.py took 0.069 seconds
[2024-08-05T00:17:08.886+0000] {processor.py:161} INFO - Started process (PID=15157) to work on /home/airflow/.local/lib/python3.12/site-packages/airflow/example_dags/tutorial_objectstorage.py
[2024-08-05T00:17:08.888+0000] {processor.py:830} INFO - Processing file /home/airflow/.local/lib/python3.12/site-packages/airflow/example_dags/tutorial_objectstorage.py for tasks to queue
[2024-08-05T00:17:08.892+0000] {logging_mixin.py:188} INFO - [2024-08-05T00:17:08.891+0000] {dagbag.py:545} INFO - Filling up the DagBag from /home/airflow/.local/lib/python3.12/site-packages/airflow/example_dags/tutorial_objectstorage.py
[2024-08-05T00:17:08.930+0000] {processor.py:840} INFO - DAG(s) 'tutorial_objectstorage' retrieved from /home/airflow/.local/lib/python3.12/site-packages/airflow/example_dags/tutorial_objectstorage.py
[2024-08-05T00:17:08.986+0000] {logging_mixin.py:188} INFO - [2024-08-05T00:17:08.986+0000] {dag.py:3089} INFO - Sync 1 DAGs
[2024-08-05T00:17:08.999+0000] {logging_mixin.py:188} INFO - [2024-08-05T00:17:08.999+0000] {dag.py:3947} INFO - Setting next_dagrun for tutorial_objectstorage to None, run_after=None
[2024-08-05T00:17:09.014+0000] {processor.py:183} INFO - Processing /home/airflow/.local/lib/python3.12/site-packages/airflow/example_dags/tutorial_objectstorage.py took 0.163 seconds
[2024-08-05T00:17:39.300+0000] {processor.py:161} INFO - Started process (PID=15228) to work on /home/airflow/.local/lib/python3.12/site-packages/airflow/example_dags/tutorial_objectstorage.py
[2024-08-05T00:17:39.301+0000] {processor.py:830} INFO - Processing file /home/airflow/.local/lib/python3.12/site-packages/airflow/example_dags/tutorial_objectstorage.py for tasks to queue
[2024-08-05T00:17:39.302+0000] {logging_mixin.py:188} INFO - [2024-08-05T00:17:39.302+0000] {dagbag.py:545} INFO - Filling up the DagBag from /home/airflow/.local/lib/python3.12/site-packages/airflow/example_dags/tutorial_objectstorage.py
[2024-08-05T00:17:39.314+0000] {processor.py:840} INFO - DAG(s) 'tutorial_objectstorage' retrieved from /home/airflow/.local/lib/python3.12/site-packages/airflow/example_dags/tutorial_objectstorage.py
[2024-08-05T00:17:39.337+0000] {logging_mixin.py:188} INFO - [2024-08-05T00:17:39.337+0000] {dag.py:3089} INFO - Sync 1 DAGs
[2024-08-05T00:17:39.345+0000] {logging_mixin.py:188} INFO - [2024-08-05T00:17:39.345+0000] {dag.py:3947} INFO - Setting next_dagrun for tutorial_objectstorage to None, run_after=None
[2024-08-05T00:17:39.367+0000] {processor.py:183} INFO - Processing /home/airflow/.local/lib/python3.12/site-packages/airflow/example_dags/tutorial_objectstorage.py took 0.072 seconds
[2024-08-05T00:18:10.441+0000] {processor.py:161} INFO - Started process (PID=15289) to work on /home/airflow/.local/lib/python3.12/site-packages/airflow/example_dags/tutorial_objectstorage.py
[2024-08-05T00:18:10.443+0000] {processor.py:830} INFO - Processing file /home/airflow/.local/lib/python3.12/site-packages/airflow/example_dags/tutorial_objectstorage.py for tasks to queue
[2024-08-05T00:18:10.446+0000] {logging_mixin.py:188} INFO - [2024-08-05T00:18:10.445+0000] {dagbag.py:545} INFO - Filling up the DagBag from /home/airflow/.local/lib/python3.12/site-packages/airflow/example_dags/tutorial_objectstorage.py
[2024-08-05T00:18:10.698+0000] {processor.py:840} INFO - DAG(s) 'tutorial_objectstorage' retrieved from /home/airflow/.local/lib/python3.12/site-packages/airflow/example_dags/tutorial_objectstorage.py
[2024-08-05T00:18:10.830+0000] {logging_mixin.py:188} INFO - [2024-08-05T00:18:10.830+0000] {dag.py:3089} INFO - Sync 1 DAGs
[2024-08-05T00:18:10.863+0000] {logging_mixin.py:188} INFO - [2024-08-05T00:18:10.863+0000] {dag.py:3947} INFO - Setting next_dagrun for tutorial_objectstorage to None, run_after=None
[2024-08-05T00:18:10.877+0000] {processor.py:183} INFO - Processing /home/airflow/.local/lib/python3.12/site-packages/airflow/example_dags/tutorial_objectstorage.py took 0.445 seconds
[2024-08-05T00:18:41.752+0000] {processor.py:161} INFO - Started process (PID=15349) to work on /home/airflow/.local/lib/python3.12/site-packages/airflow/example_dags/tutorial_objectstorage.py
[2024-08-05T00:18:41.755+0000] {processor.py:830} INFO - Processing file /home/airflow/.local/lib/python3.12/site-packages/airflow/example_dags/tutorial_objectstorage.py for tasks to queue
[2024-08-05T00:18:41.757+0000] {logging_mixin.py:188} INFO - [2024-08-05T00:18:41.756+0000] {dagbag.py:545} INFO - Filling up the DagBag from /home/airflow/.local/lib/python3.12/site-packages/airflow/example_dags/tutorial_objectstorage.py
[2024-08-05T00:18:41.794+0000] {processor.py:840} INFO - DAG(s) 'tutorial_objectstorage' retrieved from /home/airflow/.local/lib/python3.12/site-packages/airflow/example_dags/tutorial_objectstorage.py
[2024-08-05T00:18:41.861+0000] {logging_mixin.py:188} INFO - [2024-08-05T00:18:41.861+0000] {dag.py:3089} INFO - Sync 1 DAGs
[2024-08-05T00:18:41.880+0000] {logging_mixin.py:188} INFO - [2024-08-05T00:18:41.880+0000] {dag.py:3947} INFO - Setting next_dagrun for tutorial_objectstorage to None, run_after=None
[2024-08-05T00:18:41.929+0000] {processor.py:183} INFO - Processing /home/airflow/.local/lib/python3.12/site-packages/airflow/example_dags/tutorial_objectstorage.py took 0.219 seconds
[2024-08-05T00:19:12.050+0000] {processor.py:161} INFO - Started process (PID=15409) to work on /home/airflow/.local/lib/python3.12/site-packages/airflow/example_dags/tutorial_objectstorage.py
[2024-08-05T00:19:12.056+0000] {processor.py:830} INFO - Processing file /home/airflow/.local/lib/python3.12/site-packages/airflow/example_dags/tutorial_objectstorage.py for tasks to queue
[2024-08-05T00:19:12.067+0000] {logging_mixin.py:188} INFO - [2024-08-05T00:19:12.062+0000] {dagbag.py:545} INFO - Filling up the DagBag from /home/airflow/.local/lib/python3.12/site-packages/airflow/example_dags/tutorial_objectstorage.py
[2024-08-05T00:19:12.105+0000] {processor.py:840} INFO - DAG(s) 'tutorial_objectstorage' retrieved from /home/airflow/.local/lib/python3.12/site-packages/airflow/example_dags/tutorial_objectstorage.py
[2024-08-05T00:19:12.168+0000] {logging_mixin.py:188} INFO - [2024-08-05T00:19:12.168+0000] {dag.py:3089} INFO - Sync 1 DAGs
[2024-08-05T00:19:12.194+0000] {logging_mixin.py:188} INFO - [2024-08-05T00:19:12.194+0000] {dag.py:3947} INFO - Setting next_dagrun for tutorial_objectstorage to None, run_after=None
[2024-08-05T00:19:12.215+0000] {processor.py:183} INFO - Processing /home/airflow/.local/lib/python3.12/site-packages/airflow/example_dags/tutorial_objectstorage.py took 0.178 seconds
[2024-08-05T00:19:42.727+0000] {processor.py:161} INFO - Started process (PID=15474) to work on /home/airflow/.local/lib/python3.12/site-packages/airflow/example_dags/tutorial_objectstorage.py
[2024-08-05T00:19:42.729+0000] {processor.py:830} INFO - Processing file /home/airflow/.local/lib/python3.12/site-packages/airflow/example_dags/tutorial_objectstorage.py for tasks to queue
[2024-08-05T00:19:42.730+0000] {logging_mixin.py:188} INFO - [2024-08-05T00:19:42.729+0000] {dagbag.py:545} INFO - Filling up the DagBag from /home/airflow/.local/lib/python3.12/site-packages/airflow/example_dags/tutorial_objectstorage.py
[2024-08-05T00:19:42.761+0000] {processor.py:840} INFO - DAG(s) 'tutorial_objectstorage' retrieved from /home/airflow/.local/lib/python3.12/site-packages/airflow/example_dags/tutorial_objectstorage.py
[2024-08-05T00:19:42.790+0000] {logging_mixin.py:188} INFO - [2024-08-05T00:19:42.790+0000] {dag.py:3089} INFO - Sync 1 DAGs
[2024-08-05T00:19:42.802+0000] {logging_mixin.py:188} INFO - [2024-08-05T00:19:42.802+0000] {dag.py:3947} INFO - Setting next_dagrun for tutorial_objectstorage to None, run_after=None
[2024-08-05T00:19:42.817+0000] {processor.py:183} INFO - Processing /home/airflow/.local/lib/python3.12/site-packages/airflow/example_dags/tutorial_objectstorage.py took 0.101 seconds
[2024-08-05T00:20:13.604+0000] {processor.py:161} INFO - Started process (PID=15546) to work on /home/airflow/.local/lib/python3.12/site-packages/airflow/example_dags/tutorial_objectstorage.py
[2024-08-05T00:20:13.612+0000] {processor.py:830} INFO - Processing file /home/airflow/.local/lib/python3.12/site-packages/airflow/example_dags/tutorial_objectstorage.py for tasks to queue
[2024-08-05T00:20:13.615+0000] {logging_mixin.py:188} INFO - [2024-08-05T00:20:13.615+0000] {dagbag.py:545} INFO - Filling up the DagBag from /home/airflow/.local/lib/python3.12/site-packages/airflow/example_dags/tutorial_objectstorage.py
[2024-08-05T00:20:13.663+0000] {processor.py:840} INFO - DAG(s) 'tutorial_objectstorage' retrieved from /home/airflow/.local/lib/python3.12/site-packages/airflow/example_dags/tutorial_objectstorage.py
[2024-08-05T00:20:13.759+0000] {logging_mixin.py:188} INFO - [2024-08-05T00:20:13.758+0000] {dag.py:3089} INFO - Sync 1 DAGs
[2024-08-05T00:20:13.785+0000] {logging_mixin.py:188} INFO - [2024-08-05T00:20:13.785+0000] {dag.py:3947} INFO - Setting next_dagrun for tutorial_objectstorage to None, run_after=None
[2024-08-05T00:20:13.847+0000] {processor.py:183} INFO - Processing /home/airflow/.local/lib/python3.12/site-packages/airflow/example_dags/tutorial_objectstorage.py took 0.280 seconds
[2024-08-05T00:20:44.127+0000] {processor.py:161} INFO - Started process (PID=15617) to work on /home/airflow/.local/lib/python3.12/site-packages/airflow/example_dags/tutorial_objectstorage.py
[2024-08-05T00:20:44.131+0000] {processor.py:830} INFO - Processing file /home/airflow/.local/lib/python3.12/site-packages/airflow/example_dags/tutorial_objectstorage.py for tasks to queue
[2024-08-05T00:20:44.133+0000] {logging_mixin.py:188} INFO - [2024-08-05T00:20:44.133+0000] {dagbag.py:545} INFO - Filling up the DagBag from /home/airflow/.local/lib/python3.12/site-packages/airflow/example_dags/tutorial_objectstorage.py
[2024-08-05T00:20:44.187+0000] {processor.py:840} INFO - DAG(s) 'tutorial_objectstorage' retrieved from /home/airflow/.local/lib/python3.12/site-packages/airflow/example_dags/tutorial_objectstorage.py
[2024-08-05T00:20:44.798+0000] {logging_mixin.py:188} INFO - [2024-08-05T00:20:44.793+0000] {dag.py:3089} INFO - Sync 1 DAGs
[2024-08-05T00:20:44.839+0000] {logging_mixin.py:188} INFO - [2024-08-05T00:20:44.838+0000] {dag.py:3947} INFO - Setting next_dagrun for tutorial_objectstorage to None, run_after=None
[2024-08-05T00:20:44.892+0000] {processor.py:183} INFO - Processing /home/airflow/.local/lib/python3.12/site-packages/airflow/example_dags/tutorial_objectstorage.py took 0.779 seconds
[2024-08-05T00:21:15.134+0000] {processor.py:161} INFO - Started process (PID=15678) to work on /home/airflow/.local/lib/python3.12/site-packages/airflow/example_dags/tutorial_objectstorage.py
[2024-08-05T00:21:15.135+0000] {processor.py:830} INFO - Processing file /home/airflow/.local/lib/python3.12/site-packages/airflow/example_dags/tutorial_objectstorage.py for tasks to queue
[2024-08-05T00:21:15.139+0000] {logging_mixin.py:188} INFO - [2024-08-05T00:21:15.138+0000] {dagbag.py:545} INFO - Filling up the DagBag from /home/airflow/.local/lib/python3.12/site-packages/airflow/example_dags/tutorial_objectstorage.py
[2024-08-05T00:21:15.150+0000] {processor.py:840} INFO - DAG(s) 'tutorial_objectstorage' retrieved from /home/airflow/.local/lib/python3.12/site-packages/airflow/example_dags/tutorial_objectstorage.py
[2024-08-05T00:21:15.176+0000] {logging_mixin.py:188} INFO - [2024-08-05T00:21:15.176+0000] {dag.py:3089} INFO - Sync 1 DAGs
[2024-08-05T00:21:15.185+0000] {logging_mixin.py:188} INFO - [2024-08-05T00:21:15.185+0000] {dag.py:3947} INFO - Setting next_dagrun for tutorial_objectstorage to None, run_after=None
[2024-08-05T00:21:15.210+0000] {processor.py:183} INFO - Processing /home/airflow/.local/lib/python3.12/site-packages/airflow/example_dags/tutorial_objectstorage.py took 0.084 seconds
[2024-08-05T00:21:45.884+0000] {processor.py:161} INFO - Started process (PID=15738) to work on /home/airflow/.local/lib/python3.12/site-packages/airflow/example_dags/tutorial_objectstorage.py
[2024-08-05T00:21:45.887+0000] {processor.py:830} INFO - Processing file /home/airflow/.local/lib/python3.12/site-packages/airflow/example_dags/tutorial_objectstorage.py for tasks to queue
[2024-08-05T00:21:45.890+0000] {logging_mixin.py:188} INFO - [2024-08-05T00:21:45.889+0000] {dagbag.py:545} INFO - Filling up the DagBag from /home/airflow/.local/lib/python3.12/site-packages/airflow/example_dags/tutorial_objectstorage.py
[2024-08-05T00:21:45.909+0000] {processor.py:840} INFO - DAG(s) 'tutorial_objectstorage' retrieved from /home/airflow/.local/lib/python3.12/site-packages/airflow/example_dags/tutorial_objectstorage.py
[2024-08-05T00:21:45.963+0000] {logging_mixin.py:188} INFO - [2024-08-05T00:21:45.963+0000] {dag.py:3089} INFO - Sync 1 DAGs
[2024-08-05T00:21:45.980+0000] {logging_mixin.py:188} INFO - [2024-08-05T00:21:45.979+0000] {dag.py:3947} INFO - Setting next_dagrun for tutorial_objectstorage to None, run_after=None
[2024-08-05T00:21:46.003+0000] {processor.py:183} INFO - Processing /home/airflow/.local/lib/python3.12/site-packages/airflow/example_dags/tutorial_objectstorage.py took 0.156 seconds
[2024-08-05T00:22:17.060+0000] {processor.py:161} INFO - Started process (PID=15798) to work on /home/airflow/.local/lib/python3.12/site-packages/airflow/example_dags/tutorial_objectstorage.py
[2024-08-05T00:22:17.062+0000] {processor.py:830} INFO - Processing file /home/airflow/.local/lib/python3.12/site-packages/airflow/example_dags/tutorial_objectstorage.py for tasks to queue
[2024-08-05T00:22:17.064+0000] {logging_mixin.py:188} INFO - [2024-08-05T00:22:17.063+0000] {dagbag.py:545} INFO - Filling up the DagBag from /home/airflow/.local/lib/python3.12/site-packages/airflow/example_dags/tutorial_objectstorage.py
[2024-08-05T00:22:17.091+0000] {processor.py:840} INFO - DAG(s) 'tutorial_objectstorage' retrieved from /home/airflow/.local/lib/python3.12/site-packages/airflow/example_dags/tutorial_objectstorage.py
[2024-08-05T00:22:17.130+0000] {logging_mixin.py:188} INFO - [2024-08-05T00:22:17.130+0000] {dag.py:3089} INFO - Sync 1 DAGs
[2024-08-05T00:22:17.153+0000] {logging_mixin.py:188} INFO - [2024-08-05T00:22:17.153+0000] {dag.py:3947} INFO - Setting next_dagrun for tutorial_objectstorage to None, run_after=None
[2024-08-05T00:22:17.177+0000] {processor.py:183} INFO - Processing /home/airflow/.local/lib/python3.12/site-packages/airflow/example_dags/tutorial_objectstorage.py took 0.164 seconds
