[2024-08-04T23:50:10.142+0000] {local_task_job_runner.py:120} INFO - ::group::Pre task execution logs
[2024-08-04T23:50:10.157+0000] {taskinstance.py:2076} INFO - Dependencies all met for dep_context=non-requeueable deps ti=<TaskInstance: etl_dag.create_dim_campaign scheduled__2024-08-04T23:40:00+00:00 [queued]>
[2024-08-04T23:50:10.164+0000] {taskinstance.py:2076} INFO - Dependencies all met for dep_context=requeueable deps ti=<TaskInstance: etl_dag.create_dim_campaign scheduled__2024-08-04T23:40:00+00:00 [queued]>
[2024-08-04T23:50:10.165+0000] {taskinstance.py:2306} INFO - Starting attempt 1 of 6
[2024-08-04T23:50:10.185+0000] {taskinstance.py:2330} INFO - Executing <Task(PostgresOperator): create_dim_campaign> on 2024-08-04 23:40:00+00:00
[2024-08-04T23:50:10.193+0000] {warnings.py:112} WARNING - /home/***/.local/lib/python3.12/site-packages/***/task/task_runner/standard_task_runner.py:62: DeprecationWarning: This process (pid=3094) is multi-threaded, use of fork() may lead to deadlocks in the child.
  pid = os.fork()

[2024-08-04T23:50:10.195+0000] {standard_task_runner.py:64} INFO - Started process 3099 to run task
[2024-08-04T23:50:10.195+0000] {standard_task_runner.py:90} INFO - Running: ['***', 'tasks', 'run', 'etl_dag', 'create_dim_campaign', 'scheduled__2024-08-04T23:40:00+00:00', '--job-id', '1402', '--raw', '--subdir', 'DAGS_FOLDER/etl_dag.py', '--cfg-path', '/tmp/tmpzui21t5d']
[2024-08-04T23:50:10.196+0000] {standard_task_runner.py:91} INFO - Job 1402: Subtask create_dim_campaign
[2024-08-04T23:50:10.279+0000] {task_command.py:426} INFO - Running <TaskInstance: etl_dag.create_dim_campaign scheduled__2024-08-04T23:40:00+00:00 [running]> on host 88edf8e2824b
[2024-08-04T23:50:10.397+0000] {taskinstance.py:2648} INFO - Exporting env vars: AIRFLOW_CTX_DAG_OWNER='Gabriel Almeida' AIRFLOW_CTX_DAG_ID='etl_dag' AIRFLOW_CTX_TASK_ID='create_dim_campaign' AIRFLOW_CTX_EXECUTION_DATE='2024-08-04T23:40:00+00:00' AIRFLOW_CTX_TRY_NUMBER='1' AIRFLOW_CTX_DAG_RUN_ID='scheduled__2024-08-04T23:40:00+00:00'
[2024-08-04T23:50:10.400+0000] {taskinstance.py:430} INFO - ::endgroup::
[2024-08-04T23:50:10.404+0000] {sql.py:282} INFO - Executing: 
            CREATE TABLE IF NOT EXISTS DimCampaign (
                id_campaign INT PRIMARY KEY,
                campaign VARCHAR(255) UNIQUE NOT NULL
            );
        
[2024-08-04T23:50:10.423+0000] {base.py:84} INFO - Using connection ID 'postgres_conn' for task execution.
[2024-08-04T23:50:10.434+0000] {base.py:84} INFO - Using connection ID 'postgres_conn' for task execution.
[2024-08-04T23:50:10.472+0000] {sql.py:495} INFO - Running statement: 
            CREATE TABLE IF NOT EXISTS DimCampaign (
                id_campaign INT PRIMARY KEY,
                campaign VARCHAR(255) UNIQUE NOT NULL
            );
        , parameters: None
[2024-08-04T23:50:10.584+0000] {taskinstance.py:441} INFO - ::group::Post task execution logs
[2024-08-04T23:50:10.616+0000] {taskinstance.py:1206} INFO - Marking task as SUCCESS. dag_id=etl_dag, task_id=create_dim_campaign, run_id=scheduled__2024-08-04T23:40:00+00:00, execution_date=20240804T234000, start_date=20240804T235010, end_date=20240804T235010
[2024-08-04T23:50:10.684+0000] {local_task_job_runner.py:243} INFO - Task exited with return code 0
[2024-08-04T23:50:10.711+0000] {local_task_job_runner.py:222} INFO - ::endgroup::
