[2024-08-04T19:44:10.126+0000] {local_task_job_runner.py:120} INFO - ::group::Pre task execution logs
[2024-08-04T19:44:10.158+0000] {taskinstance.py:2076} INFO - Dependencies all met for dep_context=non-requeueable deps ti=<TaskInstance: etl_dag.create_dim_campaign manual__2024-08-04T19:43:57.449281+00:00 [queued]>
[2024-08-04T19:44:10.169+0000] {taskinstance.py:2076} INFO - Dependencies all met for dep_context=requeueable deps ti=<TaskInstance: etl_dag.create_dim_campaign manual__2024-08-04T19:43:57.449281+00:00 [queued]>
[2024-08-04T19:44:10.171+0000] {taskinstance.py:2306} INFO - Starting attempt 1 of 6
[2024-08-04T19:44:10.201+0000] {taskinstance.py:2330} INFO - Executing <Task(PostgresOperator): create_dim_campaign> on 2024-08-04 19:43:57.449281+00:00
[2024-08-04T19:44:10.212+0000] {warnings.py:112} WARNING - /home/***/.local/lib/python3.12/site-packages/***/task/task_runner/standard_task_runner.py:62: DeprecationWarning: This process (pid=1502) is multi-threaded, use of fork() may lead to deadlocks in the child.
  pid = os.fork()

[2024-08-04T19:44:10.214+0000] {standard_task_runner.py:64} INFO - Started process 1508 to run task
[2024-08-04T19:44:10.215+0000] {standard_task_runner.py:90} INFO - Running: ['***', 'tasks', 'run', 'etl_dag', 'create_dim_campaign', 'manual__2024-08-04T19:43:57.449281+00:00', '--job-id', '840', '--raw', '--subdir', 'DAGS_FOLDER/etl_dag.py', '--cfg-path', '/tmp/tmp449rwny6']
[2024-08-04T19:44:10.220+0000] {standard_task_runner.py:91} INFO - Job 840: Subtask create_dim_campaign
[2024-08-04T19:44:10.397+0000] {task_command.py:426} INFO - Running <TaskInstance: etl_dag.create_dim_campaign manual__2024-08-04T19:43:57.449281+00:00 [running]> on host 83ccd21ce624
[2024-08-04T19:44:10.719+0000] {taskinstance.py:2648} INFO - Exporting env vars: AIRFLOW_CTX_DAG_OWNER='Gabriel Almeida' AIRFLOW_CTX_DAG_ID='etl_dag' AIRFLOW_CTX_TASK_ID='create_dim_campaign' AIRFLOW_CTX_EXECUTION_DATE='2024-08-04T19:43:57.449281+00:00' AIRFLOW_CTX_TRY_NUMBER='1' AIRFLOW_CTX_DAG_RUN_ID='manual__2024-08-04T19:43:57.449281+00:00'
[2024-08-04T19:44:10.736+0000] {taskinstance.py:430} INFO - ::endgroup::
[2024-08-04T19:44:10.737+0000] {sql.py:282} INFO - Executing: 
            CREATE TABLE IF NOT EXISTS DimCampaign (
                id_campaign SERIAL PRIMARY KEY,
                campaign VARCHAR(255)
            );
        
[2024-08-04T19:44:10.758+0000] {base.py:84} INFO - Using connection ID 'postgres_conn' for task execution.
[2024-08-04T19:44:10.772+0000] {base.py:84} INFO - Using connection ID 'postgres_conn' for task execution.
[2024-08-04T19:44:10.823+0000] {sql.py:495} INFO - Running statement: 
            CREATE TABLE IF NOT EXISTS DimCampaign (
                id_campaign SERIAL PRIMARY KEY,
                campaign VARCHAR(255)
            );
        , parameters: None
[2024-08-04T19:44:10.829+0000] {taskinstance.py:441} INFO - ::group::Post task execution logs
[2024-08-04T19:44:10.863+0000] {taskinstance.py:1206} INFO - Marking task as SUCCESS. dag_id=etl_dag, task_id=create_dim_campaign, run_id=manual__2024-08-04T19:43:57.449281+00:00, execution_date=20240804T194357, start_date=20240804T194410, end_date=20240804T194410
[2024-08-04T19:44:10.938+0000] {local_task_job_runner.py:243} INFO - Task exited with return code 0
[2024-08-04T19:44:10.988+0000] {warnings.py:112} WARNING - /home/***/.local/lib/python3.12/site-packages/***/models/baseoperator.py:1297: AirflowProviderDeprecationWarning: Call to deprecated class PostgresOperator. (Please use `***.providers.common.sql.operators.sql.SQLExecuteQueryOperator`.Also, you can provide `hook_params={'schema': <database>}`.)
  result = cls.__new__(cls)

[2024-08-04T19:44:11.008+0000] {taskinstance.py:3503} INFO - 1 downstream tasks scheduled from follow-on schedule check
[2024-08-04T19:44:11.010+0000] {local_task_job_runner.py:222} INFO - ::endgroup::
