[2024-08-02T09:50:42.220+0000] {local_task_job_runner.py:120} INFO - ::group::Pre task execution logs
[2024-08-02T09:50:42.229+0000] {taskinstance.py:2076} INFO - Dependencies all met for dep_context=non-requeueable deps ti=<TaskInstance: etl_dag.Carga_Dimensao_user_type manual__2024-08-02T09:50:29.393349+00:00 [queued]>
[2024-08-02T09:50:42.233+0000] {taskinstance.py:2076} INFO - Dependencies all met for dep_context=requeueable deps ti=<TaskInstance: etl_dag.Carga_Dimensao_user_type manual__2024-08-02T09:50:29.393349+00:00 [queued]>
[2024-08-02T09:50:42.233+0000] {taskinstance.py:2306} INFO - Starting attempt 1 of 6
[2024-08-02T09:50:42.239+0000] {taskinstance.py:2330} INFO - Executing <Task(PythonOperator): Carga_Dimensao_user_type> on 2024-08-02 09:50:29.393349+00:00
[2024-08-02T09:50:42.244+0000] {warnings.py:112} WARNING - /home/***/.local/lib/python3.12/site-packages/***/task/task_runner/standard_task_runner.py:62: DeprecationWarning: This process (pid=656) is multi-threaded, use of fork() may lead to deadlocks in the child.
  pid = os.fork()

[2024-08-02T09:50:42.245+0000] {standard_task_runner.py:64} INFO - Started process 658 to run task
[2024-08-02T09:50:42.245+0000] {standard_task_runner.py:90} INFO - Running: ['***', 'tasks', 'run', 'etl_dag', 'Carga_Dimensao_user_type', 'manual__2024-08-02T09:50:29.393349+00:00', '--job-id', '226', '--raw', '--subdir', 'DAGS_FOLDER/etl_dag.py', '--cfg-path', '/tmp/tmpaggay7ux']
[2024-08-02T09:50:42.246+0000] {standard_task_runner.py:91} INFO - Job 226: Subtask Carga_Dimensao_user_type
[2024-08-02T09:50:42.311+0000] {task_command.py:426} INFO - Running <TaskInstance: etl_dag.Carga_Dimensao_user_type manual__2024-08-02T09:50:29.393349+00:00 [running]> on host 69633e19c226
[2024-08-02T09:50:42.370+0000] {taskinstance.py:2648} INFO - Exporting env vars: AIRFLOW_CTX_DAG_OWNER='Gabriel Almeida' AIRFLOW_CTX_DAG_ID='etl_dag' AIRFLOW_CTX_TASK_ID='Carga_Dimensao_user_type' AIRFLOW_CTX_EXECUTION_DATE='2024-08-02T09:50:29.393349+00:00' AIRFLOW_CTX_TRY_NUMBER='1' AIRFLOW_CTX_DAG_RUN_ID='manual__2024-08-02T09:50:29.393349+00:00'
[2024-08-02T09:50:42.372+0000] {taskinstance.py:430} INFO - ::endgroup::
[2024-08-02T09:50:42.438+0000] {logging_mixin.py:188} INFO -           id  id_campaign  ...                      opened_at clicked_at
0    1826658         1157  ...  2024-07-29T18:54:25.000-03:00       None
1    1826659         1150  ...  2024-07-29T18:26:58.000-03:00       None
2    1826660         1150  ...  2024-07-29T18:26:57.000-03:00       None
3    1826661         1157  ...  2024-07-29T18:27:00.000-03:00       None
4    1826662         1157  ...  2024-07-30T01:13:48.000-03:00       None
..       ...          ...  ...                            ...        ...
995  1827653         1144  ...                           None       None
996  1827654         1144  ...                           None       None
997  1827655         1144  ...                           None       None
998  1827656         1144  ...                           None       None
999  1827657         1144  ...  2024-08-01T01:09:03.000-03:00       None

[1000 rows x 12 columns]
[2024-08-02T09:50:42.442+0000] {logging_mixin.py:188} INFO -           id  id_campaign  ...                      opened_at clicked_at
0    1826658         1157  ...  2024-07-29T18:54:25.000-03:00       None
1    1826659         1150  ...  2024-07-29T18:26:58.000-03:00       None
2    1826660         1150  ...  2024-07-29T18:26:57.000-03:00       None
3    1826661         1157  ...  2024-07-29T18:27:00.000-03:00       None
4    1826662         1157  ...  2024-07-30T01:13:48.000-03:00       None
..       ...          ...  ...                            ...        ...
995  1827653         1144  ...                           None       None
996  1827654         1144  ...                           None       None
997  1827655         1144  ...                           None       None
998  1827656         1144  ...                           None       None
999  1827657         1144  ...  2024-08-01T01:09:03.000-03:00       None

[1000 rows x 12 columns]
[2024-08-02T09:50:42.444+0000] {logging_mixin.py:188} INFO -   user_type
0      Lead
[2024-08-02T09:50:42.451+0000] {base.py:84} INFO - Using connection ID 'postgres_conn' for task execution.
[2024-08-02T09:50:42.462+0000] {taskinstance.py:441} INFO - ::group::Post task execution logs
[2024-08-02T09:50:42.463+0000] {taskinstance.py:2905} ERROR - Task failed with exception
Traceback (most recent call last):
  File "/home/airflow/.local/lib/python3.12/site-packages/airflow/models/taskinstance.py", line 465, in _execute_task
    result = _execute_callable(context=context, **execute_callable_kwargs)
             ^^^^^^^^^^^^^^^^^^^^^^^^^^^^^^^^^^^^^^^^^^^^^^^^^^^^^^^^^^^^^
  File "/home/airflow/.local/lib/python3.12/site-packages/airflow/models/taskinstance.py", line 432, in _execute_callable
    return execute_callable(context=context, **execute_callable_kwargs)
           ^^^^^^^^^^^^^^^^^^^^^^^^^^^^^^^^^^^^^^^^^^^^^^^^^^^^^^^^^^^^
  File "/home/airflow/.local/lib/python3.12/site-packages/airflow/models/baseoperator.py", line 401, in wrapper
    return func(self, *args, **kwargs)
           ^^^^^^^^^^^^^^^^^^^^^^^^^^^
  File "/home/airflow/.local/lib/python3.12/site-packages/airflow/operators/python.py", line 235, in execute
    return_value = self.execute_callable()
                   ^^^^^^^^^^^^^^^^^^^^^^^
  File "/home/airflow/.local/lib/python3.12/site-packages/airflow/operators/python.py", line 252, in execute_callable
    return self.python_callable(*self.op_args, **self.op_kwargs)
           ^^^^^^^^^^^^^^^^^^^^^^^^^^^^^^^^^^^^^^^^^^^^^^^^^^^^^
  File "/opt/airflow/dags/etl/dim_load.py", line 18, in load_dim_user_type
    cursor.execute(f"""
psycopg2.errors.UndefinedColumn: column "lead" does not exist
LINE 3:             VALUES (0, Lead)
                               ^

[2024-08-02T09:50:42.470+0000] {taskinstance.py:1206} INFO - Marking task as UP_FOR_RETRY. dag_id=etl_dag, task_id=Carga_Dimensao_user_type, run_id=manual__2024-08-02T09:50:29.393349+00:00, execution_date=20240802T095029, start_date=20240802T095042, end_date=20240802T095042
[2024-08-02T09:50:42.475+0000] {standard_task_runner.py:110} ERROR - Failed to execute job 226 for task Carga_Dimensao_user_type (column "lead" does not exist
LINE 3:             VALUES (0, Lead)
                               ^
; 658)
[2024-08-02T09:50:42.513+0000] {local_task_job_runner.py:243} INFO - Task exited with return code 1
[2024-08-02T09:50:42.525+0000] {taskinstance.py:3503} INFO - 0 downstream tasks scheduled from follow-on schedule check
[2024-08-02T09:50:42.526+0000] {local_task_job_runner.py:222} INFO - ::endgroup::
