[2024-08-04T20:08:06.827+0000] {local_task_job_runner.py:120} INFO - ::group::Pre task execution logs
[2024-08-04T20:08:06.836+0000] {taskinstance.py:2076} INFO - Dependencies all met for dep_context=non-requeueable deps ti=<TaskInstance: etl_dag.transform_data manual__2024-08-04T20:08:00.551490+00:00 [queued]>
[2024-08-04T20:08:06.840+0000] {taskinstance.py:2076} INFO - Dependencies all met for dep_context=requeueable deps ti=<TaskInstance: etl_dag.transform_data manual__2024-08-04T20:08:00.551490+00:00 [queued]>
[2024-08-04T20:08:06.840+0000] {taskinstance.py:2306} INFO - Starting attempt 1 of 6
[2024-08-04T20:08:06.846+0000] {taskinstance.py:2330} INFO - Executing <Task(PythonOperator): transform_data> on 2024-08-04 20:08:00.551490+00:00
[2024-08-04T20:08:06.856+0000] {warnings.py:112} WARNING - /home/***/.local/lib/python3.12/site-packages/***/task/task_runner/standard_task_runner.py:62: DeprecationWarning: This process (pid=2052) is multi-threaded, use of fork() may lead to deadlocks in the child.
  pid = os.fork()

[2024-08-04T20:08:06.858+0000] {standard_task_runner.py:64} INFO - Started process 2054 to run task
[2024-08-04T20:08:06.857+0000] {standard_task_runner.py:90} INFO - Running: ['***', 'tasks', 'run', 'etl_dag', 'transform_data', 'manual__2024-08-04T20:08:00.551490+00:00', '--job-id', '894', '--raw', '--subdir', 'DAGS_FOLDER/etl_dag.py', '--cfg-path', '/tmp/tmp_wtf6juh']
[2024-08-04T20:08:06.859+0000] {standard_task_runner.py:91} INFO - Job 894: Subtask transform_data
[2024-08-04T20:08:06.901+0000] {task_command.py:426} INFO - Running <TaskInstance: etl_dag.transform_data manual__2024-08-04T20:08:00.551490+00:00 [running]> on host 83ccd21ce624
[2024-08-04T20:08:06.949+0000] {taskinstance.py:2648} INFO - Exporting env vars: AIRFLOW_CTX_DAG_OWNER='Gabriel Almeida' AIRFLOW_CTX_DAG_ID='etl_dag' AIRFLOW_CTX_TASK_ID='transform_data' AIRFLOW_CTX_EXECUTION_DATE='2024-08-04T20:08:00.551490+00:00' AIRFLOW_CTX_TRY_NUMBER='1' AIRFLOW_CTX_DAG_RUN_ID='manual__2024-08-04T20:08:00.551490+00:00'
[2024-08-04T20:08:06.950+0000] {taskinstance.py:430} INFO - ::endgroup::
[2024-08-04T20:08:06.969+0000] {logging_mixin.py:188} INFO - DataFrame:
[2024-08-04T20:08:06.983+0000] {logging_mixin.py:188} INFO -         id  id_campaign  ...                      opened_at clicked_at
0  1811918         1190  ...  2024-07-08T12:31:58.000-03:00       None
1  1811919         1153  ...  2024-07-08T12:32:00.000-03:00       None
2  1811920         1153  ...  2024-07-08T12:32:00.000-03:00       None
3  1811921         1153  ...  2024-07-08T12:32:02.000-03:00       None
4  1811922         1153  ...  2024-07-08T12:32:03.000-03:00       None

[5 rows x 12 columns]
[2024-08-04T20:08:06.993+0000] {crypto.py:82} WARNING - empty cryptography key - values will not be stored encrypted.
[2024-08-04T20:08:06.995+0000] {python.py:237} INFO - Done. Returned value was:           id  id_campaign  ...                      opened_at clicked_at
0    1811918         1190  ...  2024-07-08T12:31:58.000-03:00       None
1    1811919         1153  ...  2024-07-08T12:32:00.000-03:00       None
2    1811920         1153  ...  2024-07-08T12:32:00.000-03:00       None
3    1811921         1153  ...  2024-07-08T12:32:02.000-03:00       None
4    1811922         1153  ...  2024-07-08T12:32:03.000-03:00       None
..       ...          ...  ...                            ...        ...
995  1812913         1141  ...  2024-07-11T05:40:56.000-03:00       None
996  1812914         1141  ...                           None       None
997  1812915         1141  ...  2024-07-11T05:41:01.000-03:00       None
998  1812916         1141  ...  2024-07-11T05:41:04.000-03:00       None
999  1812917         1141  ...  2024-07-11T22:59:09.000-03:00       None

[1000 rows x 12 columns]
[2024-08-04T20:08:07.004+0000] {taskinstance.py:441} INFO - ::group::Post task execution logs
[2024-08-04T20:08:07.059+0000] {taskinstance.py:1206} INFO - Marking task as SUCCESS. dag_id=etl_dag, task_id=transform_data, run_id=manual__2024-08-04T20:08:00.551490+00:00, execution_date=20240804T200800, start_date=20240804T200806, end_date=20240804T200807
[2024-08-04T20:08:07.078+0000] {local_task_job_runner.py:243} INFO - Task exited with return code 0
[2024-08-04T20:08:07.088+0000] {warnings.py:112} WARNING - /home/***/.local/lib/python3.12/site-packages/***/models/baseoperator.py:1297: AirflowProviderDeprecationWarning: Call to deprecated class PostgresOperator. (Please use `***.providers.common.sql.operators.sql.SQLExecuteQueryOperator`.Also, you can provide `hook_params={'schema': <database>}`.)
  result = cls.__new__(cls)

[2024-08-04T20:08:07.099+0000] {taskinstance.py:3503} INFO - 1 downstream tasks scheduled from follow-on schedule check
[2024-08-04T20:08:07.100+0000] {local_task_job_runner.py:222} INFO - ::endgroup::
