[2024-08-04T18:55:04.891+0000] {local_task_job_runner.py:120} INFO - ::group::Pre task execution logs
[2024-08-04T18:55:04.900+0000] {taskinstance.py:2076} INFO - Dependencies all met for dep_context=non-requeueable deps ti=<TaskInstance: etl_dag.transform_data scheduled__2024-08-04T18:20:00+00:00 [queued]>
[2024-08-04T18:55:04.904+0000] {taskinstance.py:2076} INFO - Dependencies all met for dep_context=requeueable deps ti=<TaskInstance: etl_dag.transform_data scheduled__2024-08-04T18:20:00+00:00 [queued]>
[2024-08-04T18:55:04.904+0000] {taskinstance.py:2306} INFO - Starting attempt 1 of 6
[2024-08-04T18:55:04.911+0000] {taskinstance.py:2330} INFO - Executing <Task(PythonOperator): transform_data> on 2024-08-04 18:20:00+00:00
[2024-08-04T18:55:04.919+0000] {warnings.py:112} WARNING - /home/***/.local/lib/python3.12/site-packages/***/task/task_runner/standard_task_runner.py:62: DeprecationWarning: This process (pid=246) is multi-threaded, use of fork() may lead to deadlocks in the child.
  pid = os.fork()

[2024-08-04T18:55:04.920+0000] {standard_task_runner.py:64} INFO - Started process 248 to run task
[2024-08-04T18:55:04.920+0000] {standard_task_runner.py:90} INFO - Running: ['***', 'tasks', 'run', 'etl_dag', 'transform_data', 'scheduled__2024-08-04T18:20:00+00:00', '--job-id', '703', '--raw', '--subdir', 'DAGS_FOLDER/etl_dag.py', '--cfg-path', '/tmp/tmpndgfa351']
[2024-08-04T18:55:04.921+0000] {standard_task_runner.py:91} INFO - Job 703: Subtask transform_data
[2024-08-04T18:55:04.949+0000] {task_command.py:426} INFO - Running <TaskInstance: etl_dag.transform_data scheduled__2024-08-04T18:20:00+00:00 [running]> on host 83ccd21ce624
[2024-08-04T18:55:04.997+0000] {taskinstance.py:2648} INFO - Exporting env vars: AIRFLOW_CTX_DAG_OWNER='Gabriel Almeida' AIRFLOW_CTX_DAG_ID='etl_dag' AIRFLOW_CTX_TASK_ID='transform_data' AIRFLOW_CTX_EXECUTION_DATE='2024-08-04T18:20:00+00:00' AIRFLOW_CTX_TRY_NUMBER='1' AIRFLOW_CTX_DAG_RUN_ID='scheduled__2024-08-04T18:20:00+00:00'
[2024-08-04T18:55:04.999+0000] {taskinstance.py:430} INFO - ::endgroup::
[2024-08-04T18:55:05.024+0000] {logging_mixin.py:188} INFO - DataFrame:
[2024-08-04T18:55:05.036+0000] {logging_mixin.py:188} INFO -         id  id_campaign  ...                      opened_at clicked_at
0  1811668         1141  ...                           None       None
1  1811669         1140  ...  2024-07-08T05:35:03.000-03:00       None
2  1811670         1140  ...                           None       None
3  1811671         1140  ...  2024-07-08T03:35:02.000-03:00       None
4  1811672         1140  ...                           None       None

[5 rows x 12 columns]
[2024-08-04T18:55:05.048+0000] {crypto.py:82} WARNING - empty cryptography key - values will not be stored encrypted.
[2024-08-04T18:55:05.050+0000] {python.py:237} INFO - Done. Returned value was:           id  ...                     clicked_at
0    1811668  ...                           None
1    1811669  ...                           None
2    1811670  ...                           None
3    1811671  ...                           None
4    1811672  ...                           None
..       ...  ...                            ...
995  1812663  ...                           None
996  1812664  ...                           None
997  1812665  ...  2024-07-11T10:13:55.000-03:00
998  1812666  ...                           None
999  1812667  ...                           None

[1000 rows x 12 columns]
[2024-08-04T18:55:05.061+0000] {taskinstance.py:441} INFO - ::group::Post task execution logs
[2024-08-04T18:55:05.101+0000] {taskinstance.py:1206} INFO - Marking task as SUCCESS. dag_id=etl_dag, task_id=transform_data, run_id=scheduled__2024-08-04T18:20:00+00:00, execution_date=20240804T182000, start_date=20240804T185504, end_date=20240804T185505
[2024-08-04T18:55:05.144+0000] {local_task_job_runner.py:243} INFO - Task exited with return code 0
[2024-08-04T18:55:05.153+0000] {warnings.py:112} WARNING - /home/***/.local/lib/python3.12/site-packages/***/models/baseoperator.py:1297: AirflowProviderDeprecationWarning: Call to deprecated class PostgresOperator. (Please use `***.providers.common.sql.operators.sql.SQLExecuteQueryOperator`.Also, you can provide `hook_params={'schema': <database>}`.)
  result = cls.__new__(cls)

[2024-08-04T18:55:05.165+0000] {taskinstance.py:3503} INFO - 1 downstream tasks scheduled from follow-on schedule check
[2024-08-04T18:55:05.166+0000] {local_task_job_runner.py:222} INFO - ::endgroup::
