[2024-08-04T18:54:22.727+0000] {local_task_job_runner.py:120} INFO - ::group::Pre task execution logs
[2024-08-04T18:54:22.737+0000] {taskinstance.py:2076} INFO - Dependencies all met for dep_context=non-requeueable deps ti=<TaskInstance: etl_dag.Carga_Dimensao_user_type scheduled__2024-08-04T18:40:00+00:00 [queued]>
[2024-08-04T18:54:22.741+0000] {taskinstance.py:2076} INFO - Dependencies all met for dep_context=requeueable deps ti=<TaskInstance: etl_dag.Carga_Dimensao_user_type scheduled__2024-08-04T18:40:00+00:00 [queued]>
[2024-08-04T18:54:22.741+0000] {taskinstance.py:2306} INFO - Starting attempt 1 of 6
[2024-08-04T18:54:22.748+0000] {taskinstance.py:2330} INFO - Executing <Task(PythonOperator): Carga_Dimensao_user_type> on 2024-08-04 18:40:00+00:00
[2024-08-04T18:54:22.755+0000] {warnings.py:112} WARNING - /home/***/.local/lib/python3.12/site-packages/***/task/task_runner/standard_task_runner.py:62: DeprecationWarning: This process (pid=217) is multi-threaded, use of fork() may lead to deadlocks in the child.
  pid = os.fork()

[2024-08-04T18:54:22.756+0000] {standard_task_runner.py:64} INFO - Started process 219 to run task
[2024-08-04T18:54:22.756+0000] {standard_task_runner.py:90} INFO - Running: ['***', 'tasks', 'run', 'etl_dag', 'Carga_Dimensao_user_type', 'scheduled__2024-08-04T18:40:00+00:00', '--job-id', '701', '--raw', '--subdir', 'DAGS_FOLDER/etl_dag.py', '--cfg-path', '/tmp/tmpmjhax22h']
[2024-08-04T18:54:22.757+0000] {standard_task_runner.py:91} INFO - Job 701: Subtask Carga_Dimensao_user_type
[2024-08-04T18:54:22.797+0000] {task_command.py:426} INFO - Running <TaskInstance: etl_dag.Carga_Dimensao_user_type scheduled__2024-08-04T18:40:00+00:00 [running]> on host 83ccd21ce624
[2024-08-04T18:54:22.845+0000] {taskinstance.py:2648} INFO - Exporting env vars: AIRFLOW_CTX_DAG_OWNER='Gabriel Almeida' AIRFLOW_CTX_DAG_ID='etl_dag' AIRFLOW_CTX_TASK_ID='Carga_Dimensao_user_type' AIRFLOW_CTX_EXECUTION_DATE='2024-08-04T18:40:00+00:00' AIRFLOW_CTX_TRY_NUMBER='1' AIRFLOW_CTX_DAG_RUN_ID='scheduled__2024-08-04T18:40:00+00:00'
[2024-08-04T18:54:22.846+0000] {taskinstance.py:430} INFO - ::endgroup::
[2024-08-04T18:54:22.941+0000] {base.py:84} INFO - Using connection ID 'postgres_conn' for task execution.
[2024-08-04T18:54:22.967+0000] {logging_mixin.py:188} INFO -   user_type
0      Lead
[2024-08-04T18:54:22.977+0000] {taskinstance.py:441} INFO - ::group::Post task execution logs
[2024-08-04T18:54:22.979+0000] {taskinstance.py:2905} ERROR - Task failed with exception
Traceback (most recent call last):
  File "/home/airflow/.local/lib/python3.12/site-packages/airflow/models/taskinstance.py", line 465, in _execute_task
    result = _execute_callable(context=context, **execute_callable_kwargs)
             ^^^^^^^^^^^^^^^^^^^^^^^^^^^^^^^^^^^^^^^^^^^^^^^^^^^^^^^^^^^^^
  File "/home/airflow/.local/lib/python3.12/site-packages/airflow/models/taskinstance.py", line 432, in _execute_callable
    return execute_callable(context=context, **execute_callable_kwargs)
           ^^^^^^^^^^^^^^^^^^^^^^^^^^^^^^^^^^^^^^^^^^^^^^^^^^^^^^^^^^^^
  File "/home/airflow/.local/lib/python3.12/site-packages/airflow/models/baseoperator.py", line 401, in wrapper
    return func(self, *args, **kwargs)
           ^^^^^^^^^^^^^^^^^^^^^^^^^^^
  File "/home/airflow/.local/lib/python3.12/site-packages/airflow/operators/python.py", line 235, in execute
    return_value = self.execute_callable()
                   ^^^^^^^^^^^^^^^^^^^^^^^
  File "/home/airflow/.local/lib/python3.12/site-packages/airflow/operators/python.py", line 252, in execute_callable
    return self.python_callable(*self.op_args, **self.op_kwargs)
           ^^^^^^^^^^^^^^^^^^^^^^^^^^^^^^^^^^^^^^^^^^^^^^^^^^^^^
  File "/opt/airflow/dags/etl/dim_load.py", line 15, in load_dim_user_type
    cursor.execute(f"""
psycopg2.errors.UndefinedColumn: column "lead" does not exist
LINE 3:             VALUES (0,Lead)
                              ^

[2024-08-04T18:54:23.007+0000] {taskinstance.py:1206} INFO - Marking task as UP_FOR_RETRY. dag_id=etl_dag, task_id=Carga_Dimensao_user_type, run_id=scheduled__2024-08-04T18:40:00+00:00, execution_date=20240804T184000, start_date=20240804T185422, end_date=20240804T185423
[2024-08-04T18:54:23.019+0000] {standard_task_runner.py:110} ERROR - Failed to execute job 701 for task Carga_Dimensao_user_type (column "lead" does not exist
LINE 3:             VALUES (0,Lead)
                              ^
; 219)
[2024-08-04T18:54:23.059+0000] {local_task_job_runner.py:243} INFO - Task exited with return code 1
[2024-08-04T18:54:23.076+0000] {local_task_job_runner.py:222} INFO - ::endgroup::
