[2024-08-04T21:40:09.773+0000] {local_task_job_runner.py:120} INFO - ::group::Pre task execution logs
[2024-08-04T21:40:09.791+0000] {taskinstance.py:2076} INFO - Dependencies all met for dep_context=non-requeueable deps ti=<TaskInstance: etl_dag.create_dim_user_type scheduled__2024-08-04T21:30:00+00:00 [queued]>
[2024-08-04T21:40:09.796+0000] {taskinstance.py:2076} INFO - Dependencies all met for dep_context=requeueable deps ti=<TaskInstance: etl_dag.create_dim_user_type scheduled__2024-08-04T21:30:00+00:00 [queued]>
[2024-08-04T21:40:09.797+0000] {taskinstance.py:2306} INFO - Starting attempt 1 of 6
[2024-08-04T21:40:09.804+0000] {taskinstance.py:2330} INFO - Executing <Task(PostgresOperator): create_dim_user_type> on 2024-08-04 21:30:00+00:00
[2024-08-04T21:40:09.818+0000] {warnings.py:112} WARNING - /home/***/.local/lib/python3.12/site-packages/***/task/task_runner/standard_task_runner.py:62: DeprecationWarning: This process (pid=4242) is multi-threaded, use of fork() may lead to deadlocks in the child.
  pid = os.fork()

[2024-08-04T21:40:09.824+0000] {standard_task_runner.py:64} INFO - Started process 4248 to run task
[2024-08-04T21:40:09.824+0000] {standard_task_runner.py:90} INFO - Running: ['***', 'tasks', 'run', 'etl_dag', 'create_dim_user_type', 'scheduled__2024-08-04T21:30:00+00:00', '--job-id', '1065', '--raw', '--subdir', 'DAGS_FOLDER/etl_dag.py', '--cfg-path', '/tmp/tmpplsbnn6z']
[2024-08-04T21:40:09.826+0000] {standard_task_runner.py:91} INFO - Job 1065: Subtask create_dim_user_type
[2024-08-04T21:40:09.873+0000] {task_command.py:426} INFO - Running <TaskInstance: etl_dag.create_dim_user_type scheduled__2024-08-04T21:30:00+00:00 [running]> on host 83ccd21ce624
[2024-08-04T21:40:10.001+0000] {taskinstance.py:2648} INFO - Exporting env vars: AIRFLOW_CTX_DAG_OWNER='Gabriel Almeida' AIRFLOW_CTX_DAG_ID='etl_dag' AIRFLOW_CTX_TASK_ID='create_dim_user_type' AIRFLOW_CTX_EXECUTION_DATE='2024-08-04T21:30:00+00:00' AIRFLOW_CTX_TRY_NUMBER='1' AIRFLOW_CTX_DAG_RUN_ID='scheduled__2024-08-04T21:30:00+00:00'
[2024-08-04T21:40:10.007+0000] {taskinstance.py:430} INFO - ::endgroup::
[2024-08-04T21:40:10.008+0000] {sql.py:282} INFO - Executing: 
            CREATE TABLE IF NOT EXISTS DimUserType (
                id_user_type SERIAL PRIMARY KEY,
                user_type VARCHAR(255) UNIQUE NOT NULL
);
        
[2024-08-04T21:40:10.018+0000] {base.py:84} INFO - Using connection ID 'postgres_conn' for task execution.
[2024-08-04T21:40:10.030+0000] {base.py:84} INFO - Using connection ID 'postgres_conn' for task execution.
[2024-08-04T21:40:10.042+0000] {sql.py:495} INFO - Running statement: 
            CREATE TABLE IF NOT EXISTS DimUserType (
                id_user_type SERIAL PRIMARY KEY,
                user_type VARCHAR(255) UNIQUE NOT NULL
);
        , parameters: None
[2024-08-04T21:40:10.046+0000] {taskinstance.py:441} INFO - ::group::Post task execution logs
[2024-08-04T21:40:10.054+0000] {taskinstance.py:1206} INFO - Marking task as SUCCESS. dag_id=etl_dag, task_id=create_dim_user_type, run_id=scheduled__2024-08-04T21:30:00+00:00, execution_date=20240804T213000, start_date=20240804T214009, end_date=20240804T214010
[2024-08-04T21:40:10.089+0000] {local_task_job_runner.py:243} INFO - Task exited with return code 0
[2024-08-04T21:40:10.112+0000] {warnings.py:112} WARNING - /home/***/.local/lib/python3.12/site-packages/***/models/baseoperator.py:1297: AirflowProviderDeprecationWarning: Call to deprecated class PostgresOperator. (Please use `***.providers.common.sql.operators.sql.SQLExecuteQueryOperator`.Also, you can provide `hook_params={'schema': <database>}`.)
  result = cls.__new__(cls)

[2024-08-04T21:40:10.129+0000] {taskinstance.py:3503} INFO - 1 downstream tasks scheduled from follow-on schedule check
[2024-08-04T21:40:10.130+0000] {local_task_job_runner.py:222} INFO - ::endgroup::
