[2024-08-05T00:51:26.544+0000] {local_task_job_runner.py:120} INFO - ::group::Pre task execution logs
[2024-08-05T00:51:28.997+0000] {taskinstance.py:2076} INFO - Dependencies all met for dep_context=non-requeueable deps ti=<TaskInstance: etl_dag.create_dim_campaign scheduled__2024-08-05T00:40:00+00:00 [queued]>
[2024-08-05T00:52:28.506+0000] {taskinstance.py:2076} INFO - Dependencies all met for dep_context=requeueable deps ti=<TaskInstance: etl_dag.create_dim_campaign scheduled__2024-08-05T00:40:00+00:00 [queued]>
[2024-08-05T00:52:28.757+0000] {taskinstance.py:2306} INFO - Starting attempt 1 of 6
[2024-08-05T00:52:37.877+0000] {taskinstance.py:2330} INFO - Executing <Task(PostgresOperator): create_dim_campaign> on 2024-08-05 00:40:00+00:00
[2024-08-05T00:52:41.755+0000] {standard_task_runner.py:90} INFO - Running: ['***', 'tasks', 'run', 'etl_dag', 'create_dim_campaign', 'scheduled__2024-08-05T00:40:00+00:00', '--job-id', '1601', '--raw', '--subdir', 'DAGS_FOLDER/etl_dag.py', '--cfg-path', '/tmp/tmpvj8p9x6c']
[2024-08-05T00:52:41.901+0000] {standard_task_runner.py:91} INFO - Job 1601: Subtask create_dim_campaign
[2024-08-05T00:52:42.038+0000] {warnings.py:112} WARNING - /home/***/.local/lib/python3.12/site-packages/***/task/task_runner/standard_task_runner.py:62: DeprecationWarning: This process (pid=83) is multi-threaded, use of fork() may lead to deadlocks in the child.
  pid = os.fork()

[2024-08-05T00:52:42.122+0000] {standard_task_runner.py:64} INFO - Started process 131 to run task
[2024-08-05T00:52:54.676+0000] {task_command.py:426} INFO - Running <TaskInstance: etl_dag.create_dim_campaign scheduled__2024-08-05T00:40:00+00:00 [running]> on host e5e34d4cb805
[2024-08-05T00:53:02.663+0000] {taskinstance.py:2648} INFO - Exporting env vars: AIRFLOW_CTX_DAG_OWNER='Gabriel Almeida' AIRFLOW_CTX_DAG_ID='etl_dag' AIRFLOW_CTX_TASK_ID='create_dim_campaign' AIRFLOW_CTX_EXECUTION_DATE='2024-08-05T00:40:00+00:00' AIRFLOW_CTX_TRY_NUMBER='1' AIRFLOW_CTX_DAG_RUN_ID='scheduled__2024-08-05T00:40:00+00:00'
[2024-08-05T00:53:03.275+0000] {taskinstance.py:430} INFO - ::endgroup::
[2024-08-05T00:53:04.445+0000] {sql.py:282} INFO - Executing: 
            CREATE TABLE IF NOT EXISTS DimCampaign (
                id_campaign INT PRIMARY KEY,
                campaign VARCHAR(255) UNIQUE NOT NULL
            );
        
[2024-08-05T00:53:05.049+0000] {base.py:84} INFO - Using connection ID 'postgres_conn' for task execution.
[2024-08-05T00:53:05.705+0000] {base.py:84} INFO - Using connection ID 'postgres_conn' for task execution.
[2024-08-05T00:53:06.013+0000] {sql.py:495} INFO - Running statement: 
            CREATE TABLE IF NOT EXISTS DimCampaign (
                id_campaign INT PRIMARY KEY,
                campaign VARCHAR(255) UNIQUE NOT NULL
            );
        , parameters: None
[2024-08-05T00:53:06.206+0000] {taskinstance.py:441} INFO - ::group::Post task execution logs
[2024-08-05T00:53:07.227+0000] {taskinstance.py:1206} INFO - Marking task as SUCCESS. dag_id=etl_dag, task_id=create_dim_campaign, run_id=scheduled__2024-08-05T00:40:00+00:00, execution_date=20240805T004000, start_date=20240805T005129, end_date=20240805T005307
[2024-08-05T00:53:07.788+0000] {local_task_job_runner.py:243} INFO - Task exited with return code 0
[2024-08-05T00:53:08.329+0000] {local_task_job_runner.py:222} INFO - ::endgroup::
