[2024-08-04T21:50:12.536+0000] {local_task_job_runner.py:120} INFO - ::group::Pre task execution logs
[2024-08-04T21:50:12.555+0000] {taskinstance.py:2076} INFO - Dependencies all met for dep_context=non-requeueable deps ti=<TaskInstance: etl_dag.create_dim_campaign scheduled__2024-08-04T21:40:00+00:00 [queued]>
[2024-08-04T21:50:12.566+0000] {taskinstance.py:2076} INFO - Dependencies all met for dep_context=requeueable deps ti=<TaskInstance: etl_dag.create_dim_campaign scheduled__2024-08-04T21:40:00+00:00 [queued]>
[2024-08-04T21:50:12.566+0000] {taskinstance.py:2306} INFO - Starting attempt 1 of 6
[2024-08-04T21:50:12.592+0000] {taskinstance.py:2330} INFO - Executing <Task(PostgresOperator): create_dim_campaign> on 2024-08-04 21:40:00+00:00
[2024-08-04T21:50:12.599+0000] {warnings.py:112} WARNING - /home/***/.local/lib/python3.12/site-packages/***/task/task_runner/standard_task_runner.py:62: DeprecationWarning: This process (pid=4503) is multi-threaded, use of fork() may lead to deadlocks in the child.
  pid = os.fork()

[2024-08-04T21:50:12.601+0000] {standard_task_runner.py:64} INFO - Started process 4510 to run task
[2024-08-04T21:50:12.602+0000] {standard_task_runner.py:90} INFO - Running: ['***', 'tasks', 'run', 'etl_dag', 'create_dim_campaign', 'scheduled__2024-08-04T21:40:00+00:00', '--job-id', '1081', '--raw', '--subdir', 'DAGS_FOLDER/etl_dag.py', '--cfg-path', '/tmp/tmph91r4m3e']
[2024-08-04T21:50:12.604+0000] {standard_task_runner.py:91} INFO - Job 1081: Subtask create_dim_campaign
[2024-08-04T21:50:12.685+0000] {task_command.py:426} INFO - Running <TaskInstance: etl_dag.create_dim_campaign scheduled__2024-08-04T21:40:00+00:00 [running]> on host 83ccd21ce624
[2024-08-04T21:50:12.838+0000] {taskinstance.py:2648} INFO - Exporting env vars: AIRFLOW_CTX_DAG_OWNER='Gabriel Almeida' AIRFLOW_CTX_DAG_ID='etl_dag' AIRFLOW_CTX_TASK_ID='create_dim_campaign' AIRFLOW_CTX_EXECUTION_DATE='2024-08-04T21:40:00+00:00' AIRFLOW_CTX_TRY_NUMBER='1' AIRFLOW_CTX_DAG_RUN_ID='scheduled__2024-08-04T21:40:00+00:00'
[2024-08-04T21:50:12.840+0000] {taskinstance.py:430} INFO - ::endgroup::
[2024-08-04T21:50:12.843+0000] {sql.py:282} INFO - Executing: 
            CREATE TABLE IF NOT EXISTS DimCampaign (
                id_campaign SERIAL PRIMARY KEY,
                campaign VARCHAR(255) UNIQUE NOT NULL
            );
        
[2024-08-04T21:50:12.867+0000] {base.py:84} INFO - Using connection ID 'postgres_conn' for task execution.
[2024-08-04T21:50:12.881+0000] {base.py:84} INFO - Using connection ID 'postgres_conn' for task execution.
[2024-08-04T21:50:12.898+0000] {sql.py:495} INFO - Running statement: 
            CREATE TABLE IF NOT EXISTS DimCampaign (
                id_campaign SERIAL PRIMARY KEY,
                campaign VARCHAR(255) UNIQUE NOT NULL
            );
        , parameters: None
[2024-08-04T21:50:12.901+0000] {taskinstance.py:441} INFO - ::group::Post task execution logs
[2024-08-04T21:50:12.913+0000] {taskinstance.py:1206} INFO - Marking task as SUCCESS. dag_id=etl_dag, task_id=create_dim_campaign, run_id=scheduled__2024-08-04T21:40:00+00:00, execution_date=20240804T214000, start_date=20240804T215012, end_date=20240804T215012
[2024-08-04T21:50:12.949+0000] {local_task_job_runner.py:243} INFO - Task exited with return code 0
[2024-08-04T21:50:12.981+0000] {warnings.py:112} WARNING - /home/***/.local/lib/python3.12/site-packages/***/models/baseoperator.py:1297: AirflowProviderDeprecationWarning: Call to deprecated class PostgresOperator. (Please use `***.providers.common.sql.operators.sql.SQLExecuteQueryOperator`.Also, you can provide `hook_params={'schema': <database>}`.)
  result = cls.__new__(cls)

[2024-08-04T21:50:13.015+0000] {taskinstance.py:3503} INFO - 0 downstream tasks scheduled from follow-on schedule check
[2024-08-04T21:50:13.023+0000] {local_task_job_runner.py:222} INFO - ::endgroup::
