[2024-08-04T22:30:37.184+0000] {local_task_job_runner.py:120} INFO - ::group::Pre task execution logs
[2024-08-04T22:30:37.197+0000] {taskinstance.py:2076} INFO - Dependencies all met for dep_context=non-requeueable deps ti=<TaskInstance: etl_dag.carga_dimensao_company manual__2024-08-04T22:30:17.119912+00:00 [queued]>
[2024-08-04T22:30:37.202+0000] {taskinstance.py:2076} INFO - Dependencies all met for dep_context=requeueable deps ti=<TaskInstance: etl_dag.carga_dimensao_company manual__2024-08-04T22:30:17.119912+00:00 [queued]>
[2024-08-04T22:30:37.202+0000] {taskinstance.py:2306} INFO - Starting attempt 1 of 6
[2024-08-04T22:30:37.213+0000] {taskinstance.py:2330} INFO - Executing <Task(PythonOperator): carga_dimensao_company> on 2024-08-04 22:30:17.119912+00:00
[2024-08-04T22:30:37.224+0000] {warnings.py:112} WARNING - /home/***/.local/lib/python3.12/site-packages/***/task/task_runner/standard_task_runner.py:62: DeprecationWarning: This process (pid=724) is multi-threaded, use of fork() may lead to deadlocks in the child.
  pid = os.fork()

[2024-08-04T22:30:37.226+0000] {standard_task_runner.py:90} INFO - Running: ['***', 'tasks', 'run', 'etl_dag', 'carga_dimensao_company', 'manual__2024-08-04T22:30:17.119912+00:00', '--job-id', '1193', '--raw', '--subdir', 'DAGS_FOLDER/etl_dag.py', '--cfg-path', '/tmp/tmpz_3yfbmk']
[2024-08-04T22:30:37.227+0000] {standard_task_runner.py:64} INFO - Started process 728 to run task
[2024-08-04T22:30:37.229+0000] {standard_task_runner.py:91} INFO - Job 1193: Subtask carga_dimensao_company
[2024-08-04T22:30:37.291+0000] {task_command.py:426} INFO - Running <TaskInstance: etl_dag.carga_dimensao_company manual__2024-08-04T22:30:17.119912+00:00 [running]> on host 88edf8e2824b
[2024-08-04T22:30:37.366+0000] {taskinstance.py:2648} INFO - Exporting env vars: AIRFLOW_CTX_DAG_OWNER='Gabriel Almeida' AIRFLOW_CTX_DAG_ID='etl_dag' AIRFLOW_CTX_TASK_ID='carga_dimensao_company' AIRFLOW_CTX_EXECUTION_DATE='2024-08-04T22:30:17.119912+00:00' AIRFLOW_CTX_TRY_NUMBER='1' AIRFLOW_CTX_DAG_RUN_ID='manual__2024-08-04T22:30:17.119912+00:00'
[2024-08-04T22:30:37.368+0000] {taskinstance.py:430} INFO - ::endgroup::
[2024-08-04T22:30:37.467+0000] {base.py:84} INFO - Using connection ID 'postgres_conn' for task execution.
[2024-08-04T22:30:37.497+0000] {logging_mixin.py:188} INFO - Dados inseridos na tabela DimCompany com sucesso.
[2024-08-04T22:30:37.498+0000] {python.py:237} INFO - Done. Returned value was: None
[2024-08-04T22:30:37.498+0000] {taskinstance.py:441} INFO - ::group::Post task execution logs
[2024-08-04T22:30:37.514+0000] {taskinstance.py:1206} INFO - Marking task as SUCCESS. dag_id=etl_dag, task_id=carga_dimensao_company, run_id=manual__2024-08-04T22:30:17.119912+00:00, execution_date=20240804T223017, start_date=20240804T223037, end_date=20240804T223037
[2024-08-04T22:30:37.542+0000] {local_task_job_runner.py:243} INFO - Task exited with return code 0
[2024-08-04T22:30:37.552+0000] {local_task_job_runner.py:222} INFO - ::endgroup::
