[2024-08-04T19:42:25.372+0000] {local_task_job_runner.py:120} INFO - ::group::Pre task execution logs
[2024-08-04T19:42:25.383+0000] {taskinstance.py:2076} INFO - Dependencies all met for dep_context=non-requeueable deps ti=<TaskInstance: etl_dag.Carga_Dimensao_user_type scheduled__2024-08-04T19:30:00+00:00 [queued]>
[2024-08-04T19:42:25.386+0000] {taskinstance.py:2076} INFO - Dependencies all met for dep_context=requeueable deps ti=<TaskInstance: etl_dag.Carga_Dimensao_user_type scheduled__2024-08-04T19:30:00+00:00 [queued]>
[2024-08-04T19:42:25.387+0000] {taskinstance.py:2306} INFO - Starting attempt 3 of 6
[2024-08-04T19:42:25.392+0000] {taskinstance.py:2330} INFO - Executing <Task(PythonOperator): Carga_Dimensao_user_type> on 2024-08-04 19:30:00+00:00
[2024-08-04T19:42:25.398+0000] {warnings.py:112} WARNING - /home/***/.local/lib/python3.12/site-packages/***/task/task_runner/standard_task_runner.py:62: DeprecationWarning: This process (pid=1459) is multi-threaded, use of fork() may lead to deadlocks in the child.
  pid = os.fork()

[2024-08-04T19:42:25.400+0000] {standard_task_runner.py:64} INFO - Started process 1461 to run task
[2024-08-04T19:42:25.399+0000] {standard_task_runner.py:90} INFO - Running: ['***', 'tasks', 'run', 'etl_dag', 'Carga_Dimensao_user_type', 'scheduled__2024-08-04T19:30:00+00:00', '--job-id', '835', '--raw', '--subdir', 'DAGS_FOLDER/etl_dag.py', '--cfg-path', '/tmp/tmpifwwhlh0']
[2024-08-04T19:42:25.401+0000] {standard_task_runner.py:91} INFO - Job 835: Subtask Carga_Dimensao_user_type
[2024-08-04T19:42:25.466+0000] {task_command.py:426} INFO - Running <TaskInstance: etl_dag.Carga_Dimensao_user_type scheduled__2024-08-04T19:30:00+00:00 [running]> on host 83ccd21ce624
[2024-08-04T19:42:25.615+0000] {taskinstance.py:2648} INFO - Exporting env vars: AIRFLOW_CTX_DAG_OWNER='Gabriel Almeida' AIRFLOW_CTX_DAG_ID='etl_dag' AIRFLOW_CTX_TASK_ID='Carga_Dimensao_user_type' AIRFLOW_CTX_EXECUTION_DATE='2024-08-04T19:30:00+00:00' AIRFLOW_CTX_TRY_NUMBER='3' AIRFLOW_CTX_DAG_RUN_ID='scheduled__2024-08-04T19:30:00+00:00'
[2024-08-04T19:42:25.617+0000] {taskinstance.py:430} INFO - ::endgroup::
[2024-08-04T19:42:25.695+0000] {base.py:84} INFO - Using connection ID 'postgres_conn' for task execution.
[2024-08-04T19:42:25.697+0000] {logging_mixin.py:188} INFO - 
            INSERT INTO public.dimusertype (user_type)
            VALUES (Lead)
            ON CONFLICT (user_type) DO NOTHING;
        
[2024-08-04T19:42:25.698+0000] {logging_mixin.py:188} INFO - Dados inseridos na tabela DimUserType com sucesso.
[2024-08-04T19:42:25.698+0000] {python.py:237} INFO - Done. Returned value was: None
[2024-08-04T19:42:25.698+0000] {taskinstance.py:441} INFO - ::group::Post task execution logs
[2024-08-04T19:42:25.704+0000] {taskinstance.py:1206} INFO - Marking task as SUCCESS. dag_id=etl_dag, task_id=Carga_Dimensao_user_type, run_id=scheduled__2024-08-04T19:30:00+00:00, execution_date=20240804T193000, start_date=20240804T194225, end_date=20240804T194225
[2024-08-04T19:42:25.746+0000] {local_task_job_runner.py:243} INFO - Task exited with return code 0
[2024-08-04T19:42:25.773+0000] {taskinstance.py:3503} INFO - 0 downstream tasks scheduled from follow-on schedule check
[2024-08-04T19:42:25.774+0000] {local_task_job_runner.py:222} INFO - ::endgroup::
