[2024-08-04T21:50:17.885+0000] {local_task_job_runner.py:120} INFO - ::group::Pre task execution logs
[2024-08-04T21:50:17.905+0000] {taskinstance.py:2076} INFO - Dependencies all met for dep_context=non-requeueable deps ti=<TaskInstance: etl_dag.carga_dimensao_user_type scheduled__2024-08-04T21:40:00+00:00 [queued]>
[2024-08-04T21:50:17.913+0000] {taskinstance.py:2076} INFO - Dependencies all met for dep_context=requeueable deps ti=<TaskInstance: etl_dag.carga_dimensao_user_type scheduled__2024-08-04T21:40:00+00:00 [queued]>
[2024-08-04T21:50:17.914+0000] {taskinstance.py:2306} INFO - Starting attempt 1 of 6
[2024-08-04T21:50:17.927+0000] {taskinstance.py:2330} INFO - Executing <Task(PythonOperator): carga_dimensao_user_type> on 2024-08-04 21:40:00+00:00
[2024-08-04T21:50:17.934+0000] {warnings.py:112} WARNING - /home/***/.local/lib/python3.12/site-packages/***/task/task_runner/standard_task_runner.py:62: DeprecationWarning: This process (pid=4517) is multi-threaded, use of fork() may lead to deadlocks in the child.
  pid = os.fork()

[2024-08-04T21:50:17.937+0000] {standard_task_runner.py:64} INFO - Started process 4521 to run task
[2024-08-04T21:50:17.936+0000] {standard_task_runner.py:90} INFO - Running: ['***', 'tasks', 'run', 'etl_dag', 'carga_dimensao_user_type', 'scheduled__2024-08-04T21:40:00+00:00', '--job-id', '1085', '--raw', '--subdir', 'DAGS_FOLDER/etl_dag.py', '--cfg-path', '/tmp/tmp8iax49e8']
[2024-08-04T21:50:17.938+0000] {standard_task_runner.py:91} INFO - Job 1085: Subtask carga_dimensao_user_type
[2024-08-04T21:50:17.991+0000] {task_command.py:426} INFO - Running <TaskInstance: etl_dag.carga_dimensao_user_type scheduled__2024-08-04T21:40:00+00:00 [running]> on host 83ccd21ce624
[2024-08-04T21:50:18.067+0000] {taskinstance.py:2648} INFO - Exporting env vars: AIRFLOW_CTX_DAG_OWNER='Gabriel Almeida' AIRFLOW_CTX_DAG_ID='etl_dag' AIRFLOW_CTX_TASK_ID='carga_dimensao_user_type' AIRFLOW_CTX_EXECUTION_DATE='2024-08-04T21:40:00+00:00' AIRFLOW_CTX_TRY_NUMBER='1' AIRFLOW_CTX_DAG_RUN_ID='scheduled__2024-08-04T21:40:00+00:00'
[2024-08-04T21:50:18.070+0000] {taskinstance.py:430} INFO - ::endgroup::
[2024-08-04T21:50:18.155+0000] {base.py:84} INFO - Using connection ID 'postgres_conn' for task execution.
[2024-08-04T21:50:18.213+0000] {logging_mixin.py:188} INFO - Dados inseridos na tabela DimUserType com sucesso.
[2024-08-04T21:50:18.216+0000] {python.py:237} INFO - Done. Returned value was: None
[2024-08-04T21:50:18.216+0000] {taskinstance.py:441} INFO - ::group::Post task execution logs
[2024-08-04T21:50:18.226+0000] {taskinstance.py:1206} INFO - Marking task as SUCCESS. dag_id=etl_dag, task_id=carga_dimensao_user_type, run_id=scheduled__2024-08-04T21:40:00+00:00, execution_date=20240804T214000, start_date=20240804T215017, end_date=20240804T215018
[2024-08-04T21:50:18.284+0000] {local_task_job_runner.py:243} INFO - Task exited with return code 0
[2024-08-04T21:50:18.317+0000] {local_task_job_runner.py:222} INFO - ::endgroup::
