[2024-07-31T00:13:35.780+0000] {local_task_job_runner.py:120} INFO - ::group::Pre task execution logs
[2024-07-31T00:13:35.789+0000] {taskinstance.py:2076} INFO - Dependencies all met for dep_context=non-requeueable deps ti=<TaskInstance: etl_dag.transform_data manual__2024-07-31T00:13:29.775806+00:00 [queued]>
[2024-07-31T00:13:35.793+0000] {taskinstance.py:2076} INFO - Dependencies all met for dep_context=requeueable deps ti=<TaskInstance: etl_dag.transform_data manual__2024-07-31T00:13:29.775806+00:00 [queued]>
[2024-07-31T00:13:35.793+0000] {taskinstance.py:2306} INFO - Starting attempt 1 of 2
[2024-07-31T00:13:35.798+0000] {taskinstance.py:2330} INFO - Executing <Task(PythonOperator): transform_data> on 2024-07-31 00:13:29.775806+00:00
[2024-07-31T00:13:35.802+0000] {warnings.py:112} WARNING - /home/***/.local/lib/python3.12/site-packages/***/task/task_runner/standard_task_runner.py:62: DeprecationWarning: This process (pid=1001) is multi-threaded, use of fork() may lead to deadlocks in the child.
  pid = os.fork()

[2024-07-31T00:13:35.803+0000] {standard_task_runner.py:64} INFO - Started process 1003 to run task
[2024-07-31T00:13:35.803+0000] {standard_task_runner.py:90} INFO - Running: ['***', 'tasks', 'run', 'etl_dag', 'transform_data', 'manual__2024-07-31T00:13:29.775806+00:00', '--job-id', '44', '--raw', '--subdir', 'DAGS_FOLDER/etl_dag.py', '--cfg-path', '/tmp/tmp8eg9ta2c']
[2024-07-31T00:13:35.804+0000] {standard_task_runner.py:91} INFO - Job 44: Subtask transform_data
[2024-07-31T00:13:35.830+0000] {task_command.py:426} INFO - Running <TaskInstance: etl_dag.transform_data manual__2024-07-31T00:13:29.775806+00:00 [running]> on host bb49ef30ae89
[2024-07-31T00:13:35.874+0000] {taskinstance.py:2648} INFO - Exporting env vars: AIRFLOW_CTX_DAG_OWNER='Gabriel Almeida' AIRFLOW_CTX_DAG_ID='etl_dag' AIRFLOW_CTX_TASK_ID='transform_data' AIRFLOW_CTX_EXECUTION_DATE='2024-07-31T00:13:29.775806+00:00' AIRFLOW_CTX_TRY_NUMBER='1' AIRFLOW_CTX_DAG_RUN_ID='manual__2024-07-31T00:13:29.775806+00:00'
[2024-07-31T00:13:35.875+0000] {taskinstance.py:430} INFO - ::endgroup::
[2024-07-31T00:13:35.889+0000] {logging_mixin.py:188} INFO - DataFrame:
[2024-07-31T00:13:35.898+0000] {logging_mixin.py:188} INFO -         id  id_campaign  ...                      opened_at clicked_at
0  1817658         2516  ...  2024-07-21T18:31:57.000-03:00       None
1  1817659         2516  ...  2024-07-22T19:17:23.000-03:00       None
2  1817660         2516  ...  2024-07-21T18:31:59.000-03:00       None
3  1817661         2516  ...  2024-07-21T18:32:01.000-03:00       None
4  1817662         2516  ...                           None       None

[5 rows x 12 columns]
[2024-07-31T00:13:35.906+0000] {crypto.py:82} WARNING - empty cryptography key - values will not be stored encrypted.
[2024-07-31T00:13:35.908+0000] {logging_mixin.py:188} INFO - 1818657
[2024-07-31T00:13:35.908+0000] {python.py:237} INFO - Done. Returned value was:           id  ...                     clicked_at
0    1817658  ...                           None
1    1817659  ...                           None
2    1817660  ...                           None
3    1817661  ...                           None
4    1817662  ...                           None
..       ...  ...                            ...
995  1818653  ...  2024-07-22T17:45:42.000-03:00
996  1818654  ...  2024-07-22T17:37:42.000-03:00
997  1818655  ...                           None
998  1818656  ...  2024-07-22T18:09:12.000-03:00
999  1818657  ...  2024-07-22T17:51:37.000-03:00

[1000 rows x 12 columns]
[2024-07-31T00:13:35.916+0000] {taskinstance.py:441} INFO - ::group::Post task execution logs
[2024-07-31T00:13:35.946+0000] {taskinstance.py:1206} INFO - Marking task as SUCCESS. dag_id=etl_dag, task_id=transform_data, run_id=manual__2024-07-31T00:13:29.775806+00:00, execution_date=20240731T001329, start_date=20240731T001335, end_date=20240731T001335
[2024-07-31T00:13:35.987+0000] {local_task_job_runner.py:243} INFO - Task exited with return code 0
[2024-07-31T00:13:36.007+0000] {taskinstance.py:3503} INFO - 1 downstream tasks scheduled from follow-on schedule check
[2024-07-31T00:13:36.008+0000] {local_task_job_runner.py:222} INFO - ::endgroup::
