[2024-08-05T01:07:52.791+0000] {local_task_job_runner.py:120} INFO - ::group::Pre task execution logs
[2024-08-05T01:07:52.821+0000] {taskinstance.py:2076} INFO - Dependencies all met for dep_context=non-requeueable deps ti=<TaskInstance: etl_dag.carga_dimensao_user_type manual__2024-08-05T01:07:40.632128+00:00 [queued]>
[2024-08-05T01:07:52.836+0000] {taskinstance.py:2076} INFO - Dependencies all met for dep_context=requeueable deps ti=<TaskInstance: etl_dag.carga_dimensao_user_type manual__2024-08-05T01:07:40.632128+00:00 [queued]>
[2024-08-05T01:07:52.837+0000] {taskinstance.py:2306} INFO - Starting attempt 1 of 6
[2024-08-05T01:07:52.851+0000] {taskinstance.py:2330} INFO - Executing <Task(PythonOperator): carga_dimensao_user_type> on 2024-08-05 01:07:40.632128+00:00
[2024-08-05T01:07:52.859+0000] {warnings.py:112} WARNING - /home/***/.local/lib/python3.12/site-packages/***/task/task_runner/standard_task_runner.py:62: DeprecationWarning: This process (pid=593) is multi-threaded, use of fork() may lead to deadlocks in the child.
  pid = os.fork()

[2024-08-05T01:07:52.861+0000] {standard_task_runner.py:90} INFO - Running: ['***', 'tasks', 'run', 'etl_dag', 'carga_dimensao_user_type', 'manual__2024-08-05T01:07:40.632128+00:00', '--job-id', '1682', '--raw', '--subdir', 'DAGS_FOLDER/etl_dag.py', '--cfg-path', '/tmp/tmp1j8c9xo6']
[2024-08-05T01:07:52.863+0000] {standard_task_runner.py:64} INFO - Started process 598 to run task
[2024-08-05T01:07:52.864+0000] {standard_task_runner.py:91} INFO - Job 1682: Subtask carga_dimensao_user_type
[2024-08-05T01:07:52.972+0000] {task_command.py:426} INFO - Running <TaskInstance: etl_dag.carga_dimensao_user_type manual__2024-08-05T01:07:40.632128+00:00 [running]> on host 59ce2ba01338
[2024-08-05T01:07:53.251+0000] {taskinstance.py:2648} INFO - Exporting env vars: AIRFLOW_CTX_DAG_OWNER='Gabriel Almeida' AIRFLOW_CTX_DAG_ID='etl_dag' AIRFLOW_CTX_TASK_ID='carga_dimensao_user_type' AIRFLOW_CTX_EXECUTION_DATE='2024-08-05T01:07:40.632128+00:00' AIRFLOW_CTX_TRY_NUMBER='1' AIRFLOW_CTX_DAG_RUN_ID='manual__2024-08-05T01:07:40.632128+00:00'
[2024-08-05T01:07:53.252+0000] {taskinstance.py:430} INFO - ::endgroup::
[2024-08-05T01:07:53.470+0000] {base.py:84} INFO - Using connection ID 'postgres_conn' for task execution.
[2024-08-05T01:07:53.527+0000] {logging_mixin.py:188} INFO - Dados inseridos na tabela DimUserType com sucesso.
[2024-08-05T01:07:53.528+0000] {python.py:237} INFO - Done. Returned value was: None
[2024-08-05T01:07:53.529+0000] {taskinstance.py:441} INFO - ::group::Post task execution logs
[2024-08-05T01:07:53.566+0000] {taskinstance.py:1206} INFO - Marking task as SUCCESS. dag_id=etl_dag, task_id=carga_dimensao_user_type, run_id=manual__2024-08-05T01:07:40.632128+00:00, execution_date=20240805T010740, start_date=20240805T010752, end_date=20240805T010753
[2024-08-05T01:07:53.706+0000] {local_task_job_runner.py:243} INFO - Task exited with return code 0
[2024-08-05T01:07:53.826+0000] {taskinstance.py:3503} INFO - 0 downstream tasks scheduled from follow-on schedule check
[2024-08-05T01:07:53.829+0000] {local_task_job_runner.py:222} INFO - ::endgroup::
