[2024-08-05T00:32:36.496+0000] {local_task_job_runner.py:120} INFO - ::group::Pre task execution logs
[2024-08-05T00:32:36.514+0000] {taskinstance.py:2076} INFO - Dependencies all met for dep_context=non-requeueable deps ti=<TaskInstance: etl_dag.carga_dimensao_campaign manual__2024-08-05T00:32:17.919842+00:00 [queued]>
[2024-08-05T00:32:36.521+0000] {taskinstance.py:2076} INFO - Dependencies all met for dep_context=requeueable deps ti=<TaskInstance: etl_dag.carga_dimensao_campaign manual__2024-08-05T00:32:17.919842+00:00 [queued]>
[2024-08-05T00:32:36.523+0000] {taskinstance.py:2306} INFO - Starting attempt 1 of 6
[2024-08-05T00:32:36.535+0000] {taskinstance.py:2330} INFO - Executing <Task(PythonOperator): carga_dimensao_campaign> on 2024-08-05 00:32:17.919842+00:00
[2024-08-05T00:32:36.541+0000] {warnings.py:112} WARNING - /home/***/.local/lib/python3.12/site-packages/***/task/task_runner/standard_task_runner.py:62: DeprecationWarning: This process (pid=4871) is multi-threaded, use of fork() may lead to deadlocks in the child.
  pid = os.fork()

[2024-08-05T00:32:36.542+0000] {standard_task_runner.py:64} INFO - Started process 4883 to run task
[2024-08-05T00:32:36.544+0000] {standard_task_runner.py:90} INFO - Running: ['***', 'tasks', 'run', 'etl_dag', 'carga_dimensao_campaign', 'manual__2024-08-05T00:32:17.919842+00:00', '--job-id', '1597', '--raw', '--subdir', 'DAGS_FOLDER/etl_dag.py', '--cfg-path', '/tmp/tmppcz6jdl6']
[2024-08-05T00:32:36.546+0000] {standard_task_runner.py:91} INFO - Job 1597: Subtask carga_dimensao_campaign
[2024-08-05T00:32:36.616+0000] {task_command.py:426} INFO - Running <TaskInstance: etl_dag.carga_dimensao_campaign manual__2024-08-05T00:32:17.919842+00:00 [running]> on host 88edf8e2824b
[2024-08-05T00:32:36.710+0000] {taskinstance.py:2648} INFO - Exporting env vars: AIRFLOW_CTX_DAG_OWNER='Gabriel Almeida' AIRFLOW_CTX_DAG_ID='etl_dag' AIRFLOW_CTX_TASK_ID='carga_dimensao_campaign' AIRFLOW_CTX_EXECUTION_DATE='2024-08-05T00:32:17.919842+00:00' AIRFLOW_CTX_TRY_NUMBER='1' AIRFLOW_CTX_DAG_RUN_ID='manual__2024-08-05T00:32:17.919842+00:00'
[2024-08-05T00:32:36.714+0000] {taskinstance.py:430} INFO - ::endgroup::
[2024-08-05T00:32:36.816+0000] {base.py:84} INFO - Using connection ID 'postgres_conn' for task execution.
[2024-08-05T00:32:36.854+0000] {logging_mixin.py:188} INFO - Dados inseridos na tabela DimCampaign com sucesso.
[2024-08-05T00:32:36.856+0000] {python.py:237} INFO - Done. Returned value was: None
[2024-08-05T00:32:36.857+0000] {taskinstance.py:441} INFO - ::group::Post task execution logs
[2024-08-05T00:32:36.865+0000] {taskinstance.py:1206} INFO - Marking task as SUCCESS. dag_id=etl_dag, task_id=carga_dimensao_campaign, run_id=manual__2024-08-05T00:32:17.919842+00:00, execution_date=20240805T003217, start_date=20240805T003236, end_date=20240805T003236
[2024-08-05T00:32:36.890+0000] {local_task_job_runner.py:243} INFO - Task exited with return code 0
[2024-08-05T00:32:36.915+0000] {taskinstance.py:3503} INFO - 1 downstream tasks scheduled from follow-on schedule check
[2024-08-05T00:32:36.916+0000] {local_task_job_runner.py:222} INFO - ::endgroup::
