[2024-08-04T23:00:07.927+0000] {local_task_job_runner.py:120} INFO - ::group::Pre task execution logs
[2024-08-04T23:00:07.971+0000] {taskinstance.py:2076} INFO - Dependencies all met for dep_context=non-requeueable deps ti=<TaskInstance: etl_dag.create_dim_company scheduled__2024-08-04T22:50:00+00:00 [queued]>
[2024-08-04T23:00:07.993+0000] {taskinstance.py:2076} INFO - Dependencies all met for dep_context=requeueable deps ti=<TaskInstance: etl_dag.create_dim_company scheduled__2024-08-04T22:50:00+00:00 [queued]>
[2024-08-04T23:00:07.994+0000] {taskinstance.py:2306} INFO - Starting attempt 1 of 6
[2024-08-04T23:00:08.020+0000] {taskinstance.py:2330} INFO - Executing <Task(PostgresOperator): create_dim_company> on 2024-08-04 22:50:00+00:00
[2024-08-04T23:00:08.048+0000] {warnings.py:112} WARNING - /home/***/.local/lib/python3.12/site-packages/***/task/task_runner/standard_task_runner.py:62: DeprecationWarning: This process (pid=1641) is multi-threaded, use of fork() may lead to deadlocks in the child.
  pid = os.fork()

[2024-08-04T23:00:08.052+0000] {standard_task_runner.py:64} INFO - Started process 1646 to run task
[2024-08-04T23:00:08.058+0000] {standard_task_runner.py:90} INFO - Running: ['***', 'tasks', 'run', 'etl_dag', 'create_dim_company', 'scheduled__2024-08-04T22:50:00+00:00', '--job-id', '1270', '--raw', '--subdir', 'DAGS_FOLDER/etl_dag.py', '--cfg-path', '/tmp/tmp_5tjpsmv']
[2024-08-04T23:00:08.060+0000] {standard_task_runner.py:91} INFO - Job 1270: Subtask create_dim_company
[2024-08-04T23:00:08.325+0000] {task_command.py:426} INFO - Running <TaskInstance: etl_dag.create_dim_company scheduled__2024-08-04T22:50:00+00:00 [running]> on host 88edf8e2824b
[2024-08-04T23:00:08.440+0000] {taskinstance.py:2648} INFO - Exporting env vars: AIRFLOW_CTX_DAG_OWNER='Gabriel Almeida' AIRFLOW_CTX_DAG_ID='etl_dag' AIRFLOW_CTX_TASK_ID='create_dim_company' AIRFLOW_CTX_EXECUTION_DATE='2024-08-04T22:50:00+00:00' AIRFLOW_CTX_TRY_NUMBER='1' AIRFLOW_CTX_DAG_RUN_ID='scheduled__2024-08-04T22:50:00+00:00'
[2024-08-04T23:00:08.444+0000] {taskinstance.py:430} INFO - ::endgroup::
[2024-08-04T23:00:08.446+0000] {sql.py:282} INFO - Executing: 
            CREATE TABLE IF NOT EXISTS DimCompany (
                id_company SERIAL PRIMARY KEY,
                company VARCHAR(255) UNIQUE NOT NULL
            );
        
[2024-08-04T23:00:08.467+0000] {base.py:84} INFO - Using connection ID 'postgres_conn' for task execution.
[2024-08-04T23:00:08.478+0000] {base.py:84} INFO - Using connection ID 'postgres_conn' for task execution.
[2024-08-04T23:00:08.496+0000] {sql.py:495} INFO - Running statement: 
            CREATE TABLE IF NOT EXISTS DimCompany (
                id_company SERIAL PRIMARY KEY,
                company VARCHAR(255) UNIQUE NOT NULL
            );
        , parameters: None
[2024-08-04T23:00:08.500+0000] {taskinstance.py:441} INFO - ::group::Post task execution logs
[2024-08-04T23:00:08.512+0000] {taskinstance.py:1206} INFO - Marking task as SUCCESS. dag_id=etl_dag, task_id=create_dim_company, run_id=scheduled__2024-08-04T22:50:00+00:00, execution_date=20240804T225000, start_date=20240804T230007, end_date=20240804T230008
[2024-08-04T23:00:08.568+0000] {local_task_job_runner.py:243} INFO - Task exited with return code 0
[2024-08-04T23:00:08.591+0000] {local_task_job_runner.py:222} INFO - ::endgroup::
