[2024-08-04T19:41:48.549+0000] {local_task_job_runner.py:120} INFO - ::group::Pre task execution logs
[2024-08-04T19:41:48.558+0000] {taskinstance.py:2076} INFO - Dependencies all met for dep_context=non-requeueable deps ti=<TaskInstance: etl_dag.transform_data manual__2024-08-04T19:41:42.885940+00:00 [queued]>
[2024-08-04T19:41:48.561+0000] {taskinstance.py:2076} INFO - Dependencies all met for dep_context=requeueable deps ti=<TaskInstance: etl_dag.transform_data manual__2024-08-04T19:41:42.885940+00:00 [queued]>
[2024-08-04T19:41:48.561+0000] {taskinstance.py:2306} INFO - Starting attempt 1 of 6
[2024-08-04T19:41:48.568+0000] {taskinstance.py:2330} INFO - Executing <Task(PythonOperator): transform_data> on 2024-08-04 19:41:42.885940+00:00
[2024-08-04T19:41:48.596+0000] {warnings.py:112} WARNING - /home/***/.local/lib/python3.12/site-packages/***/task/task_runner/standard_task_runner.py:62: DeprecationWarning: This process (pid=1422) is multi-threaded, use of fork() may lead to deadlocks in the child.
  pid = os.fork()

[2024-08-04T19:41:48.598+0000] {standard_task_runner.py:64} INFO - Started process 1424 to run task
[2024-08-04T19:41:48.598+0000] {standard_task_runner.py:90} INFO - Running: ['***', 'tasks', 'run', 'etl_dag', 'transform_data', 'manual__2024-08-04T19:41:42.885940+00:00', '--job-id', '828', '--raw', '--subdir', 'DAGS_FOLDER/etl_dag.py', '--cfg-path', '/tmp/tmp3yravlhy']
[2024-08-04T19:41:48.599+0000] {standard_task_runner.py:91} INFO - Job 828: Subtask transform_data
[2024-08-04T19:41:48.634+0000] {task_command.py:426} INFO - Running <TaskInstance: etl_dag.transform_data manual__2024-08-04T19:41:42.885940+00:00 [running]> on host 83ccd21ce624
[2024-08-04T19:41:48.693+0000] {taskinstance.py:2648} INFO - Exporting env vars: AIRFLOW_CTX_DAG_OWNER='Gabriel Almeida' AIRFLOW_CTX_DAG_ID='etl_dag' AIRFLOW_CTX_TASK_ID='transform_data' AIRFLOW_CTX_EXECUTION_DATE='2024-08-04T19:41:42.885940+00:00' AIRFLOW_CTX_TRY_NUMBER='1' AIRFLOW_CTX_DAG_RUN_ID='manual__2024-08-04T19:41:42.885940+00:00'
[2024-08-04T19:41:48.694+0000] {taskinstance.py:430} INFO - ::endgroup::
[2024-08-04T19:41:48.714+0000] {logging_mixin.py:188} INFO - DataFrame:
[2024-08-04T19:41:48.730+0000] {logging_mixin.py:188} INFO -         id  id_campaign  ...                      opened_at clicked_at
0  1811838         1140  ...  2024-07-08T03:43:50.000-03:00       None
1  1811839         1140  ...  2024-07-08T03:43:50.000-03:00       None
2  1811840         1140  ...  2024-07-08T03:43:59.000-03:00       None
3  1811841         1140  ...  2024-07-08T03:44:13.000-03:00       None
4  1811842         1140  ...  2024-07-08T03:44:22.000-03:00       None

[5 rows x 12 columns]
[2024-08-04T19:41:48.741+0000] {crypto.py:82} WARNING - empty cryptography key - values will not be stored encrypted.
[2024-08-04T19:41:48.743+0000] {python.py:237} INFO - Done. Returned value was:           id  id_campaign  ...                      opened_at clicked_at
0    1811838         1140  ...  2024-07-08T03:43:50.000-03:00       None
1    1811839         1140  ...  2024-07-08T03:43:50.000-03:00       None
2    1811840         1140  ...  2024-07-08T03:43:59.000-03:00       None
3    1811841         1140  ...  2024-07-08T03:44:13.000-03:00       None
4    1811842         1140  ...  2024-07-08T03:44:22.000-03:00       None
..       ...          ...  ...                            ...        ...
995  1812833         1141  ...  2024-07-11T05:36:35.000-03:00       None
996  1812834         1141  ...  2024-07-11T05:36:38.000-03:00       None
997  1812835         1141  ...  2024-07-11T15:58:50.000-03:00       None
998  1812836         1141  ...  2024-07-11T05:36:46.000-03:00       None
999  1812837         1141  ...  2024-07-11T05:36:48.000-03:00       None

[1000 rows x 12 columns]
[2024-08-04T19:41:48.751+0000] {taskinstance.py:441} INFO - ::group::Post task execution logs
[2024-08-04T19:41:48.820+0000] {taskinstance.py:1206} INFO - Marking task as SUCCESS. dag_id=etl_dag, task_id=transform_data, run_id=manual__2024-08-04T19:41:42.885940+00:00, execution_date=20240804T194142, start_date=20240804T194148, end_date=20240804T194148
[2024-08-04T19:41:48.868+0000] {local_task_job_runner.py:243} INFO - Task exited with return code 0
[2024-08-04T19:41:48.891+0000] {warnings.py:112} WARNING - /home/***/.local/lib/python3.12/site-packages/***/models/baseoperator.py:1297: AirflowProviderDeprecationWarning: Call to deprecated class PostgresOperator. (Please use `***.providers.common.sql.operators.sql.SQLExecuteQueryOperator`.Also, you can provide `hook_params={'schema': <database>}`.)
  result = cls.__new__(cls)

[2024-08-04T19:41:48.915+0000] {taskinstance.py:3503} INFO - 1 downstream tasks scheduled from follow-on schedule check
[2024-08-04T19:41:48.918+0000] {local_task_job_runner.py:222} INFO - ::endgroup::
