[2024-08-04T20:18:00.974+0000] {local_task_job_runner.py:120} INFO - ::group::Pre task execution logs
[2024-08-04T20:18:00.987+0000] {taskinstance.py:2076} INFO - Dependencies all met for dep_context=non-requeueable deps ti=<TaskInstance: etl_dag.transform_data manual__2024-08-04T20:17:56.233274+00:00 [queued]>
[2024-08-04T20:18:00.994+0000] {taskinstance.py:2076} INFO - Dependencies all met for dep_context=requeueable deps ti=<TaskInstance: etl_dag.transform_data manual__2024-08-04T20:17:56.233274+00:00 [queued]>
[2024-08-04T20:18:00.995+0000] {taskinstance.py:2306} INFO - Starting attempt 1 of 6
[2024-08-04T20:18:01.008+0000] {taskinstance.py:2330} INFO - Executing <Task(PythonOperator): transform_data> on 2024-08-04 20:17:56.233274+00:00
[2024-08-04T20:18:01.015+0000] {warnings.py:112} WARNING - /home/***/.local/lib/python3.12/site-packages/***/task/task_runner/standard_task_runner.py:62: DeprecationWarning: This process (pid=2375) is multi-threaded, use of fork() may lead to deadlocks in the child.
  pid = os.fork()

[2024-08-04T20:18:01.016+0000] {standard_task_runner.py:64} INFO - Started process 2377 to run task
[2024-08-04T20:18:01.016+0000] {standard_task_runner.py:90} INFO - Running: ['***', 'tasks', 'run', 'etl_dag', 'transform_data', 'manual__2024-08-04T20:17:56.233274+00:00', '--job-id', '926', '--raw', '--subdir', 'DAGS_FOLDER/etl_dag.py', '--cfg-path', '/tmp/tmpx8jdk9_n']
[2024-08-04T20:18:01.019+0000] {standard_task_runner.py:91} INFO - Job 926: Subtask transform_data
[2024-08-04T20:18:01.118+0000] {task_command.py:426} INFO - Running <TaskInstance: etl_dag.transform_data manual__2024-08-04T20:17:56.233274+00:00 [running]> on host 83ccd21ce624
[2024-08-04T20:18:01.192+0000] {taskinstance.py:2648} INFO - Exporting env vars: AIRFLOW_CTX_DAG_OWNER='Gabriel Almeida' AIRFLOW_CTX_DAG_ID='etl_dag' AIRFLOW_CTX_TASK_ID='transform_data' AIRFLOW_CTX_EXECUTION_DATE='2024-08-04T20:17:56.233274+00:00' AIRFLOW_CTX_TRY_NUMBER='1' AIRFLOW_CTX_DAG_RUN_ID='manual__2024-08-04T20:17:56.233274+00:00'
[2024-08-04T20:18:01.194+0000] {taskinstance.py:430} INFO - ::endgroup::
[2024-08-04T20:18:01.232+0000] {logging_mixin.py:188} INFO - DataFrame:
[2024-08-04T20:18:01.252+0000] {logging_mixin.py:188} INFO -         id  id_campaign  ...                      opened_at clicked_at
0  1811948         1158  ...  2024-07-08T12:32:53.000-03:00       None
1  1811949         1158  ...  2024-07-08T12:32:54.000-03:00       None
2  1811950         1158  ...  2024-07-08T12:32:55.000-03:00       None
3  1811951         1158  ...                           None       None
4  1811952         1158  ...  2024-07-08T12:32:59.000-03:00       None

[5 rows x 12 columns]
[2024-08-04T20:18:01.265+0000] {crypto.py:82} WARNING - empty cryptography key - values will not be stored encrypted.
[2024-08-04T20:18:01.267+0000] {python.py:237} INFO - Done. Returned value was:           id  id_campaign  ...                      opened_at clicked_at
0    1811948         1158  ...  2024-07-08T12:32:53.000-03:00       None
1    1811949         1158  ...  2024-07-08T12:32:54.000-03:00       None
2    1811950         1158  ...  2024-07-08T12:32:55.000-03:00       None
3    1811951         1158  ...                           None       None
4    1811952         1158  ...  2024-07-08T12:32:59.000-03:00       None
..       ...          ...  ...                            ...        ...
995  1812943         1141  ...  2024-07-11T05:42:56.000-03:00       None
996  1812944         1141  ...  2024-07-11T05:42:59.000-03:00       None
997  1812945         1141  ...  2024-07-11T05:43:05.000-03:00       None
998  1812946         1141  ...                           None       None
999  1812947         1141  ...                           None       None

[1000 rows x 12 columns]
[2024-08-04T20:18:01.278+0000] {taskinstance.py:441} INFO - ::group::Post task execution logs
[2024-08-04T20:18:01.346+0000] {taskinstance.py:1206} INFO - Marking task as SUCCESS. dag_id=etl_dag, task_id=transform_data, run_id=manual__2024-08-04T20:17:56.233274+00:00, execution_date=20240804T201756, start_date=20240804T201800, end_date=20240804T201801
[2024-08-04T20:18:01.364+0000] {local_task_job_runner.py:243} INFO - Task exited with return code 0
[2024-08-04T20:18:01.374+0000] {warnings.py:112} WARNING - /home/***/.local/lib/python3.12/site-packages/***/models/baseoperator.py:1297: AirflowProviderDeprecationWarning: Call to deprecated class PostgresOperator. (Please use `***.providers.common.sql.operators.sql.SQLExecuteQueryOperator`.Also, you can provide `hook_params={'schema': <database>}`.)
  result = cls.__new__(cls)

[2024-08-04T20:18:01.386+0000] {taskinstance.py:3503} INFO - 1 downstream tasks scheduled from follow-on schedule check
[2024-08-04T20:18:01.387+0000] {local_task_job_runner.py:222} INFO - ::endgroup::
