[2024-08-03T14:18:05.197+0000] {local_task_job_runner.py:120} INFO - ::group::Pre task execution logs
[2024-08-03T14:18:05.580+0000] {taskinstance.py:2066} INFO - Dependencies not met for <TaskInstance: etl_dag.extract_api scheduled__2024-08-03T10:20:00+00:00 [up_for_retry]>, dependency 'Not In Retry Period' FAILED: Task is not ready for retry yet but will be retried automatically. Current date is 2024-08-03T14:18:05.579650+00:00 and task will be retried at 2024-08-03T14:18:44.739154+00:00.
[2024-08-03T14:18:05.664+0000] {local_task_job_runner.py:163} INFO - Task is not able to be run
[2024-08-03T14:36:27.441+0000] {local_task_job_runner.py:120} INFO - ::group::Pre task execution logs
[2024-08-03T14:36:27.490+0000] {taskinstance.py:2076} INFO - Dependencies all met for dep_context=non-requeueable deps ti=<TaskInstance: etl_dag.extract_api scheduled__2024-08-03T10:20:00+00:00 [queued]>
[2024-08-03T14:36:27.501+0000] {taskinstance.py:2076} INFO - Dependencies all met for dep_context=requeueable deps ti=<TaskInstance: etl_dag.extract_api scheduled__2024-08-03T10:20:00+00:00 [queued]>
[2024-08-03T14:36:27.507+0000] {taskinstance.py:2306} INFO - Starting attempt 4 of 6
[2024-08-03T14:36:27.548+0000] {taskinstance.py:2330} INFO - Executing <Task(SimpleHttpOperator): extract_api> on 2024-08-03 10:20:00+00:00
[2024-08-03T14:36:27.566+0000] {warnings.py:112} WARNING - /home/***/.local/lib/python3.12/site-packages/***/task/task_runner/standard_task_runner.py:62: DeprecationWarning: This process (pid=2949) is multi-threaded, use of fork() may lead to deadlocks in the child.
  pid = os.fork()

[2024-08-03T14:36:27.575+0000] {standard_task_runner.py:90} INFO - Running: ['***', 'tasks', 'run', 'etl_dag', 'extract_api', 'scheduled__2024-08-03T10:20:00+00:00', '--job-id', '533', '--raw', '--subdir', 'DAGS_FOLDER/etl_dag.py', '--cfg-path', '/tmp/tmptm7iqlin']
[2024-08-03T14:36:27.577+0000] {standard_task_runner.py:64} INFO - Started process 2956 to run task
[2024-08-03T14:36:27.581+0000] {standard_task_runner.py:91} INFO - Job 533: Subtask extract_api
[2024-08-03T14:36:28.082+0000] {task_command.py:426} INFO - Running <TaskInstance: etl_dag.extract_api scheduled__2024-08-03T10:20:00+00:00 [running]> on host 69633e19c226
[2024-08-03T14:36:29.713+0000] {taskinstance.py:2648} INFO - Exporting env vars: AIRFLOW_CTX_DAG_OWNER='Gabriel Almeida' AIRFLOW_CTX_DAG_ID='etl_dag' AIRFLOW_CTX_TASK_ID='extract_api' AIRFLOW_CTX_EXECUTION_DATE='2024-08-03T10:20:00+00:00' AIRFLOW_CTX_TRY_NUMBER='4' AIRFLOW_CTX_DAG_RUN_ID='scheduled__2024-08-03T10:20:00+00:00'
[2024-08-03T14:36:29.875+0000] {taskinstance.py:430} INFO - ::endgroup::
[2024-08-03T14:36:29.899+0000] {http.py:173} INFO - Calling HTTP method
[2024-08-03T14:36:30.208+0000] {base.py:84} INFO - Using connection ID 'api_connection' for task execution.
[2024-08-03T14:36:30.355+0000] {base.py:84} INFO - Using connection ID 'api_connection' for task execution.
[2024-08-03T14:36:31.239+0000] {http.py:200} ERROR - HTTP error: Unauthorized
[2024-08-03T14:36:31.289+0000] {http.py:201} ERROR - {"response":{"message":"Não foram encontrados valores!"}}
[2024-08-03T14:36:31.296+0000] {taskinstance.py:441} INFO - ::group::Post task execution logs
[2024-08-03T14:36:31.685+0000] {taskinstance.py:2905} ERROR - Task failed with exception
Traceback (most recent call last):
  File "/home/airflow/.local/lib/python3.12/site-packages/airflow/providers/http/hooks/http.py", line 198, in check_response
    response.raise_for_status()
  File "/home/airflow/.local/lib/python3.12/site-packages/requests/models.py", line 1024, in raise_for_status
    raise HTTPError(http_error_msg, response=self)
requests.exceptions.HTTPError: 401 Client Error: Unauthorized for url: https://app.alunos.me/api/ahoy_viewer_ti

During handling of the above exception, another exception occurred:

Traceback (most recent call last):
  File "/home/airflow/.local/lib/python3.12/site-packages/airflow/models/taskinstance.py", line 465, in _execute_task
    result = _execute_callable(context=context, **execute_callable_kwargs)
             ^^^^^^^^^^^^^^^^^^^^^^^^^^^^^^^^^^^^^^^^^^^^^^^^^^^^^^^^^^^^^
  File "/home/airflow/.local/lib/python3.12/site-packages/airflow/models/taskinstance.py", line 432, in _execute_callable
    return execute_callable(context=context, **execute_callable_kwargs)
           ^^^^^^^^^^^^^^^^^^^^^^^^^^^^^^^^^^^^^^^^^^^^^^^^^^^^^^^^^^^^
  File "/home/airflow/.local/lib/python3.12/site-packages/airflow/models/baseoperator.py", line 401, in wrapper
    return func(self, *args, **kwargs)
           ^^^^^^^^^^^^^^^^^^^^^^^^^^^
  File "/home/airflow/.local/lib/python3.12/site-packages/airflow/providers/http/operators/http.py", line 170, in execute
    return self.execute_sync(context=context)
           ^^^^^^^^^^^^^^^^^^^^^^^^^^^^^^^^^^
  File "/home/airflow/.local/lib/python3.12/site-packages/airflow/providers/http/operators/http.py", line 179, in execute_sync
    response = self.hook.run(self.endpoint, self.data, self.headers, self.extra_options)
               ^^^^^^^^^^^^^^^^^^^^^^^^^^^^^^^^^^^^^^^^^^^^^^^^^^^^^^^^^^^^^^^^^^^^^^^^^
  File "/home/airflow/.local/lib/python3.12/site-packages/airflow/providers/http/hooks/http.py", line 188, in run
    return self.run_and_check(session, prepped_request, extra_options)
           ^^^^^^^^^^^^^^^^^^^^^^^^^^^^^^^^^^^^^^^^^^^^^^^^^^^^^^^^^^^
  File "/home/airflow/.local/lib/python3.12/site-packages/airflow/providers/http/hooks/http.py", line 239, in run_and_check
    self.check_response(response)
  File "/home/airflow/.local/lib/python3.12/site-packages/airflow/providers/http/hooks/http.py", line 202, in check_response
    raise AirflowException(str(response.status_code) + ":" + response.reason)
airflow.exceptions.AirflowException: 401:Unauthorized
[2024-08-03T14:36:31.795+0000] {taskinstance.py:1206} INFO - Marking task as UP_FOR_RETRY. dag_id=etl_dag, task_id=extract_api, run_id=scheduled__2024-08-03T10:20:00+00:00, execution_date=20240803T102000, start_date=20240803T143627, end_date=20240803T143631
[2024-08-03T14:36:32.546+0000] {standard_task_runner.py:110} ERROR - Failed to execute job 533 for task extract_api (401:Unauthorized; 2956)
[2024-08-03T14:36:33.466+0000] {local_task_job_runner.py:243} INFO - Task exited with return code 1
[2024-08-03T14:36:33.756+0000] {local_task_job_runner.py:222} INFO - ::endgroup::
