[2024-08-02T13:00:49.913+0000] {local_task_job_runner.py:120} INFO - ::group::Pre task execution logs
[2024-08-02T13:00:49.946+0000] {taskinstance.py:2076} INFO - Dependencies all met for dep_context=non-requeueable deps ti=<TaskInstance: etl_dag.transform_data scheduled__2024-08-02T12:20:00+00:00 [queued]>
[2024-08-02T13:00:49.990+0000] {taskinstance.py:2076} INFO - Dependencies all met for dep_context=requeueable deps ti=<TaskInstance: etl_dag.transform_data scheduled__2024-08-02T12:20:00+00:00 [queued]>
[2024-08-02T13:00:49.992+0000] {taskinstance.py:2306} INFO - Starting attempt 1 of 6
[2024-08-02T13:00:50.082+0000] {taskinstance.py:2330} INFO - Executing <Task(PythonOperator): transform_data> on 2024-08-02 12:20:00+00:00
[2024-08-02T13:00:50.105+0000] {warnings.py:112} WARNING - /home/***/.local/lib/python3.12/site-packages/***/task/task_runner/standard_task_runner.py:62: DeprecationWarning: This process (pid=2081) is multi-threaded, use of fork() may lead to deadlocks in the child.
  pid = os.fork()

[2024-08-02T13:00:50.116+0000] {standard_task_runner.py:64} INFO - Started process 2094 to run task
[2024-08-02T13:00:50.110+0000] {standard_task_runner.py:90} INFO - Running: ['***', 'tasks', 'run', 'etl_dag', 'transform_data', 'scheduled__2024-08-02T12:20:00+00:00', '--job-id', '396', '--raw', '--subdir', 'DAGS_FOLDER/etl_dag.py', '--cfg-path', '/tmp/tmpi2adp82o']
[2024-08-02T13:00:50.123+0000] {standard_task_runner.py:91} INFO - Job 396: Subtask transform_data
[2024-08-02T13:00:50.254+0000] {task_command.py:426} INFO - Running <TaskInstance: etl_dag.transform_data scheduled__2024-08-02T12:20:00+00:00 [running]> on host 69633e19c226
[2024-08-02T13:00:50.418+0000] {taskinstance.py:2648} INFO - Exporting env vars: AIRFLOW_CTX_DAG_OWNER='Gabriel Almeida' AIRFLOW_CTX_DAG_ID='etl_dag' AIRFLOW_CTX_TASK_ID='transform_data' AIRFLOW_CTX_EXECUTION_DATE='2024-08-02T12:20:00+00:00' AIRFLOW_CTX_TRY_NUMBER='1' AIRFLOW_CTX_DAG_RUN_ID='scheduled__2024-08-02T12:20:00+00:00'
[2024-08-02T13:00:50.427+0000] {taskinstance.py:430} INFO - ::endgroup::
[2024-08-02T13:00:50.485+0000] {logging_mixin.py:188} INFO - DataFrame:
[2024-08-02T13:00:50.523+0000] {logging_mixin.py:188} INFO -         id  id_campaign  ...                      opened_at clicked_at
0  1825658         1140  ...  2024-07-26T22:48:36.000-03:00       None
1  1825659         1140  ...  2024-07-27T10:54:02.000-03:00       None
2  1825660         1140  ...  2024-07-26T22:48:57.000-03:00       None
3  1825661         1140  ...  2024-07-26T22:49:12.000-03:00       None
4  1825662         1140  ...  2024-07-26T22:49:20.000-03:00       None

[5 rows x 12 columns]
[2024-08-02T13:00:50.541+0000] {crypto.py:82} WARNING - empty cryptography key - values will not be stored encrypted.
[2024-08-02T13:00:50.549+0000] {python.py:237} INFO - Done. Returned value was:           id  id_campaign  ...                      opened_at clicked_at
0    1825658         1140  ...  2024-07-26T22:48:36.000-03:00       None
1    1825659         1140  ...  2024-07-27T10:54:02.000-03:00       None
2    1825660         1140  ...  2024-07-26T22:48:57.000-03:00       None
3    1825661         1140  ...  2024-07-26T22:49:12.000-03:00       None
4    1825662         1140  ...  2024-07-26T22:49:20.000-03:00       None
..       ...          ...  ...                            ...        ...
995  1826653         1150  ...  2024-07-29T18:26:38.000-03:00       None
996  1826654         1150  ...                           None       None
997  1826655         1150  ...                           None       None
998  1826656         1157  ...                           None       None
999  1826657         1150  ...  2024-07-29T18:26:52.000-03:00       None

[1000 rows x 12 columns]
[2024-08-02T13:00:50.570+0000] {taskinstance.py:441} INFO - ::group::Post task execution logs
[2024-08-02T13:00:50.634+0000] {taskinstance.py:1206} INFO - Marking task as SUCCESS. dag_id=etl_dag, task_id=transform_data, run_id=scheduled__2024-08-02T12:20:00+00:00, execution_date=20240802T122000, start_date=20240802T130049, end_date=20240802T130050
[2024-08-02T13:00:50.678+0000] {local_task_job_runner.py:243} INFO - Task exited with return code 0
[2024-08-02T13:00:50.712+0000] {warnings.py:112} WARNING - /home/***/.local/lib/python3.12/site-packages/***/models/baseoperator.py:1297: AirflowProviderDeprecationWarning: Call to deprecated class PostgresOperator. (Please use `***.providers.common.sql.operators.sql.SQLExecuteQueryOperator`.Also, you can provide `hook_params={'schema': <database>}`.)
  result = cls.__new__(cls)

[2024-08-02T13:00:50.740+0000] {taskinstance.py:3503} INFO - 1 downstream tasks scheduled from follow-on schedule check
[2024-08-02T13:00:50.744+0000] {local_task_job_runner.py:222} INFO - ::endgroup::
