[2024-08-04T23:00:07.910+0000] {local_task_job_runner.py:120} INFO - ::group::Pre task execution logs
[2024-08-04T23:00:07.944+0000] {taskinstance.py:2076} INFO - Dependencies all met for dep_context=non-requeueable deps ti=<TaskInstance: etl_dag.create_dim_campaign scheduled__2024-08-04T22:50:00+00:00 [queued]>
[2024-08-04T23:00:07.968+0000] {taskinstance.py:2076} INFO - Dependencies all met for dep_context=requeueable deps ti=<TaskInstance: etl_dag.create_dim_campaign scheduled__2024-08-04T22:50:00+00:00 [queued]>
[2024-08-04T23:00:07.970+0000] {taskinstance.py:2306} INFO - Starting attempt 1 of 6
[2024-08-04T23:00:08.001+0000] {taskinstance.py:2330} INFO - Executing <Task(PostgresOperator): create_dim_campaign> on 2024-08-04 22:50:00+00:00
[2024-08-04T23:00:08.047+0000] {standard_task_runner.py:90} INFO - Running: ['***', 'tasks', 'run', 'etl_dag', 'create_dim_campaign', 'scheduled__2024-08-04T22:50:00+00:00', '--job-id', '1269', '--raw', '--subdir', 'DAGS_FOLDER/etl_dag.py', '--cfg-path', '/tmp/tmpcvj3c813']
[2024-08-04T23:00:08.038+0000] {warnings.py:112} WARNING - /home/***/.local/lib/python3.12/site-packages/***/task/task_runner/standard_task_runner.py:62: DeprecationWarning: This process (pid=1640) is multi-threaded, use of fork() may lead to deadlocks in the child.
  pid = os.fork()

[2024-08-04T23:00:08.054+0000] {standard_task_runner.py:64} INFO - Started process 1645 to run task
[2024-08-04T23:00:08.053+0000] {standard_task_runner.py:91} INFO - Job 1269: Subtask create_dim_campaign
[2024-08-04T23:00:08.327+0000] {task_command.py:426} INFO - Running <TaskInstance: etl_dag.create_dim_campaign scheduled__2024-08-04T22:50:00+00:00 [running]> on host 88edf8e2824b
[2024-08-04T23:00:08.435+0000] {taskinstance.py:2648} INFO - Exporting env vars: AIRFLOW_CTX_DAG_OWNER='Gabriel Almeida' AIRFLOW_CTX_DAG_ID='etl_dag' AIRFLOW_CTX_TASK_ID='create_dim_campaign' AIRFLOW_CTX_EXECUTION_DATE='2024-08-04T22:50:00+00:00' AIRFLOW_CTX_TRY_NUMBER='1' AIRFLOW_CTX_DAG_RUN_ID='scheduled__2024-08-04T22:50:00+00:00'
[2024-08-04T23:00:08.437+0000] {taskinstance.py:430} INFO - ::endgroup::
[2024-08-04T23:00:08.438+0000] {sql.py:282} INFO - Executing: 
            CREATE TABLE IF NOT EXISTS DimCampaign (
                id_campaign INT PRIMARY KEY,
                campaign VARCHAR(255) UNIQUE NOT NULL
            );
        
[2024-08-04T23:00:08.450+0000] {base.py:84} INFO - Using connection ID 'postgres_conn' for task execution.
[2024-08-04T23:00:08.469+0000] {base.py:84} INFO - Using connection ID 'postgres_conn' for task execution.
[2024-08-04T23:00:08.496+0000] {sql.py:495} INFO - Running statement: 
            CREATE TABLE IF NOT EXISTS DimCampaign (
                id_campaign INT PRIMARY KEY,
                campaign VARCHAR(255) UNIQUE NOT NULL
            );
        , parameters: None
[2024-08-04T23:00:08.501+0000] {taskinstance.py:441} INFO - ::group::Post task execution logs
[2024-08-04T23:00:08.513+0000] {taskinstance.py:1206} INFO - Marking task as SUCCESS. dag_id=etl_dag, task_id=create_dim_campaign, run_id=scheduled__2024-08-04T22:50:00+00:00, execution_date=20240804T225000, start_date=20240804T230007, end_date=20240804T230008
[2024-08-04T23:00:08.566+0000] {local_task_job_runner.py:243} INFO - Task exited with return code 0
[2024-08-04T23:00:08.589+0000] {warnings.py:112} WARNING - /home/***/.local/lib/python3.12/site-packages/***/models/baseoperator.py:1297: AirflowProviderDeprecationWarning: Call to deprecated class PostgresOperator. (Please use `***.providers.common.sql.operators.sql.SQLExecuteQueryOperator`.Also, you can provide `hook_params={'schema': <database>}`.)
  result = cls.__new__(cls)

[2024-08-04T23:00:08.614+0000] {taskinstance.py:3503} INFO - 1 downstream tasks scheduled from follow-on schedule check
[2024-08-04T23:00:08.615+0000] {local_task_job_runner.py:222} INFO - ::endgroup::
