[2024-08-04T19:46:03.140+0000] {local_task_job_runner.py:120} INFO - ::group::Pre task execution logs
[2024-08-04T19:46:03.180+0000] {taskinstance.py:2076} INFO - Dependencies all met for dep_context=non-requeueable deps ti=<TaskInstance: etl_dag.transform_data manual__2024-08-04T19:45:55.567040+00:00 [queued]>
[2024-08-04T19:46:03.187+0000] {taskinstance.py:2076} INFO - Dependencies all met for dep_context=requeueable deps ti=<TaskInstance: etl_dag.transform_data manual__2024-08-04T19:45:55.567040+00:00 [queued]>
[2024-08-04T19:46:03.187+0000] {taskinstance.py:2306} INFO - Starting attempt 1 of 6
[2024-08-04T19:46:03.197+0000] {taskinstance.py:2330} INFO - Executing <Task(PythonOperator): transform_data> on 2024-08-04 19:45:55.567040+00:00
[2024-08-04T19:46:03.224+0000] {warnings.py:112} WARNING - /home/***/.local/lib/python3.12/site-packages/***/task/task_runner/standard_task_runner.py:62: DeprecationWarning: This process (pid=1589) is multi-threaded, use of fork() may lead to deadlocks in the child.
  pid = os.fork()

[2024-08-04T19:46:03.236+0000] {standard_task_runner.py:64} INFO - Started process 1591 to run task
[2024-08-04T19:46:03.237+0000] {standard_task_runner.py:90} INFO - Running: ['***', 'tasks', 'run', 'etl_dag', 'transform_data', 'manual__2024-08-04T19:45:55.567040+00:00', '--job-id', '853', '--raw', '--subdir', 'DAGS_FOLDER/etl_dag.py', '--cfg-path', '/tmp/tmp664jmml9']
[2024-08-04T19:46:03.239+0000] {standard_task_runner.py:91} INFO - Job 853: Subtask transform_data
[2024-08-04T19:46:03.317+0000] {task_command.py:426} INFO - Running <TaskInstance: etl_dag.transform_data manual__2024-08-04T19:45:55.567040+00:00 [running]> on host 83ccd21ce624
[2024-08-04T19:46:03.369+0000] {taskinstance.py:2648} INFO - Exporting env vars: AIRFLOW_CTX_DAG_OWNER='Gabriel Almeida' AIRFLOW_CTX_DAG_ID='etl_dag' AIRFLOW_CTX_TASK_ID='transform_data' AIRFLOW_CTX_EXECUTION_DATE='2024-08-04T19:45:55.567040+00:00' AIRFLOW_CTX_TRY_NUMBER='1' AIRFLOW_CTX_DAG_RUN_ID='manual__2024-08-04T19:45:55.567040+00:00'
[2024-08-04T19:46:03.371+0000] {taskinstance.py:430} INFO - ::endgroup::
[2024-08-04T19:46:03.390+0000] {logging_mixin.py:188} INFO - DataFrame:
[2024-08-04T19:46:03.418+0000] {logging_mixin.py:188} INFO -         id  id_campaign  ...                      opened_at clicked_at
0  1811868         1140  ...  2024-07-08T04:02:26.000-03:00       None
1  1811869         1140  ...  2024-07-08T04:02:28.000-03:00       None
2  1811870         1140  ...  2024-07-08T04:03:04.000-03:00       None
3  1811871         1140  ...  2024-07-08T04:03:09.000-03:00       None
4  1811872         1140  ...  2024-07-08T04:03:51.000-03:00       None

[5 rows x 12 columns]
[2024-08-04T19:46:03.433+0000] {crypto.py:82} WARNING - empty cryptography key - values will not be stored encrypted.
[2024-08-04T19:46:03.435+0000] {python.py:237} INFO - Done. Returned value was:           id  id_campaign  ...                      opened_at clicked_at
0    1811868         1140  ...  2024-07-08T04:02:26.000-03:00       None
1    1811869         1140  ...  2024-07-08T04:02:28.000-03:00       None
2    1811870         1140  ...  2024-07-08T04:03:04.000-03:00       None
3    1811871         1140  ...  2024-07-08T04:03:09.000-03:00       None
4    1811872         1140  ...  2024-07-08T04:03:51.000-03:00       None
..       ...          ...  ...                            ...        ...
995  1812863         1141  ...                           None       None
996  1812864         1141  ...  2024-07-11T05:38:08.000-03:00       None
997  1812865         1141  ...                           None       None
998  1812866         1141  ...  2024-07-11T05:38:14.000-03:00       None
999  1812867         1141  ...                           None       None

[1000 rows x 12 columns]
[2024-08-04T19:46:03.443+0000] {taskinstance.py:441} INFO - ::group::Post task execution logs
[2024-08-04T19:46:03.497+0000] {taskinstance.py:1206} INFO - Marking task as SUCCESS. dag_id=etl_dag, task_id=transform_data, run_id=manual__2024-08-04T19:45:55.567040+00:00, execution_date=20240804T194555, start_date=20240804T194603, end_date=20240804T194603
[2024-08-04T19:46:03.511+0000] {local_task_job_runner.py:243} INFO - Task exited with return code 0
[2024-08-04T19:46:03.520+0000] {warnings.py:112} WARNING - /home/***/.local/lib/python3.12/site-packages/***/models/baseoperator.py:1297: AirflowProviderDeprecationWarning: Call to deprecated class PostgresOperator. (Please use `***.providers.common.sql.operators.sql.SQLExecuteQueryOperator`.Also, you can provide `hook_params={'schema': <database>}`.)
  result = cls.__new__(cls)

[2024-08-04T19:46:03.530+0000] {taskinstance.py:3503} INFO - 1 downstream tasks scheduled from follow-on schedule check
[2024-08-04T19:46:03.531+0000] {local_task_job_runner.py:222} INFO - ::endgroup::
