[2024-08-02T10:06:33.267+0000] {local_task_job_runner.py:120} INFO - ::group::Pre task execution logs
[2024-08-02T10:06:33.282+0000] {taskinstance.py:2076} INFO - Dependencies all met for dep_context=non-requeueable deps ti=<TaskInstance: etl_dag.Carga_Dimensao_user_type manual__2024-08-02T10:06:19.663230+00:00 [queued]>
[2024-08-02T10:06:33.289+0000] {taskinstance.py:2076} INFO - Dependencies all met for dep_context=requeueable deps ti=<TaskInstance: etl_dag.Carga_Dimensao_user_type manual__2024-08-02T10:06:19.663230+00:00 [queued]>
[2024-08-02T10:06:33.289+0000] {taskinstance.py:2306} INFO - Starting attempt 1 of 6
[2024-08-02T10:06:33.298+0000] {taskinstance.py:2330} INFO - Executing <Task(PythonOperator): Carga_Dimensao_user_type> on 2024-08-02 10:06:19.663230+00:00
[2024-08-02T10:06:33.305+0000] {warnings.py:112} WARNING - /home/***/.local/lib/python3.12/site-packages/***/task/task_runner/standard_task_runner.py:62: DeprecationWarning: This process (pid=1060) is multi-threaded, use of fork() may lead to deadlocks in the child.
  pid = os.fork()

[2024-08-02T10:06:33.306+0000] {standard_task_runner.py:64} INFO - Started process 1062 to run task
[2024-08-02T10:06:33.306+0000] {standard_task_runner.py:90} INFO - Running: ['***', 'tasks', 'run', 'etl_dag', 'Carga_Dimensao_user_type', 'manual__2024-08-02T10:06:19.663230+00:00', '--job-id', '270', '--raw', '--subdir', 'DAGS_FOLDER/etl_dag.py', '--cfg-path', '/tmp/tmpg02c8fff']
[2024-08-02T10:06:33.307+0000] {standard_task_runner.py:91} INFO - Job 270: Subtask Carga_Dimensao_user_type
[2024-08-02T10:06:33.334+0000] {task_command.py:426} INFO - Running <TaskInstance: etl_dag.Carga_Dimensao_user_type manual__2024-08-02T10:06:19.663230+00:00 [running]> on host 69633e19c226
[2024-08-02T10:06:33.376+0000] {taskinstance.py:2648} INFO - Exporting env vars: AIRFLOW_CTX_DAG_OWNER='Gabriel Almeida' AIRFLOW_CTX_DAG_ID='etl_dag' AIRFLOW_CTX_TASK_ID='Carga_Dimensao_user_type' AIRFLOW_CTX_EXECUTION_DATE='2024-08-02T10:06:19.663230+00:00' AIRFLOW_CTX_TRY_NUMBER='1' AIRFLOW_CTX_DAG_RUN_ID='manual__2024-08-02T10:06:19.663230+00:00'
[2024-08-02T10:06:33.377+0000] {taskinstance.py:430} INFO - ::endgroup::
[2024-08-02T10:06:33.416+0000] {base.py:84} INFO - Using connection ID 'postgres_conn' for task execution.
[2024-08-02T10:06:33.457+0000] {logging_mixin.py:188} INFO -   user_type
0      Lead
[2024-08-02T10:06:33.461+0000] {taskinstance.py:441} INFO - ::group::Post task execution logs
[2024-08-02T10:06:33.462+0000] {taskinstance.py:2905} ERROR - Task failed with exception
Traceback (most recent call last):
  File "/home/airflow/.local/lib/python3.12/site-packages/airflow/models/taskinstance.py", line 465, in _execute_task
    result = _execute_callable(context=context, **execute_callable_kwargs)
             ^^^^^^^^^^^^^^^^^^^^^^^^^^^^^^^^^^^^^^^^^^^^^^^^^^^^^^^^^^^^^
  File "/home/airflow/.local/lib/python3.12/site-packages/airflow/models/taskinstance.py", line 432, in _execute_callable
    return execute_callable(context=context, **execute_callable_kwargs)
           ^^^^^^^^^^^^^^^^^^^^^^^^^^^^^^^^^^^^^^^^^^^^^^^^^^^^^^^^^^^^
  File "/home/airflow/.local/lib/python3.12/site-packages/airflow/models/baseoperator.py", line 401, in wrapper
    return func(self, *args, **kwargs)
           ^^^^^^^^^^^^^^^^^^^^^^^^^^^
  File "/home/airflow/.local/lib/python3.12/site-packages/airflow/operators/python.py", line 235, in execute
    return_value = self.execute_callable()
                   ^^^^^^^^^^^^^^^^^^^^^^^
  File "/home/airflow/.local/lib/python3.12/site-packages/airflow/operators/python.py", line 252, in execute_callable
    return self.python_callable(*self.op_args, **self.op_kwargs)
           ^^^^^^^^^^^^^^^^^^^^^^^^^^^^^^^^^^^^^^^^^^^^^^^^^^^^^
  File "/opt/airflow/dags/etl/dim_load.py", line 19, in load_dim_user_type
    cursor.execute(f"""
psycopg2.errors.UndefinedColumn: column "lead" does not exist
LINE 3:             VALUES (Lead)
                            ^

[2024-08-02T10:06:33.474+0000] {taskinstance.py:1206} INFO - Marking task as UP_FOR_RETRY. dag_id=etl_dag, task_id=Carga_Dimensao_user_type, run_id=manual__2024-08-02T10:06:19.663230+00:00, execution_date=20240802T100619, start_date=20240802T100633, end_date=20240802T100633
[2024-08-02T10:06:33.483+0000] {standard_task_runner.py:110} ERROR - Failed to execute job 270 for task Carga_Dimensao_user_type (column "lead" does not exist
LINE 3:             VALUES (Lead)
                            ^
; 1062)
[2024-08-02T10:06:33.493+0000] {local_task_job_runner.py:243} INFO - Task exited with return code 1
[2024-08-02T10:06:33.507+0000] {taskinstance.py:3503} INFO - 0 downstream tasks scheduled from follow-on schedule check
[2024-08-02T10:06:33.508+0000] {local_task_job_runner.py:222} INFO - ::endgroup::
