[2024-08-01T16:26:16.984+0000] {local_task_job_runner.py:120} INFO - ::group::Pre task execution logs
[2024-08-01T16:26:16.995+0000] {taskinstance.py:2076} INFO - Dependencies all met for dep_context=non-requeueable deps ti=<TaskInstance: etl_dag.transform_data manual__2024-08-01T16:26:12.854625+00:00 [queued]>
[2024-08-01T16:26:16.999+0000] {taskinstance.py:2076} INFO - Dependencies all met for dep_context=requeueable deps ti=<TaskInstance: etl_dag.transform_data manual__2024-08-01T16:26:12.854625+00:00 [queued]>
[2024-08-01T16:26:17.000+0000] {taskinstance.py:2306} INFO - Starting attempt 1 of 2
[2024-08-01T16:26:17.005+0000] {taskinstance.py:2330} INFO - Executing <Task(PythonOperator): transform_data> on 2024-08-01 16:26:12.854625+00:00
[2024-08-01T16:26:17.012+0000] {warnings.py:112} WARNING - /home/***/.local/lib/python3.12/site-packages/***/task/task_runner/standard_task_runner.py:62: DeprecationWarning: This process (pid=76) is multi-threaded, use of fork() may lead to deadlocks in the child.
  pid = os.fork()

[2024-08-01T16:26:17.013+0000] {standard_task_runner.py:64} INFO - Started process 78 to run task
[2024-08-01T16:26:17.014+0000] {standard_task_runner.py:90} INFO - Running: ['***', 'tasks', 'run', 'etl_dag', 'transform_data', 'manual__2024-08-01T16:26:12.854625+00:00', '--job-id', '101', '--raw', '--subdir', 'DAGS_FOLDER/etl_dag.py', '--cfg-path', '/tmp/tmpb0wc2e6f']
[2024-08-01T16:26:17.014+0000] {standard_task_runner.py:91} INFO - Job 101: Subtask transform_data
[2024-08-01T16:26:17.039+0000] {task_command.py:426} INFO - Running <TaskInstance: etl_dag.transform_data manual__2024-08-01T16:26:12.854625+00:00 [running]> on host e27a9ccca098
[2024-08-01T16:26:17.084+0000] {taskinstance.py:2648} INFO - Exporting env vars: AIRFLOW_CTX_DAG_OWNER='Gabriel Almeida' AIRFLOW_CTX_DAG_ID='etl_dag' AIRFLOW_CTX_TASK_ID='transform_data' AIRFLOW_CTX_EXECUTION_DATE='2024-08-01T16:26:12.854625+00:00' AIRFLOW_CTX_TRY_NUMBER='1' AIRFLOW_CTX_DAG_RUN_ID='manual__2024-08-01T16:26:12.854625+00:00'
[2024-08-01T16:26:17.085+0000] {taskinstance.py:430} INFO - ::endgroup::
[2024-08-01T16:26:17.094+0000] {logging_mixin.py:188} INFO - DataFrame:
[2024-08-01T16:26:17.110+0000] {logging_mixin.py:188} INFO -         id  id_campaign  ...                      opened_at clicked_at
0  1827658         1144  ...                           None       None
1  1827659         1144  ...                           None       None
2  1827660         1144  ...  2024-08-01T01:09:09.000-03:00       None
3  1827661         1144  ...                           None       None
4  1827662         1144  ...  2024-08-01T01:09:13.000-03:00       None

[5 rows x 12 columns]
[2024-08-01T16:26:17.135+0000] {crypto.py:82} WARNING - empty cryptography key - values will not be stored encrypted.
[2024-08-01T16:26:17.140+0000] {logging_mixin.py:188} INFO - 1828657
[2024-08-01T16:26:17.141+0000] {python.py:237} INFO - Done. Returned value was:          id  id_campaign  ...                      opened_at clicked_at
0   1827658         1144  ...                           None       None
1   1827659         1144  ...                           None       None
2   1827660         1144  ...  2024-08-01T01:09:09.000-03:00       None
3   1827661         1144  ...                           None       None
4   1827662         1144  ...  2024-08-01T01:09:13.000-03:00       None
..      ...          ...  ...                            ...        ...
71  1827729         1176  ...                           None       None
72  1827730         1176  ...  2024-08-01T10:22:16.000-03:00       None
73  1827731         1176  ...                           None       None
74  1827732         1176  ...                           None       None
75  1827733         1157  ...                           None       None

[76 rows x 12 columns]
[2024-08-01T16:26:17.166+0000] {taskinstance.py:441} INFO - ::group::Post task execution logs
[2024-08-01T16:26:17.243+0000] {taskinstance.py:1206} INFO - Marking task as SUCCESS. dag_id=etl_dag, task_id=transform_data, run_id=manual__2024-08-01T16:26:12.854625+00:00, execution_date=20240801T162612, start_date=20240801T162616, end_date=20240801T162617
[2024-08-01T16:26:17.279+0000] {local_task_job_runner.py:243} INFO - Task exited with return code 0
[2024-08-01T16:26:17.292+0000] {taskinstance.py:3503} INFO - 0 downstream tasks scheduled from follow-on schedule check
[2024-08-01T16:26:17.293+0000] {local_task_job_runner.py:222} INFO - ::endgroup::
