[2024-08-04T19:58:00.424+0000] {local_task_job_runner.py:120} INFO - ::group::Pre task execution logs
[2024-08-04T19:58:00.433+0000] {taskinstance.py:2076} INFO - Dependencies all met for dep_context=non-requeueable deps ti=<TaskInstance: etl_dag.transform_data manual__2024-08-04T19:57:54.923993+00:00 [queued]>
[2024-08-04T19:58:00.437+0000] {taskinstance.py:2076} INFO - Dependencies all met for dep_context=requeueable deps ti=<TaskInstance: etl_dag.transform_data manual__2024-08-04T19:57:54.923993+00:00 [queued]>
[2024-08-04T19:58:00.437+0000] {taskinstance.py:2306} INFO - Starting attempt 1 of 6
[2024-08-04T19:58:00.443+0000] {taskinstance.py:2330} INFO - Executing <Task(PythonOperator): transform_data> on 2024-08-04 19:57:54.923993+00:00
[2024-08-04T19:58:00.451+0000] {warnings.py:112} WARNING - /home/***/.local/lib/python3.12/site-packages/***/task/task_runner/standard_task_runner.py:62: DeprecationWarning: This process (pid=1820) is multi-threaded, use of fork() may lead to deadlocks in the child.
  pid = os.fork()

[2024-08-04T19:58:00.452+0000] {standard_task_runner.py:90} INFO - Running: ['***', 'tasks', 'run', 'etl_dag', 'transform_data', 'manual__2024-08-04T19:57:54.923993+00:00', '--job-id', '870', '--raw', '--subdir', 'DAGS_FOLDER/etl_dag.py', '--cfg-path', '/tmp/tmp3nlqpt53']
[2024-08-04T19:58:00.455+0000] {standard_task_runner.py:91} INFO - Job 870: Subtask transform_data
[2024-08-04T19:58:00.455+0000] {standard_task_runner.py:64} INFO - Started process 1822 to run task
[2024-08-04T19:58:00.496+0000] {task_command.py:426} INFO - Running <TaskInstance: etl_dag.transform_data manual__2024-08-04T19:57:54.923993+00:00 [running]> on host 83ccd21ce624
[2024-08-04T19:58:00.553+0000] {taskinstance.py:2648} INFO - Exporting env vars: AIRFLOW_CTX_DAG_OWNER='Gabriel Almeida' AIRFLOW_CTX_DAG_ID='etl_dag' AIRFLOW_CTX_TASK_ID='transform_data' AIRFLOW_CTX_EXECUTION_DATE='2024-08-04T19:57:54.923993+00:00' AIRFLOW_CTX_TRY_NUMBER='1' AIRFLOW_CTX_DAG_RUN_ID='manual__2024-08-04T19:57:54.923993+00:00'
[2024-08-04T19:58:00.554+0000] {taskinstance.py:430} INFO - ::endgroup::
[2024-08-04T19:58:00.570+0000] {logging_mixin.py:188} INFO - DataFrame:
[2024-08-04T19:58:00.585+0000] {logging_mixin.py:188} INFO -         id  id_campaign  ...                      opened_at clicked_at
0  1811888         1152  ...  2024-07-08T08:08:01.000-03:00       None
1  1811889         1153  ...  2024-07-08T18:02:16.000-03:00       None
2  1811890         1158  ...  2024-07-08T08:08:32.000-03:00       None
3  1811891         1191  ...  2024-07-08T08:08:37.000-03:00       None
4  1811892         1191  ...  2024-07-08T08:08:38.000-03:00       None

[5 rows x 12 columns]
[2024-08-04T19:58:00.618+0000] {crypto.py:82} WARNING - empty cryptography key - values will not be stored encrypted.
[2024-08-04T19:58:00.622+0000] {python.py:237} INFO - Done. Returned value was:           id  id_campaign  ...                      opened_at clicked_at
0    1811888         1152  ...  2024-07-08T08:08:01.000-03:00       None
1    1811889         1153  ...  2024-07-08T18:02:16.000-03:00       None
2    1811890         1158  ...  2024-07-08T08:08:32.000-03:00       None
3    1811891         1191  ...  2024-07-08T08:08:37.000-03:00       None
4    1811892         1191  ...  2024-07-08T08:08:38.000-03:00       None
..       ...          ...  ...                            ...        ...
995  1812883         1141  ...                           None       None
996  1812884         1141  ...  2024-07-11T05:38:52.000-03:00       None
997  1812885         1141  ...  2024-07-11T05:38:53.000-03:00       None
998  1812886         1141  ...  2024-07-11T05:38:53.000-03:00       None
999  1812887         1141  ...  2024-07-11T05:38:55.000-03:00       None

[1000 rows x 12 columns]
[2024-08-04T19:58:00.649+0000] {taskinstance.py:441} INFO - ::group::Post task execution logs
[2024-08-04T19:58:00.709+0000] {taskinstance.py:1206} INFO - Marking task as SUCCESS. dag_id=etl_dag, task_id=transform_data, run_id=manual__2024-08-04T19:57:54.923993+00:00, execution_date=20240804T195754, start_date=20240804T195800, end_date=20240804T195800
[2024-08-04T19:58:00.726+0000] {local_task_job_runner.py:243} INFO - Task exited with return code 0
[2024-08-04T19:58:00.736+0000] {warnings.py:112} WARNING - /home/***/.local/lib/python3.12/site-packages/***/models/baseoperator.py:1297: AirflowProviderDeprecationWarning: Call to deprecated class PostgresOperator. (Please use `***.providers.common.sql.operators.sql.SQLExecuteQueryOperator`.Also, you can provide `hook_params={'schema': <database>}`.)
  result = cls.__new__(cls)

[2024-08-04T19:58:00.746+0000] {taskinstance.py:3503} INFO - 1 downstream tasks scheduled from follow-on schedule check
[2024-08-04T19:58:00.746+0000] {local_task_job_runner.py:222} INFO - ::endgroup::
