[2024-08-04T22:49:32.593+0000] {local_task_job_runner.py:120} INFO - ::group::Pre task execution logs
[2024-08-04T22:49:32.628+0000] {taskinstance.py:2076} INFO - Dependencies all met for dep_context=non-requeueable deps ti=<TaskInstance: etl_dag.carga_dimensao_campaign manual__2024-08-04T22:49:16.519663+00:00 [queued]>
[2024-08-04T22:49:32.644+0000] {taskinstance.py:2076} INFO - Dependencies all met for dep_context=requeueable deps ti=<TaskInstance: etl_dag.carga_dimensao_campaign manual__2024-08-04T22:49:16.519663+00:00 [queued]>
[2024-08-04T22:49:32.646+0000] {taskinstance.py:2306} INFO - Starting attempt 1 of 6
[2024-08-04T22:49:32.660+0000] {taskinstance.py:2330} INFO - Executing <Task(PythonOperator): carga_dimensao_campaign> on 2024-08-04 22:49:16.519663+00:00
[2024-08-04T22:49:32.691+0000] {warnings.py:112} WARNING - /home/***/.local/lib/python3.12/site-packages/***/task/task_runner/standard_task_runner.py:62: DeprecationWarning: This process (pid=1177) is multi-threaded, use of fork() may lead to deadlocks in the child.
  pid = os.fork()

[2024-08-04T22:49:32.695+0000] {standard_task_runner.py:90} INFO - Running: ['***', 'tasks', 'run', 'etl_dag', 'carga_dimensao_campaign', 'manual__2024-08-04T22:49:16.519663+00:00', '--job-id', '1221', '--raw', '--subdir', 'DAGS_FOLDER/etl_dag.py', '--cfg-path', '/tmp/tmp_10g_ded']
[2024-08-04T22:49:32.696+0000] {standard_task_runner.py:64} INFO - Started process 1182 to run task
[2024-08-04T22:49:32.697+0000] {standard_task_runner.py:91} INFO - Job 1221: Subtask carga_dimensao_campaign
[2024-08-04T22:49:32.743+0000] {task_command.py:426} INFO - Running <TaskInstance: etl_dag.carga_dimensao_campaign manual__2024-08-04T22:49:16.519663+00:00 [running]> on host 88edf8e2824b
[2024-08-04T22:49:32.825+0000] {taskinstance.py:2648} INFO - Exporting env vars: AIRFLOW_CTX_DAG_OWNER='Gabriel Almeida' AIRFLOW_CTX_DAG_ID='etl_dag' AIRFLOW_CTX_TASK_ID='carga_dimensao_campaign' AIRFLOW_CTX_EXECUTION_DATE='2024-08-04T22:49:16.519663+00:00' AIRFLOW_CTX_TRY_NUMBER='1' AIRFLOW_CTX_DAG_RUN_ID='manual__2024-08-04T22:49:16.519663+00:00'
[2024-08-04T22:49:32.826+0000] {taskinstance.py:430} INFO - ::endgroup::
[2024-08-04T22:49:32.935+0000] {base.py:84} INFO - Using connection ID 'postgres_conn' for task execution.
[2024-08-04T22:49:32.968+0000] {logging_mixin.py:188} INFO - Dados inseridos na tabela DimCampaign com sucesso.
[2024-08-04T22:49:32.969+0000] {python.py:237} INFO - Done. Returned value was: None
[2024-08-04T22:49:32.969+0000] {taskinstance.py:441} INFO - ::group::Post task execution logs
[2024-08-04T22:49:32.978+0000] {taskinstance.py:1206} INFO - Marking task as SUCCESS. dag_id=etl_dag, task_id=carga_dimensao_campaign, run_id=manual__2024-08-04T22:49:16.519663+00:00, execution_date=20240804T224916, start_date=20240804T224932, end_date=20240804T224932
[2024-08-04T22:49:33.000+0000] {local_task_job_runner.py:243} INFO - Task exited with return code 0
[2024-08-04T22:49:33.026+0000] {taskinstance.py:3503} INFO - 1 downstream tasks scheduled from follow-on schedule check
[2024-08-04T22:49:33.028+0000] {local_task_job_runner.py:222} INFO - ::endgroup::
