[2024-08-04T01:46:41.013+0000] {local_task_job_runner.py:120} INFO - ::group::Pre task execution logs
[2024-08-04T01:46:41.059+0000] {taskinstance.py:2076} INFO - Dependencies all met for dep_context=non-requeueable deps ti=<TaskInstance: etl_dag.extract_api scheduled__2024-08-03T17:20:00+00:00 [queued]>
[2024-08-04T01:46:41.095+0000] {taskinstance.py:2076} INFO - Dependencies all met for dep_context=requeueable deps ti=<TaskInstance: etl_dag.extract_api scheduled__2024-08-03T17:20:00+00:00 [queued]>
[2024-08-04T01:46:41.098+0000] {taskinstance.py:2306} INFO - Starting attempt 5 of 6
[2024-08-04T01:46:41.146+0000] {taskinstance.py:2330} INFO - Executing <Task(SimpleHttpOperator): extract_api> on 2024-08-03 17:20:00+00:00
[2024-08-04T01:46:41.208+0000] {warnings.py:112} WARNING - /home/***/.local/lib/python3.12/site-packages/***/task/task_runner/standard_task_runner.py:62: DeprecationWarning: This process (pid=3434) is multi-threaded, use of fork() may lead to deadlocks in the child.
  pid = os.fork()

[2024-08-04T01:46:41.215+0000] {standard_task_runner.py:64} INFO - Started process 3445 to run task
[2024-08-04T01:46:41.216+0000] {standard_task_runner.py:90} INFO - Running: ['***', 'tasks', 'run', 'etl_dag', 'extract_api', 'scheduled__2024-08-03T17:20:00+00:00', '--job-id', '641', '--raw', '--subdir', 'DAGS_FOLDER/etl_dag.py', '--cfg-path', '/tmp/tmpgtcq8jqu']
[2024-08-04T01:46:41.223+0000] {standard_task_runner.py:91} INFO - Job 641: Subtask extract_api
[2024-08-04T01:46:41.597+0000] {task_command.py:426} INFO - Running <TaskInstance: etl_dag.extract_api scheduled__2024-08-03T17:20:00+00:00 [running]> on host 69633e19c226
[2024-08-04T01:46:41.936+0000] {taskinstance.py:2648} INFO - Exporting env vars: AIRFLOW_CTX_DAG_OWNER='Gabriel Almeida' AIRFLOW_CTX_DAG_ID='etl_dag' AIRFLOW_CTX_TASK_ID='extract_api' AIRFLOW_CTX_EXECUTION_DATE='2024-08-03T17:20:00+00:00' AIRFLOW_CTX_TRY_NUMBER='5' AIRFLOW_CTX_DAG_RUN_ID='scheduled__2024-08-03T17:20:00+00:00'
[2024-08-04T01:46:41.990+0000] {taskinstance.py:430} INFO - ::endgroup::
[2024-08-04T01:46:41.998+0000] {http.py:173} INFO - Calling HTTP method
[2024-08-04T01:46:42.047+0000] {base.py:84} INFO - Using connection ID 'api_connection' for task execution.
[2024-08-04T01:46:42.133+0000] {base.py:84} INFO - Using connection ID 'api_connection' for task execution.
[2024-08-04T02:46:21.235+0000] {http.py:200} ERROR - HTTP error: Unauthorized
[2024-08-04T02:46:21.238+0000] {http.py:201} ERROR - {"response":{"message":"Não foram encontrados valores!"}}
[2024-08-04T02:46:21.240+0000] {taskinstance.py:441} INFO - ::group::Post task execution logs
[2024-08-04T02:46:21.288+0000] {taskinstance.py:2905} ERROR - Task failed with exception
Traceback (most recent call last):
  File "/home/airflow/.local/lib/python3.12/site-packages/airflow/providers/http/hooks/http.py", line 198, in check_response
    response.raise_for_status()
  File "/home/airflow/.local/lib/python3.12/site-packages/requests/models.py", line 1024, in raise_for_status
    raise HTTPError(http_error_msg, response=self)
requests.exceptions.HTTPError: 401 Client Error: Unauthorized for url: https://app.alunos.me/api/ahoy_viewer_ti

During handling of the above exception, another exception occurred:

Traceback (most recent call last):
  File "/home/airflow/.local/lib/python3.12/site-packages/airflow/models/taskinstance.py", line 465, in _execute_task
    result = _execute_callable(context=context, **execute_callable_kwargs)
             ^^^^^^^^^^^^^^^^^^^^^^^^^^^^^^^^^^^^^^^^^^^^^^^^^^^^^^^^^^^^^
  File "/home/airflow/.local/lib/python3.12/site-packages/airflow/models/taskinstance.py", line 432, in _execute_callable
    return execute_callable(context=context, **execute_callable_kwargs)
           ^^^^^^^^^^^^^^^^^^^^^^^^^^^^^^^^^^^^^^^^^^^^^^^^^^^^^^^^^^^^
  File "/home/airflow/.local/lib/python3.12/site-packages/airflow/models/baseoperator.py", line 401, in wrapper
    return func(self, *args, **kwargs)
           ^^^^^^^^^^^^^^^^^^^^^^^^^^^
  File "/home/airflow/.local/lib/python3.12/site-packages/airflow/providers/http/operators/http.py", line 170, in execute
    return self.execute_sync(context=context)
           ^^^^^^^^^^^^^^^^^^^^^^^^^^^^^^^^^^
  File "/home/airflow/.local/lib/python3.12/site-packages/airflow/providers/http/operators/http.py", line 179, in execute_sync
    response = self.hook.run(self.endpoint, self.data, self.headers, self.extra_options)
               ^^^^^^^^^^^^^^^^^^^^^^^^^^^^^^^^^^^^^^^^^^^^^^^^^^^^^^^^^^^^^^^^^^^^^^^^^
  File "/home/airflow/.local/lib/python3.12/site-packages/airflow/providers/http/hooks/http.py", line 188, in run
    return self.run_and_check(session, prepped_request, extra_options)
           ^^^^^^^^^^^^^^^^^^^^^^^^^^^^^^^^^^^^^^^^^^^^^^^^^^^^^^^^^^^
  File "/home/airflow/.local/lib/python3.12/site-packages/airflow/providers/http/hooks/http.py", line 239, in run_and_check
    self.check_response(response)
  File "/home/airflow/.local/lib/python3.12/site-packages/airflow/providers/http/hooks/http.py", line 202, in check_response
    raise AirflowException(str(response.status_code) + ":" + response.reason)
airflow.exceptions.AirflowException: 401:Unauthorized
[2024-08-04T02:46:21.347+0000] {taskinstance.py:1206} INFO - Marking task as UP_FOR_RETRY. dag_id=etl_dag, task_id=extract_api, run_id=scheduled__2024-08-03T17:20:00+00:00, execution_date=20240803T172000, start_date=20240804T014641, end_date=20240804T024621
[2024-08-04T02:46:21.448+0000] {standard_task_runner.py:110} ERROR - Failed to execute job 641 for task extract_api (401:Unauthorized; 3445)
[2024-08-04T02:46:21.538+0000] {local_task_job_runner.py:243} INFO - Task exited with return code 1
[2024-08-04T02:46:21.680+0000] {local_task_job_runner.py:222} INFO - ::endgroup::
