[2024-08-04T18:57:51.183+0000] {local_task_job_runner.py:120} INFO - ::group::Pre task execution logs
[2024-08-04T18:57:54.969+0000] {taskinstance.py:2076} INFO - Dependencies all met for dep_context=non-requeueable deps ti=<TaskInstance: etl_dag.transform_data scheduled__2024-08-04T10:50:00+00:00 [queued]>
[2024-08-04T18:57:55.181+0000] {taskinstance.py:2076} INFO - Dependencies all met for dep_context=requeueable deps ti=<TaskInstance: etl_dag.transform_data scheduled__2024-08-04T10:50:00+00:00 [queued]>
[2024-08-04T18:57:55.198+0000] {taskinstance.py:2306} INFO - Starting attempt 1 of 6
[2024-08-04T18:57:55.847+0000] {taskinstance.py:2330} INFO - Executing <Task(PythonOperator): transform_data> on 2024-08-04 10:50:00+00:00
[2024-08-04T18:57:56.289+0000] {warnings.py:112} WARNING - /home/***/.local/lib/python3.12/site-packages/***/task/task_runner/standard_task_runner.py:62: DeprecationWarning: This process (pid=349) is multi-threaded, use of fork() may lead to deadlocks in the child.
  pid = os.fork()

[2024-08-04T18:57:56.387+0000] {standard_task_runner.py:64} INFO - Started process 410 to run task
[2024-08-04T18:57:56.380+0000] {standard_task_runner.py:90} INFO - Running: ['***', 'tasks', 'run', 'etl_dag', 'transform_data', 'scheduled__2024-08-04T10:50:00+00:00', '--job-id', '728', '--raw', '--subdir', 'DAGS_FOLDER/etl_dag.py', '--cfg-path', '/tmp/tmpjtrvnb6a']
[2024-08-04T18:57:56.444+0000] {standard_task_runner.py:91} INFO - Job 728: Subtask transform_data
[2024-08-04T18:58:01.383+0000] {task_command.py:426} INFO - Running <TaskInstance: etl_dag.transform_data scheduled__2024-08-04T10:50:00+00:00 [running]> on host 83ccd21ce624
[2024-08-04T18:58:06.140+0000] {taskinstance.py:2648} INFO - Exporting env vars: AIRFLOW_CTX_DAG_OWNER='Gabriel Almeida' AIRFLOW_CTX_DAG_ID='etl_dag' AIRFLOW_CTX_TASK_ID='transform_data' AIRFLOW_CTX_EXECUTION_DATE='2024-08-04T10:50:00+00:00' AIRFLOW_CTX_TRY_NUMBER='1' AIRFLOW_CTX_DAG_RUN_ID='scheduled__2024-08-04T10:50:00+00:00'
[2024-08-04T18:58:06.358+0000] {taskinstance.py:430} INFO - ::endgroup::
[2024-08-04T18:58:07.596+0000] {logging_mixin.py:188} INFO - DataFrame:
[2024-08-04T18:58:09.902+0000] {logging_mixin.py:188} INFO -         id  id_campaign  ...                      opened_at clicked_at
0  1811678         1140  ...  2024-07-08T04:07:17.000-03:00       None
1  1811679         1140  ...  2024-07-08T03:35:29.000-03:00       None
2  1811680         1140  ...  2024-07-08T03:35:35.000-03:00       None
3  1811681         1140  ...  2024-07-08T03:35:42.000-03:00       None
4  1811682         1140  ...  2024-07-08T03:35:44.000-03:00       None

[5 rows x 12 columns]
[2024-08-04T18:58:12.242+0000] {crypto.py:82} WARNING - empty cryptography key - values will not be stored encrypted.
[2024-08-04T18:58:12.917+0000] {python.py:237} INFO - Done. Returned value was:           id  id_campaign  ...                      opened_at clicked_at
0    1811678         1140  ...  2024-07-08T04:07:17.000-03:00       None
1    1811679         1140  ...  2024-07-08T03:35:29.000-03:00       None
2    1811680         1140  ...  2024-07-08T03:35:35.000-03:00       None
3    1811681         1140  ...  2024-07-08T03:35:42.000-03:00       None
4    1811682         1140  ...  2024-07-08T03:35:44.000-03:00       None
..       ...          ...  ...                            ...        ...
995  1812673         2352  ...                           None       None
996  1812674         2352  ...  2024-07-11T03:12:22.000-03:00       None
997  1812675         2352  ...  2024-07-11T02:19:46.000-03:00       None
998  1812676         2352  ...  2024-07-11T16:12:12.000-03:00       None
999  1812677         2352  ...  2024-07-11T02:19:50.000-03:00       None

[1000 rows x 12 columns]
[2024-08-04T18:58:13.131+0000] {taskinstance.py:441} INFO - ::group::Post task execution logs
[2024-08-04T18:58:15.897+0000] {taskinstance.py:1206} INFO - Marking task as SUCCESS. dag_id=etl_dag, task_id=transform_data, run_id=scheduled__2024-08-04T10:50:00+00:00, execution_date=20240804T105000, start_date=20240804T185755, end_date=20240804T185815
[2024-08-04T18:58:17.286+0000] {local_task_job_runner.py:243} INFO - Task exited with return code 0
[2024-08-04T18:58:17.970+0000] {warnings.py:112} WARNING - /home/***/.local/lib/python3.12/site-packages/***/models/baseoperator.py:1297: AirflowProviderDeprecationWarning: Call to deprecated class PostgresOperator. (Please use `***.providers.common.sql.operators.sql.SQLExecuteQueryOperator`.Also, you can provide `hook_params={'schema': <database>}`.)
  result = cls.__new__(cls)

[2024-08-04T18:58:19.239+0000] {taskinstance.py:3503} INFO - 1 downstream tasks scheduled from follow-on schedule check
[2024-08-04T18:58:19.526+0000] {local_task_job_runner.py:222} INFO - ::endgroup::
