[2024-08-04T22:57:04.974+0000] {local_task_job_runner.py:120} INFO - ::group::Pre task execution logs
[2024-08-04T22:57:04.985+0000] {taskinstance.py:2076} INFO - Dependencies all met for dep_context=non-requeueable deps ti=<TaskInstance: etl_dag.transform_data manual__2024-08-04T22:56:59.291692+00:00 [queued]>
[2024-08-04T22:57:04.990+0000] {taskinstance.py:2076} INFO - Dependencies all met for dep_context=requeueable deps ti=<TaskInstance: etl_dag.transform_data manual__2024-08-04T22:56:59.291692+00:00 [queued]>
[2024-08-04T22:57:04.991+0000] {taskinstance.py:2306} INFO - Starting attempt 1 of 6
[2024-08-04T22:57:04.998+0000] {taskinstance.py:2330} INFO - Executing <Task(PythonOperator): transform_data> on 2024-08-04 22:56:59.291692+00:00
[2024-08-04T22:57:05.006+0000] {warnings.py:112} WARNING - /home/***/.local/lib/python3.12/site-packages/***/task/task_runner/standard_task_runner.py:62: DeprecationWarning: This process (pid=1519) is multi-threaded, use of fork() may lead to deadlocks in the child.
  pid = os.fork()

[2024-08-04T22:57:05.007+0000] {standard_task_runner.py:64} INFO - Started process 1521 to run task
[2024-08-04T22:57:05.008+0000] {standard_task_runner.py:90} INFO - Running: ['***', 'tasks', 'run', 'etl_dag', 'transform_data', 'manual__2024-08-04T22:56:59.291692+00:00', '--job-id', '1255', '--raw', '--subdir', 'DAGS_FOLDER/etl_dag.py', '--cfg-path', '/tmp/tmpnuwqrd52']
[2024-08-04T22:57:05.009+0000] {standard_task_runner.py:91} INFO - Job 1255: Subtask transform_data
[2024-08-04T22:57:05.049+0000] {task_command.py:426} INFO - Running <TaskInstance: etl_dag.transform_data manual__2024-08-04T22:56:59.291692+00:00 [running]> on host 88edf8e2824b
[2024-08-04T22:57:05.116+0000] {taskinstance.py:2648} INFO - Exporting env vars: AIRFLOW_CTX_DAG_OWNER='Gabriel Almeida' AIRFLOW_CTX_DAG_ID='etl_dag' AIRFLOW_CTX_TASK_ID='transform_data' AIRFLOW_CTX_EXECUTION_DATE='2024-08-04T22:56:59.291692+00:00' AIRFLOW_CTX_TRY_NUMBER='1' AIRFLOW_CTX_DAG_RUN_ID='manual__2024-08-04T22:56:59.291692+00:00'
[2024-08-04T22:57:05.119+0000] {taskinstance.py:430} INFO - ::endgroup::
[2024-08-04T22:57:05.128+0000] {logging_mixin.py:188} INFO - DataFrame:
[2024-08-04T22:57:05.140+0000] {logging_mixin.py:188} INFO -         id  id_campaign  ...                      opened_at clicked_at
0  1811828         1140  ...  2024-07-08T03:43:16.000-03:00       None
1  1811829         1140  ...  2024-07-08T03:43:19.000-03:00       None
2  1811830         1140  ...                           None       None
3  1811831         1140  ...  2024-07-08T03:56:00.000-03:00       None
4  1811832         1140  ...                           None       None
5  1811833         1140  ...  2024-07-08T03:43:33.000-03:00       None
6  1811834         1140  ...  2024-07-08T03:43:35.000-03:00       None
7  1811835         1140  ...  2024-07-08T03:43:36.000-03:00       None
8  1811836         1140  ...  2024-07-08T03:43:51.000-03:00       None
9  1811837         1140  ...  2024-07-08T03:43:50.000-03:00       None

[10 rows x 12 columns]
[2024-08-04T22:57:05.141+0000] {logging_mixin.py:188} INFO - id             10
id_campaign    10
campaign       10
company        10
user_type      10
to             10
mailer         10
subject        10
sent_at        10
token          10
opened_at       8
clicked_at      0
dtype: int64
[2024-08-04T22:57:05.150+0000] {crypto.py:82} WARNING - empty cryptography key - values will not be stored encrypted.
[2024-08-04T22:57:05.152+0000] {python.py:237} INFO - Done. Returned value was:         id  id_campaign  ...                      opened_at clicked_at
0  1811828         1140  ...  2024-07-08T03:43:16.000-03:00       None
1  1811829         1140  ...  2024-07-08T03:43:19.000-03:00       None
2  1811830         1140  ...                           None       None
3  1811831         1140  ...  2024-07-08T03:56:00.000-03:00       None
4  1811832         1140  ...                           None       None
5  1811833         1140  ...  2024-07-08T03:43:33.000-03:00       None
6  1811834         1140  ...  2024-07-08T03:43:35.000-03:00       None
7  1811835         1140  ...  2024-07-08T03:43:36.000-03:00       None
8  1811836         1140  ...  2024-07-08T03:43:51.000-03:00       None
9  1811837         1140  ...  2024-07-08T03:43:50.000-03:00       None

[10 rows x 12 columns]
[2024-08-04T22:57:05.159+0000] {taskinstance.py:441} INFO - ::group::Post task execution logs
[2024-08-04T22:57:05.188+0000] {taskinstance.py:1206} INFO - Marking task as SUCCESS. dag_id=etl_dag, task_id=transform_data, run_id=manual__2024-08-04T22:56:59.291692+00:00, execution_date=20240804T225659, start_date=20240804T225704, end_date=20240804T225705
[2024-08-04T22:57:05.232+0000] {local_task_job_runner.py:243} INFO - Task exited with return code 0
[2024-08-04T22:57:05.242+0000] {warnings.py:112} WARNING - /home/***/.local/lib/python3.12/site-packages/***/models/baseoperator.py:1297: AirflowProviderDeprecationWarning: Call to deprecated class PostgresOperator. (Please use `***.providers.common.sql.operators.sql.SQLExecuteQueryOperator`.Also, you can provide `hook_params={'schema': <database>}`.)
  result = cls.__new__(cls)

[2024-08-04T22:57:05.251+0000] {taskinstance.py:3503} INFO - 1 downstream tasks scheduled from follow-on schedule check
[2024-08-04T22:57:05.252+0000] {local_task_job_runner.py:222} INFO - ::endgroup::
