[2024-08-04T19:27:07.591+0000] {local_task_job_runner.py:120} INFO - ::group::Pre task execution logs
[2024-08-04T19:27:07.739+0000] {taskinstance.py:2076} INFO - Dependencies all met for dep_context=non-requeueable deps ti=<TaskInstance: etl_dag.create_dim_campaign manual__2024-08-04T19:26:18.753537+00:00 [queued]>
[2024-08-04T19:27:07.762+0000] {taskinstance.py:2076} INFO - Dependencies all met for dep_context=requeueable deps ti=<TaskInstance: etl_dag.create_dim_campaign manual__2024-08-04T19:26:18.753537+00:00 [queued]>
[2024-08-04T19:27:07.767+0000] {taskinstance.py:2306} INFO - Starting attempt 1 of 6
[2024-08-04T19:27:07.888+0000] {taskinstance.py:2330} INFO - Executing <Task(PostgresOperator): create_dim_campaign> on 2024-08-04 19:26:18.753537+00:00
[2024-08-04T19:27:08.004+0000] {warnings.py:112} WARNING - /home/***/.local/lib/python3.12/site-packages/***/task/task_runner/standard_task_runner.py:62: DeprecationWarning: This process (pid=1065) is multi-threaded, use of fork() may lead to deadlocks in the child.
  pid = os.fork()

[2024-08-04T19:27:08.043+0000] {standard_task_runner.py:64} INFO - Started process 1078 to run task
[2024-08-04T19:27:08.058+0000] {standard_task_runner.py:90} INFO - Running: ['***', 'tasks', 'run', 'etl_dag', 'create_dim_campaign', 'manual__2024-08-04T19:26:18.753537+00:00', '--job-id', '791', '--raw', '--subdir', 'DAGS_FOLDER/etl_dag.py', '--cfg-path', '/tmp/tmpi_z78mt5']
[2024-08-04T19:27:08.069+0000] {standard_task_runner.py:91} INFO - Job 791: Subtask create_dim_campaign
[2024-08-04T19:27:08.827+0000] {task_command.py:426} INFO - Running <TaskInstance: etl_dag.create_dim_campaign manual__2024-08-04T19:26:18.753537+00:00 [running]> on host 83ccd21ce624
[2024-08-04T19:27:09.733+0000] {taskinstance.py:2648} INFO - Exporting env vars: AIRFLOW_CTX_DAG_OWNER='Gabriel Almeida' AIRFLOW_CTX_DAG_ID='etl_dag' AIRFLOW_CTX_TASK_ID='create_dim_campaign' AIRFLOW_CTX_EXECUTION_DATE='2024-08-04T19:26:18.753537+00:00' AIRFLOW_CTX_TRY_NUMBER='1' AIRFLOW_CTX_DAG_RUN_ID='manual__2024-08-04T19:26:18.753537+00:00'
[2024-08-04T19:27:09.753+0000] {taskinstance.py:430} INFO - ::endgroup::
[2024-08-04T19:27:09.755+0000] {sql.py:282} INFO - Executing: 
            CREATE TABLE IF NOT EXISTS DimCampaign (
                id_campaign SERIAL PRIMARY KEY,
                campaign VARCHAR(255)
            );
        
[2024-08-04T19:27:09.780+0000] {base.py:84} INFO - Using connection ID 'postgres_conn' for task execution.
[2024-08-04T19:27:09.827+0000] {base.py:84} INFO - Using connection ID 'postgres_conn' for task execution.
[2024-08-04T19:27:09.881+0000] {sql.py:495} INFO - Running statement: 
            CREATE TABLE IF NOT EXISTS DimCampaign (
                id_campaign SERIAL PRIMARY KEY,
                campaign VARCHAR(255)
            );
        , parameters: None
[2024-08-04T19:27:09.916+0000] {taskinstance.py:441} INFO - ::group::Post task execution logs
[2024-08-04T19:27:09.964+0000] {taskinstance.py:1206} INFO - Marking task as SUCCESS. dag_id=etl_dag, task_id=create_dim_campaign, run_id=manual__2024-08-04T19:26:18.753537+00:00, execution_date=20240804T192618, start_date=20240804T192707, end_date=20240804T192709
[2024-08-04T19:27:10.073+0000] {local_task_job_runner.py:243} INFO - Task exited with return code 0
[2024-08-04T19:27:10.142+0000] {warnings.py:112} WARNING - /home/***/.local/lib/python3.12/site-packages/***/models/baseoperator.py:1297: AirflowProviderDeprecationWarning: Call to deprecated class PostgresOperator. (Please use `***.providers.common.sql.operators.sql.SQLExecuteQueryOperator`.Also, you can provide `hook_params={'schema': <database>}`.)
  result = cls.__new__(cls)

[2024-08-04T19:27:10.248+0000] {taskinstance.py:3503} INFO - 1 downstream tasks scheduled from follow-on schedule check
[2024-08-04T19:27:10.266+0000] {local_task_job_runner.py:222} INFO - ::endgroup::
