[2024-08-02T17:08:25.892+0000] {local_task_job_runner.py:120} INFO - ::group::Pre task execution logs
[2024-08-02T17:08:26.134+0000] {taskinstance.py:2076} INFO - Dependencies all met for dep_context=non-requeueable deps ti=<TaskInstance: etl_dag.Carga_Dimensao_user_type scheduled__2024-08-02T12:20:00+00:00 [queued]>
[2024-08-02T17:08:26.515+0000] {taskinstance.py:2076} INFO - Dependencies all met for dep_context=requeueable deps ti=<TaskInstance: etl_dag.Carga_Dimensao_user_type scheduled__2024-08-02T12:20:00+00:00 [queued]>
[2024-08-02T17:08:26.542+0000] {taskinstance.py:2306} INFO - Starting attempt 4 of 6
[2024-08-02T17:08:26.942+0000] {taskinstance.py:2330} INFO - Executing <Task(PythonOperator): Carga_Dimensao_user_type> on 2024-08-02 12:20:00+00:00
[2024-08-02T17:08:27.080+0000] {warnings.py:112} WARNING - /home/***/.local/lib/python3.12/site-packages/***/task/task_runner/standard_task_runner.py:62: DeprecationWarning: This process (pid=2343) is multi-threaded, use of fork() may lead to deadlocks in the child.
  pid = os.fork()

[2024-08-02T17:08:27.113+0000] {standard_task_runner.py:90} INFO - Running: ['***', 'tasks', 'run', 'etl_dag', 'Carga_Dimensao_user_type', 'scheduled__2024-08-02T12:20:00+00:00', '--job-id', '430', '--raw', '--subdir', 'DAGS_FOLDER/etl_dag.py', '--cfg-path', '/tmp/tmp1umyuiex']
[2024-08-02T17:08:27.127+0000] {standard_task_runner.py:91} INFO - Job 430: Subtask Carga_Dimensao_user_type
[2024-08-02T17:08:27.117+0000] {standard_task_runner.py:64} INFO - Started process 2364 to run task
[2024-08-02T17:08:28.272+0000] {task_command.py:426} INFO - Running <TaskInstance: etl_dag.Carga_Dimensao_user_type scheduled__2024-08-02T12:20:00+00:00 [running]> on host 69633e19c226
[2024-08-02T17:08:30.454+0000] {taskinstance.py:2648} INFO - Exporting env vars: AIRFLOW_CTX_DAG_OWNER='Gabriel Almeida' AIRFLOW_CTX_DAG_ID='etl_dag' AIRFLOW_CTX_TASK_ID='Carga_Dimensao_user_type' AIRFLOW_CTX_EXECUTION_DATE='2024-08-02T12:20:00+00:00' AIRFLOW_CTX_TRY_NUMBER='4' AIRFLOW_CTX_DAG_RUN_ID='scheduled__2024-08-02T12:20:00+00:00'
[2024-08-02T17:08:30.500+0000] {taskinstance.py:430} INFO - ::endgroup::
[2024-08-02T17:08:31.675+0000] {base.py:84} INFO - Using connection ID 'postgres_conn' for task execution.
[2024-08-02T17:08:31.877+0000] {logging_mixin.py:188} INFO -   user_type
0      Lead
[2024-08-02T17:08:31.915+0000] {taskinstance.py:441} INFO - ::group::Post task execution logs
[2024-08-02T17:08:31.945+0000] {taskinstance.py:2905} ERROR - Task failed with exception
Traceback (most recent call last):
  File "/home/airflow/.local/lib/python3.12/site-packages/airflow/models/taskinstance.py", line 465, in _execute_task
    result = _execute_callable(context=context, **execute_callable_kwargs)
             ^^^^^^^^^^^^^^^^^^^^^^^^^^^^^^^^^^^^^^^^^^^^^^^^^^^^^^^^^^^^^
  File "/home/airflow/.local/lib/python3.12/site-packages/airflow/models/taskinstance.py", line 432, in _execute_callable
    return execute_callable(context=context, **execute_callable_kwargs)
           ^^^^^^^^^^^^^^^^^^^^^^^^^^^^^^^^^^^^^^^^^^^^^^^^^^^^^^^^^^^^
  File "/home/airflow/.local/lib/python3.12/site-packages/airflow/models/baseoperator.py", line 401, in wrapper
    return func(self, *args, **kwargs)
           ^^^^^^^^^^^^^^^^^^^^^^^^^^^
  File "/home/airflow/.local/lib/python3.12/site-packages/airflow/operators/python.py", line 235, in execute
    return_value = self.execute_callable()
                   ^^^^^^^^^^^^^^^^^^^^^^^
  File "/home/airflow/.local/lib/python3.12/site-packages/airflow/operators/python.py", line 252, in execute_callable
    return self.python_callable(*self.op_args, **self.op_kwargs)
           ^^^^^^^^^^^^^^^^^^^^^^^^^^^^^^^^^^^^^^^^^^^^^^^^^^^^^
  File "/opt/airflow/dags/etl/dim_load.py", line 19, in load_dim_user_type
    cursor.execute(f"""
psycopg2.errors.UndefinedColumn: column "lead" does not exist
LINE 3:             VALUES (Lead)
                            ^

[2024-08-02T17:08:32.877+0000] {taskinstance.py:1206} INFO - Marking task as UP_FOR_RETRY. dag_id=etl_dag, task_id=Carga_Dimensao_user_type, run_id=scheduled__2024-08-02T12:20:00+00:00, execution_date=20240802T122000, start_date=20240802T170826, end_date=20240802T170832
[2024-08-02T17:08:33.088+0000] {standard_task_runner.py:110} ERROR - Failed to execute job 430 for task Carga_Dimensao_user_type (column "lead" does not exist
LINE 3:             VALUES (Lead)
                            ^
; 2364)
[2024-08-02T17:08:33.351+0000] {local_task_job_runner.py:243} INFO - Task exited with return code 1
[2024-08-02T17:08:33.691+0000] {taskinstance.py:3503} INFO - 0 downstream tasks scheduled from follow-on schedule check
[2024-08-02T17:08:33.797+0000] {local_task_job_runner.py:222} INFO - ::endgroup::
