[2024-08-02T09:59:45.072+0000] {local_task_job_runner.py:120} INFO - ::group::Pre task execution logs
[2024-08-02T09:59:45.091+0000] {taskinstance.py:2076} INFO - Dependencies all met for dep_context=non-requeueable deps ti=<TaskInstance: etl_dag.create_dim_user_type manual__2024-08-02T09:59:37.062279+00:00 [queued]>
[2024-08-02T09:59:45.097+0000] {taskinstance.py:2076} INFO - Dependencies all met for dep_context=requeueable deps ti=<TaskInstance: etl_dag.create_dim_user_type manual__2024-08-02T09:59:37.062279+00:00 [queued]>
[2024-08-02T09:59:45.098+0000] {taskinstance.py:2306} INFO - Starting attempt 1 of 6
[2024-08-02T09:59:45.106+0000] {taskinstance.py:2330} INFO - Executing <Task(PostgresOperator): create_dim_user_type> on 2024-08-02 09:59:37.062279+00:00
[2024-08-02T09:59:45.129+0000] {standard_task_runner.py:90} INFO - Running: ['***', 'tasks', 'run', 'etl_dag', 'create_dim_user_type', 'manual__2024-08-02T09:59:37.062279+00:00', '--job-id', '242', '--raw', '--subdir', 'DAGS_FOLDER/etl_dag.py', '--cfg-path', '/tmp/tmp_yr3m4zm']
[2024-08-02T09:59:45.126+0000] {warnings.py:112} WARNING - /home/***/.local/lib/python3.12/site-packages/***/task/task_runner/standard_task_runner.py:62: DeprecationWarning: This process (pid=847) is multi-threaded, use of fork() may lead to deadlocks in the child.
  pid = os.fork()

[2024-08-02T09:59:45.131+0000] {standard_task_runner.py:64} INFO - Started process 854 to run task
[2024-08-02T09:59:45.131+0000] {standard_task_runner.py:91} INFO - Job 242: Subtask create_dim_user_type
[2024-08-02T09:59:45.195+0000] {task_command.py:426} INFO - Running <TaskInstance: etl_dag.create_dim_user_type manual__2024-08-02T09:59:37.062279+00:00 [running]> on host 69633e19c226
[2024-08-02T09:59:45.357+0000] {taskinstance.py:2648} INFO - Exporting env vars: AIRFLOW_CTX_DAG_OWNER='Gabriel Almeida' AIRFLOW_CTX_DAG_ID='etl_dag' AIRFLOW_CTX_TASK_ID='create_dim_user_type' AIRFLOW_CTX_EXECUTION_DATE='2024-08-02T09:59:37.062279+00:00' AIRFLOW_CTX_TRY_NUMBER='1' AIRFLOW_CTX_DAG_RUN_ID='manual__2024-08-02T09:59:37.062279+00:00'
[2024-08-02T09:59:45.361+0000] {taskinstance.py:430} INFO - ::endgroup::
[2024-08-02T09:59:45.363+0000] {sql.py:282} INFO - Executing: 
            CREATE TABLE IF NOT EXISTS DimUserType (
                id_user_type INT PRIMARY KEY,
                user_type VARCHAR(255)
            );
        
[2024-08-02T09:59:45.377+0000] {base.py:84} INFO - Using connection ID 'postgres_conn' for task execution.
[2024-08-02T09:59:45.398+0000] {base.py:84} INFO - Using connection ID 'postgres_conn' for task execution.
[2024-08-02T09:59:45.417+0000] {sql.py:495} INFO - Running statement: 
            CREATE TABLE IF NOT EXISTS DimUserType (
                id_user_type INT PRIMARY KEY,
                user_type VARCHAR(255)
            );
        , parameters: None
[2024-08-02T09:59:45.421+0000] {taskinstance.py:441} INFO - ::group::Post task execution logs
[2024-08-02T09:59:45.458+0000] {taskinstance.py:1206} INFO - Marking task as SUCCESS. dag_id=etl_dag, task_id=create_dim_user_type, run_id=manual__2024-08-02T09:59:37.062279+00:00, execution_date=20240802T095937, start_date=20240802T095945, end_date=20240802T095945
[2024-08-02T09:59:45.518+0000] {local_task_job_runner.py:243} INFO - Task exited with return code 0
[2024-08-02T09:59:45.551+0000] {local_task_job_runner.py:222} INFO - ::endgroup::
