[2024-08-04T19:47:19.091+0000] {local_task_job_runner.py:120} INFO - ::group::Pre task execution logs
[2024-08-04T19:47:19.101+0000] {taskinstance.py:2076} INFO - Dependencies all met for dep_context=non-requeueable deps ti=<TaskInstance: etl_dag.Carga_Dimensao_user_type manual__2024-08-04T19:45:55.567040+00:00 [queued]>
[2024-08-04T19:47:19.104+0000] {taskinstance.py:2076} INFO - Dependencies all met for dep_context=requeueable deps ti=<TaskInstance: etl_dag.Carga_Dimensao_user_type manual__2024-08-04T19:45:55.567040+00:00 [queued]>
[2024-08-04T19:47:19.105+0000] {taskinstance.py:2306} INFO - Starting attempt 2 of 6
[2024-08-04T19:47:19.110+0000] {taskinstance.py:2330} INFO - Executing <Task(PythonOperator): Carga_Dimensao_user_type> on 2024-08-04 19:45:55.567040+00:00
[2024-08-04T19:47:19.116+0000] {warnings.py:112} WARNING - /home/***/.local/lib/python3.12/site-packages/***/task/task_runner/standard_task_runner.py:62: DeprecationWarning: This process (pid=1632) is multi-threaded, use of fork() may lead to deadlocks in the child.
  pid = os.fork()

[2024-08-04T19:47:19.117+0000] {standard_task_runner.py:64} INFO - Started process 1634 to run task
[2024-08-04T19:47:19.117+0000] {standard_task_runner.py:90} INFO - Running: ['***', 'tasks', 'run', 'etl_dag', 'Carga_Dimensao_user_type', 'manual__2024-08-04T19:45:55.567040+00:00', '--job-id', '860', '--raw', '--subdir', 'DAGS_FOLDER/etl_dag.py', '--cfg-path', '/tmp/tmplldy2905']
[2024-08-04T19:47:19.118+0000] {standard_task_runner.py:91} INFO - Job 860: Subtask Carga_Dimensao_user_type
[2024-08-04T19:47:19.149+0000] {task_command.py:426} INFO - Running <TaskInstance: etl_dag.Carga_Dimensao_user_type manual__2024-08-04T19:45:55.567040+00:00 [running]> on host 83ccd21ce624
[2024-08-04T19:47:19.210+0000] {taskinstance.py:2648} INFO - Exporting env vars: AIRFLOW_CTX_DAG_OWNER='Gabriel Almeida' AIRFLOW_CTX_DAG_ID='etl_dag' AIRFLOW_CTX_TASK_ID='Carga_Dimensao_user_type' AIRFLOW_CTX_EXECUTION_DATE='2024-08-04T19:45:55.567040+00:00' AIRFLOW_CTX_TRY_NUMBER='2' AIRFLOW_CTX_DAG_RUN_ID='manual__2024-08-04T19:45:55.567040+00:00'
[2024-08-04T19:47:19.212+0000] {taskinstance.py:430} INFO - ::endgroup::
[2024-08-04T19:47:19.262+0000] {base.py:84} INFO - Using connection ID 'postgres_conn' for task execution.
[2024-08-04T19:47:19.286+0000] {taskinstance.py:441} INFO - ::group::Post task execution logs
[2024-08-04T19:47:19.286+0000] {taskinstance.py:2905} ERROR - Task failed with exception
Traceback (most recent call last):
  File "/home/airflow/.local/lib/python3.12/site-packages/sqlalchemy/engine/base.py", line 1910, in _execute_context
    self.dialect.do_execute(
  File "/home/airflow/.local/lib/python3.12/site-packages/sqlalchemy/engine/default.py", line 736, in do_execute
    cursor.execute(statement, parameters)
psycopg2.errors.InvalidColumnReference: there is no unique or exclusion constraint matching the ON CONFLICT specification


The above exception was the direct cause of the following exception:

Traceback (most recent call last):
  File "/home/airflow/.local/lib/python3.12/site-packages/airflow/models/taskinstance.py", line 465, in _execute_task
    result = _execute_callable(context=context, **execute_callable_kwargs)
             ^^^^^^^^^^^^^^^^^^^^^^^^^^^^^^^^^^^^^^^^^^^^^^^^^^^^^^^^^^^^^
  File "/home/airflow/.local/lib/python3.12/site-packages/airflow/models/taskinstance.py", line 432, in _execute_callable
    return execute_callable(context=context, **execute_callable_kwargs)
           ^^^^^^^^^^^^^^^^^^^^^^^^^^^^^^^^^^^^^^^^^^^^^^^^^^^^^^^^^^^^
  File "/home/airflow/.local/lib/python3.12/site-packages/airflow/models/baseoperator.py", line 401, in wrapper
    return func(self, *args, **kwargs)
           ^^^^^^^^^^^^^^^^^^^^^^^^^^^
  File "/home/airflow/.local/lib/python3.12/site-packages/airflow/operators/python.py", line 235, in execute
    return_value = self.execute_callable()
                   ^^^^^^^^^^^^^^^^^^^^^^^
  File "/home/airflow/.local/lib/python3.12/site-packages/airflow/operators/python.py", line 252, in execute_callable
    return self.python_callable(*self.op_args, **self.op_kwargs)
           ^^^^^^^^^^^^^^^^^^^^^^^^^^^^^^^^^^^^^^^^^^^^^^^^^^^^^
  File "/opt/airflow/dags/etl/dim_load.py", line 15, in load_dim_user_type
    conn.execute(f"""
  File "<string>", line 2, in execute
  File "/home/airflow/.local/lib/python3.12/site-packages/sqlalchemy/util/deprecations.py", line 468, in warned
    return fn(*args, **kwargs)
           ^^^^^^^^^^^^^^^^^^^
  File "/home/airflow/.local/lib/python3.12/site-packages/sqlalchemy/engine/base.py", line 3267, in execute
    return connection.execute(statement, *multiparams, **params)
           ^^^^^^^^^^^^^^^^^^^^^^^^^^^^^^^^^^^^^^^^^^^^^^^^^^^^^
  File "/home/airflow/.local/lib/python3.12/site-packages/sqlalchemy/engine/base.py", line 1370, in execute
    return self._exec_driver_sql(
           ^^^^^^^^^^^^^^^^^^^^^^
  File "/home/airflow/.local/lib/python3.12/site-packages/sqlalchemy/engine/base.py", line 1674, in _exec_driver_sql
    ret = self._execute_context(
          ^^^^^^^^^^^^^^^^^^^^^^
  File "/home/airflow/.local/lib/python3.12/site-packages/sqlalchemy/engine/base.py", line 1953, in _execute_context
    self._handle_dbapi_exception(
  File "/home/airflow/.local/lib/python3.12/site-packages/sqlalchemy/engine/base.py", line 2134, in _handle_dbapi_exception
    util.raise_(
  File "/home/airflow/.local/lib/python3.12/site-packages/sqlalchemy/util/compat.py", line 211, in raise_
    raise exception
  File "/home/airflow/.local/lib/python3.12/site-packages/sqlalchemy/engine/base.py", line 1910, in _execute_context
    self.dialect.do_execute(
  File "/home/airflow/.local/lib/python3.12/site-packages/sqlalchemy/engine/default.py", line 736, in do_execute
    cursor.execute(statement, parameters)
sqlalchemy.exc.ProgrammingError: (psycopg2.errors.InvalidColumnReference) there is no unique or exclusion constraint matching the ON CONFLICT specification

[SQL: 
            INSERT INTO public.dimusertype (user_type)
            VALUES ('Lead')
            ON CONFLICT (user_type) DO NOTHING;
        ]
(Background on this error at: https://sqlalche.me/e/14/f405)
[2024-08-04T19:47:19.298+0000] {taskinstance.py:1206} INFO - Marking task as UP_FOR_RETRY. dag_id=etl_dag, task_id=Carga_Dimensao_user_type, run_id=manual__2024-08-04T19:45:55.567040+00:00, execution_date=20240804T194555, start_date=20240804T194719, end_date=20240804T194719
[2024-08-04T19:47:19.308+0000] {standard_task_runner.py:110} ERROR - Failed to execute job 860 for task Carga_Dimensao_user_type ((psycopg2.errors.InvalidColumnReference) there is no unique or exclusion constraint matching the ON CONFLICT specification

[SQL: 
            INSERT INTO public.dimusertype (user_type)
            VALUES ('Lead')
            ON CONFLICT (user_type) DO NOTHING;
        ]
(Background on this error at: https://sqlalche.me/e/14/f405); 1634)
[2024-08-04T19:47:19.337+0000] {local_task_job_runner.py:243} INFO - Task exited with return code 1
[2024-08-04T19:47:19.353+0000] {taskinstance.py:3503} INFO - 0 downstream tasks scheduled from follow-on schedule check
[2024-08-04T19:47:19.354+0000] {local_task_job_runner.py:222} INFO - ::endgroup::
