[2024-08-05T11:51:11.295+0000] {processor.py:161} INFO - Started process (PID=42) to work on /opt/airflow/dags/email.py
[2024-08-05T11:51:11.299+0000] {processor.py:830} INFO - Processing file /opt/airflow/dags/email.py for tasks to queue
[2024-08-05T11:51:11.305+0000] {logging_mixin.py:188} INFO - [2024-08-05T11:51:11.304+0000] {dagbag.py:545} INFO - Filling up the DagBag from /opt/airflow/dags/email.py
[2024-08-05T11:51:11.346+0000] {processor.py:840} INFO - DAG(s) 'dag_email_on_failure' retrieved from /opt/airflow/dags/email.py
[2024-08-05T11:51:11.762+0000] {logging_mixin.py:188} INFO - [2024-08-05T11:51:11.760+0000] {override.py:1858} INFO - Created Permission View: can edit on DAG:dag_email_on_failure
[2024-08-05T11:51:11.785+0000] {logging_mixin.py:188} INFO - [2024-08-05T11:51:11.785+0000] {override.py:1858} INFO - Created Permission View: can delete on DAG:dag_email_on_failure
[2024-08-05T11:51:11.797+0000] {logging_mixin.py:188} INFO - [2024-08-05T11:51:11.796+0000] {override.py:1858} INFO - Created Permission View: can read on DAG:dag_email_on_failure
[2024-08-05T11:51:11.798+0000] {logging_mixin.py:188} INFO - [2024-08-05T11:51:11.798+0000] {dag.py:3089} INFO - Sync 1 DAGs
[2024-08-05T11:51:11.839+0000] {logging_mixin.py:188} INFO - [2024-08-05T11:51:11.838+0000] {dag.py:3111} INFO - Creating ORM DAG for dag_email_on_failure
[2024-08-05T11:51:11.866+0000] {logging_mixin.py:188} INFO - [2024-08-05T11:51:11.866+0000] {dag.py:3947} INFO - Setting next_dagrun for dag_email_on_failure to 2024-08-04 00:00:00+00:00, run_after=2024-08-05 00:00:00+00:00
[2024-08-05T11:51:11.892+0000] {processor.py:183} INFO - Processing /opt/airflow/dags/email.py took 0.602 seconds
[2024-08-05T11:51:42.193+0000] {processor.py:161} INFO - Started process (PID=51) to work on /opt/airflow/dags/email.py
[2024-08-05T11:51:42.194+0000] {processor.py:830} INFO - Processing file /opt/airflow/dags/email.py for tasks to queue
[2024-08-05T11:51:42.197+0000] {logging_mixin.py:188} INFO - [2024-08-05T11:51:42.196+0000] {dagbag.py:545} INFO - Filling up the DagBag from /opt/airflow/dags/email.py
[2024-08-05T11:51:42.211+0000] {processor.py:840} INFO - DAG(s) 'dag_email_on_failure' retrieved from /opt/airflow/dags/email.py
[2024-08-05T11:51:42.236+0000] {logging_mixin.py:188} INFO - [2024-08-05T11:51:42.236+0000] {dag.py:3089} INFO - Sync 1 DAGs
[2024-08-05T11:51:42.250+0000] {logging_mixin.py:188} INFO - [2024-08-05T11:51:42.250+0000] {dag.py:3947} INFO - Setting next_dagrun for dag_email_on_failure to 2024-08-04 00:00:00+00:00, run_after=2024-08-05 00:00:00+00:00
[2024-08-05T11:51:42.262+0000] {processor.py:183} INFO - Processing /opt/airflow/dags/email.py took 0.076 seconds
[2024-08-05T11:52:12.531+0000] {processor.py:161} INFO - Started process (PID=64) to work on /opt/airflow/dags/email.py
[2024-08-05T11:52:12.533+0000] {processor.py:830} INFO - Processing file /opt/airflow/dags/email.py for tasks to queue
[2024-08-05T11:52:12.536+0000] {logging_mixin.py:188} INFO - [2024-08-05T11:52:12.536+0000] {dagbag.py:545} INFO - Filling up the DagBag from /opt/airflow/dags/email.py
[2024-08-05T11:52:12.552+0000] {processor.py:840} INFO - DAG(s) 'dag_email_on_failure' retrieved from /opt/airflow/dags/email.py
[2024-08-05T11:52:12.595+0000] {logging_mixin.py:188} INFO - [2024-08-05T11:52:12.595+0000] {dag.py:3089} INFO - Sync 1 DAGs
[2024-08-05T11:52:12.613+0000] {logging_mixin.py:188} INFO - [2024-08-05T11:52:12.613+0000] {dag.py:3947} INFO - Setting next_dagrun for dag_email_on_failure to 2024-08-05 00:00:00+00:00, run_after=2024-08-06 00:00:00+00:00
[2024-08-05T11:52:12.622+0000] {processor.py:183} INFO - Processing /opt/airflow/dags/email.py took 0.102 seconds
[2024-08-05T11:52:42.908+0000] {processor.py:161} INFO - Started process (PID=79) to work on /opt/airflow/dags/email.py
[2024-08-05T11:52:42.909+0000] {processor.py:830} INFO - Processing file /opt/airflow/dags/email.py for tasks to queue
[2024-08-05T11:52:42.912+0000] {logging_mixin.py:188} INFO - [2024-08-05T11:52:42.911+0000] {dagbag.py:545} INFO - Filling up the DagBag from /opt/airflow/dags/email.py
[2024-08-05T11:52:42.936+0000] {processor.py:840} INFO - DAG(s) 'dag_email_on_failure' retrieved from /opt/airflow/dags/email.py
[2024-08-05T11:52:42.960+0000] {logging_mixin.py:188} INFO - [2024-08-05T11:52:42.960+0000] {dag.py:3089} INFO - Sync 1 DAGs
[2024-08-05T11:52:42.974+0000] {logging_mixin.py:188} INFO - [2024-08-05T11:52:42.974+0000] {dag.py:3947} INFO - Setting next_dagrun for dag_email_on_failure to 2024-08-05 00:00:00+00:00, run_after=2024-08-06 00:00:00+00:00
[2024-08-05T11:52:42.982+0000] {processor.py:183} INFO - Processing /opt/airflow/dags/email.py took 0.083 seconds
[2024-08-05T11:53:13.262+0000] {processor.py:161} INFO - Started process (PID=88) to work on /opt/airflow/dags/email.py
[2024-08-05T11:53:13.263+0000] {processor.py:830} INFO - Processing file /opt/airflow/dags/email.py for tasks to queue
[2024-08-05T11:53:13.266+0000] {logging_mixin.py:188} INFO - [2024-08-05T11:53:13.266+0000] {dagbag.py:545} INFO - Filling up the DagBag from /opt/airflow/dags/email.py
[2024-08-05T11:53:13.278+0000] {processor.py:840} INFO - DAG(s) 'dag_email_on_failure' retrieved from /opt/airflow/dags/email.py
[2024-08-05T11:53:13.299+0000] {logging_mixin.py:188} INFO - [2024-08-05T11:53:13.299+0000] {dag.py:3089} INFO - Sync 1 DAGs
[2024-08-05T11:53:13.311+0000] {logging_mixin.py:188} INFO - [2024-08-05T11:53:13.311+0000] {dag.py:3947} INFO - Setting next_dagrun for dag_email_on_failure to 2024-08-05 00:00:00+00:00, run_after=2024-08-06 00:00:00+00:00
[2024-08-05T11:53:13.329+0000] {processor.py:183} INFO - Processing /opt/airflow/dags/email.py took 0.079 seconds
