[2024-08-04T18:59:45.376+0000] {local_task_job_runner.py:120} INFO - ::group::Pre task execution logs
[2024-08-04T18:59:45.950+0000] {taskinstance.py:2076} INFO - Dependencies all met for dep_context=non-requeueable deps ti=<TaskInstance: etl_dag.create_dim_company scheduled__2024-08-04T14:50:00+00:00 [queued]>
[2024-08-04T18:59:46.061+0000] {taskinstance.py:2076} INFO - Dependencies all met for dep_context=requeueable deps ti=<TaskInstance: etl_dag.create_dim_company scheduled__2024-08-04T14:50:00+00:00 [queued]>
[2024-08-04T18:59:46.063+0000] {taskinstance.py:2306} INFO - Starting attempt 2 of 6
[2024-08-04T18:59:46.155+0000] {taskinstance.py:2330} INFO - Executing <Task(PostgresOperator): create_dim_company> on 2024-08-04 14:50:00+00:00
[2024-08-04T18:59:46.242+0000] {warnings.py:112} WARNING - /home/***/.local/lib/python3.12/site-packages/***/task/task_runner/standard_task_runner.py:62: DeprecationWarning: This process (pid=498) is multi-threaded, use of fork() may lead to deadlocks in the child.
  pid = os.fork()

[2024-08-04T18:59:46.254+0000] {standard_task_runner.py:64} INFO - Started process 511 to run task
[2024-08-04T18:59:46.323+0000] {standard_task_runner.py:90} INFO - Running: ['***', 'tasks', 'run', 'etl_dag', 'create_dim_company', 'scheduled__2024-08-04T14:50:00+00:00', '--job-id', '752', '--raw', '--subdir', 'DAGS_FOLDER/etl_dag.py', '--cfg-path', '/tmp/tmpzathkzn7']
[2024-08-04T18:59:46.330+0000] {standard_task_runner.py:91} INFO - Job 752: Subtask create_dim_company
[2024-08-04T18:59:47.700+0000] {task_command.py:426} INFO - Running <TaskInstance: etl_dag.create_dim_company scheduled__2024-08-04T14:50:00+00:00 [running]> on host 83ccd21ce624
[2024-08-04T18:59:49.854+0000] {taskinstance.py:2648} INFO - Exporting env vars: AIRFLOW_CTX_DAG_OWNER='Gabriel Almeida' AIRFLOW_CTX_DAG_ID='etl_dag' AIRFLOW_CTX_TASK_ID='create_dim_company' AIRFLOW_CTX_EXECUTION_DATE='2024-08-04T14:50:00+00:00' AIRFLOW_CTX_TRY_NUMBER='2' AIRFLOW_CTX_DAG_RUN_ID='scheduled__2024-08-04T14:50:00+00:00'
[2024-08-04T18:59:50.050+0000] {taskinstance.py:430} INFO - ::endgroup::
[2024-08-04T18:59:50.066+0000] {sql.py:282} INFO - Executing: 
            CREATE TABLE IF NOT EXISTS DimCompany (
                id_company INT PRIMARY KEY,
                company VARCHAR(255)
            );
        
[2024-08-04T18:59:50.518+0000] {base.py:84} INFO - Using connection ID 'postgres_conn' for task execution.
[2024-08-04T18:59:50.635+0000] {base.py:84} INFO - Using connection ID 'postgres_conn' for task execution.
[2024-08-04T18:59:50.755+0000] {sql.py:495} INFO - Running statement: 
            CREATE TABLE IF NOT EXISTS DimCompany (
                id_company INT PRIMARY KEY,
                company VARCHAR(255)
            );
        , parameters: None
[2024-08-04T18:59:50.851+0000] {taskinstance.py:441} INFO - ::group::Post task execution logs
[2024-08-04T18:59:51.175+0000] {taskinstance.py:1206} INFO - Marking task as SUCCESS. dag_id=etl_dag, task_id=create_dim_company, run_id=scheduled__2024-08-04T14:50:00+00:00, execution_date=20240804T145000, start_date=20240804T185945, end_date=20240804T185951
[2024-08-04T18:59:51.918+0000] {local_task_job_runner.py:243} INFO - Task exited with return code 0
[2024-08-04T18:59:52.187+0000] {warnings.py:112} WARNING - /home/***/.local/lib/python3.12/site-packages/***/models/baseoperator.py:1297: AirflowProviderDeprecationWarning: Call to deprecated class PostgresOperator. (Please use `***.providers.common.sql.operators.sql.SQLExecuteQueryOperator`.Also, you can provide `hook_params={'schema': <database>}`.)
  result = cls.__new__(cls)

[2024-08-04T18:59:52.680+0000] {taskinstance.py:3503} INFO - 1 downstream tasks scheduled from follow-on schedule check
[2024-08-04T18:59:52.696+0000] {local_task_job_runner.py:222} INFO - ::endgroup::
