[2024-08-05T01:08:59.330+0000] {local_task_job_runner.py:120} INFO - ::group::Pre task execution logs
[2024-08-05T01:08:59.382+0000] {taskinstance.py:2076} INFO - Dependencies all met for dep_context=non-requeueable deps ti=<TaskInstance: etl_dag.create_dim_user_type manual__2024-08-05T01:08:50.566450+00:00 [queued]>
[2024-08-05T01:08:59.394+0000] {taskinstance.py:2076} INFO - Dependencies all met for dep_context=requeueable deps ti=<TaskInstance: etl_dag.create_dim_user_type manual__2024-08-05T01:08:50.566450+00:00 [queued]>
[2024-08-05T01:08:59.394+0000] {taskinstance.py:2306} INFO - Starting attempt 1 of 6
[2024-08-05T01:08:59.405+0000] {taskinstance.py:2330} INFO - Executing <Task(PostgresOperator): create_dim_user_type> on 2024-08-05 01:08:50.566450+00:00
[2024-08-05T01:08:59.419+0000] {warnings.py:112} WARNING - /home/***/.local/lib/python3.12/site-packages/***/task/task_runner/standard_task_runner.py:62: DeprecationWarning: This process (pid=662) is multi-threaded, use of fork() may lead to deadlocks in the child.
  pid = os.fork()

[2024-08-05T01:08:59.422+0000] {standard_task_runner.py:64} INFO - Started process 668 to run task
[2024-08-05T01:08:59.422+0000] {standard_task_runner.py:90} INFO - Running: ['***', 'tasks', 'run', 'etl_dag', 'create_dim_user_type', 'manual__2024-08-05T01:08:50.566450+00:00', '--job-id', '1688', '--raw', '--subdir', 'DAGS_FOLDER/etl_dag.py', '--cfg-path', '/tmp/tmprgm3x7w9']
[2024-08-05T01:08:59.425+0000] {standard_task_runner.py:91} INFO - Job 1688: Subtask create_dim_user_type
[2024-08-05T01:08:59.498+0000] {task_command.py:426} INFO - Running <TaskInstance: etl_dag.create_dim_user_type manual__2024-08-05T01:08:50.566450+00:00 [running]> on host 59ce2ba01338
[2024-08-05T01:08:59.587+0000] {taskinstance.py:2648} INFO - Exporting env vars: AIRFLOW_CTX_DAG_OWNER='Gabriel Almeida' AIRFLOW_CTX_DAG_ID='etl_dag' AIRFLOW_CTX_TASK_ID='create_dim_user_type' AIRFLOW_CTX_EXECUTION_DATE='2024-08-05T01:08:50.566450+00:00' AIRFLOW_CTX_TRY_NUMBER='1' AIRFLOW_CTX_DAG_RUN_ID='manual__2024-08-05T01:08:50.566450+00:00'
[2024-08-05T01:08:59.590+0000] {taskinstance.py:430} INFO - ::endgroup::
[2024-08-05T01:08:59.616+0000] {sql.py:282} INFO - Executing: 
            CREATE TABLE IF NOT EXISTS DimUserType (
                id_user_type SERIAL PRIMARY KEY,
                user_type VARCHAR(255) UNIQUE NOT NULL
);
        
[2024-08-05T01:08:59.625+0000] {base.py:84} INFO - Using connection ID 'postgres_conn' for task execution.
[2024-08-05T01:08:59.641+0000] {base.py:84} INFO - Using connection ID 'postgres_conn' for task execution.
[2024-08-05T01:08:59.672+0000] {sql.py:495} INFO - Running statement: 
            CREATE TABLE IF NOT EXISTS DimUserType (
                id_user_type SERIAL PRIMARY KEY,
                user_type VARCHAR(255) UNIQUE NOT NULL
);
        , parameters: None
[2024-08-05T01:08:59.682+0000] {taskinstance.py:441} INFO - ::group::Post task execution logs
[2024-08-05T01:08:59.694+0000] {taskinstance.py:1206} INFO - Marking task as SUCCESS. dag_id=etl_dag, task_id=create_dim_user_type, run_id=manual__2024-08-05T01:08:50.566450+00:00, execution_date=20240805T010850, start_date=20240805T010859, end_date=20240805T010859
[2024-08-05T01:08:59.736+0000] {local_task_job_runner.py:243} INFO - Task exited with return code 0
[2024-08-05T01:08:59.752+0000] {warnings.py:112} WARNING - /home/***/.local/lib/python3.12/site-packages/***/models/baseoperator.py:1297: AirflowProviderDeprecationWarning: Call to deprecated class PostgresOperator. (Please use `***.providers.common.sql.operators.sql.SQLExecuteQueryOperator`.Also, you can provide `hook_params={'schema': <database>}`.)
  result = cls.__new__(cls)

[2024-08-05T01:08:59.769+0000] {taskinstance.py:3503} INFO - 1 downstream tasks scheduled from follow-on schedule check
[2024-08-05T01:08:59.772+0000] {local_task_job_runner.py:222} INFO - ::endgroup::
