[2024-08-05T00:59:53.030+0000] {local_task_job_runner.py:120} INFO - ::group::Pre task execution logs
[2024-08-05T00:59:53.039+0000] {taskinstance.py:2076} INFO - Dependencies all met for dep_context=non-requeueable deps ti=<TaskInstance: etl_dag.transform_data manual__2024-08-05T00:59:47.954563+00:00 [queued]>
[2024-08-05T00:59:53.043+0000] {taskinstance.py:2076} INFO - Dependencies all met for dep_context=requeueable deps ti=<TaskInstance: etl_dag.transform_data manual__2024-08-05T00:59:47.954563+00:00 [queued]>
[2024-08-05T00:59:53.043+0000] {taskinstance.py:2306} INFO - Starting attempt 1 of 6
[2024-08-05T00:59:53.050+0000] {taskinstance.py:2330} INFO - Executing <Task(PythonOperator): transform_data> on 2024-08-05 00:59:47.954563+00:00
[2024-08-05T00:59:53.063+0000] {warnings.py:112} WARNING - /home/***/.local/lib/python3.12/site-packages/***/task/task_runner/standard_task_runner.py:62: DeprecationWarning: This process (pid=256) is multi-threaded, use of fork() may lead to deadlocks in the child.
  pid = os.fork()

[2024-08-05T00:59:53.065+0000] {standard_task_runner.py:64} INFO - Started process 258 to run task
[2024-08-05T00:59:53.066+0000] {standard_task_runner.py:90} INFO - Running: ['***', 'tasks', 'run', 'etl_dag', 'transform_data', 'manual__2024-08-05T00:59:47.954563+00:00', '--job-id', '1642', '--raw', '--subdir', 'DAGS_FOLDER/etl_dag.py', '--cfg-path', '/tmp/tmp4er7op78']
[2024-08-05T00:59:53.068+0000] {standard_task_runner.py:91} INFO - Job 1642: Subtask transform_data
[2024-08-05T00:59:53.109+0000] {task_command.py:426} INFO - Running <TaskInstance: etl_dag.transform_data manual__2024-08-05T00:59:47.954563+00:00 [running]> on host 59ce2ba01338
[2024-08-05T00:59:53.162+0000] {taskinstance.py:2648} INFO - Exporting env vars: AIRFLOW_CTX_DAG_OWNER='Gabriel Almeida' AIRFLOW_CTX_DAG_ID='etl_dag' AIRFLOW_CTX_TASK_ID='transform_data' AIRFLOW_CTX_EXECUTION_DATE='2024-08-05T00:59:47.954563+00:00' AIRFLOW_CTX_TRY_NUMBER='1' AIRFLOW_CTX_DAG_RUN_ID='manual__2024-08-05T00:59:47.954563+00:00'
[2024-08-05T00:59:53.162+0000] {taskinstance.py:430} INFO - ::endgroup::
[2024-08-05T00:59:53.177+0000] {logging_mixin.py:188} INFO - DataFrame:
[2024-08-05T00:59:53.185+0000] {logging_mixin.py:188} INFO -         id  id_campaign  ...                      opened_at clicked_at
0  1811698         1140  ...  2024-07-08T03:36:18.000-03:00       None
1  1811699         1140  ...  2024-07-08T03:36:19.000-03:00       None
2  1811700         1140  ...  2024-07-08T03:36:20.000-03:00       None
3  1811701         1140  ...  2024-07-08T03:36:21.000-03:00       None
4  1811702         1140  ...  2024-07-08T03:36:29.000-03:00       None
5  1811703         1140  ...  2024-07-08T03:36:29.000-03:00       None
6  1811704         1140  ...  2024-07-08T03:36:30.000-03:00       None
7  1811705         1140  ...  2024-07-08T03:36:34.000-03:00       None
8  1811706         1140  ...  2024-07-08T03:36:35.000-03:00       None
9  1811707         1140  ...  2024-07-08T03:36:43.000-03:00       None

[10 rows x 12 columns]
[2024-08-05T00:59:53.186+0000] {logging_mixin.py:188} INFO - id             10
id_campaign    10
campaign       10
company        10
user_type      10
to             10
mailer         10
subject        10
sent_at        10
token          10
opened_at      10
clicked_at      0
dtype: int64
[2024-08-05T00:59:53.196+0000] {crypto.py:82} WARNING - empty cryptography key - values will not be stored encrypted.
[2024-08-05T00:59:53.198+0000] {python.py:237} INFO - Done. Returned value was:         id  id_campaign  ...                      opened_at clicked_at
0  1811698         1140  ...  2024-07-08T03:36:18.000-03:00       None
1  1811699         1140  ...  2024-07-08T03:36:19.000-03:00       None
2  1811700         1140  ...  2024-07-08T03:36:20.000-03:00       None
3  1811701         1140  ...  2024-07-08T03:36:21.000-03:00       None
4  1811702         1140  ...  2024-07-08T03:36:29.000-03:00       None
5  1811703         1140  ...  2024-07-08T03:36:29.000-03:00       None
6  1811704         1140  ...  2024-07-08T03:36:30.000-03:00       None
7  1811705         1140  ...  2024-07-08T03:36:34.000-03:00       None
8  1811706         1140  ...  2024-07-08T03:36:35.000-03:00       None
9  1811707         1140  ...  2024-07-08T03:36:43.000-03:00       None

[10 rows x 12 columns]
[2024-08-05T00:59:53.204+0000] {taskinstance.py:441} INFO - ::group::Post task execution logs
[2024-08-05T00:59:53.231+0000] {taskinstance.py:1206} INFO - Marking task as SUCCESS. dag_id=etl_dag, task_id=transform_data, run_id=manual__2024-08-05T00:59:47.954563+00:00, execution_date=20240805T005947, start_date=20240805T005953, end_date=20240805T005953
[2024-08-05T00:59:53.247+0000] {local_task_job_runner.py:243} INFO - Task exited with return code 0
[2024-08-05T00:59:53.259+0000] {warnings.py:112} WARNING - /home/***/.local/lib/python3.12/site-packages/***/models/baseoperator.py:1297: AirflowProviderDeprecationWarning: Call to deprecated class PostgresOperator. (Please use `***.providers.common.sql.operators.sql.SQLExecuteQueryOperator`.Also, you can provide `hook_params={'schema': <database>}`.)
  result = cls.__new__(cls)

[2024-08-05T00:59:53.270+0000] {taskinstance.py:3503} INFO - 1 downstream tasks scheduled from follow-on schedule check
[2024-08-05T00:59:53.271+0000] {local_task_job_runner.py:222} INFO - ::endgroup::
