[2024-08-02T12:25:15.433+0000] {local_task_job_runner.py:120} INFO - ::group::Pre task execution logs
[2024-08-02T12:25:15.450+0000] {taskinstance.py:2076} INFO - Dependencies all met for dep_context=non-requeueable deps ti=<TaskInstance: etl_dag.transform_data scheduled__2024-08-02T11:20:00+00:00 [queued]>
[2024-08-02T12:25:15.457+0000] {taskinstance.py:2076} INFO - Dependencies all met for dep_context=requeueable deps ti=<TaskInstance: etl_dag.transform_data scheduled__2024-08-02T11:20:00+00:00 [queued]>
[2024-08-02T12:25:15.457+0000] {taskinstance.py:2306} INFO - Starting attempt 1 of 6
[2024-08-02T12:25:15.472+0000] {taskinstance.py:2330} INFO - Executing <Task(PythonOperator): transform_data> on 2024-08-02 11:20:00+00:00
[2024-08-02T12:25:15.490+0000] {warnings.py:112} WARNING - /home/***/.local/lib/python3.12/site-packages/***/task/task_runner/standard_task_runner.py:62: DeprecationWarning: This process (pid=1960) is multi-threaded, use of fork() may lead to deadlocks in the child.
  pid = os.fork()

[2024-08-02T12:25:15.494+0000] {standard_task_runner.py:90} INFO - Running: ['***', 'tasks', 'run', 'etl_dag', 'transform_data', 'scheduled__2024-08-02T11:20:00+00:00', '--job-id', '379', '--raw', '--subdir', 'DAGS_FOLDER/etl_dag.py', '--cfg-path', '/tmp/tmp0dob7qb6']
[2024-08-02T12:25:15.496+0000] {standard_task_runner.py:64} INFO - Started process 1965 to run task
[2024-08-02T12:25:15.496+0000] {standard_task_runner.py:91} INFO - Job 379: Subtask transform_data
[2024-08-02T12:25:15.574+0000] {task_command.py:426} INFO - Running <TaskInstance: etl_dag.transform_data scheduled__2024-08-02T11:20:00+00:00 [running]> on host 69633e19c226
[2024-08-02T12:25:15.721+0000] {taskinstance.py:2648} INFO - Exporting env vars: AIRFLOW_CTX_DAG_OWNER='Gabriel Almeida' AIRFLOW_CTX_DAG_ID='etl_dag' AIRFLOW_CTX_TASK_ID='transform_data' AIRFLOW_CTX_EXECUTION_DATE='2024-08-02T11:20:00+00:00' AIRFLOW_CTX_TRY_NUMBER='1' AIRFLOW_CTX_DAG_RUN_ID='scheduled__2024-08-02T11:20:00+00:00'
[2024-08-02T12:25:15.723+0000] {taskinstance.py:430} INFO - ::endgroup::
[2024-08-02T12:25:15.765+0000] {logging_mixin.py:188} INFO - DataFrame:
[2024-08-02T12:25:15.791+0000] {logging_mixin.py:188} INFO -         id  id_campaign  ...                      opened_at clicked_at
0  1824658         2546  ...                           None       None
1  1824659         2546  ...                           None       None
2  1824660         2546  ...                           None       None
3  1824661         2546  ...  2024-07-25T16:02:21.000-03:00       None
4  1824662         2546  ...                           None       None

[5 rows x 12 columns]
[2024-08-02T12:25:15.807+0000] {crypto.py:82} WARNING - empty cryptography key - values will not be stored encrypted.
[2024-08-02T12:25:15.811+0000] {python.py:237} INFO - Done. Returned value was:           id  id_campaign  ...                      opened_at clicked_at
0    1824658         2546  ...                           None       None
1    1824659         2546  ...                           None       None
2    1824660         2546  ...                           None       None
3    1824661         2546  ...  2024-07-25T16:02:21.000-03:00       None
4    1824662         2546  ...                           None       None
..       ...          ...  ...                            ...        ...
995  1825653         1140  ...  2024-07-26T22:48:15.000-03:00       None
996  1825654         1140  ...                           None       None
997  1825655         1140  ...  2024-07-26T22:48:28.000-03:00       None
998  1825656         1140  ...  2024-07-26T22:48:33.000-03:00       None
999  1825657         1140  ...  2024-07-26T22:48:33.000-03:00       None

[1000 rows x 12 columns]
[2024-08-02T12:25:15.824+0000] {taskinstance.py:441} INFO - ::group::Post task execution logs
[2024-08-02T12:25:15.883+0000] {taskinstance.py:1206} INFO - Marking task as SUCCESS. dag_id=etl_dag, task_id=transform_data, run_id=scheduled__2024-08-02T11:20:00+00:00, execution_date=20240802T112000, start_date=20240802T122515, end_date=20240802T122515
[2024-08-02T12:25:15.931+0000] {local_task_job_runner.py:243} INFO - Task exited with return code 0
[2024-08-02T12:25:15.954+0000] {warnings.py:112} WARNING - /home/***/.local/lib/python3.12/site-packages/***/models/baseoperator.py:1297: AirflowProviderDeprecationWarning: Call to deprecated class PostgresOperator. (Please use `***.providers.common.sql.operators.sql.SQLExecuteQueryOperator`.Also, you can provide `hook_params={'schema': <database>}`.)
  result = cls.__new__(cls)

[2024-08-02T12:25:15.976+0000] {taskinstance.py:3503} INFO - 1 downstream tasks scheduled from follow-on schedule check
[2024-08-02T12:25:15.977+0000] {local_task_job_runner.py:222} INFO - ::endgroup::
