[2024-08-03T00:03:07.740+0000] {processor.py:161} INFO - Started process (PID=7181) to work on /home/airflow/.local/lib/python3.12/site-packages/airflow/example_dags/example_xcomargs.py
[2024-08-03T00:03:07.755+0000] {processor.py:830} INFO - Processing file /home/airflow/.local/lib/python3.12/site-packages/airflow/example_dags/example_xcomargs.py for tasks to queue
[2024-08-03T00:03:07.766+0000] {logging_mixin.py:188} INFO - [2024-08-03T00:03:07.761+0000] {dagbag.py:545} INFO - Filling up the DagBag from /home/airflow/.local/lib/python3.12/site-packages/airflow/example_dags/example_xcomargs.py
[2024-08-03T00:03:07.952+0000] {processor.py:840} INFO - DAG(s) 'example_xcom_args_with_operators', 'example_xcom_args' retrieved from /home/airflow/.local/lib/python3.12/site-packages/airflow/example_dags/example_xcomargs.py
[2024-08-03T00:03:10.504+0000] {logging_mixin.py:188} INFO - [2024-08-03T00:03:10.501+0000] {dag.py:3089} INFO - Sync 2 DAGs
[2024-08-03T00:03:10.828+0000] {logging_mixin.py:188} INFO - [2024-08-03T00:03:10.827+0000] {dag.py:3947} INFO - Setting next_dagrun for example_xcom_args to None, run_after=None
[2024-08-03T00:03:10.967+0000] {logging_mixin.py:188} INFO - [2024-08-03T00:03:10.962+0000] {dag.py:3947} INFO - Setting next_dagrun for example_xcom_args_with_operators to None, run_after=None
[2024-08-03T00:03:11.482+0000] {processor.py:183} INFO - Processing /home/airflow/.local/lib/python3.12/site-packages/airflow/example_dags/example_xcomargs.py took 3.821 seconds
[2024-08-03T03:17:14.092+0000] {processor.py:161} INFO - Started process (PID=7306) to work on /home/airflow/.local/lib/python3.12/site-packages/airflow/example_dags/example_xcomargs.py
[2024-08-03T03:17:14.109+0000] {processor.py:830} INFO - Processing file /home/airflow/.local/lib/python3.12/site-packages/airflow/example_dags/example_xcomargs.py for tasks to queue
[2024-08-03T03:17:14.116+0000] {logging_mixin.py:188} INFO - [2024-08-03T03:17:14.114+0000] {dagbag.py:545} INFO - Filling up the DagBag from /home/airflow/.local/lib/python3.12/site-packages/airflow/example_dags/example_xcomargs.py
[2024-08-03T03:17:14.221+0000] {processor.py:840} INFO - DAG(s) 'example_xcom_args', 'example_xcom_args_with_operators' retrieved from /home/airflow/.local/lib/python3.12/site-packages/airflow/example_dags/example_xcomargs.py
[2024-08-03T03:17:14.468+0000] {logging_mixin.py:188} INFO - [2024-08-03T03:17:14.461+0000] {dag.py:3089} INFO - Sync 2 DAGs
[2024-08-03T03:17:14.572+0000] {logging_mixin.py:188} INFO - [2024-08-03T03:17:14.571+0000] {dag.py:3947} INFO - Setting next_dagrun for example_xcom_args to None, run_after=None
[2024-08-03T03:17:14.606+0000] {logging_mixin.py:188} INFO - [2024-08-03T03:17:14.605+0000] {dag.py:3947} INFO - Setting next_dagrun for example_xcom_args_with_operators to None, run_after=None
[2024-08-03T03:17:14.713+0000] {processor.py:183} INFO - Processing /home/airflow/.local/lib/python3.12/site-packages/airflow/example_dags/example_xcomargs.py took 0.701 seconds
[2024-08-03T03:24:36.101+0000] {processor.py:161} INFO - Started process (PID=7395) to work on /home/airflow/.local/lib/python3.12/site-packages/airflow/example_dags/example_xcomargs.py
[2024-08-03T03:24:36.115+0000] {processor.py:830} INFO - Processing file /home/airflow/.local/lib/python3.12/site-packages/airflow/example_dags/example_xcomargs.py for tasks to queue
[2024-08-03T03:24:36.121+0000] {logging_mixin.py:188} INFO - [2024-08-03T03:24:36.117+0000] {dagbag.py:545} INFO - Filling up the DagBag from /home/airflow/.local/lib/python3.12/site-packages/airflow/example_dags/example_xcomargs.py
[2024-08-03T03:24:36.284+0000] {processor.py:840} INFO - DAG(s) 'example_xcom_args_with_operators', 'example_xcom_args' retrieved from /home/airflow/.local/lib/python3.12/site-packages/airflow/example_dags/example_xcomargs.py
[2024-08-03T03:24:36.757+0000] {logging_mixin.py:188} INFO - [2024-08-03T03:24:36.745+0000] {dag.py:3089} INFO - Sync 2 DAGs
[2024-08-03T03:24:36.963+0000] {logging_mixin.py:188} INFO - [2024-08-03T03:24:36.962+0000] {dag.py:3947} INFO - Setting next_dagrun for example_xcom_args to None, run_after=None
[2024-08-03T03:24:37.037+0000] {logging_mixin.py:188} INFO - [2024-08-03T03:24:37.037+0000] {dag.py:3947} INFO - Setting next_dagrun for example_xcom_args_with_operators to None, run_after=None
[2024-08-03T03:24:37.237+0000] {processor.py:183} INFO - Processing /home/airflow/.local/lib/python3.12/site-packages/airflow/example_dags/example_xcomargs.py took 1.221 seconds
[2024-08-03T05:41:54.034+0000] {processor.py:161} INFO - Started process (PID=7461) to work on /home/airflow/.local/lib/python3.12/site-packages/airflow/example_dags/example_xcomargs.py
[2024-08-03T05:41:54.054+0000] {processor.py:830} INFO - Processing file /home/airflow/.local/lib/python3.12/site-packages/airflow/example_dags/example_xcomargs.py for tasks to queue
[2024-08-03T05:41:54.060+0000] {logging_mixin.py:188} INFO - [2024-08-03T05:41:54.057+0000] {dagbag.py:545} INFO - Filling up the DagBag from /home/airflow/.local/lib/python3.12/site-packages/airflow/example_dags/example_xcomargs.py
[2024-08-03T05:41:54.167+0000] {processor.py:840} INFO - DAG(s) 'example_xcom_args_with_operators', 'example_xcom_args' retrieved from /home/airflow/.local/lib/python3.12/site-packages/airflow/example_dags/example_xcomargs.py
[2024-08-03T05:41:54.585+0000] {logging_mixin.py:188} INFO - [2024-08-03T05:41:54.575+0000] {dag.py:3089} INFO - Sync 2 DAGs
[2024-08-03T05:41:54.752+0000] {logging_mixin.py:188} INFO - [2024-08-03T05:41:54.747+0000] {dag.py:3947} INFO - Setting next_dagrun for example_xcom_args to None, run_after=None
[2024-08-03T05:41:54.817+0000] {logging_mixin.py:188} INFO - [2024-08-03T05:41:54.814+0000] {dag.py:3947} INFO - Setting next_dagrun for example_xcom_args_with_operators to None, run_after=None
[2024-08-03T06:47:51.040+0000] {processor.py:183} INFO - Processing /home/airflow/.local/lib/python3.12/site-packages/airflow/example_dags/example_xcomargs.py took 1.312 seconds
[2024-08-03T09:03:19.247+0000] {processor.py:161} INFO - Started process (PID=7579) to work on /home/airflow/.local/lib/python3.12/site-packages/airflow/example_dags/example_xcomargs.py
[2024-08-03T09:03:19.278+0000] {processor.py:830} INFO - Processing file /home/airflow/.local/lib/python3.12/site-packages/airflow/example_dags/example_xcomargs.py for tasks to queue
[2024-08-03T09:03:19.294+0000] {logging_mixin.py:188} INFO - [2024-08-03T09:03:19.287+0000] {dagbag.py:545} INFO - Filling up the DagBag from /home/airflow/.local/lib/python3.12/site-packages/airflow/example_dags/example_xcomargs.py
[2024-08-03T09:03:19.410+0000] {processor.py:840} INFO - DAG(s) 'example_xcom_args', 'example_xcom_args_with_operators' retrieved from /home/airflow/.local/lib/python3.12/site-packages/airflow/example_dags/example_xcomargs.py
[2024-08-03T09:03:20.536+0000] {logging_mixin.py:188} INFO - [2024-08-03T09:03:20.533+0000] {dag.py:3089} INFO - Sync 2 DAGs
[2024-08-03T09:03:20.624+0000] {logging_mixin.py:188} INFO - [2024-08-03T09:03:20.623+0000] {dag.py:3947} INFO - Setting next_dagrun for example_xcom_args to None, run_after=None
[2024-08-03T09:03:20.648+0000] {logging_mixin.py:188} INFO - [2024-08-03T09:03:20.647+0000] {dag.py:3947} INFO - Setting next_dagrun for example_xcom_args_with_operators to None, run_after=None
[2024-08-03T09:03:20.922+0000] {processor.py:183} INFO - Processing /home/airflow/.local/lib/python3.12/site-packages/airflow/example_dags/example_xcomargs.py took 1.813 seconds
[2024-08-03T10:36:45.594+0000] {processor.py:161} INFO - Started process (PID=7660) to work on /home/airflow/.local/lib/python3.12/site-packages/airflow/example_dags/example_xcomargs.py
[2024-08-03T10:36:45.600+0000] {processor.py:830} INFO - Processing file /home/airflow/.local/lib/python3.12/site-packages/airflow/example_dags/example_xcomargs.py for tasks to queue
[2024-08-03T10:36:45.609+0000] {logging_mixin.py:188} INFO - [2024-08-03T10:36:45.606+0000] {dagbag.py:545} INFO - Filling up the DagBag from /home/airflow/.local/lib/python3.12/site-packages/airflow/example_dags/example_xcomargs.py
[2024-08-03T10:36:45.708+0000] {processor.py:840} INFO - DAG(s) 'example_xcom_args', 'example_xcom_args_with_operators' retrieved from /home/airflow/.local/lib/python3.12/site-packages/airflow/example_dags/example_xcomargs.py
[2024-08-03T10:36:45.941+0000] {logging_mixin.py:188} INFO - [2024-08-03T10:36:45.940+0000] {dag.py:3089} INFO - Sync 2 DAGs
[2024-08-03T10:36:46.089+0000] {logging_mixin.py:188} INFO - [2024-08-03T10:36:46.087+0000] {dag.py:3947} INFO - Setting next_dagrun for example_xcom_args to None, run_after=None
[2024-08-03T10:36:46.129+0000] {logging_mixin.py:188} INFO - [2024-08-03T10:36:46.127+0000] {dag.py:3947} INFO - Setting next_dagrun for example_xcom_args_with_operators to None, run_after=None
[2024-08-03T10:36:46.271+0000] {processor.py:183} INFO - Processing /home/airflow/.local/lib/python3.12/site-packages/airflow/example_dags/example_xcomargs.py took 0.720 seconds
[2024-08-03T12:19:52.251+0000] {processor.py:161} INFO - Started process (PID=7760) to work on /home/airflow/.local/lib/python3.12/site-packages/airflow/example_dags/example_xcomargs.py
[2024-08-03T12:19:52.269+0000] {processor.py:830} INFO - Processing file /home/airflow/.local/lib/python3.12/site-packages/airflow/example_dags/example_xcomargs.py for tasks to queue
[2024-08-03T12:19:52.281+0000] {logging_mixin.py:188} INFO - [2024-08-03T12:19:52.272+0000] {dagbag.py:545} INFO - Filling up the DagBag from /home/airflow/.local/lib/python3.12/site-packages/airflow/example_dags/example_xcomargs.py
[2024-08-03T12:19:52.536+0000] {processor.py:840} INFO - DAG(s) 'example_xcom_args', 'example_xcom_args_with_operators' retrieved from /home/airflow/.local/lib/python3.12/site-packages/airflow/example_dags/example_xcomargs.py
[2024-08-03T12:19:53.126+0000] {logging_mixin.py:188} INFO - [2024-08-03T12:19:53.093+0000] {dag.py:3089} INFO - Sync 2 DAGs
[2024-08-03T12:19:53.358+0000] {logging_mixin.py:188} INFO - [2024-08-03T12:19:53.356+0000] {dag.py:3947} INFO - Setting next_dagrun for example_xcom_args to None, run_after=None
[2024-08-03T12:19:53.437+0000] {logging_mixin.py:188} INFO - [2024-08-03T12:19:53.436+0000] {dag.py:3947} INFO - Setting next_dagrun for example_xcom_args_with_operators to None, run_after=None
[2024-08-03T12:19:54.392+0000] {processor.py:183} INFO - Processing /home/airflow/.local/lib/python3.12/site-packages/airflow/example_dags/example_xcomargs.py took 2.332 seconds
[2024-08-03T14:17:51.401+0000] {processor.py:161} INFO - Started process (PID=7862) to work on /home/airflow/.local/lib/python3.12/site-packages/airflow/example_dags/example_xcomargs.py
[2024-08-03T14:17:51.422+0000] {processor.py:830} INFO - Processing file /home/airflow/.local/lib/python3.12/site-packages/airflow/example_dags/example_xcomargs.py for tasks to queue
[2024-08-03T14:17:51.425+0000] {logging_mixin.py:188} INFO - [2024-08-03T14:17:51.424+0000] {dagbag.py:545} INFO - Filling up the DagBag from /home/airflow/.local/lib/python3.12/site-packages/airflow/example_dags/example_xcomargs.py
[2024-08-03T14:17:51.508+0000] {processor.py:840} INFO - DAG(s) 'example_xcom_args_with_operators', 'example_xcom_args' retrieved from /home/airflow/.local/lib/python3.12/site-packages/airflow/example_dags/example_xcomargs.py
[2024-08-03T14:17:51.765+0000] {logging_mixin.py:188} INFO - [2024-08-03T14:17:51.750+0000] {dag.py:3089} INFO - Sync 2 DAGs
[2024-08-03T14:17:51.901+0000] {logging_mixin.py:188} INFO - [2024-08-03T14:17:51.896+0000] {dag.py:3947} INFO - Setting next_dagrun for example_xcom_args to None, run_after=None
[2024-08-03T14:17:51.945+0000] {logging_mixin.py:188} INFO - [2024-08-03T14:17:51.939+0000] {dag.py:3947} INFO - Setting next_dagrun for example_xcom_args_with_operators to None, run_after=None
[2024-08-03T14:17:52.123+0000] {processor.py:183} INFO - Processing /home/airflow/.local/lib/python3.12/site-packages/airflow/example_dags/example_xcomargs.py took 0.806 seconds
[2024-08-03T14:18:23.036+0000] {processor.py:161} INFO - Started process (PID=7923) to work on /home/airflow/.local/lib/python3.12/site-packages/airflow/example_dags/example_xcomargs.py
[2024-08-03T14:18:23.037+0000] {processor.py:830} INFO - Processing file /home/airflow/.local/lib/python3.12/site-packages/airflow/example_dags/example_xcomargs.py for tasks to queue
[2024-08-03T14:18:23.040+0000] {logging_mixin.py:188} INFO - [2024-08-03T14:18:23.040+0000] {dagbag.py:545} INFO - Filling up the DagBag from /home/airflow/.local/lib/python3.12/site-packages/airflow/example_dags/example_xcomargs.py
[2024-08-03T14:18:23.066+0000] {processor.py:840} INFO - DAG(s) 'example_xcom_args_with_operators', 'example_xcom_args' retrieved from /home/airflow/.local/lib/python3.12/site-packages/airflow/example_dags/example_xcomargs.py
[2024-08-03T14:18:23.116+0000] {logging_mixin.py:188} INFO - [2024-08-03T14:18:23.115+0000] {dag.py:3089} INFO - Sync 2 DAGs
[2024-08-03T14:18:23.156+0000] {logging_mixin.py:188} INFO - [2024-08-03T14:18:23.155+0000] {dag.py:3947} INFO - Setting next_dagrun for example_xcom_args to None, run_after=None
[2024-08-03T14:18:23.162+0000] {logging_mixin.py:188} INFO - [2024-08-03T14:18:23.160+0000] {dag.py:3947} INFO - Setting next_dagrun for example_xcom_args_with_operators to None, run_after=None
[2024-08-03T14:18:23.188+0000] {processor.py:183} INFO - Processing /home/airflow/.local/lib/python3.12/site-packages/airflow/example_dags/example_xcomargs.py took 0.162 seconds
[2024-08-03T14:36:44.495+0000] {processor.py:161} INFO - Started process (PID=8026) to work on /home/airflow/.local/lib/python3.12/site-packages/airflow/example_dags/example_xcomargs.py
[2024-08-03T14:36:44.517+0000] {processor.py:830} INFO - Processing file /home/airflow/.local/lib/python3.12/site-packages/airflow/example_dags/example_xcomargs.py for tasks to queue
[2024-08-03T14:36:44.524+0000] {logging_mixin.py:188} INFO - [2024-08-03T14:36:44.521+0000] {dagbag.py:545} INFO - Filling up the DagBag from /home/airflow/.local/lib/python3.12/site-packages/airflow/example_dags/example_xcomargs.py
[2024-08-03T14:36:44.666+0000] {processor.py:840} INFO - DAG(s) 'example_xcom_args_with_operators', 'example_xcom_args' retrieved from /home/airflow/.local/lib/python3.12/site-packages/airflow/example_dags/example_xcomargs.py
[2024-08-03T14:36:45.227+0000] {logging_mixin.py:188} INFO - [2024-08-03T14:36:45.212+0000] {dag.py:3089} INFO - Sync 2 DAGs
[2024-08-03T14:36:45.417+0000] {logging_mixin.py:188} INFO - [2024-08-03T14:36:45.406+0000] {dag.py:3947} INFO - Setting next_dagrun for example_xcom_args to None, run_after=None
[2024-08-03T14:36:45.488+0000] {logging_mixin.py:188} INFO - [2024-08-03T14:36:45.487+0000] {dag.py:3947} INFO - Setting next_dagrun for example_xcom_args_with_operators to None, run_after=None
[2024-08-03T14:36:45.734+0000] {processor.py:183} INFO - Processing /home/airflow/.local/lib/python3.12/site-packages/airflow/example_dags/example_xcomargs.py took 1.288 seconds
[2024-08-03T14:42:19.817+0000] {processor.py:161} INFO - Started process (PID=8091) to work on /home/airflow/.local/lib/python3.12/site-packages/airflow/example_dags/example_xcomargs.py
[2024-08-03T14:42:19.820+0000] {processor.py:830} INFO - Processing file /home/airflow/.local/lib/python3.12/site-packages/airflow/example_dags/example_xcomargs.py for tasks to queue
[2024-08-03T14:42:19.824+0000] {logging_mixin.py:188} INFO - [2024-08-03T14:42:19.823+0000] {dagbag.py:545} INFO - Filling up the DagBag from /home/airflow/.local/lib/python3.12/site-packages/airflow/example_dags/example_xcomargs.py
[2024-08-03T14:42:19.907+0000] {processor.py:840} INFO - DAG(s) 'example_xcom_args', 'example_xcom_args_with_operators' retrieved from /home/airflow/.local/lib/python3.12/site-packages/airflow/example_dags/example_xcomargs.py
[2024-08-03T14:42:20.180+0000] {logging_mixin.py:188} INFO - [2024-08-03T14:42:20.177+0000] {dag.py:3089} INFO - Sync 2 DAGs
[2024-08-03T14:42:20.285+0000] {logging_mixin.py:188} INFO - [2024-08-03T14:42:20.284+0000] {dag.py:3947} INFO - Setting next_dagrun for example_xcom_args to None, run_after=None
[2024-08-03T14:42:20.296+0000] {logging_mixin.py:188} INFO - [2024-08-03T14:42:20.296+0000] {dag.py:3947} INFO - Setting next_dagrun for example_xcom_args_with_operators to None, run_after=None
[2024-08-03T14:42:20.407+0000] {processor.py:183} INFO - Processing /home/airflow/.local/lib/python3.12/site-packages/airflow/example_dags/example_xcomargs.py took 0.612 seconds
[2024-08-03T14:42:51.082+0000] {processor.py:161} INFO - Started process (PID=8152) to work on /home/airflow/.local/lib/python3.12/site-packages/airflow/example_dags/example_xcomargs.py
[2024-08-03T14:42:51.083+0000] {processor.py:830} INFO - Processing file /home/airflow/.local/lib/python3.12/site-packages/airflow/example_dags/example_xcomargs.py for tasks to queue
[2024-08-03T14:42:51.084+0000] {logging_mixin.py:188} INFO - [2024-08-03T14:42:51.084+0000] {dagbag.py:545} INFO - Filling up the DagBag from /home/airflow/.local/lib/python3.12/site-packages/airflow/example_dags/example_xcomargs.py
[2024-08-03T14:42:51.095+0000] {processor.py:840} INFO - DAG(s) 'example_xcom_args', 'example_xcom_args_with_operators' retrieved from /home/airflow/.local/lib/python3.12/site-packages/airflow/example_dags/example_xcomargs.py
[2024-08-03T14:42:51.123+0000] {logging_mixin.py:188} INFO - [2024-08-03T14:42:51.123+0000] {dag.py:3089} INFO - Sync 2 DAGs
[2024-08-03T14:42:51.133+0000] {logging_mixin.py:188} INFO - [2024-08-03T14:42:51.133+0000] {dag.py:3947} INFO - Setting next_dagrun for example_xcom_args to None, run_after=None
[2024-08-03T14:42:51.139+0000] {logging_mixin.py:188} INFO - [2024-08-03T14:42:51.139+0000] {dag.py:3947} INFO - Setting next_dagrun for example_xcom_args_with_operators to None, run_after=None
[2024-08-03T14:42:51.154+0000] {processor.py:183} INFO - Processing /home/airflow/.local/lib/python3.12/site-packages/airflow/example_dags/example_xcomargs.py took 0.081 seconds
[2024-08-03T14:43:23.692+0000] {processor.py:161} INFO - Started process (PID=8223) to work on /home/airflow/.local/lib/python3.12/site-packages/airflow/example_dags/example_xcomargs.py
[2024-08-03T14:43:23.697+0000] {processor.py:830} INFO - Processing file /home/airflow/.local/lib/python3.12/site-packages/airflow/example_dags/example_xcomargs.py for tasks to queue
[2024-08-03T14:43:23.702+0000] {logging_mixin.py:188} INFO - [2024-08-03T14:43:23.700+0000] {dagbag.py:545} INFO - Filling up the DagBag from /home/airflow/.local/lib/python3.12/site-packages/airflow/example_dags/example_xcomargs.py
[2024-08-03T14:43:23.740+0000] {processor.py:840} INFO - DAG(s) 'example_xcom_args', 'example_xcom_args_with_operators' retrieved from /home/airflow/.local/lib/python3.12/site-packages/airflow/example_dags/example_xcomargs.py
[2024-08-03T14:43:23.841+0000] {logging_mixin.py:188} INFO - [2024-08-03T14:43:23.840+0000] {dag.py:3089} INFO - Sync 2 DAGs
[2024-08-03T14:43:23.888+0000] {logging_mixin.py:188} INFO - [2024-08-03T14:43:23.887+0000] {dag.py:3947} INFO - Setting next_dagrun for example_xcom_args to None, run_after=None
[2024-08-03T14:43:23.907+0000] {logging_mixin.py:188} INFO - [2024-08-03T14:43:23.906+0000] {dag.py:3947} INFO - Setting next_dagrun for example_xcom_args_with_operators to None, run_after=None
[2024-08-03T14:43:23.971+0000] {processor.py:183} INFO - Processing /home/airflow/.local/lib/python3.12/site-packages/airflow/example_dags/example_xcomargs.py took 0.298 seconds
[2024-08-03T14:43:54.907+0000] {processor.py:161} INFO - Started process (PID=8288) to work on /home/airflow/.local/lib/python3.12/site-packages/airflow/example_dags/example_xcomargs.py
[2024-08-03T14:43:54.909+0000] {processor.py:830} INFO - Processing file /home/airflow/.local/lib/python3.12/site-packages/airflow/example_dags/example_xcomargs.py for tasks to queue
[2024-08-03T14:43:54.910+0000] {logging_mixin.py:188} INFO - [2024-08-03T14:43:54.909+0000] {dagbag.py:545} INFO - Filling up the DagBag from /home/airflow/.local/lib/python3.12/site-packages/airflow/example_dags/example_xcomargs.py
[2024-08-03T14:43:54.925+0000] {processor.py:840} INFO - DAG(s) 'example_xcom_args_with_operators', 'example_xcom_args' retrieved from /home/airflow/.local/lib/python3.12/site-packages/airflow/example_dags/example_xcomargs.py
[2024-08-03T14:43:54.962+0000] {logging_mixin.py:188} INFO - [2024-08-03T14:43:54.961+0000] {dag.py:3089} INFO - Sync 2 DAGs
[2024-08-03T14:43:54.988+0000] {logging_mixin.py:188} INFO - [2024-08-03T14:43:54.988+0000] {dag.py:3947} INFO - Setting next_dagrun for example_xcom_args to None, run_after=None
[2024-08-03T14:43:54.995+0000] {logging_mixin.py:188} INFO - [2024-08-03T14:43:54.995+0000] {dag.py:3947} INFO - Setting next_dagrun for example_xcom_args_with_operators to None, run_after=None
[2024-08-03T14:43:55.033+0000] {processor.py:183} INFO - Processing /home/airflow/.local/lib/python3.12/site-packages/airflow/example_dags/example_xcomargs.py took 0.134 seconds
[2024-08-03T15:54:45.317+0000] {processor.py:161} INFO - Started process (PID=8375) to work on /home/airflow/.local/lib/python3.12/site-packages/airflow/example_dags/example_xcomargs.py
[2024-08-03T15:54:45.325+0000] {processor.py:830} INFO - Processing file /home/airflow/.local/lib/python3.12/site-packages/airflow/example_dags/example_xcomargs.py for tasks to queue
[2024-08-03T15:54:45.327+0000] {logging_mixin.py:188} INFO - [2024-08-03T15:54:45.326+0000] {dagbag.py:545} INFO - Filling up the DagBag from /home/airflow/.local/lib/python3.12/site-packages/airflow/example_dags/example_xcomargs.py
[2024-08-03T15:54:45.378+0000] {processor.py:840} INFO - DAG(s) 'example_xcom_args_with_operators', 'example_xcom_args' retrieved from /home/airflow/.local/lib/python3.12/site-packages/airflow/example_dags/example_xcomargs.py
[2024-08-03T15:54:45.615+0000] {logging_mixin.py:188} INFO - [2024-08-03T15:54:45.612+0000] {dag.py:3089} INFO - Sync 2 DAGs
[2024-08-03T15:54:45.969+0000] {logging_mixin.py:188} INFO - [2024-08-03T15:54:45.968+0000] {dag.py:3947} INFO - Setting next_dagrun for example_xcom_args to None, run_after=None
[2024-08-03T15:54:46.012+0000] {logging_mixin.py:188} INFO - [2024-08-03T15:54:46.012+0000] {dag.py:3947} INFO - Setting next_dagrun for example_xcom_args_with_operators to None, run_after=None
[2024-08-03T15:54:46.167+0000] {processor.py:183} INFO - Processing /home/airflow/.local/lib/python3.12/site-packages/airflow/example_dags/example_xcomargs.py took 0.891 seconds
[2024-08-03T17:24:22.312+0000] {processor.py:161} INFO - Started process (PID=8489) to work on /home/airflow/.local/lib/python3.12/site-packages/airflow/example_dags/example_xcomargs.py
[2024-08-03T17:24:22.332+0000] {processor.py:830} INFO - Processing file /home/airflow/.local/lib/python3.12/site-packages/airflow/example_dags/example_xcomargs.py for tasks to queue
[2024-08-03T17:24:22.337+0000] {logging_mixin.py:188} INFO - [2024-08-03T17:24:22.336+0000] {dagbag.py:545} INFO - Filling up the DagBag from /home/airflow/.local/lib/python3.12/site-packages/airflow/example_dags/example_xcomargs.py
[2024-08-03T17:24:22.475+0000] {processor.py:840} INFO - DAG(s) 'example_xcom_args_with_operators', 'example_xcom_args' retrieved from /home/airflow/.local/lib/python3.12/site-packages/airflow/example_dags/example_xcomargs.py
[2024-08-03T17:24:22.718+0000] {logging_mixin.py:188} INFO - [2024-08-03T17:24:22.718+0000] {dag.py:3089} INFO - Sync 2 DAGs
[2024-08-03T17:24:22.756+0000] {logging_mixin.py:188} INFO - [2024-08-03T17:24:22.755+0000] {dag.py:3947} INFO - Setting next_dagrun for example_xcom_args to None, run_after=None
[2024-08-03T17:24:22.801+0000] {logging_mixin.py:188} INFO - [2024-08-03T17:24:22.800+0000] {dag.py:3947} INFO - Setting next_dagrun for example_xcom_args_with_operators to None, run_after=None
[2024-08-03T17:24:22.858+0000] {processor.py:183} INFO - Processing /home/airflow/.local/lib/python3.12/site-packages/airflow/example_dags/example_xcomargs.py took 0.640 seconds
[2024-08-03T17:24:56.412+0000] {processor.py:161} INFO - Started process (PID=8550) to work on /home/airflow/.local/lib/python3.12/site-packages/airflow/example_dags/example_xcomargs.py
[2024-08-03T17:24:56.416+0000] {processor.py:830} INFO - Processing file /home/airflow/.local/lib/python3.12/site-packages/airflow/example_dags/example_xcomargs.py for tasks to queue
[2024-08-03T17:24:56.417+0000] {logging_mixin.py:188} INFO - [2024-08-03T17:24:56.417+0000] {dagbag.py:545} INFO - Filling up the DagBag from /home/airflow/.local/lib/python3.12/site-packages/airflow/example_dags/example_xcomargs.py
[2024-08-03T17:24:56.435+0000] {processor.py:840} INFO - DAG(s) 'example_xcom_args_with_operators', 'example_xcom_args' retrieved from /home/airflow/.local/lib/python3.12/site-packages/airflow/example_dags/example_xcomargs.py
[2024-08-03T17:24:56.530+0000] {logging_mixin.py:188} INFO - [2024-08-03T17:24:56.529+0000] {dag.py:3089} INFO - Sync 2 DAGs
[2024-08-03T17:24:56.543+0000] {logging_mixin.py:188} INFO - [2024-08-03T17:24:56.543+0000] {dag.py:3947} INFO - Setting next_dagrun for example_xcom_args to None, run_after=None
[2024-08-03T17:24:56.547+0000] {logging_mixin.py:188} INFO - [2024-08-03T17:24:56.547+0000] {dag.py:3947} INFO - Setting next_dagrun for example_xcom_args_with_operators to None, run_after=None
[2024-08-03T17:24:56.583+0000] {processor.py:183} INFO - Processing /home/airflow/.local/lib/python3.12/site-packages/airflow/example_dags/example_xcomargs.py took 0.180 seconds
[2024-08-03T17:26:49.030+0000] {processor.py:161} INFO - Started process (PID=8650) to work on /home/airflow/.local/lib/python3.12/site-packages/airflow/example_dags/example_xcomargs.py
[2024-08-03T17:26:49.035+0000] {processor.py:830} INFO - Processing file /home/airflow/.local/lib/python3.12/site-packages/airflow/example_dags/example_xcomargs.py for tasks to queue
[2024-08-03T17:26:49.043+0000] {logging_mixin.py:188} INFO - [2024-08-03T17:26:49.042+0000] {dagbag.py:545} INFO - Filling up the DagBag from /home/airflow/.local/lib/python3.12/site-packages/airflow/example_dags/example_xcomargs.py
[2024-08-03T17:26:49.125+0000] {processor.py:840} INFO - DAG(s) 'example_xcom_args', 'example_xcom_args_with_operators' retrieved from /home/airflow/.local/lib/python3.12/site-packages/airflow/example_dags/example_xcomargs.py
[2024-08-03T17:26:49.349+0000] {logging_mixin.py:188} INFO - [2024-08-03T17:26:49.349+0000] {dag.py:3089} INFO - Sync 2 DAGs
[2024-08-03T17:26:49.479+0000] {logging_mixin.py:188} INFO - [2024-08-03T17:26:49.472+0000] {dag.py:3947} INFO - Setting next_dagrun for example_xcom_args to None, run_after=None
[2024-08-03T17:26:49.509+0000] {logging_mixin.py:188} INFO - [2024-08-03T17:26:49.508+0000] {dag.py:3947} INFO - Setting next_dagrun for example_xcom_args_with_operators to None, run_after=None
[2024-08-03T17:26:49.627+0000] {processor.py:183} INFO - Processing /home/airflow/.local/lib/python3.12/site-packages/airflow/example_dags/example_xcomargs.py took 0.631 seconds
[2024-08-03T17:27:19.675+0000] {processor.py:161} INFO - Started process (PID=8710) to work on /home/airflow/.local/lib/python3.12/site-packages/airflow/example_dags/example_xcomargs.py
[2024-08-03T17:27:19.676+0000] {processor.py:830} INFO - Processing file /home/airflow/.local/lib/python3.12/site-packages/airflow/example_dags/example_xcomargs.py for tasks to queue
[2024-08-03T17:27:19.676+0000] {logging_mixin.py:188} INFO - [2024-08-03T17:27:19.676+0000] {dagbag.py:545} INFO - Filling up the DagBag from /home/airflow/.local/lib/python3.12/site-packages/airflow/example_dags/example_xcomargs.py
[2024-08-03T17:27:19.682+0000] {processor.py:840} INFO - DAG(s) 'example_xcom_args', 'example_xcom_args_with_operators' retrieved from /home/airflow/.local/lib/python3.12/site-packages/airflow/example_dags/example_xcomargs.py
[2024-08-03T17:27:19.701+0000] {logging_mixin.py:188} INFO - [2024-08-03T17:27:19.701+0000] {dag.py:3089} INFO - Sync 2 DAGs
[2024-08-03T17:27:19.711+0000] {logging_mixin.py:188} INFO - [2024-08-03T17:27:19.711+0000] {dag.py:3947} INFO - Setting next_dagrun for example_xcom_args to None, run_after=None
[2024-08-03T17:27:19.714+0000] {logging_mixin.py:188} INFO - [2024-08-03T17:27:19.713+0000] {dag.py:3947} INFO - Setting next_dagrun for example_xcom_args_with_operators to None, run_after=None
[2024-08-03T17:27:19.734+0000] {processor.py:183} INFO - Processing /home/airflow/.local/lib/python3.12/site-packages/airflow/example_dags/example_xcomargs.py took 0.063 seconds
[2024-08-03T18:23:15.819+0000] {processor.py:161} INFO - Started process (PID=8781) to work on /home/airflow/.local/lib/python3.12/site-packages/airflow/example_dags/example_xcomargs.py
[2024-08-03T18:23:15.844+0000] {processor.py:830} INFO - Processing file /home/airflow/.local/lib/python3.12/site-packages/airflow/example_dags/example_xcomargs.py for tasks to queue
[2024-08-03T18:23:15.845+0000] {logging_mixin.py:188} INFO - [2024-08-03T18:23:15.845+0000] {dagbag.py:545} INFO - Filling up the DagBag from /home/airflow/.local/lib/python3.12/site-packages/airflow/example_dags/example_xcomargs.py
[2024-08-03T18:23:15.989+0000] {processor.py:840} INFO - DAG(s) 'example_xcom_args_with_operators', 'example_xcom_args' retrieved from /home/airflow/.local/lib/python3.12/site-packages/airflow/example_dags/example_xcomargs.py
[2024-08-03T18:23:16.116+0000] {logging_mixin.py:188} INFO - [2024-08-03T18:23:16.115+0000] {dag.py:3089} INFO - Sync 2 DAGs
[2024-08-03T18:23:16.175+0000] {logging_mixin.py:188} INFO - [2024-08-03T18:23:16.174+0000] {dag.py:3947} INFO - Setting next_dagrun for example_xcom_args to None, run_after=None
[2024-08-03T18:23:16.190+0000] {logging_mixin.py:188} INFO - [2024-08-03T18:23:16.189+0000] {dag.py:3947} INFO - Setting next_dagrun for example_xcom_args_with_operators to None, run_after=None
[2024-08-03T18:23:16.284+0000] {processor.py:183} INFO - Processing /home/airflow/.local/lib/python3.12/site-packages/airflow/example_dags/example_xcomargs.py took 0.493 seconds
[2024-08-03T19:09:02.072+0000] {processor.py:161} INFO - Started process (PID=8893) to work on /home/airflow/.local/lib/python3.12/site-packages/airflow/example_dags/example_xcomargs.py
[2024-08-03T19:09:02.081+0000] {processor.py:830} INFO - Processing file /home/airflow/.local/lib/python3.12/site-packages/airflow/example_dags/example_xcomargs.py for tasks to queue
[2024-08-03T19:09:02.086+0000] {logging_mixin.py:188} INFO - [2024-08-03T19:09:02.085+0000] {dagbag.py:545} INFO - Filling up the DagBag from /home/airflow/.local/lib/python3.12/site-packages/airflow/example_dags/example_xcomargs.py
[2024-08-03T19:09:02.344+0000] {processor.py:840} INFO - DAG(s) 'example_xcom_args_with_operators', 'example_xcom_args' retrieved from /home/airflow/.local/lib/python3.12/site-packages/airflow/example_dags/example_xcomargs.py
[2024-08-03T19:09:02.822+0000] {logging_mixin.py:188} INFO - [2024-08-03T19:09:02.816+0000] {dag.py:3089} INFO - Sync 2 DAGs
[2024-08-03T19:09:02.961+0000] {logging_mixin.py:188} INFO - [2024-08-03T19:09:02.955+0000] {dag.py:3947} INFO - Setting next_dagrun for example_xcom_args to None, run_after=None
[2024-08-03T19:09:03.002+0000] {logging_mixin.py:188} INFO - [2024-08-03T19:09:02.998+0000] {dag.py:3947} INFO - Setting next_dagrun for example_xcom_args_with_operators to None, run_after=None
[2024-08-03T19:09:03.180+0000] {processor.py:183} INFO - Processing /home/airflow/.local/lib/python3.12/site-packages/airflow/example_dags/example_xcomargs.py took 1.202 seconds
[2024-08-03T20:16:22.850+0000] {processor.py:161} INFO - Started process (PID=8954) to work on /home/airflow/.local/lib/python3.12/site-packages/airflow/example_dags/example_xcomargs.py
[2024-08-03T20:16:22.853+0000] {processor.py:830} INFO - Processing file /home/airflow/.local/lib/python3.12/site-packages/airflow/example_dags/example_xcomargs.py for tasks to queue
[2024-08-03T20:16:22.854+0000] {logging_mixin.py:188} INFO - [2024-08-03T20:16:22.854+0000] {dagbag.py:545} INFO - Filling up the DagBag from /home/airflow/.local/lib/python3.12/site-packages/airflow/example_dags/example_xcomargs.py
[2024-08-03T20:16:22.866+0000] {processor.py:840} INFO - DAG(s) 'example_xcom_args_with_operators', 'example_xcom_args' retrieved from /home/airflow/.local/lib/python3.12/site-packages/airflow/example_dags/example_xcomargs.py
[2024-08-03T20:16:22.969+0000] {logging_mixin.py:188} INFO - [2024-08-03T20:16:22.968+0000] {dag.py:3089} INFO - Sync 2 DAGs
[2024-08-03T20:16:23.003+0000] {logging_mixin.py:188} INFO - [2024-08-03T20:16:23.003+0000] {dag.py:3947} INFO - Setting next_dagrun for example_xcom_args to None, run_after=None
[2024-08-03T20:16:23.015+0000] {logging_mixin.py:188} INFO - [2024-08-03T20:16:23.015+0000] {dag.py:3947} INFO - Setting next_dagrun for example_xcom_args_with_operators to None, run_after=None
[2024-08-03T20:16:23.051+0000] {processor.py:183} INFO - Processing /home/airflow/.local/lib/python3.12/site-packages/airflow/example_dags/example_xcomargs.py took 0.209 seconds
[2024-08-03T21:25:00.442+0000] {processor.py:161} INFO - Started process (PID=9005) to work on /home/airflow/.local/lib/python3.12/site-packages/airflow/example_dags/example_xcomargs.py
[2024-08-03T21:25:00.460+0000] {processor.py:830} INFO - Processing file /home/airflow/.local/lib/python3.12/site-packages/airflow/example_dags/example_xcomargs.py for tasks to queue
[2024-08-03T21:25:00.470+0000] {logging_mixin.py:188} INFO - [2024-08-03T21:25:00.464+0000] {dagbag.py:545} INFO - Filling up the DagBag from /home/airflow/.local/lib/python3.12/site-packages/airflow/example_dags/example_xcomargs.py
[2024-08-03T21:25:00.644+0000] {processor.py:840} INFO - DAG(s) 'example_xcom_args', 'example_xcom_args_with_operators' retrieved from /home/airflow/.local/lib/python3.12/site-packages/airflow/example_dags/example_xcomargs.py
[2024-08-03T21:25:00.977+0000] {logging_mixin.py:188} INFO - [2024-08-03T21:25:00.975+0000] {dag.py:3089} INFO - Sync 2 DAGs
[2024-08-03T21:25:01.067+0000] {logging_mixin.py:188} INFO - [2024-08-03T21:25:01.066+0000] {dag.py:3947} INFO - Setting next_dagrun for example_xcom_args to None, run_after=None
[2024-08-03T21:25:01.084+0000] {logging_mixin.py:188} INFO - [2024-08-03T21:25:01.084+0000] {dag.py:3947} INFO - Setting next_dagrun for example_xcom_args_with_operators to None, run_after=None
[2024-08-03T21:25:01.190+0000] {processor.py:183} INFO - Processing /home/airflow/.local/lib/python3.12/site-packages/airflow/example_dags/example_xcomargs.py took 0.881 seconds
[2024-08-03T23:35:02.518+0000] {processor.py:161} INFO - Started process (PID=9087) to work on /home/airflow/.local/lib/python3.12/site-packages/airflow/example_dags/example_xcomargs.py
[2024-08-03T23:35:02.564+0000] {processor.py:830} INFO - Processing file /home/airflow/.local/lib/python3.12/site-packages/airflow/example_dags/example_xcomargs.py for tasks to queue
[2024-08-03T23:35:02.599+0000] {logging_mixin.py:188} INFO - [2024-08-03T23:35:02.572+0000] {dagbag.py:545} INFO - Filling up the DagBag from /home/airflow/.local/lib/python3.12/site-packages/airflow/example_dags/example_xcomargs.py
[2024-08-03T23:35:03.049+0000] {processor.py:840} INFO - DAG(s) 'example_xcom_args_with_operators', 'example_xcom_args' retrieved from /home/airflow/.local/lib/python3.12/site-packages/airflow/example_dags/example_xcomargs.py
[2024-08-03T23:35:03.564+0000] {logging_mixin.py:188} INFO - [2024-08-03T23:35:03.557+0000] {dag.py:3089} INFO - Sync 2 DAGs
[2024-08-03T23:35:03.826+0000] {logging_mixin.py:188} INFO - [2024-08-03T23:35:03.825+0000] {dag.py:3947} INFO - Setting next_dagrun for example_xcom_args to None, run_after=None
[2024-08-03T23:35:03.858+0000] {logging_mixin.py:188} INFO - [2024-08-03T23:35:03.854+0000] {dag.py:3947} INFO - Setting next_dagrun for example_xcom_args_with_operators to None, run_after=None
[2024-08-03T23:35:03.992+0000] {processor.py:183} INFO - Processing /home/airflow/.local/lib/python3.12/site-packages/airflow/example_dags/example_xcomargs.py took 1.601 seconds
