[2024-08-03T00:02:40.430+0000] {processor.py:161} INFO - Started process (PID=7153) to work on /home/airflow/.local/lib/python3.12/site-packages/airflow/example_dags/example_bash_decorator.py
[2024-08-03T00:02:40.442+0000] {processor.py:830} INFO - Processing file /home/airflow/.local/lib/python3.12/site-packages/airflow/example_dags/example_bash_decorator.py for tasks to queue
[2024-08-03T00:02:40.448+0000] {logging_mixin.py:188} INFO - [2024-08-03T00:02:40.447+0000] {dagbag.py:545} INFO - Filling up the DagBag from /home/airflow/.local/lib/python3.12/site-packages/airflow/example_dags/example_bash_decorator.py
[2024-08-03T00:02:40.615+0000] {processor.py:840} INFO - DAG(s) 'example_bash_decorator' retrieved from /home/airflow/.local/lib/python3.12/site-packages/airflow/example_dags/example_bash_decorator.py
[2024-08-03T00:02:41.343+0000] {logging_mixin.py:188} INFO - [2024-08-03T00:02:41.325+0000] {dag.py:3089} INFO - Sync 1 DAGs
[2024-08-03T00:02:41.551+0000] {logging_mixin.py:188} INFO - [2024-08-03T00:02:41.546+0000] {dag.py:3947} INFO - Setting next_dagrun for example_bash_decorator to None, run_after=None
[2024-08-03T00:02:41.994+0000] {processor.py:183} INFO - Processing /home/airflow/.local/lib/python3.12/site-packages/airflow/example_dags/example_bash_decorator.py took 1.599 seconds
[2024-08-03T01:57:38.498+0000] {processor.py:161} INFO - Started process (PID=7223) to work on /home/airflow/.local/lib/python3.12/site-packages/airflow/example_dags/example_bash_decorator.py
[2024-08-03T01:57:38.514+0000] {processor.py:830} INFO - Processing file /home/airflow/.local/lib/python3.12/site-packages/airflow/example_dags/example_bash_decorator.py for tasks to queue
[2024-08-03T01:57:38.530+0000] {logging_mixin.py:188} INFO - [2024-08-03T01:57:38.525+0000] {dagbag.py:545} INFO - Filling up the DagBag from /home/airflow/.local/lib/python3.12/site-packages/airflow/example_dags/example_bash_decorator.py
[2024-08-03T01:57:38.731+0000] {processor.py:840} INFO - DAG(s) 'example_bash_decorator' retrieved from /home/airflow/.local/lib/python3.12/site-packages/airflow/example_dags/example_bash_decorator.py
[2024-08-03T01:57:39.111+0000] {logging_mixin.py:188} INFO - [2024-08-03T01:57:39.098+0000] {dag.py:3089} INFO - Sync 1 DAGs
[2024-08-03T01:57:39.277+0000] {logging_mixin.py:188} INFO - [2024-08-03T01:57:39.276+0000] {dag.py:3947} INFO - Setting next_dagrun for example_bash_decorator to None, run_after=None
[2024-08-03T01:57:39.402+0000] {processor.py:183} INFO - Processing /home/airflow/.local/lib/python3.12/site-packages/airflow/example_dags/example_bash_decorator.py took 1.001 seconds
[2024-08-03T03:16:51.200+0000] {processor.py:161} INFO - Started process (PID=7273) to work on /home/airflow/.local/lib/python3.12/site-packages/airflow/example_dags/example_bash_decorator.py
[2024-08-03T03:16:51.207+0000] {processor.py:830} INFO - Processing file /home/airflow/.local/lib/python3.12/site-packages/airflow/example_dags/example_bash_decorator.py for tasks to queue
[2024-08-03T03:16:51.215+0000] {logging_mixin.py:188} INFO - [2024-08-03T03:16:51.214+0000] {dagbag.py:545} INFO - Filling up the DagBag from /home/airflow/.local/lib/python3.12/site-packages/airflow/example_dags/example_bash_decorator.py
[2024-08-03T03:16:51.551+0000] {processor.py:840} INFO - DAG(s) 'example_bash_decorator' retrieved from /home/airflow/.local/lib/python3.12/site-packages/airflow/example_dags/example_bash_decorator.py
[2024-08-03T03:16:51.929+0000] {logging_mixin.py:188} INFO - [2024-08-03T03:16:51.928+0000] {dag.py:3089} INFO - Sync 1 DAGs
[2024-08-03T03:16:52.081+0000] {logging_mixin.py:188} INFO - [2024-08-03T03:16:52.078+0000] {dag.py:3947} INFO - Setting next_dagrun for example_bash_decorator to None, run_after=None
[2024-08-03T03:16:52.666+0000] {processor.py:183} INFO - Processing /home/airflow/.local/lib/python3.12/site-packages/airflow/example_dags/example_bash_decorator.py took 1.550 seconds
[2024-08-03T03:18:13.857+0000] {processor.py:161} INFO - Started process (PID=7339) to work on /home/airflow/.local/lib/python3.12/site-packages/airflow/example_dags/example_bash_decorator.py
[2024-08-03T03:18:13.868+0000] {processor.py:830} INFO - Processing file /home/airflow/.local/lib/python3.12/site-packages/airflow/example_dags/example_bash_decorator.py for tasks to queue
[2024-08-03T03:18:13.880+0000] {logging_mixin.py:188} INFO - [2024-08-03T03:18:13.873+0000] {dagbag.py:545} INFO - Filling up the DagBag from /home/airflow/.local/lib/python3.12/site-packages/airflow/example_dags/example_bash_decorator.py
[2024-08-03T03:18:14.062+0000] {processor.py:840} INFO - DAG(s) 'example_bash_decorator' retrieved from /home/airflow/.local/lib/python3.12/site-packages/airflow/example_dags/example_bash_decorator.py
[2024-08-03T03:18:15.017+0000] {logging_mixin.py:188} INFO - [2024-08-03T03:18:14.986+0000] {dag.py:3089} INFO - Sync 1 DAGs
[2024-08-03T03:18:15.174+0000] {logging_mixin.py:188} INFO - [2024-08-03T03:18:15.173+0000] {dag.py:3947} INFO - Setting next_dagrun for example_bash_decorator to None, run_after=None
[2024-08-03T03:18:15.271+0000] {processor.py:183} INFO - Processing /home/airflow/.local/lib/python3.12/site-packages/airflow/example_dags/example_bash_decorator.py took 1.475 seconds
[2024-08-03T04:31:59.365+0000] {processor.py:161} INFO - Started process (PID=7433) to work on /home/airflow/.local/lib/python3.12/site-packages/airflow/example_dags/example_bash_decorator.py
[2024-08-03T04:31:59.384+0000] {processor.py:830} INFO - Processing file /home/airflow/.local/lib/python3.12/site-packages/airflow/example_dags/example_bash_decorator.py for tasks to queue
[2024-08-03T04:31:59.409+0000] {logging_mixin.py:188} INFO - [2024-08-03T04:31:59.396+0000] {dagbag.py:545} INFO - Filling up the DagBag from /home/airflow/.local/lib/python3.12/site-packages/airflow/example_dags/example_bash_decorator.py
[2024-08-03T05:41:25.060+0000] {processor.py:840} INFO - DAG(s) 'example_bash_decorator' retrieved from /home/airflow/.local/lib/python3.12/site-packages/airflow/example_dags/example_bash_decorator.py
[2024-08-03T05:41:25.682+0000] {logging_mixin.py:188} INFO - [2024-08-03T05:41:25.679+0000] {dag.py:3089} INFO - Sync 1 DAGs
[2024-08-03T05:41:25.965+0000] {logging_mixin.py:188} INFO - [2024-08-03T05:41:25.962+0000] {dag.py:3947} INFO - Setting next_dagrun for example_bash_decorator to None, run_after=None
[2024-08-03T05:41:26.356+0000] {processor.py:183} INFO - Processing /home/airflow/.local/lib/python3.12/site-packages/airflow/example_dags/example_bash_decorator.py took 1.654 seconds
[2024-08-03T06:48:08.978+0000] {processor.py:161} INFO - Started process (PID=7495) to work on /home/airflow/.local/lib/python3.12/site-packages/airflow/example_dags/example_bash_decorator.py
[2024-08-03T06:48:08.988+0000] {processor.py:830} INFO - Processing file /home/airflow/.local/lib/python3.12/site-packages/airflow/example_dags/example_bash_decorator.py for tasks to queue
[2024-08-03T06:48:08.998+0000] {logging_mixin.py:188} INFO - [2024-08-03T06:48:08.996+0000] {dagbag.py:545} INFO - Filling up the DagBag from /home/airflow/.local/lib/python3.12/site-packages/airflow/example_dags/example_bash_decorator.py
[2024-08-03T06:48:09.172+0000] {processor.py:840} INFO - DAG(s) 'example_bash_decorator' retrieved from /home/airflow/.local/lib/python3.12/site-packages/airflow/example_dags/example_bash_decorator.py
[2024-08-03T06:48:09.496+0000] {logging_mixin.py:188} INFO - [2024-08-03T06:48:09.488+0000] {dag.py:3089} INFO - Sync 1 DAGs
[2024-08-03T06:48:09.597+0000] {logging_mixin.py:188} INFO - [2024-08-03T06:48:09.596+0000] {dag.py:3947} INFO - Setting next_dagrun for example_bash_decorator to None, run_after=None
[2024-08-03T06:48:09.769+0000] {processor.py:183} INFO - Processing /home/airflow/.local/lib/python3.12/site-packages/airflow/example_dags/example_bash_decorator.py took 0.853 seconds
[2024-08-03T09:03:10.681+0000] {processor.py:161} INFO - Started process (PID=7562) to work on /home/airflow/.local/lib/python3.12/site-packages/airflow/example_dags/example_bash_decorator.py
[2024-08-03T09:03:10.713+0000] {processor.py:830} INFO - Processing file /home/airflow/.local/lib/python3.12/site-packages/airflow/example_dags/example_bash_decorator.py for tasks to queue
[2024-08-03T09:03:10.720+0000] {logging_mixin.py:188} INFO - [2024-08-03T09:03:10.717+0000] {dagbag.py:545} INFO - Filling up the DagBag from /home/airflow/.local/lib/python3.12/site-packages/airflow/example_dags/example_bash_decorator.py
[2024-08-03T09:03:10.883+0000] {processor.py:840} INFO - DAG(s) 'example_bash_decorator' retrieved from /home/airflow/.local/lib/python3.12/site-packages/airflow/example_dags/example_bash_decorator.py
[2024-08-03T09:03:12.101+0000] {logging_mixin.py:188} INFO - [2024-08-03T09:03:12.099+0000] {dag.py:3089} INFO - Sync 1 DAGs
[2024-08-03T09:03:12.241+0000] {logging_mixin.py:188} INFO - [2024-08-03T09:03:12.241+0000] {dag.py:3947} INFO - Setting next_dagrun for example_bash_decorator to None, run_after=None
[2024-08-03T09:03:12.459+0000] {processor.py:183} INFO - Processing /home/airflow/.local/lib/python3.12/site-packages/airflow/example_dags/example_bash_decorator.py took 1.838 seconds
[2024-08-03T10:36:37.221+0000] {processor.py:161} INFO - Started process (PID=7637) to work on /home/airflow/.local/lib/python3.12/site-packages/airflow/example_dags/example_bash_decorator.py
[2024-08-03T10:36:37.253+0000] {processor.py:830} INFO - Processing file /home/airflow/.local/lib/python3.12/site-packages/airflow/example_dags/example_bash_decorator.py for tasks to queue
[2024-08-03T10:36:37.293+0000] {logging_mixin.py:188} INFO - [2024-08-03T10:36:37.281+0000] {dagbag.py:545} INFO - Filling up the DagBag from /home/airflow/.local/lib/python3.12/site-packages/airflow/example_dags/example_bash_decorator.py
[2024-08-03T10:36:37.793+0000] {processor.py:840} INFO - DAG(s) 'example_bash_decorator' retrieved from /home/airflow/.local/lib/python3.12/site-packages/airflow/example_dags/example_bash_decorator.py
[2024-08-03T10:36:38.149+0000] {logging_mixin.py:188} INFO - [2024-08-03T10:36:38.142+0000] {dag.py:3089} INFO - Sync 1 DAGs
[2024-08-03T10:36:38.401+0000] {logging_mixin.py:188} INFO - [2024-08-03T10:36:38.379+0000] {dag.py:3947} INFO - Setting next_dagrun for example_bash_decorator to None, run_after=None
[2024-08-03T10:36:38.595+0000] {processor.py:183} INFO - Processing /home/airflow/.local/lib/python3.12/site-packages/airflow/example_dags/example_bash_decorator.py took 1.429 seconds
[2024-08-03T11:13:46.961+0000] {processor.py:161} INFO - Started process (PID=7727) to work on /home/airflow/.local/lib/python3.12/site-packages/airflow/example_dags/example_bash_decorator.py
[2024-08-03T11:13:46.966+0000] {processor.py:830} INFO - Processing file /home/airflow/.local/lib/python3.12/site-packages/airflow/example_dags/example_bash_decorator.py for tasks to queue
[2024-08-03T11:13:46.974+0000] {logging_mixin.py:188} INFO - [2024-08-03T11:13:46.971+0000] {dagbag.py:545} INFO - Filling up the DagBag from /home/airflow/.local/lib/python3.12/site-packages/airflow/example_dags/example_bash_decorator.py
[2024-08-03T11:13:47.193+0000] {processor.py:840} INFO - DAG(s) 'example_bash_decorator' retrieved from /home/airflow/.local/lib/python3.12/site-packages/airflow/example_dags/example_bash_decorator.py
[2024-08-03T11:13:47.503+0000] {logging_mixin.py:188} INFO - [2024-08-03T11:13:47.502+0000] {dag.py:3089} INFO - Sync 1 DAGs
[2024-08-03T11:13:47.619+0000] {logging_mixin.py:188} INFO - [2024-08-03T11:13:47.619+0000] {dag.py:3947} INFO - Setting next_dagrun for example_bash_decorator to None, run_after=None
[2024-08-03T11:13:47.784+0000] {processor.py:183} INFO - Processing /home/airflow/.local/lib/python3.12/site-packages/airflow/example_dags/example_bash_decorator.py took 0.873 seconds
[2024-08-03T13:26:52.694+0000] {processor.py:161} INFO - Started process (PID=7801) to work on /home/airflow/.local/lib/python3.12/site-packages/airflow/example_dags/example_bash_decorator.py
[2024-08-03T13:26:52.713+0000] {processor.py:830} INFO - Processing file /home/airflow/.local/lib/python3.12/site-packages/airflow/example_dags/example_bash_decorator.py for tasks to queue
[2024-08-03T13:26:52.739+0000] {logging_mixin.py:188} INFO - [2024-08-03T13:26:52.729+0000] {dagbag.py:545} INFO - Filling up the DagBag from /home/airflow/.local/lib/python3.12/site-packages/airflow/example_dags/example_bash_decorator.py
[2024-08-03T13:26:52.922+0000] {processor.py:840} INFO - DAG(s) 'example_bash_decorator' retrieved from /home/airflow/.local/lib/python3.12/site-packages/airflow/example_dags/example_bash_decorator.py
[2024-08-03T13:26:53.267+0000] {logging_mixin.py:188} INFO - [2024-08-03T13:26:53.266+0000] {dag.py:3089} INFO - Sync 1 DAGs
[2024-08-03T13:26:53.407+0000] {logging_mixin.py:188} INFO - [2024-08-03T13:26:53.406+0000] {dag.py:3947} INFO - Setting next_dagrun for example_bash_decorator to None, run_after=None
[2024-08-03T13:26:53.537+0000] {processor.py:183} INFO - Processing /home/airflow/.local/lib/python3.12/site-packages/airflow/example_dags/example_bash_decorator.py took 1.041 seconds
[2024-08-03T14:17:40.022+0000] {processor.py:161} INFO - Started process (PID=7844) to work on /home/airflow/.local/lib/python3.12/site-packages/airflow/example_dags/example_bash_decorator.py
[2024-08-03T14:17:40.061+0000] {processor.py:830} INFO - Processing file /home/airflow/.local/lib/python3.12/site-packages/airflow/example_dags/example_bash_decorator.py for tasks to queue
[2024-08-03T14:17:40.076+0000] {logging_mixin.py:188} INFO - [2024-08-03T14:17:40.071+0000] {dagbag.py:545} INFO - Filling up the DagBag from /home/airflow/.local/lib/python3.12/site-packages/airflow/example_dags/example_bash_decorator.py
[2024-08-03T14:17:40.295+0000] {processor.py:840} INFO - DAG(s) 'example_bash_decorator' retrieved from /home/airflow/.local/lib/python3.12/site-packages/airflow/example_dags/example_bash_decorator.py
[2024-08-03T14:17:40.554+0000] {logging_mixin.py:188} INFO - [2024-08-03T14:17:40.551+0000] {dag.py:3089} INFO - Sync 1 DAGs
[2024-08-03T14:17:40.652+0000] {logging_mixin.py:188} INFO - [2024-08-03T14:17:40.651+0000] {dag.py:3947} INFO - Setting next_dagrun for example_bash_decorator to None, run_after=None
[2024-08-03T14:17:40.761+0000] {processor.py:183} INFO - Processing /home/airflow/.local/lib/python3.12/site-packages/airflow/example_dags/example_bash_decorator.py took 0.805 seconds
[2024-08-03T14:18:18.838+0000] {processor.py:161} INFO - Started process (PID=7905) to work on /home/airflow/.local/lib/python3.12/site-packages/airflow/example_dags/example_bash_decorator.py
[2024-08-03T14:18:18.840+0000] {processor.py:830} INFO - Processing file /home/airflow/.local/lib/python3.12/site-packages/airflow/example_dags/example_bash_decorator.py for tasks to queue
[2024-08-03T14:18:18.840+0000] {logging_mixin.py:188} INFO - [2024-08-03T14:18:18.840+0000] {dagbag.py:545} INFO - Filling up the DagBag from /home/airflow/.local/lib/python3.12/site-packages/airflow/example_dags/example_bash_decorator.py
[2024-08-03T14:18:18.852+0000] {processor.py:840} INFO - DAG(s) 'example_bash_decorator' retrieved from /home/airflow/.local/lib/python3.12/site-packages/airflow/example_dags/example_bash_decorator.py
[2024-08-03T14:18:18.877+0000] {logging_mixin.py:188} INFO - [2024-08-03T14:18:18.877+0000] {dag.py:3089} INFO - Sync 1 DAGs
[2024-08-03T14:18:18.898+0000] {logging_mixin.py:188} INFO - [2024-08-03T14:18:18.897+0000] {dag.py:3947} INFO - Setting next_dagrun for example_bash_decorator to None, run_after=None
[2024-08-03T14:18:18.912+0000] {processor.py:183} INFO - Processing /home/airflow/.local/lib/python3.12/site-packages/airflow/example_dags/example_bash_decorator.py took 0.079 seconds
[2024-08-03T14:36:28.793+0000] {processor.py:161} INFO - Started process (PID=7992) to work on /home/airflow/.local/lib/python3.12/site-packages/airflow/example_dags/example_bash_decorator.py
[2024-08-03T14:36:28.800+0000] {processor.py:830} INFO - Processing file /home/airflow/.local/lib/python3.12/site-packages/airflow/example_dags/example_bash_decorator.py for tasks to queue
[2024-08-03T14:36:28.816+0000] {logging_mixin.py:188} INFO - [2024-08-03T14:36:28.807+0000] {dagbag.py:545} INFO - Filling up the DagBag from /home/airflow/.local/lib/python3.12/site-packages/airflow/example_dags/example_bash_decorator.py
[2024-08-03T14:36:28.971+0000] {processor.py:840} INFO - DAG(s) 'example_bash_decorator' retrieved from /home/airflow/.local/lib/python3.12/site-packages/airflow/example_dags/example_bash_decorator.py
[2024-08-03T14:36:29.138+0000] {logging_mixin.py:188} INFO - [2024-08-03T14:36:29.133+0000] {dag.py:3089} INFO - Sync 1 DAGs
[2024-08-03T14:36:29.299+0000] {logging_mixin.py:188} INFO - [2024-08-03T14:36:29.232+0000] {dag.py:3947} INFO - Setting next_dagrun for example_bash_decorator to None, run_after=None
[2024-08-03T14:36:29.505+0000] {processor.py:183} INFO - Processing /home/airflow/.local/lib/python3.12/site-packages/airflow/example_dags/example_bash_decorator.py took 0.765 seconds
[2024-08-03T14:42:07.785+0000] {processor.py:161} INFO - Started process (PID=8063) to work on /home/airflow/.local/lib/python3.12/site-packages/airflow/example_dags/example_bash_decorator.py
[2024-08-03T14:42:07.787+0000] {processor.py:830} INFO - Processing file /home/airflow/.local/lib/python3.12/site-packages/airflow/example_dags/example_bash_decorator.py for tasks to queue
[2024-08-03T14:42:07.790+0000] {logging_mixin.py:188} INFO - [2024-08-03T14:42:07.789+0000] {dagbag.py:545} INFO - Filling up the DagBag from /home/airflow/.local/lib/python3.12/site-packages/airflow/example_dags/example_bash_decorator.py
[2024-08-03T14:42:07.978+0000] {processor.py:840} INFO - DAG(s) 'example_bash_decorator' retrieved from /home/airflow/.local/lib/python3.12/site-packages/airflow/example_dags/example_bash_decorator.py
[2024-08-03T14:42:08.154+0000] {logging_mixin.py:188} INFO - [2024-08-03T14:42:08.153+0000] {dag.py:3089} INFO - Sync 1 DAGs
[2024-08-03T14:42:08.255+0000] {logging_mixin.py:188} INFO - [2024-08-03T14:42:08.254+0000] {dag.py:3947} INFO - Setting next_dagrun for example_bash_decorator to None, run_after=None
[2024-08-03T14:42:08.305+0000] {processor.py:183} INFO - Processing /home/airflow/.local/lib/python3.12/site-packages/airflow/example_dags/example_bash_decorator.py took 0.571 seconds
[2024-08-03T14:42:38.447+0000] {processor.py:161} INFO - Started process (PID=8124) to work on /home/airflow/.local/lib/python3.12/site-packages/airflow/example_dags/example_bash_decorator.py
[2024-08-03T14:42:38.448+0000] {processor.py:830} INFO - Processing file /home/airflow/.local/lib/python3.12/site-packages/airflow/example_dags/example_bash_decorator.py for tasks to queue
[2024-08-03T14:42:38.449+0000] {logging_mixin.py:188} INFO - [2024-08-03T14:42:38.449+0000] {dagbag.py:545} INFO - Filling up the DagBag from /home/airflow/.local/lib/python3.12/site-packages/airflow/example_dags/example_bash_decorator.py
[2024-08-03T14:42:38.455+0000] {processor.py:840} INFO - DAG(s) 'example_bash_decorator' retrieved from /home/airflow/.local/lib/python3.12/site-packages/airflow/example_dags/example_bash_decorator.py
[2024-08-03T14:42:38.468+0000] {logging_mixin.py:188} INFO - [2024-08-03T14:42:38.468+0000] {dag.py:3089} INFO - Sync 1 DAGs
[2024-08-03T14:42:38.473+0000] {logging_mixin.py:188} INFO - [2024-08-03T14:42:38.473+0000] {dag.py:3947} INFO - Setting next_dagrun for example_bash_decorator to None, run_after=None
[2024-08-03T14:42:38.482+0000] {processor.py:183} INFO - Processing /home/airflow/.local/lib/python3.12/site-packages/airflow/example_dags/example_bash_decorator.py took 0.038 seconds
[2024-08-03T14:43:08.799+0000] {processor.py:161} INFO - Started process (PID=8184) to work on /home/airflow/.local/lib/python3.12/site-packages/airflow/example_dags/example_bash_decorator.py
[2024-08-03T14:43:08.800+0000] {processor.py:830} INFO - Processing file /home/airflow/.local/lib/python3.12/site-packages/airflow/example_dags/example_bash_decorator.py for tasks to queue
[2024-08-03T14:43:08.801+0000] {logging_mixin.py:188} INFO - [2024-08-03T14:43:08.800+0000] {dagbag.py:545} INFO - Filling up the DagBag from /home/airflow/.local/lib/python3.12/site-packages/airflow/example_dags/example_bash_decorator.py
[2024-08-03T14:43:08.810+0000] {processor.py:840} INFO - DAG(s) 'example_bash_decorator' retrieved from /home/airflow/.local/lib/python3.12/site-packages/airflow/example_dags/example_bash_decorator.py
[2024-08-03T14:43:08.826+0000] {logging_mixin.py:188} INFO - [2024-08-03T14:43:08.825+0000] {dag.py:3089} INFO - Sync 1 DAGs
[2024-08-03T14:43:08.833+0000] {logging_mixin.py:188} INFO - [2024-08-03T14:43:08.833+0000] {dag.py:3947} INFO - Setting next_dagrun for example_bash_decorator to None, run_after=None
[2024-08-03T14:43:08.842+0000] {processor.py:183} INFO - Processing /home/airflow/.local/lib/python3.12/site-packages/airflow/example_dags/example_bash_decorator.py took 0.047 seconds
[2024-08-03T14:43:40.299+0000] {processor.py:161} INFO - Started process (PID=8260) to work on /home/airflow/.local/lib/python3.12/site-packages/airflow/example_dags/example_bash_decorator.py
[2024-08-03T14:43:40.301+0000] {processor.py:830} INFO - Processing file /home/airflow/.local/lib/python3.12/site-packages/airflow/example_dags/example_bash_decorator.py for tasks to queue
[2024-08-03T14:43:40.303+0000] {logging_mixin.py:188} INFO - [2024-08-03T14:43:40.302+0000] {dagbag.py:545} INFO - Filling up the DagBag from /home/airflow/.local/lib/python3.12/site-packages/airflow/example_dags/example_bash_decorator.py
[2024-08-03T14:43:40.342+0000] {processor.py:840} INFO - DAG(s) 'example_bash_decorator' retrieved from /home/airflow/.local/lib/python3.12/site-packages/airflow/example_dags/example_bash_decorator.py
[2024-08-03T14:43:40.387+0000] {logging_mixin.py:188} INFO - [2024-08-03T14:43:40.387+0000] {dag.py:3089} INFO - Sync 1 DAGs
[2024-08-03T14:43:40.411+0000] {logging_mixin.py:188} INFO - [2024-08-03T14:43:40.410+0000] {dag.py:3947} INFO - Setting next_dagrun for example_bash_decorator to None, run_after=None
[2024-08-03T14:43:40.440+0000] {processor.py:183} INFO - Processing /home/airflow/.local/lib/python3.12/site-packages/airflow/example_dags/example_bash_decorator.py took 0.150 seconds
[2024-08-03T15:05:40.869+0000] {processor.py:161} INFO - Started process (PID=8342) to work on /home/airflow/.local/lib/python3.12/site-packages/airflow/example_dags/example_bash_decorator.py
[2024-08-03T15:05:40.876+0000] {processor.py:830} INFO - Processing file /home/airflow/.local/lib/python3.12/site-packages/airflow/example_dags/example_bash_decorator.py for tasks to queue
[2024-08-03T15:05:40.897+0000] {logging_mixin.py:188} INFO - [2024-08-03T15:05:40.892+0000] {dagbag.py:545} INFO - Filling up the DagBag from /home/airflow/.local/lib/python3.12/site-packages/airflow/example_dags/example_bash_decorator.py
[2024-08-03T15:05:41.843+0000] {processor.py:840} INFO - DAG(s) 'example_bash_decorator' retrieved from /home/airflow/.local/lib/python3.12/site-packages/airflow/example_dags/example_bash_decorator.py
[2024-08-03T15:05:42.508+0000] {logging_mixin.py:188} INFO - [2024-08-03T15:05:42.506+0000] {dag.py:3089} INFO - Sync 1 DAGs
[2024-08-03T15:05:42.710+0000] {logging_mixin.py:188} INFO - [2024-08-03T15:05:42.709+0000] {dag.py:3947} INFO - Setting next_dagrun for example_bash_decorator to None, run_after=None
[2024-08-03T15:05:42.871+0000] {processor.py:183} INFO - Processing /home/airflow/.local/lib/python3.12/site-packages/airflow/example_dags/example_bash_decorator.py took 2.174 seconds
[2024-08-03T15:55:08.997+0000] {processor.py:161} INFO - Started process (PID=8408) to work on /home/airflow/.local/lib/python3.12/site-packages/airflow/example_dags/example_bash_decorator.py
[2024-08-03T15:55:08.999+0000] {processor.py:830} INFO - Processing file /home/airflow/.local/lib/python3.12/site-packages/airflow/example_dags/example_bash_decorator.py for tasks to queue
[2024-08-03T15:55:09.000+0000] {logging_mixin.py:188} INFO - [2024-08-03T15:55:09.000+0000] {dagbag.py:545} INFO - Filling up the DagBag from /home/airflow/.local/lib/python3.12/site-packages/airflow/example_dags/example_bash_decorator.py
[2024-08-03T15:55:09.012+0000] {processor.py:840} INFO - DAG(s) 'example_bash_decorator' retrieved from /home/airflow/.local/lib/python3.12/site-packages/airflow/example_dags/example_bash_decorator.py
[2024-08-03T15:55:09.038+0000] {logging_mixin.py:188} INFO - [2024-08-03T15:55:09.038+0000] {dag.py:3089} INFO - Sync 1 DAGs
[2024-08-03T15:55:09.050+0000] {logging_mixin.py:188} INFO - [2024-08-03T15:55:09.050+0000] {dag.py:3947} INFO - Setting next_dagrun for example_bash_decorator to None, run_after=None
[2024-08-03T15:55:09.076+0000] {processor.py:183} INFO - Processing /home/airflow/.local/lib/python3.12/site-packages/airflow/example_dags/example_bash_decorator.py took 0.085 seconds
[2024-08-03T17:01:28.179+0000] {processor.py:161} INFO - Started process (PID=8455) to work on /home/airflow/.local/lib/python3.12/site-packages/airflow/example_dags/example_bash_decorator.py
[2024-08-03T17:01:28.192+0000] {processor.py:830} INFO - Processing file /home/airflow/.local/lib/python3.12/site-packages/airflow/example_dags/example_bash_decorator.py for tasks to queue
[2024-08-03T17:01:28.209+0000] {logging_mixin.py:188} INFO - [2024-08-03T17:01:28.203+0000] {dagbag.py:545} INFO - Filling up the DagBag from /home/airflow/.local/lib/python3.12/site-packages/airflow/example_dags/example_bash_decorator.py
[2024-08-03T17:01:28.429+0000] {processor.py:840} INFO - DAG(s) 'example_bash_decorator' retrieved from /home/airflow/.local/lib/python3.12/site-packages/airflow/example_dags/example_bash_decorator.py
[2024-08-03T17:01:29.070+0000] {logging_mixin.py:188} INFO - [2024-08-03T17:01:29.067+0000] {dag.py:3089} INFO - Sync 1 DAGs
[2024-08-03T17:01:30.011+0000] {logging_mixin.py:188} INFO - [2024-08-03T17:01:30.004+0000] {dag.py:3947} INFO - Setting next_dagrun for example_bash_decorator to None, run_after=None
[2024-08-03T17:01:30.275+0000] {processor.py:183} INFO - Processing /home/airflow/.local/lib/python3.12/site-packages/airflow/example_dags/example_bash_decorator.py took 2.158 seconds
[2024-08-03T17:24:41.141+0000] {processor.py:161} INFO - Started process (PID=8522) to work on /home/airflow/.local/lib/python3.12/site-packages/airflow/example_dags/example_bash_decorator.py
[2024-08-03T17:24:41.149+0000] {processor.py:830} INFO - Processing file /home/airflow/.local/lib/python3.12/site-packages/airflow/example_dags/example_bash_decorator.py for tasks to queue
[2024-08-03T17:24:41.184+0000] {logging_mixin.py:188} INFO - [2024-08-03T17:24:41.176+0000] {dagbag.py:545} INFO - Filling up the DagBag from /home/airflow/.local/lib/python3.12/site-packages/airflow/example_dags/example_bash_decorator.py
[2024-08-03T17:24:41.519+0000] {processor.py:840} INFO - DAG(s) 'example_bash_decorator' retrieved from /home/airflow/.local/lib/python3.12/site-packages/airflow/example_dags/example_bash_decorator.py
[2024-08-03T17:24:41.974+0000] {logging_mixin.py:188} INFO - [2024-08-03T17:24:41.965+0000] {dag.py:3089} INFO - Sync 1 DAGs
[2024-08-03T17:24:42.126+0000] {logging_mixin.py:188} INFO - [2024-08-03T17:24:42.126+0000] {dag.py:3947} INFO - Setting next_dagrun for example_bash_decorator to None, run_after=None
[2024-08-03T17:24:42.355+0000] {processor.py:183} INFO - Processing /home/airflow/.local/lib/python3.12/site-packages/airflow/example_dags/example_bash_decorator.py took 1.306 seconds
[2024-08-03T17:25:12.563+0000] {processor.py:161} INFO - Started process (PID=8583) to work on /home/airflow/.local/lib/python3.12/site-packages/airflow/example_dags/example_bash_decorator.py
[2024-08-03T17:25:12.567+0000] {processor.py:830} INFO - Processing file /home/airflow/.local/lib/python3.12/site-packages/airflow/example_dags/example_bash_decorator.py for tasks to queue
[2024-08-03T17:25:12.569+0000] {logging_mixin.py:188} INFO - [2024-08-03T17:25:12.568+0000] {dagbag.py:545} INFO - Filling up the DagBag from /home/airflow/.local/lib/python3.12/site-packages/airflow/example_dags/example_bash_decorator.py
[2024-08-03T17:25:12.642+0000] {processor.py:840} INFO - DAG(s) 'example_bash_decorator' retrieved from /home/airflow/.local/lib/python3.12/site-packages/airflow/example_dags/example_bash_decorator.py
[2024-08-03T17:25:12.743+0000] {logging_mixin.py:188} INFO - [2024-08-03T17:25:12.742+0000] {dag.py:3089} INFO - Sync 1 DAGs
[2024-08-03T17:25:12.796+0000] {logging_mixin.py:188} INFO - [2024-08-03T17:25:12.795+0000] {dag.py:3947} INFO - Setting next_dagrun for example_bash_decorator to None, run_after=None
[2024-08-03T17:25:12.831+0000] {processor.py:183} INFO - Processing /home/airflow/.local/lib/python3.12/site-packages/airflow/example_dags/example_bash_decorator.py took 0.294 seconds
[2024-08-03T17:26:30.540+0000] {processor.py:161} INFO - Started process (PID=8618) to work on /home/airflow/.local/lib/python3.12/site-packages/airflow/example_dags/example_bash_decorator.py
[2024-08-03T17:26:30.547+0000] {processor.py:830} INFO - Processing file /home/airflow/.local/lib/python3.12/site-packages/airflow/example_dags/example_bash_decorator.py for tasks to queue
[2024-08-03T17:26:30.597+0000] {logging_mixin.py:188} INFO - [2024-08-03T17:26:30.573+0000] {dagbag.py:545} INFO - Filling up the DagBag from /home/airflow/.local/lib/python3.12/site-packages/airflow/example_dags/example_bash_decorator.py
[2024-08-03T17:26:30.766+0000] {processor.py:840} INFO - DAG(s) 'example_bash_decorator' retrieved from /home/airflow/.local/lib/python3.12/site-packages/airflow/example_dags/example_bash_decorator.py
[2024-08-03T17:26:31.083+0000] {logging_mixin.py:188} INFO - [2024-08-03T17:26:31.082+0000] {dag.py:3089} INFO - Sync 1 DAGs
[2024-08-03T17:26:31.234+0000] {logging_mixin.py:188} INFO - [2024-08-03T17:26:31.231+0000] {dag.py:3947} INFO - Setting next_dagrun for example_bash_decorator to None, run_after=None
[2024-08-03T17:26:31.352+0000] {processor.py:183} INFO - Processing /home/airflow/.local/lib/python3.12/site-packages/airflow/example_dags/example_bash_decorator.py took 0.831 seconds
[2024-08-03T17:27:01.477+0000] {processor.py:161} INFO - Started process (PID=8678) to work on /home/airflow/.local/lib/python3.12/site-packages/airflow/example_dags/example_bash_decorator.py
[2024-08-03T17:27:01.478+0000] {processor.py:830} INFO - Processing file /home/airflow/.local/lib/python3.12/site-packages/airflow/example_dags/example_bash_decorator.py for tasks to queue
[2024-08-03T17:27:01.478+0000] {logging_mixin.py:188} INFO - [2024-08-03T17:27:01.478+0000] {dagbag.py:545} INFO - Filling up the DagBag from /home/airflow/.local/lib/python3.12/site-packages/airflow/example_dags/example_bash_decorator.py
[2024-08-03T17:27:01.485+0000] {processor.py:840} INFO - DAG(s) 'example_bash_decorator' retrieved from /home/airflow/.local/lib/python3.12/site-packages/airflow/example_dags/example_bash_decorator.py
[2024-08-03T17:27:01.498+0000] {logging_mixin.py:188} INFO - [2024-08-03T17:27:01.498+0000] {dag.py:3089} INFO - Sync 1 DAGs
[2024-08-03T17:27:01.503+0000] {logging_mixin.py:188} INFO - [2024-08-03T17:27:01.503+0000] {dag.py:3947} INFO - Setting next_dagrun for example_bash_decorator to None, run_after=None
[2024-08-03T17:27:01.510+0000] {processor.py:183} INFO - Processing /home/airflow/.local/lib/python3.12/site-packages/airflow/example_dags/example_bash_decorator.py took 0.036 seconds
[2024-08-03T17:49:29.844+0000] {processor.py:161} INFO - Started process (PID=8747) to work on /home/airflow/.local/lib/python3.12/site-packages/airflow/example_dags/example_bash_decorator.py
[2024-08-03T17:49:29.852+0000] {processor.py:830} INFO - Processing file /home/airflow/.local/lib/python3.12/site-packages/airflow/example_dags/example_bash_decorator.py for tasks to queue
[2024-08-03T17:49:29.858+0000] {logging_mixin.py:188} INFO - [2024-08-03T17:49:29.857+0000] {dagbag.py:545} INFO - Filling up the DagBag from /home/airflow/.local/lib/python3.12/site-packages/airflow/example_dags/example_bash_decorator.py
[2024-08-03T17:49:30.039+0000] {processor.py:840} INFO - DAG(s) 'example_bash_decorator' retrieved from /home/airflow/.local/lib/python3.12/site-packages/airflow/example_dags/example_bash_decorator.py
[2024-08-03T17:49:30.324+0000] {logging_mixin.py:188} INFO - [2024-08-03T17:49:30.321+0000] {dag.py:3089} INFO - Sync 1 DAGs
[2024-08-03T17:49:30.395+0000] {logging_mixin.py:188} INFO - [2024-08-03T17:49:30.395+0000] {dag.py:3947} INFO - Setting next_dagrun for example_bash_decorator to None, run_after=None
[2024-08-03T17:49:30.606+0000] {processor.py:183} INFO - Processing /home/airflow/.local/lib/python3.12/site-packages/airflow/example_dags/example_bash_decorator.py took 0.835 seconds
[2024-08-03T18:23:28.422+0000] {processor.py:161} INFO - Started process (PID=8808) to work on /home/airflow/.local/lib/python3.12/site-packages/airflow/example_dags/example_bash_decorator.py
[2024-08-03T18:23:28.425+0000] {processor.py:830} INFO - Processing file /home/airflow/.local/lib/python3.12/site-packages/airflow/example_dags/example_bash_decorator.py for tasks to queue
[2024-08-03T18:23:28.428+0000] {logging_mixin.py:188} INFO - [2024-08-03T18:23:28.426+0000] {dagbag.py:545} INFO - Filling up the DagBag from /home/airflow/.local/lib/python3.12/site-packages/airflow/example_dags/example_bash_decorator.py
[2024-08-03T18:23:28.481+0000] {processor.py:840} INFO - DAG(s) 'example_bash_decorator' retrieved from /home/airflow/.local/lib/python3.12/site-packages/airflow/example_dags/example_bash_decorator.py
[2024-08-03T18:23:28.566+0000] {logging_mixin.py:188} INFO - [2024-08-03T18:23:28.565+0000] {dag.py:3089} INFO - Sync 1 DAGs
[2024-08-03T18:23:28.610+0000] {logging_mixin.py:188} INFO - [2024-08-03T18:23:28.609+0000] {dag.py:3947} INFO - Setting next_dagrun for example_bash_decorator to None, run_after=None
[2024-08-03T18:23:28.687+0000] {processor.py:183} INFO - Processing /home/airflow/.local/lib/python3.12/site-packages/airflow/example_dags/example_bash_decorator.py took 0.274 seconds
[2024-08-03T19:08:39.971+0000] {processor.py:161} INFO - Started process (PID=8860) to work on /home/airflow/.local/lib/python3.12/site-packages/airflow/example_dags/example_bash_decorator.py
[2024-08-03T19:08:39.986+0000] {processor.py:830} INFO - Processing file /home/airflow/.local/lib/python3.12/site-packages/airflow/example_dags/example_bash_decorator.py for tasks to queue
[2024-08-03T19:08:40.000+0000] {logging_mixin.py:188} INFO - [2024-08-03T19:08:39.992+0000] {dagbag.py:545} INFO - Filling up the DagBag from /home/airflow/.local/lib/python3.12/site-packages/airflow/example_dags/example_bash_decorator.py
[2024-08-03T19:08:40.120+0000] {processor.py:840} INFO - DAG(s) 'example_bash_decorator' retrieved from /home/airflow/.local/lib/python3.12/site-packages/airflow/example_dags/example_bash_decorator.py
[2024-08-03T19:08:40.298+0000] {logging_mixin.py:188} INFO - [2024-08-03T19:08:40.296+0000] {dag.py:3089} INFO - Sync 1 DAGs
[2024-08-03T19:08:40.359+0000] {logging_mixin.py:188} INFO - [2024-08-03T19:08:40.358+0000] {dag.py:3947} INFO - Setting next_dagrun for example_bash_decorator to None, run_after=None
[2024-08-03T19:08:40.445+0000] {processor.py:183} INFO - Processing /home/airflow/.local/lib/python3.12/site-packages/airflow/example_dags/example_bash_decorator.py took 0.579 seconds
[2024-08-03T20:16:15.552+0000] {processor.py:161} INFO - Started process (PID=8920) to work on /home/airflow/.local/lib/python3.12/site-packages/airflow/example_dags/example_bash_decorator.py
[2024-08-03T20:16:15.555+0000] {processor.py:830} INFO - Processing file /home/airflow/.local/lib/python3.12/site-packages/airflow/example_dags/example_bash_decorator.py for tasks to queue
[2024-08-03T20:16:15.561+0000] {logging_mixin.py:188} INFO - [2024-08-03T20:16:15.560+0000] {dagbag.py:545} INFO - Filling up the DagBag from /home/airflow/.local/lib/python3.12/site-packages/airflow/example_dags/example_bash_decorator.py
[2024-08-03T20:16:15.642+0000] {processor.py:840} INFO - DAG(s) 'example_bash_decorator' retrieved from /home/airflow/.local/lib/python3.12/site-packages/airflow/example_dags/example_bash_decorator.py
[2024-08-03T20:16:15.702+0000] {logging_mixin.py:188} INFO - [2024-08-03T20:16:15.701+0000] {dag.py:3089} INFO - Sync 1 DAGs
[2024-08-03T20:16:15.742+0000] {logging_mixin.py:188} INFO - [2024-08-03T20:16:15.742+0000] {dag.py:3947} INFO - Setting next_dagrun for example_bash_decorator to None, run_after=None
[2024-08-03T20:16:15.790+0000] {processor.py:183} INFO - Processing /home/airflow/.local/lib/python3.12/site-packages/airflow/example_dags/example_bash_decorator.py took 0.264 seconds
[2024-08-03T21:24:42.244+0000] {processor.py:161} INFO - Started process (PID=8977) to work on /home/airflow/.local/lib/python3.12/site-packages/airflow/example_dags/example_bash_decorator.py
[2024-08-03T21:24:42.257+0000] {processor.py:830} INFO - Processing file /home/airflow/.local/lib/python3.12/site-packages/airflow/example_dags/example_bash_decorator.py for tasks to queue
[2024-08-03T21:24:42.266+0000] {logging_mixin.py:188} INFO - [2024-08-03T21:24:42.260+0000] {dagbag.py:545} INFO - Filling up the DagBag from /home/airflow/.local/lib/python3.12/site-packages/airflow/example_dags/example_bash_decorator.py
[2024-08-03T21:24:42.350+0000] {processor.py:840} INFO - DAG(s) 'example_bash_decorator' retrieved from /home/airflow/.local/lib/python3.12/site-packages/airflow/example_dags/example_bash_decorator.py
[2024-08-03T21:24:42.480+0000] {logging_mixin.py:188} INFO - [2024-08-03T21:24:42.479+0000] {dag.py:3089} INFO - Sync 1 DAGs
[2024-08-03T21:24:42.561+0000] {logging_mixin.py:188} INFO - [2024-08-03T21:24:42.561+0000] {dag.py:3947} INFO - Setting next_dagrun for example_bash_decorator to None, run_after=None
[2024-08-03T21:24:42.668+0000] {processor.py:183} INFO - Processing /home/airflow/.local/lib/python3.12/site-packages/airflow/example_dags/example_bash_decorator.py took 0.456 seconds
[2024-08-03T22:28:57.652+0000] {processor.py:161} INFO - Started process (PID=9037) to work on /home/airflow/.local/lib/python3.12/site-packages/airflow/example_dags/example_bash_decorator.py
[2024-08-03T22:28:57.673+0000] {processor.py:830} INFO - Processing file /home/airflow/.local/lib/python3.12/site-packages/airflow/example_dags/example_bash_decorator.py for tasks to queue
[2024-08-03T22:28:57.682+0000] {logging_mixin.py:188} INFO - [2024-08-03T22:28:57.676+0000] {dagbag.py:545} INFO - Filling up the DagBag from /home/airflow/.local/lib/python3.12/site-packages/airflow/example_dags/example_bash_decorator.py
[2024-08-03T22:28:57.859+0000] {processor.py:840} INFO - DAG(s) 'example_bash_decorator' retrieved from /home/airflow/.local/lib/python3.12/site-packages/airflow/example_dags/example_bash_decorator.py
[2024-08-03T22:28:58.370+0000] {logging_mixin.py:188} INFO - [2024-08-03T22:28:58.360+0000] {dag.py:3089} INFO - Sync 1 DAGs
[2024-08-03T22:28:58.554+0000] {logging_mixin.py:188} INFO - [2024-08-03T22:28:58.554+0000] {dag.py:3947} INFO - Setting next_dagrun for example_bash_decorator to None, run_after=None
[2024-08-03T22:28:58.735+0000] {processor.py:183} INFO - Processing /home/airflow/.local/lib/python3.12/site-packages/airflow/example_dags/example_bash_decorator.py took 1.176 seconds
