[2024-08-03T00:03:15.692+0000] {processor.py:161} INFO - Started process (PID=7186) to work on /home/airflow/.local/lib/python3.12/site-packages/airflow/example_dags/example_dag_decorator.py
[2024-08-03T00:03:15.701+0000] {processor.py:830} INFO - Processing file /home/airflow/.local/lib/python3.12/site-packages/airflow/example_dags/example_dag_decorator.py for tasks to queue
[2024-08-03T00:03:15.718+0000] {logging_mixin.py:188} INFO - [2024-08-03T00:03:15.708+0000] {dagbag.py:545} INFO - Filling up the DagBag from /home/airflow/.local/lib/python3.12/site-packages/airflow/example_dags/example_dag_decorator.py
[2024-08-03T00:03:18.504+0000] {processor.py:840} INFO - DAG(s) 'example_dag_decorator' retrieved from /home/airflow/.local/lib/python3.12/site-packages/airflow/example_dags/example_dag_decorator.py
[2024-08-03T00:03:21.092+0000] {logging_mixin.py:188} INFO - [2024-08-03T00:03:21.063+0000] {dag.py:3089} INFO - Sync 1 DAGs
[2024-08-03T00:03:21.222+0000] {logging_mixin.py:188} INFO - [2024-08-03T00:03:21.222+0000] {dag.py:3947} INFO - Setting next_dagrun for example_dag_decorator to None, run_after=None
[2024-08-03T00:03:21.461+0000] {processor.py:183} INFO - Processing /home/airflow/.local/lib/python3.12/site-packages/airflow/example_dags/example_dag_decorator.py took 5.896 seconds
[2024-08-03T03:17:17.662+0000] {processor.py:161} INFO - Started process (PID=7311) to work on /home/airflow/.local/lib/python3.12/site-packages/airflow/example_dags/example_dag_decorator.py
[2024-08-03T03:17:17.669+0000] {processor.py:830} INFO - Processing file /home/airflow/.local/lib/python3.12/site-packages/airflow/example_dags/example_dag_decorator.py for tasks to queue
[2024-08-03T03:17:17.673+0000] {logging_mixin.py:188} INFO - [2024-08-03T03:17:17.671+0000] {dagbag.py:545} INFO - Filling up the DagBag from /home/airflow/.local/lib/python3.12/site-packages/airflow/example_dags/example_dag_decorator.py
[2024-08-03T03:17:19.780+0000] {processor.py:840} INFO - DAG(s) 'example_dag_decorator' retrieved from /home/airflow/.local/lib/python3.12/site-packages/airflow/example_dags/example_dag_decorator.py
[2024-08-03T03:17:21.467+0000] {logging_mixin.py:188} INFO - [2024-08-03T03:17:21.459+0000] {dag.py:3089} INFO - Sync 1 DAGs
[2024-08-03T03:17:21.602+0000] {logging_mixin.py:188} INFO - [2024-08-03T03:17:21.600+0000] {dag.py:3947} INFO - Setting next_dagrun for example_dag_decorator to None, run_after=None
[2024-08-03T03:17:21.837+0000] {processor.py:183} INFO - Processing /home/airflow/.local/lib/python3.12/site-packages/airflow/example_dags/example_dag_decorator.py took 4.226 seconds
[2024-08-03T03:24:43.333+0000] {processor.py:161} INFO - Started process (PID=7400) to work on /home/airflow/.local/lib/python3.12/site-packages/airflow/example_dags/example_dag_decorator.py
[2024-08-03T03:24:43.366+0000] {processor.py:830} INFO - Processing file /home/airflow/.local/lib/python3.12/site-packages/airflow/example_dags/example_dag_decorator.py for tasks to queue
[2024-08-03T03:24:43.400+0000] {logging_mixin.py:188} INFO - [2024-08-03T03:24:43.384+0000] {dagbag.py:545} INFO - Filling up the DagBag from /home/airflow/.local/lib/python3.12/site-packages/airflow/example_dags/example_dag_decorator.py
[2024-08-03T03:24:45.692+0000] {processor.py:840} INFO - DAG(s) 'example_dag_decorator' retrieved from /home/airflow/.local/lib/python3.12/site-packages/airflow/example_dags/example_dag_decorator.py
[2024-08-03T03:24:46.064+0000] {logging_mixin.py:188} INFO - [2024-08-03T03:24:46.057+0000] {dag.py:3089} INFO - Sync 1 DAGs
[2024-08-03T03:24:46.406+0000] {logging_mixin.py:188} INFO - [2024-08-03T03:24:46.394+0000] {dag.py:3947} INFO - Setting next_dagrun for example_dag_decorator to None, run_after=None
[2024-08-03T03:24:48.580+0000] {processor.py:183} INFO - Processing /home/airflow/.local/lib/python3.12/site-packages/airflow/example_dags/example_dag_decorator.py took 5.336 seconds
[2024-08-03T06:47:53.538+0000] {processor.py:161} INFO - Started process (PID=7472) to work on /home/airflow/.local/lib/python3.12/site-packages/airflow/example_dags/example_dag_decorator.py
[2024-08-03T06:47:53.570+0000] {processor.py:830} INFO - Processing file /home/airflow/.local/lib/python3.12/site-packages/airflow/example_dags/example_dag_decorator.py for tasks to queue
[2024-08-03T06:47:53.604+0000] {logging_mixin.py:188} INFO - [2024-08-03T06:47:53.585+0000] {dagbag.py:545} INFO - Filling up the DagBag from /home/airflow/.local/lib/python3.12/site-packages/airflow/example_dags/example_dag_decorator.py
[2024-08-03T06:47:57.732+0000] {processor.py:840} INFO - DAG(s) 'example_dag_decorator' retrieved from /home/airflow/.local/lib/python3.12/site-packages/airflow/example_dags/example_dag_decorator.py
[2024-08-03T06:47:59.337+0000] {logging_mixin.py:188} INFO - [2024-08-03T06:47:59.335+0000] {dag.py:3089} INFO - Sync 1 DAGs
[2024-08-03T06:47:59.506+0000] {logging_mixin.py:188} INFO - [2024-08-03T06:47:59.503+0000] {dag.py:3947} INFO - Setting next_dagrun for example_dag_decorator to None, run_after=None
[2024-08-03T06:47:59.812+0000] {processor.py:183} INFO - Processing /home/airflow/.local/lib/python3.12/site-packages/airflow/example_dags/example_dag_decorator.py took 6.314 seconds
[2024-08-03T09:03:23.500+0000] {processor.py:161} INFO - Started process (PID=7584) to work on /home/airflow/.local/lib/python3.12/site-packages/airflow/example_dags/example_dag_decorator.py
[2024-08-03T09:03:23.556+0000] {processor.py:830} INFO - Processing file /home/airflow/.local/lib/python3.12/site-packages/airflow/example_dags/example_dag_decorator.py for tasks to queue
[2024-08-03T09:03:23.618+0000] {logging_mixin.py:188} INFO - [2024-08-03T09:03:23.611+0000] {dagbag.py:545} INFO - Filling up the DagBag from /home/airflow/.local/lib/python3.12/site-packages/airflow/example_dags/example_dag_decorator.py
[2024-08-03T09:03:27.227+0000] {processor.py:840} INFO - DAG(s) 'example_dag_decorator' retrieved from /home/airflow/.local/lib/python3.12/site-packages/airflow/example_dags/example_dag_decorator.py
[2024-08-03T09:53:04.069+0000] {logging_mixin.py:188} INFO - [2024-08-03T09:53:04.065+0000] {dag.py:3089} INFO - Sync 1 DAGs
[2024-08-03T10:37:01.360+0000] {processor.py:161} INFO - Started process (PID=7691) to work on /home/airflow/.local/lib/python3.12/site-packages/airflow/example_dags/example_dag_decorator.py
[2024-08-03T10:37:01.361+0000] {processor.py:830} INFO - Processing file /home/airflow/.local/lib/python3.12/site-packages/airflow/example_dags/example_dag_decorator.py for tasks to queue
[2024-08-03T10:37:01.361+0000] {logging_mixin.py:188} INFO - [2024-08-03T10:37:01.361+0000] {dagbag.py:545} INFO - Filling up the DagBag from /home/airflow/.local/lib/python3.12/site-packages/airflow/example_dags/example_dag_decorator.py
[2024-08-03T10:37:01.603+0000] {processor.py:840} INFO - DAG(s) 'example_dag_decorator' retrieved from /home/airflow/.local/lib/python3.12/site-packages/airflow/example_dags/example_dag_decorator.py
[2024-08-03T10:37:01.751+0000] {logging_mixin.py:188} INFO - [2024-08-03T10:37:01.750+0000] {dag.py:3089} INFO - Sync 1 DAGs
[2024-08-03T10:37:01.759+0000] {logging_mixin.py:188} INFO - [2024-08-03T10:37:01.758+0000] {dag.py:3947} INFO - Setting next_dagrun for example_dag_decorator to None, run_after=None
[2024-08-03T10:37:01.779+0000] {processor.py:183} INFO - Processing /home/airflow/.local/lib/python3.12/site-packages/airflow/example_dags/example_dag_decorator.py took 0.428 seconds
[2024-08-03T12:19:58.801+0000] {processor.py:161} INFO - Started process (PID=7765) to work on /home/airflow/.local/lib/python3.12/site-packages/airflow/example_dags/example_dag_decorator.py
[2024-08-03T12:19:58.820+0000] {processor.py:830} INFO - Processing file /home/airflow/.local/lib/python3.12/site-packages/airflow/example_dags/example_dag_decorator.py for tasks to queue
[2024-08-03T12:19:58.851+0000] {logging_mixin.py:188} INFO - [2024-08-03T12:19:58.842+0000] {dagbag.py:545} INFO - Filling up the DagBag from /home/airflow/.local/lib/python3.12/site-packages/airflow/example_dags/example_dag_decorator.py
[2024-08-03T12:20:01.892+0000] {processor.py:840} INFO - DAG(s) 'example_dag_decorator' retrieved from /home/airflow/.local/lib/python3.12/site-packages/airflow/example_dags/example_dag_decorator.py
[2024-08-03T12:20:04.625+0000] {logging_mixin.py:188} INFO - [2024-08-03T12:20:04.597+0000] {dag.py:3089} INFO - Sync 1 DAGs
[2024-08-03T12:20:04.799+0000] {logging_mixin.py:188} INFO - [2024-08-03T12:20:04.794+0000] {dag.py:3947} INFO - Setting next_dagrun for example_dag_decorator to None, run_after=None
[2024-08-03T12:20:05.071+0000] {processor.py:183} INFO - Processing /home/airflow/.local/lib/python3.12/site-packages/airflow/example_dags/example_dag_decorator.py took 6.360 seconds
[2024-08-03T14:17:56.330+0000] {processor.py:161} INFO - Started process (PID=7867) to work on /home/airflow/.local/lib/python3.12/site-packages/airflow/example_dags/example_dag_decorator.py
[2024-08-03T14:17:56.344+0000] {processor.py:830} INFO - Processing file /home/airflow/.local/lib/python3.12/site-packages/airflow/example_dags/example_dag_decorator.py for tasks to queue
[2024-08-03T14:17:56.409+0000] {logging_mixin.py:188} INFO - [2024-08-03T14:17:56.404+0000] {dagbag.py:545} INFO - Filling up the DagBag from /home/airflow/.local/lib/python3.12/site-packages/airflow/example_dags/example_dag_decorator.py
[2024-08-03T14:17:58.487+0000] {processor.py:840} INFO - DAG(s) 'example_dag_decorator' retrieved from /home/airflow/.local/lib/python3.12/site-packages/airflow/example_dags/example_dag_decorator.py
[2024-08-03T14:18:00.039+0000] {logging_mixin.py:188} INFO - [2024-08-03T14:18:00.021+0000] {dag.py:3089} INFO - Sync 1 DAGs
[2024-08-03T14:18:00.168+0000] {logging_mixin.py:188} INFO - [2024-08-03T14:18:00.168+0000] {dag.py:3947} INFO - Setting next_dagrun for example_dag_decorator to None, run_after=None
[2024-08-03T14:18:00.314+0000] {processor.py:183} INFO - Processing /home/airflow/.local/lib/python3.12/site-packages/airflow/example_dags/example_dag_decorator.py took 4.036 seconds
[2024-08-03T14:18:30.719+0000] {processor.py:161} INFO - Started process (PID=7936) to work on /home/airflow/.local/lib/python3.12/site-packages/airflow/example_dags/example_dag_decorator.py
[2024-08-03T14:18:30.722+0000] {processor.py:830} INFO - Processing file /home/airflow/.local/lib/python3.12/site-packages/airflow/example_dags/example_dag_decorator.py for tasks to queue
[2024-08-03T14:18:30.725+0000] {logging_mixin.py:188} INFO - [2024-08-03T14:18:30.723+0000] {dagbag.py:545} INFO - Filling up the DagBag from /home/airflow/.local/lib/python3.12/site-packages/airflow/example_dags/example_dag_decorator.py
[2024-08-03T14:18:30.976+0000] {processor.py:840} INFO - DAG(s) 'example_dag_decorator' retrieved from /home/airflow/.local/lib/python3.12/site-packages/airflow/example_dags/example_dag_decorator.py
[2024-08-03T14:18:31.095+0000] {logging_mixin.py:188} INFO - [2024-08-03T14:18:31.094+0000] {dag.py:3089} INFO - Sync 1 DAGs
[2024-08-03T14:18:31.107+0000] {logging_mixin.py:188} INFO - [2024-08-03T14:18:31.106+0000] {dag.py:3947} INFO - Setting next_dagrun for example_dag_decorator to None, run_after=None
[2024-08-03T14:18:31.134+0000] {processor.py:183} INFO - Processing /home/airflow/.local/lib/python3.12/site-packages/airflow/example_dags/example_dag_decorator.py took 0.431 seconds
[2024-08-03T14:36:50.261+0000] {processor.py:161} INFO - Started process (PID=8031) to work on /home/airflow/.local/lib/python3.12/site-packages/airflow/example_dags/example_dag_decorator.py
[2024-08-03T14:36:50.296+0000] {processor.py:830} INFO - Processing file /home/airflow/.local/lib/python3.12/site-packages/airflow/example_dags/example_dag_decorator.py for tasks to queue
[2024-08-03T14:36:50.308+0000] {logging_mixin.py:188} INFO - [2024-08-03T14:36:50.303+0000] {dagbag.py:545} INFO - Filling up the DagBag from /home/airflow/.local/lib/python3.12/site-packages/airflow/example_dags/example_dag_decorator.py
[2024-08-03T14:36:55.103+0000] {processor.py:840} INFO - DAG(s) 'example_dag_decorator' retrieved from /home/airflow/.local/lib/python3.12/site-packages/airflow/example_dags/example_dag_decorator.py
[2024-08-03T14:42:22.136+0000] {processor.py:161} INFO - Started process (PID=8097) to work on /home/airflow/.local/lib/python3.12/site-packages/airflow/example_dags/example_dag_decorator.py
[2024-08-03T14:42:22.140+0000] {processor.py:830} INFO - Processing file /home/airflow/.local/lib/python3.12/site-packages/airflow/example_dags/example_dag_decorator.py for tasks to queue
[2024-08-03T14:42:22.143+0000] {logging_mixin.py:188} INFO - [2024-08-03T14:42:22.142+0000] {dagbag.py:545} INFO - Filling up the DagBag from /home/airflow/.local/lib/python3.12/site-packages/airflow/example_dags/example_dag_decorator.py
[2024-08-03T14:42:23.401+0000] {processor.py:840} INFO - DAG(s) 'example_dag_decorator' retrieved from /home/airflow/.local/lib/python3.12/site-packages/airflow/example_dags/example_dag_decorator.py
[2024-08-03T14:42:24.648+0000] {logging_mixin.py:188} INFO - [2024-08-03T14:42:24.641+0000] {dag.py:3089} INFO - Sync 1 DAGs
[2024-08-03T14:42:24.707+0000] {logging_mixin.py:188} INFO - [2024-08-03T14:42:24.707+0000] {dag.py:3947} INFO - Setting next_dagrun for example_dag_decorator to None, run_after=None
[2024-08-03T14:42:24.791+0000] {processor.py:183} INFO - Processing /home/airflow/.local/lib/python3.12/site-packages/airflow/example_dags/example_dag_decorator.py took 2.694 seconds
[2024-08-03T14:42:55.456+0000] {processor.py:161} INFO - Started process (PID=8165) to work on /home/airflow/.local/lib/python3.12/site-packages/airflow/example_dags/example_dag_decorator.py
[2024-08-03T14:42:55.458+0000] {processor.py:830} INFO - Processing file /home/airflow/.local/lib/python3.12/site-packages/airflow/example_dags/example_dag_decorator.py for tasks to queue
[2024-08-03T14:42:55.459+0000] {logging_mixin.py:188} INFO - [2024-08-03T14:42:55.458+0000] {dagbag.py:545} INFO - Filling up the DagBag from /home/airflow/.local/lib/python3.12/site-packages/airflow/example_dags/example_dag_decorator.py
[2024-08-03T14:42:55.582+0000] {processor.py:840} INFO - DAG(s) 'example_dag_decorator' retrieved from /home/airflow/.local/lib/python3.12/site-packages/airflow/example_dags/example_dag_decorator.py
[2024-08-03T14:42:55.649+0000] {logging_mixin.py:188} INFO - [2024-08-03T14:42:55.649+0000] {dag.py:3089} INFO - Sync 1 DAGs
[2024-08-03T14:42:55.656+0000] {logging_mixin.py:188} INFO - [2024-08-03T14:42:55.656+0000] {dag.py:3947} INFO - Setting next_dagrun for example_dag_decorator to None, run_after=None
[2024-08-03T14:42:55.668+0000] {processor.py:183} INFO - Processing /home/airflow/.local/lib/python3.12/site-packages/airflow/example_dags/example_dag_decorator.py took 0.222 seconds
[2024-08-03T14:43:26.301+0000] {processor.py:161} INFO - Started process (PID=8237) to work on /home/airflow/.local/lib/python3.12/site-packages/airflow/example_dags/example_dag_decorator.py
[2024-08-03T14:43:26.307+0000] {processor.py:830} INFO - Processing file /home/airflow/.local/lib/python3.12/site-packages/airflow/example_dags/example_dag_decorator.py for tasks to queue
[2024-08-03T14:43:26.311+0000] {logging_mixin.py:188} INFO - [2024-08-03T14:43:26.309+0000] {dagbag.py:545} INFO - Filling up the DagBag from /home/airflow/.local/lib/python3.12/site-packages/airflow/example_dags/example_dag_decorator.py
[2024-08-03T14:43:26.855+0000] {processor.py:840} INFO - DAG(s) 'example_dag_decorator' retrieved from /home/airflow/.local/lib/python3.12/site-packages/airflow/example_dags/example_dag_decorator.py
[2024-08-03T14:43:27.228+0000] {logging_mixin.py:188} INFO - [2024-08-03T14:43:27.227+0000] {dag.py:3089} INFO - Sync 1 DAGs
[2024-08-03T14:43:27.252+0000] {logging_mixin.py:188} INFO - [2024-08-03T14:43:27.251+0000] {dag.py:3947} INFO - Setting next_dagrun for example_dag_decorator to None, run_after=None
[2024-08-03T14:43:27.306+0000] {processor.py:183} INFO - Processing /home/airflow/.local/lib/python3.12/site-packages/airflow/example_dags/example_dag_decorator.py took 1.044 seconds
[2024-08-03T14:43:57.497+0000] {processor.py:161} INFO - Started process (PID=8306) to work on /home/airflow/.local/lib/python3.12/site-packages/airflow/example_dags/example_dag_decorator.py
[2024-08-03T14:43:57.499+0000] {processor.py:830} INFO - Processing file /home/airflow/.local/lib/python3.12/site-packages/airflow/example_dags/example_dag_decorator.py for tasks to queue
[2024-08-03T14:43:57.500+0000] {logging_mixin.py:188} INFO - [2024-08-03T14:43:57.500+0000] {dagbag.py:545} INFO - Filling up the DagBag from /home/airflow/.local/lib/python3.12/site-packages/airflow/example_dags/example_dag_decorator.py
[2024-08-03T14:43:57.661+0000] {processor.py:840} INFO - DAG(s) 'example_dag_decorator' retrieved from /home/airflow/.local/lib/python3.12/site-packages/airflow/example_dags/example_dag_decorator.py
[2024-08-03T14:43:57.764+0000] {logging_mixin.py:188} INFO - [2024-08-03T14:43:57.763+0000] {dag.py:3089} INFO - Sync 1 DAGs
[2024-08-03T14:43:57.773+0000] {logging_mixin.py:188} INFO - [2024-08-03T14:43:57.773+0000] {dag.py:3947} INFO - Setting next_dagrun for example_dag_decorator to None, run_after=None
[2024-08-03T14:43:57.802+0000] {processor.py:183} INFO - Processing /home/airflow/.local/lib/python3.12/site-packages/airflow/example_dags/example_dag_decorator.py took 0.315 seconds
[2024-08-03T15:54:50.968+0000] {processor.py:161} INFO - Started process (PID=8381) to work on /home/airflow/.local/lib/python3.12/site-packages/airflow/example_dags/example_dag_decorator.py
[2024-08-03T15:54:50.991+0000] {processor.py:830} INFO - Processing file /home/airflow/.local/lib/python3.12/site-packages/airflow/example_dags/example_dag_decorator.py for tasks to queue
[2024-08-03T15:54:51.011+0000] {logging_mixin.py:188} INFO - [2024-08-03T15:54:50.997+0000] {dagbag.py:545} INFO - Filling up the DagBag from /home/airflow/.local/lib/python3.12/site-packages/airflow/example_dags/example_dag_decorator.py
[2024-08-03T15:54:53.106+0000] {processor.py:840} INFO - DAG(s) 'example_dag_decorator' retrieved from /home/airflow/.local/lib/python3.12/site-packages/airflow/example_dags/example_dag_decorator.py
[2024-08-03T15:54:55.949+0000] {logging_mixin.py:188} INFO - [2024-08-03T15:54:55.946+0000] {dag.py:3089} INFO - Sync 1 DAGs
[2024-08-03T15:54:56.187+0000] {logging_mixin.py:188} INFO - [2024-08-03T15:54:56.186+0000] {dag.py:3947} INFO - Setting next_dagrun for example_dag_decorator to None, run_after=None
[2024-08-03T15:54:56.506+0000] {processor.py:183} INFO - Processing /home/airflow/.local/lib/python3.12/site-packages/airflow/example_dags/example_dag_decorator.py took 5.594 seconds
[2024-08-03T17:24:25.480+0000] {processor.py:161} INFO - Started process (PID=8494) to work on /home/airflow/.local/lib/python3.12/site-packages/airflow/example_dags/example_dag_decorator.py
[2024-08-03T17:24:25.501+0000] {processor.py:830} INFO - Processing file /home/airflow/.local/lib/python3.12/site-packages/airflow/example_dags/example_dag_decorator.py for tasks to queue
[2024-08-03T17:24:25.507+0000] {logging_mixin.py:188} INFO - [2024-08-03T17:24:25.505+0000] {dagbag.py:545} INFO - Filling up the DagBag from /home/airflow/.local/lib/python3.12/site-packages/airflow/example_dags/example_dag_decorator.py
[2024-08-03T17:24:26.814+0000] {processor.py:840} INFO - DAG(s) 'example_dag_decorator' retrieved from /home/airflow/.local/lib/python3.12/site-packages/airflow/example_dags/example_dag_decorator.py
[2024-08-03T17:24:27.495+0000] {logging_mixin.py:188} INFO - [2024-08-03T17:24:27.493+0000] {dag.py:3089} INFO - Sync 1 DAGs
[2024-08-03T17:24:27.605+0000] {logging_mixin.py:188} INFO - [2024-08-03T17:24:27.605+0000] {dag.py:3947} INFO - Setting next_dagrun for example_dag_decorator to None, run_after=None
[2024-08-03T17:24:27.765+0000] {processor.py:183} INFO - Processing /home/airflow/.local/lib/python3.12/site-packages/airflow/example_dags/example_dag_decorator.py took 2.584 seconds
[2024-08-03T17:24:58.074+0000] {processor.py:161} INFO - Started process (PID=8556) to work on /home/airflow/.local/lib/python3.12/site-packages/airflow/example_dags/example_dag_decorator.py
[2024-08-03T17:24:58.080+0000] {processor.py:830} INFO - Processing file /home/airflow/.local/lib/python3.12/site-packages/airflow/example_dags/example_dag_decorator.py for tasks to queue
[2024-08-03T17:24:58.083+0000] {logging_mixin.py:188} INFO - [2024-08-03T17:24:58.083+0000] {dagbag.py:545} INFO - Filling up the DagBag from /home/airflow/.local/lib/python3.12/site-packages/airflow/example_dags/example_dag_decorator.py
[2024-08-03T17:24:58.383+0000] {processor.py:840} INFO - DAG(s) 'example_dag_decorator' retrieved from /home/airflow/.local/lib/python3.12/site-packages/airflow/example_dags/example_dag_decorator.py
[2024-08-03T17:24:58.530+0000] {logging_mixin.py:188} INFO - [2024-08-03T17:24:58.530+0000] {dag.py:3089} INFO - Sync 1 DAGs
[2024-08-03T17:24:58.538+0000] {logging_mixin.py:188} INFO - [2024-08-03T17:24:58.538+0000] {dag.py:3947} INFO - Setting next_dagrun for example_dag_decorator to None, run_after=None
[2024-08-03T17:24:58.553+0000] {processor.py:183} INFO - Processing /home/airflow/.local/lib/python3.12/site-packages/airflow/example_dags/example_dag_decorator.py took 0.515 seconds
[2024-08-03T17:26:50.901+0000] {processor.py:161} INFO - Started process (PID=8655) to work on /home/airflow/.local/lib/python3.12/site-packages/airflow/example_dags/example_dag_decorator.py
[2024-08-03T17:26:50.905+0000] {processor.py:830} INFO - Processing file /home/airflow/.local/lib/python3.12/site-packages/airflow/example_dags/example_dag_decorator.py for tasks to queue
[2024-08-03T17:26:50.911+0000] {logging_mixin.py:188} INFO - [2024-08-03T17:26:50.909+0000] {dagbag.py:545} INFO - Filling up the DagBag from /home/airflow/.local/lib/python3.12/site-packages/airflow/example_dags/example_dag_decorator.py
[2024-08-03T17:26:51.405+0000] {processor.py:840} INFO - DAG(s) 'example_dag_decorator' retrieved from /home/airflow/.local/lib/python3.12/site-packages/airflow/example_dags/example_dag_decorator.py
[2024-08-03T17:26:51.957+0000] {logging_mixin.py:188} INFO - [2024-08-03T17:26:51.956+0000] {dag.py:3089} INFO - Sync 1 DAGs
[2024-08-03T17:26:51.984+0000] {logging_mixin.py:188} INFO - [2024-08-03T17:26:51.984+0000] {dag.py:3947} INFO - Setting next_dagrun for example_dag_decorator to None, run_after=None
[2024-08-03T17:26:52.033+0000] {processor.py:183} INFO - Processing /home/airflow/.local/lib/python3.12/site-packages/airflow/example_dags/example_dag_decorator.py took 1.153 seconds
[2024-08-03T17:27:22.110+0000] {processor.py:161} INFO - Started process (PID=8717) to work on /home/airflow/.local/lib/python3.12/site-packages/airflow/example_dags/example_dag_decorator.py
[2024-08-03T17:27:22.111+0000] {processor.py:830} INFO - Processing file /home/airflow/.local/lib/python3.12/site-packages/airflow/example_dags/example_dag_decorator.py for tasks to queue
[2024-08-03T17:27:22.111+0000] {logging_mixin.py:188} INFO - [2024-08-03T17:27:22.111+0000] {dagbag.py:545} INFO - Filling up the DagBag from /home/airflow/.local/lib/python3.12/site-packages/airflow/example_dags/example_dag_decorator.py
[2024-08-03T17:27:22.208+0000] {processor.py:840} INFO - DAG(s) 'example_dag_decorator' retrieved from /home/airflow/.local/lib/python3.12/site-packages/airflow/example_dags/example_dag_decorator.py
[2024-08-03T17:27:22.278+0000] {logging_mixin.py:188} INFO - [2024-08-03T17:27:22.278+0000] {dag.py:3089} INFO - Sync 1 DAGs
[2024-08-03T17:27:22.283+0000] {logging_mixin.py:188} INFO - [2024-08-03T17:27:22.283+0000] {dag.py:3947} INFO - Setting next_dagrun for example_dag_decorator to None, run_after=None
[2024-08-03T17:27:22.293+0000] {processor.py:183} INFO - Processing /home/airflow/.local/lib/python3.12/site-packages/airflow/example_dags/example_dag_decorator.py took 0.185 seconds
[2024-08-03T18:23:18.524+0000] {processor.py:161} INFO - Started process (PID=8786) to work on /home/airflow/.local/lib/python3.12/site-packages/airflow/example_dags/example_dag_decorator.py
[2024-08-03T18:23:18.531+0000] {processor.py:830} INFO - Processing file /home/airflow/.local/lib/python3.12/site-packages/airflow/example_dags/example_dag_decorator.py for tasks to queue
[2024-08-03T18:23:18.541+0000] {logging_mixin.py:188} INFO - [2024-08-03T18:23:18.537+0000] {dagbag.py:545} INFO - Filling up the DagBag from /home/airflow/.local/lib/python3.12/site-packages/airflow/example_dags/example_dag_decorator.py
[2024-08-03T18:23:20.016+0000] {processor.py:840} INFO - DAG(s) 'example_dag_decorator' retrieved from /home/airflow/.local/lib/python3.12/site-packages/airflow/example_dags/example_dag_decorator.py
[2024-08-03T18:23:20.578+0000] {logging_mixin.py:188} INFO - [2024-08-03T18:23:20.576+0000] {dag.py:3089} INFO - Sync 1 DAGs
[2024-08-03T18:23:20.633+0000] {logging_mixin.py:188} INFO - [2024-08-03T18:23:20.633+0000] {dag.py:3947} INFO - Setting next_dagrun for example_dag_decorator to None, run_after=None
[2024-08-03T18:23:20.729+0000] {processor.py:183} INFO - Processing /home/airflow/.local/lib/python3.12/site-packages/airflow/example_dags/example_dag_decorator.py took 2.308 seconds
[2024-08-03T20:15:58.176+0000] {processor.py:161} INFO - Started process (PID=8898) to work on /home/airflow/.local/lib/python3.12/site-packages/airflow/example_dags/example_dag_decorator.py
[2024-08-03T20:15:58.183+0000] {processor.py:830} INFO - Processing file /home/airflow/.local/lib/python3.12/site-packages/airflow/example_dags/example_dag_decorator.py for tasks to queue
[2024-08-03T20:15:58.194+0000] {logging_mixin.py:188} INFO - [2024-08-03T20:15:58.187+0000] {dagbag.py:545} INFO - Filling up the DagBag from /home/airflow/.local/lib/python3.12/site-packages/airflow/example_dags/example_dag_decorator.py
[2024-08-03T20:15:58.943+0000] {processor.py:840} INFO - DAG(s) 'example_dag_decorator' retrieved from /home/airflow/.local/lib/python3.12/site-packages/airflow/example_dags/example_dag_decorator.py
[2024-08-03T20:15:59.106+0000] {logging_mixin.py:188} INFO - [2024-08-03T20:15:59.102+0000] {dag.py:3089} INFO - Sync 1 DAGs
[2024-08-03T20:15:59.241+0000] {logging_mixin.py:188} INFO - [2024-08-03T20:15:59.240+0000] {dag.py:3947} INFO - Setting next_dagrun for example_dag_decorator to None, run_after=None
[2024-08-03T20:15:59.426+0000] {processor.py:183} INFO - Processing /home/airflow/.local/lib/python3.12/site-packages/airflow/example_dags/example_dag_decorator.py took 1.272 seconds
[2024-08-03T21:25:05.755+0000] {processor.py:161} INFO - Started process (PID=9015) to work on /home/airflow/.local/lib/python3.12/site-packages/airflow/example_dags/example_dag_decorator.py
[2024-08-03T21:25:05.779+0000] {processor.py:830} INFO - Processing file /home/airflow/.local/lib/python3.12/site-packages/airflow/example_dags/example_dag_decorator.py for tasks to queue
[2024-08-03T21:25:05.849+0000] {logging_mixin.py:188} INFO - [2024-08-03T21:25:05.801+0000] {dagbag.py:545} INFO - Filling up the DagBag from /home/airflow/.local/lib/python3.12/site-packages/airflow/example_dags/example_dag_decorator.py
[2024-08-03T21:25:07.429+0000] {processor.py:840} INFO - DAG(s) 'example_dag_decorator' retrieved from /home/airflow/.local/lib/python3.12/site-packages/airflow/example_dags/example_dag_decorator.py
[2024-08-03T21:25:07.599+0000] {logging_mixin.py:188} INFO - [2024-08-03T21:25:07.598+0000] {dag.py:3089} INFO - Sync 1 DAGs
[2024-08-03T21:25:07.656+0000] {logging_mixin.py:188} INFO - [2024-08-03T21:25:07.655+0000] {dag.py:3947} INFO - Setting next_dagrun for example_dag_decorator to None, run_after=None
[2024-08-03T21:25:07.744+0000] {processor.py:183} INFO - Processing /home/airflow/.local/lib/python3.12/site-packages/airflow/example_dags/example_dag_decorator.py took 2.052 seconds
[2024-08-03T23:35:07.176+0000] {processor.py:161} INFO - Started process (PID=9092) to work on /home/airflow/.local/lib/python3.12/site-packages/airflow/example_dags/example_dag_decorator.py
[2024-08-03T23:35:07.207+0000] {processor.py:830} INFO - Processing file /home/airflow/.local/lib/python3.12/site-packages/airflow/example_dags/example_dag_decorator.py for tasks to queue
[2024-08-03T23:35:07.217+0000] {logging_mixin.py:188} INFO - [2024-08-03T23:35:07.210+0000] {dagbag.py:545} INFO - Filling up the DagBag from /home/airflow/.local/lib/python3.12/site-packages/airflow/example_dags/example_dag_decorator.py
[2024-08-03T23:35:12.642+0000] {processor.py:840} INFO - DAG(s) 'example_dag_decorator' retrieved from /home/airflow/.local/lib/python3.12/site-packages/airflow/example_dags/example_dag_decorator.py
[2024-08-03T23:35:15.979+0000] {logging_mixin.py:188} INFO - [2024-08-03T23:35:15.952+0000] {dag.py:3089} INFO - Sync 1 DAGs
[2024-08-03T23:35:16.190+0000] {logging_mixin.py:188} INFO - [2024-08-03T23:35:16.190+0000] {dag.py:3947} INFO - Setting next_dagrun for example_dag_decorator to None, run_after=None
[2024-08-03T23:35:16.408+0000] {processor.py:183} INFO - Processing /home/airflow/.local/lib/python3.12/site-packages/airflow/example_dags/example_dag_decorator.py took 9.285 seconds
