[2024-08-03T00:02:57.274+0000] {processor.py:161} INFO - Started process (PID=7174) to work on /home/airflow/.local/lib/python3.12/site-packages/airflow/example_dags/example_branch_python_dop_operator_3.py
[2024-08-03T00:02:57.280+0000] {processor.py:830} INFO - Processing file /home/airflow/.local/lib/python3.12/site-packages/airflow/example_dags/example_branch_python_dop_operator_3.py for tasks to queue
[2024-08-03T00:02:57.296+0000] {logging_mixin.py:188} INFO - [2024-08-03T00:02:57.286+0000] {dagbag.py:545} INFO - Filling up the DagBag from /home/airflow/.local/lib/python3.12/site-packages/airflow/example_dags/example_branch_python_dop_operator_3.py
[2024-08-03T00:02:57.466+0000] {processor.py:840} INFO - DAG(s) 'example_branch_dop_operator_v3' retrieved from /home/airflow/.local/lib/python3.12/site-packages/airflow/example_dags/example_branch_python_dop_operator_3.py
[2024-08-03T00:02:57.899+0000] {logging_mixin.py:188} INFO - [2024-08-03T00:02:57.894+0000] {dag.py:3089} INFO - Sync 1 DAGs
[2024-08-03T00:02:58.172+0000] {logging_mixin.py:188} INFO - [2024-08-03T00:02:58.167+0000] {dag.py:3947} INFO - Setting next_dagrun for example_branch_dop_operator_v3 to 2024-08-03 00:01:00+00:00, run_after=2024-08-03 00:02:00+00:00
[2024-08-03T00:02:58.490+0000] {processor.py:183} INFO - Processing /home/airflow/.local/lib/python3.12/site-packages/airflow/example_dags/example_branch_python_dop_operator_3.py took 1.318 seconds
[2024-08-03T03:17:07.046+0000] {processor.py:161} INFO - Started process (PID=7294) to work on /home/airflow/.local/lib/python3.12/site-packages/airflow/example_dags/example_branch_python_dop_operator_3.py
[2024-08-03T03:17:07.060+0000] {processor.py:830} INFO - Processing file /home/airflow/.local/lib/python3.12/site-packages/airflow/example_dags/example_branch_python_dop_operator_3.py for tasks to queue
[2024-08-03T03:17:07.078+0000] {logging_mixin.py:188} INFO - [2024-08-03T03:17:07.072+0000] {dagbag.py:545} INFO - Filling up the DagBag from /home/airflow/.local/lib/python3.12/site-packages/airflow/example_dags/example_branch_python_dop_operator_3.py
[2024-08-03T03:17:07.178+0000] {processor.py:840} INFO - DAG(s) 'example_branch_dop_operator_v3' retrieved from /home/airflow/.local/lib/python3.12/site-packages/airflow/example_dags/example_branch_python_dop_operator_3.py
[2024-08-03T03:17:07.742+0000] {logging_mixin.py:188} INFO - [2024-08-03T03:17:07.709+0000] {dag.py:3089} INFO - Sync 1 DAGs
[2024-08-03T03:17:08.656+0000] {logging_mixin.py:188} INFO - [2024-08-03T03:17:08.645+0000] {dag.py:3947} INFO - Setting next_dagrun for example_branch_dop_operator_v3 to 2024-08-03 03:16:00+00:00, run_after=2024-08-03 03:17:00+00:00
[2024-08-03T03:17:09.031+0000] {processor.py:183} INFO - Processing /home/airflow/.local/lib/python3.12/site-packages/airflow/example_dags/example_branch_python_dop_operator_3.py took 2.086 seconds
[2024-08-03T03:24:26.859+0000] {processor.py:161} INFO - Started process (PID=7388) to work on /home/airflow/.local/lib/python3.12/site-packages/airflow/example_dags/example_branch_python_dop_operator_3.py
[2024-08-03T03:24:26.898+0000] {processor.py:830} INFO - Processing file /home/airflow/.local/lib/python3.12/site-packages/airflow/example_dags/example_branch_python_dop_operator_3.py for tasks to queue
[2024-08-03T03:24:26.928+0000] {logging_mixin.py:188} INFO - [2024-08-03T03:24:26.907+0000] {dagbag.py:545} INFO - Filling up the DagBag from /home/airflow/.local/lib/python3.12/site-packages/airflow/example_dags/example_branch_python_dop_operator_3.py
[2024-08-03T03:24:27.555+0000] {processor.py:840} INFO - DAG(s) 'example_branch_dop_operator_v3' retrieved from /home/airflow/.local/lib/python3.12/site-packages/airflow/example_dags/example_branch_python_dop_operator_3.py
[2024-08-03T03:24:28.229+0000] {logging_mixin.py:188} INFO - [2024-08-03T03:24:28.217+0000] {dag.py:3089} INFO - Sync 1 DAGs
[2024-08-03T03:24:28.501+0000] {logging_mixin.py:188} INFO - [2024-08-03T03:24:28.494+0000] {dag.py:3947} INFO - Setting next_dagrun for example_branch_dop_operator_v3 to 2024-08-03 03:23:00+00:00, run_after=2024-08-03 03:24:00+00:00
[2024-08-03T03:24:28.790+0000] {processor.py:183} INFO - Processing /home/airflow/.local/lib/python3.12/site-packages/airflow/example_dags/example_branch_python_dop_operator_3.py took 2.280 seconds
[2024-08-03T05:41:46.330+0000] {processor.py:161} INFO - Started process (PID=7454) to work on /home/airflow/.local/lib/python3.12/site-packages/airflow/example_dags/example_branch_python_dop_operator_3.py
[2024-08-03T05:41:46.334+0000] {processor.py:830} INFO - Processing file /home/airflow/.local/lib/python3.12/site-packages/airflow/example_dags/example_branch_python_dop_operator_3.py for tasks to queue
[2024-08-03T05:41:46.340+0000] {logging_mixin.py:188} INFO - [2024-08-03T05:41:46.338+0000] {dagbag.py:545} INFO - Filling up the DagBag from /home/airflow/.local/lib/python3.12/site-packages/airflow/example_dags/example_branch_python_dop_operator_3.py
[2024-08-03T05:41:46.594+0000] {processor.py:840} INFO - DAG(s) 'example_branch_dop_operator_v3' retrieved from /home/airflow/.local/lib/python3.12/site-packages/airflow/example_dags/example_branch_python_dop_operator_3.py
[2024-08-03T05:41:47.149+0000] {logging_mixin.py:188} INFO - [2024-08-03T05:41:47.134+0000] {dag.py:3089} INFO - Sync 1 DAGs
[2024-08-03T05:41:47.603+0000] {logging_mixin.py:188} INFO - [2024-08-03T05:41:47.594+0000] {dag.py:3947} INFO - Setting next_dagrun for example_branch_dop_operator_v3 to 2024-08-03 05:40:00+00:00, run_after=2024-08-03 05:41:00+00:00
[2024-08-03T05:41:48.018+0000] {processor.py:183} INFO - Processing /home/airflow/.local/lib/python3.12/site-packages/airflow/example_dags/example_branch_python_dop_operator_3.py took 1.801 seconds
[2024-08-03T07:38:52.604+0000] {processor.py:161} INFO - Started process (PID=7528) to work on /home/airflow/.local/lib/python3.12/site-packages/airflow/example_dags/example_branch_python_dop_operator_3.py
[2024-08-03T07:38:52.618+0000] {processor.py:830} INFO - Processing file /home/airflow/.local/lib/python3.12/site-packages/airflow/example_dags/example_branch_python_dop_operator_3.py for tasks to queue
[2024-08-03T07:38:52.620+0000] {logging_mixin.py:188} INFO - [2024-08-03T07:38:52.619+0000] {dagbag.py:545} INFO - Filling up the DagBag from /home/airflow/.local/lib/python3.12/site-packages/airflow/example_dags/example_branch_python_dop_operator_3.py
[2024-08-03T07:38:52.763+0000] {processor.py:840} INFO - DAG(s) 'example_branch_dop_operator_v3' retrieved from /home/airflow/.local/lib/python3.12/site-packages/airflow/example_dags/example_branch_python_dop_operator_3.py
[2024-08-03T07:38:52.990+0000] {logging_mixin.py:188} INFO - [2024-08-03T07:38:52.984+0000] {dag.py:3089} INFO - Sync 1 DAGs
[2024-08-03T07:38:53.149+0000] {logging_mixin.py:188} INFO - [2024-08-03T07:38:53.144+0000] {dag.py:3947} INFO - Setting next_dagrun for example_branch_dop_operator_v3 to 2024-08-03 07:37:00+00:00, run_after=2024-08-03 07:38:00+00:00
[2024-08-03T07:38:53.264+0000] {processor.py:183} INFO - Processing /home/airflow/.local/lib/python3.12/site-packages/airflow/example_dags/example_branch_python_dop_operator_3.py took 0.683 seconds
[2024-08-03T09:53:09.709+0000] {processor.py:161} INFO - Started process (PID=7611) to work on /home/airflow/.local/lib/python3.12/site-packages/airflow/example_dags/example_branch_python_dop_operator_3.py
[2024-08-03T09:53:09.725+0000] {processor.py:830} INFO - Processing file /home/airflow/.local/lib/python3.12/site-packages/airflow/example_dags/example_branch_python_dop_operator_3.py for tasks to queue
[2024-08-03T09:53:09.738+0000] {logging_mixin.py:188} INFO - [2024-08-03T09:53:09.732+0000] {dagbag.py:545} INFO - Filling up the DagBag from /home/airflow/.local/lib/python3.12/site-packages/airflow/example_dags/example_branch_python_dop_operator_3.py
[2024-08-03T09:53:09.901+0000] {processor.py:840} INFO - DAG(s) 'example_branch_dop_operator_v3' retrieved from /home/airflow/.local/lib/python3.12/site-packages/airflow/example_dags/example_branch_python_dop_operator_3.py
[2024-08-03T09:53:10.304+0000] {logging_mixin.py:188} INFO - [2024-08-03T09:53:10.301+0000] {dag.py:3089} INFO - Sync 1 DAGs
[2024-08-03T09:53:10.430+0000] {logging_mixin.py:188} INFO - [2024-08-03T09:53:10.429+0000] {dag.py:3947} INFO - Setting next_dagrun for example_branch_dop_operator_v3 to 2024-08-03 09:52:00+00:00, run_after=2024-08-03 09:53:00+00:00
[2024-08-03T09:53:10.566+0000] {processor.py:183} INFO - Processing /home/airflow/.local/lib/python3.12/site-packages/airflow/example_dags/example_branch_python_dop_operator_3.py took 0.969 seconds
[2024-08-03T10:37:00.354+0000] {processor.py:161} INFO - Started process (PID=7684) to work on /home/airflow/.local/lib/python3.12/site-packages/airflow/example_dags/example_branch_python_dop_operator_3.py
[2024-08-03T10:37:00.371+0000] {processor.py:830} INFO - Processing file /home/airflow/.local/lib/python3.12/site-packages/airflow/example_dags/example_branch_python_dop_operator_3.py for tasks to queue
[2024-08-03T10:37:00.387+0000] {logging_mixin.py:188} INFO - [2024-08-03T10:37:00.381+0000] {dagbag.py:545} INFO - Filling up the DagBag from /home/airflow/.local/lib/python3.12/site-packages/airflow/example_dags/example_branch_python_dop_operator_3.py
[2024-08-03T10:37:00.444+0000] {processor.py:840} INFO - DAG(s) 'example_branch_dop_operator_v3' retrieved from /home/airflow/.local/lib/python3.12/site-packages/airflow/example_dags/example_branch_python_dop_operator_3.py
[2024-08-03T10:37:00.630+0000] {logging_mixin.py:188} INFO - [2024-08-03T10:37:00.630+0000] {dag.py:3089} INFO - Sync 1 DAGs
[2024-08-03T10:37:00.737+0000] {logging_mixin.py:188} INFO - [2024-08-03T10:37:00.736+0000] {dag.py:3947} INFO - Setting next_dagrun for example_branch_dop_operator_v3 to 2024-08-03 10:36:00+00:00, run_after=2024-08-03 10:37:00+00:00
[2024-08-03T10:37:00.813+0000] {processor.py:183} INFO - Processing /home/airflow/.local/lib/python3.12/site-packages/airflow/example_dags/example_branch_python_dop_operator_3.py took 0.558 seconds
[2024-08-03T12:19:40.709+0000] {processor.py:161} INFO - Started process (PID=7748) to work on /home/airflow/.local/lib/python3.12/site-packages/airflow/example_dags/example_branch_python_dop_operator_3.py
[2024-08-03T12:19:40.728+0000] {processor.py:830} INFO - Processing file /home/airflow/.local/lib/python3.12/site-packages/airflow/example_dags/example_branch_python_dop_operator_3.py for tasks to queue
[2024-08-03T12:19:40.765+0000] {logging_mixin.py:188} INFO - [2024-08-03T12:19:40.749+0000] {dagbag.py:545} INFO - Filling up the DagBag from /home/airflow/.local/lib/python3.12/site-packages/airflow/example_dags/example_branch_python_dop_operator_3.py
[2024-08-03T12:19:41.056+0000] {processor.py:840} INFO - DAG(s) 'example_branch_dop_operator_v3' retrieved from /home/airflow/.local/lib/python3.12/site-packages/airflow/example_dags/example_branch_python_dop_operator_3.py
[2024-08-03T12:19:42.019+0000] {logging_mixin.py:188} INFO - [2024-08-03T12:19:42.005+0000] {dag.py:3089} INFO - Sync 1 DAGs
[2024-08-03T12:19:42.528+0000] {logging_mixin.py:188} INFO - [2024-08-03T12:19:42.523+0000] {dag.py:3947} INFO - Setting next_dagrun for example_branch_dop_operator_v3 to 2024-08-03 12:18:00+00:00, run_after=2024-08-03 12:19:00+00:00
[2024-08-03T12:19:42.772+0000] {processor.py:183} INFO - Processing /home/airflow/.local/lib/python3.12/site-packages/airflow/example_dags/example_branch_python_dop_operator_3.py took 2.192 seconds
[2024-08-03T14:17:47.541+0000] {processor.py:161} INFO - Started process (PID=7855) to work on /home/airflow/.local/lib/python3.12/site-packages/airflow/example_dags/example_branch_python_dop_operator_3.py
[2024-08-03T14:17:47.547+0000] {processor.py:830} INFO - Processing file /home/airflow/.local/lib/python3.12/site-packages/airflow/example_dags/example_branch_python_dop_operator_3.py for tasks to queue
[2024-08-03T14:17:47.560+0000] {logging_mixin.py:188} INFO - [2024-08-03T14:17:47.558+0000] {dagbag.py:545} INFO - Filling up the DagBag from /home/airflow/.local/lib/python3.12/site-packages/airflow/example_dags/example_branch_python_dop_operator_3.py
[2024-08-03T14:17:47.657+0000] {processor.py:840} INFO - DAG(s) 'example_branch_dop_operator_v3' retrieved from /home/airflow/.local/lib/python3.12/site-packages/airflow/example_dags/example_branch_python_dop_operator_3.py
[2024-08-03T14:17:47.899+0000] {logging_mixin.py:188} INFO - [2024-08-03T14:17:47.897+0000] {dag.py:3089} INFO - Sync 1 DAGs
[2024-08-03T14:17:48.216+0000] {logging_mixin.py:188} INFO - [2024-08-03T14:17:48.209+0000] {dag.py:3947} INFO - Setting next_dagrun for example_branch_dop_operator_v3 to 2024-08-03 14:16:00+00:00, run_after=2024-08-03 14:17:00+00:00
[2024-08-03T14:17:48.382+0000] {processor.py:183} INFO - Processing /home/airflow/.local/lib/python3.12/site-packages/airflow/example_dags/example_branch_python_dop_operator_3.py took 0.867 seconds
[2024-08-03T14:18:19.376+0000] {processor.py:161} INFO - Started process (PID=7916) to work on /home/airflow/.local/lib/python3.12/site-packages/airflow/example_dags/example_branch_python_dop_operator_3.py
[2024-08-03T14:18:19.377+0000] {processor.py:830} INFO - Processing file /home/airflow/.local/lib/python3.12/site-packages/airflow/example_dags/example_branch_python_dop_operator_3.py for tasks to queue
[2024-08-03T14:18:19.378+0000] {logging_mixin.py:188} INFO - [2024-08-03T14:18:19.378+0000] {dagbag.py:545} INFO - Filling up the DagBag from /home/airflow/.local/lib/python3.12/site-packages/airflow/example_dags/example_branch_python_dop_operator_3.py
[2024-08-03T14:18:19.400+0000] {processor.py:840} INFO - DAG(s) 'example_branch_dop_operator_v3' retrieved from /home/airflow/.local/lib/python3.12/site-packages/airflow/example_dags/example_branch_python_dop_operator_3.py
[2024-08-03T14:18:19.431+0000] {logging_mixin.py:188} INFO - [2024-08-03T14:18:19.431+0000] {dag.py:3089} INFO - Sync 1 DAGs
[2024-08-03T14:18:19.449+0000] {logging_mixin.py:188} INFO - [2024-08-03T14:18:19.449+0000] {dag.py:3947} INFO - Setting next_dagrun for example_branch_dop_operator_v3 to 2024-08-03 14:17:00+00:00, run_after=2024-08-03 14:18:00+00:00
[2024-08-03T14:18:19.466+0000] {processor.py:183} INFO - Processing /home/airflow/.local/lib/python3.12/site-packages/airflow/example_dags/example_branch_python_dop_operator_3.py took 0.094 seconds
[2024-08-03T14:36:39.359+0000] {processor.py:161} INFO - Started process (PID=8019) to work on /home/airflow/.local/lib/python3.12/site-packages/airflow/example_dags/example_branch_python_dop_operator_3.py
[2024-08-03T14:36:39.367+0000] {processor.py:830} INFO - Processing file /home/airflow/.local/lib/python3.12/site-packages/airflow/example_dags/example_branch_python_dop_operator_3.py for tasks to queue
[2024-08-03T14:36:39.375+0000] {logging_mixin.py:188} INFO - [2024-08-03T14:36:39.370+0000] {dagbag.py:545} INFO - Filling up the DagBag from /home/airflow/.local/lib/python3.12/site-packages/airflow/example_dags/example_branch_python_dop_operator_3.py
[2024-08-03T14:36:39.446+0000] {processor.py:840} INFO - DAG(s) 'example_branch_dop_operator_v3' retrieved from /home/airflow/.local/lib/python3.12/site-packages/airflow/example_dags/example_branch_python_dop_operator_3.py
[2024-08-03T14:36:39.862+0000] {logging_mixin.py:188} INFO - [2024-08-03T14:36:39.856+0000] {dag.py:3089} INFO - Sync 1 DAGs
[2024-08-03T14:36:40.017+0000] {logging_mixin.py:188} INFO - [2024-08-03T14:36:40.016+0000] {dag.py:3947} INFO - Setting next_dagrun for example_branch_dop_operator_v3 to 2024-08-03 14:35:00+00:00, run_after=2024-08-03 14:36:00+00:00
[2024-08-03T14:36:40.145+0000] {processor.py:183} INFO - Processing /home/airflow/.local/lib/python3.12/site-packages/airflow/example_dags/example_branch_python_dop_operator_3.py took 0.816 seconds
[2024-08-03T14:42:17.594+0000] {processor.py:161} INFO - Started process (PID=8084) to work on /home/airflow/.local/lib/python3.12/site-packages/airflow/example_dags/example_branch_python_dop_operator_3.py
[2024-08-03T14:42:17.601+0000] {processor.py:830} INFO - Processing file /home/airflow/.local/lib/python3.12/site-packages/airflow/example_dags/example_branch_python_dop_operator_3.py for tasks to queue
[2024-08-03T14:42:17.612+0000] {logging_mixin.py:188} INFO - [2024-08-03T14:42:17.612+0000] {dagbag.py:545} INFO - Filling up the DagBag from /home/airflow/.local/lib/python3.12/site-packages/airflow/example_dags/example_branch_python_dop_operator_3.py
[2024-08-03T14:42:17.708+0000] {processor.py:840} INFO - DAG(s) 'example_branch_dop_operator_v3' retrieved from /home/airflow/.local/lib/python3.12/site-packages/airflow/example_dags/example_branch_python_dop_operator_3.py
[2024-08-03T14:42:17.775+0000] {logging_mixin.py:188} INFO - [2024-08-03T14:42:17.774+0000] {dag.py:3089} INFO - Sync 1 DAGs
[2024-08-03T14:42:17.956+0000] {logging_mixin.py:188} INFO - [2024-08-03T14:42:17.954+0000] {dag.py:3947} INFO - Setting next_dagrun for example_branch_dop_operator_v3 to 2024-08-03 14:41:00+00:00, run_after=2024-08-03 14:42:00+00:00
[2024-08-03T14:42:18.098+0000] {processor.py:183} INFO - Processing /home/airflow/.local/lib/python3.12/site-packages/airflow/example_dags/example_branch_python_dop_operator_3.py took 0.527 seconds
[2024-08-03T14:42:48.685+0000] {processor.py:161} INFO - Started process (PID=8145) to work on /home/airflow/.local/lib/python3.12/site-packages/airflow/example_dags/example_branch_python_dop_operator_3.py
[2024-08-03T14:42:48.687+0000] {processor.py:830} INFO - Processing file /home/airflow/.local/lib/python3.12/site-packages/airflow/example_dags/example_branch_python_dop_operator_3.py for tasks to queue
[2024-08-03T14:42:48.688+0000] {logging_mixin.py:188} INFO - [2024-08-03T14:42:48.688+0000] {dagbag.py:545} INFO - Filling up the DagBag from /home/airflow/.local/lib/python3.12/site-packages/airflow/example_dags/example_branch_python_dop_operator_3.py
[2024-08-03T14:42:48.702+0000] {processor.py:840} INFO - DAG(s) 'example_branch_dop_operator_v3' retrieved from /home/airflow/.local/lib/python3.12/site-packages/airflow/example_dags/example_branch_python_dop_operator_3.py
[2024-08-03T14:42:48.751+0000] {logging_mixin.py:188} INFO - [2024-08-03T14:42:48.751+0000] {dag.py:3089} INFO - Sync 1 DAGs
[2024-08-03T14:42:48.774+0000] {logging_mixin.py:188} INFO - [2024-08-03T14:42:48.774+0000] {dag.py:3947} INFO - Setting next_dagrun for example_branch_dop_operator_v3 to 2024-08-03 14:41:00+00:00, run_after=2024-08-03 14:42:00+00:00
[2024-08-03T14:42:48.791+0000] {processor.py:183} INFO - Processing /home/airflow/.local/lib/python3.12/site-packages/airflow/example_dags/example_branch_python_dop_operator_3.py took 0.112 seconds
[2024-08-03T14:43:21.794+0000] {processor.py:161} INFO - Started process (PID=8216) to work on /home/airflow/.local/lib/python3.12/site-packages/airflow/example_dags/example_branch_python_dop_operator_3.py
[2024-08-03T14:43:21.802+0000] {processor.py:830} INFO - Processing file /home/airflow/.local/lib/python3.12/site-packages/airflow/example_dags/example_branch_python_dop_operator_3.py for tasks to queue
[2024-08-03T14:43:21.812+0000] {logging_mixin.py:188} INFO - [2024-08-03T14:43:21.806+0000] {dagbag.py:545} INFO - Filling up the DagBag from /home/airflow/.local/lib/python3.12/site-packages/airflow/example_dags/example_branch_python_dop_operator_3.py
[2024-08-03T14:43:21.892+0000] {processor.py:840} INFO - DAG(s) 'example_branch_dop_operator_v3' retrieved from /home/airflow/.local/lib/python3.12/site-packages/airflow/example_dags/example_branch_python_dop_operator_3.py
[2024-08-03T14:43:22.027+0000] {logging_mixin.py:188} INFO - [2024-08-03T14:43:22.026+0000] {dag.py:3089} INFO - Sync 1 DAGs
[2024-08-03T14:43:22.157+0000] {logging_mixin.py:188} INFO - [2024-08-03T14:43:22.156+0000] {dag.py:3947} INFO - Setting next_dagrun for example_branch_dop_operator_v3 to 2024-08-03 14:42:00+00:00, run_after=2024-08-03 14:43:00+00:00
[2024-08-03T14:43:22.240+0000] {processor.py:183} INFO - Processing /home/airflow/.local/lib/python3.12/site-packages/airflow/example_dags/example_branch_python_dop_operator_3.py took 0.485 seconds
[2024-08-03T14:43:52.545+0000] {processor.py:161} INFO - Started process (PID=8281) to work on /home/airflow/.local/lib/python3.12/site-packages/airflow/example_dags/example_branch_python_dop_operator_3.py
[2024-08-03T14:43:52.548+0000] {processor.py:830} INFO - Processing file /home/airflow/.local/lib/python3.12/site-packages/airflow/example_dags/example_branch_python_dop_operator_3.py for tasks to queue
[2024-08-03T14:43:52.549+0000] {logging_mixin.py:188} INFO - [2024-08-03T14:43:52.549+0000] {dagbag.py:545} INFO - Filling up the DagBag from /home/airflow/.local/lib/python3.12/site-packages/airflow/example_dags/example_branch_python_dop_operator_3.py
[2024-08-03T14:43:52.567+0000] {processor.py:840} INFO - DAG(s) 'example_branch_dop_operator_v3' retrieved from /home/airflow/.local/lib/python3.12/site-packages/airflow/example_dags/example_branch_python_dop_operator_3.py
[2024-08-03T14:43:52.589+0000] {logging_mixin.py:188} INFO - [2024-08-03T14:43:52.589+0000] {dag.py:3089} INFO - Sync 1 DAGs
[2024-08-03T14:43:52.608+0000] {logging_mixin.py:188} INFO - [2024-08-03T14:43:52.607+0000] {dag.py:3947} INFO - Setting next_dagrun for example_branch_dop_operator_v3 to 2024-08-03 14:42:00+00:00, run_after=2024-08-03 14:43:00+00:00
[2024-08-03T14:43:52.643+0000] {processor.py:183} INFO - Processing /home/airflow/.local/lib/python3.12/site-packages/airflow/example_dags/example_branch_python_dop_operator_3.py took 0.109 seconds
[2024-08-03T15:06:01.520+0000] {processor.py:161} INFO - Started process (PID=8368) to work on /home/airflow/.local/lib/python3.12/site-packages/airflow/example_dags/example_branch_python_dop_operator_3.py
[2024-08-03T15:06:01.532+0000] {processor.py:830} INFO - Processing file /home/airflow/.local/lib/python3.12/site-packages/airflow/example_dags/example_branch_python_dop_operator_3.py for tasks to queue
[2024-08-03T15:06:01.540+0000] {logging_mixin.py:188} INFO - [2024-08-03T15:06:01.538+0000] {dagbag.py:545} INFO - Filling up the DagBag from /home/airflow/.local/lib/python3.12/site-packages/airflow/example_dags/example_branch_python_dop_operator_3.py
[2024-08-03T15:06:01.639+0000] {processor.py:840} INFO - DAG(s) 'example_branch_dop_operator_v3' retrieved from /home/airflow/.local/lib/python3.12/site-packages/airflow/example_dags/example_branch_python_dop_operator_3.py
[2024-08-03T15:06:02.109+0000] {logging_mixin.py:188} INFO - [2024-08-03T15:06:02.108+0000] {dag.py:3089} INFO - Sync 1 DAGs
[2024-08-03T15:06:02.367+0000] {logging_mixin.py:188} INFO - [2024-08-03T15:06:02.367+0000] {dag.py:3947} INFO - Setting next_dagrun for example_branch_dop_operator_v3 to 2024-08-03 15:05:00+00:00, run_after=2024-08-03 15:06:00+00:00
[2024-08-03T15:06:02.487+0000] {processor.py:183} INFO - Processing /home/airflow/.local/lib/python3.12/site-packages/airflow/example_dags/example_branch_python_dop_operator_3.py took 1.104 seconds
[2024-08-03T15:55:14.357+0000] {processor.py:161} INFO - Started process (PID=8429) to work on /home/airflow/.local/lib/python3.12/site-packages/airflow/example_dags/example_branch_python_dop_operator_3.py
[2024-08-03T15:55:14.358+0000] {processor.py:830} INFO - Processing file /home/airflow/.local/lib/python3.12/site-packages/airflow/example_dags/example_branch_python_dop_operator_3.py for tasks to queue
[2024-08-03T15:55:14.359+0000] {logging_mixin.py:188} INFO - [2024-08-03T15:55:14.358+0000] {dagbag.py:545} INFO - Filling up the DagBag from /home/airflow/.local/lib/python3.12/site-packages/airflow/example_dags/example_branch_python_dop_operator_3.py
[2024-08-03T15:55:14.366+0000] {processor.py:840} INFO - DAG(s) 'example_branch_dop_operator_v3' retrieved from /home/airflow/.local/lib/python3.12/site-packages/airflow/example_dags/example_branch_python_dop_operator_3.py
[2024-08-03T15:55:14.390+0000] {logging_mixin.py:188} INFO - [2024-08-03T15:55:14.389+0000] {dag.py:3089} INFO - Sync 1 DAGs
[2024-08-03T15:55:14.414+0000] {logging_mixin.py:188} INFO - [2024-08-03T15:55:14.414+0000] {dag.py:3947} INFO - Setting next_dagrun for example_branch_dop_operator_v3 to 2024-08-03 15:54:00+00:00, run_after=2024-08-03 15:55:00+00:00
[2024-08-03T15:55:14.439+0000] {processor.py:183} INFO - Processing /home/airflow/.local/lib/python3.12/site-packages/airflow/example_dags/example_branch_python_dop_operator_3.py took 0.085 seconds
[2024-08-03T17:01:46.450+0000] {processor.py:161} INFO - Started process (PID=8482) to work on /home/airflow/.local/lib/python3.12/site-packages/airflow/example_dags/example_branch_python_dop_operator_3.py
[2024-08-03T17:01:46.457+0000] {processor.py:830} INFO - Processing file /home/airflow/.local/lib/python3.12/site-packages/airflow/example_dags/example_branch_python_dop_operator_3.py for tasks to queue
[2024-08-03T17:01:46.465+0000] {logging_mixin.py:188} INFO - [2024-08-03T17:01:46.462+0000] {dagbag.py:545} INFO - Filling up the DagBag from /home/airflow/.local/lib/python3.12/site-packages/airflow/example_dags/example_branch_python_dop_operator_3.py
[2024-08-03T17:01:46.638+0000] {processor.py:840} INFO - DAG(s) 'example_branch_dop_operator_v3' retrieved from /home/airflow/.local/lib/python3.12/site-packages/airflow/example_dags/example_branch_python_dop_operator_3.py
[2024-08-03T17:01:46.908+0000] {logging_mixin.py:188} INFO - [2024-08-03T17:01:46.906+0000] {dag.py:3089} INFO - Sync 1 DAGs
[2024-08-03T17:01:47.184+0000] {logging_mixin.py:188} INFO - [2024-08-03T17:01:47.184+0000] {dag.py:3947} INFO - Setting next_dagrun for example_branch_dop_operator_v3 to 2024-08-03 17:00:00+00:00, run_after=2024-08-03 17:01:00+00:00
[2024-08-03T17:01:47.331+0000] {processor.py:183} INFO - Processing /home/airflow/.local/lib/python3.12/site-packages/airflow/example_dags/example_branch_python_dop_operator_3.py took 0.917 seconds
[2024-08-03T17:24:53.393+0000] {processor.py:161} INFO - Started process (PID=8543) to work on /home/airflow/.local/lib/python3.12/site-packages/airflow/example_dags/example_branch_python_dop_operator_3.py
[2024-08-03T17:24:53.400+0000] {processor.py:830} INFO - Processing file /home/airflow/.local/lib/python3.12/site-packages/airflow/example_dags/example_branch_python_dop_operator_3.py for tasks to queue
[2024-08-03T17:24:53.407+0000] {logging_mixin.py:188} INFO - [2024-08-03T17:24:53.406+0000] {dagbag.py:545} INFO - Filling up the DagBag from /home/airflow/.local/lib/python3.12/site-packages/airflow/example_dags/example_branch_python_dop_operator_3.py
[2024-08-03T17:24:53.497+0000] {processor.py:840} INFO - DAG(s) 'example_branch_dop_operator_v3' retrieved from /home/airflow/.local/lib/python3.12/site-packages/airflow/example_dags/example_branch_python_dop_operator_3.py
[2024-08-03T17:24:53.734+0000] {logging_mixin.py:188} INFO - [2024-08-03T17:24:53.730+0000] {dag.py:3089} INFO - Sync 1 DAGs
[2024-08-03T17:24:54.176+0000] {logging_mixin.py:188} INFO - [2024-08-03T17:24:54.170+0000] {dag.py:3947} INFO - Setting next_dagrun for example_branch_dop_operator_v3 to 2024-08-03 17:23:00+00:00, run_after=2024-08-03 17:24:00+00:00
[2024-08-03T17:24:54.425+0000] {processor.py:183} INFO - Processing /home/airflow/.local/lib/python3.12/site-packages/airflow/example_dags/example_branch_python_dop_operator_3.py took 1.092 seconds
[2024-08-03T17:26:45.998+0000] {processor.py:161} INFO - Started process (PID=8638) to work on /home/airflow/.local/lib/python3.12/site-packages/airflow/example_dags/example_branch_python_dop_operator_3.py
[2024-08-03T17:26:46.011+0000] {processor.py:830} INFO - Processing file /home/airflow/.local/lib/python3.12/site-packages/airflow/example_dags/example_branch_python_dop_operator_3.py for tasks to queue
[2024-08-03T17:26:46.023+0000] {logging_mixin.py:188} INFO - [2024-08-03T17:26:46.014+0000] {dagbag.py:545} INFO - Filling up the DagBag from /home/airflow/.local/lib/python3.12/site-packages/airflow/example_dags/example_branch_python_dop_operator_3.py
[2024-08-03T17:26:46.102+0000] {processor.py:840} INFO - DAG(s) 'example_branch_dop_operator_v3' retrieved from /home/airflow/.local/lib/python3.12/site-packages/airflow/example_dags/example_branch_python_dop_operator_3.py
[2024-08-03T17:26:46.305+0000] {logging_mixin.py:188} INFO - [2024-08-03T17:26:46.305+0000] {dag.py:3089} INFO - Sync 1 DAGs
[2024-08-03T17:26:46.500+0000] {logging_mixin.py:188} INFO - [2024-08-03T17:26:46.498+0000] {dag.py:3947} INFO - Setting next_dagrun for example_branch_dop_operator_v3 to 2024-08-03 17:25:00+00:00, run_after=2024-08-03 17:26:00+00:00
[2024-08-03T17:26:46.666+0000] {processor.py:183} INFO - Processing /home/airflow/.local/lib/python3.12/site-packages/airflow/example_dags/example_branch_python_dop_operator_3.py took 0.716 seconds
[2024-08-03T17:27:16.971+0000] {processor.py:161} INFO - Started process (PID=8698) to work on /home/airflow/.local/lib/python3.12/site-packages/airflow/example_dags/example_branch_python_dop_operator_3.py
[2024-08-03T17:27:16.976+0000] {processor.py:830} INFO - Processing file /home/airflow/.local/lib/python3.12/site-packages/airflow/example_dags/example_branch_python_dop_operator_3.py for tasks to queue
[2024-08-03T17:27:16.977+0000] {logging_mixin.py:188} INFO - [2024-08-03T17:27:16.977+0000] {dagbag.py:545} INFO - Filling up the DagBag from /home/airflow/.local/lib/python3.12/site-packages/airflow/example_dags/example_branch_python_dop_operator_3.py
[2024-08-03T17:27:16.992+0000] {processor.py:840} INFO - DAG(s) 'example_branch_dop_operator_v3' retrieved from /home/airflow/.local/lib/python3.12/site-packages/airflow/example_dags/example_branch_python_dop_operator_3.py
[2024-08-03T17:27:17.012+0000] {logging_mixin.py:188} INFO - [2024-08-03T17:27:17.012+0000] {dag.py:3089} INFO - Sync 1 DAGs
[2024-08-03T17:27:17.030+0000] {logging_mixin.py:188} INFO - [2024-08-03T17:27:17.030+0000] {dag.py:3947} INFO - Setting next_dagrun for example_branch_dop_operator_v3 to 2024-08-03 17:26:00+00:00, run_after=2024-08-03 17:27:00+00:00
[2024-08-03T17:27:17.045+0000] {processor.py:183} INFO - Processing /home/airflow/.local/lib/python3.12/site-packages/airflow/example_dags/example_branch_python_dop_operator_3.py took 0.082 seconds
[2024-08-03T17:49:47.867+0000] {processor.py:161} INFO - Started process (PID=8774) to work on /home/airflow/.local/lib/python3.12/site-packages/airflow/example_dags/example_branch_python_dop_operator_3.py
[2024-08-03T17:49:47.874+0000] {processor.py:830} INFO - Processing file /home/airflow/.local/lib/python3.12/site-packages/airflow/example_dags/example_branch_python_dop_operator_3.py for tasks to queue
[2024-08-03T17:49:47.879+0000] {logging_mixin.py:188} INFO - [2024-08-03T17:49:47.878+0000] {dagbag.py:545} INFO - Filling up the DagBag from /home/airflow/.local/lib/python3.12/site-packages/airflow/example_dags/example_branch_python_dop_operator_3.py
[2024-08-03T17:49:47.960+0000] {processor.py:840} INFO - DAG(s) 'example_branch_dop_operator_v3' retrieved from /home/airflow/.local/lib/python3.12/site-packages/airflow/example_dags/example_branch_python_dop_operator_3.py
[2024-08-03T17:49:48.178+0000] {logging_mixin.py:188} INFO - [2024-08-03T17:49:48.168+0000] {dag.py:3089} INFO - Sync 1 DAGs
[2024-08-03T17:49:48.534+0000] {logging_mixin.py:188} INFO - [2024-08-03T17:49:48.531+0000] {dag.py:3947} INFO - Setting next_dagrun for example_branch_dop_operator_v3 to 2024-08-03 17:48:00+00:00, run_after=2024-08-03 17:49:00+00:00
[2024-08-03T17:49:48.657+0000] {processor.py:183} INFO - Processing /home/airflow/.local/lib/python3.12/site-packages/airflow/example_dags/example_branch_python_dop_operator_3.py took 0.851 seconds
[2024-08-03T18:23:31.195+0000] {processor.py:161} INFO - Started process (PID=8829) to work on /home/airflow/.local/lib/python3.12/site-packages/airflow/example_dags/example_branch_python_dop_operator_3.py
[2024-08-03T18:23:31.196+0000] {processor.py:830} INFO - Processing file /home/airflow/.local/lib/python3.12/site-packages/airflow/example_dags/example_branch_python_dop_operator_3.py for tasks to queue
[2024-08-03T18:23:31.197+0000] {logging_mixin.py:188} INFO - [2024-08-03T18:23:31.197+0000] {dagbag.py:545} INFO - Filling up the DagBag from /home/airflow/.local/lib/python3.12/site-packages/airflow/example_dags/example_branch_python_dop_operator_3.py
[2024-08-03T18:23:31.209+0000] {processor.py:840} INFO - DAG(s) 'example_branch_dop_operator_v3' retrieved from /home/airflow/.local/lib/python3.12/site-packages/airflow/example_dags/example_branch_python_dop_operator_3.py
[2024-08-03T18:23:31.234+0000] {logging_mixin.py:188} INFO - [2024-08-03T18:23:31.234+0000] {dag.py:3089} INFO - Sync 1 DAGs
[2024-08-03T18:23:31.256+0000] {logging_mixin.py:188} INFO - [2024-08-03T18:23:31.256+0000] {dag.py:3947} INFO - Setting next_dagrun for example_branch_dop_operator_v3 to 2024-08-03 18:22:00+00:00, run_after=2024-08-03 18:23:00+00:00
[2024-08-03T18:23:31.300+0000] {processor.py:183} INFO - Processing /home/airflow/.local/lib/python3.12/site-packages/airflow/example_dags/example_branch_python_dop_operator_3.py took 0.116 seconds
[2024-08-03T19:08:56.122+0000] {processor.py:161} INFO - Started process (PID=8881) to work on /home/airflow/.local/lib/python3.12/site-packages/airflow/example_dags/example_branch_python_dop_operator_3.py
[2024-08-03T19:08:56.135+0000] {processor.py:830} INFO - Processing file /home/airflow/.local/lib/python3.12/site-packages/airflow/example_dags/example_branch_python_dop_operator_3.py for tasks to queue
[2024-08-03T19:08:56.148+0000] {logging_mixin.py:188} INFO - [2024-08-03T19:08:56.145+0000] {dagbag.py:545} INFO - Filling up the DagBag from /home/airflow/.local/lib/python3.12/site-packages/airflow/example_dags/example_branch_python_dop_operator_3.py
[2024-08-03T19:08:56.315+0000] {processor.py:840} INFO - DAG(s) 'example_branch_dop_operator_v3' retrieved from /home/airflow/.local/lib/python3.12/site-packages/airflow/example_dags/example_branch_python_dop_operator_3.py
[2024-08-03T19:08:56.482+0000] {logging_mixin.py:188} INFO - [2024-08-03T19:08:56.479+0000] {dag.py:3089} INFO - Sync 1 DAGs
[2024-08-03T19:08:57.593+0000] {logging_mixin.py:188} INFO - [2024-08-03T19:08:57.591+0000] {dag.py:3947} INFO - Setting next_dagrun for example_branch_dop_operator_v3 to 2024-08-03 19:07:00+00:00, run_after=2024-08-03 19:08:00+00:00
[2024-08-03T19:08:58.115+0000] {processor.py:183} INFO - Processing /home/airflow/.local/lib/python3.12/site-packages/airflow/example_dags/example_branch_python_dop_operator_3.py took 2.057 seconds
[2024-08-03T20:16:21.924+0000] {processor.py:161} INFO - Started process (PID=8947) to work on /home/airflow/.local/lib/python3.12/site-packages/airflow/example_dags/example_branch_python_dop_operator_3.py
[2024-08-03T20:16:21.929+0000] {processor.py:830} INFO - Processing file /home/airflow/.local/lib/python3.12/site-packages/airflow/example_dags/example_branch_python_dop_operator_3.py for tasks to queue
[2024-08-03T20:16:21.933+0000] {logging_mixin.py:188} INFO - [2024-08-03T20:16:21.932+0000] {dagbag.py:545} INFO - Filling up the DagBag from /home/airflow/.local/lib/python3.12/site-packages/airflow/example_dags/example_branch_python_dop_operator_3.py
[2024-08-03T20:16:21.985+0000] {processor.py:840} INFO - DAG(s) 'example_branch_dop_operator_v3' retrieved from /home/airflow/.local/lib/python3.12/site-packages/airflow/example_dags/example_branch_python_dop_operator_3.py
[2024-08-03T20:16:22.120+0000] {logging_mixin.py:188} INFO - [2024-08-03T20:16:22.119+0000] {dag.py:3089} INFO - Sync 1 DAGs
[2024-08-03T20:16:22.193+0000] {logging_mixin.py:188} INFO - [2024-08-03T20:16:22.192+0000] {dag.py:3947} INFO - Setting next_dagrun for example_branch_dop_operator_v3 to 2024-08-03 20:15:00+00:00, run_after=2024-08-03 20:16:00+00:00
[2024-08-03T20:16:22.228+0000] {processor.py:183} INFO - Processing /home/airflow/.local/lib/python3.12/site-packages/airflow/example_dags/example_branch_python_dop_operator_3.py took 0.317 seconds
[2024-08-03T21:24:56.179+0000] {processor.py:161} INFO - Started process (PID=8998) to work on /home/airflow/.local/lib/python3.12/site-packages/airflow/example_dags/example_branch_python_dop_operator_3.py
[2024-08-03T21:24:56.186+0000] {processor.py:830} INFO - Processing file /home/airflow/.local/lib/python3.12/site-packages/airflow/example_dags/example_branch_python_dop_operator_3.py for tasks to queue
[2024-08-03T21:24:56.197+0000] {logging_mixin.py:188} INFO - [2024-08-03T21:24:56.192+0000] {dagbag.py:545} INFO - Filling up the DagBag from /home/airflow/.local/lib/python3.12/site-packages/airflow/example_dags/example_branch_python_dop_operator_3.py
[2024-08-03T21:24:56.264+0000] {processor.py:840} INFO - DAG(s) 'example_branch_dop_operator_v3' retrieved from /home/airflow/.local/lib/python3.12/site-packages/airflow/example_dags/example_branch_python_dop_operator_3.py
[2024-08-03T21:24:56.397+0000] {logging_mixin.py:188} INFO - [2024-08-03T21:24:56.397+0000] {dag.py:3089} INFO - Sync 1 DAGs
[2024-08-03T21:24:56.486+0000] {logging_mixin.py:188} INFO - [2024-08-03T21:24:56.486+0000] {dag.py:3947} INFO - Setting next_dagrun for example_branch_dop_operator_v3 to 2024-08-03 21:23:00+00:00, run_after=2024-08-03 21:24:00+00:00
[2024-08-03T21:24:56.565+0000] {processor.py:183} INFO - Processing /home/airflow/.local/lib/python3.12/site-packages/airflow/example_dags/example_branch_python_dop_operator_3.py took 0.428 seconds
[2024-08-03T23:34:57.090+0000] {processor.py:161} INFO - Started process (PID=9080) to work on /home/airflow/.local/lib/python3.12/site-packages/airflow/example_dags/example_branch_python_dop_operator_3.py
[2024-08-03T23:34:57.101+0000] {processor.py:830} INFO - Processing file /home/airflow/.local/lib/python3.12/site-packages/airflow/example_dags/example_branch_python_dop_operator_3.py for tasks to queue
[2024-08-03T23:34:57.105+0000] {logging_mixin.py:188} INFO - [2024-08-03T23:34:57.103+0000] {dagbag.py:545} INFO - Filling up the DagBag from /home/airflow/.local/lib/python3.12/site-packages/airflow/example_dags/example_branch_python_dop_operator_3.py
[2024-08-03T23:34:57.183+0000] {processor.py:840} INFO - DAG(s) 'example_branch_dop_operator_v3' retrieved from /home/airflow/.local/lib/python3.12/site-packages/airflow/example_dags/example_branch_python_dop_operator_3.py
[2024-08-03T23:34:57.442+0000] {logging_mixin.py:188} INFO - [2024-08-03T23:34:57.441+0000] {dag.py:3089} INFO - Sync 1 DAGs
[2024-08-03T23:34:57.767+0000] {logging_mixin.py:188} INFO - [2024-08-03T23:34:57.765+0000] {dag.py:3947} INFO - Setting next_dagrun for example_branch_dop_operator_v3 to 2024-08-03 23:33:00+00:00, run_after=2024-08-03 23:34:00+00:00
[2024-08-03T23:34:57.889+0000] {processor.py:183} INFO - Processing /home/airflow/.local/lib/python3.12/site-packages/airflow/example_dags/example_branch_python_dop_operator_3.py took 0.864 seconds
