[2024-08-03T00:03:18.574+0000] {processor.py:161} INFO - Started process (PID=7188) to work on /home/airflow/.local/lib/python3.12/site-packages/airflow/example_dags/example_display_name.py
[2024-08-03T00:03:18.592+0000] {processor.py:830} INFO - Processing file /home/airflow/.local/lib/python3.12/site-packages/airflow/example_dags/example_display_name.py for tasks to queue
[2024-08-03T00:03:18.625+0000] {logging_mixin.py:188} INFO - [2024-08-03T00:03:18.608+0000] {dagbag.py:545} INFO - Filling up the DagBag from /home/airflow/.local/lib/python3.12/site-packages/airflow/example_dags/example_display_name.py
[2024-08-03T00:03:18.888+0000] {processor.py:840} INFO - DAG(s) 'example_display_name' retrieved from /home/airflow/.local/lib/python3.12/site-packages/airflow/example_dags/example_display_name.py
[2024-08-03T00:03:19.253+0000] {logging_mixin.py:188} INFO - [2024-08-03T00:03:19.247+0000] {dag.py:3089} INFO - Sync 1 DAGs
[2024-08-03T00:03:19.417+0000] {logging_mixin.py:188} INFO - [2024-08-03T00:03:19.413+0000] {dag.py:3947} INFO - Setting next_dagrun for example_display_name to None, run_after=None
[2024-08-03T00:03:19.595+0000] {processor.py:183} INFO - Processing /home/airflow/.local/lib/python3.12/site-packages/airflow/example_dags/example_display_name.py took 1.116 seconds
[2024-08-03T03:17:20.746+0000] {processor.py:161} INFO - Started process (PID=7313) to work on /home/airflow/.local/lib/python3.12/site-packages/airflow/example_dags/example_display_name.py
[2024-08-03T03:17:20.761+0000] {processor.py:830} INFO - Processing file /home/airflow/.local/lib/python3.12/site-packages/airflow/example_dags/example_display_name.py for tasks to queue
[2024-08-03T03:17:20.767+0000] {logging_mixin.py:188} INFO - [2024-08-03T03:17:20.766+0000] {dagbag.py:545} INFO - Filling up the DagBag from /home/airflow/.local/lib/python3.12/site-packages/airflow/example_dags/example_display_name.py
[2024-08-03T03:17:20.875+0000] {processor.py:840} INFO - DAG(s) 'example_display_name' retrieved from /home/airflow/.local/lib/python3.12/site-packages/airflow/example_dags/example_display_name.py
[2024-08-03T03:17:21.223+0000] {logging_mixin.py:188} INFO - [2024-08-03T03:17:21.218+0000] {dag.py:3089} INFO - Sync 1 DAGs
[2024-08-03T03:17:21.397+0000] {logging_mixin.py:188} INFO - [2024-08-03T03:17:21.395+0000] {dag.py:3947} INFO - Setting next_dagrun for example_display_name to None, run_after=None
[2024-08-03T03:17:21.565+0000] {processor.py:183} INFO - Processing /home/airflow/.local/lib/python3.12/site-packages/airflow/example_dags/example_display_name.py took 0.950 seconds
[2024-08-03T03:24:46.090+0000] {processor.py:161} INFO - Started process (PID=7402) to work on /home/airflow/.local/lib/python3.12/site-packages/airflow/example_dags/example_display_name.py
[2024-08-03T03:24:46.108+0000] {processor.py:830} INFO - Processing file /home/airflow/.local/lib/python3.12/site-packages/airflow/example_dags/example_display_name.py for tasks to queue
[2024-08-03T03:24:46.141+0000] {logging_mixin.py:188} INFO - [2024-08-03T03:24:46.121+0000] {dagbag.py:545} INFO - Filling up the DagBag from /home/airflow/.local/lib/python3.12/site-packages/airflow/example_dags/example_display_name.py
[2024-08-03T03:24:46.320+0000] {processor.py:840} INFO - DAG(s) 'example_display_name' retrieved from /home/airflow/.local/lib/python3.12/site-packages/airflow/example_dags/example_display_name.py
[2024-08-03T03:24:48.811+0000] {logging_mixin.py:188} INFO - [2024-08-03T03:24:48.805+0000] {dag.py:3089} INFO - Sync 1 DAGs
[2024-08-03T03:24:49.037+0000] {logging_mixin.py:188} INFO - [2024-08-03T03:24:49.035+0000] {dag.py:3947} INFO - Setting next_dagrun for example_display_name to None, run_after=None
[2024-08-03T03:24:49.285+0000] {processor.py:183} INFO - Processing /home/airflow/.local/lib/python3.12/site-packages/airflow/example_dags/example_display_name.py took 3.331 seconds
[2024-08-03T06:47:58.771+0000] {processor.py:161} INFO - Started process (PID=7474) to work on /home/airflow/.local/lib/python3.12/site-packages/airflow/example_dags/example_display_name.py
[2024-08-03T06:47:58.788+0000] {processor.py:830} INFO - Processing file /home/airflow/.local/lib/python3.12/site-packages/airflow/example_dags/example_display_name.py for tasks to queue
[2024-08-03T06:47:58.805+0000] {logging_mixin.py:188} INFO - [2024-08-03T06:47:58.799+0000] {dagbag.py:545} INFO - Filling up the DagBag from /home/airflow/.local/lib/python3.12/site-packages/airflow/example_dags/example_display_name.py
[2024-08-03T06:47:58.910+0000] {processor.py:840} INFO - DAG(s) 'example_display_name' retrieved from /home/airflow/.local/lib/python3.12/site-packages/airflow/example_dags/example_display_name.py
[2024-08-03T06:47:59.177+0000] {logging_mixin.py:188} INFO - [2024-08-03T06:47:59.174+0000] {dag.py:3089} INFO - Sync 1 DAGs
[2024-08-03T06:47:59.333+0000] {logging_mixin.py:188} INFO - [2024-08-03T06:47:59.332+0000] {dag.py:3947} INFO - Setting next_dagrun for example_display_name to None, run_after=None
[2024-08-03T06:47:59.594+0000] {processor.py:183} INFO - Processing /home/airflow/.local/lib/python3.12/site-packages/airflow/example_dags/example_display_name.py took 0.909 seconds
[2024-08-03T09:03:26.138+0000] {processor.py:161} INFO - Started process (PID=7586) to work on /home/airflow/.local/lib/python3.12/site-packages/airflow/example_dags/example_display_name.py
[2024-08-03T09:03:26.170+0000] {processor.py:830} INFO - Processing file /home/airflow/.local/lib/python3.12/site-packages/airflow/example_dags/example_display_name.py for tasks to queue
[2024-08-03T09:03:26.221+0000] {logging_mixin.py:188} INFO - [2024-08-03T09:03:26.211+0000] {dagbag.py:545} INFO - Filling up the DagBag from /home/airflow/.local/lib/python3.12/site-packages/airflow/example_dags/example_display_name.py
[2024-08-03T09:03:26.397+0000] {processor.py:840} INFO - DAG(s) 'example_display_name' retrieved from /home/airflow/.local/lib/python3.12/site-packages/airflow/example_dags/example_display_name.py
[2024-08-03T09:03:26.985+0000] {logging_mixin.py:188} INFO - [2024-08-03T09:03:26.982+0000] {dag.py:3089} INFO - Sync 1 DAGs
[2024-08-03T09:03:27.147+0000] {logging_mixin.py:188} INFO - [2024-08-03T09:03:27.145+0000] {dag.py:3947} INFO - Setting next_dagrun for example_display_name to None, run_after=None
[2024-08-03T09:53:03.588+0000] {processor.py:183} INFO - Processing /home/airflow/.local/lib/python3.12/site-packages/airflow/example_dags/example_display_name.py took 1.625 seconds
[2024-08-03T10:37:01.825+0000] {processor.py:161} INFO - Started process (PID=7692) to work on /home/airflow/.local/lib/python3.12/site-packages/airflow/example_dags/example_display_name.py
[2024-08-03T10:37:01.829+0000] {processor.py:830} INFO - Processing file /home/airflow/.local/lib/python3.12/site-packages/airflow/example_dags/example_display_name.py for tasks to queue
[2024-08-03T10:37:01.830+0000] {logging_mixin.py:188} INFO - [2024-08-03T10:37:01.830+0000] {dagbag.py:545} INFO - Filling up the DagBag from /home/airflow/.local/lib/python3.12/site-packages/airflow/example_dags/example_display_name.py
[2024-08-03T10:37:01.837+0000] {processor.py:840} INFO - DAG(s) 'example_display_name' retrieved from /home/airflow/.local/lib/python3.12/site-packages/airflow/example_dags/example_display_name.py
[2024-08-03T10:37:01.965+0000] {logging_mixin.py:188} INFO - [2024-08-03T10:37:01.965+0000] {dag.py:3089} INFO - Sync 1 DAGs
[2024-08-03T10:37:01.990+0000] {logging_mixin.py:188} INFO - [2024-08-03T10:37:01.989+0000] {dag.py:3947} INFO - Setting next_dagrun for example_display_name to None, run_after=None
[2024-08-03T10:37:02.017+0000] {processor.py:183} INFO - Processing /home/airflow/.local/lib/python3.12/site-packages/airflow/example_dags/example_display_name.py took 0.209 seconds
[2024-08-03T12:20:01.896+0000] {processor.py:161} INFO - Started process (PID=7767) to work on /home/airflow/.local/lib/python3.12/site-packages/airflow/example_dags/example_display_name.py
[2024-08-03T12:20:01.935+0000] {processor.py:830} INFO - Processing file /home/airflow/.local/lib/python3.12/site-packages/airflow/example_dags/example_display_name.py for tasks to queue
[2024-08-03T12:20:01.959+0000] {logging_mixin.py:188} INFO - [2024-08-03T12:20:01.957+0000] {dagbag.py:545} INFO - Filling up the DagBag from /home/airflow/.local/lib/python3.12/site-packages/airflow/example_dags/example_display_name.py
[2024-08-03T12:20:02.209+0000] {processor.py:840} INFO - DAG(s) 'example_display_name' retrieved from /home/airflow/.local/lib/python3.12/site-packages/airflow/example_dags/example_display_name.py
[2024-08-03T12:20:02.502+0000] {logging_mixin.py:188} INFO - [2024-08-03T12:20:02.499+0000] {dag.py:3089} INFO - Sync 1 DAGs
[2024-08-03T12:20:02.642+0000] {logging_mixin.py:188} INFO - [2024-08-03T12:20:02.641+0000] {dag.py:3947} INFO - Setting next_dagrun for example_display_name to None, run_after=None
[2024-08-03T12:20:02.942+0000] {processor.py:183} INFO - Processing /home/airflow/.local/lib/python3.12/site-packages/airflow/example_dags/example_display_name.py took 1.283 seconds
[2024-08-03T14:17:58.248+0000] {processor.py:161} INFO - Started process (PID=7869) to work on /home/airflow/.local/lib/python3.12/site-packages/airflow/example_dags/example_display_name.py
[2024-08-03T14:17:58.278+0000] {processor.py:830} INFO - Processing file /home/airflow/.local/lib/python3.12/site-packages/airflow/example_dags/example_display_name.py for tasks to queue
[2024-08-03T14:17:58.292+0000] {logging_mixin.py:188} INFO - [2024-08-03T14:17:58.284+0000] {dagbag.py:545} INFO - Filling up the DagBag from /home/airflow/.local/lib/python3.12/site-packages/airflow/example_dags/example_display_name.py
[2024-08-03T14:17:58.447+0000] {processor.py:840} INFO - DAG(s) 'example_display_name' retrieved from /home/airflow/.local/lib/python3.12/site-packages/airflow/example_dags/example_display_name.py
[2024-08-03T14:17:58.829+0000] {logging_mixin.py:188} INFO - [2024-08-03T14:17:58.800+0000] {dag.py:3089} INFO - Sync 1 DAGs
[2024-08-03T14:17:59.015+0000] {logging_mixin.py:188} INFO - [2024-08-03T14:17:59.014+0000] {dag.py:3947} INFO - Setting next_dagrun for example_display_name to None, run_after=None
[2024-08-03T14:17:59.243+0000] {processor.py:183} INFO - Processing /home/airflow/.local/lib/python3.12/site-packages/airflow/example_dags/example_display_name.py took 1.087 seconds
[2024-08-03T14:18:29.661+0000] {processor.py:161} INFO - Started process (PID=7929) to work on /home/airflow/.local/lib/python3.12/site-packages/airflow/example_dags/example_display_name.py
[2024-08-03T14:18:29.663+0000] {processor.py:830} INFO - Processing file /home/airflow/.local/lib/python3.12/site-packages/airflow/example_dags/example_display_name.py for tasks to queue
[2024-08-03T14:18:29.664+0000] {logging_mixin.py:188} INFO - [2024-08-03T14:18:29.663+0000] {dagbag.py:545} INFO - Filling up the DagBag from /home/airflow/.local/lib/python3.12/site-packages/airflow/example_dags/example_display_name.py
[2024-08-03T14:18:29.671+0000] {processor.py:840} INFO - DAG(s) 'example_display_name' retrieved from /home/airflow/.local/lib/python3.12/site-packages/airflow/example_dags/example_display_name.py
[2024-08-03T14:18:29.687+0000] {logging_mixin.py:188} INFO - [2024-08-03T14:18:29.687+0000] {dag.py:3089} INFO - Sync 1 DAGs
[2024-08-03T14:18:29.695+0000] {logging_mixin.py:188} INFO - [2024-08-03T14:18:29.695+0000] {dag.py:3947} INFO - Setting next_dagrun for example_display_name to None, run_after=None
[2024-08-03T14:18:29.707+0000] {processor.py:183} INFO - Processing /home/airflow/.local/lib/python3.12/site-packages/airflow/example_dags/example_display_name.py took 0.053 seconds
[2024-08-03T14:36:54.755+0000] {processor.py:161} INFO - Started process (PID=8033) to work on /home/airflow/.local/lib/python3.12/site-packages/airflow/example_dags/example_display_name.py
[2024-08-03T14:36:54.788+0000] {processor.py:830} INFO - Processing file /home/airflow/.local/lib/python3.12/site-packages/airflow/example_dags/example_display_name.py for tasks to queue
[2024-08-03T14:36:54.843+0000] {logging_mixin.py:188} INFO - [2024-08-03T14:36:54.820+0000] {dagbag.py:545} INFO - Filling up the DagBag from /home/airflow/.local/lib/python3.12/site-packages/airflow/example_dags/example_display_name.py
[2024-08-03T14:36:55.048+0000] {processor.py:840} INFO - DAG(s) 'example_display_name' retrieved from /home/airflow/.local/lib/python3.12/site-packages/airflow/example_dags/example_display_name.py
[2024-08-03T14:41:39.529+0000] {logging_mixin.py:188} INFO - [2024-08-03T14:41:39.508+0000] {dag.py:3089} INFO - Sync 1 DAGs
[2024-08-03T14:41:40.339+0000] {logging_mixin.py:188} INFO - [2024-08-03T14:41:40.336+0000] {dag.py:3947} INFO - Setting next_dagrun for example_display_name to None, run_after=None
[2024-08-03T14:41:40.752+0000] {processor.py:183} INFO - Processing /home/airflow/.local/lib/python3.12/site-packages/airflow/example_dags/example_display_name.py took 3.098 seconds
[2024-08-03T14:42:22.365+0000] {processor.py:161} INFO - Started process (PID=8098) to work on /home/airflow/.local/lib/python3.12/site-packages/airflow/example_dags/example_display_name.py
[2024-08-03T14:42:22.370+0000] {processor.py:830} INFO - Processing file /home/airflow/.local/lib/python3.12/site-packages/airflow/example_dags/example_display_name.py for tasks to queue
[2024-08-03T14:42:22.379+0000] {logging_mixin.py:188} INFO - [2024-08-03T14:42:22.377+0000] {dagbag.py:545} INFO - Filling up the DagBag from /home/airflow/.local/lib/python3.12/site-packages/airflow/example_dags/example_display_name.py
[2024-08-03T14:42:22.473+0000] {processor.py:840} INFO - DAG(s) 'example_display_name' retrieved from /home/airflow/.local/lib/python3.12/site-packages/airflow/example_dags/example_display_name.py
[2024-08-03T14:42:22.621+0000] {logging_mixin.py:188} INFO - [2024-08-03T14:42:22.620+0000] {dag.py:3089} INFO - Sync 1 DAGs
[2024-08-03T14:42:22.702+0000] {logging_mixin.py:188} INFO - [2024-08-03T14:42:22.700+0000] {dag.py:3947} INFO - Setting next_dagrun for example_display_name to None, run_after=None
[2024-08-03T14:42:22.829+0000] {processor.py:183} INFO - Processing /home/airflow/.local/lib/python3.12/site-packages/airflow/example_dags/example_display_name.py took 0.527 seconds
[2024-08-03T14:42:53.324+0000] {processor.py:161} INFO - Started process (PID=8158) to work on /home/airflow/.local/lib/python3.12/site-packages/airflow/example_dags/example_display_name.py
[2024-08-03T14:42:53.325+0000] {processor.py:830} INFO - Processing file /home/airflow/.local/lib/python3.12/site-packages/airflow/example_dags/example_display_name.py for tasks to queue
[2024-08-03T14:42:53.326+0000] {logging_mixin.py:188} INFO - [2024-08-03T14:42:53.326+0000] {dagbag.py:545} INFO - Filling up the DagBag from /home/airflow/.local/lib/python3.12/site-packages/airflow/example_dags/example_display_name.py
[2024-08-03T14:42:53.337+0000] {processor.py:840} INFO - DAG(s) 'example_display_name' retrieved from /home/airflow/.local/lib/python3.12/site-packages/airflow/example_dags/example_display_name.py
[2024-08-03T14:42:53.366+0000] {logging_mixin.py:188} INFO - [2024-08-03T14:42:53.366+0000] {dag.py:3089} INFO - Sync 1 DAGs
[2024-08-03T14:42:53.376+0000] {logging_mixin.py:188} INFO - [2024-08-03T14:42:53.376+0000] {dag.py:3947} INFO - Setting next_dagrun for example_display_name to None, run_after=None
[2024-08-03T14:42:53.386+0000] {processor.py:183} INFO - Processing /home/airflow/.local/lib/python3.12/site-packages/airflow/example_dags/example_display_name.py took 0.076 seconds
[2024-08-03T14:43:24.973+0000] {processor.py:161} INFO - Started process (PID=8235) to work on /home/airflow/.local/lib/python3.12/site-packages/airflow/example_dags/example_display_name.py
[2024-08-03T14:43:24.978+0000] {processor.py:830} INFO - Processing file /home/airflow/.local/lib/python3.12/site-packages/airflow/example_dags/example_display_name.py for tasks to queue
[2024-08-03T14:43:24.979+0000] {logging_mixin.py:188} INFO - [2024-08-03T14:43:24.979+0000] {dagbag.py:545} INFO - Filling up the DagBag from /home/airflow/.local/lib/python3.12/site-packages/airflow/example_dags/example_display_name.py
[2024-08-03T14:43:24.989+0000] {processor.py:840} INFO - DAG(s) 'example_display_name' retrieved from /home/airflow/.local/lib/python3.12/site-packages/airflow/example_dags/example_display_name.py
[2024-08-03T14:43:25.043+0000] {logging_mixin.py:188} INFO - [2024-08-03T14:43:25.043+0000] {dag.py:3089} INFO - Sync 1 DAGs
[2024-08-03T14:43:25.067+0000] {logging_mixin.py:188} INFO - [2024-08-03T14:43:25.066+0000] {dag.py:3947} INFO - Setting next_dagrun for example_display_name to None, run_after=None
[2024-08-03T14:43:25.119+0000] {processor.py:183} INFO - Processing /home/airflow/.local/lib/python3.12/site-packages/airflow/example_dags/example_display_name.py took 0.158 seconds
[2024-08-03T14:43:55.257+0000] {processor.py:161} INFO - Started process (PID=8300) to work on /home/airflow/.local/lib/python3.12/site-packages/airflow/example_dags/example_display_name.py
[2024-08-03T14:43:55.258+0000] {processor.py:830} INFO - Processing file /home/airflow/.local/lib/python3.12/site-packages/airflow/example_dags/example_display_name.py for tasks to queue
[2024-08-03T14:43:55.258+0000] {logging_mixin.py:188} INFO - [2024-08-03T14:43:55.258+0000] {dagbag.py:545} INFO - Filling up the DagBag from /home/airflow/.local/lib/python3.12/site-packages/airflow/example_dags/example_display_name.py
[2024-08-03T14:43:55.261+0000] {processor.py:840} INFO - DAG(s) 'example_display_name' retrieved from /home/airflow/.local/lib/python3.12/site-packages/airflow/example_dags/example_display_name.py
[2024-08-03T14:43:55.279+0000] {logging_mixin.py:188} INFO - [2024-08-03T14:43:55.279+0000] {dag.py:3089} INFO - Sync 1 DAGs
[2024-08-03T14:43:55.287+0000] {logging_mixin.py:188} INFO - [2024-08-03T14:43:55.287+0000] {dag.py:3947} INFO - Setting next_dagrun for example_display_name to None, run_after=None
[2024-08-03T14:43:55.295+0000] {processor.py:183} INFO - Processing /home/airflow/.local/lib/python3.12/site-packages/airflow/example_dags/example_display_name.py took 0.041 seconds
[2024-08-03T15:54:57.790+0000] {processor.py:161} INFO - Started process (PID=8384) to work on /home/airflow/.local/lib/python3.12/site-packages/airflow/example_dags/example_display_name.py
[2024-08-03T15:54:57.820+0000] {processor.py:830} INFO - Processing file /home/airflow/.local/lib/python3.12/site-packages/airflow/example_dags/example_display_name.py for tasks to queue
[2024-08-03T15:54:57.827+0000] {logging_mixin.py:188} INFO - [2024-08-03T15:54:57.826+0000] {dagbag.py:545} INFO - Filling up the DagBag from /home/airflow/.local/lib/python3.12/site-packages/airflow/example_dags/example_display_name.py
[2024-08-03T15:54:57.931+0000] {processor.py:840} INFO - DAG(s) 'example_display_name' retrieved from /home/airflow/.local/lib/python3.12/site-packages/airflow/example_dags/example_display_name.py
[2024-08-03T15:54:58.219+0000] {logging_mixin.py:188} INFO - [2024-08-03T15:54:58.217+0000] {dag.py:3089} INFO - Sync 1 DAGs
[2024-08-03T15:54:58.387+0000] {logging_mixin.py:188} INFO - [2024-08-03T15:54:58.387+0000] {dag.py:3947} INFO - Setting next_dagrun for example_display_name to None, run_after=None
[2024-08-03T15:54:58.496+0000] {processor.py:183} INFO - Processing /home/airflow/.local/lib/python3.12/site-packages/airflow/example_dags/example_display_name.py took 0.852 seconds
[2024-08-03T17:24:26.179+0000] {processor.py:161} INFO - Started process (PID=8496) to work on /home/airflow/.local/lib/python3.12/site-packages/airflow/example_dags/example_display_name.py
[2024-08-03T17:24:26.196+0000] {processor.py:830} INFO - Processing file /home/airflow/.local/lib/python3.12/site-packages/airflow/example_dags/example_display_name.py for tasks to queue
[2024-08-03T17:24:26.198+0000] {logging_mixin.py:188} INFO - [2024-08-03T17:24:26.197+0000] {dagbag.py:545} INFO - Filling up the DagBag from /home/airflow/.local/lib/python3.12/site-packages/airflow/example_dags/example_display_name.py
[2024-08-03T17:24:26.252+0000] {processor.py:840} INFO - DAG(s) 'example_display_name' retrieved from /home/airflow/.local/lib/python3.12/site-packages/airflow/example_dags/example_display_name.py
[2024-08-03T17:24:26.486+0000] {logging_mixin.py:188} INFO - [2024-08-03T17:24:26.485+0000] {dag.py:3089} INFO - Sync 1 DAGs
[2024-08-03T17:24:26.791+0000] {logging_mixin.py:188} INFO - [2024-08-03T17:24:26.779+0000] {dag.py:3947} INFO - Setting next_dagrun for example_display_name to None, run_after=None
[2024-08-03T17:24:26.979+0000] {processor.py:183} INFO - Processing /home/airflow/.local/lib/python3.12/site-packages/airflow/example_dags/example_display_name.py took 0.883 seconds
[2024-08-03T17:24:58.074+0000] {processor.py:161} INFO - Started process (PID=8557) to work on /home/airflow/.local/lib/python3.12/site-packages/airflow/example_dags/example_display_name.py
[2024-08-03T17:24:58.080+0000] {processor.py:830} INFO - Processing file /home/airflow/.local/lib/python3.12/site-packages/airflow/example_dags/example_display_name.py for tasks to queue
[2024-08-03T17:24:58.082+0000] {logging_mixin.py:188} INFO - [2024-08-03T17:24:58.081+0000] {dagbag.py:545} INFO - Filling up the DagBag from /home/airflow/.local/lib/python3.12/site-packages/airflow/example_dags/example_display_name.py
[2024-08-03T17:24:58.098+0000] {processor.py:840} INFO - DAG(s) 'example_display_name' retrieved from /home/airflow/.local/lib/python3.12/site-packages/airflow/example_dags/example_display_name.py
[2024-08-03T17:24:58.172+0000] {logging_mixin.py:188} INFO - [2024-08-03T17:24:58.172+0000] {dag.py:3089} INFO - Sync 1 DAGs
[2024-08-03T17:24:58.203+0000] {logging_mixin.py:188} INFO - [2024-08-03T17:24:58.203+0000] {dag.py:3947} INFO - Setting next_dagrun for example_display_name to None, run_after=None
[2024-08-03T17:24:58.230+0000] {processor.py:183} INFO - Processing /home/airflow/.local/lib/python3.12/site-packages/airflow/example_dags/example_display_name.py took 0.186 seconds
[2024-08-03T17:26:51.946+0000] {processor.py:161} INFO - Started process (PID=8657) to work on /home/airflow/.local/lib/python3.12/site-packages/airflow/example_dags/example_display_name.py
[2024-08-03T17:26:51.954+0000] {processor.py:830} INFO - Processing file /home/airflow/.local/lib/python3.12/site-packages/airflow/example_dags/example_display_name.py for tasks to queue
[2024-08-03T17:26:51.957+0000] {logging_mixin.py:188} INFO - [2024-08-03T17:26:51.956+0000] {dagbag.py:545} INFO - Filling up the DagBag from /home/airflow/.local/lib/python3.12/site-packages/airflow/example_dags/example_display_name.py
[2024-08-03T17:26:51.998+0000] {processor.py:840} INFO - DAG(s) 'example_display_name' retrieved from /home/airflow/.local/lib/python3.12/site-packages/airflow/example_dags/example_display_name.py
[2024-08-03T17:26:52.089+0000] {logging_mixin.py:188} INFO - [2024-08-03T17:26:52.088+0000] {dag.py:3089} INFO - Sync 1 DAGs
[2024-08-03T17:26:52.150+0000] {logging_mixin.py:188} INFO - [2024-08-03T17:26:52.150+0000] {dag.py:3947} INFO - Setting next_dagrun for example_display_name to None, run_after=None
[2024-08-03T17:26:52.238+0000] {processor.py:183} INFO - Processing /home/airflow/.local/lib/python3.12/site-packages/airflow/example_dags/example_display_name.py took 0.320 seconds
[2024-08-03T17:27:22.308+0000] {processor.py:161} INFO - Started process (PID=8718) to work on /home/airflow/.local/lib/python3.12/site-packages/airflow/example_dags/example_display_name.py
[2024-08-03T17:27:22.310+0000] {processor.py:830} INFO - Processing file /home/airflow/.local/lib/python3.12/site-packages/airflow/example_dags/example_display_name.py for tasks to queue
[2024-08-03T17:27:22.310+0000] {logging_mixin.py:188} INFO - [2024-08-03T17:27:22.310+0000] {dagbag.py:545} INFO - Filling up the DagBag from /home/airflow/.local/lib/python3.12/site-packages/airflow/example_dags/example_display_name.py
[2024-08-03T17:27:22.314+0000] {processor.py:840} INFO - DAG(s) 'example_display_name' retrieved from /home/airflow/.local/lib/python3.12/site-packages/airflow/example_dags/example_display_name.py
[2024-08-03T17:27:22.326+0000] {logging_mixin.py:188} INFO - [2024-08-03T17:27:22.326+0000] {dag.py:3089} INFO - Sync 1 DAGs
[2024-08-03T17:27:22.332+0000] {logging_mixin.py:188} INFO - [2024-08-03T17:27:22.332+0000] {dag.py:3947} INFO - Setting next_dagrun for example_display_name to None, run_after=None
[2024-08-03T17:27:22.341+0000] {processor.py:183} INFO - Processing /home/airflow/.local/lib/python3.12/site-packages/airflow/example_dags/example_display_name.py took 0.036 seconds
[2024-08-03T18:23:20.381+0000] {processor.py:161} INFO - Started process (PID=8788) to work on /home/airflow/.local/lib/python3.12/site-packages/airflow/example_dags/example_display_name.py
[2024-08-03T18:23:20.391+0000] {processor.py:830} INFO - Processing file /home/airflow/.local/lib/python3.12/site-packages/airflow/example_dags/example_display_name.py for tasks to queue
[2024-08-03T18:23:20.400+0000] {logging_mixin.py:188} INFO - [2024-08-03T18:23:20.395+0000] {dagbag.py:545} INFO - Filling up the DagBag from /home/airflow/.local/lib/python3.12/site-packages/airflow/example_dags/example_display_name.py
[2024-08-03T18:23:20.446+0000] {processor.py:840} INFO - DAG(s) 'example_display_name' retrieved from /home/airflow/.local/lib/python3.12/site-packages/airflow/example_dags/example_display_name.py
[2024-08-03T18:23:20.586+0000] {logging_mixin.py:188} INFO - [2024-08-03T18:23:20.586+0000] {dag.py:3089} INFO - Sync 1 DAGs
[2024-08-03T18:23:20.651+0000] {logging_mixin.py:188} INFO - [2024-08-03T18:23:20.650+0000] {dag.py:3947} INFO - Setting next_dagrun for example_display_name to None, run_after=None
[2024-08-03T18:23:20.746+0000] {processor.py:183} INFO - Processing /home/airflow/.local/lib/python3.12/site-packages/airflow/example_dags/example_display_name.py took 0.431 seconds
[2024-08-03T20:15:58.886+0000] {processor.py:161} INFO - Started process (PID=8900) to work on /home/airflow/.local/lib/python3.12/site-packages/airflow/example_dags/example_display_name.py
[2024-08-03T20:15:58.893+0000] {processor.py:830} INFO - Processing file /home/airflow/.local/lib/python3.12/site-packages/airflow/example_dags/example_display_name.py for tasks to queue
[2024-08-03T20:15:58.897+0000] {logging_mixin.py:188} INFO - [2024-08-03T20:15:58.896+0000] {dagbag.py:545} INFO - Filling up the DagBag from /home/airflow/.local/lib/python3.12/site-packages/airflow/example_dags/example_display_name.py
[2024-08-03T20:15:58.937+0000] {processor.py:840} INFO - DAG(s) 'example_display_name' retrieved from /home/airflow/.local/lib/python3.12/site-packages/airflow/example_dags/example_display_name.py
[2024-08-03T20:15:59.116+0000] {logging_mixin.py:188} INFO - [2024-08-03T20:15:59.111+0000] {dag.py:3089} INFO - Sync 1 DAGs
[2024-08-03T20:15:59.235+0000] {logging_mixin.py:188} INFO - [2024-08-03T20:15:59.235+0000] {dag.py:3947} INFO - Setting next_dagrun for example_display_name to None, run_after=None
[2024-08-03T20:15:59.460+0000] {processor.py:183} INFO - Processing /home/airflow/.local/lib/python3.12/site-packages/airflow/example_dags/example_display_name.py took 0.619 seconds
[2024-08-03T21:25:07.564+0000] {processor.py:161} INFO - Started process (PID=9017) to work on /home/airflow/.local/lib/python3.12/site-packages/airflow/example_dags/example_display_name.py
[2024-08-03T21:25:07.574+0000] {processor.py:830} INFO - Processing file /home/airflow/.local/lib/python3.12/site-packages/airflow/example_dags/example_display_name.py for tasks to queue
[2024-08-03T21:25:07.583+0000] {logging_mixin.py:188} INFO - [2024-08-03T21:25:07.578+0000] {dagbag.py:545} INFO - Filling up the DagBag from /home/airflow/.local/lib/python3.12/site-packages/airflow/example_dags/example_display_name.py
[2024-08-03T21:25:07.723+0000] {processor.py:840} INFO - DAG(s) 'example_display_name' retrieved from /home/airflow/.local/lib/python3.12/site-packages/airflow/example_dags/example_display_name.py
[2024-08-03T21:25:07.858+0000] {logging_mixin.py:188} INFO - [2024-08-03T21:25:07.857+0000] {dag.py:3089} INFO - Sync 1 DAGs
[2024-08-03T21:25:07.902+0000] {logging_mixin.py:188} INFO - [2024-08-03T21:25:07.902+0000] {dag.py:3947} INFO - Setting next_dagrun for example_display_name to None, run_after=None
[2024-08-03T21:25:07.968+0000] {processor.py:183} INFO - Processing /home/airflow/.local/lib/python3.12/site-packages/airflow/example_dags/example_display_name.py took 0.457 seconds
[2024-08-03T23:35:09.780+0000] {processor.py:161} INFO - Started process (PID=9094) to work on /home/airflow/.local/lib/python3.12/site-packages/airflow/example_dags/example_display_name.py
[2024-08-03T23:35:09.914+0000] {processor.py:830} INFO - Processing file /home/airflow/.local/lib/python3.12/site-packages/airflow/example_dags/example_display_name.py for tasks to queue
[2024-08-03T23:35:09.952+0000] {logging_mixin.py:188} INFO - [2024-08-03T23:35:09.930+0000] {dagbag.py:545} INFO - Filling up the DagBag from /home/airflow/.local/lib/python3.12/site-packages/airflow/example_dags/example_display_name.py
[2024-08-03T23:35:10.440+0000] {processor.py:840} INFO - DAG(s) 'example_display_name' retrieved from /home/airflow/.local/lib/python3.12/site-packages/airflow/example_dags/example_display_name.py
[2024-08-03T23:35:11.214+0000] {logging_mixin.py:188} INFO - [2024-08-03T23:35:11.211+0000] {dag.py:3089} INFO - Sync 1 DAGs
[2024-08-03T23:35:11.395+0000] {logging_mixin.py:188} INFO - [2024-08-03T23:35:11.390+0000] {dag.py:3947} INFO - Setting next_dagrun for example_display_name to None, run_after=None
[2024-08-03T23:35:11.553+0000] {processor.py:183} INFO - Processing /home/airflow/.local/lib/python3.12/site-packages/airflow/example_dags/example_display_name.py took 2.127 seconds
