[2024-08-03T00:02:42.827+0000] {processor.py:161} INFO - Started process (PID=7155) to work on /home/airflow/.local/lib/python3.12/site-packages/airflow/example_dags/example_xcom.py
[2024-08-03T00:02:42.834+0000] {processor.py:830} INFO - Processing file /home/airflow/.local/lib/python3.12/site-packages/airflow/example_dags/example_xcom.py for tasks to queue
[2024-08-03T00:02:42.838+0000] {logging_mixin.py:188} INFO - [2024-08-03T00:02:42.836+0000] {dagbag.py:545} INFO - Filling up the DagBag from /home/airflow/.local/lib/python3.12/site-packages/airflow/example_dags/example_xcom.py
[2024-08-03T00:02:42.954+0000] {processor.py:840} INFO - DAG(s) 'example_xcom' retrieved from /home/airflow/.local/lib/python3.12/site-packages/airflow/example_dags/example_xcom.py
[2024-08-03T00:02:44.377+0000] {logging_mixin.py:188} INFO - [2024-08-03T00:02:44.376+0000] {dag.py:3089} INFO - Sync 1 DAGs
[2024-08-03T00:02:44.950+0000] {logging_mixin.py:188} INFO - [2024-08-03T00:02:44.940+0000] {dag.py:3947} INFO - Setting next_dagrun for example_xcom to 2021-01-01 00:00:00+00:00, run_after=2021-01-01 00:00:00+00:00
[2024-08-03T00:02:45.506+0000] {processor.py:183} INFO - Processing /home/airflow/.local/lib/python3.12/site-packages/airflow/example_dags/example_xcom.py took 2.800 seconds
[2024-08-03T01:57:40.356+0000] {processor.py:161} INFO - Started process (PID=7225) to work on /home/airflow/.local/lib/python3.12/site-packages/airflow/example_dags/example_xcom.py
[2024-08-03T01:57:40.399+0000] {processor.py:830} INFO - Processing file /home/airflow/.local/lib/python3.12/site-packages/airflow/example_dags/example_xcom.py for tasks to queue
[2024-08-03T01:57:40.468+0000] {logging_mixin.py:188} INFO - [2024-08-03T01:57:40.461+0000] {dagbag.py:545} INFO - Filling up the DagBag from /home/airflow/.local/lib/python3.12/site-packages/airflow/example_dags/example_xcom.py
[2024-08-03T01:57:40.706+0000] {processor.py:840} INFO - DAG(s) 'example_xcom' retrieved from /home/airflow/.local/lib/python3.12/site-packages/airflow/example_dags/example_xcom.py
[2024-08-03T01:57:41.055+0000] {logging_mixin.py:188} INFO - [2024-08-03T01:57:41.048+0000] {dag.py:3089} INFO - Sync 1 DAGs
[2024-08-03T01:57:41.312+0000] {logging_mixin.py:188} INFO - [2024-08-03T01:57:41.305+0000] {dag.py:3947} INFO - Setting next_dagrun for example_xcom to 2021-01-01 00:00:00+00:00, run_after=2021-01-01 00:00:00+00:00
[2024-08-03T01:57:41.541+0000] {processor.py:183} INFO - Processing /home/airflow/.local/lib/python3.12/site-packages/airflow/example_dags/example_xcom.py took 1.357 seconds
[2024-08-03T03:16:53.402+0000] {processor.py:161} INFO - Started process (PID=7275) to work on /home/airflow/.local/lib/python3.12/site-packages/airflow/example_dags/example_xcom.py
[2024-08-03T03:16:53.424+0000] {processor.py:830} INFO - Processing file /home/airflow/.local/lib/python3.12/site-packages/airflow/example_dags/example_xcom.py for tasks to queue
[2024-08-03T03:16:53.429+0000] {logging_mixin.py:188} INFO - [2024-08-03T03:16:53.428+0000] {dagbag.py:545} INFO - Filling up the DagBag from /home/airflow/.local/lib/python3.12/site-packages/airflow/example_dags/example_xcom.py
[2024-08-03T03:16:53.579+0000] {processor.py:840} INFO - DAG(s) 'example_xcom' retrieved from /home/airflow/.local/lib/python3.12/site-packages/airflow/example_dags/example_xcom.py
[2024-08-03T03:16:54.093+0000] {logging_mixin.py:188} INFO - [2024-08-03T03:16:54.085+0000] {dag.py:3089} INFO - Sync 1 DAGs
[2024-08-03T03:16:54.604+0000] {logging_mixin.py:188} INFO - [2024-08-03T03:16:54.587+0000] {dag.py:3947} INFO - Setting next_dagrun for example_xcom to 2021-01-01 00:00:00+00:00, run_after=2021-01-01 00:00:00+00:00
[2024-08-03T03:16:54.854+0000] {processor.py:183} INFO - Processing /home/airflow/.local/lib/python3.12/site-packages/airflow/example_dags/example_xcom.py took 1.565 seconds
[2024-08-03T03:18:15.994+0000] {processor.py:161} INFO - Started process (PID=7341) to work on /home/airflow/.local/lib/python3.12/site-packages/airflow/example_dags/example_xcom.py
[2024-08-03T03:18:16.014+0000] {processor.py:830} INFO - Processing file /home/airflow/.local/lib/python3.12/site-packages/airflow/example_dags/example_xcom.py for tasks to queue
[2024-08-03T03:18:16.033+0000] {logging_mixin.py:188} INFO - [2024-08-03T03:18:16.024+0000] {dagbag.py:545} INFO - Filling up the DagBag from /home/airflow/.local/lib/python3.12/site-packages/airflow/example_dags/example_xcom.py
[2024-08-03T03:18:16.231+0000] {processor.py:840} INFO - DAG(s) 'example_xcom' retrieved from /home/airflow/.local/lib/python3.12/site-packages/airflow/example_dags/example_xcom.py
[2024-08-03T03:18:16.443+0000] {logging_mixin.py:188} INFO - [2024-08-03T03:18:16.439+0000] {dag.py:3089} INFO - Sync 1 DAGs
[2024-08-03T03:18:16.625+0000] {logging_mixin.py:188} INFO - [2024-08-03T03:18:16.623+0000] {dag.py:3947} INFO - Setting next_dagrun for example_xcom to 2021-01-01 00:00:00+00:00, run_after=2021-01-01 00:00:00+00:00
[2024-08-03T03:18:16.905+0000] {processor.py:183} INFO - Processing /home/airflow/.local/lib/python3.12/site-packages/airflow/example_dags/example_xcom.py took 1.132 seconds
[2024-08-03T05:41:26.944+0000] {processor.py:161} INFO - Started process (PID=7435) to work on /home/airflow/.local/lib/python3.12/site-packages/airflow/example_dags/example_xcom.py
[2024-08-03T05:41:26.975+0000] {processor.py:830} INFO - Processing file /home/airflow/.local/lib/python3.12/site-packages/airflow/example_dags/example_xcom.py for tasks to queue
[2024-08-03T05:41:26.995+0000] {logging_mixin.py:188} INFO - [2024-08-03T05:41:26.981+0000] {dagbag.py:545} INFO - Filling up the DagBag from /home/airflow/.local/lib/python3.12/site-packages/airflow/example_dags/example_xcom.py
[2024-08-03T05:41:27.183+0000] {processor.py:840} INFO - DAG(s) 'example_xcom' retrieved from /home/airflow/.local/lib/python3.12/site-packages/airflow/example_dags/example_xcom.py
[2024-08-03T05:41:29.308+0000] {logging_mixin.py:188} INFO - [2024-08-03T05:41:29.292+0000] {dag.py:3089} INFO - Sync 1 DAGs
[2024-08-03T05:41:30.179+0000] {logging_mixin.py:188} INFO - [2024-08-03T05:41:30.174+0000] {dag.py:3947} INFO - Setting next_dagrun for example_xcom to 2021-01-01 00:00:00+00:00, run_after=2021-01-01 00:00:00+00:00
[2024-08-03T05:41:30.555+0000] {processor.py:183} INFO - Processing /home/airflow/.local/lib/python3.12/site-packages/airflow/example_dags/example_xcom.py took 3.675 seconds
[2024-08-03T06:48:10.920+0000] {processor.py:161} INFO - Started process (PID=7497) to work on /home/airflow/.local/lib/python3.12/site-packages/airflow/example_dags/example_xcom.py
[2024-08-03T06:48:10.941+0000] {processor.py:830} INFO - Processing file /home/airflow/.local/lib/python3.12/site-packages/airflow/example_dags/example_xcom.py for tasks to queue
[2024-08-03T06:48:10.959+0000] {logging_mixin.py:188} INFO - [2024-08-03T06:48:10.952+0000] {dagbag.py:545} INFO - Filling up the DagBag from /home/airflow/.local/lib/python3.12/site-packages/airflow/example_dags/example_xcom.py
[2024-08-03T06:48:11.098+0000] {processor.py:840} INFO - DAG(s) 'example_xcom' retrieved from /home/airflow/.local/lib/python3.12/site-packages/airflow/example_dags/example_xcom.py
[2024-08-03T06:48:11.346+0000] {logging_mixin.py:188} INFO - [2024-08-03T06:48:11.337+0000] {dag.py:3089} INFO - Sync 1 DAGs
[2024-08-03T06:48:11.464+0000] {logging_mixin.py:188} INFO - [2024-08-03T06:48:11.463+0000] {dag.py:3947} INFO - Setting next_dagrun for example_xcom to 2021-01-01 00:00:00+00:00, run_after=2021-01-01 00:00:00+00:00
[2024-08-03T06:48:11.613+0000] {processor.py:183} INFO - Processing /home/airflow/.local/lib/python3.12/site-packages/airflow/example_dags/example_xcom.py took 0.794 seconds
[2024-08-03T09:03:13.196+0000] {processor.py:161} INFO - Started process (PID=7564) to work on /home/airflow/.local/lib/python3.12/site-packages/airflow/example_dags/example_xcom.py
[2024-08-03T09:03:13.247+0000] {processor.py:830} INFO - Processing file /home/airflow/.local/lib/python3.12/site-packages/airflow/example_dags/example_xcom.py for tasks to queue
[2024-08-03T09:03:13.280+0000] {logging_mixin.py:188} INFO - [2024-08-03T09:03:13.260+0000] {dagbag.py:545} INFO - Filling up the DagBag from /home/airflow/.local/lib/python3.12/site-packages/airflow/example_dags/example_xcom.py
[2024-08-03T09:03:13.501+0000] {processor.py:840} INFO - DAG(s) 'example_xcom' retrieved from /home/airflow/.local/lib/python3.12/site-packages/airflow/example_dags/example_xcom.py
[2024-08-03T09:03:14.031+0000] {logging_mixin.py:188} INFO - [2024-08-03T09:03:13.994+0000] {dag.py:3089} INFO - Sync 1 DAGs
[2024-08-03T09:03:14.256+0000] {logging_mixin.py:188} INFO - [2024-08-03T09:03:14.255+0000] {dag.py:3947} INFO - Setting next_dagrun for example_xcom to 2021-01-01 00:00:00+00:00, run_after=2021-01-01 00:00:00+00:00
[2024-08-03T09:03:14.411+0000] {processor.py:183} INFO - Processing /home/airflow/.local/lib/python3.12/site-packages/airflow/example_dags/example_xcom.py took 1.334 seconds
[2024-08-03T10:36:39.009+0000] {processor.py:161} INFO - Started process (PID=7639) to work on /home/airflow/.local/lib/python3.12/site-packages/airflow/example_dags/example_xcom.py
[2024-08-03T10:36:39.037+0000] {processor.py:830} INFO - Processing file /home/airflow/.local/lib/python3.12/site-packages/airflow/example_dags/example_xcom.py for tasks to queue
[2024-08-03T10:36:39.058+0000] {logging_mixin.py:188} INFO - [2024-08-03T10:36:39.047+0000] {dagbag.py:545} INFO - Filling up the DagBag from /home/airflow/.local/lib/python3.12/site-packages/airflow/example_dags/example_xcom.py
[2024-08-03T10:36:39.186+0000] {processor.py:840} INFO - DAG(s) 'example_xcom' retrieved from /home/airflow/.local/lib/python3.12/site-packages/airflow/example_dags/example_xcom.py
[2024-08-03T10:36:39.510+0000] {logging_mixin.py:188} INFO - [2024-08-03T10:36:39.494+0000] {dag.py:3089} INFO - Sync 1 DAGs
[2024-08-03T10:36:39.687+0000] {logging_mixin.py:188} INFO - [2024-08-03T10:36:39.685+0000] {dag.py:3947} INFO - Setting next_dagrun for example_xcom to 2021-01-01 00:00:00+00:00, run_after=2021-01-01 00:00:00+00:00
[2024-08-03T10:36:39.884+0000] {processor.py:183} INFO - Processing /home/airflow/.local/lib/python3.12/site-packages/airflow/example_dags/example_xcom.py took 0.998 seconds
[2024-08-03T11:13:48.260+0000] {processor.py:161} INFO - Started process (PID=7729) to work on /home/airflow/.local/lib/python3.12/site-packages/airflow/example_dags/example_xcom.py
[2024-08-03T11:13:48.268+0000] {processor.py:830} INFO - Processing file /home/airflow/.local/lib/python3.12/site-packages/airflow/example_dags/example_xcom.py for tasks to queue
[2024-08-03T11:13:48.279+0000] {logging_mixin.py:188} INFO - [2024-08-03T11:13:48.277+0000] {dagbag.py:545} INFO - Filling up the DagBag from /home/airflow/.local/lib/python3.12/site-packages/airflow/example_dags/example_xcom.py
[2024-08-03T11:13:48.449+0000] {processor.py:840} INFO - DAG(s) 'example_xcom' retrieved from /home/airflow/.local/lib/python3.12/site-packages/airflow/example_dags/example_xcom.py
[2024-08-03T11:13:48.883+0000] {logging_mixin.py:188} INFO - [2024-08-03T11:13:48.877+0000] {dag.py:3089} INFO - Sync 1 DAGs
[2024-08-03T11:13:49.181+0000] {logging_mixin.py:188} INFO - [2024-08-03T11:13:49.174+0000] {dag.py:3947} INFO - Setting next_dagrun for example_xcom to 2021-01-01 00:00:00+00:00, run_after=2021-01-01 00:00:00+00:00
[2024-08-03T11:13:49.428+0000] {processor.py:183} INFO - Processing /home/airflow/.local/lib/python3.12/site-packages/airflow/example_dags/example_xcom.py took 1.355 seconds
[2024-08-03T13:26:53.953+0000] {processor.py:161} INFO - Started process (PID=7803) to work on /home/airflow/.local/lib/python3.12/site-packages/airflow/example_dags/example_xcom.py
[2024-08-03T13:26:53.962+0000] {processor.py:830} INFO - Processing file /home/airflow/.local/lib/python3.12/site-packages/airflow/example_dags/example_xcom.py for tasks to queue
[2024-08-03T13:26:53.971+0000] {logging_mixin.py:188} INFO - [2024-08-03T13:26:53.965+0000] {dagbag.py:545} INFO - Filling up the DagBag from /home/airflow/.local/lib/python3.12/site-packages/airflow/example_dags/example_xcom.py
[2024-08-03T13:26:54.076+0000] {processor.py:840} INFO - DAG(s) 'example_xcom' retrieved from /home/airflow/.local/lib/python3.12/site-packages/airflow/example_dags/example_xcom.py
[2024-08-03T13:26:54.318+0000] {logging_mixin.py:188} INFO - [2024-08-03T13:26:54.312+0000] {dag.py:3089} INFO - Sync 1 DAGs
[2024-08-03T13:26:54.671+0000] {logging_mixin.py:188} INFO - [2024-08-03T13:26:54.670+0000] {dag.py:3947} INFO - Setting next_dagrun for example_xcom to 2021-01-01 00:00:00+00:00, run_after=2021-01-01 00:00:00+00:00
[2024-08-03T13:26:54.836+0000] {processor.py:183} INFO - Processing /home/airflow/.local/lib/python3.12/site-packages/airflow/example_dags/example_xcom.py took 0.954 seconds
[2024-08-03T14:17:41.068+0000] {processor.py:161} INFO - Started process (PID=7846) to work on /home/airflow/.local/lib/python3.12/site-packages/airflow/example_dags/example_xcom.py
[2024-08-03T14:17:41.074+0000] {processor.py:830} INFO - Processing file /home/airflow/.local/lib/python3.12/site-packages/airflow/example_dags/example_xcom.py for tasks to queue
[2024-08-03T14:17:41.081+0000] {logging_mixin.py:188} INFO - [2024-08-03T14:17:41.079+0000] {dagbag.py:545} INFO - Filling up the DagBag from /home/airflow/.local/lib/python3.12/site-packages/airflow/example_dags/example_xcom.py
[2024-08-03T14:17:41.188+0000] {processor.py:840} INFO - DAG(s) 'example_xcom' retrieved from /home/airflow/.local/lib/python3.12/site-packages/airflow/example_dags/example_xcom.py
[2024-08-03T14:17:41.562+0000] {logging_mixin.py:188} INFO - [2024-08-03T14:17:41.559+0000] {dag.py:3089} INFO - Sync 1 DAGs
[2024-08-03T14:17:41.740+0000] {logging_mixin.py:188} INFO - [2024-08-03T14:17:41.738+0000] {dag.py:3947} INFO - Setting next_dagrun for example_xcom to 2021-01-01 00:00:00+00:00, run_after=2021-01-01 00:00:00+00:00
[2024-08-03T14:17:41.832+0000] {processor.py:183} INFO - Processing /home/airflow/.local/lib/python3.12/site-packages/airflow/example_dags/example_xcom.py took 0.832 seconds
[2024-08-03T14:18:18.936+0000] {processor.py:161} INFO - Started process (PID=7907) to work on /home/airflow/.local/lib/python3.12/site-packages/airflow/example_dags/example_xcom.py
[2024-08-03T14:18:18.937+0000] {processor.py:830} INFO - Processing file /home/airflow/.local/lib/python3.12/site-packages/airflow/example_dags/example_xcom.py for tasks to queue
[2024-08-03T14:18:18.938+0000] {logging_mixin.py:188} INFO - [2024-08-03T14:18:18.938+0000] {dagbag.py:545} INFO - Filling up the DagBag from /home/airflow/.local/lib/python3.12/site-packages/airflow/example_dags/example_xcom.py
[2024-08-03T14:18:18.943+0000] {processor.py:840} INFO - DAG(s) 'example_xcom' retrieved from /home/airflow/.local/lib/python3.12/site-packages/airflow/example_dags/example_xcom.py
[2024-08-03T14:18:18.965+0000] {logging_mixin.py:188} INFO - [2024-08-03T14:18:18.964+0000] {dag.py:3089} INFO - Sync 1 DAGs
[2024-08-03T14:18:18.997+0000] {logging_mixin.py:188} INFO - [2024-08-03T14:18:18.997+0000] {dag.py:3947} INFO - Setting next_dagrun for example_xcom to 2021-01-01 00:00:00+00:00, run_after=2021-01-01 00:00:00+00:00
[2024-08-03T14:18:19.034+0000] {processor.py:183} INFO - Processing /home/airflow/.local/lib/python3.12/site-packages/airflow/example_dags/example_xcom.py took 0.102 seconds
[2024-08-03T14:36:29.813+0000] {processor.py:161} INFO - Started process (PID=7994) to work on /home/airflow/.local/lib/python3.12/site-packages/airflow/example_dags/example_xcom.py
[2024-08-03T14:36:29.822+0000] {processor.py:830} INFO - Processing file /home/airflow/.local/lib/python3.12/site-packages/airflow/example_dags/example_xcom.py for tasks to queue
[2024-08-03T14:36:29.853+0000] {logging_mixin.py:188} INFO - [2024-08-03T14:36:29.841+0000] {dagbag.py:545} INFO - Filling up the DagBag from /home/airflow/.local/lib/python3.12/site-packages/airflow/example_dags/example_xcom.py
[2024-08-03T14:36:29.978+0000] {processor.py:840} INFO - DAG(s) 'example_xcom' retrieved from /home/airflow/.local/lib/python3.12/site-packages/airflow/example_dags/example_xcom.py
[2024-08-03T14:36:30.236+0000] {logging_mixin.py:188} INFO - [2024-08-03T14:36:30.234+0000] {dag.py:3089} INFO - Sync 1 DAGs
[2024-08-03T14:36:30.412+0000] {logging_mixin.py:188} INFO - [2024-08-03T14:36:30.409+0000] {dag.py:3947} INFO - Setting next_dagrun for example_xcom to 2021-01-01 00:00:00+00:00, run_after=2021-01-01 00:00:00+00:00
[2024-08-03T14:36:30.583+0000] {processor.py:183} INFO - Processing /home/airflow/.local/lib/python3.12/site-packages/airflow/example_dags/example_xcom.py took 0.819 seconds
[2024-08-03T14:42:08.465+0000] {processor.py:161} INFO - Started process (PID=8065) to work on /home/airflow/.local/lib/python3.12/site-packages/airflow/example_dags/example_xcom.py
[2024-08-03T14:42:08.475+0000] {processor.py:830} INFO - Processing file /home/airflow/.local/lib/python3.12/site-packages/airflow/example_dags/example_xcom.py for tasks to queue
[2024-08-03T14:42:08.481+0000] {logging_mixin.py:188} INFO - [2024-08-03T14:42:08.477+0000] {dagbag.py:545} INFO - Filling up the DagBag from /home/airflow/.local/lib/python3.12/site-packages/airflow/example_dags/example_xcom.py
[2024-08-03T14:42:08.528+0000] {processor.py:840} INFO - DAG(s) 'example_xcom' retrieved from /home/airflow/.local/lib/python3.12/site-packages/airflow/example_dags/example_xcom.py
[2024-08-03T14:42:08.727+0000] {logging_mixin.py:188} INFO - [2024-08-03T14:42:08.726+0000] {dag.py:3089} INFO - Sync 1 DAGs
[2024-08-03T14:42:08.949+0000] {logging_mixin.py:188} INFO - [2024-08-03T14:42:08.948+0000] {dag.py:3947} INFO - Setting next_dagrun for example_xcom to 2021-01-01 00:00:00+00:00, run_after=2021-01-01 00:00:00+00:00
[2024-08-03T14:42:09.097+0000] {processor.py:183} INFO - Processing /home/airflow/.local/lib/python3.12/site-packages/airflow/example_dags/example_xcom.py took 0.662 seconds
[2024-08-03T14:42:39.497+0000] {processor.py:161} INFO - Started process (PID=8126) to work on /home/airflow/.local/lib/python3.12/site-packages/airflow/example_dags/example_xcom.py
[2024-08-03T14:42:39.506+0000] {processor.py:830} INFO - Processing file /home/airflow/.local/lib/python3.12/site-packages/airflow/example_dags/example_xcom.py for tasks to queue
[2024-08-03T14:42:39.508+0000] {logging_mixin.py:188} INFO - [2024-08-03T14:42:39.507+0000] {dagbag.py:545} INFO - Filling up the DagBag from /home/airflow/.local/lib/python3.12/site-packages/airflow/example_dags/example_xcom.py
[2024-08-03T14:42:39.517+0000] {processor.py:840} INFO - DAG(s) 'example_xcom' retrieved from /home/airflow/.local/lib/python3.12/site-packages/airflow/example_dags/example_xcom.py
[2024-08-03T14:42:39.543+0000] {logging_mixin.py:188} INFO - [2024-08-03T14:42:39.543+0000] {dag.py:3089} INFO - Sync 1 DAGs
[2024-08-03T14:42:39.557+0000] {logging_mixin.py:188} INFO - [2024-08-03T14:42:39.557+0000] {dag.py:3947} INFO - Setting next_dagrun for example_xcom to 2021-01-01 00:00:00+00:00, run_after=2021-01-01 00:00:00+00:00
[2024-08-03T14:42:39.571+0000] {processor.py:183} INFO - Processing /home/airflow/.local/lib/python3.12/site-packages/airflow/example_dags/example_xcom.py took 0.074 seconds
[2024-08-03T14:43:09.918+0000] {processor.py:161} INFO - Started process (PID=8193) to work on /home/airflow/.local/lib/python3.12/site-packages/airflow/example_dags/example_xcom.py
[2024-08-03T14:43:09.925+0000] {processor.py:830} INFO - Processing file /home/airflow/.local/lib/python3.12/site-packages/airflow/example_dags/example_xcom.py for tasks to queue
[2024-08-03T14:43:09.933+0000] {logging_mixin.py:188} INFO - [2024-08-03T14:43:09.931+0000] {dagbag.py:545} INFO - Filling up the DagBag from /home/airflow/.local/lib/python3.12/site-packages/airflow/example_dags/example_xcom.py
[2024-08-03T14:43:09.973+0000] {processor.py:840} INFO - DAG(s) 'example_xcom' retrieved from /home/airflow/.local/lib/python3.12/site-packages/airflow/example_dags/example_xcom.py
[2024-08-03T14:43:10.057+0000] {logging_mixin.py:188} INFO - [2024-08-03T14:43:10.057+0000] {dag.py:3089} INFO - Sync 1 DAGs
[2024-08-03T14:43:10.176+0000] {logging_mixin.py:188} INFO - [2024-08-03T14:43:10.175+0000] {dag.py:3947} INFO - Setting next_dagrun for example_xcom to 2021-01-01 00:00:00+00:00, run_after=2021-01-01 00:00:00+00:00
[2024-08-03T14:43:10.266+0000] {processor.py:183} INFO - Processing /home/airflow/.local/lib/python3.12/site-packages/airflow/example_dags/example_xcom.py took 0.363 seconds
[2024-08-03T14:43:40.563+0000] {processor.py:161} INFO - Started process (PID=8262) to work on /home/airflow/.local/lib/python3.12/site-packages/airflow/example_dags/example_xcom.py
[2024-08-03T14:43:40.563+0000] {processor.py:830} INFO - Processing file /home/airflow/.local/lib/python3.12/site-packages/airflow/example_dags/example_xcom.py for tasks to queue
[2024-08-03T14:43:40.564+0000] {logging_mixin.py:188} INFO - [2024-08-03T14:43:40.564+0000] {dagbag.py:545} INFO - Filling up the DagBag from /home/airflow/.local/lib/python3.12/site-packages/airflow/example_dags/example_xcom.py
[2024-08-03T14:43:40.568+0000] {processor.py:840} INFO - DAG(s) 'example_xcom' retrieved from /home/airflow/.local/lib/python3.12/site-packages/airflow/example_dags/example_xcom.py
[2024-08-03T14:43:40.590+0000] {logging_mixin.py:188} INFO - [2024-08-03T14:43:40.590+0000] {dag.py:3089} INFO - Sync 1 DAGs
[2024-08-03T14:43:40.602+0000] {logging_mixin.py:188} INFO - [2024-08-03T14:43:40.602+0000] {dag.py:3947} INFO - Setting next_dagrun for example_xcom to 2021-01-01 00:00:00+00:00, run_after=2021-01-01 00:00:00+00:00
[2024-08-03T14:43:40.612+0000] {processor.py:183} INFO - Processing /home/airflow/.local/lib/python3.12/site-packages/airflow/example_dags/example_xcom.py took 0.052 seconds
[2024-08-03T15:05:44.180+0000] {processor.py:161} INFO - Started process (PID=8344) to work on /home/airflow/.local/lib/python3.12/site-packages/airflow/example_dags/example_xcom.py
[2024-08-03T15:05:44.201+0000] {processor.py:830} INFO - Processing file /home/airflow/.local/lib/python3.12/site-packages/airflow/example_dags/example_xcom.py for tasks to queue
[2024-08-03T15:05:44.207+0000] {logging_mixin.py:188} INFO - [2024-08-03T15:05:44.204+0000] {dagbag.py:545} INFO - Filling up the DagBag from /home/airflow/.local/lib/python3.12/site-packages/airflow/example_dags/example_xcom.py
[2024-08-03T15:05:44.290+0000] {processor.py:840} INFO - DAG(s) 'example_xcom' retrieved from /home/airflow/.local/lib/python3.12/site-packages/airflow/example_dags/example_xcom.py
[2024-08-03T15:05:44.588+0000] {logging_mixin.py:188} INFO - [2024-08-03T15:05:44.586+0000] {dag.py:3089} INFO - Sync 1 DAGs
[2024-08-03T15:05:44.776+0000] {logging_mixin.py:188} INFO - [2024-08-03T15:05:44.775+0000] {dag.py:3947} INFO - Setting next_dagrun for example_xcom to 2021-01-01 00:00:00+00:00, run_after=2021-01-01 00:00:00+00:00
[2024-08-03T15:05:44.944+0000] {processor.py:183} INFO - Processing /home/airflow/.local/lib/python3.12/site-packages/airflow/example_dags/example_xcom.py took 0.826 seconds
[2024-08-03T15:55:09.117+0000] {processor.py:161} INFO - Started process (PID=8410) to work on /home/airflow/.local/lib/python3.12/site-packages/airflow/example_dags/example_xcom.py
[2024-08-03T15:55:09.125+0000] {processor.py:830} INFO - Processing file /home/airflow/.local/lib/python3.12/site-packages/airflow/example_dags/example_xcom.py for tasks to queue
[2024-08-03T15:55:09.131+0000] {logging_mixin.py:188} INFO - [2024-08-03T15:55:09.130+0000] {dagbag.py:545} INFO - Filling up the DagBag from /home/airflow/.local/lib/python3.12/site-packages/airflow/example_dags/example_xcom.py
[2024-08-03T15:55:09.141+0000] {processor.py:840} INFO - DAG(s) 'example_xcom' retrieved from /home/airflow/.local/lib/python3.12/site-packages/airflow/example_dags/example_xcom.py
[2024-08-03T15:55:09.201+0000] {logging_mixin.py:188} INFO - [2024-08-03T15:55:09.200+0000] {dag.py:3089} INFO - Sync 1 DAGs
[2024-08-03T15:55:09.870+0000] {logging_mixin.py:188} INFO - [2024-08-03T15:55:09.864+0000] {dag.py:3947} INFO - Setting next_dagrun for example_xcom to 2021-01-01 00:00:00+00:00, run_after=2021-01-01 00:00:00+00:00
[2024-08-03T15:55:10.174+0000] {processor.py:183} INFO - Processing /home/airflow/.local/lib/python3.12/site-packages/airflow/example_dags/example_xcom.py took 1.061 seconds
[2024-08-03T17:01:31.074+0000] {processor.py:161} INFO - Started process (PID=8457) to work on /home/airflow/.local/lib/python3.12/site-packages/airflow/example_dags/example_xcom.py
[2024-08-03T17:01:31.103+0000] {processor.py:830} INFO - Processing file /home/airflow/.local/lib/python3.12/site-packages/airflow/example_dags/example_xcom.py for tasks to queue
[2024-08-03T17:01:31.139+0000] {logging_mixin.py:188} INFO - [2024-08-03T17:01:31.134+0000] {dagbag.py:545} INFO - Filling up the DagBag from /home/airflow/.local/lib/python3.12/site-packages/airflow/example_dags/example_xcom.py
[2024-08-03T17:01:31.439+0000] {processor.py:840} INFO - DAG(s) 'example_xcom' retrieved from /home/airflow/.local/lib/python3.12/site-packages/airflow/example_dags/example_xcom.py
[2024-08-03T17:01:32.138+0000] {logging_mixin.py:188} INFO - [2024-08-03T17:01:32.135+0000] {dag.py:3089} INFO - Sync 1 DAGs
[2024-08-03T17:01:32.483+0000] {logging_mixin.py:188} INFO - [2024-08-03T17:01:32.480+0000] {dag.py:3947} INFO - Setting next_dagrun for example_xcom to 2021-01-01 00:00:00+00:00, run_after=2021-01-01 00:00:00+00:00
[2024-08-03T17:01:32.781+0000] {processor.py:183} INFO - Processing /home/airflow/.local/lib/python3.12/site-packages/airflow/example_dags/example_xcom.py took 1.907 seconds
[2024-08-03T17:24:42.689+0000] {processor.py:161} INFO - Started process (PID=8524) to work on /home/airflow/.local/lib/python3.12/site-packages/airflow/example_dags/example_xcom.py
[2024-08-03T17:24:42.696+0000] {processor.py:830} INFO - Processing file /home/airflow/.local/lib/python3.12/site-packages/airflow/example_dags/example_xcom.py for tasks to queue
[2024-08-03T17:24:42.703+0000] {logging_mixin.py:188} INFO - [2024-08-03T17:24:42.700+0000] {dagbag.py:545} INFO - Filling up the DagBag from /home/airflow/.local/lib/python3.12/site-packages/airflow/example_dags/example_xcom.py
[2024-08-03T17:24:42.854+0000] {processor.py:840} INFO - DAG(s) 'example_xcom' retrieved from /home/airflow/.local/lib/python3.12/site-packages/airflow/example_dags/example_xcom.py
[2024-08-03T17:24:43.209+0000] {logging_mixin.py:188} INFO - [2024-08-03T17:24:43.202+0000] {dag.py:3089} INFO - Sync 1 DAGs
[2024-08-03T17:24:43.534+0000] {logging_mixin.py:188} INFO - [2024-08-03T17:24:43.523+0000] {dag.py:3947} INFO - Setting next_dagrun for example_xcom to 2021-01-01 00:00:00+00:00, run_after=2021-01-01 00:00:00+00:00
[2024-08-03T17:24:43.845+0000] {processor.py:183} INFO - Processing /home/airflow/.local/lib/python3.12/site-packages/airflow/example_dags/example_xcom.py took 1.236 seconds
[2024-08-03T17:25:14.248+0000] {processor.py:161} INFO - Started process (PID=8585) to work on /home/airflow/.local/lib/python3.12/site-packages/airflow/example_dags/example_xcom.py
[2024-08-03T17:25:14.250+0000] {processor.py:830} INFO - Processing file /home/airflow/.local/lib/python3.12/site-packages/airflow/example_dags/example_xcom.py for tasks to queue
[2024-08-03T17:25:14.250+0000] {logging_mixin.py:188} INFO - [2024-08-03T17:25:14.250+0000] {dagbag.py:545} INFO - Filling up the DagBag from /home/airflow/.local/lib/python3.12/site-packages/airflow/example_dags/example_xcom.py
[2024-08-03T17:25:14.258+0000] {processor.py:840} INFO - DAG(s) 'example_xcom' retrieved from /home/airflow/.local/lib/python3.12/site-packages/airflow/example_dags/example_xcom.py
[2024-08-03T17:25:14.295+0000] {logging_mixin.py:188} INFO - [2024-08-03T17:25:14.294+0000] {dag.py:3089} INFO - Sync 1 DAGs
[2024-08-03T17:25:14.338+0000] {logging_mixin.py:188} INFO - [2024-08-03T17:25:14.337+0000] {dag.py:3947} INFO - Setting next_dagrun for example_xcom to 2021-01-01 00:00:00+00:00, run_after=2021-01-01 00:00:00+00:00
[2024-08-03T17:25:14.386+0000] {processor.py:183} INFO - Processing /home/airflow/.local/lib/python3.12/site-packages/airflow/example_dags/example_xcom.py took 0.143 seconds
[2024-08-03T17:26:31.913+0000] {processor.py:161} INFO - Started process (PID=8620) to work on /home/airflow/.local/lib/python3.12/site-packages/airflow/example_dags/example_xcom.py
[2024-08-03T17:26:31.970+0000] {processor.py:830} INFO - Processing file /home/airflow/.local/lib/python3.12/site-packages/airflow/example_dags/example_xcom.py for tasks to queue
[2024-08-03T17:26:32.016+0000] {logging_mixin.py:188} INFO - [2024-08-03T17:26:32.015+0000] {dagbag.py:545} INFO - Filling up the DagBag from /home/airflow/.local/lib/python3.12/site-packages/airflow/example_dags/example_xcom.py
[2024-08-03T17:26:32.192+0000] {processor.py:840} INFO - DAG(s) 'example_xcom' retrieved from /home/airflow/.local/lib/python3.12/site-packages/airflow/example_dags/example_xcom.py
[2024-08-03T17:26:32.642+0000] {logging_mixin.py:188} INFO - [2024-08-03T17:26:32.627+0000] {dag.py:3089} INFO - Sync 1 DAGs
[2024-08-03T17:26:32.908+0000] {logging_mixin.py:188} INFO - [2024-08-03T17:26:32.907+0000] {dag.py:3947} INFO - Setting next_dagrun for example_xcom to 2021-01-01 00:00:00+00:00, run_after=2021-01-01 00:00:00+00:00
[2024-08-03T17:26:33.213+0000] {processor.py:183} INFO - Processing /home/airflow/.local/lib/python3.12/site-packages/airflow/example_dags/example_xcom.py took 1.418 seconds
[2024-08-03T17:27:03.569+0000] {processor.py:161} INFO - Started process (PID=8680) to work on /home/airflow/.local/lib/python3.12/site-packages/airflow/example_dags/example_xcom.py
[2024-08-03T17:27:03.572+0000] {processor.py:830} INFO - Processing file /home/airflow/.local/lib/python3.12/site-packages/airflow/example_dags/example_xcom.py for tasks to queue
[2024-08-03T17:27:03.573+0000] {logging_mixin.py:188} INFO - [2024-08-03T17:27:03.572+0000] {dagbag.py:545} INFO - Filling up the DagBag from /home/airflow/.local/lib/python3.12/site-packages/airflow/example_dags/example_xcom.py
[2024-08-03T17:27:03.586+0000] {processor.py:840} INFO - DAG(s) 'example_xcom' retrieved from /home/airflow/.local/lib/python3.12/site-packages/airflow/example_dags/example_xcom.py
[2024-08-03T17:27:03.608+0000] {logging_mixin.py:188} INFO - [2024-08-03T17:27:03.608+0000] {dag.py:3089} INFO - Sync 1 DAGs
[2024-08-03T17:27:03.621+0000] {logging_mixin.py:188} INFO - [2024-08-03T17:27:03.621+0000] {dag.py:3947} INFO - Setting next_dagrun for example_xcom to 2021-01-01 00:00:00+00:00, run_after=2021-01-01 00:00:00+00:00
[2024-08-03T17:27:03.633+0000] {processor.py:183} INFO - Processing /home/airflow/.local/lib/python3.12/site-packages/airflow/example_dags/example_xcom.py took 0.072 seconds
[2024-08-03T17:49:31.909+0000] {processor.py:161} INFO - Started process (PID=8749) to work on /home/airflow/.local/lib/python3.12/site-packages/airflow/example_dags/example_xcom.py
[2024-08-03T17:49:31.926+0000] {processor.py:830} INFO - Processing file /home/airflow/.local/lib/python3.12/site-packages/airflow/example_dags/example_xcom.py for tasks to queue
[2024-08-03T17:49:31.940+0000] {logging_mixin.py:188} INFO - [2024-08-03T17:49:31.930+0000] {dagbag.py:545} INFO - Filling up the DagBag from /home/airflow/.local/lib/python3.12/site-packages/airflow/example_dags/example_xcom.py
[2024-08-03T17:49:31.999+0000] {processor.py:840} INFO - DAG(s) 'example_xcom' retrieved from /home/airflow/.local/lib/python3.12/site-packages/airflow/example_dags/example_xcom.py
[2024-08-03T17:49:32.146+0000] {logging_mixin.py:188} INFO - [2024-08-03T17:49:32.145+0000] {dag.py:3089} INFO - Sync 1 DAGs
[2024-08-03T17:49:32.363+0000] {logging_mixin.py:188} INFO - [2024-08-03T17:49:32.362+0000] {dag.py:3947} INFO - Setting next_dagrun for example_xcom to 2021-01-01 00:00:00+00:00, run_after=2021-01-01 00:00:00+00:00
[2024-08-03T17:49:32.547+0000] {processor.py:183} INFO - Processing /home/airflow/.local/lib/python3.12/site-packages/airflow/example_dags/example_xcom.py took 0.692 seconds
[2024-08-03T18:23:28.810+0000] {processor.py:161} INFO - Started process (PID=8810) to work on /home/airflow/.local/lib/python3.12/site-packages/airflow/example_dags/example_xcom.py
[2024-08-03T18:23:28.815+0000] {processor.py:830} INFO - Processing file /home/airflow/.local/lib/python3.12/site-packages/airflow/example_dags/example_xcom.py for tasks to queue
[2024-08-03T18:23:28.820+0000] {logging_mixin.py:188} INFO - [2024-08-03T18:23:28.819+0000] {dagbag.py:545} INFO - Filling up the DagBag from /home/airflow/.local/lib/python3.12/site-packages/airflow/example_dags/example_xcom.py
[2024-08-03T18:23:28.908+0000] {processor.py:840} INFO - DAG(s) 'example_xcom' retrieved from /home/airflow/.local/lib/python3.12/site-packages/airflow/example_dags/example_xcom.py
[2024-08-03T18:23:29.040+0000] {logging_mixin.py:188} INFO - [2024-08-03T18:23:29.038+0000] {dag.py:3089} INFO - Sync 1 DAGs
[2024-08-03T18:23:29.104+0000] {logging_mixin.py:188} INFO - [2024-08-03T18:23:29.103+0000] {dag.py:3947} INFO - Setting next_dagrun for example_xcom to 2021-01-01 00:00:00+00:00, run_after=2021-01-01 00:00:00+00:00
[2024-08-03T18:23:29.150+0000] {processor.py:183} INFO - Processing /home/airflow/.local/lib/python3.12/site-packages/airflow/example_dags/example_xcom.py took 0.378 seconds
[2024-08-03T19:08:40.555+0000] {processor.py:161} INFO - Started process (PID=8862) to work on /home/airflow/.local/lib/python3.12/site-packages/airflow/example_dags/example_xcom.py
[2024-08-03T19:08:40.559+0000] {processor.py:830} INFO - Processing file /home/airflow/.local/lib/python3.12/site-packages/airflow/example_dags/example_xcom.py for tasks to queue
[2024-08-03T19:08:40.561+0000] {logging_mixin.py:188} INFO - [2024-08-03T19:08:40.560+0000] {dagbag.py:545} INFO - Filling up the DagBag from /home/airflow/.local/lib/python3.12/site-packages/airflow/example_dags/example_xcom.py
[2024-08-03T19:08:40.615+0000] {processor.py:840} INFO - DAG(s) 'example_xcom' retrieved from /home/airflow/.local/lib/python3.12/site-packages/airflow/example_dags/example_xcom.py
[2024-08-03T19:08:40.918+0000] {logging_mixin.py:188} INFO - [2024-08-03T19:08:40.916+0000] {dag.py:3089} INFO - Sync 1 DAGs
[2024-08-03T19:08:41.120+0000] {logging_mixin.py:188} INFO - [2024-08-03T19:08:41.119+0000] {dag.py:3947} INFO - Setting next_dagrun for example_xcom to 2021-01-01 00:00:00+00:00, run_after=2021-01-01 00:00:00+00:00
[2024-08-03T19:08:41.241+0000] {processor.py:183} INFO - Processing /home/airflow/.local/lib/python3.12/site-packages/airflow/example_dags/example_xcom.py took 0.708 seconds
[2024-08-03T20:16:15.847+0000] {processor.py:161} INFO - Started process (PID=8922) to work on /home/airflow/.local/lib/python3.12/site-packages/airflow/example_dags/example_xcom.py
[2024-08-03T20:16:15.848+0000] {processor.py:830} INFO - Processing file /home/airflow/.local/lib/python3.12/site-packages/airflow/example_dags/example_xcom.py for tasks to queue
[2024-08-03T20:16:15.850+0000] {logging_mixin.py:188} INFO - [2024-08-03T20:16:15.849+0000] {dagbag.py:545} INFO - Filling up the DagBag from /home/airflow/.local/lib/python3.12/site-packages/airflow/example_dags/example_xcom.py
[2024-08-03T20:16:15.863+0000] {processor.py:840} INFO - DAG(s) 'example_xcom' retrieved from /home/airflow/.local/lib/python3.12/site-packages/airflow/example_dags/example_xcom.py
[2024-08-03T20:16:15.962+0000] {logging_mixin.py:188} INFO - [2024-08-03T20:16:15.961+0000] {dag.py:3089} INFO - Sync 1 DAGs
[2024-08-03T20:16:16.013+0000] {logging_mixin.py:188} INFO - [2024-08-03T20:16:16.013+0000] {dag.py:3947} INFO - Setting next_dagrun for example_xcom to 2021-01-01 00:00:00+00:00, run_after=2021-01-01 00:00:00+00:00
[2024-08-03T20:16:16.058+0000] {processor.py:183} INFO - Processing /home/airflow/.local/lib/python3.12/site-packages/airflow/example_dags/example_xcom.py took 0.223 seconds
[2024-08-03T21:24:42.773+0000] {processor.py:161} INFO - Started process (PID=8979) to work on /home/airflow/.local/lib/python3.12/site-packages/airflow/example_dags/example_xcom.py
[2024-08-03T21:24:42.778+0000] {processor.py:830} INFO - Processing file /home/airflow/.local/lib/python3.12/site-packages/airflow/example_dags/example_xcom.py for tasks to queue
[2024-08-03T21:24:42.784+0000] {logging_mixin.py:188} INFO - [2024-08-03T21:24:42.781+0000] {dagbag.py:545} INFO - Filling up the DagBag from /home/airflow/.local/lib/python3.12/site-packages/airflow/example_dags/example_xcom.py
[2024-08-03T21:24:42.864+0000] {processor.py:840} INFO - DAG(s) 'example_xcom' retrieved from /home/airflow/.local/lib/python3.12/site-packages/airflow/example_dags/example_xcom.py
[2024-08-03T21:24:43.038+0000] {logging_mixin.py:188} INFO - [2024-08-03T21:24:43.036+0000] {dag.py:3089} INFO - Sync 1 DAGs
[2024-08-03T21:24:43.836+0000] {logging_mixin.py:188} INFO - [2024-08-03T21:24:43.824+0000] {dag.py:3947} INFO - Setting next_dagrun for example_xcom to 2021-01-01 00:00:00+00:00, run_after=2021-01-01 00:00:00+00:00
[2024-08-03T21:24:43.966+0000] {processor.py:183} INFO - Processing /home/airflow/.local/lib/python3.12/site-packages/airflow/example_dags/example_xcom.py took 1.208 seconds
[2024-08-03T22:28:59.067+0000] {processor.py:161} INFO - Started process (PID=9039) to work on /home/airflow/.local/lib/python3.12/site-packages/airflow/example_dags/example_xcom.py
[2024-08-03T22:28:59.080+0000] {processor.py:830} INFO - Processing file /home/airflow/.local/lib/python3.12/site-packages/airflow/example_dags/example_xcom.py for tasks to queue
[2024-08-03T22:28:59.103+0000] {logging_mixin.py:188} INFO - [2024-08-03T22:28:59.097+0000] {dagbag.py:545} INFO - Filling up the DagBag from /home/airflow/.local/lib/python3.12/site-packages/airflow/example_dags/example_xcom.py
[2024-08-03T22:28:59.228+0000] {processor.py:840} INFO - DAG(s) 'example_xcom' retrieved from /home/airflow/.local/lib/python3.12/site-packages/airflow/example_dags/example_xcom.py
[2024-08-03T22:28:59.826+0000] {logging_mixin.py:188} INFO - [2024-08-03T22:28:59.774+0000] {dag.py:3089} INFO - Sync 1 DAGs
[2024-08-03T22:29:00.300+0000] {logging_mixin.py:188} INFO - [2024-08-03T22:29:00.291+0000] {dag.py:3947} INFO - Setting next_dagrun for example_xcom to 2021-01-01 00:00:00+00:00, run_after=2021-01-01 00:00:00+00:00
[2024-08-03T22:29:00.573+0000] {processor.py:183} INFO - Processing /home/airflow/.local/lib/python3.12/site-packages/airflow/example_dags/example_xcom.py took 1.579 seconds
