[2024-08-03T00:02:59.675+0000] {processor.py:161} INFO - Started process (PID=7176) to work on /home/airflow/.local/lib/python3.12/site-packages/airflow/example_dags/example_nested_branch_dag.py
[2024-08-03T00:02:59.692+0000] {processor.py:830} INFO - Processing file /home/airflow/.local/lib/python3.12/site-packages/airflow/example_dags/example_nested_branch_dag.py for tasks to queue
[2024-08-03T00:02:59.716+0000] {logging_mixin.py:188} INFO - [2024-08-03T00:02:59.707+0000] {dagbag.py:545} INFO - Filling up the DagBag from /home/airflow/.local/lib/python3.12/site-packages/airflow/example_dags/example_nested_branch_dag.py
[2024-08-03T00:02:59.960+0000] {processor.py:840} INFO - DAG(s) 'example_nested_branch_dag' retrieved from /home/airflow/.local/lib/python3.12/site-packages/airflow/example_dags/example_nested_branch_dag.py
[2024-08-03T00:03:02.468+0000] {logging_mixin.py:188} INFO - [2024-08-03T00:03:02.411+0000] {dag.py:3089} INFO - Sync 1 DAGs
[2024-08-03T00:03:02.802+0000] {logging_mixin.py:188} INFO - [2024-08-03T00:03:02.794+0000] {dag.py:3947} INFO - Setting next_dagrun for example_nested_branch_dag to 2024-08-02 00:00:00+00:00, run_after=2024-08-03 00:00:00+00:00
[2024-08-03T00:03:03.508+0000] {processor.py:183} INFO - Processing /home/airflow/.local/lib/python3.12/site-packages/airflow/example_dags/example_nested_branch_dag.py took 3.928 seconds
[2024-08-03T03:17:09.565+0000] {processor.py:161} INFO - Started process (PID=7301) to work on /home/airflow/.local/lib/python3.12/site-packages/airflow/example_dags/example_nested_branch_dag.py
[2024-08-03T03:17:09.572+0000] {processor.py:830} INFO - Processing file /home/airflow/.local/lib/python3.12/site-packages/airflow/example_dags/example_nested_branch_dag.py for tasks to queue
[2024-08-03T03:17:09.583+0000] {logging_mixin.py:188} INFO - [2024-08-03T03:17:09.576+0000] {dagbag.py:545} INFO - Filling up the DagBag from /home/airflow/.local/lib/python3.12/site-packages/airflow/example_dags/example_nested_branch_dag.py
[2024-08-03T03:17:09.896+0000] {processor.py:840} INFO - DAG(s) 'example_nested_branch_dag' retrieved from /home/airflow/.local/lib/python3.12/site-packages/airflow/example_dags/example_nested_branch_dag.py
[2024-08-03T03:17:10.379+0000] {logging_mixin.py:188} INFO - [2024-08-03T03:17:10.368+0000] {dag.py:3089} INFO - Sync 1 DAGs
[2024-08-03T03:17:10.730+0000] {logging_mixin.py:188} INFO - [2024-08-03T03:17:10.720+0000] {dag.py:3947} INFO - Setting next_dagrun for example_nested_branch_dag to 2024-08-02 00:00:00+00:00, run_after=2024-08-03 00:00:00+00:00
[2024-08-03T03:17:11.074+0000] {processor.py:183} INFO - Processing /home/airflow/.local/lib/python3.12/site-packages/airflow/example_dags/example_nested_branch_dag.py took 1.602 seconds
[2024-08-03T03:24:30.003+0000] {processor.py:161} INFO - Started process (PID=7390) to work on /home/airflow/.local/lib/python3.12/site-packages/airflow/example_dags/example_nested_branch_dag.py
[2024-08-03T03:24:30.027+0000] {processor.py:830} INFO - Processing file /home/airflow/.local/lib/python3.12/site-packages/airflow/example_dags/example_nested_branch_dag.py for tasks to queue
[2024-08-03T03:24:30.035+0000] {logging_mixin.py:188} INFO - [2024-08-03T03:24:30.031+0000] {dagbag.py:545} INFO - Filling up the DagBag from /home/airflow/.local/lib/python3.12/site-packages/airflow/example_dags/example_nested_branch_dag.py
[2024-08-03T03:24:30.262+0000] {processor.py:840} INFO - DAG(s) 'example_nested_branch_dag' retrieved from /home/airflow/.local/lib/python3.12/site-packages/airflow/example_dags/example_nested_branch_dag.py
[2024-08-03T03:24:30.946+0000] {logging_mixin.py:188} INFO - [2024-08-03T03:24:30.944+0000] {dag.py:3089} INFO - Sync 1 DAGs
[2024-08-03T03:24:31.200+0000] {logging_mixin.py:188} INFO - [2024-08-03T03:24:31.194+0000] {dag.py:3947} INFO - Setting next_dagrun for example_nested_branch_dag to 2024-08-02 00:00:00+00:00, run_after=2024-08-03 00:00:00+00:00
[2024-08-03T03:24:31.408+0000] {processor.py:183} INFO - Processing /home/airflow/.local/lib/python3.12/site-packages/airflow/example_dags/example_nested_branch_dag.py took 1.567 seconds
[2024-08-03T05:41:48.398+0000] {processor.py:161} INFO - Started process (PID=7456) to work on /home/airflow/.local/lib/python3.12/site-packages/airflow/example_dags/example_nested_branch_dag.py
[2024-08-03T05:41:48.408+0000] {processor.py:830} INFO - Processing file /home/airflow/.local/lib/python3.12/site-packages/airflow/example_dags/example_nested_branch_dag.py for tasks to queue
[2024-08-03T05:41:48.421+0000] {logging_mixin.py:188} INFO - [2024-08-03T05:41:48.413+0000] {dagbag.py:545} INFO - Filling up the DagBag from /home/airflow/.local/lib/python3.12/site-packages/airflow/example_dags/example_nested_branch_dag.py
[2024-08-03T05:41:48.575+0000] {processor.py:840} INFO - DAG(s) 'example_nested_branch_dag' retrieved from /home/airflow/.local/lib/python3.12/site-packages/airflow/example_dags/example_nested_branch_dag.py
[2024-08-03T05:41:49.270+0000] {logging_mixin.py:188} INFO - [2024-08-03T05:41:49.266+0000] {dag.py:3089} INFO - Sync 1 DAGs
[2024-08-03T05:41:49.712+0000] {logging_mixin.py:188} INFO - [2024-08-03T05:41:49.707+0000] {dag.py:3947} INFO - Setting next_dagrun for example_nested_branch_dag to 2024-08-02 00:00:00+00:00, run_after=2024-08-03 00:00:00+00:00
[2024-08-03T05:41:49.925+0000] {processor.py:183} INFO - Processing /home/airflow/.local/lib/python3.12/site-packages/airflow/example_dags/example_nested_branch_dag.py took 1.612 seconds
[2024-08-03T07:38:53.818+0000] {processor.py:161} INFO - Started process (PID=7530) to work on /home/airflow/.local/lib/python3.12/site-packages/airflow/example_dags/example_nested_branch_dag.py
[2024-08-03T07:38:53.846+0000] {processor.py:830} INFO - Processing file /home/airflow/.local/lib/python3.12/site-packages/airflow/example_dags/example_nested_branch_dag.py for tasks to queue
[2024-08-03T07:38:53.863+0000] {logging_mixin.py:188} INFO - [2024-08-03T07:38:53.854+0000] {dagbag.py:545} INFO - Filling up the DagBag from /home/airflow/.local/lib/python3.12/site-packages/airflow/example_dags/example_nested_branch_dag.py
[2024-08-03T07:38:54.114+0000] {processor.py:840} INFO - DAG(s) 'example_nested_branch_dag' retrieved from /home/airflow/.local/lib/python3.12/site-packages/airflow/example_dags/example_nested_branch_dag.py
[2024-08-03T07:38:54.540+0000] {logging_mixin.py:188} INFO - [2024-08-03T07:38:54.529+0000] {dag.py:3089} INFO - Sync 1 DAGs
[2024-08-03T07:38:54.718+0000] {logging_mixin.py:188} INFO - [2024-08-03T07:38:54.717+0000] {dag.py:3947} INFO - Setting next_dagrun for example_nested_branch_dag to 2024-08-02 00:00:00+00:00, run_after=2024-08-03 00:00:00+00:00
[2024-08-03T07:38:54.767+0000] {processor.py:183} INFO - Processing /home/airflow/.local/lib/python3.12/site-packages/airflow/example_dags/example_nested_branch_dag.py took 1.068 seconds
[2024-08-03T09:53:10.807+0000] {processor.py:161} INFO - Started process (PID=7613) to work on /home/airflow/.local/lib/python3.12/site-packages/airflow/example_dags/example_nested_branch_dag.py
[2024-08-03T09:53:10.816+0000] {processor.py:830} INFO - Processing file /home/airflow/.local/lib/python3.12/site-packages/airflow/example_dags/example_nested_branch_dag.py for tasks to queue
[2024-08-03T09:53:10.826+0000] {logging_mixin.py:188} INFO - [2024-08-03T09:53:10.821+0000] {dagbag.py:545} INFO - Filling up the DagBag from /home/airflow/.local/lib/python3.12/site-packages/airflow/example_dags/example_nested_branch_dag.py
[2024-08-03T09:53:10.975+0000] {processor.py:840} INFO - DAG(s) 'example_nested_branch_dag' retrieved from /home/airflow/.local/lib/python3.12/site-packages/airflow/example_dags/example_nested_branch_dag.py
[2024-08-03T09:53:11.357+0000] {logging_mixin.py:188} INFO - [2024-08-03T09:53:11.343+0000] {dag.py:3089} INFO - Sync 1 DAGs
[2024-08-03T09:53:11.551+0000] {logging_mixin.py:188} INFO - [2024-08-03T09:53:11.546+0000] {dag.py:3947} INFO - Setting next_dagrun for example_nested_branch_dag to 2024-08-02 00:00:00+00:00, run_after=2024-08-03 00:00:00+00:00
[2024-08-03T09:53:12.481+0000] {processor.py:183} INFO - Processing /home/airflow/.local/lib/python3.12/site-packages/airflow/example_dags/example_nested_branch_dag.py took 1.691 seconds
[2024-08-03T10:37:00.958+0000] {processor.py:161} INFO - Started process (PID=7686) to work on /home/airflow/.local/lib/python3.12/site-packages/airflow/example_dags/example_nested_branch_dag.py
[2024-08-03T10:37:00.965+0000] {processor.py:830} INFO - Processing file /home/airflow/.local/lib/python3.12/site-packages/airflow/example_dags/example_nested_branch_dag.py for tasks to queue
[2024-08-03T10:37:00.970+0000] {logging_mixin.py:188} INFO - [2024-08-03T10:37:00.970+0000] {dagbag.py:545} INFO - Filling up the DagBag from /home/airflow/.local/lib/python3.12/site-packages/airflow/example_dags/example_nested_branch_dag.py
[2024-08-03T10:37:00.987+0000] {processor.py:840} INFO - DAG(s) 'example_nested_branch_dag' retrieved from /home/airflow/.local/lib/python3.12/site-packages/airflow/example_dags/example_nested_branch_dag.py
[2024-08-03T10:37:01.058+0000] {logging_mixin.py:188} INFO - [2024-08-03T10:37:01.058+0000] {dag.py:3089} INFO - Sync 1 DAGs
[2024-08-03T10:37:01.118+0000] {logging_mixin.py:188} INFO - [2024-08-03T10:37:01.117+0000] {dag.py:3947} INFO - Setting next_dagrun for example_nested_branch_dag to 2024-08-02 00:00:00+00:00, run_after=2024-08-03 00:00:00+00:00
[2024-08-03T10:37:01.140+0000] {processor.py:183} INFO - Processing /home/airflow/.local/lib/python3.12/site-packages/airflow/example_dags/example_nested_branch_dag.py took 0.200 seconds
[2024-08-03T12:19:43.313+0000] {processor.py:161} INFO - Started process (PID=7750) to work on /home/airflow/.local/lib/python3.12/site-packages/airflow/example_dags/example_nested_branch_dag.py
[2024-08-03T12:19:43.326+0000] {processor.py:830} INFO - Processing file /home/airflow/.local/lib/python3.12/site-packages/airflow/example_dags/example_nested_branch_dag.py for tasks to queue
[2024-08-03T12:19:43.359+0000] {logging_mixin.py:188} INFO - [2024-08-03T12:19:43.341+0000] {dagbag.py:545} INFO - Filling up the DagBag from /home/airflow/.local/lib/python3.12/site-packages/airflow/example_dags/example_nested_branch_dag.py
[2024-08-03T12:19:43.553+0000] {processor.py:840} INFO - DAG(s) 'example_nested_branch_dag' retrieved from /home/airflow/.local/lib/python3.12/site-packages/airflow/example_dags/example_nested_branch_dag.py
[2024-08-03T12:19:44.304+0000] {logging_mixin.py:188} INFO - [2024-08-03T12:19:44.242+0000] {dag.py:3089} INFO - Sync 1 DAGs
[2024-08-03T12:19:44.878+0000] {logging_mixin.py:188} INFO - [2024-08-03T12:19:44.858+0000] {dag.py:3947} INFO - Setting next_dagrun for example_nested_branch_dag to 2024-08-02 00:00:00+00:00, run_after=2024-08-03 00:00:00+00:00
[2024-08-03T12:19:45.546+0000] {processor.py:183} INFO - Processing /home/airflow/.local/lib/python3.12/site-packages/airflow/example_dags/example_nested_branch_dag.py took 2.309 seconds
[2024-08-03T14:17:48.697+0000] {processor.py:161} INFO - Started process (PID=7857) to work on /home/airflow/.local/lib/python3.12/site-packages/airflow/example_dags/example_nested_branch_dag.py
[2024-08-03T14:17:48.714+0000] {processor.py:830} INFO - Processing file /home/airflow/.local/lib/python3.12/site-packages/airflow/example_dags/example_nested_branch_dag.py for tasks to queue
[2024-08-03T14:17:48.724+0000] {logging_mixin.py:188} INFO - [2024-08-03T14:17:48.719+0000] {dagbag.py:545} INFO - Filling up the DagBag from /home/airflow/.local/lib/python3.12/site-packages/airflow/example_dags/example_nested_branch_dag.py
[2024-08-03T14:17:48.834+0000] {processor.py:840} INFO - DAG(s) 'example_nested_branch_dag' retrieved from /home/airflow/.local/lib/python3.12/site-packages/airflow/example_dags/example_nested_branch_dag.py
[2024-08-03T14:17:49.009+0000] {logging_mixin.py:188} INFO - [2024-08-03T14:17:49.007+0000] {dag.py:3089} INFO - Sync 1 DAGs
[2024-08-03T14:17:49.244+0000] {logging_mixin.py:188} INFO - [2024-08-03T14:17:49.240+0000] {dag.py:3947} INFO - Setting next_dagrun for example_nested_branch_dag to 2024-08-02 00:00:00+00:00, run_after=2024-08-03 00:00:00+00:00
[2024-08-03T14:17:49.462+0000] {processor.py:183} INFO - Processing /home/airflow/.local/lib/python3.12/site-packages/airflow/example_dags/example_nested_branch_dag.py took 0.838 seconds
[2024-08-03T14:18:20.555+0000] {processor.py:161} INFO - Started process (PID=7918) to work on /home/airflow/.local/lib/python3.12/site-packages/airflow/example_dags/example_nested_branch_dag.py
[2024-08-03T14:18:20.557+0000] {processor.py:830} INFO - Processing file /home/airflow/.local/lib/python3.12/site-packages/airflow/example_dags/example_nested_branch_dag.py for tasks to queue
[2024-08-03T14:18:20.558+0000] {logging_mixin.py:188} INFO - [2024-08-03T14:18:20.558+0000] {dagbag.py:545} INFO - Filling up the DagBag from /home/airflow/.local/lib/python3.12/site-packages/airflow/example_dags/example_nested_branch_dag.py
[2024-08-03T14:18:20.574+0000] {processor.py:840} INFO - DAG(s) 'example_nested_branch_dag' retrieved from /home/airflow/.local/lib/python3.12/site-packages/airflow/example_dags/example_nested_branch_dag.py
[2024-08-03T14:18:20.607+0000] {logging_mixin.py:188} INFO - [2024-08-03T14:18:20.606+0000] {dag.py:3089} INFO - Sync 1 DAGs
[2024-08-03T14:18:20.628+0000] {logging_mixin.py:188} INFO - [2024-08-03T14:18:20.627+0000] {dag.py:3947} INFO - Setting next_dagrun for example_nested_branch_dag to 2024-08-02 00:00:00+00:00, run_after=2024-08-03 00:00:00+00:00
[2024-08-03T14:18:20.644+0000] {processor.py:183} INFO - Processing /home/airflow/.local/lib/python3.12/site-packages/airflow/example_dags/example_nested_branch_dag.py took 0.115 seconds
[2024-08-03T14:36:40.518+0000] {processor.py:161} INFO - Started process (PID=8021) to work on /home/airflow/.local/lib/python3.12/site-packages/airflow/example_dags/example_nested_branch_dag.py
[2024-08-03T14:36:40.526+0000] {processor.py:830} INFO - Processing file /home/airflow/.local/lib/python3.12/site-packages/airflow/example_dags/example_nested_branch_dag.py for tasks to queue
[2024-08-03T14:36:40.534+0000] {logging_mixin.py:188} INFO - [2024-08-03T14:36:40.532+0000] {dagbag.py:545} INFO - Filling up the DagBag from /home/airflow/.local/lib/python3.12/site-packages/airflow/example_dags/example_nested_branch_dag.py
[2024-08-03T14:36:40.667+0000] {processor.py:840} INFO - DAG(s) 'example_nested_branch_dag' retrieved from /home/airflow/.local/lib/python3.12/site-packages/airflow/example_dags/example_nested_branch_dag.py
[2024-08-03T14:36:41.012+0000] {logging_mixin.py:188} INFO - [2024-08-03T14:36:41.001+0000] {dag.py:3089} INFO - Sync 1 DAGs
[2024-08-03T14:36:41.346+0000] {logging_mixin.py:188} INFO - [2024-08-03T14:36:41.344+0000] {dag.py:3947} INFO - Setting next_dagrun for example_nested_branch_dag to 2024-08-02 00:00:00+00:00, run_after=2024-08-03 00:00:00+00:00
[2024-08-03T14:36:41.610+0000] {processor.py:183} INFO - Processing /home/airflow/.local/lib/python3.12/site-packages/airflow/example_dags/example_nested_branch_dag.py took 1.125 seconds
[2024-08-03T14:42:18.328+0000] {processor.py:161} INFO - Started process (PID=8086) to work on /home/airflow/.local/lib/python3.12/site-packages/airflow/example_dags/example_nested_branch_dag.py
[2024-08-03T14:42:18.341+0000] {processor.py:830} INFO - Processing file /home/airflow/.local/lib/python3.12/site-packages/airflow/example_dags/example_nested_branch_dag.py for tasks to queue
[2024-08-03T14:42:18.351+0000] {logging_mixin.py:188} INFO - [2024-08-03T14:42:18.345+0000] {dagbag.py:545} INFO - Filling up the DagBag from /home/airflow/.local/lib/python3.12/site-packages/airflow/example_dags/example_nested_branch_dag.py
[2024-08-03T14:42:18.409+0000] {processor.py:840} INFO - DAG(s) 'example_nested_branch_dag' retrieved from /home/airflow/.local/lib/python3.12/site-packages/airflow/example_dags/example_nested_branch_dag.py
[2024-08-03T14:42:18.528+0000] {logging_mixin.py:188} INFO - [2024-08-03T14:42:18.527+0000] {dag.py:3089} INFO - Sync 1 DAGs
[2024-08-03T14:42:18.627+0000] {logging_mixin.py:188} INFO - [2024-08-03T14:42:18.626+0000] {dag.py:3947} INFO - Setting next_dagrun for example_nested_branch_dag to 2024-08-02 00:00:00+00:00, run_after=2024-08-03 00:00:00+00:00
[2024-08-03T14:42:18.803+0000] {processor.py:183} INFO - Processing /home/airflow/.local/lib/python3.12/site-packages/airflow/example_dags/example_nested_branch_dag.py took 0.498 seconds
[2024-08-03T14:42:48.876+0000] {processor.py:161} INFO - Started process (PID=8147) to work on /home/airflow/.local/lib/python3.12/site-packages/airflow/example_dags/example_nested_branch_dag.py
[2024-08-03T14:42:48.876+0000] {processor.py:830} INFO - Processing file /home/airflow/.local/lib/python3.12/site-packages/airflow/example_dags/example_nested_branch_dag.py for tasks to queue
[2024-08-03T14:42:48.877+0000] {logging_mixin.py:188} INFO - [2024-08-03T14:42:48.877+0000] {dagbag.py:545} INFO - Filling up the DagBag from /home/airflow/.local/lib/python3.12/site-packages/airflow/example_dags/example_nested_branch_dag.py
[2024-08-03T14:42:48.882+0000] {processor.py:840} INFO - DAG(s) 'example_nested_branch_dag' retrieved from /home/airflow/.local/lib/python3.12/site-packages/airflow/example_dags/example_nested_branch_dag.py
[2024-08-03T14:42:48.896+0000] {logging_mixin.py:188} INFO - [2024-08-03T14:42:48.895+0000] {dag.py:3089} INFO - Sync 1 DAGs
[2024-08-03T14:42:48.906+0000] {logging_mixin.py:188} INFO - [2024-08-03T14:42:48.905+0000] {dag.py:3947} INFO - Setting next_dagrun for example_nested_branch_dag to 2024-08-02 00:00:00+00:00, run_after=2024-08-03 00:00:00+00:00
[2024-08-03T14:42:48.913+0000] {processor.py:183} INFO - Processing /home/airflow/.local/lib/python3.12/site-packages/airflow/example_dags/example_nested_branch_dag.py took 0.041 seconds
[2024-08-03T14:43:22.424+0000] {processor.py:161} INFO - Started process (PID=8218) to work on /home/airflow/.local/lib/python3.12/site-packages/airflow/example_dags/example_nested_branch_dag.py
[2024-08-03T14:43:22.445+0000] {processor.py:830} INFO - Processing file /home/airflow/.local/lib/python3.12/site-packages/airflow/example_dags/example_nested_branch_dag.py for tasks to queue
[2024-08-03T14:43:22.450+0000] {logging_mixin.py:188} INFO - [2024-08-03T14:43:22.448+0000] {dagbag.py:545} INFO - Filling up the DagBag from /home/airflow/.local/lib/python3.12/site-packages/airflow/example_dags/example_nested_branch_dag.py
[2024-08-03T14:43:22.525+0000] {processor.py:840} INFO - DAG(s) 'example_nested_branch_dag' retrieved from /home/airflow/.local/lib/python3.12/site-packages/airflow/example_dags/example_nested_branch_dag.py
[2024-08-03T14:43:22.655+0000] {logging_mixin.py:188} INFO - [2024-08-03T14:43:22.654+0000] {dag.py:3089} INFO - Sync 1 DAGs
[2024-08-03T14:43:22.772+0000] {logging_mixin.py:188} INFO - [2024-08-03T14:43:22.771+0000] {dag.py:3947} INFO - Setting next_dagrun for example_nested_branch_dag to 2024-08-02 00:00:00+00:00, run_after=2024-08-03 00:00:00+00:00
[2024-08-03T14:43:22.867+0000] {processor.py:183} INFO - Processing /home/airflow/.local/lib/python3.12/site-packages/airflow/example_dags/example_nested_branch_dag.py took 0.476 seconds
[2024-08-03T14:43:53.698+0000] {processor.py:161} INFO - Started process (PID=8283) to work on /home/airflow/.local/lib/python3.12/site-packages/airflow/example_dags/example_nested_branch_dag.py
[2024-08-03T14:43:53.701+0000] {processor.py:830} INFO - Processing file /home/airflow/.local/lib/python3.12/site-packages/airflow/example_dags/example_nested_branch_dag.py for tasks to queue
[2024-08-03T14:43:53.702+0000] {logging_mixin.py:188} INFO - [2024-08-03T14:43:53.702+0000] {dagbag.py:545} INFO - Filling up the DagBag from /home/airflow/.local/lib/python3.12/site-packages/airflow/example_dags/example_nested_branch_dag.py
[2024-08-03T14:43:53.717+0000] {processor.py:840} INFO - DAG(s) 'example_nested_branch_dag' retrieved from /home/airflow/.local/lib/python3.12/site-packages/airflow/example_dags/example_nested_branch_dag.py
[2024-08-03T14:43:53.745+0000] {logging_mixin.py:188} INFO - [2024-08-03T14:43:53.745+0000] {dag.py:3089} INFO - Sync 1 DAGs
[2024-08-03T14:43:53.763+0000] {logging_mixin.py:188} INFO - [2024-08-03T14:43:53.763+0000] {dag.py:3947} INFO - Setting next_dagrun for example_nested_branch_dag to 2024-08-02 00:00:00+00:00, run_after=2024-08-03 00:00:00+00:00
[2024-08-03T14:43:53.777+0000] {processor.py:183} INFO - Processing /home/airflow/.local/lib/python3.12/site-packages/airflow/example_dags/example_nested_branch_dag.py took 0.092 seconds
[2024-08-03T15:06:02.790+0000] {processor.py:161} INFO - Started process (PID=8370) to work on /home/airflow/.local/lib/python3.12/site-packages/airflow/example_dags/example_nested_branch_dag.py
[2024-08-03T15:06:02.819+0000] {processor.py:830} INFO - Processing file /home/airflow/.local/lib/python3.12/site-packages/airflow/example_dags/example_nested_branch_dag.py for tasks to queue
[2024-08-03T15:06:02.839+0000] {logging_mixin.py:188} INFO - [2024-08-03T15:06:02.832+0000] {dagbag.py:545} INFO - Filling up the DagBag from /home/airflow/.local/lib/python3.12/site-packages/airflow/example_dags/example_nested_branch_dag.py
[2024-08-03T15:06:03.042+0000] {processor.py:840} INFO - DAG(s) 'example_nested_branch_dag' retrieved from /home/airflow/.local/lib/python3.12/site-packages/airflow/example_dags/example_nested_branch_dag.py
[2024-08-03T15:06:04.183+0000] {logging_mixin.py:188} INFO - [2024-08-03T15:06:04.163+0000] {dag.py:3089} INFO - Sync 1 DAGs
[2024-08-03T15:06:04.793+0000] {logging_mixin.py:188} INFO - [2024-08-03T15:06:04.779+0000] {dag.py:3947} INFO - Setting next_dagrun for example_nested_branch_dag to 2024-08-02 00:00:00+00:00, run_after=2024-08-03 00:00:00+00:00
[2024-08-03T15:06:05.211+0000] {processor.py:183} INFO - Processing /home/airflow/.local/lib/python3.12/site-packages/airflow/example_dags/example_nested_branch_dag.py took 2.466 seconds
[2024-08-03T15:55:14.461+0000] {processor.py:161} INFO - Started process (PID=8431) to work on /home/airflow/.local/lib/python3.12/site-packages/airflow/example_dags/example_nested_branch_dag.py
[2024-08-03T15:55:14.462+0000] {processor.py:830} INFO - Processing file /home/airflow/.local/lib/python3.12/site-packages/airflow/example_dags/example_nested_branch_dag.py for tasks to queue
[2024-08-03T15:55:14.462+0000] {logging_mixin.py:188} INFO - [2024-08-03T15:55:14.462+0000] {dagbag.py:545} INFO - Filling up the DagBag from /home/airflow/.local/lib/python3.12/site-packages/airflow/example_dags/example_nested_branch_dag.py
[2024-08-03T15:55:14.470+0000] {processor.py:840} INFO - DAG(s) 'example_nested_branch_dag' retrieved from /home/airflow/.local/lib/python3.12/site-packages/airflow/example_dags/example_nested_branch_dag.py
[2024-08-03T15:55:14.494+0000] {logging_mixin.py:188} INFO - [2024-08-03T15:55:14.493+0000] {dag.py:3089} INFO - Sync 1 DAGs
[2024-08-03T15:55:14.512+0000] {logging_mixin.py:188} INFO - [2024-08-03T15:55:14.512+0000] {dag.py:3947} INFO - Setting next_dagrun for example_nested_branch_dag to 2024-08-02 00:00:00+00:00, run_after=2024-08-03 00:00:00+00:00
[2024-08-03T15:55:14.534+0000] {processor.py:183} INFO - Processing /home/airflow/.local/lib/python3.12/site-packages/airflow/example_dags/example_nested_branch_dag.py took 0.078 seconds
[2024-08-03T17:01:47.515+0000] {processor.py:161} INFO - Started process (PID=8484) to work on /home/airflow/.local/lib/python3.12/site-packages/airflow/example_dags/example_nested_branch_dag.py
[2024-08-03T17:01:47.525+0000] {processor.py:830} INFO - Processing file /home/airflow/.local/lib/python3.12/site-packages/airflow/example_dags/example_nested_branch_dag.py for tasks to queue
[2024-08-03T17:01:47.528+0000] {logging_mixin.py:188} INFO - [2024-08-03T17:01:47.527+0000] {dagbag.py:545} INFO - Filling up the DagBag from /home/airflow/.local/lib/python3.12/site-packages/airflow/example_dags/example_nested_branch_dag.py
[2024-08-03T17:01:47.636+0000] {processor.py:840} INFO - DAG(s) 'example_nested_branch_dag' retrieved from /home/airflow/.local/lib/python3.12/site-packages/airflow/example_dags/example_nested_branch_dag.py
[2024-08-03T17:01:48.021+0000] {logging_mixin.py:188} INFO - [2024-08-03T17:01:48.021+0000] {dag.py:3089} INFO - Sync 1 DAGs
[2024-08-03T17:01:48.413+0000] {logging_mixin.py:188} INFO - [2024-08-03T17:01:48.412+0000] {dag.py:3947} INFO - Setting next_dagrun for example_nested_branch_dag to 2024-08-02 00:00:00+00:00, run_after=2024-08-03 00:00:00+00:00
[2024-08-03T17:01:48.677+0000] {processor.py:183} INFO - Processing /home/airflow/.local/lib/python3.12/site-packages/airflow/example_dags/example_nested_branch_dag.py took 1.187 seconds
[2024-08-03T17:24:55.502+0000] {processor.py:161} INFO - Started process (PID=8545) to work on /home/airflow/.local/lib/python3.12/site-packages/airflow/example_dags/example_nested_branch_dag.py
[2024-08-03T17:24:55.510+0000] {processor.py:830} INFO - Processing file /home/airflow/.local/lib/python3.12/site-packages/airflow/example_dags/example_nested_branch_dag.py for tasks to queue
[2024-08-03T17:24:55.517+0000] {logging_mixin.py:188} INFO - [2024-08-03T17:24:55.515+0000] {dagbag.py:545} INFO - Filling up the DagBag from /home/airflow/.local/lib/python3.12/site-packages/airflow/example_dags/example_nested_branch_dag.py
[2024-08-03T17:24:55.666+0000] {processor.py:840} INFO - DAG(s) 'example_nested_branch_dag' retrieved from /home/airflow/.local/lib/python3.12/site-packages/airflow/example_dags/example_nested_branch_dag.py
[2024-08-03T17:24:55.815+0000] {logging_mixin.py:188} INFO - [2024-08-03T17:24:55.811+0000] {dag.py:3089} INFO - Sync 1 DAGs
[2024-08-03T17:24:55.925+0000] {logging_mixin.py:188} INFO - [2024-08-03T17:24:55.923+0000] {dag.py:3947} INFO - Setting next_dagrun for example_nested_branch_dag to 2024-08-02 00:00:00+00:00, run_after=2024-08-03 00:00:00+00:00
[2024-08-03T17:24:55.965+0000] {processor.py:183} INFO - Processing /home/airflow/.local/lib/python3.12/site-packages/airflow/example_dags/example_nested_branch_dag.py took 0.545 seconds
[2024-08-03T17:26:47.051+0000] {processor.py:161} INFO - Started process (PID=8640) to work on /home/airflow/.local/lib/python3.12/site-packages/airflow/example_dags/example_nested_branch_dag.py
[2024-08-03T17:26:47.070+0000] {processor.py:830} INFO - Processing file /home/airflow/.local/lib/python3.12/site-packages/airflow/example_dags/example_nested_branch_dag.py for tasks to queue
[2024-08-03T17:26:47.077+0000] {logging_mixin.py:188} INFO - [2024-08-03T17:26:47.076+0000] {dagbag.py:545} INFO - Filling up the DagBag from /home/airflow/.local/lib/python3.12/site-packages/airflow/example_dags/example_nested_branch_dag.py
[2024-08-03T17:26:47.297+0000] {processor.py:840} INFO - DAG(s) 'example_nested_branch_dag' retrieved from /home/airflow/.local/lib/python3.12/site-packages/airflow/example_dags/example_nested_branch_dag.py
[2024-08-03T17:26:47.528+0000] {logging_mixin.py:188} INFO - [2024-08-03T17:26:47.518+0000] {dag.py:3089} INFO - Sync 1 DAGs
[2024-08-03T17:26:47.773+0000] {logging_mixin.py:188} INFO - [2024-08-03T17:26:47.765+0000] {dag.py:3947} INFO - Setting next_dagrun for example_nested_branch_dag to 2024-08-02 00:00:00+00:00, run_after=2024-08-03 00:00:00+00:00
[2024-08-03T17:26:47.941+0000] {processor.py:183} INFO - Processing /home/airflow/.local/lib/python3.12/site-packages/airflow/example_dags/example_nested_branch_dag.py took 0.977 seconds
[2024-08-03T17:27:18.476+0000] {processor.py:161} INFO - Started process (PID=8706) to work on /home/airflow/.local/lib/python3.12/site-packages/airflow/example_dags/example_nested_branch_dag.py
[2024-08-03T17:27:18.514+0000] {processor.py:830} INFO - Processing file /home/airflow/.local/lib/python3.12/site-packages/airflow/example_dags/example_nested_branch_dag.py for tasks to queue
[2024-08-03T17:27:18.520+0000] {logging_mixin.py:188} INFO - [2024-08-03T17:27:18.517+0000] {dagbag.py:545} INFO - Filling up the DagBag from /home/airflow/.local/lib/python3.12/site-packages/airflow/example_dags/example_nested_branch_dag.py
[2024-08-03T17:27:18.549+0000] {processor.py:840} INFO - DAG(s) 'example_nested_branch_dag' retrieved from /home/airflow/.local/lib/python3.12/site-packages/airflow/example_dags/example_nested_branch_dag.py
[2024-08-03T17:27:18.635+0000] {logging_mixin.py:188} INFO - [2024-08-03T17:27:18.635+0000] {dag.py:3089} INFO - Sync 1 DAGs
[2024-08-03T17:27:18.713+0000] {logging_mixin.py:188} INFO - [2024-08-03T17:27:18.712+0000] {dag.py:3947} INFO - Setting next_dagrun for example_nested_branch_dag to 2024-08-02 00:00:00+00:00, run_after=2024-08-03 00:00:00+00:00
[2024-08-03T17:27:18.770+0000] {processor.py:183} INFO - Processing /home/airflow/.local/lib/python3.12/site-packages/airflow/example_dags/example_nested_branch_dag.py took 0.330 seconds
[2024-08-03T17:49:50.003+0000] {processor.py:161} INFO - Started process (PID=8776) to work on /home/airflow/.local/lib/python3.12/site-packages/airflow/example_dags/example_nested_branch_dag.py
[2024-08-03T17:49:50.008+0000] {processor.py:830} INFO - Processing file /home/airflow/.local/lib/python3.12/site-packages/airflow/example_dags/example_nested_branch_dag.py for tasks to queue
[2024-08-03T17:49:50.016+0000] {logging_mixin.py:188} INFO - [2024-08-03T17:49:50.014+0000] {dagbag.py:545} INFO - Filling up the DagBag from /home/airflow/.local/lib/python3.12/site-packages/airflow/example_dags/example_nested_branch_dag.py
[2024-08-03T17:49:50.143+0000] {processor.py:840} INFO - DAG(s) 'example_nested_branch_dag' retrieved from /home/airflow/.local/lib/python3.12/site-packages/airflow/example_dags/example_nested_branch_dag.py
[2024-08-03T17:49:50.381+0000] {logging_mixin.py:188} INFO - [2024-08-03T17:49:50.380+0000] {dag.py:3089} INFO - Sync 1 DAGs
[2024-08-03T17:49:50.782+0000] {logging_mixin.py:188} INFO - [2024-08-03T17:49:50.766+0000] {dag.py:3947} INFO - Setting next_dagrun for example_nested_branch_dag to 2024-08-02 00:00:00+00:00, run_after=2024-08-03 00:00:00+00:00
[2024-08-03T17:49:51.087+0000] {processor.py:183} INFO - Processing /home/airflow/.local/lib/python3.12/site-packages/airflow/example_dags/example_nested_branch_dag.py took 1.130 seconds
[2024-08-03T18:23:31.333+0000] {processor.py:161} INFO - Started process (PID=8831) to work on /home/airflow/.local/lib/python3.12/site-packages/airflow/example_dags/example_nested_branch_dag.py
[2024-08-03T18:23:31.340+0000] {processor.py:830} INFO - Processing file /home/airflow/.local/lib/python3.12/site-packages/airflow/example_dags/example_nested_branch_dag.py for tasks to queue
[2024-08-03T18:23:31.344+0000] {logging_mixin.py:188} INFO - [2024-08-03T18:23:31.343+0000] {dagbag.py:545} INFO - Filling up the DagBag from /home/airflow/.local/lib/python3.12/site-packages/airflow/example_dags/example_nested_branch_dag.py
[2024-08-03T18:23:31.358+0000] {processor.py:840} INFO - DAG(s) 'example_nested_branch_dag' retrieved from /home/airflow/.local/lib/python3.12/site-packages/airflow/example_dags/example_nested_branch_dag.py
[2024-08-03T18:23:31.399+0000] {logging_mixin.py:188} INFO - [2024-08-03T18:23:31.399+0000] {dag.py:3089} INFO - Sync 1 DAGs
[2024-08-03T18:23:31.421+0000] {logging_mixin.py:188} INFO - [2024-08-03T18:23:31.421+0000] {dag.py:3947} INFO - Setting next_dagrun for example_nested_branch_dag to 2024-08-02 00:00:00+00:00, run_after=2024-08-03 00:00:00+00:00
[2024-08-03T18:23:31.445+0000] {processor.py:183} INFO - Processing /home/airflow/.local/lib/python3.12/site-packages/airflow/example_dags/example_nested_branch_dag.py took 0.119 seconds
[2024-08-03T19:08:58.774+0000] {processor.py:161} INFO - Started process (PID=8888) to work on /home/airflow/.local/lib/python3.12/site-packages/airflow/example_dags/example_nested_branch_dag.py
[2024-08-03T19:08:58.787+0000] {processor.py:830} INFO - Processing file /home/airflow/.local/lib/python3.12/site-packages/airflow/example_dags/example_nested_branch_dag.py for tasks to queue
[2024-08-03T19:08:58.807+0000] {logging_mixin.py:188} INFO - [2024-08-03T19:08:58.798+0000] {dagbag.py:545} INFO - Filling up the DagBag from /home/airflow/.local/lib/python3.12/site-packages/airflow/example_dags/example_nested_branch_dag.py
[2024-08-03T19:08:58.944+0000] {processor.py:840} INFO - DAG(s) 'example_nested_branch_dag' retrieved from /home/airflow/.local/lib/python3.12/site-packages/airflow/example_dags/example_nested_branch_dag.py
[2024-08-03T19:08:59.161+0000] {logging_mixin.py:188} INFO - [2024-08-03T19:08:59.158+0000] {dag.py:3089} INFO - Sync 1 DAGs
[2024-08-03T19:08:59.408+0000] {logging_mixin.py:188} INFO - [2024-08-03T19:08:59.407+0000] {dag.py:3947} INFO - Setting next_dagrun for example_nested_branch_dag to 2024-08-02 00:00:00+00:00, run_after=2024-08-03 00:00:00+00:00
[2024-08-03T19:08:59.568+0000] {processor.py:183} INFO - Processing /home/airflow/.local/lib/python3.12/site-packages/airflow/example_dags/example_nested_branch_dag.py took 0.848 seconds
[2024-08-03T20:16:22.284+0000] {processor.py:161} INFO - Started process (PID=8949) to work on /home/airflow/.local/lib/python3.12/site-packages/airflow/example_dags/example_nested_branch_dag.py
[2024-08-03T20:16:22.287+0000] {processor.py:830} INFO - Processing file /home/airflow/.local/lib/python3.12/site-packages/airflow/example_dags/example_nested_branch_dag.py for tasks to queue
[2024-08-03T20:16:22.291+0000] {logging_mixin.py:188} INFO - [2024-08-03T20:16:22.290+0000] {dagbag.py:545} INFO - Filling up the DagBag from /home/airflow/.local/lib/python3.12/site-packages/airflow/example_dags/example_nested_branch_dag.py
[2024-08-03T20:16:22.313+0000] {processor.py:840} INFO - DAG(s) 'example_nested_branch_dag' retrieved from /home/airflow/.local/lib/python3.12/site-packages/airflow/example_dags/example_nested_branch_dag.py
[2024-08-03T20:16:22.372+0000] {logging_mixin.py:188} INFO - [2024-08-03T20:16:22.372+0000] {dag.py:3089} INFO - Sync 1 DAGs
[2024-08-03T20:16:22.415+0000] {logging_mixin.py:188} INFO - [2024-08-03T20:16:22.415+0000] {dag.py:3947} INFO - Setting next_dagrun for example_nested_branch_dag to 2024-08-02 00:00:00+00:00, run_after=2024-08-03 00:00:00+00:00
[2024-08-03T20:16:22.459+0000] {processor.py:183} INFO - Processing /home/airflow/.local/lib/python3.12/site-packages/airflow/example_dags/example_nested_branch_dag.py took 0.183 seconds
[2024-08-03T21:24:56.699+0000] {processor.py:161} INFO - Started process (PID=9000) to work on /home/airflow/.local/lib/python3.12/site-packages/airflow/example_dags/example_nested_branch_dag.py
[2024-08-03T21:24:56.702+0000] {processor.py:830} INFO - Processing file /home/airflow/.local/lib/python3.12/site-packages/airflow/example_dags/example_nested_branch_dag.py for tasks to queue
[2024-08-03T21:24:56.706+0000] {logging_mixin.py:188} INFO - [2024-08-03T21:24:56.705+0000] {dagbag.py:545} INFO - Filling up the DagBag from /home/airflow/.local/lib/python3.12/site-packages/airflow/example_dags/example_nested_branch_dag.py
[2024-08-03T21:24:56.788+0000] {processor.py:840} INFO - DAG(s) 'example_nested_branch_dag' retrieved from /home/airflow/.local/lib/python3.12/site-packages/airflow/example_dags/example_nested_branch_dag.py
[2024-08-03T21:24:57.023+0000] {logging_mixin.py:188} INFO - [2024-08-03T21:24:57.017+0000] {dag.py:3089} INFO - Sync 1 DAGs
[2024-08-03T21:24:57.647+0000] {logging_mixin.py:188} INFO - [2024-08-03T21:24:57.640+0000] {dag.py:3947} INFO - Setting next_dagrun for example_nested_branch_dag to 2024-08-02 00:00:00+00:00, run_after=2024-08-03 00:00:00+00:00
[2024-08-03T21:24:57.751+0000] {processor.py:183} INFO - Processing /home/airflow/.local/lib/python3.12/site-packages/airflow/example_dags/example_nested_branch_dag.py took 1.070 seconds
[2024-08-03T23:34:58.089+0000] {processor.py:161} INFO - Started process (PID=9082) to work on /home/airflow/.local/lib/python3.12/site-packages/airflow/example_dags/example_nested_branch_dag.py
[2024-08-03T23:34:58.098+0000] {processor.py:830} INFO - Processing file /home/airflow/.local/lib/python3.12/site-packages/airflow/example_dags/example_nested_branch_dag.py for tasks to queue
[2024-08-03T23:34:58.111+0000] {logging_mixin.py:188} INFO - [2024-08-03T23:34:58.103+0000] {dagbag.py:545} INFO - Filling up the DagBag from /home/airflow/.local/lib/python3.12/site-packages/airflow/example_dags/example_nested_branch_dag.py
[2024-08-03T23:34:58.308+0000] {processor.py:840} INFO - DAG(s) 'example_nested_branch_dag' retrieved from /home/airflow/.local/lib/python3.12/site-packages/airflow/example_dags/example_nested_branch_dag.py
[2024-08-03T23:34:58.647+0000] {logging_mixin.py:188} INFO - [2024-08-03T23:34:58.641+0000] {dag.py:3089} INFO - Sync 1 DAGs
[2024-08-03T23:34:58.826+0000] {logging_mixin.py:188} INFO - [2024-08-03T23:34:58.824+0000] {dag.py:3947} INFO - Setting next_dagrun for example_nested_branch_dag to 2024-08-02 00:00:00+00:00, run_after=2024-08-03 00:00:00+00:00
[2024-08-03T23:34:58.944+0000] {processor.py:183} INFO - Processing /home/airflow/.local/lib/python3.12/site-packages/airflow/example_dags/example_nested_branch_dag.py took 0.910 seconds
