[2024-08-03T00:03:05.780+0000] {processor.py:161} INFO - Started process (PID=7179) to work on /home/airflow/.local/lib/python3.12/site-packages/airflow/example_dags/example_complex.py
[2024-08-03T00:03:05.788+0000] {processor.py:830} INFO - Processing file /home/airflow/.local/lib/python3.12/site-packages/airflow/example_dags/example_complex.py for tasks to queue
[2024-08-03T00:03:05.800+0000] {logging_mixin.py:188} INFO - [2024-08-03T00:03:05.792+0000] {dagbag.py:545} INFO - Filling up the DagBag from /home/airflow/.local/lib/python3.12/site-packages/airflow/example_dags/example_complex.py
[2024-08-03T00:03:05.989+0000] {processor.py:840} INFO - DAG(s) 'example_complex' retrieved from /home/airflow/.local/lib/python3.12/site-packages/airflow/example_dags/example_complex.py
[2024-08-03T00:03:06.563+0000] {logging_mixin.py:188} INFO - [2024-08-03T00:03:06.543+0000] {dag.py:3089} INFO - Sync 1 DAGs
[2024-08-03T00:03:06.850+0000] {logging_mixin.py:188} INFO - [2024-08-03T00:03:06.849+0000] {dag.py:3947} INFO - Setting next_dagrun for example_complex to None, run_after=None
[2024-08-03T00:03:07.175+0000] {processor.py:183} INFO - Processing /home/airflow/.local/lib/python3.12/site-packages/airflow/example_dags/example_complex.py took 1.508 seconds
[2024-08-03T03:17:11.696+0000] {processor.py:161} INFO - Started process (PID=7304) to work on /home/airflow/.local/lib/python3.12/site-packages/airflow/example_dags/example_complex.py
[2024-08-03T03:17:11.709+0000] {processor.py:830} INFO - Processing file /home/airflow/.local/lib/python3.12/site-packages/airflow/example_dags/example_complex.py for tasks to queue
[2024-08-03T03:17:11.737+0000] {logging_mixin.py:188} INFO - [2024-08-03T03:17:11.733+0000] {dagbag.py:545} INFO - Filling up the DagBag from /home/airflow/.local/lib/python3.12/site-packages/airflow/example_dags/example_complex.py
[2024-08-03T03:17:11.921+0000] {processor.py:840} INFO - DAG(s) 'example_complex' retrieved from /home/airflow/.local/lib/python3.12/site-packages/airflow/example_dags/example_complex.py
[2024-08-03T03:17:12.294+0000] {logging_mixin.py:188} INFO - [2024-08-03T03:17:12.278+0000] {dag.py:3089} INFO - Sync 1 DAGs
[2024-08-03T03:17:12.410+0000] {logging_mixin.py:188} INFO - [2024-08-03T03:17:12.406+0000] {dag.py:3947} INFO - Setting next_dagrun for example_complex to None, run_after=None
[2024-08-03T03:17:12.635+0000] {processor.py:183} INFO - Processing /home/airflow/.local/lib/python3.12/site-packages/airflow/example_dags/example_complex.py took 1.039 seconds
[2024-08-03T03:24:33.802+0000] {processor.py:161} INFO - Started process (PID=7393) to work on /home/airflow/.local/lib/python3.12/site-packages/airflow/example_dags/example_complex.py
[2024-08-03T03:24:33.880+0000] {processor.py:830} INFO - Processing file /home/airflow/.local/lib/python3.12/site-packages/airflow/example_dags/example_complex.py for tasks to queue
[2024-08-03T03:24:33.892+0000] {logging_mixin.py:188} INFO - [2024-08-03T03:24:33.886+0000] {dagbag.py:545} INFO - Filling up the DagBag from /home/airflow/.local/lib/python3.12/site-packages/airflow/example_dags/example_complex.py
[2024-08-03T03:24:34.301+0000] {processor.py:840} INFO - DAG(s) 'example_complex' retrieved from /home/airflow/.local/lib/python3.12/site-packages/airflow/example_dags/example_complex.py
[2024-08-03T03:24:35.473+0000] {logging_mixin.py:188} INFO - [2024-08-03T03:24:35.469+0000] {dag.py:3089} INFO - Sync 1 DAGs
[2024-08-03T03:24:35.789+0000] {logging_mixin.py:188} INFO - [2024-08-03T03:24:35.788+0000] {dag.py:3947} INFO - Setting next_dagrun for example_complex to None, run_after=None
[2024-08-03T03:24:35.889+0000] {processor.py:183} INFO - Processing /home/airflow/.local/lib/python3.12/site-packages/airflow/example_dags/example_complex.py took 2.554 seconds
[2024-08-03T05:41:51.975+0000] {processor.py:161} INFO - Started process (PID=7459) to work on /home/airflow/.local/lib/python3.12/site-packages/airflow/example_dags/example_complex.py
[2024-08-03T05:41:51.987+0000] {processor.py:830} INFO - Processing file /home/airflow/.local/lib/python3.12/site-packages/airflow/example_dags/example_complex.py for tasks to queue
[2024-08-03T05:41:52.030+0000] {logging_mixin.py:188} INFO - [2024-08-03T05:41:52.017+0000] {dagbag.py:545} INFO - Filling up the DagBag from /home/airflow/.local/lib/python3.12/site-packages/airflow/example_dags/example_complex.py
[2024-08-03T05:41:52.406+0000] {processor.py:840} INFO - DAG(s) 'example_complex' retrieved from /home/airflow/.local/lib/python3.12/site-packages/airflow/example_dags/example_complex.py
[2024-08-03T05:41:53.005+0000] {logging_mixin.py:188} INFO - [2024-08-03T05:41:52.992+0000] {dag.py:3089} INFO - Sync 1 DAGs
[2024-08-03T05:41:53.093+0000] {logging_mixin.py:188} INFO - [2024-08-03T05:41:53.093+0000] {dag.py:3947} INFO - Setting next_dagrun for example_complex to None, run_after=None
[2024-08-03T05:41:53.302+0000] {processor.py:183} INFO - Processing /home/airflow/.local/lib/python3.12/site-packages/airflow/example_dags/example_complex.py took 2.145 seconds
[2024-08-03T07:38:56.147+0000] {processor.py:161} INFO - Started process (PID=7533) to work on /home/airflow/.local/lib/python3.12/site-packages/airflow/example_dags/example_complex.py
[2024-08-03T07:38:56.169+0000] {processor.py:830} INFO - Processing file /home/airflow/.local/lib/python3.12/site-packages/airflow/example_dags/example_complex.py for tasks to queue
[2024-08-03T07:38:56.196+0000] {logging_mixin.py:188} INFO - [2024-08-03T07:38:56.196+0000] {dagbag.py:545} INFO - Filling up the DagBag from /home/airflow/.local/lib/python3.12/site-packages/airflow/example_dags/example_complex.py
[2024-08-03T07:38:56.572+0000] {processor.py:840} INFO - DAG(s) 'example_complex' retrieved from /home/airflow/.local/lib/python3.12/site-packages/airflow/example_dags/example_complex.py
[2024-08-03T07:38:57.162+0000] {logging_mixin.py:188} INFO - [2024-08-03T07:38:57.162+0000] {dag.py:3089} INFO - Sync 1 DAGs
[2024-08-03T07:38:57.383+0000] {logging_mixin.py:188} INFO - [2024-08-03T07:38:57.380+0000] {dag.py:3947} INFO - Setting next_dagrun for example_complex to None, run_after=None
[2024-08-03T07:38:59.289+0000] {processor.py:183} INFO - Processing /home/airflow/.local/lib/python3.12/site-packages/airflow/example_dags/example_complex.py took 3.391 seconds
[2024-08-03T09:53:12.972+0000] {processor.py:161} INFO - Started process (PID=7616) to work on /home/airflow/.local/lib/python3.12/site-packages/airflow/example_dags/example_complex.py
[2024-08-03T09:53:13.020+0000] {processor.py:830} INFO - Processing file /home/airflow/.local/lib/python3.12/site-packages/airflow/example_dags/example_complex.py for tasks to queue
[2024-08-03T09:53:13.026+0000] {logging_mixin.py:188} INFO - [2024-08-03T09:53:13.026+0000] {dagbag.py:545} INFO - Filling up the DagBag from /home/airflow/.local/lib/python3.12/site-packages/airflow/example_dags/example_complex.py
[2024-08-03T09:53:13.151+0000] {processor.py:840} INFO - DAG(s) 'example_complex' retrieved from /home/airflow/.local/lib/python3.12/site-packages/airflow/example_dags/example_complex.py
[2024-08-03T09:53:13.523+0000] {logging_mixin.py:188} INFO - [2024-08-03T09:53:13.520+0000] {dag.py:3089} INFO - Sync 1 DAGs
[2024-08-03T09:53:13.747+0000] {logging_mixin.py:188} INFO - [2024-08-03T09:53:13.745+0000] {dag.py:3947} INFO - Setting next_dagrun for example_complex to None, run_after=None
[2024-08-03T09:53:13.970+0000] {processor.py:183} INFO - Processing /home/airflow/.local/lib/python3.12/site-packages/airflow/example_dags/example_complex.py took 1.059 seconds
[2024-08-03T10:37:01.240+0000] {processor.py:161} INFO - Started process (PID=7689) to work on /home/airflow/.local/lib/python3.12/site-packages/airflow/example_dags/example_complex.py
[2024-08-03T10:37:01.240+0000] {processor.py:830} INFO - Processing file /home/airflow/.local/lib/python3.12/site-packages/airflow/example_dags/example_complex.py for tasks to queue
[2024-08-03T10:37:01.241+0000] {logging_mixin.py:188} INFO - [2024-08-03T10:37:01.241+0000] {dagbag.py:545} INFO - Filling up the DagBag from /home/airflow/.local/lib/python3.12/site-packages/airflow/example_dags/example_complex.py
[2024-08-03T10:37:01.247+0000] {processor.py:840} INFO - DAG(s) 'example_complex' retrieved from /home/airflow/.local/lib/python3.12/site-packages/airflow/example_dags/example_complex.py
[2024-08-03T10:37:01.297+0000] {logging_mixin.py:188} INFO - [2024-08-03T10:37:01.297+0000] {dag.py:3089} INFO - Sync 1 DAGs
[2024-08-03T10:37:01.319+0000] {logging_mixin.py:188} INFO - [2024-08-03T10:37:01.319+0000] {dag.py:3947} INFO - Setting next_dagrun for example_complex to None, run_after=None
[2024-08-03T10:37:01.333+0000] {processor.py:183} INFO - Processing /home/airflow/.local/lib/python3.12/site-packages/airflow/example_dags/example_complex.py took 0.098 seconds
[2024-08-03T12:19:49.537+0000] {processor.py:161} INFO - Started process (PID=7758) to work on /home/airflow/.local/lib/python3.12/site-packages/airflow/example_dags/example_complex.py
[2024-08-03T12:19:49.547+0000] {processor.py:830} INFO - Processing file /home/airflow/.local/lib/python3.12/site-packages/airflow/example_dags/example_complex.py for tasks to queue
[2024-08-03T12:19:49.568+0000] {logging_mixin.py:188} INFO - [2024-08-03T12:19:49.550+0000] {dagbag.py:545} INFO - Filling up the DagBag from /home/airflow/.local/lib/python3.12/site-packages/airflow/example_dags/example_complex.py
[2024-08-03T12:19:49.876+0000] {processor.py:840} INFO - DAG(s) 'example_complex' retrieved from /home/airflow/.local/lib/python3.12/site-packages/airflow/example_dags/example_complex.py
[2024-08-03T12:19:50.439+0000] {logging_mixin.py:188} INFO - [2024-08-03T12:19:50.434+0000] {dag.py:3089} INFO - Sync 1 DAGs
[2024-08-03T12:19:50.707+0000] {logging_mixin.py:188} INFO - [2024-08-03T12:19:50.703+0000] {dag.py:3947} INFO - Setting next_dagrun for example_complex to None, run_after=None
[2024-08-03T12:19:51.375+0000] {processor.py:183} INFO - Processing /home/airflow/.local/lib/python3.12/site-packages/airflow/example_dags/example_complex.py took 2.184 seconds
[2024-08-03T14:17:50.192+0000] {processor.py:161} INFO - Started process (PID=7860) to work on /home/airflow/.local/lib/python3.12/site-packages/airflow/example_dags/example_complex.py
[2024-08-03T14:17:50.206+0000] {processor.py:830} INFO - Processing file /home/airflow/.local/lib/python3.12/site-packages/airflow/example_dags/example_complex.py for tasks to queue
[2024-08-03T14:17:50.262+0000] {logging_mixin.py:188} INFO - [2024-08-03T14:17:50.261+0000] {dagbag.py:545} INFO - Filling up the DagBag from /home/airflow/.local/lib/python3.12/site-packages/airflow/example_dags/example_complex.py
[2024-08-03T14:17:50.373+0000] {processor.py:840} INFO - DAG(s) 'example_complex' retrieved from /home/airflow/.local/lib/python3.12/site-packages/airflow/example_dags/example_complex.py
[2024-08-03T14:17:50.696+0000] {logging_mixin.py:188} INFO - [2024-08-03T14:17:50.695+0000] {dag.py:3089} INFO - Sync 1 DAGs
[2024-08-03T14:17:50.774+0000] {logging_mixin.py:188} INFO - [2024-08-03T14:17:50.774+0000] {dag.py:3947} INFO - Setting next_dagrun for example_complex to None, run_after=None
[2024-08-03T14:17:50.935+0000] {processor.py:183} INFO - Processing /home/airflow/.local/lib/python3.12/site-packages/airflow/example_dags/example_complex.py took 0.871 seconds
[2024-08-03T14:18:21.755+0000] {processor.py:161} INFO - Started process (PID=7921) to work on /home/airflow/.local/lib/python3.12/site-packages/airflow/example_dags/example_complex.py
[2024-08-03T14:18:21.761+0000] {processor.py:830} INFO - Processing file /home/airflow/.local/lib/python3.12/site-packages/airflow/example_dags/example_complex.py for tasks to queue
[2024-08-03T14:18:21.762+0000] {logging_mixin.py:188} INFO - [2024-08-03T14:18:21.762+0000] {dagbag.py:545} INFO - Filling up the DagBag from /home/airflow/.local/lib/python3.12/site-packages/airflow/example_dags/example_complex.py
[2024-08-03T14:18:21.782+0000] {processor.py:840} INFO - DAG(s) 'example_complex' retrieved from /home/airflow/.local/lib/python3.12/site-packages/airflow/example_dags/example_complex.py
[2024-08-03T14:18:21.874+0000] {logging_mixin.py:188} INFO - [2024-08-03T14:18:21.873+0000] {dag.py:3089} INFO - Sync 1 DAGs
[2024-08-03T14:18:21.926+0000] {logging_mixin.py:188} INFO - [2024-08-03T14:18:21.926+0000] {dag.py:3947} INFO - Setting next_dagrun for example_complex to None, run_after=None
[2024-08-03T14:18:21.957+0000] {processor.py:183} INFO - Processing /home/airflow/.local/lib/python3.12/site-packages/airflow/example_dags/example_complex.py took 0.212 seconds
[2024-08-03T14:36:43.222+0000] {processor.py:161} INFO - Started process (PID=8024) to work on /home/airflow/.local/lib/python3.12/site-packages/airflow/example_dags/example_complex.py
[2024-08-03T14:36:43.232+0000] {processor.py:830} INFO - Processing file /home/airflow/.local/lib/python3.12/site-packages/airflow/example_dags/example_complex.py for tasks to queue
[2024-08-03T14:36:43.252+0000] {logging_mixin.py:188} INFO - [2024-08-03T14:36:43.238+0000] {dagbag.py:545} INFO - Filling up the DagBag from /home/airflow/.local/lib/python3.12/site-packages/airflow/example_dags/example_complex.py
[2024-08-03T14:36:43.434+0000] {processor.py:840} INFO - DAG(s) 'example_complex' retrieved from /home/airflow/.local/lib/python3.12/site-packages/airflow/example_dags/example_complex.py
[2024-08-03T14:36:43.799+0000] {logging_mixin.py:188} INFO - [2024-08-03T14:36:43.791+0000] {dag.py:3089} INFO - Sync 1 DAGs
[2024-08-03T14:36:43.974+0000] {logging_mixin.py:188} INFO - [2024-08-03T14:36:43.973+0000] {dag.py:3947} INFO - Setting next_dagrun for example_complex to None, run_after=None
[2024-08-03T14:36:44.183+0000] {processor.py:183} INFO - Processing /home/airflow/.local/lib/python3.12/site-packages/airflow/example_dags/example_complex.py took 1.001 seconds
[2024-08-03T14:42:19.253+0000] {processor.py:161} INFO - Started process (PID=8089) to work on /home/airflow/.local/lib/python3.12/site-packages/airflow/example_dags/example_complex.py
[2024-08-03T14:42:19.259+0000] {processor.py:830} INFO - Processing file /home/airflow/.local/lib/python3.12/site-packages/airflow/example_dags/example_complex.py for tasks to queue
[2024-08-03T14:42:19.267+0000] {logging_mixin.py:188} INFO - [2024-08-03T14:42:19.266+0000] {dagbag.py:545} INFO - Filling up the DagBag from /home/airflow/.local/lib/python3.12/site-packages/airflow/example_dags/example_complex.py
[2024-08-03T14:42:19.325+0000] {processor.py:840} INFO - DAG(s) 'example_complex' retrieved from /home/airflow/.local/lib/python3.12/site-packages/airflow/example_dags/example_complex.py
[2024-08-03T14:42:19.560+0000] {logging_mixin.py:188} INFO - [2024-08-03T14:42:19.558+0000] {dag.py:3089} INFO - Sync 1 DAGs
[2024-08-03T14:42:19.601+0000] {logging_mixin.py:188} INFO - [2024-08-03T14:42:19.601+0000] {dag.py:3947} INFO - Setting next_dagrun for example_complex to None, run_after=None
[2024-08-03T14:42:19.683+0000] {processor.py:183} INFO - Processing /home/airflow/.local/lib/python3.12/site-packages/airflow/example_dags/example_complex.py took 0.448 seconds
[2024-08-03T14:42:50.001+0000] {processor.py:161} INFO - Started process (PID=8150) to work on /home/airflow/.local/lib/python3.12/site-packages/airflow/example_dags/example_complex.py
[2024-08-03T14:42:50.002+0000] {processor.py:830} INFO - Processing file /home/airflow/.local/lib/python3.12/site-packages/airflow/example_dags/example_complex.py for tasks to queue
[2024-08-03T14:42:50.002+0000] {logging_mixin.py:188} INFO - [2024-08-03T14:42:50.002+0000] {dagbag.py:545} INFO - Filling up the DagBag from /home/airflow/.local/lib/python3.12/site-packages/airflow/example_dags/example_complex.py
[2024-08-03T14:42:50.007+0000] {processor.py:840} INFO - DAG(s) 'example_complex' retrieved from /home/airflow/.local/lib/python3.12/site-packages/airflow/example_dags/example_complex.py
[2024-08-03T14:42:50.023+0000] {logging_mixin.py:188} INFO - [2024-08-03T14:42:50.023+0000] {dag.py:3089} INFO - Sync 1 DAGs
[2024-08-03T14:42:50.029+0000] {logging_mixin.py:188} INFO - [2024-08-03T14:42:50.028+0000] {dag.py:3947} INFO - Setting next_dagrun for example_complex to None, run_after=None
[2024-08-03T14:42:50.036+0000] {processor.py:183} INFO - Processing /home/airflow/.local/lib/python3.12/site-packages/airflow/example_dags/example_complex.py took 0.038 seconds
[2024-08-03T14:43:23.370+0000] {processor.py:161} INFO - Started process (PID=8221) to work on /home/airflow/.local/lib/python3.12/site-packages/airflow/example_dags/example_complex.py
[2024-08-03T14:43:23.374+0000] {processor.py:830} INFO - Processing file /home/airflow/.local/lib/python3.12/site-packages/airflow/example_dags/example_complex.py for tasks to queue
[2024-08-03T14:43:23.378+0000] {logging_mixin.py:188} INFO - [2024-08-03T14:43:23.377+0000] {dagbag.py:545} INFO - Filling up the DagBag from /home/airflow/.local/lib/python3.12/site-packages/airflow/example_dags/example_complex.py
[2024-08-03T14:43:23.415+0000] {processor.py:840} INFO - DAG(s) 'example_complex' retrieved from /home/airflow/.local/lib/python3.12/site-packages/airflow/example_dags/example_complex.py
[2024-08-03T14:43:23.526+0000] {logging_mixin.py:188} INFO - [2024-08-03T14:43:23.525+0000] {dag.py:3089} INFO - Sync 1 DAGs
[2024-08-03T14:43:23.573+0000] {logging_mixin.py:188} INFO - [2024-08-03T14:43:23.573+0000] {dag.py:3947} INFO - Setting next_dagrun for example_complex to None, run_after=None
[2024-08-03T14:43:23.629+0000] {processor.py:183} INFO - Processing /home/airflow/.local/lib/python3.12/site-packages/airflow/example_dags/example_complex.py took 0.273 seconds
[2024-08-03T14:43:53.870+0000] {processor.py:161} INFO - Started process (PID=8287) to work on /home/airflow/.local/lib/python3.12/site-packages/airflow/example_dags/example_complex.py
[2024-08-03T14:43:53.871+0000] {processor.py:830} INFO - Processing file /home/airflow/.local/lib/python3.12/site-packages/airflow/example_dags/example_complex.py for tasks to queue
[2024-08-03T14:43:53.871+0000] {logging_mixin.py:188} INFO - [2024-08-03T14:43:53.871+0000] {dagbag.py:545} INFO - Filling up the DagBag from /home/airflow/.local/lib/python3.12/site-packages/airflow/example_dags/example_complex.py
[2024-08-03T14:43:53.876+0000] {processor.py:840} INFO - DAG(s) 'example_complex' retrieved from /home/airflow/.local/lib/python3.12/site-packages/airflow/example_dags/example_complex.py
[2024-08-03T14:43:53.892+0000] {logging_mixin.py:188} INFO - [2024-08-03T14:43:53.892+0000] {dag.py:3089} INFO - Sync 1 DAGs
[2024-08-03T14:43:53.898+0000] {logging_mixin.py:188} INFO - [2024-08-03T14:43:53.898+0000] {dag.py:3947} INFO - Setting next_dagrun for example_complex to None, run_after=None
[2024-08-03T14:43:53.905+0000] {processor.py:183} INFO - Processing /home/airflow/.local/lib/python3.12/site-packages/airflow/example_dags/example_complex.py took 0.039 seconds
[2024-08-03T15:06:06.435+0000] {processor.py:161} INFO - Started process (PID=8373) to work on /home/airflow/.local/lib/python3.12/site-packages/airflow/example_dags/example_complex.py
[2024-08-03T15:06:06.466+0000] {processor.py:830} INFO - Processing file /home/airflow/.local/lib/python3.12/site-packages/airflow/example_dags/example_complex.py for tasks to queue
[2024-08-03T15:06:06.484+0000] {logging_mixin.py:188} INFO - [2024-08-03T15:06:06.470+0000] {dagbag.py:545} INFO - Filling up the DagBag from /home/airflow/.local/lib/python3.12/site-packages/airflow/example_dags/example_complex.py
[2024-08-03T15:06:06.560+0000] {processor.py:840} INFO - DAG(s) 'example_complex' retrieved from /home/airflow/.local/lib/python3.12/site-packages/airflow/example_dags/example_complex.py
[2024-08-03T15:06:07.072+0000] {logging_mixin.py:188} INFO - [2024-08-03T15:06:07.055+0000] {dag.py:3089} INFO - Sync 1 DAGs
[2024-08-03T15:06:07.302+0000] {logging_mixin.py:188} INFO - [2024-08-03T15:06:07.296+0000] {dag.py:3947} INFO - Setting next_dagrun for example_complex to None, run_after=None
[2024-08-03T15:06:07.477+0000] {processor.py:183} INFO - Processing /home/airflow/.local/lib/python3.12/site-packages/airflow/example_dags/example_complex.py took 1.322 seconds
[2024-08-03T15:55:14.621+0000] {processor.py:161} INFO - Started process (PID=8434) to work on /home/airflow/.local/lib/python3.12/site-packages/airflow/example_dags/example_complex.py
[2024-08-03T15:55:14.622+0000] {processor.py:830} INFO - Processing file /home/airflow/.local/lib/python3.12/site-packages/airflow/example_dags/example_complex.py for tasks to queue
[2024-08-03T15:55:14.623+0000] {logging_mixin.py:188} INFO - [2024-08-03T15:55:14.623+0000] {dagbag.py:545} INFO - Filling up the DagBag from /home/airflow/.local/lib/python3.12/site-packages/airflow/example_dags/example_complex.py
[2024-08-03T15:55:14.630+0000] {processor.py:840} INFO - DAG(s) 'example_complex' retrieved from /home/airflow/.local/lib/python3.12/site-packages/airflow/example_dags/example_complex.py
[2024-08-03T15:55:14.653+0000] {logging_mixin.py:188} INFO - [2024-08-03T15:55:14.652+0000] {dag.py:3089} INFO - Sync 1 DAGs
[2024-08-03T15:55:14.660+0000] {logging_mixin.py:188} INFO - [2024-08-03T15:55:14.660+0000] {dag.py:3947} INFO - Setting next_dagrun for example_complex to None, run_after=None
[2024-08-03T15:55:14.671+0000] {processor.py:183} INFO - Processing /home/airflow/.local/lib/python3.12/site-packages/airflow/example_dags/example_complex.py took 0.053 seconds
[2024-08-03T17:01:50.317+0000] {processor.py:161} INFO - Started process (PID=8487) to work on /home/airflow/.local/lib/python3.12/site-packages/airflow/example_dags/example_complex.py
[2024-08-03T17:01:50.320+0000] {processor.py:830} INFO - Processing file /home/airflow/.local/lib/python3.12/site-packages/airflow/example_dags/example_complex.py for tasks to queue
[2024-08-03T17:01:50.326+0000] {logging_mixin.py:188} INFO - [2024-08-03T17:01:50.325+0000] {dagbag.py:545} INFO - Filling up the DagBag from /home/airflow/.local/lib/python3.12/site-packages/airflow/example_dags/example_complex.py
[2024-08-03T17:01:50.491+0000] {processor.py:840} INFO - DAG(s) 'example_complex' retrieved from /home/airflow/.local/lib/python3.12/site-packages/airflow/example_dags/example_complex.py
[2024-08-03T17:24:21.503+0000] {logging_mixin.py:188} INFO - [2024-08-03T17:24:21.495+0000] {dag.py:3089} INFO - Sync 1 DAGs
[2024-08-03T17:24:21.635+0000] {logging_mixin.py:188} INFO - [2024-08-03T17:24:21.635+0000] {dag.py:3947} INFO - Setting next_dagrun for example_complex to None, run_after=None
[2024-08-03T17:24:21.891+0000] {processor.py:183} INFO - Processing /home/airflow/.local/lib/python3.12/site-packages/airflow/example_dags/example_complex.py took 1.233 seconds
[2024-08-03T17:24:56.176+0000] {processor.py:161} INFO - Started process (PID=8548) to work on /home/airflow/.local/lib/python3.12/site-packages/airflow/example_dags/example_complex.py
[2024-08-03T17:24:56.179+0000] {processor.py:830} INFO - Processing file /home/airflow/.local/lib/python3.12/site-packages/airflow/example_dags/example_complex.py for tasks to queue
[2024-08-03T17:24:56.184+0000] {logging_mixin.py:188} INFO - [2024-08-03T17:24:56.180+0000] {dagbag.py:545} INFO - Filling up the DagBag from /home/airflow/.local/lib/python3.12/site-packages/airflow/example_dags/example_complex.py
[2024-08-03T17:24:56.244+0000] {processor.py:840} INFO - DAG(s) 'example_complex' retrieved from /home/airflow/.local/lib/python3.12/site-packages/airflow/example_dags/example_complex.py
[2024-08-03T17:24:56.300+0000] {logging_mixin.py:188} INFO - [2024-08-03T17:24:56.300+0000] {dag.py:3089} INFO - Sync 1 DAGs
[2024-08-03T17:24:56.331+0000] {logging_mixin.py:188} INFO - [2024-08-03T17:24:56.331+0000] {dag.py:3947} INFO - Setting next_dagrun for example_complex to None, run_after=None
[2024-08-03T17:24:56.367+0000] {processor.py:183} INFO - Processing /home/airflow/.local/lib/python3.12/site-packages/airflow/example_dags/example_complex.py took 0.198 seconds
[2024-08-03T17:26:48.277+0000] {processor.py:161} INFO - Started process (PID=8648) to work on /home/airflow/.local/lib/python3.12/site-packages/airflow/example_dags/example_complex.py
[2024-08-03T17:26:48.294+0000] {processor.py:830} INFO - Processing file /home/airflow/.local/lib/python3.12/site-packages/airflow/example_dags/example_complex.py for tasks to queue
[2024-08-03T17:26:48.302+0000] {logging_mixin.py:188} INFO - [2024-08-03T17:26:48.298+0000] {dagbag.py:545} INFO - Filling up the DagBag from /home/airflow/.local/lib/python3.12/site-packages/airflow/example_dags/example_complex.py
[2024-08-03T17:26:48.417+0000] {processor.py:840} INFO - DAG(s) 'example_complex' retrieved from /home/airflow/.local/lib/python3.12/site-packages/airflow/example_dags/example_complex.py
[2024-08-03T17:26:48.599+0000] {logging_mixin.py:188} INFO - [2024-08-03T17:26:48.599+0000] {dag.py:3089} INFO - Sync 1 DAGs
[2024-08-03T17:26:48.663+0000] {logging_mixin.py:188} INFO - [2024-08-03T17:26:48.662+0000] {dag.py:3947} INFO - Setting next_dagrun for example_complex to None, run_after=None
[2024-08-03T17:26:48.818+0000] {processor.py:183} INFO - Processing /home/airflow/.local/lib/python3.12/site-packages/airflow/example_dags/example_complex.py took 0.569 seconds
[2024-08-03T17:27:19.535+0000] {processor.py:161} INFO - Started process (PID=8709) to work on /home/airflow/.local/lib/python3.12/site-packages/airflow/example_dags/example_complex.py
[2024-08-03T17:27:19.544+0000] {processor.py:830} INFO - Processing file /home/airflow/.local/lib/python3.12/site-packages/airflow/example_dags/example_complex.py for tasks to queue
[2024-08-03T17:27:19.545+0000] {logging_mixin.py:188} INFO - [2024-08-03T17:27:19.545+0000] {dagbag.py:545} INFO - Filling up the DagBag from /home/airflow/.local/lib/python3.12/site-packages/airflow/example_dags/example_complex.py
[2024-08-03T17:27:19.561+0000] {processor.py:840} INFO - DAG(s) 'example_complex' retrieved from /home/airflow/.local/lib/python3.12/site-packages/airflow/example_dags/example_complex.py
[2024-08-03T17:27:19.620+0000] {logging_mixin.py:188} INFO - [2024-08-03T17:27:19.619+0000] {dag.py:3089} INFO - Sync 1 DAGs
[2024-08-03T17:27:19.632+0000] {logging_mixin.py:188} INFO - [2024-08-03T17:27:19.632+0000] {dag.py:3947} INFO - Setting next_dagrun for example_complex to None, run_after=None
[2024-08-03T17:27:19.658+0000] {processor.py:183} INFO - Processing /home/airflow/.local/lib/python3.12/site-packages/airflow/example_dags/example_complex.py took 0.132 seconds
[2024-08-03T17:49:52.096+0000] {processor.py:161} INFO - Started process (PID=8779) to work on /home/airflow/.local/lib/python3.12/site-packages/airflow/example_dags/example_complex.py
[2024-08-03T17:49:52.104+0000] {processor.py:830} INFO - Processing file /home/airflow/.local/lib/python3.12/site-packages/airflow/example_dags/example_complex.py for tasks to queue
[2024-08-03T17:49:52.118+0000] {logging_mixin.py:188} INFO - [2024-08-03T17:49:52.112+0000] {dagbag.py:545} INFO - Filling up the DagBag from /home/airflow/.local/lib/python3.12/site-packages/airflow/example_dags/example_complex.py
[2024-08-03T18:23:15.286+0000] {processor.py:840} INFO - DAG(s) 'example_complex' retrieved from /home/airflow/.local/lib/python3.12/site-packages/airflow/example_dags/example_complex.py
[2024-08-03T19:09:00.766+0000] {processor.py:161} INFO - Started process (PID=8891) to work on /home/airflow/.local/lib/python3.12/site-packages/airflow/example_dags/example_complex.py
[2024-08-03T19:09:00.781+0000] {processor.py:830} INFO - Processing file /home/airflow/.local/lib/python3.12/site-packages/airflow/example_dags/example_complex.py for tasks to queue
[2024-08-03T19:09:00.810+0000] {logging_mixin.py:188} INFO - [2024-08-03T19:09:00.790+0000] {dagbag.py:545} INFO - Filling up the DagBag from /home/airflow/.local/lib/python3.12/site-packages/airflow/example_dags/example_complex.py
[2024-08-03T19:09:00.951+0000] {processor.py:840} INFO - DAG(s) 'example_complex' retrieved from /home/airflow/.local/lib/python3.12/site-packages/airflow/example_dags/example_complex.py
[2024-08-03T19:09:02.107+0000] {logging_mixin.py:188} INFO - [2024-08-03T19:09:02.106+0000] {dag.py:3089} INFO - Sync 1 DAGs
[2024-08-03T19:09:02.346+0000] {logging_mixin.py:188} INFO - [2024-08-03T19:09:02.345+0000] {dag.py:3947} INFO - Setting next_dagrun for example_complex to None, run_after=None
[2024-08-03T19:09:02.604+0000] {processor.py:183} INFO - Processing /home/airflow/.local/lib/python3.12/site-packages/airflow/example_dags/example_complex.py took 1.880 seconds
[2024-08-03T20:16:22.641+0000] {processor.py:161} INFO - Started process (PID=8952) to work on /home/airflow/.local/lib/python3.12/site-packages/airflow/example_dags/example_complex.py
[2024-08-03T20:16:22.643+0000] {processor.py:830} INFO - Processing file /home/airflow/.local/lib/python3.12/site-packages/airflow/example_dags/example_complex.py for tasks to queue
[2024-08-03T20:16:22.643+0000] {logging_mixin.py:188} INFO - [2024-08-03T20:16:22.643+0000] {dagbag.py:545} INFO - Filling up the DagBag from /home/airflow/.local/lib/python3.12/site-packages/airflow/example_dags/example_complex.py
[2024-08-03T20:16:22.654+0000] {processor.py:840} INFO - DAG(s) 'example_complex' retrieved from /home/airflow/.local/lib/python3.12/site-packages/airflow/example_dags/example_complex.py
[2024-08-03T20:16:22.699+0000] {logging_mixin.py:188} INFO - [2024-08-03T20:16:22.699+0000] {dag.py:3089} INFO - Sync 1 DAGs
[2024-08-03T20:16:22.726+0000] {logging_mixin.py:188} INFO - [2024-08-03T20:16:22.726+0000] {dag.py:3947} INFO - Setting next_dagrun for example_complex to None, run_after=None
[2024-08-03T20:16:22.764+0000] {processor.py:183} INFO - Processing /home/airflow/.local/lib/python3.12/site-packages/airflow/example_dags/example_complex.py took 0.128 seconds
[2024-08-03T21:24:59.148+0000] {processor.py:161} INFO - Started process (PID=9003) to work on /home/airflow/.local/lib/python3.12/site-packages/airflow/example_dags/example_complex.py
[2024-08-03T21:24:59.157+0000] {processor.py:830} INFO - Processing file /home/airflow/.local/lib/python3.12/site-packages/airflow/example_dags/example_complex.py for tasks to queue
[2024-08-03T21:24:59.163+0000] {logging_mixin.py:188} INFO - [2024-08-03T21:24:59.163+0000] {dagbag.py:545} INFO - Filling up the DagBag from /home/airflow/.local/lib/python3.12/site-packages/airflow/example_dags/example_complex.py
[2024-08-03T21:24:59.207+0000] {processor.py:840} INFO - DAG(s) 'example_complex' retrieved from /home/airflow/.local/lib/python3.12/site-packages/airflow/example_dags/example_complex.py
[2024-08-03T21:24:59.370+0000] {logging_mixin.py:188} INFO - [2024-08-03T21:24:59.369+0000] {dag.py:3089} INFO - Sync 1 DAGs
[2024-08-03T21:24:59.443+0000] {logging_mixin.py:188} INFO - [2024-08-03T21:24:59.439+0000] {dag.py:3947} INFO - Setting next_dagrun for example_complex to None, run_after=None
[2024-08-03T21:24:59.599+0000] {processor.py:183} INFO - Processing /home/airflow/.local/lib/python3.12/site-packages/airflow/example_dags/example_complex.py took 0.493 seconds
[2024-08-03T23:34:59.403+0000] {processor.py:161} INFO - Started process (PID=9085) to work on /home/airflow/.local/lib/python3.12/site-packages/airflow/example_dags/example_complex.py
[2024-08-03T23:34:59.427+0000] {processor.py:830} INFO - Processing file /home/airflow/.local/lib/python3.12/site-packages/airflow/example_dags/example_complex.py for tasks to queue
[2024-08-03T23:34:59.436+0000] {logging_mixin.py:188} INFO - [2024-08-03T23:34:59.434+0000] {dagbag.py:545} INFO - Filling up the DagBag from /home/airflow/.local/lib/python3.12/site-packages/airflow/example_dags/example_complex.py
[2024-08-03T23:34:59.566+0000] {processor.py:840} INFO - DAG(s) 'example_complex' retrieved from /home/airflow/.local/lib/python3.12/site-packages/airflow/example_dags/example_complex.py
[2024-08-03T23:34:59.931+0000] {logging_mixin.py:188} INFO - [2024-08-03T23:34:59.926+0000] {dag.py:3089} INFO - Sync 1 DAGs
[2024-08-03T23:35:00.044+0000] {logging_mixin.py:188} INFO - [2024-08-03T23:35:00.043+0000] {dag.py:3947} INFO - Setting next_dagrun for example_complex to None, run_after=None
[2024-08-03T23:35:01.023+0000] {processor.py:183} INFO - Processing /home/airflow/.local/lib/python3.12/site-packages/airflow/example_dags/example_complex.py took 1.714 seconds
