[2024-08-03T00:02:57.798+0000] {processor.py:161} INFO - Started process (PID=7175) to work on /home/airflow/.local/lib/python3.12/site-packages/airflow/example_dags/example_params_ui_tutorial.py
[2024-08-03T00:02:57.813+0000] {processor.py:830} INFO - Processing file /home/airflow/.local/lib/python3.12/site-packages/airflow/example_dags/example_params_ui_tutorial.py for tasks to queue
[2024-08-03T00:02:57.835+0000] {logging_mixin.py:188} INFO - [2024-08-03T00:02:57.825+0000] {dagbag.py:545} INFO - Filling up the DagBag from /home/airflow/.local/lib/python3.12/site-packages/airflow/example_dags/example_params_ui_tutorial.py
[2024-08-03T00:02:57.979+0000] {processor.py:840} INFO - DAG(s) 'example_params_ui_tutorial' retrieved from /home/airflow/.local/lib/python3.12/site-packages/airflow/example_dags/example_params_ui_tutorial.py
[2024-08-03T00:03:02.225+0000] {logging_mixin.py:188} INFO - [2024-08-03T00:03:02.207+0000] {dag.py:3089} INFO - Sync 1 DAGs
[2024-08-03T00:03:02.321+0000] {logging_mixin.py:188} INFO - [2024-08-03T00:03:02.316+0000] {dag.py:3947} INFO - Setting next_dagrun for example_params_ui_tutorial to None, run_after=None
[2024-08-03T00:03:02.497+0000] {processor.py:183} INFO - Processing /home/airflow/.local/lib/python3.12/site-packages/airflow/example_dags/example_params_ui_tutorial.py took 4.826 seconds
[2024-08-03T03:17:07.207+0000] {processor.py:161} INFO - Started process (PID=7295) to work on /home/airflow/.local/lib/python3.12/site-packages/airflow/example_dags/example_params_ui_tutorial.py
[2024-08-03T03:17:07.219+0000] {processor.py:830} INFO - Processing file /home/airflow/.local/lib/python3.12/site-packages/airflow/example_dags/example_params_ui_tutorial.py for tasks to queue
[2024-08-03T03:17:07.252+0000] {logging_mixin.py:188} INFO - [2024-08-03T03:17:07.233+0000] {dagbag.py:545} INFO - Filling up the DagBag from /home/airflow/.local/lib/python3.12/site-packages/airflow/example_dags/example_params_ui_tutorial.py
[2024-08-03T03:17:07.387+0000] {processor.py:840} INFO - DAG(s) 'example_params_ui_tutorial' retrieved from /home/airflow/.local/lib/python3.12/site-packages/airflow/example_dags/example_params_ui_tutorial.py
[2024-08-03T03:17:08.575+0000] {logging_mixin.py:188} INFO - [2024-08-03T03:17:08.564+0000] {dag.py:3089} INFO - Sync 1 DAGs
[2024-08-03T03:17:08.720+0000] {logging_mixin.py:188} INFO - [2024-08-03T03:17:08.719+0000] {dag.py:3947} INFO - Setting next_dagrun for example_params_ui_tutorial to None, run_after=None
[2024-08-03T03:17:09.037+0000] {processor.py:183} INFO - Processing /home/airflow/.local/lib/python3.12/site-packages/airflow/example_dags/example_params_ui_tutorial.py took 1.917 seconds
[2024-08-03T03:24:28.647+0000] {processor.py:161} INFO - Started process (PID=7389) to work on /home/airflow/.local/lib/python3.12/site-packages/airflow/example_dags/example_params_ui_tutorial.py
[2024-08-03T03:24:28.666+0000] {processor.py:830} INFO - Processing file /home/airflow/.local/lib/python3.12/site-packages/airflow/example_dags/example_params_ui_tutorial.py for tasks to queue
[2024-08-03T03:24:28.697+0000] {logging_mixin.py:188} INFO - [2024-08-03T03:24:28.688+0000] {dagbag.py:545} INFO - Filling up the DagBag from /home/airflow/.local/lib/python3.12/site-packages/airflow/example_dags/example_params_ui_tutorial.py
[2024-08-03T03:24:28.884+0000] {processor.py:840} INFO - DAG(s) 'example_params_ui_tutorial' retrieved from /home/airflow/.local/lib/python3.12/site-packages/airflow/example_dags/example_params_ui_tutorial.py
[2024-08-03T03:24:29.550+0000] {logging_mixin.py:188} INFO - [2024-08-03T03:24:29.534+0000] {dag.py:3089} INFO - Sync 1 DAGs
[2024-08-03T03:24:29.694+0000] {logging_mixin.py:188} INFO - [2024-08-03T03:24:29.693+0000] {dag.py:3947} INFO - Setting next_dagrun for example_params_ui_tutorial to None, run_after=None
[2024-08-03T03:24:29.870+0000] {processor.py:183} INFO - Processing /home/airflow/.local/lib/python3.12/site-packages/airflow/example_dags/example_params_ui_tutorial.py took 1.329 seconds
[2024-08-03T05:41:46.338+0000] {processor.py:161} INFO - Started process (PID=7455) to work on /home/airflow/.local/lib/python3.12/site-packages/airflow/example_dags/example_params_ui_tutorial.py
[2024-08-03T05:41:46.353+0000] {processor.py:830} INFO - Processing file /home/airflow/.local/lib/python3.12/site-packages/airflow/example_dags/example_params_ui_tutorial.py for tasks to queue
[2024-08-03T05:41:46.369+0000] {logging_mixin.py:188} INFO - [2024-08-03T05:41:46.356+0000] {dagbag.py:545} INFO - Filling up the DagBag from /home/airflow/.local/lib/python3.12/site-packages/airflow/example_dags/example_params_ui_tutorial.py
[2024-08-03T05:41:46.564+0000] {processor.py:840} INFO - DAG(s) 'example_params_ui_tutorial' retrieved from /home/airflow/.local/lib/python3.12/site-packages/airflow/example_dags/example_params_ui_tutorial.py
[2024-08-03T05:41:47.404+0000] {logging_mixin.py:188} INFO - [2024-08-03T05:41:47.396+0000] {dag.py:3089} INFO - Sync 1 DAGs
[2024-08-03T05:41:47.749+0000] {logging_mixin.py:188} INFO - [2024-08-03T05:41:47.739+0000] {dag.py:3947} INFO - Setting next_dagrun for example_params_ui_tutorial to None, run_after=None
[2024-08-03T05:41:48.003+0000] {processor.py:183} INFO - Processing /home/airflow/.local/lib/python3.12/site-packages/airflow/example_dags/example_params_ui_tutorial.py took 1.700 seconds
[2024-08-03T07:38:53.430+0000] {processor.py:161} INFO - Started process (PID=7529) to work on /home/airflow/.local/lib/python3.12/site-packages/airflow/example_dags/example_params_ui_tutorial.py
[2024-08-03T07:38:53.438+0000] {processor.py:830} INFO - Processing file /home/airflow/.local/lib/python3.12/site-packages/airflow/example_dags/example_params_ui_tutorial.py for tasks to queue
[2024-08-03T07:38:53.446+0000] {logging_mixin.py:188} INFO - [2024-08-03T07:38:53.441+0000] {dagbag.py:545} INFO - Filling up the DagBag from /home/airflow/.local/lib/python3.12/site-packages/airflow/example_dags/example_params_ui_tutorial.py
[2024-08-03T07:38:53.507+0000] {processor.py:840} INFO - DAG(s) 'example_params_ui_tutorial' retrieved from /home/airflow/.local/lib/python3.12/site-packages/airflow/example_dags/example_params_ui_tutorial.py
[2024-08-03T07:38:54.084+0000] {logging_mixin.py:188} INFO - [2024-08-03T07:38:54.077+0000] {dag.py:3089} INFO - Sync 1 DAGs
[2024-08-03T07:38:54.321+0000] {logging_mixin.py:188} INFO - [2024-08-03T07:38:54.320+0000] {dag.py:3947} INFO - Setting next_dagrun for example_params_ui_tutorial to None, run_after=None
[2024-08-03T07:38:54.524+0000] {processor.py:183} INFO - Processing /home/airflow/.local/lib/python3.12/site-packages/airflow/example_dags/example_params_ui_tutorial.py took 1.142 seconds
[2024-08-03T09:53:09.741+0000] {processor.py:161} INFO - Started process (PID=7612) to work on /home/airflow/.local/lib/python3.12/site-packages/airflow/example_dags/example_params_ui_tutorial.py
[2024-08-03T09:53:09.752+0000] {processor.py:830} INFO - Processing file /home/airflow/.local/lib/python3.12/site-packages/airflow/example_dags/example_params_ui_tutorial.py for tasks to queue
[2024-08-03T09:53:09.771+0000] {logging_mixin.py:188} INFO - [2024-08-03T09:53:09.761+0000] {dagbag.py:545} INFO - Filling up the DagBag from /home/airflow/.local/lib/python3.12/site-packages/airflow/example_dags/example_params_ui_tutorial.py
[2024-08-03T09:53:09.898+0000] {processor.py:840} INFO - DAG(s) 'example_params_ui_tutorial' retrieved from /home/airflow/.local/lib/python3.12/site-packages/airflow/example_dags/example_params_ui_tutorial.py
[2024-08-03T09:53:10.446+0000] {logging_mixin.py:188} INFO - [2024-08-03T09:53:10.442+0000] {dag.py:3089} INFO - Sync 1 DAGs
[2024-08-03T09:53:10.569+0000] {logging_mixin.py:188} INFO - [2024-08-03T09:53:10.568+0000] {dag.py:3947} INFO - Setting next_dagrun for example_params_ui_tutorial to None, run_after=None
[2024-08-03T09:53:10.681+0000] {processor.py:183} INFO - Processing /home/airflow/.local/lib/python3.12/site-packages/airflow/example_dags/example_params_ui_tutorial.py took 1.004 seconds
[2024-08-03T10:37:00.376+0000] {processor.py:161} INFO - Started process (PID=7685) to work on /home/airflow/.local/lib/python3.12/site-packages/airflow/example_dags/example_params_ui_tutorial.py
[2024-08-03T10:37:00.387+0000] {processor.py:830} INFO - Processing file /home/airflow/.local/lib/python3.12/site-packages/airflow/example_dags/example_params_ui_tutorial.py for tasks to queue
[2024-08-03T10:37:00.391+0000] {logging_mixin.py:188} INFO - [2024-08-03T10:37:00.390+0000] {dagbag.py:545} INFO - Filling up the DagBag from /home/airflow/.local/lib/python3.12/site-packages/airflow/example_dags/example_params_ui_tutorial.py
[2024-08-03T10:37:00.444+0000] {processor.py:840} INFO - DAG(s) 'example_params_ui_tutorial' retrieved from /home/airflow/.local/lib/python3.12/site-packages/airflow/example_dags/example_params_ui_tutorial.py
[2024-08-03T10:37:00.716+0000] {logging_mixin.py:188} INFO - [2024-08-03T10:37:00.715+0000] {dag.py:3089} INFO - Sync 1 DAGs
[2024-08-03T10:37:00.782+0000] {logging_mixin.py:188} INFO - [2024-08-03T10:37:00.782+0000] {dag.py:3947} INFO - Setting next_dagrun for example_params_ui_tutorial to None, run_after=None
[2024-08-03T10:37:00.867+0000] {processor.py:183} INFO - Processing /home/airflow/.local/lib/python3.12/site-packages/airflow/example_dags/example_params_ui_tutorial.py took 0.520 seconds
[2024-08-03T12:19:43.314+0000] {processor.py:161} INFO - Started process (PID=7749) to work on /home/airflow/.local/lib/python3.12/site-packages/airflow/example_dags/example_params_ui_tutorial.py
[2024-08-03T12:19:43.337+0000] {processor.py:830} INFO - Processing file /home/airflow/.local/lib/python3.12/site-packages/airflow/example_dags/example_params_ui_tutorial.py for tasks to queue
[2024-08-03T12:19:43.363+0000] {logging_mixin.py:188} INFO - [2024-08-03T12:19:43.344+0000] {dagbag.py:545} INFO - Filling up the DagBag from /home/airflow/.local/lib/python3.12/site-packages/airflow/example_dags/example_params_ui_tutorial.py
[2024-08-03T12:19:43.579+0000] {processor.py:840} INFO - DAG(s) 'example_params_ui_tutorial' retrieved from /home/airflow/.local/lib/python3.12/site-packages/airflow/example_dags/example_params_ui_tutorial.py
[2024-08-03T12:19:45.210+0000] {logging_mixin.py:188} INFO - [2024-08-03T12:19:45.186+0000] {dag.py:3089} INFO - Sync 1 DAGs
[2024-08-03T12:19:45.675+0000] {logging_mixin.py:188} INFO - [2024-08-03T12:19:45.668+0000] {dag.py:3947} INFO - Setting next_dagrun for example_params_ui_tutorial to None, run_after=None
[2024-08-03T12:19:45.864+0000] {processor.py:183} INFO - Processing /home/airflow/.local/lib/python3.12/site-packages/airflow/example_dags/example_params_ui_tutorial.py took 2.646 seconds
[2024-08-03T14:17:47.890+0000] {processor.py:161} INFO - Started process (PID=7856) to work on /home/airflow/.local/lib/python3.12/site-packages/airflow/example_dags/example_params_ui_tutorial.py
[2024-08-03T14:17:47.902+0000] {processor.py:830} INFO - Processing file /home/airflow/.local/lib/python3.12/site-packages/airflow/example_dags/example_params_ui_tutorial.py for tasks to queue
[2024-08-03T14:17:47.914+0000] {logging_mixin.py:188} INFO - [2024-08-03T14:17:47.913+0000] {dagbag.py:545} INFO - Filling up the DagBag from /home/airflow/.local/lib/python3.12/site-packages/airflow/example_dags/example_params_ui_tutorial.py
[2024-08-03T14:17:48.062+0000] {processor.py:840} INFO - DAG(s) 'example_params_ui_tutorial' retrieved from /home/airflow/.local/lib/python3.12/site-packages/airflow/example_dags/example_params_ui_tutorial.py
[2024-08-03T14:17:48.564+0000] {logging_mixin.py:188} INFO - [2024-08-03T14:17:48.553+0000] {dag.py:3089} INFO - Sync 1 DAGs
[2024-08-03T14:17:48.640+0000] {logging_mixin.py:188} INFO - [2024-08-03T14:17:48.638+0000] {dag.py:3947} INFO - Setting next_dagrun for example_params_ui_tutorial to None, run_after=None
[2024-08-03T14:17:48.802+0000] {processor.py:183} INFO - Processing /home/airflow/.local/lib/python3.12/site-packages/airflow/example_dags/example_params_ui_tutorial.py took 0.984 seconds
[2024-08-03T14:18:19.403+0000] {processor.py:161} INFO - Started process (PID=7917) to work on /home/airflow/.local/lib/python3.12/site-packages/airflow/example_dags/example_params_ui_tutorial.py
[2024-08-03T14:18:19.404+0000] {processor.py:830} INFO - Processing file /home/airflow/.local/lib/python3.12/site-packages/airflow/example_dags/example_params_ui_tutorial.py for tasks to queue
[2024-08-03T14:18:19.405+0000] {logging_mixin.py:188} INFO - [2024-08-03T14:18:19.405+0000] {dagbag.py:545} INFO - Filling up the DagBag from /home/airflow/.local/lib/python3.12/site-packages/airflow/example_dags/example_params_ui_tutorial.py
[2024-08-03T14:18:19.413+0000] {processor.py:840} INFO - DAG(s) 'example_params_ui_tutorial' retrieved from /home/airflow/.local/lib/python3.12/site-packages/airflow/example_dags/example_params_ui_tutorial.py
[2024-08-03T14:18:19.481+0000] {logging_mixin.py:188} INFO - [2024-08-03T14:18:19.480+0000] {dag.py:3089} INFO - Sync 1 DAGs
[2024-08-03T14:18:19.490+0000] {logging_mixin.py:188} INFO - [2024-08-03T14:18:19.490+0000] {dag.py:3947} INFO - Setting next_dagrun for example_params_ui_tutorial to None, run_after=None
[2024-08-03T14:18:19.500+0000] {processor.py:183} INFO - Processing /home/airflow/.local/lib/python3.12/site-packages/airflow/example_dags/example_params_ui_tutorial.py took 0.108 seconds
[2024-08-03T14:36:40.473+0000] {processor.py:161} INFO - Started process (PID=8020) to work on /home/airflow/.local/lib/python3.12/site-packages/airflow/example_dags/example_params_ui_tutorial.py
[2024-08-03T14:36:40.487+0000] {processor.py:830} INFO - Processing file /home/airflow/.local/lib/python3.12/site-packages/airflow/example_dags/example_params_ui_tutorial.py for tasks to queue
[2024-08-03T14:36:40.490+0000] {logging_mixin.py:188} INFO - [2024-08-03T14:36:40.489+0000] {dagbag.py:545} INFO - Filling up the DagBag from /home/airflow/.local/lib/python3.12/site-packages/airflow/example_dags/example_params_ui_tutorial.py
[2024-08-03T14:36:40.640+0000] {processor.py:840} INFO - DAG(s) 'example_params_ui_tutorial' retrieved from /home/airflow/.local/lib/python3.12/site-packages/airflow/example_dags/example_params_ui_tutorial.py
[2024-08-03T14:36:41.377+0000] {logging_mixin.py:188} INFO - [2024-08-03T14:36:41.368+0000] {dag.py:3089} INFO - Sync 1 DAGs
[2024-08-03T14:36:41.562+0000] {logging_mixin.py:188} INFO - [2024-08-03T14:36:41.561+0000] {dag.py:3947} INFO - Setting next_dagrun for example_params_ui_tutorial to None, run_after=None
[2024-08-03T14:36:41.797+0000] {processor.py:183} INFO - Processing /home/airflow/.local/lib/python3.12/site-packages/airflow/example_dags/example_params_ui_tutorial.py took 1.390 seconds
[2024-08-03T14:42:17.773+0000] {processor.py:161} INFO - Started process (PID=8085) to work on /home/airflow/.local/lib/python3.12/site-packages/airflow/example_dags/example_params_ui_tutorial.py
[2024-08-03T14:42:17.782+0000] {processor.py:830} INFO - Processing file /home/airflow/.local/lib/python3.12/site-packages/airflow/example_dags/example_params_ui_tutorial.py for tasks to queue
[2024-08-03T14:42:17.787+0000] {logging_mixin.py:188} INFO - [2024-08-03T14:42:17.787+0000] {dagbag.py:545} INFO - Filling up the DagBag from /home/airflow/.local/lib/python3.12/site-packages/airflow/example_dags/example_params_ui_tutorial.py
[2024-08-03T14:42:17.912+0000] {processor.py:840} INFO - DAG(s) 'example_params_ui_tutorial' retrieved from /home/airflow/.local/lib/python3.12/site-packages/airflow/example_dags/example_params_ui_tutorial.py
[2024-08-03T14:42:18.363+0000] {logging_mixin.py:188} INFO - [2024-08-03T14:42:18.361+0000] {dag.py:3089} INFO - Sync 1 DAGs
[2024-08-03T14:42:18.424+0000] {logging_mixin.py:188} INFO - [2024-08-03T14:42:18.422+0000] {dag.py:3947} INFO - Setting next_dagrun for example_params_ui_tutorial to None, run_after=None
[2024-08-03T14:42:18.495+0000] {processor.py:183} INFO - Processing /home/airflow/.local/lib/python3.12/site-packages/airflow/example_dags/example_params_ui_tutorial.py took 0.740 seconds
[2024-08-03T14:42:48.805+0000] {processor.py:161} INFO - Started process (PID=8146) to work on /home/airflow/.local/lib/python3.12/site-packages/airflow/example_dags/example_params_ui_tutorial.py
[2024-08-03T14:42:48.805+0000] {processor.py:830} INFO - Processing file /home/airflow/.local/lib/python3.12/site-packages/airflow/example_dags/example_params_ui_tutorial.py for tasks to queue
[2024-08-03T14:42:48.806+0000] {logging_mixin.py:188} INFO - [2024-08-03T14:42:48.806+0000] {dagbag.py:545} INFO - Filling up the DagBag from /home/airflow/.local/lib/python3.12/site-packages/airflow/example_dags/example_params_ui_tutorial.py
[2024-08-03T14:42:48.811+0000] {processor.py:840} INFO - DAG(s) 'example_params_ui_tutorial' retrieved from /home/airflow/.local/lib/python3.12/site-packages/airflow/example_dags/example_params_ui_tutorial.py
[2024-08-03T14:42:48.845+0000] {logging_mixin.py:188} INFO - [2024-08-03T14:42:48.845+0000] {dag.py:3089} INFO - Sync 1 DAGs
[2024-08-03T14:42:48.852+0000] {logging_mixin.py:188} INFO - [2024-08-03T14:42:48.851+0000] {dag.py:3947} INFO - Setting next_dagrun for example_params_ui_tutorial to None, run_after=None
[2024-08-03T14:42:48.862+0000] {processor.py:183} INFO - Processing /home/airflow/.local/lib/python3.12/site-packages/airflow/example_dags/example_params_ui_tutorial.py took 0.061 seconds
[2024-08-03T14:43:21.891+0000] {processor.py:161} INFO - Started process (PID=8217) to work on /home/airflow/.local/lib/python3.12/site-packages/airflow/example_dags/example_params_ui_tutorial.py
[2024-08-03T14:43:21.899+0000] {processor.py:830} INFO - Processing file /home/airflow/.local/lib/python3.12/site-packages/airflow/example_dags/example_params_ui_tutorial.py for tasks to queue
[2024-08-03T14:43:21.906+0000] {logging_mixin.py:188} INFO - [2024-08-03T14:43:21.904+0000] {dagbag.py:545} INFO - Filling up the DagBag from /home/airflow/.local/lib/python3.12/site-packages/airflow/example_dags/example_params_ui_tutorial.py
[2024-08-03T14:43:21.966+0000] {processor.py:840} INFO - DAG(s) 'example_params_ui_tutorial' retrieved from /home/airflow/.local/lib/python3.12/site-packages/airflow/example_dags/example_params_ui_tutorial.py
[2024-08-03T14:43:22.236+0000] {logging_mixin.py:188} INFO - [2024-08-03T14:43:22.234+0000] {dag.py:3089} INFO - Sync 1 DAGs
[2024-08-03T14:43:22.276+0000] {logging_mixin.py:188} INFO - [2024-08-03T14:43:22.275+0000] {dag.py:3947} INFO - Setting next_dagrun for example_params_ui_tutorial to None, run_after=None
[2024-08-03T14:43:22.347+0000] {processor.py:183} INFO - Processing /home/airflow/.local/lib/python3.12/site-packages/airflow/example_dags/example_params_ui_tutorial.py took 0.510 seconds
[2024-08-03T14:43:52.650+0000] {processor.py:161} INFO - Started process (PID=8282) to work on /home/airflow/.local/lib/python3.12/site-packages/airflow/example_dags/example_params_ui_tutorial.py
[2024-08-03T14:43:52.651+0000] {processor.py:830} INFO - Processing file /home/airflow/.local/lib/python3.12/site-packages/airflow/example_dags/example_params_ui_tutorial.py for tasks to queue
[2024-08-03T14:43:52.652+0000] {logging_mixin.py:188} INFO - [2024-08-03T14:43:52.651+0000] {dagbag.py:545} INFO - Filling up the DagBag from /home/airflow/.local/lib/python3.12/site-packages/airflow/example_dags/example_params_ui_tutorial.py
[2024-08-03T14:43:52.656+0000] {processor.py:840} INFO - DAG(s) 'example_params_ui_tutorial' retrieved from /home/airflow/.local/lib/python3.12/site-packages/airflow/example_dags/example_params_ui_tutorial.py
[2024-08-03T14:43:52.685+0000] {logging_mixin.py:188} INFO - [2024-08-03T14:43:52.685+0000] {dag.py:3089} INFO - Sync 1 DAGs
[2024-08-03T14:43:52.694+0000] {logging_mixin.py:188} INFO - [2024-08-03T14:43:52.694+0000] {dag.py:3947} INFO - Setting next_dagrun for example_params_ui_tutorial to None, run_after=None
[2024-08-03T14:43:52.703+0000] {processor.py:183} INFO - Processing /home/airflow/.local/lib/python3.12/site-packages/airflow/example_dags/example_params_ui_tutorial.py took 0.055 seconds
[2024-08-03T15:06:01.778+0000] {processor.py:161} INFO - Started process (PID=8369) to work on /home/airflow/.local/lib/python3.12/site-packages/airflow/example_dags/example_params_ui_tutorial.py
[2024-08-03T15:06:01.814+0000] {processor.py:830} INFO - Processing file /home/airflow/.local/lib/python3.12/site-packages/airflow/example_dags/example_params_ui_tutorial.py for tasks to queue
[2024-08-03T15:06:01.827+0000] {logging_mixin.py:188} INFO - [2024-08-03T15:06:01.820+0000] {dagbag.py:545} INFO - Filling up the DagBag from /home/airflow/.local/lib/python3.12/site-packages/airflow/example_dags/example_params_ui_tutorial.py
[2024-08-03T15:06:02.018+0000] {processor.py:840} INFO - DAG(s) 'example_params_ui_tutorial' retrieved from /home/airflow/.local/lib/python3.12/site-packages/airflow/example_dags/example_params_ui_tutorial.py
[2024-08-03T15:06:02.545+0000] {logging_mixin.py:188} INFO - [2024-08-03T15:06:02.544+0000] {dag.py:3089} INFO - Sync 1 DAGs
[2024-08-03T15:06:02.621+0000] {logging_mixin.py:188} INFO - [2024-08-03T15:06:02.620+0000] {dag.py:3947} INFO - Setting next_dagrun for example_params_ui_tutorial to None, run_after=None
[2024-08-03T15:06:02.676+0000] {processor.py:183} INFO - Processing /home/airflow/.local/lib/python3.12/site-packages/airflow/example_dags/example_params_ui_tutorial.py took 0.970 seconds
[2024-08-03T15:55:14.375+0000] {processor.py:161} INFO - Started process (PID=8430) to work on /home/airflow/.local/lib/python3.12/site-packages/airflow/example_dags/example_params_ui_tutorial.py
[2024-08-03T15:55:14.377+0000] {processor.py:830} INFO - Processing file /home/airflow/.local/lib/python3.12/site-packages/airflow/example_dags/example_params_ui_tutorial.py for tasks to queue
[2024-08-03T15:55:14.378+0000] {logging_mixin.py:188} INFO - [2024-08-03T15:55:14.378+0000] {dagbag.py:545} INFO - Filling up the DagBag from /home/airflow/.local/lib/python3.12/site-packages/airflow/example_dags/example_params_ui_tutorial.py
[2024-08-03T15:55:14.385+0000] {processor.py:840} INFO - DAG(s) 'example_params_ui_tutorial' retrieved from /home/airflow/.local/lib/python3.12/site-packages/airflow/example_dags/example_params_ui_tutorial.py
[2024-08-03T15:55:14.459+0000] {logging_mixin.py:188} INFO - [2024-08-03T15:55:14.459+0000] {dag.py:3089} INFO - Sync 1 DAGs
[2024-08-03T15:55:14.470+0000] {logging_mixin.py:188} INFO - [2024-08-03T15:55:14.470+0000] {dag.py:3947} INFO - Setting next_dagrun for example_params_ui_tutorial to None, run_after=None
[2024-08-03T15:55:14.489+0000] {processor.py:183} INFO - Processing /home/airflow/.local/lib/python3.12/site-packages/airflow/example_dags/example_params_ui_tutorial.py took 0.122 seconds
[2024-08-03T17:01:47.493+0000] {processor.py:161} INFO - Started process (PID=8483) to work on /home/airflow/.local/lib/python3.12/site-packages/airflow/example_dags/example_params_ui_tutorial.py
[2024-08-03T17:01:47.498+0000] {processor.py:830} INFO - Processing file /home/airflow/.local/lib/python3.12/site-packages/airflow/example_dags/example_params_ui_tutorial.py for tasks to queue
[2024-08-03T17:01:47.508+0000] {logging_mixin.py:188} INFO - [2024-08-03T17:01:47.507+0000] {dagbag.py:545} INFO - Filling up the DagBag from /home/airflow/.local/lib/python3.12/site-packages/airflow/example_dags/example_params_ui_tutorial.py
[2024-08-03T17:01:47.616+0000] {processor.py:840} INFO - DAG(s) 'example_params_ui_tutorial' retrieved from /home/airflow/.local/lib/python3.12/site-packages/airflow/example_dags/example_params_ui_tutorial.py
[2024-08-03T17:01:48.396+0000] {logging_mixin.py:188} INFO - [2024-08-03T17:01:48.385+0000] {dag.py:3089} INFO - Sync 1 DAGs
[2024-08-03T17:01:48.582+0000] {logging_mixin.py:188} INFO - [2024-08-03T17:01:48.582+0000] {dag.py:3947} INFO - Setting next_dagrun for example_params_ui_tutorial to None, run_after=None
[2024-08-03T17:01:48.728+0000] {processor.py:183} INFO - Processing /home/airflow/.local/lib/python3.12/site-packages/airflow/example_dags/example_params_ui_tutorial.py took 1.274 seconds
[2024-08-03T17:24:54.586+0000] {processor.py:161} INFO - Started process (PID=8544) to work on /home/airflow/.local/lib/python3.12/site-packages/airflow/example_dags/example_params_ui_tutorial.py
[2024-08-03T17:24:54.593+0000] {processor.py:830} INFO - Processing file /home/airflow/.local/lib/python3.12/site-packages/airflow/example_dags/example_params_ui_tutorial.py for tasks to queue
[2024-08-03T17:24:54.603+0000] {logging_mixin.py:188} INFO - [2024-08-03T17:24:54.595+0000] {dagbag.py:545} INFO - Filling up the DagBag from /home/airflow/.local/lib/python3.12/site-packages/airflow/example_dags/example_params_ui_tutorial.py
[2024-08-03T17:24:54.716+0000] {processor.py:840} INFO - DAG(s) 'example_params_ui_tutorial' retrieved from /home/airflow/.local/lib/python3.12/site-packages/airflow/example_dags/example_params_ui_tutorial.py
[2024-08-03T17:24:55.347+0000] {logging_mixin.py:188} INFO - [2024-08-03T17:24:55.321+0000] {dag.py:3089} INFO - Sync 1 DAGs
[2024-08-03T17:24:55.524+0000] {logging_mixin.py:188} INFO - [2024-08-03T17:24:55.519+0000] {dag.py:3947} INFO - Setting next_dagrun for example_params_ui_tutorial to None, run_after=None
[2024-08-03T17:24:55.692+0000] {processor.py:183} INFO - Processing /home/airflow/.local/lib/python3.12/site-packages/airflow/example_dags/example_params_ui_tutorial.py took 1.189 seconds
[2024-08-03T17:26:46.180+0000] {processor.py:161} INFO - Started process (PID=8639) to work on /home/airflow/.local/lib/python3.12/site-packages/airflow/example_dags/example_params_ui_tutorial.py
[2024-08-03T17:26:46.187+0000] {processor.py:830} INFO - Processing file /home/airflow/.local/lib/python3.12/site-packages/airflow/example_dags/example_params_ui_tutorial.py for tasks to queue
[2024-08-03T17:26:46.192+0000] {logging_mixin.py:188} INFO - [2024-08-03T17:26:46.190+0000] {dagbag.py:545} INFO - Filling up the DagBag from /home/airflow/.local/lib/python3.12/site-packages/airflow/example_dags/example_params_ui_tutorial.py
[2024-08-03T17:26:46.252+0000] {processor.py:840} INFO - DAG(s) 'example_params_ui_tutorial' retrieved from /home/airflow/.local/lib/python3.12/site-packages/airflow/example_dags/example_params_ui_tutorial.py
[2024-08-03T17:26:46.479+0000] {logging_mixin.py:188} INFO - [2024-08-03T17:26:46.477+0000] {dag.py:3089} INFO - Sync 1 DAGs
[2024-08-03T17:26:46.582+0000] {logging_mixin.py:188} INFO - [2024-08-03T17:26:46.581+0000] {dag.py:3947} INFO - Setting next_dagrun for example_params_ui_tutorial to None, run_after=None
[2024-08-03T17:26:46.722+0000] {processor.py:183} INFO - Processing /home/airflow/.local/lib/python3.12/site-packages/airflow/example_dags/example_params_ui_tutorial.py took 0.601 seconds
[2024-08-03T17:27:17.054+0000] {processor.py:161} INFO - Started process (PID=8699) to work on /home/airflow/.local/lib/python3.12/site-packages/airflow/example_dags/example_params_ui_tutorial.py
[2024-08-03T17:27:17.055+0000] {processor.py:830} INFO - Processing file /home/airflow/.local/lib/python3.12/site-packages/airflow/example_dags/example_params_ui_tutorial.py for tasks to queue
[2024-08-03T17:27:17.055+0000] {logging_mixin.py:188} INFO - [2024-08-03T17:27:17.055+0000] {dagbag.py:545} INFO - Filling up the DagBag from /home/airflow/.local/lib/python3.12/site-packages/airflow/example_dags/example_params_ui_tutorial.py
[2024-08-03T17:27:17.059+0000] {processor.py:840} INFO - DAG(s) 'example_params_ui_tutorial' retrieved from /home/airflow/.local/lib/python3.12/site-packages/airflow/example_dags/example_params_ui_tutorial.py
[2024-08-03T17:27:17.085+0000] {logging_mixin.py:188} INFO - [2024-08-03T17:27:17.085+0000] {dag.py:3089} INFO - Sync 1 DAGs
[2024-08-03T17:27:17.091+0000] {logging_mixin.py:188} INFO - [2024-08-03T17:27:17.090+0000] {dag.py:3947} INFO - Setting next_dagrun for example_params_ui_tutorial to None, run_after=None
[2024-08-03T17:27:17.098+0000] {processor.py:183} INFO - Processing /home/airflow/.local/lib/python3.12/site-packages/airflow/example_dags/example_params_ui_tutorial.py took 0.047 seconds
[2024-08-03T17:49:49.019+0000] {processor.py:161} INFO - Started process (PID=8775) to work on /home/airflow/.local/lib/python3.12/site-packages/airflow/example_dags/example_params_ui_tutorial.py
[2024-08-03T17:49:49.037+0000] {processor.py:830} INFO - Processing file /home/airflow/.local/lib/python3.12/site-packages/airflow/example_dags/example_params_ui_tutorial.py for tasks to queue
[2024-08-03T17:49:49.048+0000] {logging_mixin.py:188} INFO - [2024-08-03T17:49:49.047+0000] {dagbag.py:545} INFO - Filling up the DagBag from /home/airflow/.local/lib/python3.12/site-packages/airflow/example_dags/example_params_ui_tutorial.py
[2024-08-03T17:49:49.151+0000] {processor.py:840} INFO - DAG(s) 'example_params_ui_tutorial' retrieved from /home/airflow/.local/lib/python3.12/site-packages/airflow/example_dags/example_params_ui_tutorial.py
[2024-08-03T17:49:49.448+0000] {logging_mixin.py:188} INFO - [2024-08-03T17:49:49.445+0000] {dag.py:3089} INFO - Sync 1 DAGs
[2024-08-03T17:49:49.549+0000] {logging_mixin.py:188} INFO - [2024-08-03T17:49:49.548+0000] {dag.py:3947} INFO - Setting next_dagrun for example_params_ui_tutorial to None, run_after=None
[2024-08-03T17:49:49.661+0000] {processor.py:183} INFO - Processing /home/airflow/.local/lib/python3.12/site-packages/airflow/example_dags/example_params_ui_tutorial.py took 0.700 seconds
[2024-08-03T18:23:31.328+0000] {processor.py:161} INFO - Started process (PID=8830) to work on /home/airflow/.local/lib/python3.12/site-packages/airflow/example_dags/example_params_ui_tutorial.py
[2024-08-03T18:23:31.329+0000] {processor.py:830} INFO - Processing file /home/airflow/.local/lib/python3.12/site-packages/airflow/example_dags/example_params_ui_tutorial.py for tasks to queue
[2024-08-03T18:23:31.330+0000] {logging_mixin.py:188} INFO - [2024-08-03T18:23:31.330+0000] {dagbag.py:545} INFO - Filling up the DagBag from /home/airflow/.local/lib/python3.12/site-packages/airflow/example_dags/example_params_ui_tutorial.py
[2024-08-03T18:23:31.343+0000] {processor.py:840} INFO - DAG(s) 'example_params_ui_tutorial' retrieved from /home/airflow/.local/lib/python3.12/site-packages/airflow/example_dags/example_params_ui_tutorial.py
[2024-08-03T18:23:31.410+0000] {logging_mixin.py:188} INFO - [2024-08-03T18:23:31.409+0000] {dag.py:3089} INFO - Sync 1 DAGs
[2024-08-03T18:23:31.428+0000] {logging_mixin.py:188} INFO - [2024-08-03T18:23:31.428+0000] {dag.py:3947} INFO - Setting next_dagrun for example_params_ui_tutorial to None, run_after=None
[2024-08-03T18:23:31.458+0000] {processor.py:183} INFO - Processing /home/airflow/.local/lib/python3.12/site-packages/airflow/example_dags/example_params_ui_tutorial.py took 0.136 seconds
[2024-08-03T19:08:56.600+0000] {processor.py:161} INFO - Started process (PID=8882) to work on /home/airflow/.local/lib/python3.12/site-packages/airflow/example_dags/example_params_ui_tutorial.py
[2024-08-03T19:08:56.614+0000] {processor.py:830} INFO - Processing file /home/airflow/.local/lib/python3.12/site-packages/airflow/example_dags/example_params_ui_tutorial.py for tasks to queue
[2024-08-03T19:08:56.629+0000] {logging_mixin.py:188} INFO - [2024-08-03T19:08:56.622+0000] {dagbag.py:545} INFO - Filling up the DagBag from /home/airflow/.local/lib/python3.12/site-packages/airflow/example_dags/example_params_ui_tutorial.py
[2024-08-03T19:08:57.297+0000] {processor.py:840} INFO - DAG(s) 'example_params_ui_tutorial' retrieved from /home/airflow/.local/lib/python3.12/site-packages/airflow/example_dags/example_params_ui_tutorial.py
[2024-08-03T19:08:57.949+0000] {logging_mixin.py:188} INFO - [2024-08-03T19:08:57.947+0000] {dag.py:3089} INFO - Sync 1 DAGs
[2024-08-03T19:08:58.081+0000] {logging_mixin.py:188} INFO - [2024-08-03T19:08:58.080+0000] {dag.py:3947} INFO - Setting next_dagrun for example_params_ui_tutorial to None, run_after=None
[2024-08-03T19:08:58.322+0000] {processor.py:183} INFO - Processing /home/airflow/.local/lib/python3.12/site-packages/airflow/example_dags/example_params_ui_tutorial.py took 1.820 seconds
[2024-08-03T20:16:22.218+0000] {processor.py:161} INFO - Started process (PID=8948) to work on /home/airflow/.local/lib/python3.12/site-packages/airflow/example_dags/example_params_ui_tutorial.py
[2024-08-03T20:16:22.225+0000] {processor.py:830} INFO - Processing file /home/airflow/.local/lib/python3.12/site-packages/airflow/example_dags/example_params_ui_tutorial.py for tasks to queue
[2024-08-03T20:16:22.227+0000] {logging_mixin.py:188} INFO - [2024-08-03T20:16:22.226+0000] {dagbag.py:545} INFO - Filling up the DagBag from /home/airflow/.local/lib/python3.12/site-packages/airflow/example_dags/example_params_ui_tutorial.py
[2024-08-03T20:16:22.257+0000] {processor.py:840} INFO - DAG(s) 'example_params_ui_tutorial' retrieved from /home/airflow/.local/lib/python3.12/site-packages/airflow/example_dags/example_params_ui_tutorial.py
[2024-08-03T20:16:22.376+0000] {logging_mixin.py:188} INFO - [2024-08-03T20:16:22.375+0000] {dag.py:3089} INFO - Sync 1 DAGs
[2024-08-03T20:16:22.397+0000] {logging_mixin.py:188} INFO - [2024-08-03T20:16:22.397+0000] {dag.py:3947} INFO - Setting next_dagrun for example_params_ui_tutorial to None, run_after=None
[2024-08-03T20:16:22.438+0000] {processor.py:183} INFO - Processing /home/airflow/.local/lib/python3.12/site-packages/airflow/example_dags/example_params_ui_tutorial.py took 0.249 seconds
[2024-08-03T21:24:56.569+0000] {processor.py:161} INFO - Started process (PID=8999) to work on /home/airflow/.local/lib/python3.12/site-packages/airflow/example_dags/example_params_ui_tutorial.py
[2024-08-03T21:24:56.585+0000] {processor.py:830} INFO - Processing file /home/airflow/.local/lib/python3.12/site-packages/airflow/example_dags/example_params_ui_tutorial.py for tasks to queue
[2024-08-03T21:24:56.591+0000] {logging_mixin.py:188} INFO - [2024-08-03T21:24:56.589+0000] {dagbag.py:545} INFO - Filling up the DagBag from /home/airflow/.local/lib/python3.12/site-packages/airflow/example_dags/example_params_ui_tutorial.py
[2024-08-03T21:24:56.664+0000] {processor.py:840} INFO - DAG(s) 'example_params_ui_tutorial' retrieved from /home/airflow/.local/lib/python3.12/site-packages/airflow/example_dags/example_params_ui_tutorial.py
[2024-08-03T21:24:57.087+0000] {logging_mixin.py:188} INFO - [2024-08-03T21:24:57.085+0000] {dag.py:3089} INFO - Sync 1 DAGs
[2024-08-03T21:24:57.558+0000] {logging_mixin.py:188} INFO - [2024-08-03T21:24:57.557+0000] {dag.py:3947} INFO - Setting next_dagrun for example_params_ui_tutorial to None, run_after=None
[2024-08-03T21:24:57.758+0000] {processor.py:183} INFO - Processing /home/airflow/.local/lib/python3.12/site-packages/airflow/example_dags/example_params_ui_tutorial.py took 1.227 seconds
[2024-08-03T23:34:57.260+0000] {processor.py:161} INFO - Started process (PID=9081) to work on /home/airflow/.local/lib/python3.12/site-packages/airflow/example_dags/example_params_ui_tutorial.py
[2024-08-03T23:34:57.274+0000] {processor.py:830} INFO - Processing file /home/airflow/.local/lib/python3.12/site-packages/airflow/example_dags/example_params_ui_tutorial.py for tasks to queue
[2024-08-03T23:34:57.286+0000] {logging_mixin.py:188} INFO - [2024-08-03T23:34:57.284+0000] {dagbag.py:545} INFO - Filling up the DagBag from /home/airflow/.local/lib/python3.12/site-packages/airflow/example_dags/example_params_ui_tutorial.py
[2024-08-03T23:34:57.380+0000] {processor.py:840} INFO - DAG(s) 'example_params_ui_tutorial' retrieved from /home/airflow/.local/lib/python3.12/site-packages/airflow/example_dags/example_params_ui_tutorial.py
[2024-08-03T23:34:57.748+0000] {logging_mixin.py:188} INFO - [2024-08-03T23:34:57.744+0000] {dag.py:3089} INFO - Sync 1 DAGs
[2024-08-03T23:34:57.832+0000] {logging_mixin.py:188} INFO - [2024-08-03T23:34:57.832+0000] {dag.py:3947} INFO - Setting next_dagrun for example_params_ui_tutorial to None, run_after=None
[2024-08-03T23:34:57.895+0000] {processor.py:183} INFO - Processing /home/airflow/.local/lib/python3.12/site-packages/airflow/example_dags/example_params_ui_tutorial.py took 0.699 seconds
