[2024-08-03T01:57:55.009+0000] {processor.py:161} INFO - Started process (PID=7247) to work on /home/airflow/.local/lib/python3.12/site-packages/airflow/example_dags/example_task_group.py
[2024-08-03T01:57:55.032+0000] {processor.py:830} INFO - Processing file /home/airflow/.local/lib/python3.12/site-packages/airflow/example_dags/example_task_group.py for tasks to queue
[2024-08-03T01:57:55.070+0000] {logging_mixin.py:188} INFO - [2024-08-03T01:57:55.046+0000] {dagbag.py:545} INFO - Filling up the DagBag from /home/airflow/.local/lib/python3.12/site-packages/airflow/example_dags/example_task_group.py
[2024-08-03T01:57:55.242+0000] {processor.py:840} INFO - DAG(s) 'example_task_group' retrieved from /home/airflow/.local/lib/python3.12/site-packages/airflow/example_dags/example_task_group.py
[2024-08-03T01:57:55.653+0000] {logging_mixin.py:188} INFO - [2024-08-03T01:57:55.652+0000] {dag.py:3089} INFO - Sync 1 DAGs
[2024-08-03T01:57:56.061+0000] {logging_mixin.py:188} INFO - [2024-08-03T01:57:56.056+0000] {dag.py:3947} INFO - Setting next_dagrun for example_task_group to 2024-08-02 00:00:00+00:00, run_after=2024-08-03 00:00:00+00:00
[2024-08-03T02:26:55.052+0000] {processor.py:183} INFO - Processing /home/airflow/.local/lib/python3.12/site-packages/airflow/example_dags/example_task_group.py took 1.587 seconds
[2024-08-03T03:18:18.785+0000] {processor.py:161} INFO - Started process (PID=7349) to work on /home/airflow/.local/lib/python3.12/site-packages/airflow/example_dags/example_task_group.py
[2024-08-03T03:18:18.792+0000] {processor.py:830} INFO - Processing file /home/airflow/.local/lib/python3.12/site-packages/airflow/example_dags/example_task_group.py for tasks to queue
[2024-08-03T03:18:18.795+0000] {logging_mixin.py:188} INFO - [2024-08-03T03:18:18.793+0000] {dagbag.py:545} INFO - Filling up the DagBag from /home/airflow/.local/lib/python3.12/site-packages/airflow/example_dags/example_task_group.py
[2024-08-03T03:18:18.944+0000] {processor.py:840} INFO - DAG(s) 'example_task_group' retrieved from /home/airflow/.local/lib/python3.12/site-packages/airflow/example_dags/example_task_group.py
[2024-08-03T03:18:20.780+0000] {logging_mixin.py:188} INFO - [2024-08-03T03:18:20.755+0000] {dag.py:3089} INFO - Sync 1 DAGs
[2024-08-03T03:18:21.022+0000] {logging_mixin.py:188} INFO - [2024-08-03T03:18:21.021+0000] {dag.py:3947} INFO - Setting next_dagrun for example_task_group to 2024-08-02 00:00:00+00:00, run_after=2024-08-03 00:00:00+00:00
[2024-08-03T03:18:21.217+0000] {processor.py:183} INFO - Processing /home/airflow/.local/lib/python3.12/site-packages/airflow/example_dags/example_task_group.py took 2.526 seconds
[2024-08-03T05:41:40.698+0000] {processor.py:161} INFO - Started process (PID=7447) to work on /home/airflow/.local/lib/python3.12/site-packages/airflow/example_dags/example_task_group.py
[2024-08-03T05:41:40.724+0000] {processor.py:830} INFO - Processing file /home/airflow/.local/lib/python3.12/site-packages/airflow/example_dags/example_task_group.py for tasks to queue
[2024-08-03T05:41:40.732+0000] {logging_mixin.py:188} INFO - [2024-08-03T05:41:40.728+0000] {dagbag.py:545} INFO - Filling up the DagBag from /home/airflow/.local/lib/python3.12/site-packages/airflow/example_dags/example_task_group.py
[2024-08-03T05:41:40.821+0000] {processor.py:840} INFO - DAG(s) 'example_task_group' retrieved from /home/airflow/.local/lib/python3.12/site-packages/airflow/example_dags/example_task_group.py
[2024-08-03T05:41:41.285+0000] {logging_mixin.py:188} INFO - [2024-08-03T05:41:41.273+0000] {dag.py:3089} INFO - Sync 1 DAGs
[2024-08-03T05:41:42.299+0000] {logging_mixin.py:188} INFO - [2024-08-03T05:41:42.285+0000] {dag.py:3947} INFO - Setting next_dagrun for example_task_group to 2024-08-02 00:00:00+00:00, run_after=2024-08-03 00:00:00+00:00
[2024-08-03T05:41:42.604+0000] {processor.py:183} INFO - Processing /home/airflow/.local/lib/python3.12/site-packages/airflow/example_dags/example_task_group.py took 1.972 seconds
[2024-08-03T07:38:44.827+0000] {processor.py:161} INFO - Started process (PID=7515) to work on /home/airflow/.local/lib/python3.12/site-packages/airflow/example_dags/example_task_group.py
[2024-08-03T07:38:44.858+0000] {processor.py:830} INFO - Processing file /home/airflow/.local/lib/python3.12/site-packages/airflow/example_dags/example_task_group.py for tasks to queue
[2024-08-03T07:38:44.882+0000] {logging_mixin.py:188} INFO - [2024-08-03T07:38:44.878+0000] {dagbag.py:545} INFO - Filling up the DagBag from /home/airflow/.local/lib/python3.12/site-packages/airflow/example_dags/example_task_group.py
[2024-08-03T07:38:45.316+0000] {processor.py:840} INFO - DAG(s) 'example_task_group' retrieved from /home/airflow/.local/lib/python3.12/site-packages/airflow/example_dags/example_task_group.py
[2024-08-03T07:38:46.081+0000] {logging_mixin.py:188} INFO - [2024-08-03T07:38:46.069+0000] {dag.py:3089} INFO - Sync 1 DAGs
[2024-08-03T07:38:46.458+0000] {logging_mixin.py:188} INFO - [2024-08-03T07:38:46.453+0000] {dag.py:3947} INFO - Setting next_dagrun for example_task_group to 2024-08-02 00:00:00+00:00, run_after=2024-08-03 00:00:00+00:00
[2024-08-03T07:38:46.808+0000] {processor.py:183} INFO - Processing /home/airflow/.local/lib/python3.12/site-packages/airflow/example_dags/example_task_group.py took 2.065 seconds
[2024-08-03T09:53:04.636+0000] {processor.py:161} INFO - Started process (PID=7589) to work on /home/airflow/.local/lib/python3.12/site-packages/airflow/example_dags/example_task_group.py
[2024-08-03T09:53:04.641+0000] {processor.py:830} INFO - Processing file /home/airflow/.local/lib/python3.12/site-packages/airflow/example_dags/example_task_group.py for tasks to queue
[2024-08-03T09:53:04.645+0000] {logging_mixin.py:188} INFO - [2024-08-03T09:53:04.644+0000] {dagbag.py:545} INFO - Filling up the DagBag from /home/airflow/.local/lib/python3.12/site-packages/airflow/example_dags/example_task_group.py
[2024-08-03T09:53:04.972+0000] {processor.py:840} INFO - DAG(s) 'example_task_group' retrieved from /home/airflow/.local/lib/python3.12/site-packages/airflow/example_dags/example_task_group.py
[2024-08-03T09:53:05.324+0000] {logging_mixin.py:188} INFO - [2024-08-03T09:53:05.319+0000] {dag.py:3089} INFO - Sync 1 DAGs
[2024-08-03T09:53:05.456+0000] {logging_mixin.py:188} INFO - [2024-08-03T09:53:05.456+0000] {dag.py:3947} INFO - Setting next_dagrun for example_task_group to 2024-08-02 00:00:00+00:00, run_after=2024-08-03 00:00:00+00:00
[2024-08-03T09:53:05.526+0000] {processor.py:183} INFO - Processing /home/airflow/.local/lib/python3.12/site-packages/airflow/example_dags/example_task_group.py took 0.909 seconds
[2024-08-03T10:36:57.301+0000] {processor.py:161} INFO - Started process (PID=7677) to work on /home/airflow/.local/lib/python3.12/site-packages/airflow/example_dags/example_task_group.py
[2024-08-03T10:36:57.310+0000] {processor.py:830} INFO - Processing file /home/airflow/.local/lib/python3.12/site-packages/airflow/example_dags/example_task_group.py for tasks to queue
[2024-08-03T10:36:57.318+0000] {logging_mixin.py:188} INFO - [2024-08-03T10:36:57.314+0000] {dagbag.py:545} INFO - Filling up the DagBag from /home/airflow/.local/lib/python3.12/site-packages/airflow/example_dags/example_task_group.py
[2024-08-03T10:36:57.462+0000] {processor.py:840} INFO - DAG(s) 'example_task_group' retrieved from /home/airflow/.local/lib/python3.12/site-packages/airflow/example_dags/example_task_group.py
[2024-08-03T10:36:57.688+0000] {logging_mixin.py:188} INFO - [2024-08-03T10:36:57.685+0000] {dag.py:3089} INFO - Sync 1 DAGs
[2024-08-03T10:36:57.848+0000] {logging_mixin.py:188} INFO - [2024-08-03T10:36:57.846+0000] {dag.py:3947} INFO - Setting next_dagrun for example_task_group to 2024-08-02 00:00:00+00:00, run_after=2024-08-03 00:00:00+00:00
[2024-08-03T10:36:57.963+0000] {processor.py:183} INFO - Processing /home/airflow/.local/lib/python3.12/site-packages/airflow/example_dags/example_task_group.py took 0.722 seconds
[2024-08-03T11:13:58.186+0000] {processor.py:161} INFO - Started process (PID=7741) to work on /home/airflow/.local/lib/python3.12/site-packages/airflow/example_dags/example_task_group.py
[2024-08-03T11:13:58.193+0000] {processor.py:830} INFO - Processing file /home/airflow/.local/lib/python3.12/site-packages/airflow/example_dags/example_task_group.py for tasks to queue
[2024-08-03T11:13:58.199+0000] {logging_mixin.py:188} INFO - [2024-08-03T11:13:58.196+0000] {dagbag.py:545} INFO - Filling up the DagBag from /home/airflow/.local/lib/python3.12/site-packages/airflow/example_dags/example_task_group.py
[2024-08-03T11:13:58.299+0000] {processor.py:840} INFO - DAG(s) 'example_task_group' retrieved from /home/airflow/.local/lib/python3.12/site-packages/airflow/example_dags/example_task_group.py
[2024-08-03T11:13:58.585+0000] {logging_mixin.py:188} INFO - [2024-08-03T11:13:58.583+0000] {dag.py:3089} INFO - Sync 1 DAGs
[2024-08-03T11:13:58.973+0000] {logging_mixin.py:188} INFO - [2024-08-03T11:13:58.973+0000] {dag.py:3947} INFO - Setting next_dagrun for example_task_group to 2024-08-02 00:00:00+00:00, run_after=2024-08-03 00:00:00+00:00
[2024-08-03T11:13:59.093+0000] {processor.py:183} INFO - Processing /home/airflow/.local/lib/python3.12/site-packages/airflow/example_dags/example_task_group.py took 0.959 seconds
[2024-08-03T14:17:23.072+0000] {processor.py:161} INFO - Started process (PID=7815) to work on /home/airflow/.local/lib/python3.12/site-packages/airflow/example_dags/example_task_group.py
[2024-08-03T14:17:23.090+0000] {processor.py:830} INFO - Processing file /home/airflow/.local/lib/python3.12/site-packages/airflow/example_dags/example_task_group.py for tasks to queue
[2024-08-03T14:17:23.099+0000] {logging_mixin.py:188} INFO - [2024-08-03T14:17:23.097+0000] {dagbag.py:545} INFO - Filling up the DagBag from /home/airflow/.local/lib/python3.12/site-packages/airflow/example_dags/example_task_group.py
[2024-08-03T14:17:23.307+0000] {processor.py:840} INFO - DAG(s) 'example_task_group' retrieved from /home/airflow/.local/lib/python3.12/site-packages/airflow/example_dags/example_task_group.py
[2024-08-03T14:17:24.277+0000] {logging_mixin.py:188} INFO - [2024-08-03T14:17:24.217+0000] {dag.py:3089} INFO - Sync 1 DAGs
[2024-08-03T14:17:24.878+0000] {logging_mixin.py:188} INFO - [2024-08-03T14:17:24.856+0000] {dag.py:3947} INFO - Setting next_dagrun for example_task_group to 2024-08-02 00:00:00+00:00, run_after=2024-08-03 00:00:00+00:00
[2024-08-03T14:17:25.394+0000] {processor.py:183} INFO - Processing /home/airflow/.local/lib/python3.12/site-packages/airflow/example_dags/example_task_group.py took 2.415 seconds
[2024-08-03T14:18:09.954+0000] {processor.py:161} INFO - Started process (PID=7890) to work on /home/airflow/.local/lib/python3.12/site-packages/airflow/example_dags/example_task_group.py
[2024-08-03T14:18:09.970+0000] {processor.py:830} INFO - Processing file /home/airflow/.local/lib/python3.12/site-packages/airflow/example_dags/example_task_group.py for tasks to queue
[2024-08-03T14:18:09.975+0000] {logging_mixin.py:188} INFO - [2024-08-03T14:18:09.971+0000] {dagbag.py:545} INFO - Filling up the DagBag from /home/airflow/.local/lib/python3.12/site-packages/airflow/example_dags/example_task_group.py
[2024-08-03T14:18:10.121+0000] {processor.py:840} INFO - DAG(s) 'example_task_group' retrieved from /home/airflow/.local/lib/python3.12/site-packages/airflow/example_dags/example_task_group.py
[2024-08-03T14:18:10.464+0000] {logging_mixin.py:188} INFO - [2024-08-03T14:18:10.461+0000] {dag.py:3089} INFO - Sync 1 DAGs
[2024-08-03T14:18:10.818+0000] {logging_mixin.py:188} INFO - [2024-08-03T14:18:10.815+0000] {dag.py:3947} INFO - Setting next_dagrun for example_task_group to 2024-08-02 00:00:00+00:00, run_after=2024-08-03 00:00:00+00:00
[2024-08-03T14:18:11.120+0000] {processor.py:183} INFO - Processing /home/airflow/.local/lib/python3.12/site-packages/airflow/example_dags/example_task_group.py took 1.249 seconds
[2024-08-03T14:18:41.376+0000] {processor.py:161} INFO - Started process (PID=7960) to work on /home/airflow/.local/lib/python3.12/site-packages/airflow/example_dags/example_task_group.py
[2024-08-03T14:18:41.390+0000] {processor.py:830} INFO - Processing file /home/airflow/.local/lib/python3.12/site-packages/airflow/example_dags/example_task_group.py for tasks to queue
[2024-08-03T14:18:41.395+0000] {logging_mixin.py:188} INFO - [2024-08-03T14:18:41.392+0000] {dagbag.py:545} INFO - Filling up the DagBag from /home/airflow/.local/lib/python3.12/site-packages/airflow/example_dags/example_task_group.py
[2024-08-03T14:18:41.428+0000] {processor.py:840} INFO - DAG(s) 'example_task_group' retrieved from /home/airflow/.local/lib/python3.12/site-packages/airflow/example_dags/example_task_group.py
[2024-08-03T14:18:41.536+0000] {logging_mixin.py:188} INFO - [2024-08-03T14:18:41.536+0000] {dag.py:3089} INFO - Sync 1 DAGs
[2024-08-03T14:18:41.598+0000] {logging_mixin.py:188} INFO - [2024-08-03T14:18:41.597+0000] {dag.py:3947} INFO - Setting next_dagrun for example_task_group to 2024-08-02 00:00:00+00:00, run_after=2024-08-03 00:00:00+00:00
[2024-08-03T14:18:41.651+0000] {processor.py:183} INFO - Processing /home/airflow/.local/lib/python3.12/site-packages/airflow/example_dags/example_task_group.py took 0.310 seconds
[2024-08-03T14:36:36.187+0000] {processor.py:161} INFO - Started process (PID=8006) to work on /home/airflow/.local/lib/python3.12/site-packages/airflow/example_dags/example_task_group.py
[2024-08-03T14:36:36.210+0000] {processor.py:830} INFO - Processing file /home/airflow/.local/lib/python3.12/site-packages/airflow/example_dags/example_task_group.py for tasks to queue
[2024-08-03T14:36:36.219+0000] {logging_mixin.py:188} INFO - [2024-08-03T14:36:36.214+0000] {dagbag.py:545} INFO - Filling up the DagBag from /home/airflow/.local/lib/python3.12/site-packages/airflow/example_dags/example_task_group.py
[2024-08-03T14:36:36.294+0000] {processor.py:840} INFO - DAG(s) 'example_task_group' retrieved from /home/airflow/.local/lib/python3.12/site-packages/airflow/example_dags/example_task_group.py
[2024-08-03T14:36:36.440+0000] {logging_mixin.py:188} INFO - [2024-08-03T14:36:36.439+0000] {dag.py:3089} INFO - Sync 1 DAGs
[2024-08-03T14:36:36.561+0000] {logging_mixin.py:188} INFO - [2024-08-03T14:36:36.560+0000] {dag.py:3947} INFO - Setting next_dagrun for example_task_group to 2024-08-02 00:00:00+00:00, run_after=2024-08-03 00:00:00+00:00
[2024-08-03T14:36:36.698+0000] {processor.py:183} INFO - Processing /home/airflow/.local/lib/python3.12/site-packages/airflow/example_dags/example_task_group.py took 0.603 seconds
[2024-08-03T14:42:15.084+0000] {processor.py:161} INFO - Started process (PID=8077) to work on /home/airflow/.local/lib/python3.12/site-packages/airflow/example_dags/example_task_group.py
[2024-08-03T14:42:15.089+0000] {processor.py:830} INFO - Processing file /home/airflow/.local/lib/python3.12/site-packages/airflow/example_dags/example_task_group.py for tasks to queue
[2024-08-03T14:42:15.091+0000] {logging_mixin.py:188} INFO - [2024-08-03T14:42:15.090+0000] {dagbag.py:545} INFO - Filling up the DagBag from /home/airflow/.local/lib/python3.12/site-packages/airflow/example_dags/example_task_group.py
[2024-08-03T14:42:15.110+0000] {processor.py:840} INFO - DAG(s) 'example_task_group' retrieved from /home/airflow/.local/lib/python3.12/site-packages/airflow/example_dags/example_task_group.py
[2024-08-03T14:42:15.412+0000] {logging_mixin.py:188} INFO - [2024-08-03T14:42:15.386+0000] {dag.py:3089} INFO - Sync 1 DAGs
[2024-08-03T14:42:15.578+0000] {logging_mixin.py:188} INFO - [2024-08-03T14:42:15.578+0000] {dag.py:3947} INFO - Setting next_dagrun for example_task_group to 2024-08-02 00:00:00+00:00, run_after=2024-08-03 00:00:00+00:00
[2024-08-03T14:42:15.728+0000] {processor.py:183} INFO - Processing /home/airflow/.local/lib/python3.12/site-packages/airflow/example_dags/example_task_group.py took 0.654 seconds
[2024-08-03T14:42:46.005+0000] {processor.py:161} INFO - Started process (PID=8138) to work on /home/airflow/.local/lib/python3.12/site-packages/airflow/example_dags/example_task_group.py
[2024-08-03T14:42:46.006+0000] {processor.py:830} INFO - Processing file /home/airflow/.local/lib/python3.12/site-packages/airflow/example_dags/example_task_group.py for tasks to queue
[2024-08-03T14:42:46.007+0000] {logging_mixin.py:188} INFO - [2024-08-03T14:42:46.006+0000] {dagbag.py:545} INFO - Filling up the DagBag from /home/airflow/.local/lib/python3.12/site-packages/airflow/example_dags/example_task_group.py
[2024-08-03T14:42:46.015+0000] {processor.py:840} INFO - DAG(s) 'example_task_group' retrieved from /home/airflow/.local/lib/python3.12/site-packages/airflow/example_dags/example_task_group.py
[2024-08-03T14:42:46.042+0000] {logging_mixin.py:188} INFO - [2024-08-03T14:42:46.041+0000] {dag.py:3089} INFO - Sync 1 DAGs
[2024-08-03T14:42:46.070+0000] {logging_mixin.py:188} INFO - [2024-08-03T14:42:46.070+0000] {dag.py:3947} INFO - Setting next_dagrun for example_task_group to 2024-08-02 00:00:00+00:00, run_after=2024-08-03 00:00:00+00:00
[2024-08-03T14:42:46.084+0000] {processor.py:183} INFO - Processing /home/airflow/.local/lib/python3.12/site-packages/airflow/example_dags/example_task_group.py took 0.084 seconds
[2024-08-03T14:43:18.662+0000] {processor.py:161} INFO - Started process (PID=8209) to work on /home/airflow/.local/lib/python3.12/site-packages/airflow/example_dags/example_task_group.py
[2024-08-03T14:43:18.673+0000] {processor.py:830} INFO - Processing file /home/airflow/.local/lib/python3.12/site-packages/airflow/example_dags/example_task_group.py for tasks to queue
[2024-08-03T14:43:18.683+0000] {logging_mixin.py:188} INFO - [2024-08-03T14:43:18.681+0000] {dagbag.py:545} INFO - Filling up the DagBag from /home/airflow/.local/lib/python3.12/site-packages/airflow/example_dags/example_task_group.py
[2024-08-03T14:43:18.735+0000] {processor.py:840} INFO - DAG(s) 'example_task_group' retrieved from /home/airflow/.local/lib/python3.12/site-packages/airflow/example_dags/example_task_group.py
[2024-08-03T14:43:18.875+0000] {logging_mixin.py:188} INFO - [2024-08-03T14:43:18.874+0000] {dag.py:3089} INFO - Sync 1 DAGs
[2024-08-03T14:43:18.990+0000] {logging_mixin.py:188} INFO - [2024-08-03T14:43:18.989+0000] {dag.py:3947} INFO - Setting next_dagrun for example_task_group to 2024-08-02 00:00:00+00:00, run_after=2024-08-03 00:00:00+00:00
[2024-08-03T14:43:19.149+0000] {processor.py:183} INFO - Processing /home/airflow/.local/lib/python3.12/site-packages/airflow/example_dags/example_task_group.py took 0.532 seconds
[2024-08-03T14:43:49.288+0000] {processor.py:161} INFO - Started process (PID=8274) to work on /home/airflow/.local/lib/python3.12/site-packages/airflow/example_dags/example_task_group.py
[2024-08-03T14:43:49.288+0000] {processor.py:830} INFO - Processing file /home/airflow/.local/lib/python3.12/site-packages/airflow/example_dags/example_task_group.py for tasks to queue
[2024-08-03T14:43:49.289+0000] {logging_mixin.py:188} INFO - [2024-08-03T14:43:49.289+0000] {dagbag.py:545} INFO - Filling up the DagBag from /home/airflow/.local/lib/python3.12/site-packages/airflow/example_dags/example_task_group.py
[2024-08-03T14:43:49.293+0000] {processor.py:840} INFO - DAG(s) 'example_task_group' retrieved from /home/airflow/.local/lib/python3.12/site-packages/airflow/example_dags/example_task_group.py
[2024-08-03T14:43:49.304+0000] {logging_mixin.py:188} INFO - [2024-08-03T14:43:49.304+0000] {dag.py:3089} INFO - Sync 1 DAGs
[2024-08-03T14:43:49.315+0000] {logging_mixin.py:188} INFO - [2024-08-03T14:43:49.314+0000] {dag.py:3947} INFO - Setting next_dagrun for example_task_group to 2024-08-02 00:00:00+00:00, run_after=2024-08-03 00:00:00+00:00
[2024-08-03T14:43:49.322+0000] {processor.py:183} INFO - Processing /home/airflow/.local/lib/python3.12/site-packages/airflow/example_dags/example_task_group.py took 0.038 seconds
[2024-08-03T15:05:54.102+0000] {processor.py:161} INFO - Started process (PID=8361) to work on /home/airflow/.local/lib/python3.12/site-packages/airflow/example_dags/example_task_group.py
[2024-08-03T15:05:54.110+0000] {processor.py:830} INFO - Processing file /home/airflow/.local/lib/python3.12/site-packages/airflow/example_dags/example_task_group.py for tasks to queue
[2024-08-03T15:05:54.117+0000] {logging_mixin.py:188} INFO - [2024-08-03T15:05:54.113+0000] {dagbag.py:545} INFO - Filling up the DagBag from /home/airflow/.local/lib/python3.12/site-packages/airflow/example_dags/example_task_group.py
[2024-08-03T15:05:54.211+0000] {processor.py:840} INFO - DAG(s) 'example_task_group' retrieved from /home/airflow/.local/lib/python3.12/site-packages/airflow/example_dags/example_task_group.py
[2024-08-03T15:05:54.742+0000] {logging_mixin.py:188} INFO - [2024-08-03T15:05:54.729+0000] {dag.py:3089} INFO - Sync 1 DAGs
[2024-08-03T15:05:55.034+0000] {logging_mixin.py:188} INFO - [2024-08-03T15:05:55.032+0000] {dag.py:3947} INFO - Setting next_dagrun for example_task_group to 2024-08-02 00:00:00+00:00, run_after=2024-08-03 00:00:00+00:00
[2024-08-03T15:05:55.169+0000] {processor.py:183} INFO - Processing /home/airflow/.local/lib/python3.12/site-packages/airflow/example_dags/example_task_group.py took 1.121 seconds
[2024-08-03T15:55:13.033+0000] {processor.py:161} INFO - Started process (PID=8422) to work on /home/airflow/.local/lib/python3.12/site-packages/airflow/example_dags/example_task_group.py
[2024-08-03T15:55:13.036+0000] {processor.py:830} INFO - Processing file /home/airflow/.local/lib/python3.12/site-packages/airflow/example_dags/example_task_group.py for tasks to queue
[2024-08-03T15:55:13.037+0000] {logging_mixin.py:188} INFO - [2024-08-03T15:55:13.037+0000] {dagbag.py:545} INFO - Filling up the DagBag from /home/airflow/.local/lib/python3.12/site-packages/airflow/example_dags/example_task_group.py
[2024-08-03T15:55:13.047+0000] {processor.py:840} INFO - DAG(s) 'example_task_group' retrieved from /home/airflow/.local/lib/python3.12/site-packages/airflow/example_dags/example_task_group.py
[2024-08-03T15:55:13.118+0000] {logging_mixin.py:188} INFO - [2024-08-03T15:55:13.118+0000] {dag.py:3089} INFO - Sync 1 DAGs
[2024-08-03T15:55:13.187+0000] {logging_mixin.py:188} INFO - [2024-08-03T15:55:13.186+0000] {dag.py:3947} INFO - Setting next_dagrun for example_task_group to 2024-08-02 00:00:00+00:00, run_after=2024-08-03 00:00:00+00:00
[2024-08-03T15:55:13.296+0000] {processor.py:183} INFO - Processing /home/airflow/.local/lib/python3.12/site-packages/airflow/example_dags/example_task_group.py took 0.276 seconds
[2024-08-03T17:01:41.816+0000] {processor.py:161} INFO - Started process (PID=8475) to work on /home/airflow/.local/lib/python3.12/site-packages/airflow/example_dags/example_task_group.py
[2024-08-03T17:01:41.826+0000] {processor.py:830} INFO - Processing file /home/airflow/.local/lib/python3.12/site-packages/airflow/example_dags/example_task_group.py for tasks to queue
[2024-08-03T17:01:41.849+0000] {logging_mixin.py:188} INFO - [2024-08-03T17:01:41.837+0000] {dagbag.py:545} INFO - Filling up the DagBag from /home/airflow/.local/lib/python3.12/site-packages/airflow/example_dags/example_task_group.py
[2024-08-03T17:01:42.039+0000] {processor.py:840} INFO - DAG(s) 'example_task_group' retrieved from /home/airflow/.local/lib/python3.12/site-packages/airflow/example_dags/example_task_group.py
[2024-08-03T17:01:42.402+0000] {logging_mixin.py:188} INFO - [2024-08-03T17:01:42.402+0000] {dag.py:3089} INFO - Sync 1 DAGs
[2024-08-03T17:01:42.790+0000] {logging_mixin.py:188} INFO - [2024-08-03T17:01:42.789+0000] {dag.py:3947} INFO - Setting next_dagrun for example_task_group to 2024-08-02 00:00:00+00:00, run_after=2024-08-03 00:00:00+00:00
[2024-08-03T17:01:43.178+0000] {processor.py:183} INFO - Processing /home/airflow/.local/lib/python3.12/site-packages/airflow/example_dags/example_task_group.py took 1.697 seconds
[2024-08-03T17:24:49.607+0000] {processor.py:161} INFO - Started process (PID=8536) to work on /home/airflow/.local/lib/python3.12/site-packages/airflow/example_dags/example_task_group.py
[2024-08-03T17:24:49.626+0000] {processor.py:830} INFO - Processing file /home/airflow/.local/lib/python3.12/site-packages/airflow/example_dags/example_task_group.py for tasks to queue
[2024-08-03T17:24:49.638+0000] {logging_mixin.py:188} INFO - [2024-08-03T17:24:49.632+0000] {dagbag.py:545} INFO - Filling up the DagBag from /home/airflow/.local/lib/python3.12/site-packages/airflow/example_dags/example_task_group.py
[2024-08-03T17:24:49.761+0000] {processor.py:840} INFO - DAG(s) 'example_task_group' retrieved from /home/airflow/.local/lib/python3.12/site-packages/airflow/example_dags/example_task_group.py
[2024-08-03T17:24:50.120+0000] {logging_mixin.py:188} INFO - [2024-08-03T17:24:50.114+0000] {dag.py:3089} INFO - Sync 1 DAGs
[2024-08-03T17:24:50.545+0000] {logging_mixin.py:188} INFO - [2024-08-03T17:24:50.542+0000] {dag.py:3947} INFO - Setting next_dagrun for example_task_group to 2024-08-02 00:00:00+00:00, run_after=2024-08-03 00:00:00+00:00
[2024-08-03T17:24:50.675+0000] {processor.py:183} INFO - Processing /home/airflow/.local/lib/python3.12/site-packages/airflow/example_dags/example_task_group.py took 1.130 seconds
[2024-08-03T17:25:20.944+0000] {processor.py:161} INFO - Started process (PID=8597) to work on /home/airflow/.local/lib/python3.12/site-packages/airflow/example_dags/example_task_group.py
[2024-08-03T17:25:20.947+0000] {processor.py:830} INFO - Processing file /home/airflow/.local/lib/python3.12/site-packages/airflow/example_dags/example_task_group.py for tasks to queue
[2024-08-03T17:25:20.948+0000] {logging_mixin.py:188} INFO - [2024-08-03T17:25:20.947+0000] {dagbag.py:545} INFO - Filling up the DagBag from /home/airflow/.local/lib/python3.12/site-packages/airflow/example_dags/example_task_group.py
[2024-08-03T17:25:20.965+0000] {processor.py:840} INFO - DAG(s) 'example_task_group' retrieved from /home/airflow/.local/lib/python3.12/site-packages/airflow/example_dags/example_task_group.py
[2024-08-03T17:26:27.089+0000] {logging_mixin.py:188} INFO - [2024-08-03T17:26:27.088+0000] {dag.py:3089} INFO - Sync 1 DAGs
[2024-08-03T17:26:27.122+0000] {logging_mixin.py:188} INFO - [2024-08-03T17:26:27.122+0000] {dag.py:3947} INFO - Setting next_dagrun for example_task_group to 2024-08-02 00:00:00+00:00, run_after=2024-08-03 00:00:00+00:00
[2024-08-03T17:26:27.139+0000] {processor.py:183} INFO - Processing /home/airflow/.local/lib/python3.12/site-packages/airflow/example_dags/example_task_group.py took 0.124 seconds
[2024-08-03T17:26:57.657+0000] {processor.py:161} INFO - Started process (PID=8668) to work on /home/airflow/.local/lib/python3.12/site-packages/airflow/example_dags/example_task_group.py
[2024-08-03T17:26:57.658+0000] {processor.py:830} INFO - Processing file /home/airflow/.local/lib/python3.12/site-packages/airflow/example_dags/example_task_group.py for tasks to queue
[2024-08-03T17:26:57.659+0000] {logging_mixin.py:188} INFO - [2024-08-03T17:26:57.658+0000] {dagbag.py:545} INFO - Filling up the DagBag from /home/airflow/.local/lib/python3.12/site-packages/airflow/example_dags/example_task_group.py
[2024-08-03T17:26:57.667+0000] {processor.py:840} INFO - DAG(s) 'example_task_group' retrieved from /home/airflow/.local/lib/python3.12/site-packages/airflow/example_dags/example_task_group.py
[2024-08-03T17:26:57.684+0000] {logging_mixin.py:188} INFO - [2024-08-03T17:26:57.684+0000] {dag.py:3089} INFO - Sync 1 DAGs
[2024-08-03T17:26:57.696+0000] {logging_mixin.py:188} INFO - [2024-08-03T17:26:57.695+0000] {dag.py:3947} INFO - Setting next_dagrun for example_task_group to 2024-08-02 00:00:00+00:00, run_after=2024-08-03 00:00:00+00:00
[2024-08-03T17:26:57.703+0000] {processor.py:183} INFO - Processing /home/airflow/.local/lib/python3.12/site-packages/airflow/example_dags/example_task_group.py took 0.049 seconds
[2024-08-03T17:49:41.342+0000] {processor.py:161} INFO - Started process (PID=8761) to work on /home/airflow/.local/lib/python3.12/site-packages/airflow/example_dags/example_task_group.py
[2024-08-03T17:49:41.350+0000] {processor.py:830} INFO - Processing file /home/airflow/.local/lib/python3.12/site-packages/airflow/example_dags/example_task_group.py for tasks to queue
[2024-08-03T17:49:41.389+0000] {logging_mixin.py:188} INFO - [2024-08-03T17:49:41.372+0000] {dagbag.py:545} INFO - Filling up the DagBag from /home/airflow/.local/lib/python3.12/site-packages/airflow/example_dags/example_task_group.py
[2024-08-03T17:49:41.551+0000] {processor.py:840} INFO - DAG(s) 'example_task_group' retrieved from /home/airflow/.local/lib/python3.12/site-packages/airflow/example_dags/example_task_group.py
[2024-08-03T17:49:41.843+0000] {logging_mixin.py:188} INFO - [2024-08-03T17:49:41.841+0000] {dag.py:3089} INFO - Sync 1 DAGs
[2024-08-03T17:49:42.162+0000] {logging_mixin.py:188} INFO - [2024-08-03T17:49:42.161+0000] {dag.py:3947} INFO - Setting next_dagrun for example_task_group to 2024-08-02 00:00:00+00:00, run_after=2024-08-03 00:00:00+00:00
[2024-08-03T17:49:42.295+0000] {processor.py:183} INFO - Processing /home/airflow/.local/lib/python3.12/site-packages/airflow/example_dags/example_task_group.py took 0.975 seconds
[2024-08-03T18:23:30.222+0000] {processor.py:161} INFO - Started process (PID=8822) to work on /home/airflow/.local/lib/python3.12/site-packages/airflow/example_dags/example_task_group.py
[2024-08-03T18:23:30.225+0000] {processor.py:830} INFO - Processing file /home/airflow/.local/lib/python3.12/site-packages/airflow/example_dags/example_task_group.py for tasks to queue
[2024-08-03T18:23:30.226+0000] {logging_mixin.py:188} INFO - [2024-08-03T18:23:30.225+0000] {dagbag.py:545} INFO - Filling up the DagBag from /home/airflow/.local/lib/python3.12/site-packages/airflow/example_dags/example_task_group.py
[2024-08-03T18:23:30.243+0000] {processor.py:840} INFO - DAG(s) 'example_task_group' retrieved from /home/airflow/.local/lib/python3.12/site-packages/airflow/example_dags/example_task_group.py
[2024-08-03T18:23:30.408+0000] {logging_mixin.py:188} INFO - [2024-08-03T18:23:30.408+0000] {dag.py:3089} INFO - Sync 1 DAGs
[2024-08-03T18:23:30.504+0000] {logging_mixin.py:188} INFO - [2024-08-03T18:23:30.504+0000] {dag.py:3947} INFO - Setting next_dagrun for example_task_group to 2024-08-02 00:00:00+00:00, run_after=2024-08-03 00:00:00+00:00
[2024-08-03T18:23:30.544+0000] {processor.py:183} INFO - Processing /home/airflow/.local/lib/python3.12/site-packages/airflow/example_dags/example_task_group.py took 0.332 seconds
[2024-08-03T19:08:49.442+0000] {processor.py:161} INFO - Started process (PID=8874) to work on /home/airflow/.local/lib/python3.12/site-packages/airflow/example_dags/example_task_group.py
[2024-08-03T19:08:49.455+0000] {processor.py:830} INFO - Processing file /home/airflow/.local/lib/python3.12/site-packages/airflow/example_dags/example_task_group.py for tasks to queue
[2024-08-03T19:08:49.470+0000] {logging_mixin.py:188} INFO - [2024-08-03T19:08:49.466+0000] {dagbag.py:545} INFO - Filling up the DagBag from /home/airflow/.local/lib/python3.12/site-packages/airflow/example_dags/example_task_group.py
[2024-08-03T19:08:49.884+0000] {processor.py:840} INFO - DAG(s) 'example_task_group' retrieved from /home/airflow/.local/lib/python3.12/site-packages/airflow/example_dags/example_task_group.py
[2024-08-03T19:08:50.486+0000] {logging_mixin.py:188} INFO - [2024-08-03T19:08:50.471+0000] {dag.py:3089} INFO - Sync 1 DAGs
[2024-08-03T19:08:50.847+0000] {logging_mixin.py:188} INFO - [2024-08-03T19:08:50.846+0000] {dag.py:3947} INFO - Setting next_dagrun for example_task_group to 2024-08-02 00:00:00+00:00, run_after=2024-08-03 00:00:00+00:00
[2024-08-03T19:08:51.007+0000] {processor.py:183} INFO - Processing /home/airflow/.local/lib/python3.12/site-packages/airflow/example_dags/example_task_group.py took 1.626 seconds
[2024-08-03T20:16:20.315+0000] {processor.py:161} INFO - Started process (PID=8940) to work on /home/airflow/.local/lib/python3.12/site-packages/airflow/example_dags/example_task_group.py
[2024-08-03T20:16:20.341+0000] {processor.py:830} INFO - Processing file /home/airflow/.local/lib/python3.12/site-packages/airflow/example_dags/example_task_group.py for tasks to queue
[2024-08-03T20:16:20.354+0000] {logging_mixin.py:188} INFO - [2024-08-03T20:16:20.348+0000] {dagbag.py:545} INFO - Filling up the DagBag from /home/airflow/.local/lib/python3.12/site-packages/airflow/example_dags/example_task_group.py
[2024-08-03T20:16:20.451+0000] {processor.py:840} INFO - DAG(s) 'example_task_group' retrieved from /home/airflow/.local/lib/python3.12/site-packages/airflow/example_dags/example_task_group.py
[2024-08-03T20:16:20.603+0000] {logging_mixin.py:188} INFO - [2024-08-03T20:16:20.601+0000] {dag.py:3089} INFO - Sync 1 DAGs
[2024-08-03T20:16:20.702+0000] {logging_mixin.py:188} INFO - [2024-08-03T20:16:20.700+0000] {dag.py:3947} INFO - Setting next_dagrun for example_task_group to 2024-08-02 00:00:00+00:00, run_after=2024-08-03 00:00:00+00:00
[2024-08-03T20:16:20.772+0000] {processor.py:183} INFO - Processing /home/airflow/.local/lib/python3.12/site-packages/airflow/example_dags/example_task_group.py took 0.502 seconds
[2024-08-03T21:24:51.217+0000] {processor.py:161} INFO - Started process (PID=8991) to work on /home/airflow/.local/lib/python3.12/site-packages/airflow/example_dags/example_task_group.py
[2024-08-03T21:24:51.265+0000] {processor.py:830} INFO - Processing file /home/airflow/.local/lib/python3.12/site-packages/airflow/example_dags/example_task_group.py for tasks to queue
[2024-08-03T21:24:51.306+0000] {logging_mixin.py:188} INFO - [2024-08-03T21:24:51.286+0000] {dagbag.py:545} INFO - Filling up the DagBag from /home/airflow/.local/lib/python3.12/site-packages/airflow/example_dags/example_task_group.py
[2024-08-03T21:24:51.648+0000] {processor.py:840} INFO - DAG(s) 'example_task_group' retrieved from /home/airflow/.local/lib/python3.12/site-packages/airflow/example_dags/example_task_group.py
[2024-08-03T21:24:52.034+0000] {logging_mixin.py:188} INFO - [2024-08-03T21:24:52.027+0000] {dag.py:3089} INFO - Sync 1 DAGs
[2024-08-03T21:24:52.323+0000] {logging_mixin.py:188} INFO - [2024-08-03T21:24:52.317+0000] {dag.py:3947} INFO - Setting next_dagrun for example_task_group to 2024-08-02 00:00:00+00:00, run_after=2024-08-03 00:00:00+00:00
[2024-08-03T21:24:52.553+0000] {processor.py:183} INFO - Processing /home/airflow/.local/lib/python3.12/site-packages/airflow/example_dags/example_task_group.py took 1.601 seconds
[2024-08-03T23:34:51.845+0000] {processor.py:161} INFO - Started process (PID=9061) to work on /home/airflow/.local/lib/python3.12/site-packages/airflow/example_dags/example_task_group.py
[2024-08-03T23:34:51.875+0000] {processor.py:830} INFO - Processing file /home/airflow/.local/lib/python3.12/site-packages/airflow/example_dags/example_task_group.py for tasks to queue
[2024-08-03T23:34:51.884+0000] {logging_mixin.py:188} INFO - [2024-08-03T23:34:51.883+0000] {dagbag.py:545} INFO - Filling up the DagBag from /home/airflow/.local/lib/python3.12/site-packages/airflow/example_dags/example_task_group.py
[2024-08-03T23:34:51.943+0000] {processor.py:840} INFO - DAG(s) 'example_task_group' retrieved from /home/airflow/.local/lib/python3.12/site-packages/airflow/example_dags/example_task_group.py
[2024-08-03T23:34:52.076+0000] {logging_mixin.py:188} INFO - [2024-08-03T23:34:52.075+0000] {dag.py:3089} INFO - Sync 1 DAGs
[2024-08-03T23:34:52.211+0000] {logging_mixin.py:188} INFO - [2024-08-03T23:34:52.209+0000] {dag.py:3947} INFO - Setting next_dagrun for example_task_group to 2024-08-02 00:00:00+00:00, run_after=2024-08-03 00:00:00+00:00
[2024-08-03T23:34:52.329+0000] {processor.py:183} INFO - Processing /home/airflow/.local/lib/python3.12/site-packages/airflow/example_dags/example_task_group.py took 0.525 seconds
