[2024-08-03T00:02:37.976+0000] {processor.py:161} INFO - Started process (PID=7151) to work on /home/airflow/.local/lib/python3.12/site-packages/airflow/example_dags/example_python_decorator.py
[2024-08-03T00:02:38.091+0000] {processor.py:830} INFO - Processing file /home/airflow/.local/lib/python3.12/site-packages/airflow/example_dags/example_python_decorator.py for tasks to queue
[2024-08-03T00:02:38.123+0000] {logging_mixin.py:188} INFO - [2024-08-03T00:02:38.119+0000] {dagbag.py:545} INFO - Filling up the DagBag from /home/airflow/.local/lib/python3.12/site-packages/airflow/example_dags/example_python_decorator.py
[2024-08-03T00:02:38.441+0000] {processor.py:840} INFO - DAG(s) 'example_python_decorator' retrieved from /home/airflow/.local/lib/python3.12/site-packages/airflow/example_dags/example_python_decorator.py
[2024-08-03T00:02:38.857+0000] {logging_mixin.py:188} INFO - [2024-08-03T00:02:38.829+0000] {dag.py:3089} INFO - Sync 1 DAGs
[2024-08-03T00:02:39.122+0000] {logging_mixin.py:188} INFO - [2024-08-03T00:02:39.114+0000] {dag.py:3947} INFO - Setting next_dagrun for example_python_decorator to None, run_after=None
[2024-08-03T00:02:39.788+0000] {processor.py:183} INFO - Processing /home/airflow/.local/lib/python3.12/site-packages/airflow/example_dags/example_python_decorator.py took 2.084 seconds
[2024-08-03T01:57:36.012+0000] {processor.py:161} INFO - Started process (PID=7221) to work on /home/airflow/.local/lib/python3.12/site-packages/airflow/example_dags/example_python_decorator.py
[2024-08-03T01:57:36.033+0000] {processor.py:830} INFO - Processing file /home/airflow/.local/lib/python3.12/site-packages/airflow/example_dags/example_python_decorator.py for tasks to queue
[2024-08-03T01:57:36.046+0000] {logging_mixin.py:188} INFO - [2024-08-03T01:57:36.040+0000] {dagbag.py:545} INFO - Filling up the DagBag from /home/airflow/.local/lib/python3.12/site-packages/airflow/example_dags/example_python_decorator.py
[2024-08-03T01:57:36.526+0000] {processor.py:840} INFO - DAG(s) 'example_python_decorator' retrieved from /home/airflow/.local/lib/python3.12/site-packages/airflow/example_dags/example_python_decorator.py
[2024-08-03T01:57:37.035+0000] {logging_mixin.py:188} INFO - [2024-08-03T01:57:36.990+0000] {dag.py:3089} INFO - Sync 1 DAGs
[2024-08-03T01:57:37.304+0000] {logging_mixin.py:188} INFO - [2024-08-03T01:57:37.301+0000] {dag.py:3947} INFO - Setting next_dagrun for example_python_decorator to None, run_after=None
[2024-08-03T01:57:37.637+0000] {processor.py:183} INFO - Processing /home/airflow/.local/lib/python3.12/site-packages/airflow/example_dags/example_python_decorator.py took 1.718 seconds
[2024-08-03T03:16:49.454+0000] {processor.py:161} INFO - Started process (PID=7271) to work on /home/airflow/.local/lib/python3.12/site-packages/airflow/example_dags/example_python_decorator.py
[2024-08-03T03:16:49.480+0000] {processor.py:830} INFO - Processing file /home/airflow/.local/lib/python3.12/site-packages/airflow/example_dags/example_python_decorator.py for tasks to queue
[2024-08-03T03:16:49.498+0000] {logging_mixin.py:188} INFO - [2024-08-03T03:16:49.495+0000] {dagbag.py:545} INFO - Filling up the DagBag from /home/airflow/.local/lib/python3.12/site-packages/airflow/example_dags/example_python_decorator.py
[2024-08-03T03:16:49.874+0000] {processor.py:840} INFO - DAG(s) 'example_python_decorator' retrieved from /home/airflow/.local/lib/python3.12/site-packages/airflow/example_dags/example_python_decorator.py
[2024-08-03T03:16:50.432+0000] {logging_mixin.py:188} INFO - [2024-08-03T03:16:50.423+0000] {dag.py:3089} INFO - Sync 1 DAGs
[2024-08-03T03:16:50.609+0000] {logging_mixin.py:188} INFO - [2024-08-03T03:16:50.608+0000] {dag.py:3947} INFO - Setting next_dagrun for example_python_decorator to None, run_after=None
[2024-08-03T03:16:50.789+0000] {processor.py:183} INFO - Processing /home/airflow/.local/lib/python3.12/site-packages/airflow/example_dags/example_python_decorator.py took 1.500 seconds
[2024-08-03T03:17:45.402+0000] {processor.py:161} INFO - Started process (PID=7337) to work on /home/airflow/.local/lib/python3.12/site-packages/airflow/example_dags/example_python_decorator.py
[2024-08-03T03:17:45.461+0000] {processor.py:830} INFO - Processing file /home/airflow/.local/lib/python3.12/site-packages/airflow/example_dags/example_python_decorator.py for tasks to queue
[2024-08-03T03:17:45.483+0000] {logging_mixin.py:188} INFO - [2024-08-03T03:17:45.475+0000] {dagbag.py:545} INFO - Filling up the DagBag from /home/airflow/.local/lib/python3.12/site-packages/airflow/example_dags/example_python_decorator.py
[2024-08-03T03:17:46.196+0000] {processor.py:840} INFO - DAG(s) 'example_python_decorator' retrieved from /home/airflow/.local/lib/python3.12/site-packages/airflow/example_dags/example_python_decorator.py
[2024-08-03T03:18:13.303+0000] {logging_mixin.py:188} INFO - [2024-08-03T03:18:13.301+0000] {dag.py:3089} INFO - Sync 1 DAGs
[2024-08-03T03:18:13.381+0000] {logging_mixin.py:188} INFO - [2024-08-03T03:18:13.380+0000] {dag.py:3947} INFO - Setting next_dagrun for example_python_decorator to None, run_after=None
[2024-08-03T03:18:13.563+0000] {processor.py:183} INFO - Processing /home/airflow/.local/lib/python3.12/site-packages/airflow/example_dags/example_python_decorator.py took 1.674 seconds
[2024-08-03T04:31:57.242+0000] {processor.py:161} INFO - Started process (PID=7426) to work on /home/airflow/.local/lib/python3.12/site-packages/airflow/example_dags/example_python_decorator.py
[2024-08-03T04:31:57.268+0000] {processor.py:830} INFO - Processing file /home/airflow/.local/lib/python3.12/site-packages/airflow/example_dags/example_python_decorator.py for tasks to queue
[2024-08-03T04:31:57.284+0000] {logging_mixin.py:188} INFO - [2024-08-03T04:31:57.277+0000] {dagbag.py:545} INFO - Filling up the DagBag from /home/airflow/.local/lib/python3.12/site-packages/airflow/example_dags/example_python_decorator.py
[2024-08-03T04:31:57.539+0000] {processor.py:840} INFO - DAG(s) 'example_python_decorator' retrieved from /home/airflow/.local/lib/python3.12/site-packages/airflow/example_dags/example_python_decorator.py
[2024-08-03T04:31:58.124+0000] {logging_mixin.py:188} INFO - [2024-08-03T04:31:58.107+0000] {dag.py:3089} INFO - Sync 1 DAGs
[2024-08-03T04:31:58.339+0000] {logging_mixin.py:188} INFO - [2024-08-03T04:31:58.337+0000] {dag.py:3947} INFO - Setting next_dagrun for example_python_decorator to None, run_after=None
[2024-08-03T04:31:58.792+0000] {processor.py:183} INFO - Processing /home/airflow/.local/lib/python3.12/site-packages/airflow/example_dags/example_python_decorator.py took 1.685 seconds
[2024-08-03T06:48:08.028+0000] {processor.py:161} INFO - Started process (PID=7493) to work on /home/airflow/.local/lib/python3.12/site-packages/airflow/example_dags/example_python_decorator.py
[2024-08-03T06:48:08.043+0000] {processor.py:830} INFO - Processing file /home/airflow/.local/lib/python3.12/site-packages/airflow/example_dags/example_python_decorator.py for tasks to queue
[2024-08-03T06:48:08.047+0000] {logging_mixin.py:188} INFO - [2024-08-03T06:48:08.045+0000] {dagbag.py:545} INFO - Filling up the DagBag from /home/airflow/.local/lib/python3.12/site-packages/airflow/example_dags/example_python_decorator.py
[2024-08-03T06:48:08.183+0000] {processor.py:840} INFO - DAG(s) 'example_python_decorator' retrieved from /home/airflow/.local/lib/python3.12/site-packages/airflow/example_dags/example_python_decorator.py
[2024-08-03T06:48:08.386+0000] {logging_mixin.py:188} INFO - [2024-08-03T06:48:08.385+0000] {dag.py:3089} INFO - Sync 1 DAGs
[2024-08-03T06:48:08.493+0000] {logging_mixin.py:188} INFO - [2024-08-03T06:48:08.492+0000] {dag.py:3947} INFO - Setting next_dagrun for example_python_decorator to None, run_after=None
[2024-08-03T06:48:08.729+0000] {processor.py:183} INFO - Processing /home/airflow/.local/lib/python3.12/site-packages/airflow/example_dags/example_python_decorator.py took 0.738 seconds
[2024-08-03T09:03:08.163+0000] {processor.py:161} INFO - Started process (PID=7560) to work on /home/airflow/.local/lib/python3.12/site-packages/airflow/example_dags/example_python_decorator.py
[2024-08-03T09:03:08.187+0000] {processor.py:830} INFO - Processing file /home/airflow/.local/lib/python3.12/site-packages/airflow/example_dags/example_python_decorator.py for tasks to queue
[2024-08-03T09:03:08.215+0000] {logging_mixin.py:188} INFO - [2024-08-03T09:03:08.207+0000] {dagbag.py:545} INFO - Filling up the DagBag from /home/airflow/.local/lib/python3.12/site-packages/airflow/example_dags/example_python_decorator.py
[2024-08-03T09:03:08.382+0000] {processor.py:840} INFO - DAG(s) 'example_python_decorator' retrieved from /home/airflow/.local/lib/python3.12/site-packages/airflow/example_dags/example_python_decorator.py
[2024-08-03T09:03:08.607+0000] {logging_mixin.py:188} INFO - [2024-08-03T09:03:08.603+0000] {dag.py:3089} INFO - Sync 1 DAGs
[2024-08-03T09:03:08.721+0000] {logging_mixin.py:188} INFO - [2024-08-03T09:03:08.721+0000] {dag.py:3947} INFO - Setting next_dagrun for example_python_decorator to None, run_after=None
[2024-08-03T09:03:08.986+0000] {processor.py:183} INFO - Processing /home/airflow/.local/lib/python3.12/site-packages/airflow/example_dags/example_python_decorator.py took 0.912 seconds
[2024-08-03T09:53:31.966+0000] {processor.py:161} INFO - Started process (PID=7635) to work on /home/airflow/.local/lib/python3.12/site-packages/airflow/example_dags/example_python_decorator.py
[2024-08-03T09:53:31.991+0000] {processor.py:830} INFO - Processing file /home/airflow/.local/lib/python3.12/site-packages/airflow/example_dags/example_python_decorator.py for tasks to queue
[2024-08-03T09:53:32.000+0000] {logging_mixin.py:188} INFO - [2024-08-03T09:53:31.996+0000] {dagbag.py:545} INFO - Filling up the DagBag from /home/airflow/.local/lib/python3.12/site-packages/airflow/example_dags/example_python_decorator.py
[2024-08-03T09:53:32.111+0000] {processor.py:840} INFO - DAG(s) 'example_python_decorator' retrieved from /home/airflow/.local/lib/python3.12/site-packages/airflow/example_dags/example_python_decorator.py
[2024-08-03T09:53:32.372+0000] {logging_mixin.py:188} INFO - [2024-08-03T09:53:32.364+0000] {dag.py:3089} INFO - Sync 1 DAGs
[2024-08-03T09:53:32.577+0000] {logging_mixin.py:188} INFO - [2024-08-03T09:53:32.575+0000] {dag.py:3947} INFO - Setting next_dagrun for example_python_decorator to None, run_after=None
[2024-08-03T09:53:33.420+0000] {processor.py:183} INFO - Processing /home/airflow/.local/lib/python3.12/site-packages/airflow/example_dags/example_python_decorator.py took 1.589 seconds
[2024-08-03T11:13:44.173+0000] {processor.py:161} INFO - Started process (PID=7725) to work on /home/airflow/.local/lib/python3.12/site-packages/airflow/example_dags/example_python_decorator.py
[2024-08-03T11:13:44.185+0000] {processor.py:830} INFO - Processing file /home/airflow/.local/lib/python3.12/site-packages/airflow/example_dags/example_python_decorator.py for tasks to queue
[2024-08-03T11:13:44.201+0000] {logging_mixin.py:188} INFO - [2024-08-03T11:13:44.198+0000] {dagbag.py:545} INFO - Filling up the DagBag from /home/airflow/.local/lib/python3.12/site-packages/airflow/example_dags/example_python_decorator.py
[2024-08-03T11:13:44.416+0000] {processor.py:840} INFO - DAG(s) 'example_python_decorator' retrieved from /home/airflow/.local/lib/python3.12/site-packages/airflow/example_dags/example_python_decorator.py
[2024-08-03T11:13:46.261+0000] {logging_mixin.py:188} INFO - [2024-08-03T11:13:46.221+0000] {dag.py:3089} INFO - Sync 1 DAGs
[2024-08-03T11:13:46.355+0000] {logging_mixin.py:188} INFO - [2024-08-03T11:13:46.355+0000] {dag.py:3947} INFO - Setting next_dagrun for example_python_decorator to None, run_after=None
[2024-08-03T11:13:46.635+0000] {processor.py:183} INFO - Processing /home/airflow/.local/lib/python3.12/site-packages/airflow/example_dags/example_python_decorator.py took 2.512 seconds
[2024-08-03T13:26:50.853+0000] {processor.py:161} INFO - Started process (PID=7799) to work on /home/airflow/.local/lib/python3.12/site-packages/airflow/example_dags/example_python_decorator.py
[2024-08-03T13:26:50.878+0000] {processor.py:830} INFO - Processing file /home/airflow/.local/lib/python3.12/site-packages/airflow/example_dags/example_python_decorator.py for tasks to queue
[2024-08-03T13:26:50.885+0000] {logging_mixin.py:188} INFO - [2024-08-03T13:26:50.882+0000] {dagbag.py:545} INFO - Filling up the DagBag from /home/airflow/.local/lib/python3.12/site-packages/airflow/example_dags/example_python_decorator.py
[2024-08-03T13:26:51.065+0000] {processor.py:840} INFO - DAG(s) 'example_python_decorator' retrieved from /home/airflow/.local/lib/python3.12/site-packages/airflow/example_dags/example_python_decorator.py
[2024-08-03T13:26:51.309+0000] {logging_mixin.py:188} INFO - [2024-08-03T13:26:51.308+0000] {dag.py:3089} INFO - Sync 1 DAGs
[2024-08-03T13:26:51.440+0000] {logging_mixin.py:188} INFO - [2024-08-03T13:26:51.437+0000] {dag.py:3947} INFO - Setting next_dagrun for example_python_decorator to None, run_after=None
[2024-08-03T13:26:51.560+0000] {processor.py:183} INFO - Processing /home/airflow/.local/lib/python3.12/site-packages/airflow/example_dags/example_python_decorator.py took 0.795 seconds
[2024-08-03T14:17:39.089+0000] {processor.py:161} INFO - Started process (PID=7842) to work on /home/airflow/.local/lib/python3.12/site-packages/airflow/example_dags/example_python_decorator.py
[2024-08-03T14:17:39.100+0000] {processor.py:830} INFO - Processing file /home/airflow/.local/lib/python3.12/site-packages/airflow/example_dags/example_python_decorator.py for tasks to queue
[2024-08-03T14:17:39.103+0000] {logging_mixin.py:188} INFO - [2024-08-03T14:17:39.102+0000] {dagbag.py:545} INFO - Filling up the DagBag from /home/airflow/.local/lib/python3.12/site-packages/airflow/example_dags/example_python_decorator.py
[2024-08-03T14:17:39.188+0000] {processor.py:840} INFO - DAG(s) 'example_python_decorator' retrieved from /home/airflow/.local/lib/python3.12/site-packages/airflow/example_dags/example_python_decorator.py
[2024-08-03T14:17:39.394+0000] {logging_mixin.py:188} INFO - [2024-08-03T14:17:39.394+0000] {dag.py:3089} INFO - Sync 1 DAGs
[2024-08-03T14:17:39.519+0000] {logging_mixin.py:188} INFO - [2024-08-03T14:17:39.518+0000] {dag.py:3947} INFO - Setting next_dagrun for example_python_decorator to None, run_after=None
[2024-08-03T14:17:39.631+0000] {processor.py:183} INFO - Processing /home/airflow/.local/lib/python3.12/site-packages/airflow/example_dags/example_python_decorator.py took 0.597 seconds
[2024-08-03T14:18:18.661+0000] {processor.py:161} INFO - Started process (PID=7903) to work on /home/airflow/.local/lib/python3.12/site-packages/airflow/example_dags/example_python_decorator.py
[2024-08-03T14:18:18.663+0000] {processor.py:830} INFO - Processing file /home/airflow/.local/lib/python3.12/site-packages/airflow/example_dags/example_python_decorator.py for tasks to queue
[2024-08-03T14:18:18.667+0000] {logging_mixin.py:188} INFO - [2024-08-03T14:18:18.667+0000] {dagbag.py:545} INFO - Filling up the DagBag from /home/airflow/.local/lib/python3.12/site-packages/airflow/example_dags/example_python_decorator.py
[2024-08-03T14:18:18.700+0000] {processor.py:840} INFO - DAG(s) 'example_python_decorator' retrieved from /home/airflow/.local/lib/python3.12/site-packages/airflow/example_dags/example_python_decorator.py
[2024-08-03T14:18:18.747+0000] {logging_mixin.py:188} INFO - [2024-08-03T14:18:18.747+0000] {dag.py:3089} INFO - Sync 1 DAGs
[2024-08-03T14:18:18.776+0000] {logging_mixin.py:188} INFO - [2024-08-03T14:18:18.776+0000] {dag.py:3947} INFO - Setting next_dagrun for example_python_decorator to None, run_after=None
[2024-08-03T14:18:18.804+0000] {processor.py:183} INFO - Processing /home/airflow/.local/lib/python3.12/site-packages/airflow/example_dags/example_python_decorator.py took 0.161 seconds
[2024-08-03T14:36:27.746+0000] {processor.py:161} INFO - Started process (PID=7990) to work on /home/airflow/.local/lib/python3.12/site-packages/airflow/example_dags/example_python_decorator.py
[2024-08-03T14:36:27.753+0000] {processor.py:830} INFO - Processing file /home/airflow/.local/lib/python3.12/site-packages/airflow/example_dags/example_python_decorator.py for tasks to queue
[2024-08-03T14:36:27.760+0000] {logging_mixin.py:188} INFO - [2024-08-03T14:36:27.758+0000] {dagbag.py:545} INFO - Filling up the DagBag from /home/airflow/.local/lib/python3.12/site-packages/airflow/example_dags/example_python_decorator.py
[2024-08-03T14:36:27.895+0000] {processor.py:840} INFO - DAG(s) 'example_python_decorator' retrieved from /home/airflow/.local/lib/python3.12/site-packages/airflow/example_dags/example_python_decorator.py
[2024-08-03T14:36:28.132+0000] {logging_mixin.py:188} INFO - [2024-08-03T14:36:28.129+0000] {dag.py:3089} INFO - Sync 1 DAGs
[2024-08-03T14:36:28.313+0000] {logging_mixin.py:188} INFO - [2024-08-03T14:36:28.310+0000] {dag.py:3947} INFO - Setting next_dagrun for example_python_decorator to None, run_after=None
[2024-08-03T14:36:28.494+0000] {processor.py:183} INFO - Processing /home/airflow/.local/lib/python3.12/site-packages/airflow/example_dags/example_python_decorator.py took 0.794 seconds
[2024-08-03T14:42:07.060+0000] {processor.py:161} INFO - Started process (PID=8061) to work on /home/airflow/.local/lib/python3.12/site-packages/airflow/example_dags/example_python_decorator.py
[2024-08-03T14:42:07.069+0000] {processor.py:830} INFO - Processing file /home/airflow/.local/lib/python3.12/site-packages/airflow/example_dags/example_python_decorator.py for tasks to queue
[2024-08-03T14:42:07.082+0000] {logging_mixin.py:188} INFO - [2024-08-03T14:42:07.081+0000] {dagbag.py:545} INFO - Filling up the DagBag from /home/airflow/.local/lib/python3.12/site-packages/airflow/example_dags/example_python_decorator.py
[2024-08-03T14:42:07.297+0000] {processor.py:840} INFO - DAG(s) 'example_python_decorator' retrieved from /home/airflow/.local/lib/python3.12/site-packages/airflow/example_dags/example_python_decorator.py
[2024-08-03T14:42:07.368+0000] {logging_mixin.py:188} INFO - [2024-08-03T14:42:07.368+0000] {dag.py:3089} INFO - Sync 1 DAGs
[2024-08-03T14:42:07.493+0000] {logging_mixin.py:188} INFO - [2024-08-03T14:42:07.493+0000] {dag.py:3947} INFO - Setting next_dagrun for example_python_decorator to None, run_after=None
[2024-08-03T14:42:07.624+0000] {processor.py:183} INFO - Processing /home/airflow/.local/lib/python3.12/site-packages/airflow/example_dags/example_python_decorator.py took 0.645 seconds
[2024-08-03T14:42:38.268+0000] {processor.py:161} INFO - Started process (PID=8122) to work on /home/airflow/.local/lib/python3.12/site-packages/airflow/example_dags/example_python_decorator.py
[2024-08-03T14:42:38.270+0000] {processor.py:830} INFO - Processing file /home/airflow/.local/lib/python3.12/site-packages/airflow/example_dags/example_python_decorator.py for tasks to queue
[2024-08-03T14:42:38.272+0000] {logging_mixin.py:188} INFO - [2024-08-03T14:42:38.272+0000] {dagbag.py:545} INFO - Filling up the DagBag from /home/airflow/.local/lib/python3.12/site-packages/airflow/example_dags/example_python_decorator.py
[2024-08-03T14:42:38.291+0000] {processor.py:840} INFO - DAG(s) 'example_python_decorator' retrieved from /home/airflow/.local/lib/python3.12/site-packages/airflow/example_dags/example_python_decorator.py
[2024-08-03T14:42:38.328+0000] {logging_mixin.py:188} INFO - [2024-08-03T14:42:38.328+0000] {dag.py:3089} INFO - Sync 1 DAGs
[2024-08-03T14:42:38.344+0000] {logging_mixin.py:188} INFO - [2024-08-03T14:42:38.344+0000] {dag.py:3947} INFO - Setting next_dagrun for example_python_decorator to None, run_after=None
[2024-08-03T14:42:38.370+0000] {processor.py:183} INFO - Processing /home/airflow/.local/lib/python3.12/site-packages/airflow/example_dags/example_python_decorator.py took 0.109 seconds
[2024-08-03T14:43:08.567+0000] {processor.py:161} INFO - Started process (PID=8182) to work on /home/airflow/.local/lib/python3.12/site-packages/airflow/example_dags/example_python_decorator.py
[2024-08-03T14:43:08.575+0000] {processor.py:830} INFO - Processing file /home/airflow/.local/lib/python3.12/site-packages/airflow/example_dags/example_python_decorator.py for tasks to queue
[2024-08-03T14:43:08.580+0000] {logging_mixin.py:188} INFO - [2024-08-03T14:43:08.577+0000] {dagbag.py:545} INFO - Filling up the DagBag from /home/airflow/.local/lib/python3.12/site-packages/airflow/example_dags/example_python_decorator.py
[2024-08-03T14:43:08.628+0000] {processor.py:840} INFO - DAG(s) 'example_python_decorator' retrieved from /home/airflow/.local/lib/python3.12/site-packages/airflow/example_dags/example_python_decorator.py
[2024-08-03T14:43:08.663+0000] {logging_mixin.py:188} INFO - [2024-08-03T14:43:08.662+0000] {dag.py:3089} INFO - Sync 1 DAGs
[2024-08-03T14:43:08.688+0000] {logging_mixin.py:188} INFO - [2024-08-03T14:43:08.688+0000] {dag.py:3947} INFO - Setting next_dagrun for example_python_decorator to None, run_after=None
[2024-08-03T14:43:08.710+0000] {processor.py:183} INFO - Processing /home/airflow/.local/lib/python3.12/site-packages/airflow/example_dags/example_python_decorator.py took 0.153 seconds
[2024-08-03T14:43:39.537+0000] {processor.py:161} INFO - Started process (PID=8258) to work on /home/airflow/.local/lib/python3.12/site-packages/airflow/example_dags/example_python_decorator.py
[2024-08-03T14:43:39.545+0000] {processor.py:830} INFO - Processing file /home/airflow/.local/lib/python3.12/site-packages/airflow/example_dags/example_python_decorator.py for tasks to queue
[2024-08-03T14:43:39.547+0000] {logging_mixin.py:188} INFO - [2024-08-03T14:43:39.547+0000] {dagbag.py:545} INFO - Filling up the DagBag from /home/airflow/.local/lib/python3.12/site-packages/airflow/example_dags/example_python_decorator.py
[2024-08-03T14:43:39.578+0000] {processor.py:840} INFO - DAG(s) 'example_python_decorator' retrieved from /home/airflow/.local/lib/python3.12/site-packages/airflow/example_dags/example_python_decorator.py
[2024-08-03T14:43:39.913+0000] {logging_mixin.py:188} INFO - [2024-08-03T14:43:39.912+0000] {dag.py:3089} INFO - Sync 1 DAGs
[2024-08-03T14:43:39.957+0000] {logging_mixin.py:188} INFO - [2024-08-03T14:43:39.957+0000] {dag.py:3947} INFO - Setting next_dagrun for example_python_decorator to None, run_after=None
[2024-08-03T14:43:40.044+0000] {processor.py:183} INFO - Processing /home/airflow/.local/lib/python3.12/site-packages/airflow/example_dags/example_python_decorator.py took 0.535 seconds
[2024-08-03T15:05:39.850+0000] {processor.py:161} INFO - Started process (PID=8340) to work on /home/airflow/.local/lib/python3.12/site-packages/airflow/example_dags/example_python_decorator.py
[2024-08-03T15:05:39.862+0000] {processor.py:830} INFO - Processing file /home/airflow/.local/lib/python3.12/site-packages/airflow/example_dags/example_python_decorator.py for tasks to queue
[2024-08-03T15:05:39.867+0000] {logging_mixin.py:188} INFO - [2024-08-03T15:05:39.866+0000] {dagbag.py:545} INFO - Filling up the DagBag from /home/airflow/.local/lib/python3.12/site-packages/airflow/example_dags/example_python_decorator.py
[2024-08-03T15:05:40.016+0000] {processor.py:840} INFO - DAG(s) 'example_python_decorator' retrieved from /home/airflow/.local/lib/python3.12/site-packages/airflow/example_dags/example_python_decorator.py
[2024-08-03T15:05:40.382+0000] {logging_mixin.py:188} INFO - [2024-08-03T15:05:40.372+0000] {dag.py:3089} INFO - Sync 1 DAGs
[2024-08-03T15:05:40.471+0000] {logging_mixin.py:188} INFO - [2024-08-03T15:05:40.468+0000] {dag.py:3947} INFO - Setting next_dagrun for example_python_decorator to None, run_after=None
[2024-08-03T15:05:40.559+0000] {processor.py:183} INFO - Processing /home/airflow/.local/lib/python3.12/site-packages/airflow/example_dags/example_python_decorator.py took 0.745 seconds
[2024-08-03T15:55:08.662+0000] {processor.py:161} INFO - Started process (PID=8406) to work on /home/airflow/.local/lib/python3.12/site-packages/airflow/example_dags/example_python_decorator.py
[2024-08-03T15:55:08.668+0000] {processor.py:830} INFO - Processing file /home/airflow/.local/lib/python3.12/site-packages/airflow/example_dags/example_python_decorator.py for tasks to queue
[2024-08-03T15:55:08.674+0000] {logging_mixin.py:188} INFO - [2024-08-03T15:55:08.672+0000] {dagbag.py:545} INFO - Filling up the DagBag from /home/airflow/.local/lib/python3.12/site-packages/airflow/example_dags/example_python_decorator.py
[2024-08-03T15:55:08.779+0000] {processor.py:840} INFO - DAG(s) 'example_python_decorator' retrieved from /home/airflow/.local/lib/python3.12/site-packages/airflow/example_dags/example_python_decorator.py
[2024-08-03T15:55:08.863+0000] {logging_mixin.py:188} INFO - [2024-08-03T15:55:08.862+0000] {dag.py:3089} INFO - Sync 1 DAGs
[2024-08-03T15:55:08.895+0000] {logging_mixin.py:188} INFO - [2024-08-03T15:55:08.895+0000] {dag.py:3947} INFO - Setting next_dagrun for example_python_decorator to None, run_after=None
[2024-08-03T15:55:08.950+0000] {processor.py:183} INFO - Processing /home/airflow/.local/lib/python3.12/site-packages/airflow/example_dags/example_python_decorator.py took 0.337 seconds
[2024-08-03T17:01:26.604+0000] {processor.py:161} INFO - Started process (PID=8453) to work on /home/airflow/.local/lib/python3.12/site-packages/airflow/example_dags/example_python_decorator.py
[2024-08-03T17:01:26.619+0000] {processor.py:830} INFO - Processing file /home/airflow/.local/lib/python3.12/site-packages/airflow/example_dags/example_python_decorator.py for tasks to queue
[2024-08-03T17:01:26.644+0000] {logging_mixin.py:188} INFO - [2024-08-03T17:01:26.635+0000] {dagbag.py:545} INFO - Filling up the DagBag from /home/airflow/.local/lib/python3.12/site-packages/airflow/example_dags/example_python_decorator.py
[2024-08-03T17:01:26.855+0000] {processor.py:840} INFO - DAG(s) 'example_python_decorator' retrieved from /home/airflow/.local/lib/python3.12/site-packages/airflow/example_dags/example_python_decorator.py
[2024-08-03T17:01:27.510+0000] {logging_mixin.py:188} INFO - [2024-08-03T17:01:27.502+0000] {dag.py:3089} INFO - Sync 1 DAGs
[2024-08-03T17:01:27.651+0000] {logging_mixin.py:188} INFO - [2024-08-03T17:01:27.650+0000] {dag.py:3947} INFO - Setting next_dagrun for example_python_decorator to None, run_after=None
[2024-08-03T17:01:27.855+0000] {processor.py:183} INFO - Processing /home/airflow/.local/lib/python3.12/site-packages/airflow/example_dags/example_python_decorator.py took 1.513 seconds
[2024-08-03T17:24:38.763+0000] {processor.py:161} INFO - Started process (PID=8514) to work on /home/airflow/.local/lib/python3.12/site-packages/airflow/example_dags/example_python_decorator.py
[2024-08-03T17:24:38.769+0000] {processor.py:830} INFO - Processing file /home/airflow/.local/lib/python3.12/site-packages/airflow/example_dags/example_python_decorator.py for tasks to queue
[2024-08-03T17:24:38.787+0000] {logging_mixin.py:188} INFO - [2024-08-03T17:24:38.782+0000] {dagbag.py:545} INFO - Filling up the DagBag from /home/airflow/.local/lib/python3.12/site-packages/airflow/example_dags/example_python_decorator.py
[2024-08-03T17:24:39.049+0000] {processor.py:840} INFO - DAG(s) 'example_python_decorator' retrieved from /home/airflow/.local/lib/python3.12/site-packages/airflow/example_dags/example_python_decorator.py
[2024-08-03T17:24:39.375+0000] {logging_mixin.py:188} INFO - [2024-08-03T17:24:39.372+0000] {dag.py:3089} INFO - Sync 1 DAGs
[2024-08-03T17:24:39.597+0000] {logging_mixin.py:188} INFO - [2024-08-03T17:24:39.589+0000] {dag.py:3947} INFO - Setting next_dagrun for example_python_decorator to None, run_after=None
[2024-08-03T17:24:40.087+0000] {processor.py:183} INFO - Processing /home/airflow/.local/lib/python3.12/site-packages/airflow/example_dags/example_python_decorator.py took 1.338 seconds
[2024-08-03T17:25:10.382+0000] {processor.py:161} INFO - Started process (PID=8575) to work on /home/airflow/.local/lib/python3.12/site-packages/airflow/example_dags/example_python_decorator.py
[2024-08-03T17:25:10.385+0000] {processor.py:830} INFO - Processing file /home/airflow/.local/lib/python3.12/site-packages/airflow/example_dags/example_python_decorator.py for tasks to queue
[2024-08-03T17:25:10.388+0000] {logging_mixin.py:188} INFO - [2024-08-03T17:25:10.388+0000] {dagbag.py:545} INFO - Filling up the DagBag from /home/airflow/.local/lib/python3.12/site-packages/airflow/example_dags/example_python_decorator.py
[2024-08-03T17:25:10.410+0000] {processor.py:840} INFO - DAG(s) 'example_python_decorator' retrieved from /home/airflow/.local/lib/python3.12/site-packages/airflow/example_dags/example_python_decorator.py
[2024-08-03T17:25:10.432+0000] {logging_mixin.py:188} INFO - [2024-08-03T17:25:10.431+0000] {dag.py:3089} INFO - Sync 1 DAGs
[2024-08-03T17:25:10.443+0000] {logging_mixin.py:188} INFO - [2024-08-03T17:25:10.443+0000] {dag.py:3947} INFO - Setting next_dagrun for example_python_decorator to None, run_after=None
[2024-08-03T17:25:10.463+0000] {processor.py:183} INFO - Processing /home/airflow/.local/lib/python3.12/site-packages/airflow/example_dags/example_python_decorator.py took 0.093 seconds
[2024-08-03T17:26:29.288+0000] {processor.py:161} INFO - Started process (PID=8616) to work on /home/airflow/.local/lib/python3.12/site-packages/airflow/example_dags/example_python_decorator.py
[2024-08-03T17:26:29.293+0000] {processor.py:830} INFO - Processing file /home/airflow/.local/lib/python3.12/site-packages/airflow/example_dags/example_python_decorator.py for tasks to queue
[2024-08-03T17:26:29.300+0000] {logging_mixin.py:188} INFO - [2024-08-03T17:26:29.297+0000] {dagbag.py:545} INFO - Filling up the DagBag from /home/airflow/.local/lib/python3.12/site-packages/airflow/example_dags/example_python_decorator.py
[2024-08-03T17:26:29.396+0000] {processor.py:840} INFO - DAG(s) 'example_python_decorator' retrieved from /home/airflow/.local/lib/python3.12/site-packages/airflow/example_dags/example_python_decorator.py
[2024-08-03T17:26:29.533+0000] {logging_mixin.py:188} INFO - [2024-08-03T17:26:29.532+0000] {dag.py:3089} INFO - Sync 1 DAGs
[2024-08-03T17:26:29.586+0000] {logging_mixin.py:188} INFO - [2024-08-03T17:26:29.586+0000] {dag.py:3947} INFO - Setting next_dagrun for example_python_decorator to None, run_after=None
[2024-08-03T17:26:29.632+0000] {processor.py:183} INFO - Processing /home/airflow/.local/lib/python3.12/site-packages/airflow/example_dags/example_python_decorator.py took 0.405 seconds
[2024-08-03T17:27:00.293+0000] {processor.py:161} INFO - Started process (PID=8676) to work on /home/airflow/.local/lib/python3.12/site-packages/airflow/example_dags/example_python_decorator.py
[2024-08-03T17:27:00.299+0000] {processor.py:830} INFO - Processing file /home/airflow/.local/lib/python3.12/site-packages/airflow/example_dags/example_python_decorator.py for tasks to queue
[2024-08-03T17:27:00.302+0000] {logging_mixin.py:188} INFO - [2024-08-03T17:27:00.302+0000] {dagbag.py:545} INFO - Filling up the DagBag from /home/airflow/.local/lib/python3.12/site-packages/airflow/example_dags/example_python_decorator.py
[2024-08-03T17:27:00.315+0000] {processor.py:840} INFO - DAG(s) 'example_python_decorator' retrieved from /home/airflow/.local/lib/python3.12/site-packages/airflow/example_dags/example_python_decorator.py
[2024-08-03T17:27:00.340+0000] {logging_mixin.py:188} INFO - [2024-08-03T17:27:00.340+0000] {dag.py:3089} INFO - Sync 1 DAGs
[2024-08-03T17:27:00.351+0000] {logging_mixin.py:188} INFO - [2024-08-03T17:27:00.351+0000] {dag.py:3947} INFO - Setting next_dagrun for example_python_decorator to None, run_after=None
[2024-08-03T17:27:00.369+0000] {processor.py:183} INFO - Processing /home/airflow/.local/lib/python3.12/site-packages/airflow/example_dags/example_python_decorator.py took 0.086 seconds
[2024-08-03T17:49:28.734+0000] {processor.py:161} INFO - Started process (PID=8745) to work on /home/airflow/.local/lib/python3.12/site-packages/airflow/example_dags/example_python_decorator.py
[2024-08-03T17:49:28.743+0000] {processor.py:830} INFO - Processing file /home/airflow/.local/lib/python3.12/site-packages/airflow/example_dags/example_python_decorator.py for tasks to queue
[2024-08-03T17:49:28.757+0000] {logging_mixin.py:188} INFO - [2024-08-03T17:49:28.754+0000] {dagbag.py:545} INFO - Filling up the DagBag from /home/airflow/.local/lib/python3.12/site-packages/airflow/example_dags/example_python_decorator.py
[2024-08-03T17:49:28.928+0000] {processor.py:840} INFO - DAG(s) 'example_python_decorator' retrieved from /home/airflow/.local/lib/python3.12/site-packages/airflow/example_dags/example_python_decorator.py
[2024-08-03T17:49:29.176+0000] {logging_mixin.py:188} INFO - [2024-08-03T17:49:29.172+0000] {dag.py:3089} INFO - Sync 1 DAGs
[2024-08-03T17:49:29.293+0000] {logging_mixin.py:188} INFO - [2024-08-03T17:49:29.292+0000] {dag.py:3947} INFO - Setting next_dagrun for example_python_decorator to None, run_after=None
[2024-08-03T17:49:29.395+0000] {processor.py:183} INFO - Processing /home/airflow/.local/lib/python3.12/site-packages/airflow/example_dags/example_python_decorator.py took 0.711 seconds
[2024-08-03T18:23:27.711+0000] {processor.py:161} INFO - Started process (PID=8806) to work on /home/airflow/.local/lib/python3.12/site-packages/airflow/example_dags/example_python_decorator.py
[2024-08-03T18:23:27.716+0000] {processor.py:830} INFO - Processing file /home/airflow/.local/lib/python3.12/site-packages/airflow/example_dags/example_python_decorator.py for tasks to queue
[2024-08-03T18:23:27.728+0000] {logging_mixin.py:188} INFO - [2024-08-03T18:23:27.727+0000] {dagbag.py:545} INFO - Filling up the DagBag from /home/airflow/.local/lib/python3.12/site-packages/airflow/example_dags/example_python_decorator.py
[2024-08-03T18:23:27.806+0000] {processor.py:840} INFO - DAG(s) 'example_python_decorator' retrieved from /home/airflow/.local/lib/python3.12/site-packages/airflow/example_dags/example_python_decorator.py
[2024-08-03T18:23:27.923+0000] {logging_mixin.py:188} INFO - [2024-08-03T18:23:27.922+0000] {dag.py:3089} INFO - Sync 1 DAGs
[2024-08-03T18:23:27.971+0000] {logging_mixin.py:188} INFO - [2024-08-03T18:23:27.970+0000] {dag.py:3947} INFO - Setting next_dagrun for example_python_decorator to None, run_after=None
[2024-08-03T18:23:28.056+0000] {processor.py:183} INFO - Processing /home/airflow/.local/lib/python3.12/site-packages/airflow/example_dags/example_python_decorator.py took 0.380 seconds
[2024-08-03T19:08:39.142+0000] {processor.py:161} INFO - Started process (PID=8858) to work on /home/airflow/.local/lib/python3.12/site-packages/airflow/example_dags/example_python_decorator.py
[2024-08-03T19:08:39.145+0000] {processor.py:830} INFO - Processing file /home/airflow/.local/lib/python3.12/site-packages/airflow/example_dags/example_python_decorator.py for tasks to queue
[2024-08-03T19:08:39.154+0000] {logging_mixin.py:188} INFO - [2024-08-03T19:08:39.152+0000] {dagbag.py:545} INFO - Filling up the DagBag from /home/airflow/.local/lib/python3.12/site-packages/airflow/example_dags/example_python_decorator.py
[2024-08-03T19:08:39.306+0000] {processor.py:840} INFO - DAG(s) 'example_python_decorator' retrieved from /home/airflow/.local/lib/python3.12/site-packages/airflow/example_dags/example_python_decorator.py
[2024-08-03T19:08:39.435+0000] {logging_mixin.py:188} INFO - [2024-08-03T19:08:39.434+0000] {dag.py:3089} INFO - Sync 1 DAGs
[2024-08-03T19:08:39.522+0000] {logging_mixin.py:188} INFO - [2024-08-03T19:08:39.521+0000] {dag.py:3947} INFO - Setting next_dagrun for example_python_decorator to None, run_after=None
[2024-08-03T19:08:39.679+0000] {processor.py:183} INFO - Processing /home/airflow/.local/lib/python3.12/site-packages/airflow/example_dags/example_python_decorator.py took 0.610 seconds
[2024-08-03T20:16:14.677+0000] {processor.py:161} INFO - Started process (PID=8918) to work on /home/airflow/.local/lib/python3.12/site-packages/airflow/example_dags/example_python_decorator.py
[2024-08-03T20:16:14.686+0000] {processor.py:830} INFO - Processing file /home/airflow/.local/lib/python3.12/site-packages/airflow/example_dags/example_python_decorator.py for tasks to queue
[2024-08-03T20:16:14.694+0000] {logging_mixin.py:188} INFO - [2024-08-03T20:16:14.692+0000] {dagbag.py:545} INFO - Filling up the DagBag from /home/airflow/.local/lib/python3.12/site-packages/airflow/example_dags/example_python_decorator.py
[2024-08-03T20:16:14.983+0000] {processor.py:840} INFO - DAG(s) 'example_python_decorator' retrieved from /home/airflow/.local/lib/python3.12/site-packages/airflow/example_dags/example_python_decorator.py
[2024-08-03T20:16:15.181+0000] {logging_mixin.py:188} INFO - [2024-08-03T20:16:15.180+0000] {dag.py:3089} INFO - Sync 1 DAGs
[2024-08-03T20:16:15.283+0000] {logging_mixin.py:188} INFO - [2024-08-03T20:16:15.282+0000] {dag.py:3947} INFO - Setting next_dagrun for example_python_decorator to None, run_after=None
[2024-08-03T20:16:15.425+0000] {processor.py:183} INFO - Processing /home/airflow/.local/lib/python3.12/site-packages/airflow/example_dags/example_python_decorator.py took 0.803 seconds
[2024-08-03T21:24:41.112+0000] {processor.py:161} INFO - Started process (PID=8966) to work on /home/airflow/.local/lib/python3.12/site-packages/airflow/example_dags/example_python_decorator.py
[2024-08-03T21:24:41.116+0000] {processor.py:830} INFO - Processing file /home/airflow/.local/lib/python3.12/site-packages/airflow/example_dags/example_python_decorator.py for tasks to queue
[2024-08-03T21:24:41.118+0000] {logging_mixin.py:188} INFO - [2024-08-03T21:24:41.117+0000] {dagbag.py:545} INFO - Filling up the DagBag from /home/airflow/.local/lib/python3.12/site-packages/airflow/example_dags/example_python_decorator.py
[2024-08-03T21:24:41.140+0000] {processor.py:840} INFO - DAG(s) 'example_python_decorator' retrieved from /home/airflow/.local/lib/python3.12/site-packages/airflow/example_dags/example_python_decorator.py
[2024-08-03T21:24:41.244+0000] {logging_mixin.py:188} INFO - [2024-08-03T21:24:41.244+0000] {dag.py:3089} INFO - Sync 1 DAGs
[2024-08-03T21:24:41.299+0000] {logging_mixin.py:188} INFO - [2024-08-03T21:24:41.298+0000] {dag.py:3947} INFO - Setting next_dagrun for example_python_decorator to None, run_after=None
[2024-08-03T21:24:41.406+0000] {processor.py:183} INFO - Processing /home/airflow/.local/lib/python3.12/site-packages/airflow/example_dags/example_python_decorator.py took 0.306 seconds
[2024-08-03T22:28:55.213+0000] {processor.py:161} INFO - Started process (PID=9035) to work on /home/airflow/.local/lib/python3.12/site-packages/airflow/example_dags/example_python_decorator.py
[2024-08-03T22:28:55.289+0000] {processor.py:830} INFO - Processing file /home/airflow/.local/lib/python3.12/site-packages/airflow/example_dags/example_python_decorator.py for tasks to queue
[2024-08-03T22:28:55.369+0000] {logging_mixin.py:188} INFO - [2024-08-03T22:28:55.327+0000] {dagbag.py:545} INFO - Filling up the DagBag from /home/airflow/.local/lib/python3.12/site-packages/airflow/example_dags/example_python_decorator.py
[2024-08-03T22:28:56.002+0000] {processor.py:840} INFO - DAG(s) 'example_python_decorator' retrieved from /home/airflow/.local/lib/python3.12/site-packages/airflow/example_dags/example_python_decorator.py
[2024-08-03T22:28:56.695+0000] {logging_mixin.py:188} INFO - [2024-08-03T22:28:56.680+0000] {dag.py:3089} INFO - Sync 1 DAGs
[2024-08-03T22:28:56.859+0000] {logging_mixin.py:188} INFO - [2024-08-03T22:28:56.859+0000] {dag.py:3947} INFO - Setting next_dagrun for example_python_decorator to None, run_after=None
[2024-08-03T22:28:57.016+0000] {processor.py:183} INFO - Processing /home/airflow/.local/lib/python3.12/site-packages/airflow/example_dags/example_python_decorator.py took 2.180 seconds
