[2024-08-03T00:02:49.307+0000] {processor.py:161} INFO - Started process (PID=7169) to work on /home/airflow/.local/lib/python3.12/site-packages/airflow/example_dags/example_subdag_operator.py
[2024-08-03T00:02:49.336+0000] {processor.py:830} INFO - Processing file /home/airflow/.local/lib/python3.12/site-packages/airflow/example_dags/example_subdag_operator.py for tasks to queue
[2024-08-03T00:02:49.355+0000] {logging_mixin.py:188} INFO - [2024-08-03T00:02:49.345+0000] {dagbag.py:545} INFO - Filling up the DagBag from /home/airflow/.local/lib/python3.12/site-packages/airflow/example_dags/example_subdag_operator.py
[2024-08-03T00:02:50.384+0000] {processor.py:840} INFO - DAG(s) 'example_subdag_operator.section-1', 'example_subdag_operator.section-2', 'example_subdag_operator' retrieved from /home/airflow/.local/lib/python3.12/site-packages/airflow/example_dags/example_subdag_operator.py
[2024-08-03T00:02:51.518+0000] {logging_mixin.py:188} INFO - [2024-08-03T00:02:51.498+0000] {dag.py:3089} INFO - Sync 3 DAGs
[2024-08-03T00:02:51.875+0000] {logging_mixin.py:188} INFO - [2024-08-03T00:02:51.873+0000] {dag.py:3947} INFO - Setting next_dagrun for example_subdag_operator to 2022-01-01 00:00:00+00:00, run_after=2022-01-01 00:00:00+00:00
[2024-08-03T00:02:51.918+0000] {logging_mixin.py:188} INFO - [2024-08-03T00:02:51.918+0000] {dag.py:3947} INFO - Setting next_dagrun for example_subdag_operator.section-1 to None, run_after=None
[2024-08-03T00:02:51.932+0000] {logging_mixin.py:188} INFO - [2024-08-03T00:02:51.932+0000] {dag.py:3947} INFO - Setting next_dagrun for example_subdag_operator.section-2 to None, run_after=None
[2024-08-03T00:02:52.402+0000] {logging_mixin.py:188} INFO - [2024-08-03T00:02:52.348+0000] {dag.py:3089} INFO - Sync 2 DAGs
[2024-08-03T00:02:52.620+0000] {logging_mixin.py:188} INFO - [2024-08-03T00:02:52.618+0000] {dag.py:3947} INFO - Setting next_dagrun for example_subdag_operator.section-1 to None, run_after=None
[2024-08-03T00:02:52.628+0000] {logging_mixin.py:188} INFO - [2024-08-03T00:02:52.627+0000] {dag.py:3947} INFO - Setting next_dagrun for example_subdag_operator.section-2 to None, run_after=None
[2024-08-03T00:02:52.907+0000] {processor.py:183} INFO - Processing /home/airflow/.local/lib/python3.12/site-packages/airflow/example_dags/example_subdag_operator.py took 3.685 seconds
[2024-08-03T02:26:56.115+0000] {processor.py:161} INFO - Started process (PID=7249) to work on /home/airflow/.local/lib/python3.12/site-packages/airflow/example_dags/example_subdag_operator.py
[2024-08-03T02:26:56.133+0000] {processor.py:830} INFO - Processing file /home/airflow/.local/lib/python3.12/site-packages/airflow/example_dags/example_subdag_operator.py for tasks to queue
[2024-08-03T02:26:56.179+0000] {logging_mixin.py:188} INFO - [2024-08-03T02:26:56.159+0000] {dagbag.py:545} INFO - Filling up the DagBag from /home/airflow/.local/lib/python3.12/site-packages/airflow/example_dags/example_subdag_operator.py
[2024-08-03T02:26:56.687+0000] {processor.py:840} INFO - DAG(s) 'example_subdag_operator.section-1', 'example_subdag_operator.section-2', 'example_subdag_operator' retrieved from /home/airflow/.local/lib/python3.12/site-packages/airflow/example_dags/example_subdag_operator.py
[2024-08-03T02:26:56.811+0000] {logging_mixin.py:188} INFO - [2024-08-03T02:26:56.808+0000] {dag.py:3089} INFO - Sync 3 DAGs
[2024-08-03T02:26:57.050+0000] {logging_mixin.py:188} INFO - [2024-08-03T02:26:57.042+0000] {dag.py:3947} INFO - Setting next_dagrun for example_subdag_operator to 2022-01-01 00:00:00+00:00, run_after=2022-01-01 00:00:00+00:00
[2024-08-03T02:26:57.091+0000] {logging_mixin.py:188} INFO - [2024-08-03T02:26:57.082+0000] {dag.py:3947} INFO - Setting next_dagrun for example_subdag_operator.section-1 to None, run_after=None
[2024-08-03T02:26:57.100+0000] {logging_mixin.py:188} INFO - [2024-08-03T02:26:57.099+0000] {dag.py:3947} INFO - Setting next_dagrun for example_subdag_operator.section-2 to None, run_after=None
[2024-08-03T02:26:57.186+0000] {logging_mixin.py:188} INFO - [2024-08-03T02:26:57.185+0000] {dag.py:3089} INFO - Sync 2 DAGs
[2024-08-03T02:26:57.258+0000] {logging_mixin.py:188} INFO - [2024-08-03T02:26:57.257+0000] {dag.py:3947} INFO - Setting next_dagrun for example_subdag_operator.section-1 to None, run_after=None
[2024-08-03T02:26:57.261+0000] {logging_mixin.py:188} INFO - [2024-08-03T02:26:57.260+0000] {dag.py:3947} INFO - Setting next_dagrun for example_subdag_operator.section-2 to None, run_after=None
[2024-08-03T02:26:57.375+0000] {processor.py:183} INFO - Processing /home/airflow/.local/lib/python3.12/site-packages/airflow/example_dags/example_subdag_operator.py took 1.322 seconds
[2024-08-03T03:18:19.857+0000] {processor.py:161} INFO - Started process (PID=7351) to work on /home/airflow/.local/lib/python3.12/site-packages/airflow/example_dags/example_subdag_operator.py
[2024-08-03T03:18:19.878+0000] {processor.py:830} INFO - Processing file /home/airflow/.local/lib/python3.12/site-packages/airflow/example_dags/example_subdag_operator.py for tasks to queue
[2024-08-03T03:18:19.904+0000] {logging_mixin.py:188} INFO - [2024-08-03T03:18:19.889+0000] {dagbag.py:545} INFO - Filling up the DagBag from /home/airflow/.local/lib/python3.12/site-packages/airflow/example_dags/example_subdag_operator.py
[2024-08-03T03:18:20.419+0000] {processor.py:840} INFO - DAG(s) 'example_subdag_operator.section-1', 'example_subdag_operator.section-2', 'example_subdag_operator' retrieved from /home/airflow/.local/lib/python3.12/site-packages/airflow/example_dags/example_subdag_operator.py
[2024-08-03T03:18:20.734+0000] {logging_mixin.py:188} INFO - [2024-08-03T03:18:20.727+0000] {dag.py:3089} INFO - Sync 3 DAGs
[2024-08-03T03:18:21.007+0000] {logging_mixin.py:188} INFO - [2024-08-03T03:18:20.990+0000] {dag.py:3947} INFO - Setting next_dagrun for example_subdag_operator to 2022-01-01 00:00:00+00:00, run_after=2022-01-01 00:00:00+00:00
[2024-08-03T03:18:21.033+0000] {logging_mixin.py:188} INFO - [2024-08-03T03:18:21.032+0000] {dag.py:3947} INFO - Setting next_dagrun for example_subdag_operator.section-1 to None, run_after=None
[2024-08-03T03:18:21.041+0000] {logging_mixin.py:188} INFO - [2024-08-03T03:18:21.039+0000] {dag.py:3947} INFO - Setting next_dagrun for example_subdag_operator.section-2 to None, run_after=None
[2024-08-03T03:18:21.092+0000] {logging_mixin.py:188} INFO - [2024-08-03T03:18:21.090+0000] {dag.py:3089} INFO - Sync 2 DAGs
[2024-08-03T03:18:21.114+0000] {logging_mixin.py:188} INFO - [2024-08-03T03:18:21.113+0000] {dag.py:3947} INFO - Setting next_dagrun for example_subdag_operator.section-1 to None, run_after=None
[2024-08-03T03:18:21.122+0000] {logging_mixin.py:188} INFO - [2024-08-03T03:18:21.122+0000] {dag.py:3947} INFO - Setting next_dagrun for example_subdag_operator.section-2 to None, run_after=None
[2024-08-03T03:18:21.223+0000] {processor.py:183} INFO - Processing /home/airflow/.local/lib/python3.12/site-packages/airflow/example_dags/example_subdag_operator.py took 1.470 seconds
[2024-08-03T05:41:43.000+0000] {processor.py:161} INFO - Started process (PID=7449) to work on /home/airflow/.local/lib/python3.12/site-packages/airflow/example_dags/example_subdag_operator.py
[2024-08-03T05:41:43.034+0000] {processor.py:830} INFO - Processing file /home/airflow/.local/lib/python3.12/site-packages/airflow/example_dags/example_subdag_operator.py for tasks to queue
[2024-08-03T05:41:43.040+0000] {logging_mixin.py:188} INFO - [2024-08-03T05:41:43.039+0000] {dagbag.py:545} INFO - Filling up the DagBag from /home/airflow/.local/lib/python3.12/site-packages/airflow/example_dags/example_subdag_operator.py
[2024-08-03T05:41:43.346+0000] {processor.py:840} INFO - DAG(s) 'example_subdag_operator.section-1', 'example_subdag_operator.section-2', 'example_subdag_operator' retrieved from /home/airflow/.local/lib/python3.12/site-packages/airflow/example_dags/example_subdag_operator.py
[2024-08-03T05:41:43.786+0000] {logging_mixin.py:188} INFO - [2024-08-03T05:41:43.777+0000] {dag.py:3089} INFO - Sync 3 DAGs
[2024-08-03T05:41:44.096+0000] {logging_mixin.py:188} INFO - [2024-08-03T05:41:44.089+0000] {dag.py:3947} INFO - Setting next_dagrun for example_subdag_operator to 2022-01-01 00:00:00+00:00, run_after=2022-01-01 00:00:00+00:00
[2024-08-03T05:41:44.115+0000] {logging_mixin.py:188} INFO - [2024-08-03T05:41:44.114+0000] {dag.py:3947} INFO - Setting next_dagrun for example_subdag_operator.section-1 to None, run_after=None
[2024-08-03T05:41:44.122+0000] {logging_mixin.py:188} INFO - [2024-08-03T05:41:44.122+0000] {dag.py:3947} INFO - Setting next_dagrun for example_subdag_operator.section-2 to None, run_after=None
[2024-08-03T05:41:44.183+0000] {logging_mixin.py:188} INFO - [2024-08-03T05:41:44.174+0000] {dag.py:3089} INFO - Sync 2 DAGs
[2024-08-03T05:41:44.244+0000] {logging_mixin.py:188} INFO - [2024-08-03T05:41:44.244+0000] {dag.py:3947} INFO - Setting next_dagrun for example_subdag_operator.section-1 to None, run_after=None
[2024-08-03T05:41:44.250+0000] {logging_mixin.py:188} INFO - [2024-08-03T05:41:44.247+0000] {dag.py:3947} INFO - Setting next_dagrun for example_subdag_operator.section-2 to None, run_after=None
[2024-08-03T05:41:44.352+0000] {processor.py:183} INFO - Processing /home/airflow/.local/lib/python3.12/site-packages/airflow/example_dags/example_subdag_operator.py took 1.444 seconds
[2024-08-03T07:38:47.701+0000] {processor.py:161} INFO - Started process (PID=7523) to work on /home/airflow/.local/lib/python3.12/site-packages/airflow/example_dags/example_subdag_operator.py
[2024-08-03T07:38:47.718+0000] {processor.py:830} INFO - Processing file /home/airflow/.local/lib/python3.12/site-packages/airflow/example_dags/example_subdag_operator.py for tasks to queue
[2024-08-03T07:38:47.739+0000] {logging_mixin.py:188} INFO - [2024-08-03T07:38:47.730+0000] {dagbag.py:545} INFO - Filling up the DagBag from /home/airflow/.local/lib/python3.12/site-packages/airflow/example_dags/example_subdag_operator.py
[2024-08-03T07:38:48.462+0000] {processor.py:840} INFO - DAG(s) 'example_subdag_operator.section-1', 'example_subdag_operator.section-2', 'example_subdag_operator' retrieved from /home/airflow/.local/lib/python3.12/site-packages/airflow/example_dags/example_subdag_operator.py
[2024-08-03T07:38:48.672+0000] {logging_mixin.py:188} INFO - [2024-08-03T07:38:48.666+0000] {dag.py:3089} INFO - Sync 3 DAGs
[2024-08-03T07:38:48.930+0000] {logging_mixin.py:188} INFO - [2024-08-03T07:38:48.924+0000] {dag.py:3947} INFO - Setting next_dagrun for example_subdag_operator to 2022-01-01 00:00:00+00:00, run_after=2022-01-01 00:00:00+00:00
[2024-08-03T07:38:48.963+0000] {logging_mixin.py:188} INFO - [2024-08-03T07:38:48.957+0000] {dag.py:3947} INFO - Setting next_dagrun for example_subdag_operator.section-1 to None, run_after=None
[2024-08-03T07:38:48.972+0000] {logging_mixin.py:188} INFO - [2024-08-03T07:38:48.972+0000] {dag.py:3947} INFO - Setting next_dagrun for example_subdag_operator.section-2 to None, run_after=None
[2024-08-03T07:38:49.036+0000] {logging_mixin.py:188} INFO - [2024-08-03T07:38:49.034+0000] {dag.py:3089} INFO - Sync 2 DAGs
[2024-08-03T07:38:49.076+0000] {logging_mixin.py:188} INFO - [2024-08-03T07:38:49.075+0000] {dag.py:3947} INFO - Setting next_dagrun for example_subdag_operator.section-1 to None, run_after=None
[2024-08-03T07:38:49.078+0000] {logging_mixin.py:188} INFO - [2024-08-03T07:38:49.078+0000] {dag.py:3947} INFO - Setting next_dagrun for example_subdag_operator.section-2 to None, run_after=None
[2024-08-03T07:38:49.194+0000] {processor.py:183} INFO - Processing /home/airflow/.local/lib/python3.12/site-packages/airflow/example_dags/example_subdag_operator.py took 1.600 seconds
[2024-08-03T09:53:06.492+0000] {processor.py:161} INFO - Started process (PID=7600) to work on /home/airflow/.local/lib/python3.12/site-packages/airflow/example_dags/example_subdag_operator.py
[2024-08-03T09:53:06.496+0000] {processor.py:830} INFO - Processing file /home/airflow/.local/lib/python3.12/site-packages/airflow/example_dags/example_subdag_operator.py for tasks to queue
[2024-08-03T09:53:06.500+0000] {logging_mixin.py:188} INFO - [2024-08-03T09:53:06.499+0000] {dagbag.py:545} INFO - Filling up the DagBag from /home/airflow/.local/lib/python3.12/site-packages/airflow/example_dags/example_subdag_operator.py
[2024-08-03T09:53:06.682+0000] {processor.py:840} INFO - DAG(s) 'example_subdag_operator.section-1', 'example_subdag_operator.section-2', 'example_subdag_operator' retrieved from /home/airflow/.local/lib/python3.12/site-packages/airflow/example_dags/example_subdag_operator.py
[2024-08-03T09:53:06.792+0000] {logging_mixin.py:188} INFO - [2024-08-03T09:53:06.791+0000] {dag.py:3089} INFO - Sync 3 DAGs
[2024-08-03T09:53:07.139+0000] {logging_mixin.py:188} INFO - [2024-08-03T09:53:07.121+0000] {dag.py:3947} INFO - Setting next_dagrun for example_subdag_operator to 2022-01-01 00:00:00+00:00, run_after=2022-01-01 00:00:00+00:00
[2024-08-03T09:53:07.207+0000] {logging_mixin.py:188} INFO - [2024-08-03T09:53:07.207+0000] {dag.py:3947} INFO - Setting next_dagrun for example_subdag_operator.section-1 to None, run_after=None
[2024-08-03T09:53:07.212+0000] {logging_mixin.py:188} INFO - [2024-08-03T09:53:07.212+0000] {dag.py:3947} INFO - Setting next_dagrun for example_subdag_operator.section-2 to None, run_after=None
[2024-08-03T09:53:07.298+0000] {logging_mixin.py:188} INFO - [2024-08-03T09:53:07.293+0000] {dag.py:3089} INFO - Sync 2 DAGs
[2024-08-03T09:53:07.367+0000] {logging_mixin.py:188} INFO - [2024-08-03T09:53:07.367+0000] {dag.py:3947} INFO - Setting next_dagrun for example_subdag_operator.section-1 to None, run_after=None
[2024-08-03T09:53:07.373+0000] {logging_mixin.py:188} INFO - [2024-08-03T09:53:07.373+0000] {dag.py:3947} INFO - Setting next_dagrun for example_subdag_operator.section-2 to None, run_after=None
[2024-08-03T09:53:07.502+0000] {processor.py:183} INFO - Processing /home/airflow/.local/lib/python3.12/site-packages/airflow/example_dags/example_subdag_operator.py took 1.045 seconds
[2024-08-03T10:36:58.359+0000] {processor.py:161} INFO - Started process (PID=7679) to work on /home/airflow/.local/lib/python3.12/site-packages/airflow/example_dags/example_subdag_operator.py
[2024-08-03T10:36:58.364+0000] {processor.py:830} INFO - Processing file /home/airflow/.local/lib/python3.12/site-packages/airflow/example_dags/example_subdag_operator.py for tasks to queue
[2024-08-03T10:36:58.368+0000] {logging_mixin.py:188} INFO - [2024-08-03T10:36:58.367+0000] {dagbag.py:545} INFO - Filling up the DagBag from /home/airflow/.local/lib/python3.12/site-packages/airflow/example_dags/example_subdag_operator.py
[2024-08-03T10:36:58.548+0000] {processor.py:840} INFO - DAG(s) 'example_subdag_operator.section-1', 'example_subdag_operator.section-2', 'example_subdag_operator' retrieved from /home/airflow/.local/lib/python3.12/site-packages/airflow/example_dags/example_subdag_operator.py
[2024-08-03T10:36:58.645+0000] {logging_mixin.py:188} INFO - [2024-08-03T10:36:58.643+0000] {dag.py:3089} INFO - Sync 3 DAGs
[2024-08-03T10:36:58.763+0000] {logging_mixin.py:188} INFO - [2024-08-03T10:36:58.762+0000] {dag.py:3947} INFO - Setting next_dagrun for example_subdag_operator to 2022-01-01 00:00:00+00:00, run_after=2022-01-01 00:00:00+00:00
[2024-08-03T10:36:58.794+0000] {logging_mixin.py:188} INFO - [2024-08-03T10:36:58.790+0000] {dag.py:3947} INFO - Setting next_dagrun for example_subdag_operator.section-1 to None, run_after=None
[2024-08-03T10:36:58.798+0000] {logging_mixin.py:188} INFO - [2024-08-03T10:36:58.798+0000] {dag.py:3947} INFO - Setting next_dagrun for example_subdag_operator.section-2 to None, run_after=None
[2024-08-03T10:36:58.835+0000] {logging_mixin.py:188} INFO - [2024-08-03T10:36:58.835+0000] {dag.py:3089} INFO - Sync 2 DAGs
[2024-08-03T10:36:58.858+0000] {logging_mixin.py:188} INFO - [2024-08-03T10:36:58.856+0000] {dag.py:3947} INFO - Setting next_dagrun for example_subdag_operator.section-1 to None, run_after=None
[2024-08-03T10:36:58.862+0000] {logging_mixin.py:188} INFO - [2024-08-03T10:36:58.862+0000] {dag.py:3947} INFO - Setting next_dagrun for example_subdag_operator.section-2 to None, run_after=None
[2024-08-03T10:36:58.943+0000] {processor.py:183} INFO - Processing /home/airflow/.local/lib/python3.12/site-packages/airflow/example_dags/example_subdag_operator.py took 0.662 seconds
[2024-08-03T11:13:59.308+0000] {processor.py:161} INFO - Started process (PID=7743) to work on /home/airflow/.local/lib/python3.12/site-packages/airflow/example_dags/example_subdag_operator.py
[2024-08-03T11:13:59.333+0000] {processor.py:830} INFO - Processing file /home/airflow/.local/lib/python3.12/site-packages/airflow/example_dags/example_subdag_operator.py for tasks to queue
[2024-08-03T11:13:59.356+0000] {logging_mixin.py:188} INFO - [2024-08-03T11:13:59.337+0000] {dagbag.py:545} INFO - Filling up the DagBag from /home/airflow/.local/lib/python3.12/site-packages/airflow/example_dags/example_subdag_operator.py
[2024-08-03T11:14:00.065+0000] {processor.py:840} INFO - DAG(s) 'example_subdag_operator.section-1', 'example_subdag_operator.section-2', 'example_subdag_operator' retrieved from /home/airflow/.local/lib/python3.12/site-packages/airflow/example_dags/example_subdag_operator.py
[2024-08-03T11:14:00.563+0000] {logging_mixin.py:188} INFO - [2024-08-03T11:14:00.558+0000] {dag.py:3089} INFO - Sync 3 DAGs
[2024-08-03T11:14:02.727+0000] {logging_mixin.py:188} INFO - [2024-08-03T11:14:02.686+0000] {dag.py:3947} INFO - Setting next_dagrun for example_subdag_operator to 2022-01-01 00:00:00+00:00, run_after=2022-01-01 00:00:00+00:00
[2024-08-03T11:14:02.774+0000] {logging_mixin.py:188} INFO - [2024-08-03T11:14:02.774+0000] {dag.py:3947} INFO - Setting next_dagrun for example_subdag_operator.section-1 to None, run_after=None
[2024-08-03T11:14:02.929+0000] {logging_mixin.py:188} INFO - [2024-08-03T11:14:02.928+0000] {dag.py:3947} INFO - Setting next_dagrun for example_subdag_operator.section-2 to None, run_after=None
[2024-08-03T11:14:03.018+0000] {logging_mixin.py:188} INFO - [2024-08-03T11:14:03.007+0000] {dag.py:3089} INFO - Sync 2 DAGs
[2024-08-03T11:14:03.063+0000] {logging_mixin.py:188} INFO - [2024-08-03T11:14:03.062+0000] {dag.py:3947} INFO - Setting next_dagrun for example_subdag_operator.section-1 to None, run_after=None
[2024-08-03T11:14:03.067+0000] {logging_mixin.py:188} INFO - [2024-08-03T11:14:03.067+0000] {dag.py:3947} INFO - Setting next_dagrun for example_subdag_operator.section-2 to None, run_after=None
[2024-08-03T11:14:03.154+0000] {processor.py:183} INFO - Processing /home/airflow/.local/lib/python3.12/site-packages/airflow/example_dags/example_subdag_operator.py took 3.909 seconds
[2024-08-03T14:17:26.679+0000] {processor.py:161} INFO - Started process (PID=7817) to work on /home/airflow/.local/lib/python3.12/site-packages/airflow/example_dags/example_subdag_operator.py
[2024-08-03T14:17:26.727+0000] {processor.py:830} INFO - Processing file /home/airflow/.local/lib/python3.12/site-packages/airflow/example_dags/example_subdag_operator.py for tasks to queue
[2024-08-03T14:17:26.749+0000] {logging_mixin.py:188} INFO - [2024-08-03T14:17:26.730+0000] {dagbag.py:545} INFO - Filling up the DagBag from /home/airflow/.local/lib/python3.12/site-packages/airflow/example_dags/example_subdag_operator.py
[2024-08-03T14:17:28.179+0000] {processor.py:840} INFO - DAG(s) 'example_subdag_operator.section-1', 'example_subdag_operator.section-2', 'example_subdag_operator' retrieved from /home/airflow/.local/lib/python3.12/site-packages/airflow/example_dags/example_subdag_operator.py
[2024-08-03T14:17:28.430+0000] {logging_mixin.py:188} INFO - [2024-08-03T14:17:28.428+0000] {dag.py:3089} INFO - Sync 3 DAGs
[2024-08-03T14:17:28.892+0000] {logging_mixin.py:188} INFO - [2024-08-03T14:17:28.865+0000] {dag.py:3947} INFO - Setting next_dagrun for example_subdag_operator to 2022-01-01 00:00:00+00:00, run_after=2022-01-01 00:00:00+00:00
[2024-08-03T14:17:28.936+0000] {logging_mixin.py:188} INFO - [2024-08-03T14:17:28.936+0000] {dag.py:3947} INFO - Setting next_dagrun for example_subdag_operator.section-1 to None, run_after=None
[2024-08-03T14:17:28.944+0000] {logging_mixin.py:188} INFO - [2024-08-03T14:17:28.944+0000] {dag.py:3947} INFO - Setting next_dagrun for example_subdag_operator.section-2 to None, run_after=None
[2024-08-03T14:17:29.128+0000] {logging_mixin.py:188} INFO - [2024-08-03T14:17:29.128+0000] {dag.py:3089} INFO - Sync 2 DAGs
[2024-08-03T14:17:29.264+0000] {logging_mixin.py:188} INFO - [2024-08-03T14:17:29.253+0000] {dag.py:3947} INFO - Setting next_dagrun for example_subdag_operator.section-1 to None, run_after=None
[2024-08-03T14:17:29.268+0000] {logging_mixin.py:188} INFO - [2024-08-03T14:17:29.266+0000] {dag.py:3947} INFO - Setting next_dagrun for example_subdag_operator.section-2 to None, run_after=None
[2024-08-03T14:17:29.508+0000] {processor.py:183} INFO - Processing /home/airflow/.local/lib/python3.12/site-packages/airflow/example_dags/example_subdag_operator.py took 2.936 seconds
[2024-08-03T14:18:11.417+0000] {processor.py:161} INFO - Started process (PID=7892) to work on /home/airflow/.local/lib/python3.12/site-packages/airflow/example_dags/example_subdag_operator.py
[2024-08-03T14:18:11.426+0000] {processor.py:830} INFO - Processing file /home/airflow/.local/lib/python3.12/site-packages/airflow/example_dags/example_subdag_operator.py for tasks to queue
[2024-08-03T14:18:11.437+0000] {logging_mixin.py:188} INFO - [2024-08-03T14:18:11.432+0000] {dagbag.py:545} INFO - Filling up the DagBag from /home/airflow/.local/lib/python3.12/site-packages/airflow/example_dags/example_subdag_operator.py
[2024-08-03T14:18:11.673+0000] {processor.py:840} INFO - DAG(s) 'example_subdag_operator.section-1', 'example_subdag_operator.section-2', 'example_subdag_operator' retrieved from /home/airflow/.local/lib/python3.12/site-packages/airflow/example_dags/example_subdag_operator.py
[2024-08-03T14:18:11.947+0000] {logging_mixin.py:188} INFO - [2024-08-03T14:18:11.933+0000] {dag.py:3089} INFO - Sync 3 DAGs
[2024-08-03T14:18:12.319+0000] {logging_mixin.py:188} INFO - [2024-08-03T14:18:12.315+0000] {dag.py:3947} INFO - Setting next_dagrun for example_subdag_operator to 2022-01-01 00:00:00+00:00, run_after=2022-01-01 00:00:00+00:00
[2024-08-03T14:18:12.386+0000] {logging_mixin.py:188} INFO - [2024-08-03T14:18:12.382+0000] {dag.py:3947} INFO - Setting next_dagrun for example_subdag_operator.section-1 to None, run_after=None
[2024-08-03T14:18:12.395+0000] {logging_mixin.py:188} INFO - [2024-08-03T14:18:12.394+0000] {dag.py:3947} INFO - Setting next_dagrun for example_subdag_operator.section-2 to None, run_after=None
[2024-08-03T14:18:12.466+0000] {logging_mixin.py:188} INFO - [2024-08-03T14:18:12.465+0000] {dag.py:3089} INFO - Sync 2 DAGs
[2024-08-03T14:18:12.513+0000] {logging_mixin.py:188} INFO - [2024-08-03T14:18:12.512+0000] {dag.py:3947} INFO - Setting next_dagrun for example_subdag_operator.section-1 to None, run_after=None
[2024-08-03T14:18:12.519+0000] {logging_mixin.py:188} INFO - [2024-08-03T14:18:12.518+0000] {dag.py:3947} INFO - Setting next_dagrun for example_subdag_operator.section-2 to None, run_after=None
[2024-08-03T14:18:12.650+0000] {processor.py:183} INFO - Processing /home/airflow/.local/lib/python3.12/site-packages/airflow/example_dags/example_subdag_operator.py took 1.321 seconds
[2024-08-03T14:18:43.251+0000] {processor.py:161} INFO - Started process (PID=7962) to work on /home/airflow/.local/lib/python3.12/site-packages/airflow/example_dags/example_subdag_operator.py
[2024-08-03T14:18:43.260+0000] {processor.py:830} INFO - Processing file /home/airflow/.local/lib/python3.12/site-packages/airflow/example_dags/example_subdag_operator.py for tasks to queue
[2024-08-03T14:18:43.276+0000] {logging_mixin.py:188} INFO - [2024-08-03T14:18:43.267+0000] {dagbag.py:545} INFO - Filling up the DagBag from /home/airflow/.local/lib/python3.12/site-packages/airflow/example_dags/example_subdag_operator.py
[2024-08-03T14:18:43.442+0000] {processor.py:840} INFO - DAG(s) 'example_subdag_operator.section-1', 'example_subdag_operator.section-2', 'example_subdag_operator' retrieved from /home/airflow/.local/lib/python3.12/site-packages/airflow/example_dags/example_subdag_operator.py
[2024-08-03T14:18:43.492+0000] {logging_mixin.py:188} INFO - [2024-08-03T14:18:43.491+0000] {dag.py:3089} INFO - Sync 3 DAGs
[2024-08-03T14:18:43.568+0000] {logging_mixin.py:188} INFO - [2024-08-03T14:18:43.567+0000] {dag.py:3947} INFO - Setting next_dagrun for example_subdag_operator to 2022-01-01 00:00:00+00:00, run_after=2022-01-01 00:00:00+00:00
[2024-08-03T14:18:43.585+0000] {logging_mixin.py:188} INFO - [2024-08-03T14:18:43.584+0000] {dag.py:3947} INFO - Setting next_dagrun for example_subdag_operator.section-1 to None, run_after=None
[2024-08-03T14:18:43.592+0000] {logging_mixin.py:188} INFO - [2024-08-03T14:18:43.591+0000] {dag.py:3947} INFO - Setting next_dagrun for example_subdag_operator.section-2 to None, run_after=None
[2024-08-03T14:18:43.621+0000] {logging_mixin.py:188} INFO - [2024-08-03T14:18:43.619+0000] {dag.py:3089} INFO - Sync 2 DAGs
[2024-08-03T14:18:43.637+0000] {logging_mixin.py:188} INFO - [2024-08-03T14:18:43.636+0000] {dag.py:3947} INFO - Setting next_dagrun for example_subdag_operator.section-1 to None, run_after=None
[2024-08-03T14:18:43.642+0000] {logging_mixin.py:188} INFO - [2024-08-03T14:18:43.642+0000] {dag.py:3947} INFO - Setting next_dagrun for example_subdag_operator.section-2 to None, run_after=None
[2024-08-03T14:18:43.695+0000] {processor.py:183} INFO - Processing /home/airflow/.local/lib/python3.12/site-packages/airflow/example_dags/example_subdag_operator.py took 0.511 seconds
[2024-08-03T14:36:37.079+0000] {processor.py:161} INFO - Started process (PID=8008) to work on /home/airflow/.local/lib/python3.12/site-packages/airflow/example_dags/example_subdag_operator.py
[2024-08-03T14:36:37.085+0000] {processor.py:830} INFO - Processing file /home/airflow/.local/lib/python3.12/site-packages/airflow/example_dags/example_subdag_operator.py for tasks to queue
[2024-08-03T14:36:37.095+0000] {logging_mixin.py:188} INFO - [2024-08-03T14:36:37.092+0000] {dagbag.py:545} INFO - Filling up the DagBag from /home/airflow/.local/lib/python3.12/site-packages/airflow/example_dags/example_subdag_operator.py
[2024-08-03T14:36:37.364+0000] {processor.py:840} INFO - DAG(s) 'example_subdag_operator.section-1', 'example_subdag_operator.section-2', 'example_subdag_operator' retrieved from /home/airflow/.local/lib/python3.12/site-packages/airflow/example_dags/example_subdag_operator.py
[2024-08-03T14:36:37.504+0000] {logging_mixin.py:188} INFO - [2024-08-03T14:36:37.503+0000] {dag.py:3089} INFO - Sync 3 DAGs
[2024-08-03T14:36:37.676+0000] {logging_mixin.py:188} INFO - [2024-08-03T14:36:37.674+0000] {dag.py:3947} INFO - Setting next_dagrun for example_subdag_operator to 2022-01-01 00:00:00+00:00, run_after=2022-01-01 00:00:00+00:00
[2024-08-03T14:36:37.705+0000] {logging_mixin.py:188} INFO - [2024-08-03T14:36:37.705+0000] {dag.py:3947} INFO - Setting next_dagrun for example_subdag_operator.section-1 to None, run_after=None
[2024-08-03T14:36:37.715+0000] {logging_mixin.py:188} INFO - [2024-08-03T14:36:37.715+0000] {dag.py:3947} INFO - Setting next_dagrun for example_subdag_operator.section-2 to None, run_after=None
[2024-08-03T14:36:37.781+0000] {logging_mixin.py:188} INFO - [2024-08-03T14:36:37.778+0000] {dag.py:3089} INFO - Sync 2 DAGs
[2024-08-03T14:36:37.813+0000] {logging_mixin.py:188} INFO - [2024-08-03T14:36:37.812+0000] {dag.py:3947} INFO - Setting next_dagrun for example_subdag_operator.section-1 to None, run_after=None
[2024-08-03T14:36:37.821+0000] {logging_mixin.py:188} INFO - [2024-08-03T14:36:37.820+0000] {dag.py:3947} INFO - Setting next_dagrun for example_subdag_operator.section-2 to None, run_after=None
[2024-08-03T14:36:37.952+0000] {processor.py:183} INFO - Processing /home/airflow/.local/lib/python3.12/site-packages/airflow/example_dags/example_subdag_operator.py took 0.932 seconds
[2024-08-03T14:42:16.179+0000] {processor.py:161} INFO - Started process (PID=8079) to work on /home/airflow/.local/lib/python3.12/site-packages/airflow/example_dags/example_subdag_operator.py
[2024-08-03T14:42:16.210+0000] {processor.py:830} INFO - Processing file /home/airflow/.local/lib/python3.12/site-packages/airflow/example_dags/example_subdag_operator.py for tasks to queue
[2024-08-03T14:42:16.232+0000] {logging_mixin.py:188} INFO - [2024-08-03T14:42:16.225+0000] {dagbag.py:545} INFO - Filling up the DagBag from /home/airflow/.local/lib/python3.12/site-packages/airflow/example_dags/example_subdag_operator.py
[2024-08-03T14:42:16.394+0000] {processor.py:840} INFO - DAG(s) 'example_subdag_operator.section-1', 'example_subdag_operator.section-2', 'example_subdag_operator' retrieved from /home/airflow/.local/lib/python3.12/site-packages/airflow/example_dags/example_subdag_operator.py
[2024-08-03T14:42:16.470+0000] {logging_mixin.py:188} INFO - [2024-08-03T14:42:16.470+0000] {dag.py:3089} INFO - Sync 3 DAGs
[2024-08-03T14:42:16.701+0000] {logging_mixin.py:188} INFO - [2024-08-03T14:42:16.700+0000] {dag.py:3947} INFO - Setting next_dagrun for example_subdag_operator to 2022-01-01 00:00:00+00:00, run_after=2022-01-01 00:00:00+00:00
[2024-08-03T14:42:16.735+0000] {logging_mixin.py:188} INFO - [2024-08-03T14:42:16.734+0000] {dag.py:3947} INFO - Setting next_dagrun for example_subdag_operator.section-1 to None, run_after=None
[2024-08-03T14:42:16.740+0000] {logging_mixin.py:188} INFO - [2024-08-03T14:42:16.740+0000] {dag.py:3947} INFO - Setting next_dagrun for example_subdag_operator.section-2 to None, run_after=None
[2024-08-03T14:42:16.817+0000] {logging_mixin.py:188} INFO - [2024-08-03T14:42:16.814+0000] {dag.py:3089} INFO - Sync 2 DAGs
[2024-08-03T14:42:16.852+0000] {logging_mixin.py:188} INFO - [2024-08-03T14:42:16.852+0000] {dag.py:3947} INFO - Setting next_dagrun for example_subdag_operator.section-1 to None, run_after=None
[2024-08-03T14:42:16.852+0000] {logging_mixin.py:188} INFO - [2024-08-03T14:42:16.852+0000] {dag.py:3947} INFO - Setting next_dagrun for example_subdag_operator.section-2 to None, run_after=None
[2024-08-03T14:42:16.890+0000] {processor.py:183} INFO - Processing /home/airflow/.local/lib/python3.12/site-packages/airflow/example_dags/example_subdag_operator.py took 0.786 seconds
[2024-08-03T14:42:47.153+0000] {processor.py:161} INFO - Started process (PID=8140) to work on /home/airflow/.local/lib/python3.12/site-packages/airflow/example_dags/example_subdag_operator.py
[2024-08-03T14:42:47.154+0000] {processor.py:830} INFO - Processing file /home/airflow/.local/lib/python3.12/site-packages/airflow/example_dags/example_subdag_operator.py for tasks to queue
[2024-08-03T14:42:47.156+0000] {logging_mixin.py:188} INFO - [2024-08-03T14:42:47.155+0000] {dagbag.py:545} INFO - Filling up the DagBag from /home/airflow/.local/lib/python3.12/site-packages/airflow/example_dags/example_subdag_operator.py
[2024-08-03T14:42:47.260+0000] {processor.py:840} INFO - DAG(s) 'example_subdag_operator.section-1', 'example_subdag_operator.section-2', 'example_subdag_operator' retrieved from /home/airflow/.local/lib/python3.12/site-packages/airflow/example_dags/example_subdag_operator.py
[2024-08-03T14:42:47.283+0000] {logging_mixin.py:188} INFO - [2024-08-03T14:42:47.282+0000] {dag.py:3089} INFO - Sync 3 DAGs
[2024-08-03T14:42:47.353+0000] {logging_mixin.py:188} INFO - [2024-08-03T14:42:47.352+0000] {dag.py:3947} INFO - Setting next_dagrun for example_subdag_operator to 2022-01-01 00:00:00+00:00, run_after=2022-01-01 00:00:00+00:00
[2024-08-03T14:42:47.358+0000] {logging_mixin.py:188} INFO - [2024-08-03T14:42:47.358+0000] {dag.py:3947} INFO - Setting next_dagrun for example_subdag_operator.section-1 to None, run_after=None
[2024-08-03T14:42:47.360+0000] {logging_mixin.py:188} INFO - [2024-08-03T14:42:47.360+0000] {dag.py:3947} INFO - Setting next_dagrun for example_subdag_operator.section-2 to None, run_after=None
[2024-08-03T14:42:47.371+0000] {logging_mixin.py:188} INFO - [2024-08-03T14:42:47.371+0000] {dag.py:3089} INFO - Sync 2 DAGs
[2024-08-03T14:42:47.376+0000] {logging_mixin.py:188} INFO - [2024-08-03T14:42:47.376+0000] {dag.py:3947} INFO - Setting next_dagrun for example_subdag_operator.section-1 to None, run_after=None
[2024-08-03T14:42:47.377+0000] {logging_mixin.py:188} INFO - [2024-08-03T14:42:47.377+0000] {dag.py:3947} INFO - Setting next_dagrun for example_subdag_operator.section-2 to None, run_after=None
[2024-08-03T14:42:47.403+0000] {processor.py:183} INFO - Processing /home/airflow/.local/lib/python3.12/site-packages/airflow/example_dags/example_subdag_operator.py took 0.275 seconds
[2024-08-03T14:43:19.296+0000] {processor.py:161} INFO - Started process (PID=8211) to work on /home/airflow/.local/lib/python3.12/site-packages/airflow/example_dags/example_subdag_operator.py
[2024-08-03T14:43:19.299+0000] {processor.py:830} INFO - Processing file /home/airflow/.local/lib/python3.12/site-packages/airflow/example_dags/example_subdag_operator.py for tasks to queue
[2024-08-03T14:43:19.305+0000] {logging_mixin.py:188} INFO - [2024-08-03T14:43:19.304+0000] {dagbag.py:545} INFO - Filling up the DagBag from /home/airflow/.local/lib/python3.12/site-packages/airflow/example_dags/example_subdag_operator.py
[2024-08-03T14:43:19.445+0000] {processor.py:840} INFO - DAG(s) 'example_subdag_operator.section-1', 'example_subdag_operator.section-2', 'example_subdag_operator' retrieved from /home/airflow/.local/lib/python3.12/site-packages/airflow/example_dags/example_subdag_operator.py
[2024-08-03T14:43:19.532+0000] {logging_mixin.py:188} INFO - [2024-08-03T14:43:19.531+0000] {dag.py:3089} INFO - Sync 3 DAGs
[2024-08-03T14:43:19.652+0000] {logging_mixin.py:188} INFO - [2024-08-03T14:43:19.651+0000] {dag.py:3947} INFO - Setting next_dagrun for example_subdag_operator to 2022-01-01 00:00:00+00:00, run_after=2022-01-01 00:00:00+00:00
[2024-08-03T14:43:19.668+0000] {logging_mixin.py:188} INFO - [2024-08-03T14:43:19.667+0000] {dag.py:3947} INFO - Setting next_dagrun for example_subdag_operator.section-1 to None, run_after=None
[2024-08-03T14:43:19.674+0000] {logging_mixin.py:188} INFO - [2024-08-03T14:43:19.673+0000] {dag.py:3947} INFO - Setting next_dagrun for example_subdag_operator.section-2 to None, run_after=None
[2024-08-03T14:43:19.721+0000] {logging_mixin.py:188} INFO - [2024-08-03T14:43:19.717+0000] {dag.py:3089} INFO - Sync 2 DAGs
[2024-08-03T14:43:19.741+0000] {logging_mixin.py:188} INFO - [2024-08-03T14:43:19.740+0000] {dag.py:3947} INFO - Setting next_dagrun for example_subdag_operator.section-1 to None, run_after=None
[2024-08-03T14:43:19.744+0000] {logging_mixin.py:188} INFO - [2024-08-03T14:43:19.744+0000] {dag.py:3947} INFO - Setting next_dagrun for example_subdag_operator.section-2 to None, run_after=None
[2024-08-03T14:43:19.804+0000] {processor.py:183} INFO - Processing /home/airflow/.local/lib/python3.12/site-packages/airflow/example_dags/example_subdag_operator.py took 0.528 seconds
[2024-08-03T14:43:50.321+0000] {processor.py:161} INFO - Started process (PID=8276) to work on /home/airflow/.local/lib/python3.12/site-packages/airflow/example_dags/example_subdag_operator.py
[2024-08-03T14:43:50.326+0000] {processor.py:830} INFO - Processing file /home/airflow/.local/lib/python3.12/site-packages/airflow/example_dags/example_subdag_operator.py for tasks to queue
[2024-08-03T14:43:50.331+0000] {logging_mixin.py:188} INFO - [2024-08-03T14:43:50.331+0000] {dagbag.py:545} INFO - Filling up the DagBag from /home/airflow/.local/lib/python3.12/site-packages/airflow/example_dags/example_subdag_operator.py
[2024-08-03T14:43:50.360+0000] {processor.py:840} INFO - DAG(s) 'example_subdag_operator.section-1', 'example_subdag_operator.section-2', 'example_subdag_operator' retrieved from /home/airflow/.local/lib/python3.12/site-packages/airflow/example_dags/example_subdag_operator.py
[2024-08-03T14:43:50.370+0000] {logging_mixin.py:188} INFO - [2024-08-03T14:43:50.370+0000] {dag.py:3089} INFO - Sync 3 DAGs
[2024-08-03T14:43:50.384+0000] {logging_mixin.py:188} INFO - [2024-08-03T14:43:50.384+0000] {dag.py:3947} INFO - Setting next_dagrun for example_subdag_operator to 2022-01-01 00:00:00+00:00, run_after=2022-01-01 00:00:00+00:00
[2024-08-03T14:43:50.386+0000] {logging_mixin.py:188} INFO - [2024-08-03T14:43:50.386+0000] {dag.py:3947} INFO - Setting next_dagrun for example_subdag_operator.section-1 to None, run_after=None
[2024-08-03T14:43:50.387+0000] {logging_mixin.py:188} INFO - [2024-08-03T14:43:50.387+0000] {dag.py:3947} INFO - Setting next_dagrun for example_subdag_operator.section-2 to None, run_after=None
[2024-08-03T14:43:50.390+0000] {logging_mixin.py:188} INFO - [2024-08-03T14:43:50.390+0000] {dag.py:3089} INFO - Sync 2 DAGs
[2024-08-03T14:43:50.392+0000] {logging_mixin.py:188} INFO - [2024-08-03T14:43:50.392+0000] {dag.py:3947} INFO - Setting next_dagrun for example_subdag_operator.section-1 to None, run_after=None
[2024-08-03T14:43:50.392+0000] {logging_mixin.py:188} INFO - [2024-08-03T14:43:50.392+0000] {dag.py:3947} INFO - Setting next_dagrun for example_subdag_operator.section-2 to None, run_after=None
[2024-08-03T14:43:50.396+0000] {processor.py:183} INFO - Processing /home/airflow/.local/lib/python3.12/site-packages/airflow/example_dags/example_subdag_operator.py took 0.081 seconds
[2024-08-03T15:05:55.307+0000] {processor.py:161} INFO - Started process (PID=8363) to work on /home/airflow/.local/lib/python3.12/site-packages/airflow/example_dags/example_subdag_operator.py
[2024-08-03T15:05:55.314+0000] {processor.py:830} INFO - Processing file /home/airflow/.local/lib/python3.12/site-packages/airflow/example_dags/example_subdag_operator.py for tasks to queue
[2024-08-03T15:05:55.322+0000] {logging_mixin.py:188} INFO - [2024-08-03T15:05:55.320+0000] {dagbag.py:545} INFO - Filling up the DagBag from /home/airflow/.local/lib/python3.12/site-packages/airflow/example_dags/example_subdag_operator.py
[2024-08-03T15:05:55.609+0000] {processor.py:840} INFO - DAG(s) 'example_subdag_operator.section-1', 'example_subdag_operator.section-2', 'example_subdag_operator' retrieved from /home/airflow/.local/lib/python3.12/site-packages/airflow/example_dags/example_subdag_operator.py
[2024-08-03T15:05:55.710+0000] {logging_mixin.py:188} INFO - [2024-08-03T15:05:55.708+0000] {dag.py:3089} INFO - Sync 3 DAGs
[2024-08-03T15:05:55.909+0000] {logging_mixin.py:188} INFO - [2024-08-03T15:05:55.908+0000] {dag.py:3947} INFO - Setting next_dagrun for example_subdag_operator to 2022-01-01 00:00:00+00:00, run_after=2022-01-01 00:00:00+00:00
[2024-08-03T15:05:55.947+0000] {logging_mixin.py:188} INFO - [2024-08-03T15:05:55.946+0000] {dag.py:3947} INFO - Setting next_dagrun for example_subdag_operator.section-1 to None, run_after=None
[2024-08-03T15:05:55.959+0000] {logging_mixin.py:188} INFO - [2024-08-03T15:05:55.958+0000] {dag.py:3947} INFO - Setting next_dagrun for example_subdag_operator.section-2 to None, run_after=None
[2024-08-03T15:05:56.041+0000] {logging_mixin.py:188} INFO - [2024-08-03T15:05:56.040+0000] {dag.py:3089} INFO - Sync 2 DAGs
[2024-08-03T15:05:56.067+0000] {logging_mixin.py:188} INFO - [2024-08-03T15:05:56.067+0000] {dag.py:3947} INFO - Setting next_dagrun for example_subdag_operator.section-1 to None, run_after=None
[2024-08-03T15:05:56.068+0000] {logging_mixin.py:188} INFO - [2024-08-03T15:05:56.068+0000] {dag.py:3947} INFO - Setting next_dagrun for example_subdag_operator.section-2 to None, run_after=None
[2024-08-03T15:05:56.701+0000] {processor.py:183} INFO - Processing /home/airflow/.local/lib/python3.12/site-packages/airflow/example_dags/example_subdag_operator.py took 1.421 seconds
[2024-08-03T15:55:13.645+0000] {processor.py:161} INFO - Started process (PID=8424) to work on /home/airflow/.local/lib/python3.12/site-packages/airflow/example_dags/example_subdag_operator.py
[2024-08-03T15:55:13.653+0000] {processor.py:830} INFO - Processing file /home/airflow/.local/lib/python3.12/site-packages/airflow/example_dags/example_subdag_operator.py for tasks to queue
[2024-08-03T15:55:13.662+0000] {logging_mixin.py:188} INFO - [2024-08-03T15:55:13.659+0000] {dagbag.py:545} INFO - Filling up the DagBag from /home/airflow/.local/lib/python3.12/site-packages/airflow/example_dags/example_subdag_operator.py
[2024-08-03T15:55:13.777+0000] {processor.py:840} INFO - DAG(s) 'example_subdag_operator.section-1', 'example_subdag_operator.section-2', 'example_subdag_operator' retrieved from /home/airflow/.local/lib/python3.12/site-packages/airflow/example_dags/example_subdag_operator.py
[2024-08-03T15:55:13.820+0000] {logging_mixin.py:188} INFO - [2024-08-03T15:55:13.820+0000] {dag.py:3089} INFO - Sync 3 DAGs
[2024-08-03T15:55:13.879+0000] {logging_mixin.py:188} INFO - [2024-08-03T15:55:13.879+0000] {dag.py:3947} INFO - Setting next_dagrun for example_subdag_operator to 2022-01-01 00:00:00+00:00, run_after=2022-01-01 00:00:00+00:00
[2024-08-03T15:55:13.886+0000] {logging_mixin.py:188} INFO - [2024-08-03T15:55:13.886+0000] {dag.py:3947} INFO - Setting next_dagrun for example_subdag_operator.section-1 to None, run_after=None
[2024-08-03T15:55:13.889+0000] {logging_mixin.py:188} INFO - [2024-08-03T15:55:13.888+0000] {dag.py:3947} INFO - Setting next_dagrun for example_subdag_operator.section-2 to None, run_after=None
[2024-08-03T15:55:13.932+0000] {logging_mixin.py:188} INFO - [2024-08-03T15:55:13.931+0000] {dag.py:3089} INFO - Sync 2 DAGs
[2024-08-03T15:55:13.949+0000] {logging_mixin.py:188} INFO - [2024-08-03T15:55:13.948+0000] {dag.py:3947} INFO - Setting next_dagrun for example_subdag_operator.section-1 to None, run_after=None
[2024-08-03T15:55:13.950+0000] {logging_mixin.py:188} INFO - [2024-08-03T15:55:13.950+0000] {dag.py:3947} INFO - Setting next_dagrun for example_subdag_operator.section-2 to None, run_after=None
[2024-08-03T15:55:13.982+0000] {processor.py:183} INFO - Processing /home/airflow/.local/lib/python3.12/site-packages/airflow/example_dags/example_subdag_operator.py took 0.418 seconds
[2024-08-03T17:01:43.691+0000] {processor.py:161} INFO - Started process (PID=8477) to work on /home/airflow/.local/lib/python3.12/site-packages/airflow/example_dags/example_subdag_operator.py
[2024-08-03T17:01:43.696+0000] {processor.py:830} INFO - Processing file /home/airflow/.local/lib/python3.12/site-packages/airflow/example_dags/example_subdag_operator.py for tasks to queue
[2024-08-03T17:01:43.711+0000] {logging_mixin.py:188} INFO - [2024-08-03T17:01:43.707+0000] {dagbag.py:545} INFO - Filling up the DagBag from /home/airflow/.local/lib/python3.12/site-packages/airflow/example_dags/example_subdag_operator.py
[2024-08-03T17:01:44.235+0000] {processor.py:840} INFO - DAG(s) 'example_subdag_operator.section-1', 'example_subdag_operator.section-2', 'example_subdag_operator' retrieved from /home/airflow/.local/lib/python3.12/site-packages/airflow/example_dags/example_subdag_operator.py
[2024-08-03T17:01:44.517+0000] {logging_mixin.py:188} INFO - [2024-08-03T17:01:44.511+0000] {dag.py:3089} INFO - Sync 3 DAGs
[2024-08-03T17:01:45.139+0000] {logging_mixin.py:188} INFO - [2024-08-03T17:01:45.116+0000] {dag.py:3947} INFO - Setting next_dagrun for example_subdag_operator to 2022-01-01 00:00:00+00:00, run_after=2022-01-01 00:00:00+00:00
[2024-08-03T17:01:45.203+0000] {logging_mixin.py:188} INFO - [2024-08-03T17:01:45.203+0000] {dag.py:3947} INFO - Setting next_dagrun for example_subdag_operator.section-1 to None, run_after=None
[2024-08-03T17:01:45.209+0000] {logging_mixin.py:188} INFO - [2024-08-03T17:01:45.206+0000] {dag.py:3947} INFO - Setting next_dagrun for example_subdag_operator.section-2 to None, run_after=None
[2024-08-03T17:01:45.326+0000] {logging_mixin.py:188} INFO - [2024-08-03T17:01:45.322+0000] {dag.py:3089} INFO - Sync 2 DAGs
[2024-08-03T17:01:45.340+0000] {logging_mixin.py:188} INFO - [2024-08-03T17:01:45.339+0000] {dag.py:3947} INFO - Setting next_dagrun for example_subdag_operator.section-1 to None, run_after=None
[2024-08-03T17:01:45.345+0000] {logging_mixin.py:188} INFO - [2024-08-03T17:01:45.344+0000] {dag.py:3947} INFO - Setting next_dagrun for example_subdag_operator.section-2 to None, run_after=None
[2024-08-03T17:01:45.399+0000] {processor.py:183} INFO - Processing /home/airflow/.local/lib/python3.12/site-packages/airflow/example_dags/example_subdag_operator.py took 1.791 seconds
[2024-08-03T17:24:51.090+0000] {processor.py:161} INFO - Started process (PID=8538) to work on /home/airflow/.local/lib/python3.12/site-packages/airflow/example_dags/example_subdag_operator.py
[2024-08-03T17:24:51.107+0000] {processor.py:830} INFO - Processing file /home/airflow/.local/lib/python3.12/site-packages/airflow/example_dags/example_subdag_operator.py for tasks to queue
[2024-08-03T17:24:51.117+0000] {logging_mixin.py:188} INFO - [2024-08-03T17:24:51.111+0000] {dagbag.py:545} INFO - Filling up the DagBag from /home/airflow/.local/lib/python3.12/site-packages/airflow/example_dags/example_subdag_operator.py
[2024-08-03T17:24:51.444+0000] {processor.py:840} INFO - DAG(s) 'example_subdag_operator.section-1', 'example_subdag_operator.section-2', 'example_subdag_operator' retrieved from /home/airflow/.local/lib/python3.12/site-packages/airflow/example_dags/example_subdag_operator.py
[2024-08-03T17:24:51.601+0000] {logging_mixin.py:188} INFO - [2024-08-03T17:24:51.596+0000] {dag.py:3089} INFO - Sync 3 DAGs
[2024-08-03T17:24:51.918+0000] {logging_mixin.py:188} INFO - [2024-08-03T17:24:51.915+0000] {dag.py:3947} INFO - Setting next_dagrun for example_subdag_operator to 2022-01-01 00:00:00+00:00, run_after=2022-01-01 00:00:00+00:00
[2024-08-03T17:24:51.948+0000] {logging_mixin.py:188} INFO - [2024-08-03T17:24:51.946+0000] {dag.py:3947} INFO - Setting next_dagrun for example_subdag_operator.section-1 to None, run_after=None
[2024-08-03T17:24:51.956+0000] {logging_mixin.py:188} INFO - [2024-08-03T17:24:51.955+0000] {dag.py:3947} INFO - Setting next_dagrun for example_subdag_operator.section-2 to None, run_after=None
[2024-08-03T17:24:52.002+0000] {logging_mixin.py:188} INFO - [2024-08-03T17:24:52.001+0000] {dag.py:3089} INFO - Sync 2 DAGs
[2024-08-03T17:24:52.032+0000] {logging_mixin.py:188} INFO - [2024-08-03T17:24:52.031+0000] {dag.py:3947} INFO - Setting next_dagrun for example_subdag_operator.section-1 to None, run_after=None
[2024-08-03T17:24:52.034+0000] {logging_mixin.py:188} INFO - [2024-08-03T17:24:52.033+0000] {dag.py:3947} INFO - Setting next_dagrun for example_subdag_operator.section-2 to None, run_after=None
[2024-08-03T17:24:52.100+0000] {processor.py:183} INFO - Processing /home/airflow/.local/lib/python3.12/site-packages/airflow/example_dags/example_subdag_operator.py took 1.104 seconds
[2024-08-03T17:26:40.832+0000] {processor.py:161} INFO - Started process (PID=8633) to work on /home/airflow/.local/lib/python3.12/site-packages/airflow/example_dags/example_subdag_operator.py
[2024-08-03T17:26:40.841+0000] {processor.py:830} INFO - Processing file /home/airflow/.local/lib/python3.12/site-packages/airflow/example_dags/example_subdag_operator.py for tasks to queue
[2024-08-03T17:26:40.858+0000] {logging_mixin.py:188} INFO - [2024-08-03T17:26:40.845+0000] {dagbag.py:545} INFO - Filling up the DagBag from /home/airflow/.local/lib/python3.12/site-packages/airflow/example_dags/example_subdag_operator.py
[2024-08-03T17:26:41.455+0000] {processor.py:840} INFO - DAG(s) 'example_subdag_operator.section-1', 'example_subdag_operator.section-2', 'example_subdag_operator' retrieved from /home/airflow/.local/lib/python3.12/site-packages/airflow/example_dags/example_subdag_operator.py
[2024-08-03T17:26:41.592+0000] {logging_mixin.py:188} INFO - [2024-08-03T17:26:41.590+0000] {dag.py:3089} INFO - Sync 3 DAGs
[2024-08-03T17:26:41.701+0000] {logging_mixin.py:188} INFO - [2024-08-03T17:26:41.700+0000] {dag.py:3947} INFO - Setting next_dagrun for example_subdag_operator to 2022-01-01 00:00:00+00:00, run_after=2022-01-01 00:00:00+00:00
[2024-08-03T17:26:41.738+0000] {logging_mixin.py:188} INFO - [2024-08-03T17:26:41.737+0000] {dag.py:3947} INFO - Setting next_dagrun for example_subdag_operator.section-1 to None, run_after=None
[2024-08-03T17:26:41.757+0000] {logging_mixin.py:188} INFO - [2024-08-03T17:26:41.756+0000] {dag.py:3947} INFO - Setting next_dagrun for example_subdag_operator.section-2 to None, run_after=None
[2024-08-03T17:26:41.861+0000] {logging_mixin.py:188} INFO - [2024-08-03T17:26:41.855+0000] {dag.py:3089} INFO - Sync 2 DAGs
[2024-08-03T17:26:41.906+0000] {logging_mixin.py:188} INFO - [2024-08-03T17:26:41.899+0000] {dag.py:3947} INFO - Setting next_dagrun for example_subdag_operator.section-1 to None, run_after=None
[2024-08-03T17:26:41.908+0000] {logging_mixin.py:188} INFO - [2024-08-03T17:26:41.907+0000] {dag.py:3947} INFO - Setting next_dagrun for example_subdag_operator.section-2 to None, run_after=None
[2024-08-03T17:26:42.080+0000] {processor.py:183} INFO - Processing /home/airflow/.local/lib/python3.12/site-packages/airflow/example_dags/example_subdag_operator.py took 1.305 seconds
[2024-08-03T17:27:12.547+0000] {processor.py:161} INFO - Started process (PID=8693) to work on /home/airflow/.local/lib/python3.12/site-packages/airflow/example_dags/example_subdag_operator.py
[2024-08-03T17:27:12.554+0000] {processor.py:830} INFO - Processing file /home/airflow/.local/lib/python3.12/site-packages/airflow/example_dags/example_subdag_operator.py for tasks to queue
[2024-08-03T17:27:12.555+0000] {logging_mixin.py:188} INFO - [2024-08-03T17:27:12.555+0000] {dagbag.py:545} INFO - Filling up the DagBag from /home/airflow/.local/lib/python3.12/site-packages/airflow/example_dags/example_subdag_operator.py
[2024-08-03T17:27:12.580+0000] {processor.py:840} INFO - DAG(s) 'example_subdag_operator.section-1', 'example_subdag_operator.section-2', 'example_subdag_operator' retrieved from /home/airflow/.local/lib/python3.12/site-packages/airflow/example_dags/example_subdag_operator.py
[2024-08-03T17:27:12.591+0000] {logging_mixin.py:188} INFO - [2024-08-03T17:27:12.590+0000] {dag.py:3089} INFO - Sync 3 DAGs
[2024-08-03T17:27:12.611+0000] {logging_mixin.py:188} INFO - [2024-08-03T17:27:12.610+0000] {dag.py:3947} INFO - Setting next_dagrun for example_subdag_operator to 2022-01-01 00:00:00+00:00, run_after=2022-01-01 00:00:00+00:00
[2024-08-03T17:27:12.617+0000] {logging_mixin.py:188} INFO - [2024-08-03T17:27:12.617+0000] {dag.py:3947} INFO - Setting next_dagrun for example_subdag_operator.section-1 to None, run_after=None
[2024-08-03T17:27:12.619+0000] {logging_mixin.py:188} INFO - [2024-08-03T17:27:12.619+0000] {dag.py:3947} INFO - Setting next_dagrun for example_subdag_operator.section-2 to None, run_after=None
[2024-08-03T17:27:12.626+0000] {logging_mixin.py:188} INFO - [2024-08-03T17:27:12.626+0000] {dag.py:3089} INFO - Sync 2 DAGs
[2024-08-03T17:27:12.630+0000] {logging_mixin.py:188} INFO - [2024-08-03T17:27:12.630+0000] {dag.py:3947} INFO - Setting next_dagrun for example_subdag_operator.section-1 to None, run_after=None
[2024-08-03T17:27:12.631+0000] {logging_mixin.py:188} INFO - [2024-08-03T17:27:12.630+0000] {dag.py:3947} INFO - Setting next_dagrun for example_subdag_operator.section-2 to None, run_after=None
[2024-08-03T17:27:12.635+0000] {processor.py:183} INFO - Processing /home/airflow/.local/lib/python3.12/site-packages/airflow/example_dags/example_subdag_operator.py took 0.095 seconds
[2024-08-03T17:49:43.857+0000] {processor.py:161} INFO - Started process (PID=8769) to work on /home/airflow/.local/lib/python3.12/site-packages/airflow/example_dags/example_subdag_operator.py
[2024-08-03T17:49:43.869+0000] {processor.py:830} INFO - Processing file /home/airflow/.local/lib/python3.12/site-packages/airflow/example_dags/example_subdag_operator.py for tasks to queue
[2024-08-03T17:49:43.887+0000] {logging_mixin.py:188} INFO - [2024-08-03T17:49:43.880+0000] {dagbag.py:545} INFO - Filling up the DagBag from /home/airflow/.local/lib/python3.12/site-packages/airflow/example_dags/example_subdag_operator.py
[2024-08-03T17:49:44.365+0000] {processor.py:840} INFO - DAG(s) 'example_subdag_operator.section-1', 'example_subdag_operator.section-2', 'example_subdag_operator' retrieved from /home/airflow/.local/lib/python3.12/site-packages/airflow/example_dags/example_subdag_operator.py
[2024-08-03T17:49:44.538+0000] {logging_mixin.py:188} INFO - [2024-08-03T17:49:44.537+0000] {dag.py:3089} INFO - Sync 3 DAGs
[2024-08-03T17:49:44.750+0000] {logging_mixin.py:188} INFO - [2024-08-03T17:49:44.735+0000] {dag.py:3947} INFO - Setting next_dagrun for example_subdag_operator to 2022-01-01 00:00:00+00:00, run_after=2022-01-01 00:00:00+00:00
[2024-08-03T17:49:44.780+0000] {logging_mixin.py:188} INFO - [2024-08-03T17:49:44.779+0000] {dag.py:3947} INFO - Setting next_dagrun for example_subdag_operator.section-1 to None, run_after=None
[2024-08-03T17:49:44.785+0000] {logging_mixin.py:188} INFO - [2024-08-03T17:49:44.784+0000] {dag.py:3947} INFO - Setting next_dagrun for example_subdag_operator.section-2 to None, run_after=None
[2024-08-03T17:49:44.902+0000] {logging_mixin.py:188} INFO - [2024-08-03T17:49:44.901+0000] {dag.py:3089} INFO - Sync 2 DAGs
[2024-08-03T17:49:44.931+0000] {logging_mixin.py:188} INFO - [2024-08-03T17:49:44.930+0000] {dag.py:3947} INFO - Setting next_dagrun for example_subdag_operator.section-1 to None, run_after=None
[2024-08-03T17:49:44.937+0000] {logging_mixin.py:188} INFO - [2024-08-03T17:49:44.937+0000] {dag.py:3947} INFO - Setting next_dagrun for example_subdag_operator.section-2 to None, run_after=None
[2024-08-03T17:49:45.091+0000] {processor.py:183} INFO - Processing /home/airflow/.local/lib/python3.12/site-packages/airflow/example_dags/example_subdag_operator.py took 1.295 seconds
[2024-08-03T18:23:30.594+0000] {processor.py:161} INFO - Started process (PID=8824) to work on /home/airflow/.local/lib/python3.12/site-packages/airflow/example_dags/example_subdag_operator.py
[2024-08-03T18:23:30.597+0000] {processor.py:830} INFO - Processing file /home/airflow/.local/lib/python3.12/site-packages/airflow/example_dags/example_subdag_operator.py for tasks to queue
[2024-08-03T18:23:30.599+0000] {logging_mixin.py:188} INFO - [2024-08-03T18:23:30.599+0000] {dagbag.py:545} INFO - Filling up the DagBag from /home/airflow/.local/lib/python3.12/site-packages/airflow/example_dags/example_subdag_operator.py
[2024-08-03T18:23:30.660+0000] {processor.py:840} INFO - DAG(s) 'example_subdag_operator.section-1', 'example_subdag_operator.section-2', 'example_subdag_operator' retrieved from /home/airflow/.local/lib/python3.12/site-packages/airflow/example_dags/example_subdag_operator.py
[2024-08-03T18:23:30.712+0000] {logging_mixin.py:188} INFO - [2024-08-03T18:23:30.711+0000] {dag.py:3089} INFO - Sync 3 DAGs
[2024-08-03T18:23:30.800+0000] {logging_mixin.py:188} INFO - [2024-08-03T18:23:30.799+0000] {dag.py:3947} INFO - Setting next_dagrun for example_subdag_operator to 2022-01-01 00:00:00+00:00, run_after=2022-01-01 00:00:00+00:00
[2024-08-03T18:23:30.808+0000] {logging_mixin.py:188} INFO - [2024-08-03T18:23:30.808+0000] {dag.py:3947} INFO - Setting next_dagrun for example_subdag_operator.section-1 to None, run_after=None
[2024-08-03T18:23:30.810+0000] {logging_mixin.py:188} INFO - [2024-08-03T18:23:30.810+0000] {dag.py:3947} INFO - Setting next_dagrun for example_subdag_operator.section-2 to None, run_after=None
[2024-08-03T18:23:30.830+0000] {logging_mixin.py:188} INFO - [2024-08-03T18:23:30.829+0000] {dag.py:3089} INFO - Sync 2 DAGs
[2024-08-03T18:23:30.846+0000] {logging_mixin.py:188} INFO - [2024-08-03T18:23:30.846+0000] {dag.py:3947} INFO - Setting next_dagrun for example_subdag_operator.section-1 to None, run_after=None
[2024-08-03T18:23:30.847+0000] {logging_mixin.py:188} INFO - [2024-08-03T18:23:30.847+0000] {dag.py:3947} INFO - Setting next_dagrun for example_subdag_operator.section-2 to None, run_after=None
[2024-08-03T18:23:30.859+0000] {processor.py:183} INFO - Processing /home/airflow/.local/lib/python3.12/site-packages/airflow/example_dags/example_subdag_operator.py took 0.277 seconds
[2024-08-03T19:08:51.657+0000] {processor.py:161} INFO - Started process (PID=8876) to work on /home/airflow/.local/lib/python3.12/site-packages/airflow/example_dags/example_subdag_operator.py
[2024-08-03T19:08:51.665+0000] {processor.py:830} INFO - Processing file /home/airflow/.local/lib/python3.12/site-packages/airflow/example_dags/example_subdag_operator.py for tasks to queue
[2024-08-03T19:08:51.692+0000] {logging_mixin.py:188} INFO - [2024-08-03T19:08:51.679+0000] {dagbag.py:545} INFO - Filling up the DagBag from /home/airflow/.local/lib/python3.12/site-packages/airflow/example_dags/example_subdag_operator.py
[2024-08-03T19:08:52.134+0000] {processor.py:840} INFO - DAG(s) 'example_subdag_operator.section-1', 'example_subdag_operator.section-2', 'example_subdag_operator' retrieved from /home/airflow/.local/lib/python3.12/site-packages/airflow/example_dags/example_subdag_operator.py
[2024-08-03T19:08:52.346+0000] {logging_mixin.py:188} INFO - [2024-08-03T19:08:52.344+0000] {dag.py:3089} INFO - Sync 3 DAGs
[2024-08-03T19:08:52.653+0000] {logging_mixin.py:188} INFO - [2024-08-03T19:08:52.644+0000] {dag.py:3947} INFO - Setting next_dagrun for example_subdag_operator to 2022-01-01 00:00:00+00:00, run_after=2022-01-01 00:00:00+00:00
[2024-08-03T19:08:52.689+0000] {logging_mixin.py:188} INFO - [2024-08-03T19:08:52.689+0000] {dag.py:3947} INFO - Setting next_dagrun for example_subdag_operator.section-1 to None, run_after=None
[2024-08-03T19:08:52.697+0000] {logging_mixin.py:188} INFO - [2024-08-03T19:08:52.697+0000] {dag.py:3947} INFO - Setting next_dagrun for example_subdag_operator.section-2 to None, run_after=None
[2024-08-03T19:08:52.759+0000] {logging_mixin.py:188} INFO - [2024-08-03T19:08:52.758+0000] {dag.py:3089} INFO - Sync 2 DAGs
[2024-08-03T19:08:52.787+0000] {logging_mixin.py:188} INFO - [2024-08-03T19:08:52.787+0000] {dag.py:3947} INFO - Setting next_dagrun for example_subdag_operator.section-1 to None, run_after=None
[2024-08-03T19:08:52.791+0000] {logging_mixin.py:188} INFO - [2024-08-03T19:08:52.791+0000] {dag.py:3947} INFO - Setting next_dagrun for example_subdag_operator.section-2 to None, run_after=None
[2024-08-03T19:08:52.874+0000] {processor.py:183} INFO - Processing /home/airflow/.local/lib/python3.12/site-packages/airflow/example_dags/example_subdag_operator.py took 1.296 seconds
[2024-08-03T20:16:20.950+0000] {processor.py:161} INFO - Started process (PID=8942) to work on /home/airflow/.local/lib/python3.12/site-packages/airflow/example_dags/example_subdag_operator.py
[2024-08-03T20:16:20.962+0000] {processor.py:830} INFO - Processing file /home/airflow/.local/lib/python3.12/site-packages/airflow/example_dags/example_subdag_operator.py for tasks to queue
[2024-08-03T20:16:20.965+0000] {logging_mixin.py:188} INFO - [2024-08-03T20:16:20.964+0000] {dagbag.py:545} INFO - Filling up the DagBag from /home/airflow/.local/lib/python3.12/site-packages/airflow/example_dags/example_subdag_operator.py
[2024-08-03T20:16:21.129+0000] {processor.py:840} INFO - DAG(s) 'example_subdag_operator.section-1', 'example_subdag_operator.section-2', 'example_subdag_operator' retrieved from /home/airflow/.local/lib/python3.12/site-packages/airflow/example_dags/example_subdag_operator.py
[2024-08-03T20:16:21.199+0000] {logging_mixin.py:188} INFO - [2024-08-03T20:16:21.198+0000] {dag.py:3089} INFO - Sync 3 DAGs
[2024-08-03T20:16:21.282+0000] {logging_mixin.py:188} INFO - [2024-08-03T20:16:21.281+0000] {dag.py:3947} INFO - Setting next_dagrun for example_subdag_operator to 2022-01-01 00:00:00+00:00, run_after=2022-01-01 00:00:00+00:00
[2024-08-03T20:16:21.301+0000] {logging_mixin.py:188} INFO - [2024-08-03T20:16:21.300+0000] {dag.py:3947} INFO - Setting next_dagrun for example_subdag_operator.section-1 to None, run_after=None
[2024-08-03T20:16:21.307+0000] {logging_mixin.py:188} INFO - [2024-08-03T20:16:21.306+0000] {dag.py:3947} INFO - Setting next_dagrun for example_subdag_operator.section-2 to None, run_after=None
[2024-08-03T20:16:21.345+0000] {logging_mixin.py:188} INFO - [2024-08-03T20:16:21.344+0000] {dag.py:3089} INFO - Sync 2 DAGs
[2024-08-03T20:16:21.364+0000] {logging_mixin.py:188} INFO - [2024-08-03T20:16:21.363+0000] {dag.py:3947} INFO - Setting next_dagrun for example_subdag_operator.section-1 to None, run_after=None
[2024-08-03T20:16:21.365+0000] {logging_mixin.py:188} INFO - [2024-08-03T20:16:21.365+0000] {dag.py:3947} INFO - Setting next_dagrun for example_subdag_operator.section-2 to None, run_after=None
[2024-08-03T20:16:21.406+0000] {processor.py:183} INFO - Processing /home/airflow/.local/lib/python3.12/site-packages/airflow/example_dags/example_subdag_operator.py took 0.483 seconds
[2024-08-03T21:24:53.257+0000] {processor.py:161} INFO - Started process (PID=8993) to work on /home/airflow/.local/lib/python3.12/site-packages/airflow/example_dags/example_subdag_operator.py
[2024-08-03T21:24:53.270+0000] {processor.py:830} INFO - Processing file /home/airflow/.local/lib/python3.12/site-packages/airflow/example_dags/example_subdag_operator.py for tasks to queue
[2024-08-03T21:24:53.322+0000] {logging_mixin.py:188} INFO - [2024-08-03T21:24:53.297+0000] {dagbag.py:545} INFO - Filling up the DagBag from /home/airflow/.local/lib/python3.12/site-packages/airflow/example_dags/example_subdag_operator.py
[2024-08-03T21:24:53.798+0000] {processor.py:840} INFO - DAG(s) 'example_subdag_operator.section-1', 'example_subdag_operator.section-2', 'example_subdag_operator' retrieved from /home/airflow/.local/lib/python3.12/site-packages/airflow/example_dags/example_subdag_operator.py
[2024-08-03T21:24:53.986+0000] {logging_mixin.py:188} INFO - [2024-08-03T21:24:53.985+0000] {dag.py:3089} INFO - Sync 3 DAGs
[2024-08-03T21:24:54.140+0000] {logging_mixin.py:188} INFO - [2024-08-03T21:24:54.134+0000] {dag.py:3947} INFO - Setting next_dagrun for example_subdag_operator to 2022-01-01 00:00:00+00:00, run_after=2022-01-01 00:00:00+00:00
[2024-08-03T21:24:54.161+0000] {logging_mixin.py:188} INFO - [2024-08-03T21:24:54.160+0000] {dag.py:3947} INFO - Setting next_dagrun for example_subdag_operator.section-1 to None, run_after=None
[2024-08-03T21:24:54.163+0000] {logging_mixin.py:188} INFO - [2024-08-03T21:24:54.163+0000] {dag.py:3947} INFO - Setting next_dagrun for example_subdag_operator.section-2 to None, run_after=None
[2024-08-03T21:24:54.214+0000] {logging_mixin.py:188} INFO - [2024-08-03T21:24:54.213+0000] {dag.py:3089} INFO - Sync 2 DAGs
[2024-08-03T21:24:54.239+0000] {logging_mixin.py:188} INFO - [2024-08-03T21:24:54.234+0000] {dag.py:3947} INFO - Setting next_dagrun for example_subdag_operator.section-1 to None, run_after=None
[2024-08-03T21:24:54.241+0000] {logging_mixin.py:188} INFO - [2024-08-03T21:24:54.241+0000] {dag.py:3947} INFO - Setting next_dagrun for example_subdag_operator.section-2 to None, run_after=None
[2024-08-03T21:24:54.335+0000] {processor.py:183} INFO - Processing /home/airflow/.local/lib/python3.12/site-packages/airflow/example_dags/example_subdag_operator.py took 1.250 seconds
[2024-08-03T23:34:52.584+0000] {processor.py:161} INFO - Started process (PID=9068) to work on /home/airflow/.local/lib/python3.12/site-packages/airflow/example_dags/example_subdag_operator.py
[2024-08-03T23:34:52.596+0000] {processor.py:830} INFO - Processing file /home/airflow/.local/lib/python3.12/site-packages/airflow/example_dags/example_subdag_operator.py for tasks to queue
[2024-08-03T23:34:52.602+0000] {logging_mixin.py:188} INFO - [2024-08-03T23:34:52.601+0000] {dagbag.py:545} INFO - Filling up the DagBag from /home/airflow/.local/lib/python3.12/site-packages/airflow/example_dags/example_subdag_operator.py
[2024-08-03T23:34:53.393+0000] {processor.py:840} INFO - DAG(s) 'example_subdag_operator.section-1', 'example_subdag_operator.section-2', 'example_subdag_operator' retrieved from /home/airflow/.local/lib/python3.12/site-packages/airflow/example_dags/example_subdag_operator.py
[2024-08-03T23:34:53.990+0000] {logging_mixin.py:188} INFO - [2024-08-03T23:34:53.973+0000] {dag.py:3089} INFO - Sync 3 DAGs
[2024-08-03T23:34:54.220+0000] {logging_mixin.py:188} INFO - [2024-08-03T23:34:54.219+0000] {dag.py:3947} INFO - Setting next_dagrun for example_subdag_operator to 2022-01-01 00:00:00+00:00, run_after=2022-01-01 00:00:00+00:00
[2024-08-03T23:34:54.267+0000] {logging_mixin.py:188} INFO - [2024-08-03T23:34:54.267+0000] {dag.py:3947} INFO - Setting next_dagrun for example_subdag_operator.section-1 to None, run_after=None
[2024-08-03T23:34:54.276+0000] {logging_mixin.py:188} INFO - [2024-08-03T23:34:54.276+0000] {dag.py:3947} INFO - Setting next_dagrun for example_subdag_operator.section-2 to None, run_after=None
[2024-08-03T23:34:54.420+0000] {logging_mixin.py:188} INFO - [2024-08-03T23:34:54.419+0000] {dag.py:3089} INFO - Sync 2 DAGs
[2024-08-03T23:34:54.445+0000] {logging_mixin.py:188} INFO - [2024-08-03T23:34:54.445+0000] {dag.py:3947} INFO - Setting next_dagrun for example_subdag_operator.section-1 to None, run_after=None
[2024-08-03T23:34:54.447+0000] {logging_mixin.py:188} INFO - [2024-08-03T23:34:54.447+0000] {dag.py:3947} INFO - Setting next_dagrun for example_subdag_operator.section-2 to None, run_after=None
[2024-08-03T23:34:54.533+0000] {processor.py:183} INFO - Processing /home/airflow/.local/lib/python3.12/site-packages/airflow/example_dags/example_subdag_operator.py took 2.005 seconds
