[2024-08-03T00:02:56.188+0000] {processor.py:161} INFO - Started process (PID=7173) to work on /home/airflow/.local/lib/python3.12/site-packages/airflow/example_dags/example_external_task_marker_dag.py
[2024-08-03T00:02:56.208+0000] {processor.py:830} INFO - Processing file /home/airflow/.local/lib/python3.12/site-packages/airflow/example_dags/example_external_task_marker_dag.py for tasks to queue
[2024-08-03T00:02:56.255+0000] {logging_mixin.py:188} INFO - [2024-08-03T00:02:56.237+0000] {dagbag.py:545} INFO - Filling up the DagBag from /home/airflow/.local/lib/python3.12/site-packages/airflow/example_dags/example_external_task_marker_dag.py
[2024-08-03T00:02:56.429+0000] {processor.py:840} INFO - DAG(s) 'example_external_task_marker_child', 'example_external_task_marker_parent' retrieved from /home/airflow/.local/lib/python3.12/site-packages/airflow/example_dags/example_external_task_marker_dag.py
[2024-08-03T00:02:56.922+0000] {logging_mixin.py:188} INFO - [2024-08-03T00:02:56.921+0000] {dag.py:3089} INFO - Sync 2 DAGs
[2024-08-03T00:02:57.044+0000] {logging_mixin.py:188} INFO - [2024-08-03T00:02:57.040+0000] {dag.py:3947} INFO - Setting next_dagrun for example_external_task_marker_child to None, run_after=None
[2024-08-03T00:02:57.068+0000] {logging_mixin.py:188} INFO - [2024-08-03T00:02:57.067+0000] {dag.py:3947} INFO - Setting next_dagrun for example_external_task_marker_parent to None, run_after=None
[2024-08-03T00:02:57.219+0000] {processor.py:183} INFO - Processing /home/airflow/.local/lib/python3.12/site-packages/airflow/example_dags/example_external_task_marker_dag.py took 1.147 seconds
[2024-08-03T03:17:05.849+0000] {processor.py:161} INFO - Started process (PID=7293) to work on /home/airflow/.local/lib/python3.12/site-packages/airflow/example_dags/example_external_task_marker_dag.py
[2024-08-03T03:17:05.861+0000] {processor.py:830} INFO - Processing file /home/airflow/.local/lib/python3.12/site-packages/airflow/example_dags/example_external_task_marker_dag.py for tasks to queue
[2024-08-03T03:17:05.871+0000] {logging_mixin.py:188} INFO - [2024-08-03T03:17:05.866+0000] {dagbag.py:545} INFO - Filling up the DagBag from /home/airflow/.local/lib/python3.12/site-packages/airflow/example_dags/example_external_task_marker_dag.py
[2024-08-03T03:17:05.944+0000] {processor.py:840} INFO - DAG(s) 'example_external_task_marker_child', 'example_external_task_marker_parent' retrieved from /home/airflow/.local/lib/python3.12/site-packages/airflow/example_dags/example_external_task_marker_dag.py
[2024-08-03T03:17:06.196+0000] {logging_mixin.py:188} INFO - [2024-08-03T03:17:06.190+0000] {dag.py:3089} INFO - Sync 2 DAGs
[2024-08-03T03:17:06.593+0000] {logging_mixin.py:188} INFO - [2024-08-03T03:17:06.591+0000] {dag.py:3947} INFO - Setting next_dagrun for example_external_task_marker_child to None, run_after=None
[2024-08-03T03:17:06.663+0000] {logging_mixin.py:188} INFO - [2024-08-03T03:17:06.662+0000] {dag.py:3947} INFO - Setting next_dagrun for example_external_task_marker_parent to None, run_after=None
[2024-08-03T03:17:06.816+0000] {processor.py:183} INFO - Processing /home/airflow/.local/lib/python3.12/site-packages/airflow/example_dags/example_external_task_marker_dag.py took 1.020 seconds
[2024-08-03T03:24:25.021+0000] {processor.py:161} INFO - Started process (PID=7387) to work on /home/airflow/.local/lib/python3.12/site-packages/airflow/example_dags/example_external_task_marker_dag.py
[2024-08-03T03:24:25.078+0000] {processor.py:830} INFO - Processing file /home/airflow/.local/lib/python3.12/site-packages/airflow/example_dags/example_external_task_marker_dag.py for tasks to queue
[2024-08-03T03:24:25.093+0000] {logging_mixin.py:188} INFO - [2024-08-03T03:24:25.083+0000] {dagbag.py:545} INFO - Filling up the DagBag from /home/airflow/.local/lib/python3.12/site-packages/airflow/example_dags/example_external_task_marker_dag.py
[2024-08-03T03:24:25.880+0000] {processor.py:840} INFO - DAG(s) 'example_external_task_marker_parent', 'example_external_task_marker_child' retrieved from /home/airflow/.local/lib/python3.12/site-packages/airflow/example_dags/example_external_task_marker_dag.py
[2024-08-03T03:24:27.388+0000] {logging_mixin.py:188} INFO - [2024-08-03T03:24:27.372+0000] {dag.py:3089} INFO - Sync 2 DAGs
[2024-08-03T03:24:27.996+0000] {logging_mixin.py:188} INFO - [2024-08-03T03:24:27.993+0000] {dag.py:3947} INFO - Setting next_dagrun for example_external_task_marker_child to None, run_after=None
[2024-08-03T03:24:28.031+0000] {logging_mixin.py:188} INFO - [2024-08-03T03:24:28.030+0000] {dag.py:3947} INFO - Setting next_dagrun for example_external_task_marker_parent to None, run_after=None
[2024-08-03T03:24:28.167+0000] {processor.py:183} INFO - Processing /home/airflow/.local/lib/python3.12/site-packages/airflow/example_dags/example_external_task_marker_dag.py took 3.189 seconds
[2024-08-03T05:41:45.456+0000] {processor.py:161} INFO - Started process (PID=7453) to work on /home/airflow/.local/lib/python3.12/site-packages/airflow/example_dags/example_external_task_marker_dag.py
[2024-08-03T05:41:45.461+0000] {processor.py:830} INFO - Processing file /home/airflow/.local/lib/python3.12/site-packages/airflow/example_dags/example_external_task_marker_dag.py for tasks to queue
[2024-08-03T05:41:45.471+0000] {logging_mixin.py:188} INFO - [2024-08-03T05:41:45.470+0000] {dagbag.py:545} INFO - Filling up the DagBag from /home/airflow/.local/lib/python3.12/site-packages/airflow/example_dags/example_external_task_marker_dag.py
[2024-08-03T05:41:45.524+0000] {processor.py:840} INFO - DAG(s) 'example_external_task_marker_parent', 'example_external_task_marker_child' retrieved from /home/airflow/.local/lib/python3.12/site-packages/airflow/example_dags/example_external_task_marker_dag.py
[2024-08-03T05:41:45.696+0000] {logging_mixin.py:188} INFO - [2024-08-03T05:41:45.694+0000] {dag.py:3089} INFO - Sync 2 DAGs
[2024-08-03T05:41:45.747+0000] {logging_mixin.py:188} INFO - [2024-08-03T05:41:45.746+0000] {dag.py:3947} INFO - Setting next_dagrun for example_external_task_marker_child to None, run_after=None
[2024-08-03T05:41:45.793+0000] {logging_mixin.py:188} INFO - [2024-08-03T05:41:45.791+0000] {dag.py:3947} INFO - Setting next_dagrun for example_external_task_marker_parent to None, run_after=None
[2024-08-03T05:41:45.960+0000] {processor.py:183} INFO - Processing /home/airflow/.local/lib/python3.12/site-packages/airflow/example_dags/example_external_task_marker_dag.py took 0.524 seconds
[2024-08-03T07:38:52.462+0000] {processor.py:161} INFO - Started process (PID=7527) to work on /home/airflow/.local/lib/python3.12/site-packages/airflow/example_dags/example_external_task_marker_dag.py
[2024-08-03T07:38:52.467+0000] {processor.py:830} INFO - Processing file /home/airflow/.local/lib/python3.12/site-packages/airflow/example_dags/example_external_task_marker_dag.py for tasks to queue
[2024-08-03T07:38:52.486+0000] {logging_mixin.py:188} INFO - [2024-08-03T07:38:52.476+0000] {dagbag.py:545} INFO - Filling up the DagBag from /home/airflow/.local/lib/python3.12/site-packages/airflow/example_dags/example_external_task_marker_dag.py
[2024-08-03T07:38:52.618+0000] {processor.py:840} INFO - DAG(s) 'example_external_task_marker_child', 'example_external_task_marker_parent' retrieved from /home/airflow/.local/lib/python3.12/site-packages/airflow/example_dags/example_external_task_marker_dag.py
[2024-08-03T07:38:53.036+0000] {logging_mixin.py:188} INFO - [2024-08-03T07:38:53.033+0000] {dag.py:3089} INFO - Sync 2 DAGs
[2024-08-03T07:38:53.102+0000] {logging_mixin.py:188} INFO - [2024-08-03T07:38:53.102+0000] {dag.py:3947} INFO - Setting next_dagrun for example_external_task_marker_child to None, run_after=None
[2024-08-03T07:38:53.111+0000] {logging_mixin.py:188} INFO - [2024-08-03T07:38:53.111+0000] {dag.py:3947} INFO - Setting next_dagrun for example_external_task_marker_parent to None, run_after=None
[2024-08-03T07:38:53.211+0000] {processor.py:183} INFO - Processing /home/airflow/.local/lib/python3.12/site-packages/airflow/example_dags/example_external_task_marker_dag.py took 0.776 seconds
[2024-08-03T09:53:08.824+0000] {processor.py:161} INFO - Started process (PID=7610) to work on /home/airflow/.local/lib/python3.12/site-packages/airflow/example_dags/example_external_task_marker_dag.py
[2024-08-03T09:53:08.846+0000] {processor.py:830} INFO - Processing file /home/airflow/.local/lib/python3.12/site-packages/airflow/example_dags/example_external_task_marker_dag.py for tasks to queue
[2024-08-03T09:53:08.853+0000] {logging_mixin.py:188} INFO - [2024-08-03T09:53:08.851+0000] {dagbag.py:545} INFO - Filling up the DagBag from /home/airflow/.local/lib/python3.12/site-packages/airflow/example_dags/example_external_task_marker_dag.py
[2024-08-03T09:53:08.930+0000] {processor.py:840} INFO - DAG(s) 'example_external_task_marker_child', 'example_external_task_marker_parent' retrieved from /home/airflow/.local/lib/python3.12/site-packages/airflow/example_dags/example_external_task_marker_dag.py
[2024-08-03T09:53:09.091+0000] {logging_mixin.py:188} INFO - [2024-08-03T09:53:09.089+0000] {dag.py:3089} INFO - Sync 2 DAGs
[2024-08-03T09:53:09.238+0000] {logging_mixin.py:188} INFO - [2024-08-03T09:53:09.238+0000] {dag.py:3947} INFO - Setting next_dagrun for example_external_task_marker_child to None, run_after=None
[2024-08-03T09:53:09.306+0000] {logging_mixin.py:188} INFO - [2024-08-03T09:53:09.305+0000] {dag.py:3947} INFO - Setting next_dagrun for example_external_task_marker_parent to None, run_after=None
[2024-08-03T09:53:09.405+0000] {processor.py:183} INFO - Processing /home/airflow/.local/lib/python3.12/site-packages/airflow/example_dags/example_external_task_marker_dag.py took 0.620 seconds
[2024-08-03T10:36:59.306+0000] {processor.py:161} INFO - Started process (PID=7683) to work on /home/airflow/.local/lib/python3.12/site-packages/airflow/example_dags/example_external_task_marker_dag.py
[2024-08-03T10:36:59.312+0000] {processor.py:830} INFO - Processing file /home/airflow/.local/lib/python3.12/site-packages/airflow/example_dags/example_external_task_marker_dag.py for tasks to queue
[2024-08-03T10:36:59.315+0000] {logging_mixin.py:188} INFO - [2024-08-03T10:36:59.315+0000] {dagbag.py:545} INFO - Filling up the DagBag from /home/airflow/.local/lib/python3.12/site-packages/airflow/example_dags/example_external_task_marker_dag.py
[2024-08-03T10:36:59.349+0000] {processor.py:840} INFO - DAG(s) 'example_external_task_marker_child', 'example_external_task_marker_parent' retrieved from /home/airflow/.local/lib/python3.12/site-packages/airflow/example_dags/example_external_task_marker_dag.py
[2024-08-03T10:36:59.435+0000] {logging_mixin.py:188} INFO - [2024-08-03T10:36:59.434+0000] {dag.py:3089} INFO - Sync 2 DAGs
[2024-08-03T10:36:59.476+0000] {logging_mixin.py:188} INFO - [2024-08-03T10:36:59.475+0000] {dag.py:3947} INFO - Setting next_dagrun for example_external_task_marker_child to None, run_after=None
[2024-08-03T10:36:59.496+0000] {logging_mixin.py:188} INFO - [2024-08-03T10:36:59.495+0000] {dag.py:3947} INFO - Setting next_dagrun for example_external_task_marker_parent to None, run_after=None
[2024-08-03T10:36:59.548+0000] {processor.py:183} INFO - Processing /home/airflow/.local/lib/python3.12/site-packages/airflow/example_dags/example_external_task_marker_dag.py took 0.251 seconds
[2024-08-03T12:19:40.716+0000] {processor.py:161} INFO - Started process (PID=7747) to work on /home/airflow/.local/lib/python3.12/site-packages/airflow/example_dags/example_external_task_marker_dag.py
[2024-08-03T12:19:40.734+0000] {processor.py:830} INFO - Processing file /home/airflow/.local/lib/python3.12/site-packages/airflow/example_dags/example_external_task_marker_dag.py for tasks to queue
[2024-08-03T12:19:40.769+0000] {logging_mixin.py:188} INFO - [2024-08-03T12:19:40.751+0000] {dagbag.py:545} INFO - Filling up the DagBag from /home/airflow/.local/lib/python3.12/site-packages/airflow/example_dags/example_external_task_marker_dag.py
[2024-08-03T12:19:41.057+0000] {processor.py:840} INFO - DAG(s) 'example_external_task_marker_parent', 'example_external_task_marker_child' retrieved from /home/airflow/.local/lib/python3.12/site-packages/airflow/example_dags/example_external_task_marker_dag.py
[2024-08-03T12:19:42.020+0000] {logging_mixin.py:188} INFO - [2024-08-03T12:19:41.999+0000] {dag.py:3089} INFO - Sync 2 DAGs
[2024-08-03T12:19:42.321+0000] {logging_mixin.py:188} INFO - [2024-08-03T12:19:42.315+0000] {dag.py:3947} INFO - Setting next_dagrun for example_external_task_marker_child to None, run_after=None
[2024-08-03T12:19:42.365+0000] {logging_mixin.py:188} INFO - [2024-08-03T12:19:42.365+0000] {dag.py:3947} INFO - Setting next_dagrun for example_external_task_marker_parent to None, run_after=None
[2024-08-03T12:19:42.727+0000] {processor.py:183} INFO - Processing /home/airflow/.local/lib/python3.12/site-packages/airflow/example_dags/example_external_task_marker_dag.py took 2.223 seconds
[2024-08-03T14:17:46.700+0000] {processor.py:161} INFO - Started process (PID=7854) to work on /home/airflow/.local/lib/python3.12/site-packages/airflow/example_dags/example_external_task_marker_dag.py
[2024-08-03T14:17:46.725+0000] {processor.py:830} INFO - Processing file /home/airflow/.local/lib/python3.12/site-packages/airflow/example_dags/example_external_task_marker_dag.py for tasks to queue
[2024-08-03T14:17:46.749+0000] {logging_mixin.py:188} INFO - [2024-08-03T14:17:46.732+0000] {dagbag.py:545} INFO - Filling up the DagBag from /home/airflow/.local/lib/python3.12/site-packages/airflow/example_dags/example_external_task_marker_dag.py
[2024-08-03T14:17:46.831+0000] {processor.py:840} INFO - DAG(s) 'example_external_task_marker_parent', 'example_external_task_marker_child' retrieved from /home/airflow/.local/lib/python3.12/site-packages/airflow/example_dags/example_external_task_marker_dag.py
[2024-08-03T14:17:47.178+0000] {logging_mixin.py:188} INFO - [2024-08-03T14:17:47.177+0000] {dag.py:3089} INFO - Sync 2 DAGs
[2024-08-03T14:17:47.316+0000] {logging_mixin.py:188} INFO - [2024-08-03T14:17:47.315+0000] {dag.py:3947} INFO - Setting next_dagrun for example_external_task_marker_child to None, run_after=None
[2024-08-03T14:17:47.337+0000] {logging_mixin.py:188} INFO - [2024-08-03T14:17:47.336+0000] {dag.py:3947} INFO - Setting next_dagrun for example_external_task_marker_parent to None, run_after=None
[2024-08-03T14:17:47.438+0000] {processor.py:183} INFO - Processing /home/airflow/.local/lib/python3.12/site-packages/airflow/example_dags/example_external_task_marker_dag.py took 0.796 seconds
[2024-08-03T14:18:19.314+0000] {processor.py:161} INFO - Started process (PID=7915) to work on /home/airflow/.local/lib/python3.12/site-packages/airflow/example_dags/example_external_task_marker_dag.py
[2024-08-03T14:18:19.316+0000] {processor.py:830} INFO - Processing file /home/airflow/.local/lib/python3.12/site-packages/airflow/example_dags/example_external_task_marker_dag.py for tasks to queue
[2024-08-03T14:18:19.317+0000] {logging_mixin.py:188} INFO - [2024-08-03T14:18:19.316+0000] {dagbag.py:545} INFO - Filling up the DagBag from /home/airflow/.local/lib/python3.12/site-packages/airflow/example_dags/example_external_task_marker_dag.py
[2024-08-03T14:18:19.321+0000] {processor.py:840} INFO - DAG(s) 'example_external_task_marker_parent', 'example_external_task_marker_child' retrieved from /home/airflow/.local/lib/python3.12/site-packages/airflow/example_dags/example_external_task_marker_dag.py
[2024-08-03T14:18:19.340+0000] {logging_mixin.py:188} INFO - [2024-08-03T14:18:19.340+0000] {dag.py:3089} INFO - Sync 2 DAGs
[2024-08-03T14:18:19.348+0000] {logging_mixin.py:188} INFO - [2024-08-03T14:18:19.348+0000] {dag.py:3947} INFO - Setting next_dagrun for example_external_task_marker_child to None, run_after=None
[2024-08-03T14:18:19.351+0000] {logging_mixin.py:188} INFO - [2024-08-03T14:18:19.351+0000] {dag.py:3947} INFO - Setting next_dagrun for example_external_task_marker_parent to None, run_after=None
[2024-08-03T14:18:19.360+0000] {processor.py:183} INFO - Processing /home/airflow/.local/lib/python3.12/site-packages/airflow/example_dags/example_external_task_marker_dag.py took 0.051 seconds
[2024-08-03T14:36:39.337+0000] {processor.py:161} INFO - Started process (PID=8018) to work on /home/airflow/.local/lib/python3.12/site-packages/airflow/example_dags/example_external_task_marker_dag.py
[2024-08-03T14:36:39.352+0000] {processor.py:830} INFO - Processing file /home/airflow/.local/lib/python3.12/site-packages/airflow/example_dags/example_external_task_marker_dag.py for tasks to queue
[2024-08-03T14:36:39.357+0000] {logging_mixin.py:188} INFO - [2024-08-03T14:36:39.355+0000] {dagbag.py:545} INFO - Filling up the DagBag from /home/airflow/.local/lib/python3.12/site-packages/airflow/example_dags/example_external_task_marker_dag.py
[2024-08-03T14:36:39.437+0000] {processor.py:840} INFO - DAG(s) 'example_external_task_marker_child', 'example_external_task_marker_parent' retrieved from /home/airflow/.local/lib/python3.12/site-packages/airflow/example_dags/example_external_task_marker_dag.py
[2024-08-03T14:36:39.868+0000] {logging_mixin.py:188} INFO - [2024-08-03T14:36:39.866+0000] {dag.py:3089} INFO - Sync 2 DAGs
[2024-08-03T14:36:39.962+0000] {logging_mixin.py:188} INFO - [2024-08-03T14:36:39.961+0000] {dag.py:3947} INFO - Setting next_dagrun for example_external_task_marker_child to None, run_after=None
[2024-08-03T14:36:39.977+0000] {logging_mixin.py:188} INFO - [2024-08-03T14:36:39.977+0000] {dag.py:3947} INFO - Setting next_dagrun for example_external_task_marker_parent to None, run_after=None
[2024-08-03T14:36:40.124+0000] {processor.py:183} INFO - Processing /home/airflow/.local/lib/python3.12/site-packages/airflow/example_dags/example_external_task_marker_dag.py took 0.828 seconds
[2024-08-03T14:42:17.465+0000] {processor.py:161} INFO - Started process (PID=8083) to work on /home/airflow/.local/lib/python3.12/site-packages/airflow/example_dags/example_external_task_marker_dag.py
[2024-08-03T14:42:17.469+0000] {processor.py:830} INFO - Processing file /home/airflow/.local/lib/python3.12/site-packages/airflow/example_dags/example_external_task_marker_dag.py for tasks to queue
[2024-08-03T14:42:17.472+0000] {logging_mixin.py:188} INFO - [2024-08-03T14:42:17.471+0000] {dagbag.py:545} INFO - Filling up the DagBag from /home/airflow/.local/lib/python3.12/site-packages/airflow/example_dags/example_external_task_marker_dag.py
[2024-08-03T14:42:17.513+0000] {processor.py:840} INFO - DAG(s) 'example_external_task_marker_child', 'example_external_task_marker_parent' retrieved from /home/airflow/.local/lib/python3.12/site-packages/airflow/example_dags/example_external_task_marker_dag.py
[2024-08-03T14:42:17.583+0000] {logging_mixin.py:188} INFO - [2024-08-03T14:42:17.583+0000] {dag.py:3089} INFO - Sync 2 DAGs
[2024-08-03T14:42:17.615+0000] {logging_mixin.py:188} INFO - [2024-08-03T14:42:17.615+0000] {dag.py:3947} INFO - Setting next_dagrun for example_external_task_marker_child to None, run_after=None
[2024-08-03T14:42:17.618+0000] {logging_mixin.py:188} INFO - [2024-08-03T14:42:17.618+0000] {dag.py:3947} INFO - Setting next_dagrun for example_external_task_marker_parent to None, run_after=None
[2024-08-03T14:42:17.668+0000] {processor.py:183} INFO - Processing /home/airflow/.local/lib/python3.12/site-packages/airflow/example_dags/example_external_task_marker_dag.py took 0.214 seconds
[2024-08-03T14:42:48.685+0000] {processor.py:161} INFO - Started process (PID=8144) to work on /home/airflow/.local/lib/python3.12/site-packages/airflow/example_dags/example_external_task_marker_dag.py
[2024-08-03T14:42:48.687+0000] {processor.py:830} INFO - Processing file /home/airflow/.local/lib/python3.12/site-packages/airflow/example_dags/example_external_task_marker_dag.py for tasks to queue
[2024-08-03T14:42:48.688+0000] {logging_mixin.py:188} INFO - [2024-08-03T14:42:48.687+0000] {dagbag.py:545} INFO - Filling up the DagBag from /home/airflow/.local/lib/python3.12/site-packages/airflow/example_dags/example_external_task_marker_dag.py
[2024-08-03T14:42:48.699+0000] {processor.py:840} INFO - DAG(s) 'example_external_task_marker_child', 'example_external_task_marker_parent' retrieved from /home/airflow/.local/lib/python3.12/site-packages/airflow/example_dags/example_external_task_marker_dag.py
[2024-08-03T14:42:48.754+0000] {logging_mixin.py:188} INFO - [2024-08-03T14:42:48.754+0000] {dag.py:3089} INFO - Sync 2 DAGs
[2024-08-03T14:42:48.768+0000] {logging_mixin.py:188} INFO - [2024-08-03T14:42:48.767+0000] {dag.py:3947} INFO - Setting next_dagrun for example_external_task_marker_child to None, run_after=None
[2024-08-03T14:42:48.772+0000] {logging_mixin.py:188} INFO - [2024-08-03T14:42:48.771+0000] {dag.py:3947} INFO - Setting next_dagrun for example_external_task_marker_parent to None, run_after=None
[2024-08-03T14:42:48.787+0000] {processor.py:183} INFO - Processing /home/airflow/.local/lib/python3.12/site-packages/airflow/example_dags/example_external_task_marker_dag.py took 0.113 seconds
[2024-08-03T14:43:21.248+0000] {processor.py:161} INFO - Started process (PID=8215) to work on /home/airflow/.local/lib/python3.12/site-packages/airflow/example_dags/example_external_task_marker_dag.py
[2024-08-03T14:43:21.256+0000] {processor.py:830} INFO - Processing file /home/airflow/.local/lib/python3.12/site-packages/airflow/example_dags/example_external_task_marker_dag.py for tasks to queue
[2024-08-03T14:43:21.267+0000] {logging_mixin.py:188} INFO - [2024-08-03T14:43:21.264+0000] {dagbag.py:545} INFO - Filling up the DagBag from /home/airflow/.local/lib/python3.12/site-packages/airflow/example_dags/example_external_task_marker_dag.py
[2024-08-03T14:43:21.354+0000] {processor.py:840} INFO - DAG(s) 'example_external_task_marker_parent', 'example_external_task_marker_child' retrieved from /home/airflow/.local/lib/python3.12/site-packages/airflow/example_dags/example_external_task_marker_dag.py
[2024-08-03T14:43:21.499+0000] {logging_mixin.py:188} INFO - [2024-08-03T14:43:21.497+0000] {dag.py:3089} INFO - Sync 2 DAGs
[2024-08-03T14:43:21.600+0000] {logging_mixin.py:188} INFO - [2024-08-03T14:43:21.599+0000] {dag.py:3947} INFO - Setting next_dagrun for example_external_task_marker_child to None, run_after=None
[2024-08-03T14:43:21.621+0000] {logging_mixin.py:188} INFO - [2024-08-03T14:43:21.620+0000] {dag.py:3947} INFO - Setting next_dagrun for example_external_task_marker_parent to None, run_after=None
[2024-08-03T14:43:21.719+0000] {processor.py:183} INFO - Processing /home/airflow/.local/lib/python3.12/site-packages/airflow/example_dags/example_external_task_marker_dag.py took 0.518 seconds
[2024-08-03T14:43:52.545+0000] {processor.py:161} INFO - Started process (PID=8280) to work on /home/airflow/.local/lib/python3.12/site-packages/airflow/example_dags/example_external_task_marker_dag.py
[2024-08-03T14:43:52.548+0000] {processor.py:830} INFO - Processing file /home/airflow/.local/lib/python3.12/site-packages/airflow/example_dags/example_external_task_marker_dag.py for tasks to queue
[2024-08-03T14:43:52.549+0000] {logging_mixin.py:188} INFO - [2024-08-03T14:43:52.548+0000] {dagbag.py:545} INFO - Filling up the DagBag from /home/airflow/.local/lib/python3.12/site-packages/airflow/example_dags/example_external_task_marker_dag.py
[2024-08-03T14:43:52.560+0000] {processor.py:840} INFO - DAG(s) 'example_external_task_marker_parent', 'example_external_task_marker_child' retrieved from /home/airflow/.local/lib/python3.12/site-packages/airflow/example_dags/example_external_task_marker_dag.py
[2024-08-03T14:43:52.586+0000] {logging_mixin.py:188} INFO - [2024-08-03T14:43:52.586+0000] {dag.py:3089} INFO - Sync 2 DAGs
[2024-08-03T14:43:52.595+0000] {logging_mixin.py:188} INFO - [2024-08-03T14:43:52.595+0000] {dag.py:3947} INFO - Setting next_dagrun for example_external_task_marker_child to None, run_after=None
[2024-08-03T14:43:52.600+0000] {logging_mixin.py:188} INFO - [2024-08-03T14:43:52.600+0000] {dag.py:3947} INFO - Setting next_dagrun for example_external_task_marker_parent to None, run_after=None
[2024-08-03T14:43:52.631+0000] {processor.py:183} INFO - Processing /home/airflow/.local/lib/python3.12/site-packages/airflow/example_dags/example_external_task_marker_dag.py took 0.099 seconds
[2024-08-03T15:06:00.280+0000] {processor.py:161} INFO - Started process (PID=8367) to work on /home/airflow/.local/lib/python3.12/site-packages/airflow/example_dags/example_external_task_marker_dag.py
[2024-08-03T15:06:00.291+0000] {processor.py:830} INFO - Processing file /home/airflow/.local/lib/python3.12/site-packages/airflow/example_dags/example_external_task_marker_dag.py for tasks to queue
[2024-08-03T15:06:00.313+0000] {logging_mixin.py:188} INFO - [2024-08-03T15:06:00.305+0000] {dagbag.py:545} INFO - Filling up the DagBag from /home/airflow/.local/lib/python3.12/site-packages/airflow/example_dags/example_external_task_marker_dag.py
[2024-08-03T15:06:00.474+0000] {processor.py:840} INFO - DAG(s) 'example_external_task_marker_child', 'example_external_task_marker_parent' retrieved from /home/airflow/.local/lib/python3.12/site-packages/airflow/example_dags/example_external_task_marker_dag.py
[2024-08-03T15:06:01.141+0000] {logging_mixin.py:188} INFO - [2024-08-03T15:06:01.129+0000] {dag.py:3089} INFO - Sync 2 DAGs
[2024-08-03T15:06:01.283+0000] {logging_mixin.py:188} INFO - [2024-08-03T15:06:01.282+0000] {dag.py:3947} INFO - Setting next_dagrun for example_external_task_marker_child to None, run_after=None
[2024-08-03T15:06:01.318+0000] {logging_mixin.py:188} INFO - [2024-08-03T15:06:01.318+0000] {dag.py:3947} INFO - Setting next_dagrun for example_external_task_marker_parent to None, run_after=None
[2024-08-03T15:06:01.398+0000] {processor.py:183} INFO - Processing /home/airflow/.local/lib/python3.12/site-packages/airflow/example_dags/example_external_task_marker_dag.py took 1.197 seconds
[2024-08-03T15:55:14.185+0000] {processor.py:161} INFO - Started process (PID=8428) to work on /home/airflow/.local/lib/python3.12/site-packages/airflow/example_dags/example_external_task_marker_dag.py
[2024-08-03T15:55:14.186+0000] {processor.py:830} INFO - Processing file /home/airflow/.local/lib/python3.12/site-packages/airflow/example_dags/example_external_task_marker_dag.py for tasks to queue
[2024-08-03T15:55:14.187+0000] {logging_mixin.py:188} INFO - [2024-08-03T15:55:14.187+0000] {dagbag.py:545} INFO - Filling up the DagBag from /home/airflow/.local/lib/python3.12/site-packages/airflow/example_dags/example_external_task_marker_dag.py
[2024-08-03T15:55:14.196+0000] {processor.py:840} INFO - DAG(s) 'example_external_task_marker_parent', 'example_external_task_marker_child' retrieved from /home/airflow/.local/lib/python3.12/site-packages/airflow/example_dags/example_external_task_marker_dag.py
[2024-08-03T15:55:14.269+0000] {logging_mixin.py:188} INFO - [2024-08-03T15:55:14.269+0000] {dag.py:3089} INFO - Sync 2 DAGs
[2024-08-03T15:55:14.302+0000] {logging_mixin.py:188} INFO - [2024-08-03T15:55:14.302+0000] {dag.py:3947} INFO - Setting next_dagrun for example_external_task_marker_child to None, run_after=None
[2024-08-03T15:55:14.312+0000] {logging_mixin.py:188} INFO - [2024-08-03T15:55:14.311+0000] {dag.py:3947} INFO - Setting next_dagrun for example_external_task_marker_parent to None, run_after=None
[2024-08-03T15:55:14.334+0000] {processor.py:183} INFO - Processing /home/airflow/.local/lib/python3.12/site-packages/airflow/example_dags/example_external_task_marker_dag.py took 0.156 seconds
[2024-08-03T17:01:46.447+0000] {processor.py:161} INFO - Started process (PID=8481) to work on /home/airflow/.local/lib/python3.12/site-packages/airflow/example_dags/example_external_task_marker_dag.py
[2024-08-03T17:01:46.454+0000] {processor.py:830} INFO - Processing file /home/airflow/.local/lib/python3.12/site-packages/airflow/example_dags/example_external_task_marker_dag.py for tasks to queue
[2024-08-03T17:01:46.464+0000] {logging_mixin.py:188} INFO - [2024-08-03T17:01:46.460+0000] {dagbag.py:545} INFO - Filling up the DagBag from /home/airflow/.local/lib/python3.12/site-packages/airflow/example_dags/example_external_task_marker_dag.py
[2024-08-03T17:01:46.590+0000] {processor.py:840} INFO - DAG(s) 'example_external_task_marker_child', 'example_external_task_marker_parent' retrieved from /home/airflow/.local/lib/python3.12/site-packages/airflow/example_dags/example_external_task_marker_dag.py
[2024-08-03T17:01:46.909+0000] {logging_mixin.py:188} INFO - [2024-08-03T17:01:46.908+0000] {dag.py:3089} INFO - Sync 2 DAGs
[2024-08-03T17:01:47.071+0000] {logging_mixin.py:188} INFO - [2024-08-03T17:01:47.070+0000] {dag.py:3947} INFO - Setting next_dagrun for example_external_task_marker_child to None, run_after=None
[2024-08-03T17:01:47.118+0000] {logging_mixin.py:188} INFO - [2024-08-03T17:01:47.118+0000] {dag.py:3947} INFO - Setting next_dagrun for example_external_task_marker_parent to None, run_after=None
[2024-08-03T17:01:47.287+0000] {processor.py:183} INFO - Processing /home/airflow/.local/lib/python3.12/site-packages/airflow/example_dags/example_external_task_marker_dag.py took 0.916 seconds
[2024-08-03T17:24:53.221+0000] {processor.py:161} INFO - Started process (PID=8542) to work on /home/airflow/.local/lib/python3.12/site-packages/airflow/example_dags/example_external_task_marker_dag.py
[2024-08-03T17:24:53.264+0000] {processor.py:830} INFO - Processing file /home/airflow/.local/lib/python3.12/site-packages/airflow/example_dags/example_external_task_marker_dag.py for tasks to queue
[2024-08-03T17:24:53.280+0000] {logging_mixin.py:188} INFO - [2024-08-03T17:24:53.276+0000] {dagbag.py:545} INFO - Filling up the DagBag from /home/airflow/.local/lib/python3.12/site-packages/airflow/example_dags/example_external_task_marker_dag.py
[2024-08-03T17:24:53.422+0000] {processor.py:840} INFO - DAG(s) 'example_external_task_marker_parent', 'example_external_task_marker_child' retrieved from /home/airflow/.local/lib/python3.12/site-packages/airflow/example_dags/example_external_task_marker_dag.py
[2024-08-03T17:24:53.810+0000] {logging_mixin.py:188} INFO - [2024-08-03T17:24:53.809+0000] {dag.py:3089} INFO - Sync 2 DAGs
[2024-08-03T17:24:54.007+0000] {logging_mixin.py:188} INFO - [2024-08-03T17:24:54.006+0000] {dag.py:3947} INFO - Setting next_dagrun for example_external_task_marker_child to None, run_after=None
[2024-08-03T17:24:54.067+0000] {logging_mixin.py:188} INFO - [2024-08-03T17:24:54.066+0000] {dag.py:3947} INFO - Setting next_dagrun for example_external_task_marker_parent to None, run_after=None
[2024-08-03T17:24:54.255+0000] {processor.py:183} INFO - Processing /home/airflow/.local/lib/python3.12/site-packages/airflow/example_dags/example_external_task_marker_dag.py took 1.205 seconds
[2024-08-03T17:26:45.157+0000] {processor.py:161} INFO - Started process (PID=8637) to work on /home/airflow/.local/lib/python3.12/site-packages/airflow/example_dags/example_external_task_marker_dag.py
[2024-08-03T17:26:45.174+0000] {processor.py:830} INFO - Processing file /home/airflow/.local/lib/python3.12/site-packages/airflow/example_dags/example_external_task_marker_dag.py for tasks to queue
[2024-08-03T17:26:45.189+0000] {logging_mixin.py:188} INFO - [2024-08-03T17:26:45.184+0000] {dagbag.py:545} INFO - Filling up the DagBag from /home/airflow/.local/lib/python3.12/site-packages/airflow/example_dags/example_external_task_marker_dag.py
[2024-08-03T17:26:45.288+0000] {processor.py:840} INFO - DAG(s) 'example_external_task_marker_parent', 'example_external_task_marker_child' retrieved from /home/airflow/.local/lib/python3.12/site-packages/airflow/example_dags/example_external_task_marker_dag.py
[2024-08-03T17:26:45.641+0000] {logging_mixin.py:188} INFO - [2024-08-03T17:26:45.639+0000] {dag.py:3089} INFO - Sync 2 DAGs
[2024-08-03T17:26:45.816+0000] {logging_mixin.py:188} INFO - [2024-08-03T17:26:45.805+0000] {dag.py:3947} INFO - Setting next_dagrun for example_external_task_marker_child to None, run_after=None
[2024-08-03T17:26:45.849+0000] {logging_mixin.py:188} INFO - [2024-08-03T17:26:45.849+0000] {dag.py:3947} INFO - Setting next_dagrun for example_external_task_marker_parent to None, run_after=None
[2024-08-03T17:26:45.950+0000] {processor.py:183} INFO - Processing /home/airflow/.local/lib/python3.12/site-packages/airflow/example_dags/example_external_task_marker_dag.py took 0.863 seconds
[2024-08-03T17:27:16.965+0000] {processor.py:161} INFO - Started process (PID=8697) to work on /home/airflow/.local/lib/python3.12/site-packages/airflow/example_dags/example_external_task_marker_dag.py
[2024-08-03T17:27:16.967+0000] {processor.py:830} INFO - Processing file /home/airflow/.local/lib/python3.12/site-packages/airflow/example_dags/example_external_task_marker_dag.py for tasks to queue
[2024-08-03T17:27:16.968+0000] {logging_mixin.py:188} INFO - [2024-08-03T17:27:16.968+0000] {dagbag.py:545} INFO - Filling up the DagBag from /home/airflow/.local/lib/python3.12/site-packages/airflow/example_dags/example_external_task_marker_dag.py
[2024-08-03T17:27:16.979+0000] {processor.py:840} INFO - DAG(s) 'example_external_task_marker_parent', 'example_external_task_marker_child' retrieved from /home/airflow/.local/lib/python3.12/site-packages/airflow/example_dags/example_external_task_marker_dag.py
[2024-08-03T17:27:17.012+0000] {logging_mixin.py:188} INFO - [2024-08-03T17:27:17.012+0000] {dag.py:3089} INFO - Sync 2 DAGs
[2024-08-03T17:27:17.021+0000] {logging_mixin.py:188} INFO - [2024-08-03T17:27:17.021+0000] {dag.py:3947} INFO - Setting next_dagrun for example_external_task_marker_child to None, run_after=None
[2024-08-03T17:27:17.026+0000] {logging_mixin.py:188} INFO - [2024-08-03T17:27:17.026+0000] {dag.py:3947} INFO - Setting next_dagrun for example_external_task_marker_parent to None, run_after=None
[2024-08-03T17:27:17.039+0000] {processor.py:183} INFO - Processing /home/airflow/.local/lib/python3.12/site-packages/airflow/example_dags/example_external_task_marker_dag.py took 0.082 seconds
[2024-08-03T17:49:47.287+0000] {processor.py:161} INFO - Started process (PID=8773) to work on /home/airflow/.local/lib/python3.12/site-packages/airflow/example_dags/example_external_task_marker_dag.py
[2024-08-03T17:49:47.417+0000] {processor.py:830} INFO - Processing file /home/airflow/.local/lib/python3.12/site-packages/airflow/example_dags/example_external_task_marker_dag.py for tasks to queue
[2024-08-03T17:49:47.431+0000] {logging_mixin.py:188} INFO - [2024-08-03T17:49:47.424+0000] {dagbag.py:545} INFO - Filling up the DagBag from /home/airflow/.local/lib/python3.12/site-packages/airflow/example_dags/example_external_task_marker_dag.py
[2024-08-03T17:49:47.612+0000] {processor.py:840} INFO - DAG(s) 'example_external_task_marker_child', 'example_external_task_marker_parent' retrieved from /home/airflow/.local/lib/python3.12/site-packages/airflow/example_dags/example_external_task_marker_dag.py
[2024-08-03T17:49:48.030+0000] {logging_mixin.py:188} INFO - [2024-08-03T17:49:48.029+0000] {dag.py:3089} INFO - Sync 2 DAGs
[2024-08-03T17:49:48.255+0000] {logging_mixin.py:188} INFO - [2024-08-03T17:49:48.249+0000] {dag.py:3947} INFO - Setting next_dagrun for example_external_task_marker_child to None, run_after=None
[2024-08-03T17:49:48.482+0000] {logging_mixin.py:188} INFO - [2024-08-03T17:49:48.475+0000] {dag.py:3947} INFO - Setting next_dagrun for example_external_task_marker_parent to None, run_after=None
[2024-08-03T17:49:48.653+0000] {processor.py:183} INFO - Processing /home/airflow/.local/lib/python3.12/site-packages/airflow/example_dags/example_external_task_marker_dag.py took 1.996 seconds
[2024-08-03T18:23:31.065+0000] {processor.py:161} INFO - Started process (PID=8828) to work on /home/airflow/.local/lib/python3.12/site-packages/airflow/example_dags/example_external_task_marker_dag.py
[2024-08-03T18:23:31.068+0000] {processor.py:830} INFO - Processing file /home/airflow/.local/lib/python3.12/site-packages/airflow/example_dags/example_external_task_marker_dag.py for tasks to queue
[2024-08-03T18:23:31.069+0000] {logging_mixin.py:188} INFO - [2024-08-03T18:23:31.069+0000] {dagbag.py:545} INFO - Filling up the DagBag from /home/airflow/.local/lib/python3.12/site-packages/airflow/example_dags/example_external_task_marker_dag.py
[2024-08-03T18:23:31.075+0000] {processor.py:840} INFO - DAG(s) 'example_external_task_marker_child', 'example_external_task_marker_parent' retrieved from /home/airflow/.local/lib/python3.12/site-packages/airflow/example_dags/example_external_task_marker_dag.py
[2024-08-03T18:23:31.110+0000] {logging_mixin.py:188} INFO - [2024-08-03T18:23:31.109+0000] {dag.py:3089} INFO - Sync 2 DAGs
[2024-08-03T18:23:31.132+0000] {logging_mixin.py:188} INFO - [2024-08-03T18:23:31.131+0000] {dag.py:3947} INFO - Setting next_dagrun for example_external_task_marker_child to None, run_after=None
[2024-08-03T18:23:31.142+0000] {logging_mixin.py:188} INFO - [2024-08-03T18:23:31.142+0000] {dag.py:3947} INFO - Setting next_dagrun for example_external_task_marker_parent to None, run_after=None
[2024-08-03T18:23:31.171+0000] {processor.py:183} INFO - Processing /home/airflow/.local/lib/python3.12/site-packages/airflow/example_dags/example_external_task_marker_dag.py took 0.116 seconds
[2024-08-03T19:08:55.061+0000] {processor.py:161} INFO - Started process (PID=8880) to work on /home/airflow/.local/lib/python3.12/site-packages/airflow/example_dags/example_external_task_marker_dag.py
[2024-08-03T19:08:55.097+0000] {processor.py:830} INFO - Processing file /home/airflow/.local/lib/python3.12/site-packages/airflow/example_dags/example_external_task_marker_dag.py for tasks to queue
[2024-08-03T19:08:55.141+0000] {logging_mixin.py:188} INFO - [2024-08-03T19:08:55.116+0000] {dagbag.py:545} INFO - Filling up the DagBag from /home/airflow/.local/lib/python3.12/site-packages/airflow/example_dags/example_external_task_marker_dag.py
[2024-08-03T19:08:55.566+0000] {processor.py:840} INFO - DAG(s) 'example_external_task_marker_child', 'example_external_task_marker_parent' retrieved from /home/airflow/.local/lib/python3.12/site-packages/airflow/example_dags/example_external_task_marker_dag.py
[2024-08-03T19:08:55.940+0000] {logging_mixin.py:188} INFO - [2024-08-03T19:08:55.938+0000] {dag.py:3089} INFO - Sync 2 DAGs
[2024-08-03T19:08:56.055+0000] {logging_mixin.py:188} INFO - [2024-08-03T19:08:56.053+0000] {dag.py:3947} INFO - Setting next_dagrun for example_external_task_marker_child to None, run_after=None
[2024-08-03T19:08:56.079+0000] {logging_mixin.py:188} INFO - [2024-08-03T19:08:56.078+0000] {dag.py:3947} INFO - Setting next_dagrun for example_external_task_marker_parent to None, run_after=None
[2024-08-03T19:08:56.196+0000] {processor.py:183} INFO - Processing /home/airflow/.local/lib/python3.12/site-packages/airflow/example_dags/example_external_task_marker_dag.py took 1.271 seconds
[2024-08-03T20:16:21.858+0000] {processor.py:161} INFO - Started process (PID=8946) to work on /home/airflow/.local/lib/python3.12/site-packages/airflow/example_dags/example_external_task_marker_dag.py
[2024-08-03T20:16:21.861+0000] {processor.py:830} INFO - Processing file /home/airflow/.local/lib/python3.12/site-packages/airflow/example_dags/example_external_task_marker_dag.py for tasks to queue
[2024-08-03T20:16:21.862+0000] {logging_mixin.py:188} INFO - [2024-08-03T20:16:21.862+0000] {dagbag.py:545} INFO - Filling up the DagBag from /home/airflow/.local/lib/python3.12/site-packages/airflow/example_dags/example_external_task_marker_dag.py
[2024-08-03T20:16:21.873+0000] {processor.py:840} INFO - DAG(s) 'example_external_task_marker_child', 'example_external_task_marker_parent' retrieved from /home/airflow/.local/lib/python3.12/site-packages/airflow/example_dags/example_external_task_marker_dag.py
[2024-08-03T20:16:21.960+0000] {logging_mixin.py:188} INFO - [2024-08-03T20:16:21.959+0000] {dag.py:3089} INFO - Sync 2 DAGs
[2024-08-03T20:16:21.975+0000] {logging_mixin.py:188} INFO - [2024-08-03T20:16:21.974+0000] {dag.py:3947} INFO - Setting next_dagrun for example_external_task_marker_child to None, run_after=None
[2024-08-03T20:16:21.979+0000] {logging_mixin.py:188} INFO - [2024-08-03T20:16:21.979+0000] {dag.py:3947} INFO - Setting next_dagrun for example_external_task_marker_parent to None, run_after=None
[2024-08-03T20:16:22.067+0000] {processor.py:183} INFO - Processing /home/airflow/.local/lib/python3.12/site-packages/airflow/example_dags/example_external_task_marker_dag.py took 0.215 seconds
[2024-08-03T21:24:55.892+0000] {processor.py:161} INFO - Started process (PID=8997) to work on /home/airflow/.local/lib/python3.12/site-packages/airflow/example_dags/example_external_task_marker_dag.py
[2024-08-03T21:24:55.905+0000] {processor.py:830} INFO - Processing file /home/airflow/.local/lib/python3.12/site-packages/airflow/example_dags/example_external_task_marker_dag.py for tasks to queue
[2024-08-03T21:24:55.914+0000] {logging_mixin.py:188} INFO - [2024-08-03T21:24:55.910+0000] {dagbag.py:545} INFO - Filling up the DagBag from /home/airflow/.local/lib/python3.12/site-packages/airflow/example_dags/example_external_task_marker_dag.py
[2024-08-03T21:24:56.013+0000] {processor.py:840} INFO - DAG(s) 'example_external_task_marker_parent', 'example_external_task_marker_child' retrieved from /home/airflow/.local/lib/python3.12/site-packages/airflow/example_dags/example_external_task_marker_dag.py
[2024-08-03T21:24:56.214+0000] {logging_mixin.py:188} INFO - [2024-08-03T21:24:56.213+0000] {dag.py:3089} INFO - Sync 2 DAGs
[2024-08-03T21:24:56.290+0000] {logging_mixin.py:188} INFO - [2024-08-03T21:24:56.290+0000] {dag.py:3947} INFO - Setting next_dagrun for example_external_task_marker_child to None, run_after=None
[2024-08-03T21:24:56.310+0000] {logging_mixin.py:188} INFO - [2024-08-03T21:24:56.310+0000] {dag.py:3947} INFO - Setting next_dagrun for example_external_task_marker_parent to None, run_after=None
[2024-08-03T21:24:56.365+0000] {processor.py:183} INFO - Processing /home/airflow/.local/lib/python3.12/site-packages/airflow/example_dags/example_external_task_marker_dag.py took 0.521 seconds
[2024-08-03T23:34:56.310+0000] {processor.py:161} INFO - Started process (PID=9079) to work on /home/airflow/.local/lib/python3.12/site-packages/airflow/example_dags/example_external_task_marker_dag.py
[2024-08-03T23:34:56.321+0000] {processor.py:830} INFO - Processing file /home/airflow/.local/lib/python3.12/site-packages/airflow/example_dags/example_external_task_marker_dag.py for tasks to queue
[2024-08-03T23:34:56.340+0000] {logging_mixin.py:188} INFO - [2024-08-03T23:34:56.332+0000] {dagbag.py:545} INFO - Filling up the DagBag from /home/airflow/.local/lib/python3.12/site-packages/airflow/example_dags/example_external_task_marker_dag.py
[2024-08-03T23:34:56.445+0000] {processor.py:840} INFO - DAG(s) 'example_external_task_marker_child', 'example_external_task_marker_parent' retrieved from /home/airflow/.local/lib/python3.12/site-packages/airflow/example_dags/example_external_task_marker_dag.py
[2024-08-03T23:34:56.634+0000] {logging_mixin.py:188} INFO - [2024-08-03T23:34:56.634+0000] {dag.py:3089} INFO - Sync 2 DAGs
[2024-08-03T23:34:56.752+0000] {logging_mixin.py:188} INFO - [2024-08-03T23:34:56.749+0000] {dag.py:3947} INFO - Setting next_dagrun for example_external_task_marker_child to None, run_after=None
[2024-08-03T23:34:56.767+0000] {logging_mixin.py:188} INFO - [2024-08-03T23:34:56.767+0000] {dag.py:3947} INFO - Setting next_dagrun for example_external_task_marker_parent to None, run_after=None
[2024-08-03T23:34:56.851+0000] {processor.py:183} INFO - Processing /home/airflow/.local/lib/python3.12/site-packages/airflow/example_dags/example_external_task_marker_dag.py took 0.610 seconds
