[2024-08-03T01:57:48.696+0000] {processor.py:161} INFO - Started process (PID=7242) to work on /home/airflow/.local/lib/python3.12/site-packages/airflow/example_dags/example_skip_dag.py
[2024-08-03T01:57:48.708+0000] {processor.py:830} INFO - Processing file /home/airflow/.local/lib/python3.12/site-packages/airflow/example_dags/example_skip_dag.py for tasks to queue
[2024-08-03T01:57:48.728+0000] {logging_mixin.py:188} INFO - [2024-08-03T01:57:48.723+0000] {dagbag.py:545} INFO - Filling up the DagBag from /home/airflow/.local/lib/python3.12/site-packages/airflow/example_dags/example_skip_dag.py
[2024-08-03T01:57:48.872+0000] {processor.py:840} INFO - DAG(s) 'example_skip_dag' retrieved from /home/airflow/.local/lib/python3.12/site-packages/airflow/example_dags/example_skip_dag.py
[2024-08-03T01:57:50.103+0000] {logging_mixin.py:188} INFO - [2024-08-03T01:57:50.076+0000] {dag.py:3089} INFO - Sync 1 DAGs
[2024-08-03T01:57:50.785+0000] {logging_mixin.py:188} INFO - [2024-08-03T01:57:50.767+0000] {dag.py:3947} INFO - Setting next_dagrun for example_skip_dag to 2024-08-02 00:00:00+00:00, run_after=2024-08-03 00:00:00+00:00
[2024-08-03T01:57:51.131+0000] {processor.py:183} INFO - Processing /home/airflow/.local/lib/python3.12/site-packages/airflow/example_dags/example_skip_dag.py took 2.506 seconds
[2024-08-03T03:17:00.927+0000] {processor.py:161} INFO - Started process (PID=7282) to work on /home/airflow/.local/lib/python3.12/site-packages/airflow/example_dags/example_skip_dag.py
[2024-08-03T03:17:00.947+0000] {processor.py:830} INFO - Processing file /home/airflow/.local/lib/python3.12/site-packages/airflow/example_dags/example_skip_dag.py for tasks to queue
[2024-08-03T03:17:00.961+0000] {logging_mixin.py:188} INFO - [2024-08-03T03:17:00.957+0000] {dagbag.py:545} INFO - Filling up the DagBag from /home/airflow/.local/lib/python3.12/site-packages/airflow/example_dags/example_skip_dag.py
[2024-08-03T03:17:01.131+0000] {processor.py:840} INFO - DAG(s) 'example_skip_dag' retrieved from /home/airflow/.local/lib/python3.12/site-packages/airflow/example_dags/example_skip_dag.py
[2024-08-03T03:17:01.645+0000] {logging_mixin.py:188} INFO - [2024-08-03T03:17:01.625+0000] {dag.py:3089} INFO - Sync 1 DAGs
[2024-08-03T03:17:02.037+0000] {logging_mixin.py:188} INFO - [2024-08-03T03:17:02.037+0000] {dag.py:3947} INFO - Setting next_dagrun for example_skip_dag to 2024-08-02 00:00:00+00:00, run_after=2024-08-03 00:00:00+00:00
[2024-08-03T03:17:02.243+0000] {processor.py:183} INFO - Processing /home/airflow/.local/lib/python3.12/site-packages/airflow/example_dags/example_skip_dag.py took 1.405 seconds
[2024-08-03T03:18:41.066+0000] {processor.py:161} INFO - Started process (PID=7373) to work on /home/airflow/.local/lib/python3.12/site-packages/airflow/example_dags/example_skip_dag.py
[2024-08-03T03:18:41.136+0000] {processor.py:830} INFO - Processing file /home/airflow/.local/lib/python3.12/site-packages/airflow/example_dags/example_skip_dag.py for tasks to queue
[2024-08-03T03:18:41.152+0000] {logging_mixin.py:188} INFO - [2024-08-03T03:18:41.144+0000] {dagbag.py:545} INFO - Filling up the DagBag from /home/airflow/.local/lib/python3.12/site-packages/airflow/example_dags/example_skip_dag.py
[2024-08-03T03:18:41.377+0000] {processor.py:840} INFO - DAG(s) 'example_skip_dag' retrieved from /home/airflow/.local/lib/python3.12/site-packages/airflow/example_dags/example_skip_dag.py
[2024-08-03T03:18:41.874+0000] {logging_mixin.py:188} INFO - [2024-08-03T03:18:41.868+0000] {dag.py:3089} INFO - Sync 1 DAGs
[2024-08-03T03:18:42.294+0000] {logging_mixin.py:188} INFO - [2024-08-03T03:18:42.292+0000] {dag.py:3947} INFO - Setting next_dagrun for example_skip_dag to 2024-08-02 00:00:00+00:00, run_after=2024-08-03 00:00:00+00:00
[2024-08-03T03:18:42.557+0000] {processor.py:183} INFO - Processing /home/airflow/.local/lib/python3.12/site-packages/airflow/example_dags/example_skip_dag.py took 1.643 seconds
[2024-08-03T05:41:36.931+0000] {processor.py:161} INFO - Started process (PID=7442) to work on /home/airflow/.local/lib/python3.12/site-packages/airflow/example_dags/example_skip_dag.py
[2024-08-03T05:41:37.009+0000] {processor.py:830} INFO - Processing file /home/airflow/.local/lib/python3.12/site-packages/airflow/example_dags/example_skip_dag.py for tasks to queue
[2024-08-03T05:41:37.048+0000] {logging_mixin.py:188} INFO - [2024-08-03T05:41:37.039+0000] {dagbag.py:545} INFO - Filling up the DagBag from /home/airflow/.local/lib/python3.12/site-packages/airflow/example_dags/example_skip_dag.py
[2024-08-03T05:41:37.210+0000] {processor.py:840} INFO - DAG(s) 'example_skip_dag' retrieved from /home/airflow/.local/lib/python3.12/site-packages/airflow/example_dags/example_skip_dag.py
[2024-08-03T05:41:37.559+0000] {logging_mixin.py:188} INFO - [2024-08-03T05:41:37.540+0000] {dag.py:3089} INFO - Sync 1 DAGs
[2024-08-03T05:41:37.930+0000] {logging_mixin.py:188} INFO - [2024-08-03T05:41:37.928+0000] {dag.py:3947} INFO - Setting next_dagrun for example_skip_dag to 2024-08-02 00:00:00+00:00, run_after=2024-08-03 00:00:00+00:00
[2024-08-03T05:41:38.141+0000] {processor.py:183} INFO - Processing /home/airflow/.local/lib/python3.12/site-packages/airflow/example_dags/example_skip_dag.py took 1.425 seconds
[2024-08-03T06:48:17.670+0000] {processor.py:161} INFO - Started process (PID=7504) to work on /home/airflow/.local/lib/python3.12/site-packages/airflow/example_dags/example_skip_dag.py
[2024-08-03T06:48:17.683+0000] {processor.py:830} INFO - Processing file /home/airflow/.local/lib/python3.12/site-packages/airflow/example_dags/example_skip_dag.py for tasks to queue
[2024-08-03T06:48:17.691+0000] {logging_mixin.py:188} INFO - [2024-08-03T06:48:17.689+0000] {dagbag.py:545} INFO - Filling up the DagBag from /home/airflow/.local/lib/python3.12/site-packages/airflow/example_dags/example_skip_dag.py
[2024-08-03T06:48:17.787+0000] {processor.py:840} INFO - DAG(s) 'example_skip_dag' retrieved from /home/airflow/.local/lib/python3.12/site-packages/airflow/example_dags/example_skip_dag.py
[2024-08-03T06:48:18.186+0000] {logging_mixin.py:188} INFO - [2024-08-03T06:48:18.181+0000] {dag.py:3089} INFO - Sync 1 DAGs
[2024-08-03T06:48:18.617+0000] {logging_mixin.py:188} INFO - [2024-08-03T06:48:18.606+0000] {dag.py:3947} INFO - Setting next_dagrun for example_skip_dag to 2024-08-02 00:00:00+00:00, run_after=2024-08-03 00:00:00+00:00
[2024-08-03T06:48:18.874+0000] {processor.py:183} INFO - Processing /home/airflow/.local/lib/python3.12/site-packages/airflow/example_dags/example_skip_dag.py took 1.278 seconds
[2024-08-03T09:03:17.910+0000] {processor.py:161} INFO - Started process (PID=7576) to work on /home/airflow/.local/lib/python3.12/site-packages/airflow/example_dags/example_skip_dag.py
[2024-08-03T09:03:17.912+0000] {processor.py:830} INFO - Processing file /home/airflow/.local/lib/python3.12/site-packages/airflow/example_dags/example_skip_dag.py for tasks to queue
[2024-08-03T09:03:17.918+0000] {logging_mixin.py:188} INFO - [2024-08-03T09:03:17.917+0000] {dagbag.py:545} INFO - Filling up the DagBag from /home/airflow/.local/lib/python3.12/site-packages/airflow/example_dags/example_skip_dag.py
[2024-08-03T09:03:17.971+0000] {processor.py:840} INFO - DAG(s) 'example_skip_dag' retrieved from /home/airflow/.local/lib/python3.12/site-packages/airflow/example_dags/example_skip_dag.py
[2024-08-03T09:03:18.116+0000] {logging_mixin.py:188} INFO - [2024-08-03T09:03:18.110+0000] {dag.py:3089} INFO - Sync 1 DAGs
[2024-08-03T09:03:18.239+0000] {logging_mixin.py:188} INFO - [2024-08-03T09:03:18.238+0000] {dag.py:3947} INFO - Setting next_dagrun for example_skip_dag to 2024-08-02 00:00:00+00:00, run_after=2024-08-03 00:00:00+00:00
[2024-08-03T09:03:18.341+0000] {processor.py:183} INFO - Processing /home/airflow/.local/lib/python3.12/site-packages/airflow/example_dags/example_skip_dag.py took 0.463 seconds
[2024-08-03T10:36:43.415+0000] {processor.py:161} INFO - Started process (PID=7657) to work on /home/airflow/.local/lib/python3.12/site-packages/airflow/example_dags/example_skip_dag.py
[2024-08-03T10:36:43.424+0000] {processor.py:830} INFO - Processing file /home/airflow/.local/lib/python3.12/site-packages/airflow/example_dags/example_skip_dag.py for tasks to queue
[2024-08-03T10:36:43.437+0000] {logging_mixin.py:188} INFO - [2024-08-03T10:36:43.434+0000] {dagbag.py:545} INFO - Filling up the DagBag from /home/airflow/.local/lib/python3.12/site-packages/airflow/example_dags/example_skip_dag.py
[2024-08-03T10:36:43.599+0000] {processor.py:840} INFO - DAG(s) 'example_skip_dag' retrieved from /home/airflow/.local/lib/python3.12/site-packages/airflow/example_dags/example_skip_dag.py
[2024-08-03T10:36:43.787+0000] {logging_mixin.py:188} INFO - [2024-08-03T10:36:43.783+0000] {dag.py:3089} INFO - Sync 1 DAGs
[2024-08-03T10:36:43.996+0000] {logging_mixin.py:188} INFO - [2024-08-03T10:36:43.994+0000] {dag.py:3947} INFO - Setting next_dagrun for example_skip_dag to 2024-08-02 00:00:00+00:00, run_after=2024-08-03 00:00:00+00:00
[2024-08-03T10:36:44.250+0000] {processor.py:183} INFO - Processing /home/airflow/.local/lib/python3.12/site-packages/airflow/example_dags/example_skip_dag.py took 0.916 seconds
[2024-08-03T11:13:54.623+0000] {processor.py:161} INFO - Started process (PID=7736) to work on /home/airflow/.local/lib/python3.12/site-packages/airflow/example_dags/example_skip_dag.py
[2024-08-03T11:13:54.639+0000] {processor.py:830} INFO - Processing file /home/airflow/.local/lib/python3.12/site-packages/airflow/example_dags/example_skip_dag.py for tasks to queue
[2024-08-03T11:13:54.651+0000] {logging_mixin.py:188} INFO - [2024-08-03T11:13:54.645+0000] {dagbag.py:545} INFO - Filling up the DagBag from /home/airflow/.local/lib/python3.12/site-packages/airflow/example_dags/example_skip_dag.py
[2024-08-03T11:13:54.834+0000] {processor.py:840} INFO - DAG(s) 'example_skip_dag' retrieved from /home/airflow/.local/lib/python3.12/site-packages/airflow/example_dags/example_skip_dag.py
[2024-08-03T11:13:55.262+0000] {logging_mixin.py:188} INFO - [2024-08-03T11:13:55.257+0000] {dag.py:3089} INFO - Sync 1 DAGs
[2024-08-03T11:13:55.661+0000] {logging_mixin.py:188} INFO - [2024-08-03T11:13:55.660+0000] {dag.py:3947} INFO - Setting next_dagrun for example_skip_dag to 2024-08-02 00:00:00+00:00, run_after=2024-08-03 00:00:00+00:00
[2024-08-03T11:13:55.969+0000] {processor.py:183} INFO - Processing /home/airflow/.local/lib/python3.12/site-packages/airflow/example_dags/example_skip_dag.py took 1.403 seconds
[2024-08-03T13:27:06.965+0000] {processor.py:161} INFO - Started process (PID=7810) to work on /home/airflow/.local/lib/python3.12/site-packages/airflow/example_dags/example_skip_dag.py
[2024-08-03T13:27:07.009+0000] {processor.py:830} INFO - Processing file /home/airflow/.local/lib/python3.12/site-packages/airflow/example_dags/example_skip_dag.py for tasks to queue
[2024-08-03T13:27:07.072+0000] {logging_mixin.py:188} INFO - [2024-08-03T13:27:07.058+0000] {dagbag.py:545} INFO - Filling up the DagBag from /home/airflow/.local/lib/python3.12/site-packages/airflow/example_dags/example_skip_dag.py
[2024-08-03T13:27:07.424+0000] {processor.py:840} INFO - DAG(s) 'example_skip_dag' retrieved from /home/airflow/.local/lib/python3.12/site-packages/airflow/example_dags/example_skip_dag.py
[2024-08-03T13:27:08.162+0000] {logging_mixin.py:188} INFO - [2024-08-03T13:27:08.140+0000] {dag.py:3089} INFO - Sync 1 DAGs
[2024-08-03T13:27:08.711+0000] {logging_mixin.py:188} INFO - [2024-08-03T13:27:08.709+0000] {dag.py:3947} INFO - Setting next_dagrun for example_skip_dag to 2024-08-02 00:00:00+00:00, run_after=2024-08-03 00:00:00+00:00
[2024-08-03T14:17:18.727+0000] {processor.py:183} INFO - Processing /home/airflow/.local/lib/python3.12/site-packages/airflow/example_dags/example_skip_dag.py took 2.544 seconds
[2024-08-03T14:18:05.686+0000] {processor.py:161} INFO - Started process (PID=7885) to work on /home/airflow/.local/lib/python3.12/site-packages/airflow/example_dags/example_skip_dag.py
[2024-08-03T14:18:05.703+0000] {processor.py:830} INFO - Processing file /home/airflow/.local/lib/python3.12/site-packages/airflow/example_dags/example_skip_dag.py for tasks to queue
[2024-08-03T14:18:05.709+0000] {logging_mixin.py:188} INFO - [2024-08-03T14:18:05.708+0000] {dagbag.py:545} INFO - Filling up the DagBag from /home/airflow/.local/lib/python3.12/site-packages/airflow/example_dags/example_skip_dag.py
[2024-08-03T14:18:05.879+0000] {processor.py:840} INFO - DAG(s) 'example_skip_dag' retrieved from /home/airflow/.local/lib/python3.12/site-packages/airflow/example_dags/example_skip_dag.py
[2024-08-03T14:18:06.933+0000] {logging_mixin.py:188} INFO - [2024-08-03T14:18:06.931+0000] {dag.py:3089} INFO - Sync 1 DAGs
[2024-08-03T14:18:07.241+0000] {logging_mixin.py:188} INFO - [2024-08-03T14:18:07.235+0000] {dag.py:3947} INFO - Setting next_dagrun for example_skip_dag to 2024-08-02 00:00:00+00:00, run_after=2024-08-03 00:00:00+00:00
[2024-08-03T14:18:07.388+0000] {processor.py:183} INFO - Processing /home/airflow/.local/lib/python3.12/site-packages/airflow/example_dags/example_skip_dag.py took 1.785 seconds
[2024-08-03T14:18:38.077+0000] {processor.py:161} INFO - Started process (PID=7950) to work on /home/airflow/.local/lib/python3.12/site-packages/airflow/example_dags/example_skip_dag.py
[2024-08-03T14:18:38.079+0000] {processor.py:830} INFO - Processing file /home/airflow/.local/lib/python3.12/site-packages/airflow/example_dags/example_skip_dag.py for tasks to queue
[2024-08-03T14:18:38.081+0000] {logging_mixin.py:188} INFO - [2024-08-03T14:18:38.080+0000] {dagbag.py:545} INFO - Filling up the DagBag from /home/airflow/.local/lib/python3.12/site-packages/airflow/example_dags/example_skip_dag.py
[2024-08-03T14:18:38.098+0000] {processor.py:840} INFO - DAG(s) 'example_skip_dag' retrieved from /home/airflow/.local/lib/python3.12/site-packages/airflow/example_dags/example_skip_dag.py
[2024-08-03T14:18:38.142+0000] {logging_mixin.py:188} INFO - [2024-08-03T14:18:38.142+0000] {dag.py:3089} INFO - Sync 1 DAGs
[2024-08-03T14:18:38.169+0000] {logging_mixin.py:188} INFO - [2024-08-03T14:18:38.169+0000] {dag.py:3947} INFO - Setting next_dagrun for example_skip_dag to 2024-08-02 00:00:00+00:00, run_after=2024-08-03 00:00:00+00:00
[2024-08-03T14:18:38.185+0000] {processor.py:183} INFO - Processing /home/airflow/.local/lib/python3.12/site-packages/airflow/example_dags/example_skip_dag.py took 0.125 seconds
[2024-08-03T14:36:33.653+0000] {processor.py:161} INFO - Started process (PID=8001) to work on /home/airflow/.local/lib/python3.12/site-packages/airflow/example_dags/example_skip_dag.py
[2024-08-03T14:36:33.683+0000] {processor.py:830} INFO - Processing file /home/airflow/.local/lib/python3.12/site-packages/airflow/example_dags/example_skip_dag.py for tasks to queue
[2024-08-03T14:36:33.700+0000] {logging_mixin.py:188} INFO - [2024-08-03T14:36:33.691+0000] {dagbag.py:545} INFO - Filling up the DagBag from /home/airflow/.local/lib/python3.12/site-packages/airflow/example_dags/example_skip_dag.py
[2024-08-03T14:36:33.807+0000] {processor.py:840} INFO - DAG(s) 'example_skip_dag' retrieved from /home/airflow/.local/lib/python3.12/site-packages/airflow/example_dags/example_skip_dag.py
[2024-08-03T14:36:34.044+0000] {logging_mixin.py:188} INFO - [2024-08-03T14:36:34.041+0000] {dag.py:3089} INFO - Sync 1 DAGs
[2024-08-03T14:36:34.301+0000] {logging_mixin.py:188} INFO - [2024-08-03T14:36:34.298+0000] {dag.py:3947} INFO - Setting next_dagrun for example_skip_dag to 2024-08-02 00:00:00+00:00, run_after=2024-08-03 00:00:00+00:00
[2024-08-03T14:36:34.461+0000] {processor.py:183} INFO - Processing /home/airflow/.local/lib/python3.12/site-packages/airflow/example_dags/example_skip_dag.py took 0.848 seconds
[2024-08-03T14:42:13.107+0000] {processor.py:161} INFO - Started process (PID=8072) to work on /home/airflow/.local/lib/python3.12/site-packages/airflow/example_dags/example_skip_dag.py
[2024-08-03T14:42:13.123+0000] {processor.py:830} INFO - Processing file /home/airflow/.local/lib/python3.12/site-packages/airflow/example_dags/example_skip_dag.py for tasks to queue
[2024-08-03T14:42:13.127+0000] {logging_mixin.py:188} INFO - [2024-08-03T14:42:13.127+0000] {dagbag.py:545} INFO - Filling up the DagBag from /home/airflow/.local/lib/python3.12/site-packages/airflow/example_dags/example_skip_dag.py
[2024-08-03T14:42:13.219+0000] {processor.py:840} INFO - DAG(s) 'example_skip_dag' retrieved from /home/airflow/.local/lib/python3.12/site-packages/airflow/example_dags/example_skip_dag.py
[2024-08-03T14:42:13.557+0000] {logging_mixin.py:188} INFO - [2024-08-03T14:42:13.552+0000] {dag.py:3089} INFO - Sync 1 DAGs
[2024-08-03T14:42:13.925+0000] {logging_mixin.py:188} INFO - [2024-08-03T14:42:13.924+0000] {dag.py:3947} INFO - Setting next_dagrun for example_skip_dag to 2024-08-02 00:00:00+00:00, run_after=2024-08-03 00:00:00+00:00
[2024-08-03T14:42:14.041+0000] {processor.py:183} INFO - Processing /home/airflow/.local/lib/python3.12/site-packages/airflow/example_dags/example_skip_dag.py took 1.001 seconds
[2024-08-03T14:42:44.822+0000] {processor.py:161} INFO - Started process (PID=8133) to work on /home/airflow/.local/lib/python3.12/site-packages/airflow/example_dags/example_skip_dag.py
[2024-08-03T14:42:44.823+0000] {processor.py:830} INFO - Processing file /home/airflow/.local/lib/python3.12/site-packages/airflow/example_dags/example_skip_dag.py for tasks to queue
[2024-08-03T14:42:44.824+0000] {logging_mixin.py:188} INFO - [2024-08-03T14:42:44.823+0000] {dagbag.py:545} INFO - Filling up the DagBag from /home/airflow/.local/lib/python3.12/site-packages/airflow/example_dags/example_skip_dag.py
[2024-08-03T14:42:44.831+0000] {processor.py:840} INFO - DAG(s) 'example_skip_dag' retrieved from /home/airflow/.local/lib/python3.12/site-packages/airflow/example_dags/example_skip_dag.py
[2024-08-03T14:42:44.847+0000] {logging_mixin.py:188} INFO - [2024-08-03T14:42:44.847+0000] {dag.py:3089} INFO - Sync 1 DAGs
[2024-08-03T14:42:44.860+0000] {logging_mixin.py:188} INFO - [2024-08-03T14:42:44.860+0000] {dag.py:3947} INFO - Setting next_dagrun for example_skip_dag to 2024-08-02 00:00:00+00:00, run_after=2024-08-03 00:00:00+00:00
[2024-08-03T14:42:44.871+0000] {processor.py:183} INFO - Processing /home/airflow/.local/lib/python3.12/site-packages/airflow/example_dags/example_skip_dag.py took 0.054 seconds
[2024-08-03T14:43:16.206+0000] {processor.py:161} INFO - Started process (PID=8204) to work on /home/airflow/.local/lib/python3.12/site-packages/airflow/example_dags/example_skip_dag.py
[2024-08-03T14:43:16.210+0000] {processor.py:830} INFO - Processing file /home/airflow/.local/lib/python3.12/site-packages/airflow/example_dags/example_skip_dag.py for tasks to queue
[2024-08-03T14:43:16.217+0000] {logging_mixin.py:188} INFO - [2024-08-03T14:43:16.212+0000] {dagbag.py:545} INFO - Filling up the DagBag from /home/airflow/.local/lib/python3.12/site-packages/airflow/example_dags/example_skip_dag.py
[2024-08-03T14:43:16.257+0000] {processor.py:840} INFO - DAG(s) 'example_skip_dag' retrieved from /home/airflow/.local/lib/python3.12/site-packages/airflow/example_dags/example_skip_dag.py
[2024-08-03T14:43:16.349+0000] {logging_mixin.py:188} INFO - [2024-08-03T14:43:16.349+0000] {dag.py:3089} INFO - Sync 1 DAGs
[2024-08-03T14:43:16.421+0000] {logging_mixin.py:188} INFO - [2024-08-03T14:43:16.421+0000] {dag.py:3947} INFO - Setting next_dagrun for example_skip_dag to 2024-08-02 00:00:00+00:00, run_after=2024-08-03 00:00:00+00:00
[2024-08-03T14:43:16.503+0000] {processor.py:183} INFO - Processing /home/airflow/.local/lib/python3.12/site-packages/airflow/example_dags/example_skip_dag.py took 0.332 seconds
[2024-08-03T14:43:47.049+0000] {processor.py:161} INFO - Started process (PID=8269) to work on /home/airflow/.local/lib/python3.12/site-packages/airflow/example_dags/example_skip_dag.py
[2024-08-03T14:43:47.050+0000] {processor.py:830} INFO - Processing file /home/airflow/.local/lib/python3.12/site-packages/airflow/example_dags/example_skip_dag.py for tasks to queue
[2024-08-03T14:43:47.051+0000] {logging_mixin.py:188} INFO - [2024-08-03T14:43:47.051+0000] {dagbag.py:545} INFO - Filling up the DagBag from /home/airflow/.local/lib/python3.12/site-packages/airflow/example_dags/example_skip_dag.py
[2024-08-03T14:43:47.055+0000] {processor.py:840} INFO - DAG(s) 'example_skip_dag' retrieved from /home/airflow/.local/lib/python3.12/site-packages/airflow/example_dags/example_skip_dag.py
[2024-08-03T14:43:47.069+0000] {logging_mixin.py:188} INFO - [2024-08-03T14:43:47.069+0000] {dag.py:3089} INFO - Sync 1 DAGs
[2024-08-03T14:43:47.080+0000] {logging_mixin.py:188} INFO - [2024-08-03T14:43:47.080+0000] {dag.py:3947} INFO - Setting next_dagrun for example_skip_dag to 2024-08-02 00:00:00+00:00, run_after=2024-08-03 00:00:00+00:00
[2024-08-03T14:43:47.087+0000] {processor.py:183} INFO - Processing /home/airflow/.local/lib/python3.12/site-packages/airflow/example_dags/example_skip_dag.py took 0.043 seconds
[2024-08-03T15:05:49.160+0000] {processor.py:161} INFO - Started process (PID=8351) to work on /home/airflow/.local/lib/python3.12/site-packages/airflow/example_dags/example_skip_dag.py
[2024-08-03T15:05:49.219+0000] {processor.py:830} INFO - Processing file /home/airflow/.local/lib/python3.12/site-packages/airflow/example_dags/example_skip_dag.py for tasks to queue
[2024-08-03T15:05:49.252+0000] {logging_mixin.py:188} INFO - [2024-08-03T15:05:49.235+0000] {dagbag.py:545} INFO - Filling up the DagBag from /home/airflow/.local/lib/python3.12/site-packages/airflow/example_dags/example_skip_dag.py
[2024-08-03T15:05:49.406+0000] {processor.py:840} INFO - DAG(s) 'example_skip_dag' retrieved from /home/airflow/.local/lib/python3.12/site-packages/airflow/example_dags/example_skip_dag.py
[2024-08-03T15:05:49.774+0000] {logging_mixin.py:188} INFO - [2024-08-03T15:05:49.744+0000] {dag.py:3089} INFO - Sync 1 DAGs
[2024-08-03T15:05:50.129+0000] {logging_mixin.py:188} INFO - [2024-08-03T15:05:50.128+0000] {dag.py:3947} INFO - Setting next_dagrun for example_skip_dag to 2024-08-02 00:00:00+00:00, run_after=2024-08-03 00:00:00+00:00
[2024-08-03T15:05:50.292+0000] {processor.py:183} INFO - Processing /home/airflow/.local/lib/python3.12/site-packages/airflow/example_dags/example_skip_dag.py took 1.274 seconds
[2024-08-03T15:55:11.156+0000] {processor.py:161} INFO - Started process (PID=8417) to work on /home/airflow/.local/lib/python3.12/site-packages/airflow/example_dags/example_skip_dag.py
[2024-08-03T15:55:11.163+0000] {processor.py:830} INFO - Processing file /home/airflow/.local/lib/python3.12/site-packages/airflow/example_dags/example_skip_dag.py for tasks to queue
[2024-08-03T15:55:11.165+0000] {logging_mixin.py:188} INFO - [2024-08-03T15:55:11.164+0000] {dagbag.py:545} INFO - Filling up the DagBag from /home/airflow/.local/lib/python3.12/site-packages/airflow/example_dags/example_skip_dag.py
[2024-08-03T15:55:11.175+0000] {processor.py:840} INFO - DAG(s) 'example_skip_dag' retrieved from /home/airflow/.local/lib/python3.12/site-packages/airflow/example_dags/example_skip_dag.py
[2024-08-03T15:55:11.235+0000] {logging_mixin.py:188} INFO - [2024-08-03T15:55:11.235+0000] {dag.py:3089} INFO - Sync 1 DAGs
[2024-08-03T15:55:11.285+0000] {logging_mixin.py:188} INFO - [2024-08-03T15:55:11.285+0000] {dag.py:3947} INFO - Setting next_dagrun for example_skip_dag to 2024-08-02 00:00:00+00:00, run_after=2024-08-03 00:00:00+00:00
[2024-08-03T15:55:11.335+0000] {processor.py:183} INFO - Processing /home/airflow/.local/lib/python3.12/site-packages/airflow/example_dags/example_skip_dag.py took 0.184 seconds
[2024-08-03T17:01:36.651+0000] {processor.py:161} INFO - Started process (PID=8464) to work on /home/airflow/.local/lib/python3.12/site-packages/airflow/example_dags/example_skip_dag.py
[2024-08-03T17:01:36.695+0000] {processor.py:830} INFO - Processing file /home/airflow/.local/lib/python3.12/site-packages/airflow/example_dags/example_skip_dag.py for tasks to queue
[2024-08-03T17:01:36.736+0000] {logging_mixin.py:188} INFO - [2024-08-03T17:01:36.714+0000] {dagbag.py:545} INFO - Filling up the DagBag from /home/airflow/.local/lib/python3.12/site-packages/airflow/example_dags/example_skip_dag.py
[2024-08-03T17:01:37.108+0000] {processor.py:840} INFO - DAG(s) 'example_skip_dag' retrieved from /home/airflow/.local/lib/python3.12/site-packages/airflow/example_dags/example_skip_dag.py
[2024-08-03T17:01:37.611+0000] {logging_mixin.py:188} INFO - [2024-08-03T17:01:37.604+0000] {dag.py:3089} INFO - Sync 1 DAGs
[2024-08-03T17:01:37.838+0000] {logging_mixin.py:188} INFO - [2024-08-03T17:01:37.833+0000] {dag.py:3947} INFO - Setting next_dagrun for example_skip_dag to 2024-08-02 00:00:00+00:00, run_after=2024-08-03 00:00:00+00:00
[2024-08-03T17:01:38.020+0000] {processor.py:183} INFO - Processing /home/airflow/.local/lib/python3.12/site-packages/airflow/example_dags/example_skip_dag.py took 1.581 seconds
[2024-08-03T17:24:47.040+0000] {processor.py:161} INFO - Started process (PID=8531) to work on /home/airflow/.local/lib/python3.12/site-packages/airflow/example_dags/example_skip_dag.py
[2024-08-03T17:24:47.069+0000] {processor.py:830} INFO - Processing file /home/airflow/.local/lib/python3.12/site-packages/airflow/example_dags/example_skip_dag.py for tasks to queue
[2024-08-03T17:24:47.080+0000] {logging_mixin.py:188} INFO - [2024-08-03T17:24:47.072+0000] {dagbag.py:545} INFO - Filling up the DagBag from /home/airflow/.local/lib/python3.12/site-packages/airflow/example_dags/example_skip_dag.py
[2024-08-03T17:24:47.224+0000] {processor.py:840} INFO - DAG(s) 'example_skip_dag' retrieved from /home/airflow/.local/lib/python3.12/site-packages/airflow/example_dags/example_skip_dag.py
[2024-08-03T17:24:47.367+0000] {logging_mixin.py:188} INFO - [2024-08-03T17:24:47.365+0000] {dag.py:3089} INFO - Sync 1 DAGs
[2024-08-03T17:24:47.540+0000] {logging_mixin.py:188} INFO - [2024-08-03T17:24:47.537+0000] {dag.py:3947} INFO - Setting next_dagrun for example_skip_dag to 2024-08-02 00:00:00+00:00, run_after=2024-08-03 00:00:00+00:00
[2024-08-03T17:24:47.635+0000] {processor.py:183} INFO - Processing /home/airflow/.local/lib/python3.12/site-packages/airflow/example_dags/example_skip_dag.py took 0.662 seconds
[2024-08-03T17:25:17.965+0000] {processor.py:161} INFO - Started process (PID=8592) to work on /home/airflow/.local/lib/python3.12/site-packages/airflow/example_dags/example_skip_dag.py
[2024-08-03T17:25:17.966+0000] {processor.py:830} INFO - Processing file /home/airflow/.local/lib/python3.12/site-packages/airflow/example_dags/example_skip_dag.py for tasks to queue
[2024-08-03T17:25:17.966+0000] {logging_mixin.py:188} INFO - [2024-08-03T17:25:17.966+0000] {dagbag.py:545} INFO - Filling up the DagBag from /home/airflow/.local/lib/python3.12/site-packages/airflow/example_dags/example_skip_dag.py
[2024-08-03T17:25:17.971+0000] {processor.py:840} INFO - DAG(s) 'example_skip_dag' retrieved from /home/airflow/.local/lib/python3.12/site-packages/airflow/example_dags/example_skip_dag.py
[2024-08-03T17:25:17.985+0000] {logging_mixin.py:188} INFO - [2024-08-03T17:25:17.985+0000] {dag.py:3089} INFO - Sync 1 DAGs
[2024-08-03T17:25:17.997+0000] {logging_mixin.py:188} INFO - [2024-08-03T17:25:17.997+0000] {dag.py:3947} INFO - Setting next_dagrun for example_skip_dag to 2024-08-02 00:00:00+00:00, run_after=2024-08-03 00:00:00+00:00
[2024-08-03T17:25:18.012+0000] {processor.py:183} INFO - Processing /home/airflow/.local/lib/python3.12/site-packages/airflow/example_dags/example_skip_dag.py took 0.052 seconds
[2024-08-03T17:26:36.531+0000] {processor.py:161} INFO - Started process (PID=8627) to work on /home/airflow/.local/lib/python3.12/site-packages/airflow/example_dags/example_skip_dag.py
[2024-08-03T17:26:36.545+0000] {processor.py:830} INFO - Processing file /home/airflow/.local/lib/python3.12/site-packages/airflow/example_dags/example_skip_dag.py for tasks to queue
[2024-08-03T17:26:36.557+0000] {logging_mixin.py:188} INFO - [2024-08-03T17:26:36.548+0000] {dagbag.py:545} INFO - Filling up the DagBag from /home/airflow/.local/lib/python3.12/site-packages/airflow/example_dags/example_skip_dag.py
[2024-08-03T17:26:36.688+0000] {processor.py:840} INFO - DAG(s) 'example_skip_dag' retrieved from /home/airflow/.local/lib/python3.12/site-packages/airflow/example_dags/example_skip_dag.py
[2024-08-03T17:26:36.946+0000] {logging_mixin.py:188} INFO - [2024-08-03T17:26:36.945+0000] {dag.py:3089} INFO - Sync 1 DAGs
[2024-08-03T17:26:37.243+0000] {logging_mixin.py:188} INFO - [2024-08-03T17:26:37.241+0000] {dag.py:3947} INFO - Setting next_dagrun for example_skip_dag to 2024-08-02 00:00:00+00:00, run_after=2024-08-03 00:00:00+00:00
[2024-08-03T17:26:37.443+0000] {processor.py:183} INFO - Processing /home/airflow/.local/lib/python3.12/site-packages/airflow/example_dags/example_skip_dag.py took 0.967 seconds
[2024-08-03T17:27:08.128+0000] {processor.py:161} INFO - Started process (PID=8687) to work on /home/airflow/.local/lib/python3.12/site-packages/airflow/example_dags/example_skip_dag.py
[2024-08-03T17:27:08.131+0000] {processor.py:830} INFO - Processing file /home/airflow/.local/lib/python3.12/site-packages/airflow/example_dags/example_skip_dag.py for tasks to queue
[2024-08-03T17:27:08.132+0000] {logging_mixin.py:188} INFO - [2024-08-03T17:27:08.132+0000] {dagbag.py:545} INFO - Filling up the DagBag from /home/airflow/.local/lib/python3.12/site-packages/airflow/example_dags/example_skip_dag.py
[2024-08-03T17:27:08.185+0000] {processor.py:840} INFO - DAG(s) 'example_skip_dag' retrieved from /home/airflow/.local/lib/python3.12/site-packages/airflow/example_dags/example_skip_dag.py
[2024-08-03T17:27:08.386+0000] {logging_mixin.py:188} INFO - [2024-08-03T17:27:08.385+0000] {dag.py:3089} INFO - Sync 1 DAGs
[2024-08-03T17:27:08.440+0000] {logging_mixin.py:188} INFO - [2024-08-03T17:27:08.440+0000] {dag.py:3947} INFO - Setting next_dagrun for example_skip_dag to 2024-08-02 00:00:00+00:00, run_after=2024-08-03 00:00:00+00:00
[2024-08-03T17:27:08.460+0000] {processor.py:183} INFO - Processing /home/airflow/.local/lib/python3.12/site-packages/airflow/example_dags/example_skip_dag.py took 0.340 seconds
[2024-08-03T17:49:36.637+0000] {processor.py:161} INFO - Started process (PID=8756) to work on /home/airflow/.local/lib/python3.12/site-packages/airflow/example_dags/example_skip_dag.py
[2024-08-03T17:49:36.647+0000] {processor.py:830} INFO - Processing file /home/airflow/.local/lib/python3.12/site-packages/airflow/example_dags/example_skip_dag.py for tasks to queue
[2024-08-03T17:49:36.656+0000] {logging_mixin.py:188} INFO - [2024-08-03T17:49:36.651+0000] {dagbag.py:545} INFO - Filling up the DagBag from /home/airflow/.local/lib/python3.12/site-packages/airflow/example_dags/example_skip_dag.py
[2024-08-03T17:49:36.754+0000] {processor.py:840} INFO - DAG(s) 'example_skip_dag' retrieved from /home/airflow/.local/lib/python3.12/site-packages/airflow/example_dags/example_skip_dag.py
[2024-08-03T17:49:36.970+0000] {logging_mixin.py:188} INFO - [2024-08-03T17:49:36.968+0000] {dag.py:3089} INFO - Sync 1 DAGs
[2024-08-03T17:49:37.151+0000] {logging_mixin.py:188} INFO - [2024-08-03T17:49:37.144+0000] {dag.py:3947} INFO - Setting next_dagrun for example_skip_dag to 2024-08-02 00:00:00+00:00, run_after=2024-08-03 00:00:00+00:00
[2024-08-03T17:49:37.313+0000] {processor.py:183} INFO - Processing /home/airflow/.local/lib/python3.12/site-packages/airflow/example_dags/example_skip_dag.py took 0.761 seconds
[2024-08-03T18:23:29.661+0000] {processor.py:161} INFO - Started process (PID=8817) to work on /home/airflow/.local/lib/python3.12/site-packages/airflow/example_dags/example_skip_dag.py
[2024-08-03T18:23:29.665+0000] {processor.py:830} INFO - Processing file /home/airflow/.local/lib/python3.12/site-packages/airflow/example_dags/example_skip_dag.py for tasks to queue
[2024-08-03T18:23:29.666+0000] {logging_mixin.py:188} INFO - [2024-08-03T18:23:29.666+0000] {dagbag.py:545} INFO - Filling up the DagBag from /home/airflow/.local/lib/python3.12/site-packages/airflow/example_dags/example_skip_dag.py
[2024-08-03T18:23:29.677+0000] {processor.py:840} INFO - DAG(s) 'example_skip_dag' retrieved from /home/airflow/.local/lib/python3.12/site-packages/airflow/example_dags/example_skip_dag.py
[2024-08-03T18:23:29.707+0000] {logging_mixin.py:188} INFO - [2024-08-03T18:23:29.706+0000] {dag.py:3089} INFO - Sync 1 DAGs
[2024-08-03T18:23:29.738+0000] {logging_mixin.py:188} INFO - [2024-08-03T18:23:29.738+0000] {dag.py:3947} INFO - Setting next_dagrun for example_skip_dag to 2024-08-02 00:00:00+00:00, run_after=2024-08-03 00:00:00+00:00
[2024-08-03T18:23:29.759+0000] {processor.py:183} INFO - Processing /home/airflow/.local/lib/python3.12/site-packages/airflow/example_dags/example_skip_dag.py took 0.105 seconds
[2024-08-03T19:08:46.080+0000] {processor.py:161} INFO - Started process (PID=8869) to work on /home/airflow/.local/lib/python3.12/site-packages/airflow/example_dags/example_skip_dag.py
[2024-08-03T19:08:46.089+0000] {processor.py:830} INFO - Processing file /home/airflow/.local/lib/python3.12/site-packages/airflow/example_dags/example_skip_dag.py for tasks to queue
[2024-08-03T19:08:46.097+0000] {logging_mixin.py:188} INFO - [2024-08-03T19:08:46.094+0000] {dagbag.py:545} INFO - Filling up the DagBag from /home/airflow/.local/lib/python3.12/site-packages/airflow/example_dags/example_skip_dag.py
[2024-08-03T19:08:46.191+0000] {processor.py:840} INFO - DAG(s) 'example_skip_dag' retrieved from /home/airflow/.local/lib/python3.12/site-packages/airflow/example_dags/example_skip_dag.py
[2024-08-03T19:08:46.600+0000] {logging_mixin.py:188} INFO - [2024-08-03T19:08:46.593+0000] {dag.py:3089} INFO - Sync 1 DAGs
[2024-08-03T19:08:46.864+0000] {logging_mixin.py:188} INFO - [2024-08-03T19:08:46.858+0000] {dag.py:3947} INFO - Setting next_dagrun for example_skip_dag to 2024-08-02 00:00:00+00:00, run_after=2024-08-03 00:00:00+00:00
[2024-08-03T19:08:47.027+0000] {processor.py:183} INFO - Processing /home/airflow/.local/lib/python3.12/site-packages/airflow/example_dags/example_skip_dag.py took 1.020 seconds
[2024-08-03T20:16:18.107+0000] {processor.py:161} INFO - Started process (PID=8929) to work on /home/airflow/.local/lib/python3.12/site-packages/airflow/example_dags/example_skip_dag.py
[2024-08-03T20:16:18.113+0000] {processor.py:830} INFO - Processing file /home/airflow/.local/lib/python3.12/site-packages/airflow/example_dags/example_skip_dag.py for tasks to queue
[2024-08-03T20:16:18.119+0000] {logging_mixin.py:188} INFO - [2024-08-03T20:16:18.118+0000] {dagbag.py:545} INFO - Filling up the DagBag from /home/airflow/.local/lib/python3.12/site-packages/airflow/example_dags/example_skip_dag.py
[2024-08-03T20:16:18.189+0000] {processor.py:840} INFO - DAG(s) 'example_skip_dag' retrieved from /home/airflow/.local/lib/python3.12/site-packages/airflow/example_dags/example_skip_dag.py
[2024-08-03T20:16:18.371+0000] {logging_mixin.py:188} INFO - [2024-08-03T20:16:18.368+0000] {dag.py:3089} INFO - Sync 1 DAGs
[2024-08-03T20:16:18.630+0000] {logging_mixin.py:188} INFO - [2024-08-03T20:16:18.625+0000] {dag.py:3947} INFO - Setting next_dagrun for example_skip_dag to 2024-08-02 00:00:00+00:00, run_after=2024-08-03 00:00:00+00:00
[2024-08-03T20:16:18.791+0000] {processor.py:183} INFO - Processing /home/airflow/.local/lib/python3.12/site-packages/airflow/example_dags/example_skip_dag.py took 0.700 seconds
[2024-08-03T21:24:47.759+0000] {processor.py:161} INFO - Started process (PID=8986) to work on /home/airflow/.local/lib/python3.12/site-packages/airflow/example_dags/example_skip_dag.py
[2024-08-03T21:24:47.770+0000] {processor.py:830} INFO - Processing file /home/airflow/.local/lib/python3.12/site-packages/airflow/example_dags/example_skip_dag.py for tasks to queue
[2024-08-03T21:24:47.908+0000] {logging_mixin.py:188} INFO - [2024-08-03T21:24:47.906+0000] {dagbag.py:545} INFO - Filling up the DagBag from /home/airflow/.local/lib/python3.12/site-packages/airflow/example_dags/example_skip_dag.py
[2024-08-03T21:24:48.005+0000] {processor.py:840} INFO - DAG(s) 'example_skip_dag' retrieved from /home/airflow/.local/lib/python3.12/site-packages/airflow/example_dags/example_skip_dag.py
[2024-08-03T21:24:48.227+0000] {logging_mixin.py:188} INFO - [2024-08-03T21:24:48.226+0000] {dag.py:3089} INFO - Sync 1 DAGs
[2024-08-03T21:24:48.366+0000] {logging_mixin.py:188} INFO - [2024-08-03T21:24:48.365+0000] {dag.py:3947} INFO - Setting next_dagrun for example_skip_dag to 2024-08-02 00:00:00+00:00, run_after=2024-08-03 00:00:00+00:00
[2024-08-03T21:24:48.546+0000] {processor.py:183} INFO - Processing /home/airflow/.local/lib/python3.12/site-packages/airflow/example_dags/example_skip_dag.py took 0.877 seconds
[2024-08-03T22:29:06.076+0000] {processor.py:161} INFO - Started process (PID=9052) to work on /home/airflow/.local/lib/python3.12/site-packages/airflow/example_dags/example_skip_dag.py
[2024-08-03T22:29:06.079+0000] {processor.py:830} INFO - Processing file /home/airflow/.local/lib/python3.12/site-packages/airflow/example_dags/example_skip_dag.py for tasks to queue
[2024-08-03T22:29:06.081+0000] {logging_mixin.py:188} INFO - [2024-08-03T22:29:06.080+0000] {dagbag.py:545} INFO - Filling up the DagBag from /home/airflow/.local/lib/python3.12/site-packages/airflow/example_dags/example_skip_dag.py
[2024-08-03T22:29:06.091+0000] {processor.py:840} INFO - DAG(s) 'example_skip_dag' retrieved from /home/airflow/.local/lib/python3.12/site-packages/airflow/example_dags/example_skip_dag.py
[2024-08-03T22:29:06.111+0000] {logging_mixin.py:188} INFO - [2024-08-03T22:29:06.111+0000] {dag.py:3089} INFO - Sync 1 DAGs
[2024-08-03T22:29:06.252+0000] {logging_mixin.py:188} INFO - [2024-08-03T22:29:06.251+0000] {dag.py:3947} INFO - Setting next_dagrun for example_skip_dag to 2024-08-02 00:00:00+00:00, run_after=2024-08-03 00:00:00+00:00
[2024-08-03T22:29:06.320+0000] {processor.py:183} INFO - Processing /home/airflow/.local/lib/python3.12/site-packages/airflow/example_dags/example_skip_dag.py took 0.266 seconds
