[2024-08-03T01:57:30.411+0000] {processor.py:161} INFO - Started process (PID=7216) to work on /home/airflow/.local/lib/python3.12/site-packages/airflow/example_dags/example_branch_labels.py
[2024-08-03T01:57:30.421+0000] {processor.py:830} INFO - Processing file /home/airflow/.local/lib/python3.12/site-packages/airflow/example_dags/example_branch_labels.py for tasks to queue
[2024-08-03T01:57:30.433+0000] {logging_mixin.py:188} INFO - [2024-08-03T01:57:30.428+0000] {dagbag.py:545} INFO - Filling up the DagBag from /home/airflow/.local/lib/python3.12/site-packages/airflow/example_dags/example_branch_labels.py
[2024-08-03T01:57:30.524+0000] {processor.py:840} INFO - DAG(s) 'example_branch_labels' retrieved from /home/airflow/.local/lib/python3.12/site-packages/airflow/example_dags/example_branch_labels.py
[2024-08-03T01:57:30.773+0000] {logging_mixin.py:188} INFO - [2024-08-03T01:57:30.770+0000] {dag.py:3089} INFO - Sync 1 DAGs
[2024-08-03T01:57:30.956+0000] {logging_mixin.py:188} INFO - [2024-08-03T01:57:30.950+0000] {dag.py:3947} INFO - Setting next_dagrun for example_branch_labels to 2024-08-02 00:00:00+00:00, run_after=2024-08-03 00:00:00+00:00
[2024-08-03T01:57:31.152+0000] {processor.py:183} INFO - Processing /home/airflow/.local/lib/python3.12/site-packages/airflow/example_dags/example_branch_labels.py took 0.790 seconds
[2024-08-03T02:27:19.797+0000] {processor.py:161} INFO - Started process (PID=7261) to work on /home/airflow/.local/lib/python3.12/site-packages/airflow/example_dags/example_branch_labels.py
[2024-08-03T02:27:19.893+0000] {processor.py:830} INFO - Processing file /home/airflow/.local/lib/python3.12/site-packages/airflow/example_dags/example_branch_labels.py for tasks to queue
[2024-08-03T02:27:19.953+0000] {logging_mixin.py:188} INFO - [2024-08-03T02:27:19.925+0000] {dagbag.py:545} INFO - Filling up the DagBag from /home/airflow/.local/lib/python3.12/site-packages/airflow/example_dags/example_branch_labels.py
[2024-08-03T02:27:20.573+0000] {processor.py:840} INFO - DAG(s) 'example_branch_labels' retrieved from /home/airflow/.local/lib/python3.12/site-packages/airflow/example_dags/example_branch_labels.py
[2024-08-03T02:27:21.239+0000] {logging_mixin.py:188} INFO - [2024-08-03T02:27:21.233+0000] {dag.py:3089} INFO - Sync 1 DAGs
[2024-08-03T02:27:21.509+0000] {logging_mixin.py:188} INFO - [2024-08-03T02:27:21.505+0000] {dag.py:3947} INFO - Setting next_dagrun for example_branch_labels to 2024-08-02 00:00:00+00:00, run_after=2024-08-03 00:00:00+00:00
[2024-08-03T02:27:21.874+0000] {processor.py:183} INFO - Processing /home/airflow/.local/lib/python3.12/site-packages/airflow/example_dags/example_branch_labels.py took 2.295 seconds
[2024-08-03T03:17:36.110+0000] {processor.py:161} INFO - Started process (PID=7326) to work on /home/airflow/.local/lib/python3.12/site-packages/airflow/example_dags/example_branch_labels.py
[2024-08-03T03:17:36.123+0000] {processor.py:830} INFO - Processing file /home/airflow/.local/lib/python3.12/site-packages/airflow/example_dags/example_branch_labels.py for tasks to queue
[2024-08-03T03:17:36.146+0000] {logging_mixin.py:188} INFO - [2024-08-03T03:17:36.132+0000] {dagbag.py:545} INFO - Filling up the DagBag from /home/airflow/.local/lib/python3.12/site-packages/airflow/example_dags/example_branch_labels.py
[2024-08-03T03:17:36.279+0000] {processor.py:840} INFO - DAG(s) 'example_branch_labels' retrieved from /home/airflow/.local/lib/python3.12/site-packages/airflow/example_dags/example_branch_labels.py
[2024-08-03T03:17:36.816+0000] {logging_mixin.py:188} INFO - [2024-08-03T03:17:36.798+0000] {dag.py:3089} INFO - Sync 1 DAGs
[2024-08-03T03:17:37.199+0000] {logging_mixin.py:188} INFO - [2024-08-03T03:17:37.173+0000] {dag.py:3947} INFO - Setting next_dagrun for example_branch_labels to 2024-08-02 00:00:00+00:00, run_after=2024-08-03 00:00:00+00:00
[2024-08-03T03:17:37.646+0000] {processor.py:183} INFO - Processing /home/airflow/.local/lib/python3.12/site-packages/airflow/example_dags/example_branch_labels.py took 1.663 seconds
[2024-08-03T03:18:29.234+0000] {processor.py:161} INFO - Started process (PID=7358) to work on /home/airflow/.local/lib/python3.12/site-packages/airflow/example_dags/example_branch_labels.py
[2024-08-03T03:18:29.312+0000] {processor.py:830} INFO - Processing file /home/airflow/.local/lib/python3.12/site-packages/airflow/example_dags/example_branch_labels.py for tasks to queue
[2024-08-03T03:18:29.341+0000] {logging_mixin.py:188} INFO - [2024-08-03T03:18:29.334+0000] {dagbag.py:545} INFO - Filling up the DagBag from /home/airflow/.local/lib/python3.12/site-packages/airflow/example_dags/example_branch_labels.py
[2024-08-03T03:18:29.646+0000] {processor.py:840} INFO - DAG(s) 'example_branch_labels' retrieved from /home/airflow/.local/lib/python3.12/site-packages/airflow/example_dags/example_branch_labels.py
[2024-08-03T03:18:29.960+0000] {logging_mixin.py:188} INFO - [2024-08-03T03:18:29.951+0000] {dag.py:3089} INFO - Sync 1 DAGs
[2024-08-03T03:18:30.199+0000] {logging_mixin.py:188} INFO - [2024-08-03T03:18:30.197+0000] {dag.py:3947} INFO - Setting next_dagrun for example_branch_labels to 2024-08-02 00:00:00+00:00, run_after=2024-08-03 00:00:00+00:00
[2024-08-03T03:18:30.519+0000] {processor.py:183} INFO - Processing /home/airflow/.local/lib/python3.12/site-packages/airflow/example_dags/example_branch_labels.py took 1.633 seconds
[2024-08-03T04:31:49.146+0000] {processor.py:161} INFO - Started process (PID=7421) to work on /home/airflow/.local/lib/python3.12/site-packages/airflow/example_dags/example_branch_labels.py
[2024-08-03T04:31:49.197+0000] {processor.py:830} INFO - Processing file /home/airflow/.local/lib/python3.12/site-packages/airflow/example_dags/example_branch_labels.py for tasks to queue
[2024-08-03T04:31:49.217+0000] {logging_mixin.py:188} INFO - [2024-08-03T04:31:49.211+0000] {dagbag.py:545} INFO - Filling up the DagBag from /home/airflow/.local/lib/python3.12/site-packages/airflow/example_dags/example_branch_labels.py
[2024-08-03T04:31:49.420+0000] {processor.py:840} INFO - DAG(s) 'example_branch_labels' retrieved from /home/airflow/.local/lib/python3.12/site-packages/airflow/example_dags/example_branch_labels.py
[2024-08-03T04:31:51.336+0000] {logging_mixin.py:188} INFO - [2024-08-03T04:31:51.313+0000] {dag.py:3089} INFO - Sync 1 DAGs
[2024-08-03T04:31:51.813+0000] {logging_mixin.py:188} INFO - [2024-08-03T04:31:51.799+0000] {dag.py:3947} INFO - Setting next_dagrun for example_branch_labels to 2024-08-02 00:00:00+00:00, run_after=2024-08-03 00:00:00+00:00
[2024-08-03T04:31:52.172+0000] {processor.py:183} INFO - Processing /home/airflow/.local/lib/python3.12/site-packages/airflow/example_dags/example_branch_labels.py took 3.317 seconds
[2024-08-03T06:48:04.103+0000] {processor.py:161} INFO - Started process (PID=7479) to work on /home/airflow/.local/lib/python3.12/site-packages/airflow/example_dags/example_branch_labels.py
[2024-08-03T06:48:04.115+0000] {processor.py:830} INFO - Processing file /home/airflow/.local/lib/python3.12/site-packages/airflow/example_dags/example_branch_labels.py for tasks to queue
[2024-08-03T06:48:04.127+0000] {logging_mixin.py:188} INFO - [2024-08-03T06:48:04.124+0000] {dagbag.py:545} INFO - Filling up the DagBag from /home/airflow/.local/lib/python3.12/site-packages/airflow/example_dags/example_branch_labels.py
[2024-08-03T06:48:04.200+0000] {processor.py:840} INFO - DAG(s) 'example_branch_labels' retrieved from /home/airflow/.local/lib/python3.12/site-packages/airflow/example_dags/example_branch_labels.py
[2024-08-03T06:48:04.353+0000] {logging_mixin.py:188} INFO - [2024-08-03T06:48:04.351+0000] {dag.py:3089} INFO - Sync 1 DAGs
[2024-08-03T06:48:04.493+0000] {logging_mixin.py:188} INFO - [2024-08-03T06:48:04.492+0000] {dag.py:3947} INFO - Setting next_dagrun for example_branch_labels to 2024-08-02 00:00:00+00:00, run_after=2024-08-03 00:00:00+00:00
[2024-08-03T06:48:04.567+0000] {processor.py:183} INFO - Processing /home/airflow/.local/lib/python3.12/site-packages/airflow/example_dags/example_branch_labels.py took 0.521 seconds
[2024-08-03T09:02:59.342+0000] {processor.py:161} INFO - Started process (PID=7547) to work on /home/airflow/.local/lib/python3.12/site-packages/airflow/example_dags/example_branch_labels.py
[2024-08-03T09:02:59.375+0000] {processor.py:830} INFO - Processing file /home/airflow/.local/lib/python3.12/site-packages/airflow/example_dags/example_branch_labels.py for tasks to queue
[2024-08-03T09:02:59.385+0000] {logging_mixin.py:188} INFO - [2024-08-03T09:02:59.382+0000] {dagbag.py:545} INFO - Filling up the DagBag from /home/airflow/.local/lib/python3.12/site-packages/airflow/example_dags/example_branch_labels.py
[2024-08-03T09:02:59.509+0000] {processor.py:840} INFO - DAG(s) 'example_branch_labels' retrieved from /home/airflow/.local/lib/python3.12/site-packages/airflow/example_dags/example_branch_labels.py
[2024-08-03T09:02:59.805+0000] {logging_mixin.py:188} INFO - [2024-08-03T09:02:59.804+0000] {dag.py:3089} INFO - Sync 1 DAGs
[2024-08-03T09:03:00.078+0000] {logging_mixin.py:188} INFO - [2024-08-03T09:03:00.077+0000] {dag.py:3947} INFO - Setting next_dagrun for example_branch_labels to 2024-08-02 00:00:00+00:00, run_after=2024-08-03 00:00:00+00:00
[2024-08-03T09:03:00.205+0000] {processor.py:183} INFO - Processing /home/airflow/.local/lib/python3.12/site-packages/airflow/example_dags/example_branch_labels.py took 0.938 seconds
[2024-08-03T09:53:26.262+0000] {processor.py:161} INFO - Started process (PID=7630) to work on /home/airflow/.local/lib/python3.12/site-packages/airflow/example_dags/example_branch_labels.py
[2024-08-03T09:53:26.302+0000] {processor.py:830} INFO - Processing file /home/airflow/.local/lib/python3.12/site-packages/airflow/example_dags/example_branch_labels.py for tasks to queue
[2024-08-03T09:53:26.323+0000] {logging_mixin.py:188} INFO - [2024-08-03T09:53:26.315+0000] {dagbag.py:545} INFO - Filling up the DagBag from /home/airflow/.local/lib/python3.12/site-packages/airflow/example_dags/example_branch_labels.py
[2024-08-03T09:53:26.615+0000] {processor.py:840} INFO - DAG(s) 'example_branch_labels' retrieved from /home/airflow/.local/lib/python3.12/site-packages/airflow/example_dags/example_branch_labels.py
[2024-08-03T09:53:27.356+0000] {logging_mixin.py:188} INFO - [2024-08-03T09:53:27.345+0000] {dag.py:3089} INFO - Sync 1 DAGs
[2024-08-03T09:53:27.720+0000] {logging_mixin.py:188} INFO - [2024-08-03T09:53:27.713+0000] {dag.py:3947} INFO - Setting next_dagrun for example_branch_labels to 2024-08-02 00:00:00+00:00, run_after=2024-08-03 00:00:00+00:00
[2024-08-03T09:53:28.009+0000] {processor.py:183} INFO - Processing /home/airflow/.local/lib/python3.12/site-packages/airflow/example_dags/example_branch_labels.py took 1.862 seconds
[2024-08-03T10:36:51.798+0000] {processor.py:161} INFO - Started process (PID=7670) to work on /home/airflow/.local/lib/python3.12/site-packages/airflow/example_dags/example_branch_labels.py
[2024-08-03T10:36:51.808+0000] {processor.py:830} INFO - Processing file /home/airflow/.local/lib/python3.12/site-packages/airflow/example_dags/example_branch_labels.py for tasks to queue
[2024-08-03T10:36:51.821+0000] {logging_mixin.py:188} INFO - [2024-08-03T10:36:51.817+0000] {dagbag.py:545} INFO - Filling up the DagBag from /home/airflow/.local/lib/python3.12/site-packages/airflow/example_dags/example_branch_labels.py
[2024-08-03T10:36:51.902+0000] {processor.py:840} INFO - DAG(s) 'example_branch_labels' retrieved from /home/airflow/.local/lib/python3.12/site-packages/airflow/example_dags/example_branch_labels.py
[2024-08-03T10:36:52.112+0000] {logging_mixin.py:188} INFO - [2024-08-03T10:36:52.110+0000] {dag.py:3089} INFO - Sync 1 DAGs
[2024-08-03T10:36:52.291+0000] {logging_mixin.py:188} INFO - [2024-08-03T10:36:52.287+0000] {dag.py:3947} INFO - Setting next_dagrun for example_branch_labels to 2024-08-02 00:00:00+00:00, run_after=2024-08-03 00:00:00+00:00
[2024-08-03T10:36:52.379+0000] {processor.py:183} INFO - Processing /home/airflow/.local/lib/python3.12/site-packages/airflow/example_dags/example_branch_labels.py took 0.686 seconds
[2024-08-03T11:13:38.793+0000] {processor.py:161} INFO - Started process (PID=7705) to work on /home/airflow/.local/lib/python3.12/site-packages/airflow/example_dags/example_branch_labels.py
[2024-08-03T11:13:38.795+0000] {processor.py:830} INFO - Processing file /home/airflow/.local/lib/python3.12/site-packages/airflow/example_dags/example_branch_labels.py for tasks to queue
[2024-08-03T11:13:38.797+0000] {logging_mixin.py:188} INFO - [2024-08-03T11:13:38.796+0000] {dagbag.py:545} INFO - Filling up the DagBag from /home/airflow/.local/lib/python3.12/site-packages/airflow/example_dags/example_branch_labels.py
[2024-08-03T11:13:38.840+0000] {processor.py:840} INFO - DAG(s) 'example_branch_labels' retrieved from /home/airflow/.local/lib/python3.12/site-packages/airflow/example_dags/example_branch_labels.py
[2024-08-03T11:13:39.267+0000] {logging_mixin.py:188} INFO - [2024-08-03T11:13:39.242+0000] {dag.py:3089} INFO - Sync 1 DAGs
[2024-08-03T11:13:39.602+0000] {logging_mixin.py:188} INFO - [2024-08-03T11:13:39.594+0000] {dag.py:3947} INFO - Setting next_dagrun for example_branch_labels to 2024-08-02 00:00:00+00:00, run_after=2024-08-03 00:00:00+00:00
[2024-08-03T11:13:39.757+0000] {processor.py:183} INFO - Processing /home/airflow/.local/lib/python3.12/site-packages/airflow/example_dags/example_branch_labels.py took 1.005 seconds
[2024-08-03T13:26:44.685+0000] {processor.py:161} INFO - Started process (PID=7789) to work on /home/airflow/.local/lib/python3.12/site-packages/airflow/example_dags/example_branch_labels.py
[2024-08-03T13:26:44.712+0000] {processor.py:830} INFO - Processing file /home/airflow/.local/lib/python3.12/site-packages/airflow/example_dags/example_branch_labels.py for tasks to queue
[2024-08-03T13:26:44.725+0000] {logging_mixin.py:188} INFO - [2024-08-03T13:26:44.718+0000] {dagbag.py:545} INFO - Filling up the DagBag from /home/airflow/.local/lib/python3.12/site-packages/airflow/example_dags/example_branch_labels.py
[2024-08-03T13:26:44.858+0000] {processor.py:840} INFO - DAG(s) 'example_branch_labels' retrieved from /home/airflow/.local/lib/python3.12/site-packages/airflow/example_dags/example_branch_labels.py
[2024-08-03T13:26:45.171+0000] {logging_mixin.py:188} INFO - [2024-08-03T13:26:45.169+0000] {dag.py:3089} INFO - Sync 1 DAGs
[2024-08-03T13:26:45.360+0000] {logging_mixin.py:188} INFO - [2024-08-03T13:26:45.359+0000] {dag.py:3947} INFO - Setting next_dagrun for example_branch_labels to 2024-08-02 00:00:00+00:00, run_after=2024-08-03 00:00:00+00:00
[2024-08-03T13:26:45.460+0000] {processor.py:183} INFO - Processing /home/airflow/.local/lib/python3.12/site-packages/airflow/example_dags/example_branch_labels.py took 0.918 seconds
[2024-08-03T14:17:34.827+0000] {processor.py:161} INFO - Started process (PID=7829) to work on /home/airflow/.local/lib/python3.12/site-packages/airflow/example_dags/example_branch_labels.py
[2024-08-03T14:17:34.840+0000] {processor.py:830} INFO - Processing file /home/airflow/.local/lib/python3.12/site-packages/airflow/example_dags/example_branch_labels.py for tasks to queue
[2024-08-03T14:17:34.845+0000] {logging_mixin.py:188} INFO - [2024-08-03T14:17:34.843+0000] {dagbag.py:545} INFO - Filling up the DagBag from /home/airflow/.local/lib/python3.12/site-packages/airflow/example_dags/example_branch_labels.py
[2024-08-03T14:17:34.910+0000] {processor.py:840} INFO - DAG(s) 'example_branch_labels' retrieved from /home/airflow/.local/lib/python3.12/site-packages/airflow/example_dags/example_branch_labels.py
[2024-08-03T14:17:35.052+0000] {logging_mixin.py:188} INFO - [2024-08-03T14:17:35.051+0000] {dag.py:3089} INFO - Sync 1 DAGs
[2024-08-03T14:17:35.257+0000] {logging_mixin.py:188} INFO - [2024-08-03T14:17:35.247+0000] {dag.py:3947} INFO - Setting next_dagrun for example_branch_labels to 2024-08-02 00:00:00+00:00, run_after=2024-08-03 00:00:00+00:00
[2024-08-03T14:17:35.477+0000] {processor.py:183} INFO - Processing /home/airflow/.local/lib/python3.12/site-packages/airflow/example_dags/example_branch_labels.py took 0.690 seconds
[2024-08-03T14:18:15.301+0000] {processor.py:161} INFO - Started process (PID=7898) to work on /home/airflow/.local/lib/python3.12/site-packages/airflow/example_dags/example_branch_labels.py
[2024-08-03T14:18:15.318+0000] {processor.py:830} INFO - Processing file /home/airflow/.local/lib/python3.12/site-packages/airflow/example_dags/example_branch_labels.py for tasks to queue
[2024-08-03T14:18:15.333+0000] {logging_mixin.py:188} INFO - [2024-08-03T14:18:15.329+0000] {dagbag.py:545} INFO - Filling up the DagBag from /home/airflow/.local/lib/python3.12/site-packages/airflow/example_dags/example_branch_labels.py
[2024-08-03T14:18:15.528+0000] {processor.py:840} INFO - DAG(s) 'example_branch_labels' retrieved from /home/airflow/.local/lib/python3.12/site-packages/airflow/example_dags/example_branch_labels.py
[2024-08-03T14:18:15.877+0000] {logging_mixin.py:188} INFO - [2024-08-03T14:18:15.868+0000] {dag.py:3089} INFO - Sync 1 DAGs
[2024-08-03T14:18:16.106+0000] {logging_mixin.py:188} INFO - [2024-08-03T14:18:16.102+0000] {dag.py:3947} INFO - Setting next_dagrun for example_branch_labels to 2024-08-02 00:00:00+00:00, run_after=2024-08-03 00:00:00+00:00
[2024-08-03T14:18:16.264+0000] {processor.py:183} INFO - Processing /home/airflow/.local/lib/python3.12/site-packages/airflow/example_dags/example_branch_labels.py took 1.064 seconds
[2024-08-03T14:18:46.997+0000] {processor.py:161} INFO - Started process (PID=7971) to work on /home/airflow/.local/lib/python3.12/site-packages/airflow/example_dags/example_branch_labels.py
[2024-08-03T14:18:47.007+0000] {processor.py:830} INFO - Processing file /home/airflow/.local/lib/python3.12/site-packages/airflow/example_dags/example_branch_labels.py for tasks to queue
[2024-08-03T14:18:47.015+0000] {logging_mixin.py:188} INFO - [2024-08-03T14:18:47.011+0000] {dagbag.py:545} INFO - Filling up the DagBag from /home/airflow/.local/lib/python3.12/site-packages/airflow/example_dags/example_branch_labels.py
[2024-08-03T14:18:47.069+0000] {processor.py:840} INFO - DAG(s) 'example_branch_labels' retrieved from /home/airflow/.local/lib/python3.12/site-packages/airflow/example_dags/example_branch_labels.py
[2024-08-03T14:18:47.140+0000] {logging_mixin.py:188} INFO - [2024-08-03T14:18:47.140+0000] {dag.py:3089} INFO - Sync 1 DAGs
[2024-08-03T14:18:47.186+0000] {logging_mixin.py:188} INFO - [2024-08-03T14:18:47.186+0000] {dag.py:3947} INFO - Setting next_dagrun for example_branch_labels to 2024-08-02 00:00:00+00:00, run_after=2024-08-03 00:00:00+00:00
[2024-08-03T14:18:47.224+0000] {processor.py:183} INFO - Processing /home/airflow/.local/lib/python3.12/site-packages/airflow/example_dags/example_branch_labels.py took 0.259 seconds
[2024-08-03T14:36:27.171+0000] {processor.py:161} INFO - Started process (PID=7978) to work on /home/airflow/.local/lib/python3.12/site-packages/airflow/example_dags/example_branch_labels.py
[2024-08-03T14:36:27.174+0000] {processor.py:830} INFO - Processing file /home/airflow/.local/lib/python3.12/site-packages/airflow/example_dags/example_branch_labels.py for tasks to queue
[2024-08-03T14:36:27.178+0000] {logging_mixin.py:188} INFO - [2024-08-03T14:36:27.178+0000] {dagbag.py:545} INFO - Filling up the DagBag from /home/airflow/.local/lib/python3.12/site-packages/airflow/example_dags/example_branch_labels.py
[2024-08-03T14:36:27.193+0000] {processor.py:840} INFO - DAG(s) 'example_branch_labels' retrieved from /home/airflow/.local/lib/python3.12/site-packages/airflow/example_dags/example_branch_labels.py
[2024-08-03T14:36:27.273+0000] {logging_mixin.py:188} INFO - [2024-08-03T14:36:27.272+0000] {dag.py:3089} INFO - Sync 1 DAGs
[2024-08-03T14:36:27.347+0000] {logging_mixin.py:188} INFO - [2024-08-03T14:36:27.346+0000] {dag.py:3947} INFO - Setting next_dagrun for example_branch_labels to 2024-08-02 00:00:00+00:00, run_after=2024-08-03 00:00:00+00:00
[2024-08-03T14:36:27.379+0000] {processor.py:183} INFO - Processing /home/airflow/.local/lib/python3.12/site-packages/airflow/example_dags/example_branch_labels.py took 0.214 seconds
[2024-08-03T14:41:57.612+0000] {processor.py:161} INFO - Started process (PID=8052) to work on /home/airflow/.local/lib/python3.12/site-packages/airflow/example_dags/example_branch_labels.py
[2024-08-03T14:41:57.624+0000] {processor.py:830} INFO - Processing file /home/airflow/.local/lib/python3.12/site-packages/airflow/example_dags/example_branch_labels.py for tasks to queue
[2024-08-03T14:41:57.642+0000] {logging_mixin.py:188} INFO - [2024-08-03T14:41:57.636+0000] {dagbag.py:545} INFO - Filling up the DagBag from /home/airflow/.local/lib/python3.12/site-packages/airflow/example_dags/example_branch_labels.py
[2024-08-03T14:41:57.754+0000] {processor.py:840} INFO - DAG(s) 'example_branch_labels' retrieved from /home/airflow/.local/lib/python3.12/site-packages/airflow/example_dags/example_branch_labels.py
[2024-08-03T14:41:58.152+0000] {logging_mixin.py:188} INFO - [2024-08-03T14:41:58.151+0000] {dag.py:3089} INFO - Sync 1 DAGs
[2024-08-03T14:41:58.379+0000] {logging_mixin.py:188} INFO - [2024-08-03T14:41:58.374+0000] {dag.py:3947} INFO - Setting next_dagrun for example_branch_labels to 2024-08-02 00:00:00+00:00, run_after=2024-08-03 00:00:00+00:00
[2024-08-03T14:41:58.563+0000] {processor.py:183} INFO - Processing /home/airflow/.local/lib/python3.12/site-packages/airflow/example_dags/example_branch_labels.py took 1.016 seconds
[2024-08-03T14:42:29.647+0000] {processor.py:161} INFO - Started process (PID=8117) to work on /home/airflow/.local/lib/python3.12/site-packages/airflow/example_dags/example_branch_labels.py
[2024-08-03T14:42:29.657+0000] {processor.py:830} INFO - Processing file /home/airflow/.local/lib/python3.12/site-packages/airflow/example_dags/example_branch_labels.py for tasks to queue
[2024-08-03T14:42:29.664+0000] {logging_mixin.py:188} INFO - [2024-08-03T14:42:29.662+0000] {dagbag.py:545} INFO - Filling up the DagBag from /home/airflow/.local/lib/python3.12/site-packages/airflow/example_dags/example_branch_labels.py
[2024-08-03T14:42:29.707+0000] {processor.py:840} INFO - DAG(s) 'example_branch_labels' retrieved from /home/airflow/.local/lib/python3.12/site-packages/airflow/example_dags/example_branch_labels.py
[2024-08-03T14:42:29.811+0000] {logging_mixin.py:188} INFO - [2024-08-03T14:42:29.810+0000] {dag.py:3089} INFO - Sync 1 DAGs
[2024-08-03T14:42:29.889+0000] {logging_mixin.py:188} INFO - [2024-08-03T14:42:29.889+0000] {dag.py:3947} INFO - Setting next_dagrun for example_branch_labels to 2024-08-02 00:00:00+00:00, run_after=2024-08-03 00:00:00+00:00
[2024-08-03T14:42:29.935+0000] {processor.py:183} INFO - Processing /home/airflow/.local/lib/python3.12/site-packages/airflow/example_dags/example_branch_labels.py took 0.310 seconds
[2024-08-03T14:43:00.152+0000] {processor.py:161} INFO - Started process (PID=8176) to work on /home/airflow/.local/lib/python3.12/site-packages/airflow/example_dags/example_branch_labels.py
[2024-08-03T14:43:00.154+0000] {processor.py:830} INFO - Processing file /home/airflow/.local/lib/python3.12/site-packages/airflow/example_dags/example_branch_labels.py for tasks to queue
[2024-08-03T14:43:00.154+0000] {logging_mixin.py:188} INFO - [2024-08-03T14:43:00.154+0000] {dagbag.py:545} INFO - Filling up the DagBag from /home/airflow/.local/lib/python3.12/site-packages/airflow/example_dags/example_branch_labels.py
[2024-08-03T14:43:00.169+0000] {processor.py:840} INFO - DAG(s) 'example_branch_labels' retrieved from /home/airflow/.local/lib/python3.12/site-packages/airflow/example_dags/example_branch_labels.py
[2024-08-03T14:43:00.196+0000] {logging_mixin.py:188} INFO - [2024-08-03T14:43:00.196+0000] {dag.py:3089} INFO - Sync 1 DAGs
[2024-08-03T14:43:00.212+0000] {logging_mixin.py:188} INFO - [2024-08-03T14:43:00.212+0000] {dag.py:3947} INFO - Setting next_dagrun for example_branch_labels to 2024-08-02 00:00:00+00:00, run_after=2024-08-03 00:00:00+00:00
[2024-08-03T14:43:00.221+0000] {processor.py:183} INFO - Processing /home/airflow/.local/lib/python3.12/site-packages/airflow/example_dags/example_branch_labels.py took 0.076 seconds
[2024-08-03T14:43:30.571+0000] {processor.py:161} INFO - Started process (PID=8247) to work on /home/airflow/.local/lib/python3.12/site-packages/airflow/example_dags/example_branch_labels.py
[2024-08-03T14:43:30.573+0000] {processor.py:830} INFO - Processing file /home/airflow/.local/lib/python3.12/site-packages/airflow/example_dags/example_branch_labels.py for tasks to queue
[2024-08-03T14:43:30.573+0000] {logging_mixin.py:188} INFO - [2024-08-03T14:43:30.573+0000] {dagbag.py:545} INFO - Filling up the DagBag from /home/airflow/.local/lib/python3.12/site-packages/airflow/example_dags/example_branch_labels.py
[2024-08-03T14:43:30.580+0000] {processor.py:840} INFO - DAG(s) 'example_branch_labels' retrieved from /home/airflow/.local/lib/python3.12/site-packages/airflow/example_dags/example_branch_labels.py
[2024-08-03T14:43:30.635+0000] {logging_mixin.py:188} INFO - [2024-08-03T14:43:30.634+0000] {dag.py:3089} INFO - Sync 1 DAGs
[2024-08-03T14:43:30.671+0000] {logging_mixin.py:188} INFO - [2024-08-03T14:43:30.671+0000] {dag.py:3947} INFO - Setting next_dagrun for example_branch_labels to 2024-08-02 00:00:00+00:00, run_after=2024-08-03 00:00:00+00:00
[2024-08-03T14:43:30.709+0000] {processor.py:183} INFO - Processing /home/airflow/.local/lib/python3.12/site-packages/airflow/example_dags/example_branch_labels.py took 0.144 seconds
[2024-08-03T14:44:01.706+0000] {processor.py:161} INFO - Started process (PID=8311) to work on /home/airflow/.local/lib/python3.12/site-packages/airflow/example_dags/example_branch_labels.py
[2024-08-03T14:44:01.708+0000] {processor.py:830} INFO - Processing file /home/airflow/.local/lib/python3.12/site-packages/airflow/example_dags/example_branch_labels.py for tasks to queue
[2024-08-03T14:44:01.709+0000] {logging_mixin.py:188} INFO - [2024-08-03T14:44:01.709+0000] {dagbag.py:545} INFO - Filling up the DagBag from /home/airflow/.local/lib/python3.12/site-packages/airflow/example_dags/example_branch_labels.py
[2024-08-03T14:44:01.722+0000] {processor.py:840} INFO - DAG(s) 'example_branch_labels' retrieved from /home/airflow/.local/lib/python3.12/site-packages/airflow/example_dags/example_branch_labels.py
[2024-08-03T14:44:01.756+0000] {logging_mixin.py:188} INFO - [2024-08-03T14:44:01.755+0000] {dag.py:3089} INFO - Sync 1 DAGs
[2024-08-03T14:44:01.777+0000] {logging_mixin.py:188} INFO - [2024-08-03T14:44:01.776+0000] {dag.py:3947} INFO - Setting next_dagrun for example_branch_labels to 2024-08-02 00:00:00+00:00, run_after=2024-08-03 00:00:00+00:00
[2024-08-03T14:44:01.792+0000] {processor.py:183} INFO - Processing /home/airflow/.local/lib/python3.12/site-packages/airflow/example_dags/example_branch_labels.py took 0.092 seconds
[2024-08-03T15:05:38.475+0000] {processor.py:161} INFO - Started process (PID=8322) to work on /home/airflow/.local/lib/python3.12/site-packages/airflow/example_dags/example_branch_labels.py
[2024-08-03T15:05:38.477+0000] {processor.py:830} INFO - Processing file /home/airflow/.local/lib/python3.12/site-packages/airflow/example_dags/example_branch_labels.py for tasks to queue
[2024-08-03T15:05:38.478+0000] {logging_mixin.py:188} INFO - [2024-08-03T15:05:38.478+0000] {dagbag.py:545} INFO - Filling up the DagBag from /home/airflow/.local/lib/python3.12/site-packages/airflow/example_dags/example_branch_labels.py
[2024-08-03T15:05:38.486+0000] {processor.py:840} INFO - DAG(s) 'example_branch_labels' retrieved from /home/airflow/.local/lib/python3.12/site-packages/airflow/example_dags/example_branch_labels.py
[2024-08-03T15:05:38.514+0000] {logging_mixin.py:188} INFO - [2024-08-03T15:05:38.513+0000] {dag.py:3089} INFO - Sync 1 DAGs
[2024-08-03T15:05:38.549+0000] {logging_mixin.py:188} INFO - [2024-08-03T15:05:38.549+0000] {dag.py:3947} INFO - Setting next_dagrun for example_branch_labels to 2024-08-02 00:00:00+00:00, run_after=2024-08-03 00:00:00+00:00
[2024-08-03T15:05:38.613+0000] {processor.py:183} INFO - Processing /home/airflow/.local/lib/python3.12/site-packages/airflow/example_dags/example_branch_labels.py took 0.156 seconds
[2024-08-03T15:55:05.166+0000] {processor.py:161} INFO - Started process (PID=8401) to work on /home/airflow/.local/lib/python3.12/site-packages/airflow/example_dags/example_branch_labels.py
[2024-08-03T15:55:05.205+0000] {processor.py:830} INFO - Processing file /home/airflow/.local/lib/python3.12/site-packages/airflow/example_dags/example_branch_labels.py for tasks to queue
[2024-08-03T15:55:05.245+0000] {logging_mixin.py:188} INFO - [2024-08-03T15:55:05.219+0000] {dagbag.py:545} INFO - Filling up the DagBag from /home/airflow/.local/lib/python3.12/site-packages/airflow/example_dags/example_branch_labels.py
[2024-08-03T15:55:05.443+0000] {processor.py:840} INFO - DAG(s) 'example_branch_labels' retrieved from /home/airflow/.local/lib/python3.12/site-packages/airflow/example_dags/example_branch_labels.py
[2024-08-03T15:55:06.126+0000] {logging_mixin.py:188} INFO - [2024-08-03T15:55:06.116+0000] {dag.py:3089} INFO - Sync 1 DAGs
[2024-08-03T15:55:06.399+0000] {logging_mixin.py:188} INFO - [2024-08-03T15:55:06.397+0000] {dag.py:3947} INFO - Setting next_dagrun for example_branch_labels to 2024-08-02 00:00:00+00:00, run_after=2024-08-03 00:00:00+00:00
[2024-08-03T15:55:06.543+0000] {processor.py:183} INFO - Processing /home/airflow/.local/lib/python3.12/site-packages/airflow/example_dags/example_branch_labels.py took 1.498 seconds
[2024-08-03T17:01:21.463+0000] {processor.py:161} INFO - Started process (PID=8439) to work on /home/airflow/.local/lib/python3.12/site-packages/airflow/example_dags/example_branch_labels.py
[2024-08-03T17:01:21.466+0000] {processor.py:830} INFO - Processing file /home/airflow/.local/lib/python3.12/site-packages/airflow/example_dags/example_branch_labels.py for tasks to queue
[2024-08-03T17:01:21.468+0000] {logging_mixin.py:188} INFO - [2024-08-03T17:01:21.467+0000] {dagbag.py:545} INFO - Filling up the DagBag from /home/airflow/.local/lib/python3.12/site-packages/airflow/example_dags/example_branch_labels.py
[2024-08-03T17:01:21.488+0000] {processor.py:840} INFO - DAG(s) 'example_branch_labels' retrieved from /home/airflow/.local/lib/python3.12/site-packages/airflow/example_dags/example_branch_labels.py
[2024-08-03T17:01:21.569+0000] {logging_mixin.py:188} INFO - [2024-08-03T17:01:21.569+0000] {dag.py:3089} INFO - Sync 1 DAGs
[2024-08-03T17:01:21.623+0000] {logging_mixin.py:188} INFO - [2024-08-03T17:01:21.622+0000] {dag.py:3947} INFO - Setting next_dagrun for example_branch_labels to 2024-08-02 00:00:00+00:00, run_after=2024-08-03 00:00:00+00:00
[2024-08-03T17:01:21.654+0000] {processor.py:183} INFO - Processing /home/airflow/.local/lib/python3.12/site-packages/airflow/example_dags/example_branch_labels.py took 0.200 seconds
[2024-08-03T17:24:35.424+0000] {processor.py:161} INFO - Started process (PID=8509) to work on /home/airflow/.local/lib/python3.12/site-packages/airflow/example_dags/example_branch_labels.py
[2024-08-03T17:24:35.429+0000] {processor.py:830} INFO - Processing file /home/airflow/.local/lib/python3.12/site-packages/airflow/example_dags/example_branch_labels.py for tasks to queue
[2024-08-03T17:24:35.434+0000] {logging_mixin.py:188} INFO - [2024-08-03T17:24:35.432+0000] {dagbag.py:545} INFO - Filling up the DagBag from /home/airflow/.local/lib/python3.12/site-packages/airflow/example_dags/example_branch_labels.py
[2024-08-03T17:24:35.539+0000] {processor.py:840} INFO - DAG(s) 'example_branch_labels' retrieved from /home/airflow/.local/lib/python3.12/site-packages/airflow/example_dags/example_branch_labels.py
[2024-08-03T17:24:35.751+0000] {logging_mixin.py:188} INFO - [2024-08-03T17:24:35.749+0000] {dag.py:3089} INFO - Sync 1 DAGs
[2024-08-03T17:24:36.118+0000] {logging_mixin.py:188} INFO - [2024-08-03T17:24:36.116+0000] {dag.py:3947} INFO - Setting next_dagrun for example_branch_labels to 2024-08-02 00:00:00+00:00, run_after=2024-08-03 00:00:00+00:00
[2024-08-03T17:24:36.366+0000] {processor.py:183} INFO - Processing /home/airflow/.local/lib/python3.12/site-packages/airflow/example_dags/example_branch_labels.py took 1.007 seconds
[2024-08-03T17:25:07.211+0000] {processor.py:161} INFO - Started process (PID=8570) to work on /home/airflow/.local/lib/python3.12/site-packages/airflow/example_dags/example_branch_labels.py
[2024-08-03T17:25:07.212+0000] {processor.py:830} INFO - Processing file /home/airflow/.local/lib/python3.12/site-packages/airflow/example_dags/example_branch_labels.py for tasks to queue
[2024-08-03T17:25:07.214+0000] {logging_mixin.py:188} INFO - [2024-08-03T17:25:07.213+0000] {dagbag.py:545} INFO - Filling up the DagBag from /home/airflow/.local/lib/python3.12/site-packages/airflow/example_dags/example_branch_labels.py
[2024-08-03T17:25:07.222+0000] {processor.py:840} INFO - DAG(s) 'example_branch_labels' retrieved from /home/airflow/.local/lib/python3.12/site-packages/airflow/example_dags/example_branch_labels.py
[2024-08-03T17:25:07.242+0000] {logging_mixin.py:188} INFO - [2024-08-03T17:25:07.242+0000] {dag.py:3089} INFO - Sync 1 DAGs
[2024-08-03T17:25:07.253+0000] {logging_mixin.py:188} INFO - [2024-08-03T17:25:07.253+0000] {dag.py:3947} INFO - Setting next_dagrun for example_branch_labels to 2024-08-02 00:00:00+00:00, run_after=2024-08-03 00:00:00+00:00
[2024-08-03T17:25:07.262+0000] {processor.py:183} INFO - Processing /home/airflow/.local/lib/python3.12/site-packages/airflow/example_dags/example_branch_labels.py took 0.062 seconds
[2024-08-03T17:26:27.413+0000] {processor.py:161} INFO - Started process (PID=8611) to work on /home/airflow/.local/lib/python3.12/site-packages/airflow/example_dags/example_branch_labels.py
[2024-08-03T17:26:27.416+0000] {processor.py:830} INFO - Processing file /home/airflow/.local/lib/python3.12/site-packages/airflow/example_dags/example_branch_labels.py for tasks to queue
[2024-08-03T17:26:27.418+0000] {logging_mixin.py:188} INFO - [2024-08-03T17:26:27.417+0000] {dagbag.py:545} INFO - Filling up the DagBag from /home/airflow/.local/lib/python3.12/site-packages/airflow/example_dags/example_branch_labels.py
[2024-08-03T17:26:27.433+0000] {processor.py:840} INFO - DAG(s) 'example_branch_labels' retrieved from /home/airflow/.local/lib/python3.12/site-packages/airflow/example_dags/example_branch_labels.py
[2024-08-03T17:26:27.504+0000] {logging_mixin.py:188} INFO - [2024-08-03T17:26:27.503+0000] {dag.py:3089} INFO - Sync 1 DAGs
[2024-08-03T17:26:27.582+0000] {logging_mixin.py:188} INFO - [2024-08-03T17:26:27.581+0000] {dag.py:3947} INFO - Setting next_dagrun for example_branch_labels to 2024-08-02 00:00:00+00:00, run_after=2024-08-03 00:00:00+00:00
[2024-08-03T17:26:27.618+0000] {processor.py:183} INFO - Processing /home/airflow/.local/lib/python3.12/site-packages/airflow/example_dags/example_branch_labels.py took 0.214 seconds
[2024-08-03T17:26:57.722+0000] {processor.py:161} INFO - Started process (PID=8669) to work on /home/airflow/.local/lib/python3.12/site-packages/airflow/example_dags/example_branch_labels.py
[2024-08-03T17:26:57.723+0000] {processor.py:830} INFO - Processing file /home/airflow/.local/lib/python3.12/site-packages/airflow/example_dags/example_branch_labels.py for tasks to queue
[2024-08-03T17:26:57.724+0000] {logging_mixin.py:188} INFO - [2024-08-03T17:26:57.724+0000] {dagbag.py:545} INFO - Filling up the DagBag from /home/airflow/.local/lib/python3.12/site-packages/airflow/example_dags/example_branch_labels.py
[2024-08-03T17:26:57.731+0000] {processor.py:840} INFO - DAG(s) 'example_branch_labels' retrieved from /home/airflow/.local/lib/python3.12/site-packages/airflow/example_dags/example_branch_labels.py
[2024-08-03T17:26:57.743+0000] {logging_mixin.py:188} INFO - [2024-08-03T17:26:57.743+0000] {dag.py:3089} INFO - Sync 1 DAGs
[2024-08-03T17:26:57.754+0000] {logging_mixin.py:188} INFO - [2024-08-03T17:26:57.754+0000] {dag.py:3947} INFO - Setting next_dagrun for example_branch_labels to 2024-08-02 00:00:00+00:00, run_after=2024-08-03 00:00:00+00:00
[2024-08-03T17:26:57.762+0000] {processor.py:183} INFO - Processing /home/airflow/.local/lib/python3.12/site-packages/airflow/example_dags/example_branch_labels.py took 0.046 seconds
[2024-08-03T17:49:25.597+0000] {processor.py:161} INFO - Started process (PID=8740) to work on /home/airflow/.local/lib/python3.12/site-packages/airflow/example_dags/example_branch_labels.py
[2024-08-03T17:49:25.604+0000] {processor.py:830} INFO - Processing file /home/airflow/.local/lib/python3.12/site-packages/airflow/example_dags/example_branch_labels.py for tasks to queue
[2024-08-03T17:49:25.610+0000] {logging_mixin.py:188} INFO - [2024-08-03T17:49:25.606+0000] {dagbag.py:545} INFO - Filling up the DagBag from /home/airflow/.local/lib/python3.12/site-packages/airflow/example_dags/example_branch_labels.py
[2024-08-03T17:49:25.696+0000] {processor.py:840} INFO - DAG(s) 'example_branch_labels' retrieved from /home/airflow/.local/lib/python3.12/site-packages/airflow/example_dags/example_branch_labels.py
[2024-08-03T17:49:26.044+0000] {logging_mixin.py:188} INFO - [2024-08-03T17:49:26.042+0000] {dag.py:3089} INFO - Sync 1 DAGs
[2024-08-03T17:49:26.265+0000] {logging_mixin.py:188} INFO - [2024-08-03T17:49:26.265+0000] {dag.py:3947} INFO - Setting next_dagrun for example_branch_labels to 2024-08-02 00:00:00+00:00, run_after=2024-08-03 00:00:00+00:00
[2024-08-03T17:49:26.407+0000] {processor.py:183} INFO - Processing /home/airflow/.local/lib/python3.12/site-packages/airflow/example_dags/example_branch_labels.py took 0.865 seconds
[2024-08-03T18:23:25.778+0000] {processor.py:161} INFO - Started process (PID=8801) to work on /home/airflow/.local/lib/python3.12/site-packages/airflow/example_dags/example_branch_labels.py
[2024-08-03T18:23:25.821+0000] {processor.py:830} INFO - Processing file /home/airflow/.local/lib/python3.12/site-packages/airflow/example_dags/example_branch_labels.py for tasks to queue
[2024-08-03T18:23:25.858+0000] {logging_mixin.py:188} INFO - [2024-08-03T18:23:25.842+0000] {dagbag.py:545} INFO - Filling up the DagBag from /home/airflow/.local/lib/python3.12/site-packages/airflow/example_dags/example_branch_labels.py
[2024-08-03T18:23:26.103+0000] {processor.py:840} INFO - DAG(s) 'example_branch_labels' retrieved from /home/airflow/.local/lib/python3.12/site-packages/airflow/example_dags/example_branch_labels.py
[2024-08-03T18:23:26.472+0000] {logging_mixin.py:188} INFO - [2024-08-03T18:23:26.445+0000] {dag.py:3089} INFO - Sync 1 DAGs
[2024-08-03T18:23:26.599+0000] {logging_mixin.py:188} INFO - [2024-08-03T18:23:26.599+0000] {dag.py:3947} INFO - Setting next_dagrun for example_branch_labels to 2024-08-02 00:00:00+00:00, run_after=2024-08-03 00:00:00+00:00
[2024-08-03T18:23:26.706+0000] {processor.py:183} INFO - Processing /home/airflow/.local/lib/python3.12/site-packages/airflow/example_dags/example_branch_labels.py took 1.098 seconds
[2024-08-03T19:08:36.805+0000] {processor.py:161} INFO - Started process (PID=8844) to work on /home/airflow/.local/lib/python3.12/site-packages/airflow/example_dags/example_branch_labels.py
[2024-08-03T19:08:36.806+0000] {processor.py:830} INFO - Processing file /home/airflow/.local/lib/python3.12/site-packages/airflow/example_dags/example_branch_labels.py for tasks to queue
[2024-08-03T19:08:36.806+0000] {logging_mixin.py:188} INFO - [2024-08-03T19:08:36.806+0000] {dagbag.py:545} INFO - Filling up the DagBag from /home/airflow/.local/lib/python3.12/site-packages/airflow/example_dags/example_branch_labels.py
[2024-08-03T19:08:36.813+0000] {processor.py:840} INFO - DAG(s) 'example_branch_labels' retrieved from /home/airflow/.local/lib/python3.12/site-packages/airflow/example_dags/example_branch_labels.py
[2024-08-03T19:08:36.833+0000] {logging_mixin.py:188} INFO - [2024-08-03T19:08:36.832+0000] {dag.py:3089} INFO - Sync 1 DAGs
[2024-08-03T19:08:36.856+0000] {logging_mixin.py:188} INFO - [2024-08-03T19:08:36.856+0000] {dag.py:3947} INFO - Setting next_dagrun for example_branch_labels to 2024-08-02 00:00:00+00:00, run_after=2024-08-03 00:00:00+00:00
[2024-08-03T19:08:36.882+0000] {processor.py:183} INFO - Processing /home/airflow/.local/lib/python3.12/site-packages/airflow/example_dags/example_branch_labels.py took 0.083 seconds
[2024-08-03T20:16:11.464+0000] {processor.py:161} INFO - Started process (PID=8913) to work on /home/airflow/.local/lib/python3.12/site-packages/airflow/example_dags/example_branch_labels.py
[2024-08-03T20:16:11.490+0000] {processor.py:830} INFO - Processing file /home/airflow/.local/lib/python3.12/site-packages/airflow/example_dags/example_branch_labels.py for tasks to queue
[2024-08-03T20:16:11.511+0000] {logging_mixin.py:188} INFO - [2024-08-03T20:16:11.504+0000] {dagbag.py:545} INFO - Filling up the DagBag from /home/airflow/.local/lib/python3.12/site-packages/airflow/example_dags/example_branch_labels.py
[2024-08-03T20:16:11.739+0000] {processor.py:840} INFO - DAG(s) 'example_branch_labels' retrieved from /home/airflow/.local/lib/python3.12/site-packages/airflow/example_dags/example_branch_labels.py
[2024-08-03T20:16:12.360+0000] {logging_mixin.py:188} INFO - [2024-08-03T20:16:12.356+0000] {dag.py:3089} INFO - Sync 1 DAGs
[2024-08-03T20:16:12.649+0000] {logging_mixin.py:188} INFO - [2024-08-03T20:16:12.649+0000] {dag.py:3947} INFO - Setting next_dagrun for example_branch_labels to 2024-08-02 00:00:00+00:00, run_after=2024-08-03 00:00:00+00:00
[2024-08-03T20:16:12.787+0000] {processor.py:183} INFO - Processing /home/airflow/.local/lib/python3.12/site-packages/airflow/example_dags/example_branch_labels.py took 1.509 seconds
[2024-08-03T21:24:40.480+0000] {processor.py:161} INFO - Started process (PID=8961) to work on /home/airflow/.local/lib/python3.12/site-packages/airflow/example_dags/example_branch_labels.py
[2024-08-03T21:24:40.487+0000] {processor.py:830} INFO - Processing file /home/airflow/.local/lib/python3.12/site-packages/airflow/example_dags/example_branch_labels.py for tasks to queue
[2024-08-03T21:24:40.492+0000] {logging_mixin.py:188} INFO - [2024-08-03T21:24:40.491+0000] {dagbag.py:545} INFO - Filling up the DagBag from /home/airflow/.local/lib/python3.12/site-packages/airflow/example_dags/example_branch_labels.py
[2024-08-03T21:24:40.504+0000] {processor.py:840} INFO - DAG(s) 'example_branch_labels' retrieved from /home/airflow/.local/lib/python3.12/site-packages/airflow/example_dags/example_branch_labels.py
[2024-08-03T21:24:40.550+0000] {logging_mixin.py:188} INFO - [2024-08-03T21:24:40.550+0000] {dag.py:3089} INFO - Sync 1 DAGs
[2024-08-03T21:24:40.595+0000] {logging_mixin.py:188} INFO - [2024-08-03T21:24:40.594+0000] {dag.py:3947} INFO - Setting next_dagrun for example_branch_labels to 2024-08-02 00:00:00+00:00, run_after=2024-08-03 00:00:00+00:00
[2024-08-03T21:24:40.621+0000] {processor.py:183} INFO - Processing /home/airflow/.local/lib/python3.12/site-packages/airflow/example_dags/example_branch_labels.py took 0.158 seconds
[2024-08-03T22:28:45.434+0000] {processor.py:161} INFO - Started process (PID=9030) to work on /home/airflow/.local/lib/python3.12/site-packages/airflow/example_dags/example_branch_labels.py
[2024-08-03T22:28:45.452+0000] {processor.py:830} INFO - Processing file /home/airflow/.local/lib/python3.12/site-packages/airflow/example_dags/example_branch_labels.py for tasks to queue
[2024-08-03T22:28:45.490+0000] {logging_mixin.py:188} INFO - [2024-08-03T22:28:45.466+0000] {dagbag.py:545} INFO - Filling up the DagBag from /home/airflow/.local/lib/python3.12/site-packages/airflow/example_dags/example_branch_labels.py
[2024-08-03T22:28:45.964+0000] {processor.py:840} INFO - DAG(s) 'example_branch_labels' retrieved from /home/airflow/.local/lib/python3.12/site-packages/airflow/example_dags/example_branch_labels.py
[2024-08-03T22:28:48.824+0000] {logging_mixin.py:188} INFO - [2024-08-03T22:28:48.800+0000] {dag.py:3089} INFO - Sync 1 DAGs
[2024-08-03T22:28:49.478+0000] {logging_mixin.py:188} INFO - [2024-08-03T22:28:49.475+0000] {dag.py:3947} INFO - Setting next_dagrun for example_branch_labels to 2024-08-02 00:00:00+00:00, run_after=2024-08-03 00:00:00+00:00
[2024-08-03T22:28:49.712+0000] {processor.py:183} INFO - Processing /home/airflow/.local/lib/python3.12/site-packages/airflow/example_dags/example_branch_labels.py took 4.425 seconds
