[2024-08-03T00:03:16.393+0000] {processor.py:161} INFO - Started process (PID=7187) to work on /home/airflow/.local/lib/python3.12/site-packages/airflow/example_dags/example_latest_only_with_trigger.py
[2024-08-03T00:03:16.422+0000] {processor.py:830} INFO - Processing file /home/airflow/.local/lib/python3.12/site-packages/airflow/example_dags/example_latest_only_with_trigger.py for tasks to queue
[2024-08-03T00:03:16.446+0000] {logging_mixin.py:188} INFO - [2024-08-03T00:03:16.433+0000] {dagbag.py:545} INFO - Filling up the DagBag from /home/airflow/.local/lib/python3.12/site-packages/airflow/example_dags/example_latest_only_with_trigger.py
[2024-08-03T00:03:16.558+0000] {processor.py:840} INFO - DAG(s) 'latest_only_with_trigger' retrieved from /home/airflow/.local/lib/python3.12/site-packages/airflow/example_dags/example_latest_only_with_trigger.py
[2024-08-03T00:03:17.244+0000] {logging_mixin.py:188} INFO - [2024-08-03T00:03:17.235+0000] {dag.py:3089} INFO - Sync 1 DAGs
[2024-08-03T00:03:17.540+0000] {logging_mixin.py:188} INFO - [2024-08-03T00:03:17.537+0000] {dag.py:3947} INFO - Setting next_dagrun for latest_only_with_trigger to 2024-08-02 20:00:00+00:00, run_after=2024-08-03 00:00:00+00:00
[2024-08-03T00:03:18.043+0000] {processor.py:183} INFO - Processing /home/airflow/.local/lib/python3.12/site-packages/airflow/example_dags/example_latest_only_with_trigger.py took 1.721 seconds
[2024-08-03T03:17:18.855+0000] {processor.py:161} INFO - Started process (PID=7312) to work on /home/airflow/.local/lib/python3.12/site-packages/airflow/example_dags/example_latest_only_with_trigger.py
[2024-08-03T03:17:18.879+0000] {processor.py:830} INFO - Processing file /home/airflow/.local/lib/python3.12/site-packages/airflow/example_dags/example_latest_only_with_trigger.py for tasks to queue
[2024-08-03T03:17:18.883+0000] {logging_mixin.py:188} INFO - [2024-08-03T03:17:18.881+0000] {dagbag.py:545} INFO - Filling up the DagBag from /home/airflow/.local/lib/python3.12/site-packages/airflow/example_dags/example_latest_only_with_trigger.py
[2024-08-03T03:17:19.029+0000] {processor.py:840} INFO - DAG(s) 'latest_only_with_trigger' retrieved from /home/airflow/.local/lib/python3.12/site-packages/airflow/example_dags/example_latest_only_with_trigger.py
[2024-08-03T03:17:19.645+0000] {logging_mixin.py:188} INFO - [2024-08-03T03:17:19.639+0000] {dag.py:3089} INFO - Sync 1 DAGs
[2024-08-03T03:17:20.050+0000] {logging_mixin.py:188} INFO - [2024-08-03T03:17:20.041+0000] {dag.py:3947} INFO - Setting next_dagrun for latest_only_with_trigger to 2024-08-02 20:00:00+00:00, run_after=2024-08-03 00:00:00+00:00
[2024-08-03T03:17:20.195+0000] {processor.py:183} INFO - Processing /home/airflow/.local/lib/python3.12/site-packages/airflow/example_dags/example_latest_only_with_trigger.py took 1.412 seconds
[2024-08-03T03:24:44.296+0000] {processor.py:161} INFO - Started process (PID=7401) to work on /home/airflow/.local/lib/python3.12/site-packages/airflow/example_dags/example_latest_only_with_trigger.py
[2024-08-03T03:24:44.326+0000] {processor.py:830} INFO - Processing file /home/airflow/.local/lib/python3.12/site-packages/airflow/example_dags/example_latest_only_with_trigger.py for tasks to queue
[2024-08-03T03:24:44.336+0000] {logging_mixin.py:188} INFO - [2024-08-03T03:24:44.329+0000] {dagbag.py:545} INFO - Filling up the DagBag from /home/airflow/.local/lib/python3.12/site-packages/airflow/example_dags/example_latest_only_with_trigger.py
[2024-08-03T03:24:44.503+0000] {processor.py:840} INFO - DAG(s) 'latest_only_with_trigger' retrieved from /home/airflow/.local/lib/python3.12/site-packages/airflow/example_dags/example_latest_only_with_trigger.py
[2024-08-03T03:24:45.033+0000] {logging_mixin.py:188} INFO - [2024-08-03T03:24:45.024+0000] {dag.py:3089} INFO - Sync 1 DAGs
[2024-08-03T03:24:45.408+0000] {logging_mixin.py:188} INFO - [2024-08-03T03:24:45.401+0000] {dag.py:3947} INFO - Setting next_dagrun for latest_only_with_trigger to 2024-08-02 20:00:00+00:00, run_after=2024-08-03 00:00:00+00:00
[2024-08-03T03:24:45.626+0000] {processor.py:183} INFO - Processing /home/airflow/.local/lib/python3.12/site-packages/airflow/example_dags/example_latest_only_with_trigger.py took 1.435 seconds
[2024-08-03T06:47:56.679+0000] {processor.py:161} INFO - Started process (PID=7473) to work on /home/airflow/.local/lib/python3.12/site-packages/airflow/example_dags/example_latest_only_with_trigger.py
[2024-08-03T06:47:56.718+0000] {processor.py:830} INFO - Processing file /home/airflow/.local/lib/python3.12/site-packages/airflow/example_dags/example_latest_only_with_trigger.py for tasks to queue
[2024-08-03T06:47:56.750+0000] {logging_mixin.py:188} INFO - [2024-08-03T06:47:56.747+0000] {dagbag.py:545} INFO - Filling up the DagBag from /home/airflow/.local/lib/python3.12/site-packages/airflow/example_dags/example_latest_only_with_trigger.py
[2024-08-03T06:47:57.012+0000] {processor.py:840} INFO - DAG(s) 'latest_only_with_trigger' retrieved from /home/airflow/.local/lib/python3.12/site-packages/airflow/example_dags/example_latest_only_with_trigger.py
[2024-08-03T06:47:57.597+0000] {logging_mixin.py:188} INFO - [2024-08-03T06:47:57.591+0000] {dag.py:3089} INFO - Sync 1 DAGs
[2024-08-03T06:47:57.995+0000] {logging_mixin.py:188} INFO - [2024-08-03T06:47:57.994+0000] {dag.py:3947} INFO - Setting next_dagrun for latest_only_with_trigger to 2024-08-03 00:00:00+00:00, run_after=2024-08-03 04:00:00+00:00
[2024-08-03T06:47:58.251+0000] {processor.py:183} INFO - Processing /home/airflow/.local/lib/python3.12/site-packages/airflow/example_dags/example_latest_only_with_trigger.py took 1.822 seconds
[2024-08-03T09:03:23.623+0000] {processor.py:161} INFO - Started process (PID=7585) to work on /home/airflow/.local/lib/python3.12/site-packages/airflow/example_dags/example_latest_only_with_trigger.py
[2024-08-03T09:03:23.638+0000] {processor.py:830} INFO - Processing file /home/airflow/.local/lib/python3.12/site-packages/airflow/example_dags/example_latest_only_with_trigger.py for tasks to queue
[2024-08-03T09:03:23.645+0000] {logging_mixin.py:188} INFO - [2024-08-03T09:03:23.643+0000] {dagbag.py:545} INFO - Filling up the DagBag from /home/airflow/.local/lib/python3.12/site-packages/airflow/example_dags/example_latest_only_with_trigger.py
[2024-08-03T09:03:23.714+0000] {processor.py:840} INFO - DAG(s) 'latest_only_with_trigger' retrieved from /home/airflow/.local/lib/python3.12/site-packages/airflow/example_dags/example_latest_only_with_trigger.py
[2024-08-03T09:03:24.595+0000] {logging_mixin.py:188} INFO - [2024-08-03T09:03:24.526+0000] {dag.py:3089} INFO - Sync 1 DAGs
[2024-08-03T09:03:25.089+0000] {logging_mixin.py:188} INFO - [2024-08-03T09:03:25.082+0000] {dag.py:3947} INFO - Setting next_dagrun for latest_only_with_trigger to 2024-08-03 04:00:00+00:00, run_after=2024-08-03 08:00:00+00:00
[2024-08-03T09:03:25.534+0000] {processor.py:183} INFO - Processing /home/airflow/.local/lib/python3.12/site-packages/airflow/example_dags/example_latest_only_with_trigger.py took 1.952 seconds
[2024-08-03T10:36:48.387+0000] {processor.py:161} INFO - Started process (PID=7665) to work on /home/airflow/.local/lib/python3.12/site-packages/airflow/example_dags/example_latest_only_with_trigger.py
[2024-08-03T10:36:48.391+0000] {processor.py:830} INFO - Processing file /home/airflow/.local/lib/python3.12/site-packages/airflow/example_dags/example_latest_only_with_trigger.py for tasks to queue
[2024-08-03T10:36:48.406+0000] {logging_mixin.py:188} INFO - [2024-08-03T10:36:48.403+0000] {dagbag.py:545} INFO - Filling up the DagBag from /home/airflow/.local/lib/python3.12/site-packages/airflow/example_dags/example_latest_only_with_trigger.py
[2024-08-03T10:36:48.490+0000] {processor.py:840} INFO - DAG(s) 'latest_only_with_trigger' retrieved from /home/airflow/.local/lib/python3.12/site-packages/airflow/example_dags/example_latest_only_with_trigger.py
[2024-08-03T10:36:48.720+0000] {logging_mixin.py:188} INFO - [2024-08-03T10:36:48.718+0000] {dag.py:3089} INFO - Sync 1 DAGs
[2024-08-03T10:36:48.958+0000] {logging_mixin.py:188} INFO - [2024-08-03T10:36:48.954+0000] {dag.py:3947} INFO - Setting next_dagrun for latest_only_with_trigger to 2024-08-03 04:00:00+00:00, run_after=2024-08-03 08:00:00+00:00
[2024-08-03T10:36:49.132+0000] {processor.py:183} INFO - Processing /home/airflow/.local/lib/python3.12/site-packages/airflow/example_dags/example_latest_only_with_trigger.py took 0.811 seconds
[2024-08-03T12:19:59.744+0000] {processor.py:161} INFO - Started process (PID=7766) to work on /home/airflow/.local/lib/python3.12/site-packages/airflow/example_dags/example_latest_only_with_trigger.py
[2024-08-03T12:19:59.784+0000] {processor.py:830} INFO - Processing file /home/airflow/.local/lib/python3.12/site-packages/airflow/example_dags/example_latest_only_with_trigger.py for tasks to queue
[2024-08-03T12:19:59.859+0000] {logging_mixin.py:188} INFO - [2024-08-03T12:19:59.824+0000] {dagbag.py:545} INFO - Filling up the DagBag from /home/airflow/.local/lib/python3.12/site-packages/airflow/example_dags/example_latest_only_with_trigger.py
[2024-08-03T12:19:59.964+0000] {processor.py:840} INFO - DAG(s) 'latest_only_with_trigger' retrieved from /home/airflow/.local/lib/python3.12/site-packages/airflow/example_dags/example_latest_only_with_trigger.py
[2024-08-03T12:20:00.351+0000] {logging_mixin.py:188} INFO - [2024-08-03T12:20:00.341+0000] {dag.py:3089} INFO - Sync 1 DAGs
[2024-08-03T12:20:00.523+0000] {logging_mixin.py:188} INFO - [2024-08-03T12:20:00.506+0000] {dag.py:3947} INFO - Setting next_dagrun for latest_only_with_trigger to 2024-08-03 08:00:00+00:00, run_after=2024-08-03 12:00:00+00:00
[2024-08-03T12:20:00.673+0000] {processor.py:183} INFO - Processing /home/airflow/.local/lib/python3.12/site-packages/airflow/example_dags/example_latest_only_with_trigger.py took 1.089 seconds
[2024-08-03T14:17:56.361+0000] {processor.py:161} INFO - Started process (PID=7868) to work on /home/airflow/.local/lib/python3.12/site-packages/airflow/example_dags/example_latest_only_with_trigger.py
[2024-08-03T14:17:56.403+0000] {processor.py:830} INFO - Processing file /home/airflow/.local/lib/python3.12/site-packages/airflow/example_dags/example_latest_only_with_trigger.py for tasks to queue
[2024-08-03T14:17:56.420+0000] {logging_mixin.py:188} INFO - [2024-08-03T14:17:56.414+0000] {dagbag.py:545} INFO - Filling up the DagBag from /home/airflow/.local/lib/python3.12/site-packages/airflow/example_dags/example_latest_only_with_trigger.py
[2024-08-03T14:17:56.569+0000] {processor.py:840} INFO - DAG(s) 'latest_only_with_trigger' retrieved from /home/airflow/.local/lib/python3.12/site-packages/airflow/example_dags/example_latest_only_with_trigger.py
[2024-08-03T14:17:57.263+0000] {logging_mixin.py:188} INFO - [2024-08-03T14:17:57.237+0000] {dag.py:3089} INFO - Sync 1 DAGs
[2024-08-03T14:17:57.652+0000] {logging_mixin.py:188} INFO - [2024-08-03T14:17:57.646+0000] {dag.py:3947} INFO - Setting next_dagrun for latest_only_with_trigger to 2024-08-03 08:00:00+00:00, run_after=2024-08-03 12:00:00+00:00
[2024-08-03T14:17:57.860+0000] {processor.py:183} INFO - Processing /home/airflow/.local/lib/python3.12/site-packages/airflow/example_dags/example_latest_only_with_trigger.py took 1.572 seconds
[2024-08-03T14:18:28.626+0000] {processor.py:161} INFO - Started process (PID=7928) to work on /home/airflow/.local/lib/python3.12/site-packages/airflow/example_dags/example_latest_only_with_trigger.py
[2024-08-03T14:18:28.628+0000] {processor.py:830} INFO - Processing file /home/airflow/.local/lib/python3.12/site-packages/airflow/example_dags/example_latest_only_with_trigger.py for tasks to queue
[2024-08-03T14:18:28.629+0000] {logging_mixin.py:188} INFO - [2024-08-03T14:18:28.629+0000] {dagbag.py:545} INFO - Filling up the DagBag from /home/airflow/.local/lib/python3.12/site-packages/airflow/example_dags/example_latest_only_with_trigger.py
[2024-08-03T14:18:28.640+0000] {processor.py:840} INFO - DAG(s) 'latest_only_with_trigger' retrieved from /home/airflow/.local/lib/python3.12/site-packages/airflow/example_dags/example_latest_only_with_trigger.py
[2024-08-03T14:18:28.669+0000] {logging_mixin.py:188} INFO - [2024-08-03T14:18:28.669+0000] {dag.py:3089} INFO - Sync 1 DAGs
[2024-08-03T14:18:28.690+0000] {logging_mixin.py:188} INFO - [2024-08-03T14:18:28.690+0000] {dag.py:3947} INFO - Setting next_dagrun for latest_only_with_trigger to 2024-08-03 08:00:00+00:00, run_after=2024-08-03 12:00:00+00:00
[2024-08-03T14:18:28.707+0000] {processor.py:183} INFO - Processing /home/airflow/.local/lib/python3.12/site-packages/airflow/example_dags/example_latest_only_with_trigger.py took 0.089 seconds
[2024-08-03T14:36:51.379+0000] {processor.py:161} INFO - Started process (PID=8032) to work on /home/airflow/.local/lib/python3.12/site-packages/airflow/example_dags/example_latest_only_with_trigger.py
[2024-08-03T14:36:51.407+0000] {processor.py:830} INFO - Processing file /home/airflow/.local/lib/python3.12/site-packages/airflow/example_dags/example_latest_only_with_trigger.py for tasks to queue
[2024-08-03T14:36:51.445+0000] {logging_mixin.py:188} INFO - [2024-08-03T14:36:51.428+0000] {dagbag.py:545} INFO - Filling up the DagBag from /home/airflow/.local/lib/python3.12/site-packages/airflow/example_dags/example_latest_only_with_trigger.py
[2024-08-03T14:36:51.964+0000] {processor.py:840} INFO - DAG(s) 'latest_only_with_trigger' retrieved from /home/airflow/.local/lib/python3.12/site-packages/airflow/example_dags/example_latest_only_with_trigger.py
[2024-08-03T14:36:53.081+0000] {logging_mixin.py:188} INFO - [2024-08-03T14:36:53.046+0000] {dag.py:3089} INFO - Sync 1 DAGs
[2024-08-03T14:36:53.663+0000] {logging_mixin.py:188} INFO - [2024-08-03T14:36:53.653+0000] {dag.py:3947} INFO - Setting next_dagrun for latest_only_with_trigger to 2024-08-03 08:00:00+00:00, run_after=2024-08-03 12:00:00+00:00
[2024-08-03T14:36:54.020+0000] {processor.py:183} INFO - Processing /home/airflow/.local/lib/python3.12/site-packages/airflow/example_dags/example_latest_only_with_trigger.py took 2.807 seconds
[2024-08-03T14:42:21.258+0000] {processor.py:161} INFO - Started process (PID=8096) to work on /home/airflow/.local/lib/python3.12/site-packages/airflow/example_dags/example_latest_only_with_trigger.py
[2024-08-03T14:42:21.267+0000] {processor.py:830} INFO - Processing file /home/airflow/.local/lib/python3.12/site-packages/airflow/example_dags/example_latest_only_with_trigger.py for tasks to queue
[2024-08-03T14:42:21.281+0000] {logging_mixin.py:188} INFO - [2024-08-03T14:42:21.276+0000] {dagbag.py:545} INFO - Filling up the DagBag from /home/airflow/.local/lib/python3.12/site-packages/airflow/example_dags/example_latest_only_with_trigger.py
[2024-08-03T14:42:21.355+0000] {processor.py:840} INFO - DAG(s) 'latest_only_with_trigger' retrieved from /home/airflow/.local/lib/python3.12/site-packages/airflow/example_dags/example_latest_only_with_trigger.py
[2024-08-03T14:42:21.622+0000] {logging_mixin.py:188} INFO - [2024-08-03T14:42:21.621+0000] {dag.py:3089} INFO - Sync 1 DAGs
[2024-08-03T14:42:21.750+0000] {logging_mixin.py:188} INFO - [2024-08-03T14:42:21.749+0000] {dag.py:3947} INFO - Setting next_dagrun for latest_only_with_trigger to 2024-08-03 08:00:00+00:00, run_after=2024-08-03 12:00:00+00:00
[2024-08-03T14:42:21.842+0000] {processor.py:183} INFO - Processing /home/airflow/.local/lib/python3.12/site-packages/airflow/example_dags/example_latest_only_with_trigger.py took 0.630 seconds
[2024-08-03T14:42:52.270+0000] {processor.py:161} INFO - Started process (PID=8157) to work on /home/airflow/.local/lib/python3.12/site-packages/airflow/example_dags/example_latest_only_with_trigger.py
[2024-08-03T14:42:52.273+0000] {processor.py:830} INFO - Processing file /home/airflow/.local/lib/python3.12/site-packages/airflow/example_dags/example_latest_only_with_trigger.py for tasks to queue
[2024-08-03T14:42:52.276+0000] {logging_mixin.py:188} INFO - [2024-08-03T14:42:52.275+0000] {dagbag.py:545} INFO - Filling up the DagBag from /home/airflow/.local/lib/python3.12/site-packages/airflow/example_dags/example_latest_only_with_trigger.py
[2024-08-03T14:42:52.284+0000] {processor.py:840} INFO - DAG(s) 'latest_only_with_trigger' retrieved from /home/airflow/.local/lib/python3.12/site-packages/airflow/example_dags/example_latest_only_with_trigger.py
[2024-08-03T14:42:52.307+0000] {logging_mixin.py:188} INFO - [2024-08-03T14:42:52.307+0000] {dag.py:3089} INFO - Sync 1 DAGs
[2024-08-03T14:42:52.326+0000] {logging_mixin.py:188} INFO - [2024-08-03T14:42:52.326+0000] {dag.py:3947} INFO - Setting next_dagrun for latest_only_with_trigger to 2024-08-03 08:00:00+00:00, run_after=2024-08-03 12:00:00+00:00
[2024-08-03T14:42:52.349+0000] {processor.py:183} INFO - Processing /home/airflow/.local/lib/python3.12/site-packages/airflow/example_dags/example_latest_only_with_trigger.py took 0.091 seconds
[2024-08-03T14:43:24.630+0000] {processor.py:161} INFO - Started process (PID=8228) to work on /home/airflow/.local/lib/python3.12/site-packages/airflow/example_dags/example_latest_only_with_trigger.py
[2024-08-03T14:43:24.632+0000] {processor.py:830} INFO - Processing file /home/airflow/.local/lib/python3.12/site-packages/airflow/example_dags/example_latest_only_with_trigger.py for tasks to queue
[2024-08-03T14:43:24.637+0000] {logging_mixin.py:188} INFO - [2024-08-03T14:43:24.636+0000] {dagbag.py:545} INFO - Filling up the DagBag from /home/airflow/.local/lib/python3.12/site-packages/airflow/example_dags/example_latest_only_with_trigger.py
[2024-08-03T14:43:24.644+0000] {processor.py:840} INFO - DAG(s) 'latest_only_with_trigger' retrieved from /home/airflow/.local/lib/python3.12/site-packages/airflow/example_dags/example_latest_only_with_trigger.py
[2024-08-03T14:43:24.730+0000] {logging_mixin.py:188} INFO - [2024-08-03T14:43:24.729+0000] {dag.py:3089} INFO - Sync 1 DAGs
[2024-08-03T14:43:24.826+0000] {logging_mixin.py:188} INFO - [2024-08-03T14:43:24.825+0000] {dag.py:3947} INFO - Setting next_dagrun for latest_only_with_trigger to 2024-08-03 08:00:00+00:00, run_after=2024-08-03 12:00:00+00:00
[2024-08-03T14:43:24.878+0000] {processor.py:183} INFO - Processing /home/airflow/.local/lib/python3.12/site-packages/airflow/example_dags/example_latest_only_with_trigger.py took 0.263 seconds
[2024-08-03T14:43:55.194+0000] {processor.py:161} INFO - Started process (PID=8299) to work on /home/airflow/.local/lib/python3.12/site-packages/airflow/example_dags/example_latest_only_with_trigger.py
[2024-08-03T14:43:55.198+0000] {processor.py:830} INFO - Processing file /home/airflow/.local/lib/python3.12/site-packages/airflow/example_dags/example_latest_only_with_trigger.py for tasks to queue
[2024-08-03T14:43:55.198+0000] {logging_mixin.py:188} INFO - [2024-08-03T14:43:55.198+0000] {dagbag.py:545} INFO - Filling up the DagBag from /home/airflow/.local/lib/python3.12/site-packages/airflow/example_dags/example_latest_only_with_trigger.py
[2024-08-03T14:43:55.203+0000] {processor.py:840} INFO - DAG(s) 'latest_only_with_trigger' retrieved from /home/airflow/.local/lib/python3.12/site-packages/airflow/example_dags/example_latest_only_with_trigger.py
[2024-08-03T14:43:55.220+0000] {logging_mixin.py:188} INFO - [2024-08-03T14:43:55.219+0000] {dag.py:3089} INFO - Sync 1 DAGs
[2024-08-03T14:43:55.235+0000] {logging_mixin.py:188} INFO - [2024-08-03T14:43:55.235+0000] {dag.py:3947} INFO - Setting next_dagrun for latest_only_with_trigger to 2024-08-03 08:00:00+00:00, run_after=2024-08-03 12:00:00+00:00
[2024-08-03T14:43:55.248+0000] {processor.py:183} INFO - Processing /home/airflow/.local/lib/python3.12/site-packages/airflow/example_dags/example_latest_only_with_trigger.py took 0.058 seconds
[2024-08-03T15:54:56.845+0000] {processor.py:161} INFO - Started process (PID=8383) to work on /home/airflow/.local/lib/python3.12/site-packages/airflow/example_dags/example_latest_only_with_trigger.py
[2024-08-03T15:54:56.854+0000] {processor.py:830} INFO - Processing file /home/airflow/.local/lib/python3.12/site-packages/airflow/example_dags/example_latest_only_with_trigger.py for tasks to queue
[2024-08-03T15:54:56.859+0000] {logging_mixin.py:188} INFO - [2024-08-03T15:54:56.858+0000] {dagbag.py:545} INFO - Filling up the DagBag from /home/airflow/.local/lib/python3.12/site-packages/airflow/example_dags/example_latest_only_with_trigger.py
[2024-08-03T15:54:56.964+0000] {processor.py:840} INFO - DAG(s) 'latest_only_with_trigger' retrieved from /home/airflow/.local/lib/python3.12/site-packages/airflow/example_dags/example_latest_only_with_trigger.py
[2024-08-03T15:54:57.134+0000] {logging_mixin.py:188} INFO - [2024-08-03T15:54:57.133+0000] {dag.py:3089} INFO - Sync 1 DAGs
[2024-08-03T15:54:57.262+0000] {logging_mixin.py:188} INFO - [2024-08-03T15:54:57.262+0000] {dag.py:3947} INFO - Setting next_dagrun for latest_only_with_trigger to 2024-08-03 08:00:00+00:00, run_after=2024-08-03 12:00:00+00:00
[2024-08-03T15:54:57.349+0000] {processor.py:183} INFO - Processing /home/airflow/.local/lib/python3.12/site-packages/airflow/example_dags/example_latest_only_with_trigger.py took 0.554 seconds
[2024-08-03T17:24:25.480+0000] {processor.py:161} INFO - Started process (PID=8495) to work on /home/airflow/.local/lib/python3.12/site-packages/airflow/example_dags/example_latest_only_with_trigger.py
[2024-08-03T17:24:25.509+0000] {processor.py:830} INFO - Processing file /home/airflow/.local/lib/python3.12/site-packages/airflow/example_dags/example_latest_only_with_trigger.py for tasks to queue
[2024-08-03T17:24:25.532+0000] {logging_mixin.py:188} INFO - [2024-08-03T17:24:25.517+0000] {dagbag.py:545} INFO - Filling up the DagBag from /home/airflow/.local/lib/python3.12/site-packages/airflow/example_dags/example_latest_only_with_trigger.py
[2024-08-03T17:24:25.610+0000] {processor.py:840} INFO - DAG(s) 'latest_only_with_trigger' retrieved from /home/airflow/.local/lib/python3.12/site-packages/airflow/example_dags/example_latest_only_with_trigger.py
[2024-08-03T17:24:25.725+0000] {logging_mixin.py:188} INFO - [2024-08-03T17:24:25.723+0000] {dag.py:3089} INFO - Sync 1 DAGs
[2024-08-03T17:24:25.797+0000] {logging_mixin.py:188} INFO - [2024-08-03T17:24:25.797+0000] {dag.py:3947} INFO - Setting next_dagrun for latest_only_with_trigger to 2024-08-03 12:00:00+00:00, run_after=2024-08-03 16:00:00+00:00
[2024-08-03T17:24:25.925+0000] {processor.py:183} INFO - Processing /home/airflow/.local/lib/python3.12/site-packages/airflow/example_dags/example_latest_only_with_trigger.py took 0.686 seconds
[2024-08-03T17:24:56.932+0000] {processor.py:161} INFO - Started process (PID=8555) to work on /home/airflow/.local/lib/python3.12/site-packages/airflow/example_dags/example_latest_only_with_trigger.py
[2024-08-03T17:24:56.937+0000] {processor.py:830} INFO - Processing file /home/airflow/.local/lib/python3.12/site-packages/airflow/example_dags/example_latest_only_with_trigger.py for tasks to queue
[2024-08-03T17:24:56.939+0000] {logging_mixin.py:188} INFO - [2024-08-03T17:24:56.939+0000] {dagbag.py:545} INFO - Filling up the DagBag from /home/airflow/.local/lib/python3.12/site-packages/airflow/example_dags/example_latest_only_with_trigger.py
[2024-08-03T17:24:56.951+0000] {processor.py:840} INFO - DAG(s) 'latest_only_with_trigger' retrieved from /home/airflow/.local/lib/python3.12/site-packages/airflow/example_dags/example_latest_only_with_trigger.py
[2024-08-03T17:24:56.998+0000] {logging_mixin.py:188} INFO - [2024-08-03T17:24:56.998+0000] {dag.py:3089} INFO - Sync 1 DAGs
[2024-08-03T17:24:57.024+0000] {logging_mixin.py:188} INFO - [2024-08-03T17:24:57.024+0000] {dag.py:3947} INFO - Setting next_dagrun for latest_only_with_trigger to 2024-08-03 12:00:00+00:00, run_after=2024-08-03 16:00:00+00:00
[2024-08-03T17:24:57.062+0000] {processor.py:183} INFO - Processing /home/airflow/.local/lib/python3.12/site-packages/airflow/example_dags/example_latest_only_with_trigger.py took 0.149 seconds
[2024-08-03T17:26:51.407+0000] {processor.py:161} INFO - Started process (PID=8656) to work on /home/airflow/.local/lib/python3.12/site-packages/airflow/example_dags/example_latest_only_with_trigger.py
[2024-08-03T17:26:51.418+0000] {processor.py:830} INFO - Processing file /home/airflow/.local/lib/python3.12/site-packages/airflow/example_dags/example_latest_only_with_trigger.py for tasks to queue
[2024-08-03T17:26:51.429+0000] {logging_mixin.py:188} INFO - [2024-08-03T17:26:51.423+0000] {dagbag.py:545} INFO - Filling up the DagBag from /home/airflow/.local/lib/python3.12/site-packages/airflow/example_dags/example_latest_only_with_trigger.py
[2024-08-03T17:26:51.482+0000] {processor.py:840} INFO - DAG(s) 'latest_only_with_trigger' retrieved from /home/airflow/.local/lib/python3.12/site-packages/airflow/example_dags/example_latest_only_with_trigger.py
[2024-08-03T17:26:51.603+0000] {logging_mixin.py:188} INFO - [2024-08-03T17:26:51.603+0000] {dag.py:3089} INFO - Sync 1 DAGs
[2024-08-03T17:26:51.675+0000] {logging_mixin.py:188} INFO - [2024-08-03T17:26:51.674+0000] {dag.py:3947} INFO - Setting next_dagrun for latest_only_with_trigger to 2024-08-03 12:00:00+00:00, run_after=2024-08-03 16:00:00+00:00
[2024-08-03T17:26:51.769+0000] {processor.py:183} INFO - Processing /home/airflow/.local/lib/python3.12/site-packages/airflow/example_dags/example_latest_only_with_trigger.py took 0.408 seconds
[2024-08-03T17:27:22.021+0000] {processor.py:161} INFO - Started process (PID=8716) to work on /home/airflow/.local/lib/python3.12/site-packages/airflow/example_dags/example_latest_only_with_trigger.py
[2024-08-03T17:27:22.022+0000] {processor.py:830} INFO - Processing file /home/airflow/.local/lib/python3.12/site-packages/airflow/example_dags/example_latest_only_with_trigger.py for tasks to queue
[2024-08-03T17:27:22.023+0000] {logging_mixin.py:188} INFO - [2024-08-03T17:27:22.023+0000] {dagbag.py:545} INFO - Filling up the DagBag from /home/airflow/.local/lib/python3.12/site-packages/airflow/example_dags/example_latest_only_with_trigger.py
[2024-08-03T17:27:22.032+0000] {processor.py:840} INFO - DAG(s) 'latest_only_with_trigger' retrieved from /home/airflow/.local/lib/python3.12/site-packages/airflow/example_dags/example_latest_only_with_trigger.py
[2024-08-03T17:27:22.061+0000] {logging_mixin.py:188} INFO - [2024-08-03T17:27:22.061+0000] {dag.py:3089} INFO - Sync 1 DAGs
[2024-08-03T17:27:22.080+0000] {logging_mixin.py:188} INFO - [2024-08-03T17:27:22.080+0000] {dag.py:3947} INFO - Setting next_dagrun for latest_only_with_trigger to 2024-08-03 12:00:00+00:00, run_after=2024-08-03 16:00:00+00:00
[2024-08-03T17:27:22.097+0000] {processor.py:183} INFO - Processing /home/airflow/.local/lib/python3.12/site-packages/airflow/example_dags/example_latest_only_with_trigger.py took 0.084 seconds
[2024-08-03T18:23:19.405+0000] {processor.py:161} INFO - Started process (PID=8787) to work on /home/airflow/.local/lib/python3.12/site-packages/airflow/example_dags/example_latest_only_with_trigger.py
[2024-08-03T18:23:19.419+0000] {processor.py:830} INFO - Processing file /home/airflow/.local/lib/python3.12/site-packages/airflow/example_dags/example_latest_only_with_trigger.py for tasks to queue
[2024-08-03T18:23:19.431+0000] {logging_mixin.py:188} INFO - [2024-08-03T18:23:19.428+0000] {dagbag.py:545} INFO - Filling up the DagBag from /home/airflow/.local/lib/python3.12/site-packages/airflow/example_dags/example_latest_only_with_trigger.py
[2024-08-03T18:23:19.537+0000] {processor.py:840} INFO - DAG(s) 'latest_only_with_trigger' retrieved from /home/airflow/.local/lib/python3.12/site-packages/airflow/example_dags/example_latest_only_with_trigger.py
[2024-08-03T18:23:19.893+0000] {logging_mixin.py:188} INFO - [2024-08-03T18:23:19.891+0000] {dag.py:3089} INFO - Sync 1 DAGs
[2024-08-03T18:23:20.010+0000] {logging_mixin.py:188} INFO - [2024-08-03T18:23:20.009+0000] {dag.py:3947} INFO - Setting next_dagrun for latest_only_with_trigger to 2024-08-03 12:00:00+00:00, run_after=2024-08-03 16:00:00+00:00
[2024-08-03T18:23:20.115+0000] {processor.py:183} INFO - Processing /home/airflow/.local/lib/python3.12/site-packages/airflow/example_dags/example_latest_only_with_trigger.py took 0.773 seconds
[2024-08-03T20:15:58.176+0000] {processor.py:161} INFO - Started process (PID=8899) to work on /home/airflow/.local/lib/python3.12/site-packages/airflow/example_dags/example_latest_only_with_trigger.py
[2024-08-03T20:15:58.180+0000] {processor.py:830} INFO - Processing file /home/airflow/.local/lib/python3.12/site-packages/airflow/example_dags/example_latest_only_with_trigger.py for tasks to queue
[2024-08-03T20:15:58.192+0000] {logging_mixin.py:188} INFO - [2024-08-03T20:15:58.191+0000] {dagbag.py:545} INFO - Filling up the DagBag from /home/airflow/.local/lib/python3.12/site-packages/airflow/example_dags/example_latest_only_with_trigger.py
[2024-08-03T20:15:58.266+0000] {processor.py:840} INFO - DAG(s) 'latest_only_with_trigger' retrieved from /home/airflow/.local/lib/python3.12/site-packages/airflow/example_dags/example_latest_only_with_trigger.py
[2024-08-03T20:15:58.441+0000] {logging_mixin.py:188} INFO - [2024-08-03T20:15:58.440+0000] {dag.py:3089} INFO - Sync 1 DAGs
[2024-08-03T20:15:58.602+0000] {logging_mixin.py:188} INFO - [2024-08-03T20:15:58.601+0000] {dag.py:3947} INFO - Setting next_dagrun for latest_only_with_trigger to 2024-08-03 16:00:00+00:00, run_after=2024-08-03 20:00:00+00:00
[2024-08-03T20:15:58.699+0000] {processor.py:183} INFO - Processing /home/airflow/.local/lib/python3.12/site-packages/airflow/example_dags/example_latest_only_with_trigger.py took 0.552 seconds
[2024-08-03T21:25:06.470+0000] {processor.py:161} INFO - Started process (PID=9016) to work on /home/airflow/.local/lib/python3.12/site-packages/airflow/example_dags/example_latest_only_with_trigger.py
[2024-08-03T21:25:06.483+0000] {processor.py:830} INFO - Processing file /home/airflow/.local/lib/python3.12/site-packages/airflow/example_dags/example_latest_only_with_trigger.py for tasks to queue
[2024-08-03T21:25:06.492+0000] {logging_mixin.py:188} INFO - [2024-08-03T21:25:06.490+0000] {dagbag.py:545} INFO - Filling up the DagBag from /home/airflow/.local/lib/python3.12/site-packages/airflow/example_dags/example_latest_only_with_trigger.py
[2024-08-03T21:25:06.670+0000] {processor.py:840} INFO - DAG(s) 'latest_only_with_trigger' retrieved from /home/airflow/.local/lib/python3.12/site-packages/airflow/example_dags/example_latest_only_with_trigger.py
[2024-08-03T21:25:07.013+0000] {logging_mixin.py:188} INFO - [2024-08-03T21:25:07.009+0000] {dag.py:3089} INFO - Sync 1 DAGs
[2024-08-03T21:25:07.185+0000] {logging_mixin.py:188} INFO - [2024-08-03T21:25:07.179+0000] {dag.py:3947} INFO - Setting next_dagrun for latest_only_with_trigger to 2024-08-03 16:00:00+00:00, run_after=2024-08-03 20:00:00+00:00
[2024-08-03T21:25:07.289+0000] {processor.py:183} INFO - Processing /home/airflow/.local/lib/python3.12/site-packages/airflow/example_dags/example_latest_only_with_trigger.py took 0.904 seconds
[2024-08-03T23:35:07.305+0000] {processor.py:161} INFO - Started process (PID=9093) to work on /home/airflow/.local/lib/python3.12/site-packages/airflow/example_dags/example_latest_only_with_trigger.py
[2024-08-03T23:35:07.337+0000] {processor.py:830} INFO - Processing file /home/airflow/.local/lib/python3.12/site-packages/airflow/example_dags/example_latest_only_with_trigger.py for tasks to queue
[2024-08-03T23:35:07.346+0000] {logging_mixin.py:188} INFO - [2024-08-03T23:35:07.342+0000] {dagbag.py:545} INFO - Filling up the DagBag from /home/airflow/.local/lib/python3.12/site-packages/airflow/example_dags/example_latest_only_with_trigger.py
[2024-08-03T23:35:07.445+0000] {processor.py:840} INFO - DAG(s) 'latest_only_with_trigger' retrieved from /home/airflow/.local/lib/python3.12/site-packages/airflow/example_dags/example_latest_only_with_trigger.py
[2024-08-03T23:35:07.688+0000] {logging_mixin.py:188} INFO - [2024-08-03T23:35:07.685+0000] {dag.py:3089} INFO - Sync 1 DAGs
[2024-08-03T23:35:07.798+0000] {logging_mixin.py:188} INFO - [2024-08-03T23:35:07.797+0000] {dag.py:3947} INFO - Setting next_dagrun for latest_only_with_trigger to 2024-08-03 16:00:00+00:00, run_after=2024-08-03 20:00:00+00:00
[2024-08-03T23:35:07.914+0000] {processor.py:183} INFO - Processing /home/airflow/.local/lib/python3.12/site-packages/airflow/example_dags/example_latest_only_with_trigger.py took 0.684 seconds
