[2024-08-03T00:03:04.304+0000] {processor.py:161} INFO - Started process (PID=7178) to work on /home/airflow/.local/lib/python3.12/site-packages/airflow/example_dags/tutorial_dag.py
[2024-08-03T00:03:04.324+0000] {processor.py:830} INFO - Processing file /home/airflow/.local/lib/python3.12/site-packages/airflow/example_dags/tutorial_dag.py for tasks to queue
[2024-08-03T00:03:04.352+0000] {logging_mixin.py:188} INFO - [2024-08-03T00:03:04.336+0000] {dagbag.py:545} INFO - Filling up the DagBag from /home/airflow/.local/lib/python3.12/site-packages/airflow/example_dags/tutorial_dag.py
[2024-08-03T00:03:04.566+0000] {processor.py:840} INFO - DAG(s) 'tutorial_dag' retrieved from /home/airflow/.local/lib/python3.12/site-packages/airflow/example_dags/tutorial_dag.py
[2024-08-03T00:03:04.857+0000] {logging_mixin.py:188} INFO - [2024-08-03T00:03:04.854+0000] {dag.py:3089} INFO - Sync 1 DAGs
[2024-08-03T00:03:04.946+0000] {logging_mixin.py:188} INFO - [2024-08-03T00:03:04.945+0000] {dag.py:3947} INFO - Setting next_dagrun for tutorial_dag to None, run_after=None
[2024-08-03T00:03:05.168+0000] {processor.py:183} INFO - Processing /home/airflow/.local/lib/python3.12/site-packages/airflow/example_dags/tutorial_dag.py took 0.953 seconds
[2024-08-03T03:17:11.742+0000] {processor.py:161} INFO - Started process (PID=7303) to work on /home/airflow/.local/lib/python3.12/site-packages/airflow/example_dags/tutorial_dag.py
[2024-08-03T03:17:11.798+0000] {processor.py:830} INFO - Processing file /home/airflow/.local/lib/python3.12/site-packages/airflow/example_dags/tutorial_dag.py for tasks to queue
[2024-08-03T03:17:11.823+0000] {logging_mixin.py:188} INFO - [2024-08-03T03:17:11.817+0000] {dagbag.py:545} INFO - Filling up the DagBag from /home/airflow/.local/lib/python3.12/site-packages/airflow/example_dags/tutorial_dag.py
[2024-08-03T03:17:11.914+0000] {processor.py:840} INFO - DAG(s) 'tutorial_dag' retrieved from /home/airflow/.local/lib/python3.12/site-packages/airflow/example_dags/tutorial_dag.py
[2024-08-03T03:17:12.296+0000] {logging_mixin.py:188} INFO - [2024-08-03T03:17:12.286+0000] {dag.py:3089} INFO - Sync 1 DAGs
[2024-08-03T03:17:12.400+0000] {logging_mixin.py:188} INFO - [2024-08-03T03:17:12.399+0000] {dag.py:3947} INFO - Setting next_dagrun for tutorial_dag to None, run_after=None
[2024-08-03T03:17:12.572+0000] {processor.py:183} INFO - Processing /home/airflow/.local/lib/python3.12/site-packages/airflow/example_dags/tutorial_dag.py took 0.984 seconds
[2024-08-03T03:24:32.018+0000] {processor.py:161} INFO - Started process (PID=7392) to work on /home/airflow/.local/lib/python3.12/site-packages/airflow/example_dags/tutorial_dag.py
[2024-08-03T03:24:32.042+0000] {processor.py:830} INFO - Processing file /home/airflow/.local/lib/python3.12/site-packages/airflow/example_dags/tutorial_dag.py for tasks to queue
[2024-08-03T03:24:32.092+0000] {logging_mixin.py:188} INFO - [2024-08-03T03:24:32.071+0000] {dagbag.py:545} INFO - Filling up the DagBag from /home/airflow/.local/lib/python3.12/site-packages/airflow/example_dags/tutorial_dag.py
[2024-08-03T03:24:32.877+0000] {processor.py:840} INFO - DAG(s) 'tutorial_dag' retrieved from /home/airflow/.local/lib/python3.12/site-packages/airflow/example_dags/tutorial_dag.py
[2024-08-03T03:24:34.748+0000] {logging_mixin.py:188} INFO - [2024-08-03T03:24:34.738+0000] {dag.py:3089} INFO - Sync 1 DAGs
[2024-08-03T03:24:35.112+0000] {logging_mixin.py:188} INFO - [2024-08-03T03:24:35.101+0000] {dag.py:3947} INFO - Setting next_dagrun for tutorial_dag to None, run_after=None
[2024-08-03T03:24:35.517+0000] {processor.py:183} INFO - Processing /home/airflow/.local/lib/python3.12/site-packages/airflow/example_dags/tutorial_dag.py took 3.638 seconds
[2024-08-03T05:41:50.607+0000] {processor.py:161} INFO - Started process (PID=7458) to work on /home/airflow/.local/lib/python3.12/site-packages/airflow/example_dags/tutorial_dag.py
[2024-08-03T05:41:50.640+0000] {processor.py:830} INFO - Processing file /home/airflow/.local/lib/python3.12/site-packages/airflow/example_dags/tutorial_dag.py for tasks to queue
[2024-08-03T05:41:50.658+0000] {logging_mixin.py:188} INFO - [2024-08-03T05:41:50.652+0000] {dagbag.py:545} INFO - Filling up the DagBag from /home/airflow/.local/lib/python3.12/site-packages/airflow/example_dags/tutorial_dag.py
[2024-08-03T05:41:50.892+0000] {processor.py:840} INFO - DAG(s) 'tutorial_dag' retrieved from /home/airflow/.local/lib/python3.12/site-packages/airflow/example_dags/tutorial_dag.py
[2024-08-03T05:41:51.908+0000] {logging_mixin.py:188} INFO - [2024-08-03T05:41:51.873+0000] {dag.py:3089} INFO - Sync 1 DAGs
[2024-08-03T05:41:52.274+0000] {logging_mixin.py:188} INFO - [2024-08-03T05:41:52.272+0000] {dag.py:3947} INFO - Setting next_dagrun for tutorial_dag to None, run_after=None
[2024-08-03T05:41:52.745+0000] {processor.py:183} INFO - Processing /home/airflow/.local/lib/python3.12/site-packages/airflow/example_dags/tutorial_dag.py took 2.330 seconds
[2024-08-03T07:38:54.855+0000] {processor.py:161} INFO - Started process (PID=7532) to work on /home/airflow/.local/lib/python3.12/site-packages/airflow/example_dags/tutorial_dag.py
[2024-08-03T07:38:54.858+0000] {processor.py:830} INFO - Processing file /home/airflow/.local/lib/python3.12/site-packages/airflow/example_dags/tutorial_dag.py for tasks to queue
[2024-08-03T07:38:54.862+0000] {logging_mixin.py:188} INFO - [2024-08-03T07:38:54.862+0000] {dagbag.py:545} INFO - Filling up the DagBag from /home/airflow/.local/lib/python3.12/site-packages/airflow/example_dags/tutorial_dag.py
[2024-08-03T07:38:54.913+0000] {processor.py:840} INFO - DAG(s) 'tutorial_dag' retrieved from /home/airflow/.local/lib/python3.12/site-packages/airflow/example_dags/tutorial_dag.py
[2024-08-03T07:38:55.154+0000] {logging_mixin.py:188} INFO - [2024-08-03T07:38:55.153+0000] {dag.py:3089} INFO - Sync 1 DAGs
[2024-08-03T07:38:55.280+0000] {logging_mixin.py:188} INFO - [2024-08-03T07:38:55.279+0000] {dag.py:3947} INFO - Setting next_dagrun for tutorial_dag to None, run_after=None
[2024-08-03T07:38:55.465+0000] {processor.py:183} INFO - Processing /home/airflow/.local/lib/python3.12/site-packages/airflow/example_dags/tutorial_dag.py took 0.617 seconds
[2024-08-03T09:53:12.875+0000] {processor.py:161} INFO - Started process (PID=7615) to work on /home/airflow/.local/lib/python3.12/site-packages/airflow/example_dags/tutorial_dag.py
[2024-08-03T09:53:12.888+0000] {processor.py:830} INFO - Processing file /home/airflow/.local/lib/python3.12/site-packages/airflow/example_dags/tutorial_dag.py for tasks to queue
[2024-08-03T09:53:12.912+0000] {logging_mixin.py:188} INFO - [2024-08-03T09:53:12.897+0000] {dagbag.py:545} INFO - Filling up the DagBag from /home/airflow/.local/lib/python3.12/site-packages/airflow/example_dags/tutorial_dag.py
[2024-08-03T09:53:13.092+0000] {processor.py:840} INFO - DAG(s) 'tutorial_dag' retrieved from /home/airflow/.local/lib/python3.12/site-packages/airflow/example_dags/tutorial_dag.py
[2024-08-03T09:53:13.518+0000] {logging_mixin.py:188} INFO - [2024-08-03T09:53:13.516+0000] {dag.py:3089} INFO - Sync 1 DAGs
[2024-08-03T09:53:13.750+0000] {logging_mixin.py:188} INFO - [2024-08-03T09:53:13.748+0000] {dag.py:3947} INFO - Setting next_dagrun for tutorial_dag to None, run_after=None
[2024-08-03T09:53:13.973+0000] {processor.py:183} INFO - Processing /home/airflow/.local/lib/python3.12/site-packages/airflow/example_dags/tutorial_dag.py took 1.157 seconds
[2024-08-03T10:37:01.172+0000] {processor.py:161} INFO - Started process (PID=7688) to work on /home/airflow/.local/lib/python3.12/site-packages/airflow/example_dags/tutorial_dag.py
[2024-08-03T10:37:01.173+0000] {processor.py:830} INFO - Processing file /home/airflow/.local/lib/python3.12/site-packages/airflow/example_dags/tutorial_dag.py for tasks to queue
[2024-08-03T10:37:01.173+0000] {logging_mixin.py:188} INFO - [2024-08-03T10:37:01.173+0000] {dagbag.py:545} INFO - Filling up the DagBag from /home/airflow/.local/lib/python3.12/site-packages/airflow/example_dags/tutorial_dag.py
[2024-08-03T10:37:01.177+0000] {processor.py:840} INFO - DAG(s) 'tutorial_dag' retrieved from /home/airflow/.local/lib/python3.12/site-packages/airflow/example_dags/tutorial_dag.py
[2024-08-03T10:37:01.200+0000] {logging_mixin.py:188} INFO - [2024-08-03T10:37:01.200+0000] {dag.py:3089} INFO - Sync 1 DAGs
[2024-08-03T10:37:01.210+0000] {logging_mixin.py:188} INFO - [2024-08-03T10:37:01.210+0000] {dag.py:3947} INFO - Setting next_dagrun for tutorial_dag to None, run_after=None
[2024-08-03T10:37:01.221+0000] {processor.py:183} INFO - Processing /home/airflow/.local/lib/python3.12/site-packages/airflow/example_dags/tutorial_dag.py took 0.054 seconds
[2024-08-03T12:19:46.356+0000] {processor.py:161} INFO - Started process (PID=7757) to work on /home/airflow/.local/lib/python3.12/site-packages/airflow/example_dags/tutorial_dag.py
[2024-08-03T12:19:46.392+0000] {processor.py:830} INFO - Processing file /home/airflow/.local/lib/python3.12/site-packages/airflow/example_dags/tutorial_dag.py for tasks to queue
[2024-08-03T12:19:46.426+0000] {logging_mixin.py:188} INFO - [2024-08-03T12:19:46.424+0000] {dagbag.py:545} INFO - Filling up the DagBag from /home/airflow/.local/lib/python3.12/site-packages/airflow/example_dags/tutorial_dag.py
[2024-08-03T12:19:46.935+0000] {processor.py:840} INFO - DAG(s) 'tutorial_dag' retrieved from /home/airflow/.local/lib/python3.12/site-packages/airflow/example_dags/tutorial_dag.py
[2024-08-03T12:19:47.875+0000] {logging_mixin.py:188} INFO - [2024-08-03T12:19:47.847+0000] {dag.py:3089} INFO - Sync 1 DAGs
[2024-08-03T12:19:48.188+0000] {logging_mixin.py:188} INFO - [2024-08-03T12:19:48.188+0000] {dag.py:3947} INFO - Setting next_dagrun for tutorial_dag to None, run_after=None
[2024-08-03T12:19:48.543+0000] {processor.py:183} INFO - Processing /home/airflow/.local/lib/python3.12/site-packages/airflow/example_dags/tutorial_dag.py took 2.281 seconds
[2024-08-03T14:17:49.938+0000] {processor.py:161} INFO - Started process (PID=7859) to work on /home/airflow/.local/lib/python3.12/site-packages/airflow/example_dags/tutorial_dag.py
[2024-08-03T14:17:49.944+0000] {processor.py:830} INFO - Processing file /home/airflow/.local/lib/python3.12/site-packages/airflow/example_dags/tutorial_dag.py for tasks to queue
[2024-08-03T14:17:49.950+0000] {logging_mixin.py:188} INFO - [2024-08-03T14:17:49.946+0000] {dagbag.py:545} INFO - Filling up the DagBag from /home/airflow/.local/lib/python3.12/site-packages/airflow/example_dags/tutorial_dag.py
[2024-08-03T14:17:50.027+0000] {processor.py:840} INFO - DAG(s) 'tutorial_dag' retrieved from /home/airflow/.local/lib/python3.12/site-packages/airflow/example_dags/tutorial_dag.py
[2024-08-03T14:17:50.574+0000] {logging_mixin.py:188} INFO - [2024-08-03T14:17:50.568+0000] {dag.py:3089} INFO - Sync 1 DAGs
[2024-08-03T14:17:50.656+0000] {logging_mixin.py:188} INFO - [2024-08-03T14:17:50.655+0000] {dag.py:3947} INFO - Setting next_dagrun for tutorial_dag to None, run_after=None
[2024-08-03T14:17:50.794+0000] {processor.py:183} INFO - Processing /home/airflow/.local/lib/python3.12/site-packages/airflow/example_dags/tutorial_dag.py took 0.989 seconds
[2024-08-03T14:18:21.739+0000] {processor.py:161} INFO - Started process (PID=7920) to work on /home/airflow/.local/lib/python3.12/site-packages/airflow/example_dags/tutorial_dag.py
[2024-08-03T14:18:21.742+0000] {processor.py:830} INFO - Processing file /home/airflow/.local/lib/python3.12/site-packages/airflow/example_dags/tutorial_dag.py for tasks to queue
[2024-08-03T14:18:21.743+0000] {logging_mixin.py:188} INFO - [2024-08-03T14:18:21.743+0000] {dagbag.py:545} INFO - Filling up the DagBag from /home/airflow/.local/lib/python3.12/site-packages/airflow/example_dags/tutorial_dag.py
[2024-08-03T14:18:21.755+0000] {processor.py:840} INFO - DAG(s) 'tutorial_dag' retrieved from /home/airflow/.local/lib/python3.12/site-packages/airflow/example_dags/tutorial_dag.py
[2024-08-03T14:18:21.803+0000] {logging_mixin.py:188} INFO - [2024-08-03T14:18:21.802+0000] {dag.py:3089} INFO - Sync 1 DAGs
[2024-08-03T14:18:21.850+0000] {logging_mixin.py:188} INFO - [2024-08-03T14:18:21.848+0000] {dag.py:3947} INFO - Setting next_dagrun for tutorial_dag to None, run_after=None
[2024-08-03T14:18:21.926+0000] {processor.py:183} INFO - Processing /home/airflow/.local/lib/python3.12/site-packages/airflow/example_dags/tutorial_dag.py took 0.208 seconds
[2024-08-03T14:36:41.991+0000] {processor.py:161} INFO - Started process (PID=8023) to work on /home/airflow/.local/lib/python3.12/site-packages/airflow/example_dags/tutorial_dag.py
[2024-08-03T14:36:42.009+0000] {processor.py:830} INFO - Processing file /home/airflow/.local/lib/python3.12/site-packages/airflow/example_dags/tutorial_dag.py for tasks to queue
[2024-08-03T14:36:42.014+0000] {logging_mixin.py:188} INFO - [2024-08-03T14:36:42.012+0000] {dagbag.py:545} INFO - Filling up the DagBag from /home/airflow/.local/lib/python3.12/site-packages/airflow/example_dags/tutorial_dag.py
[2024-08-03T14:36:42.086+0000] {processor.py:840} INFO - DAG(s) 'tutorial_dag' retrieved from /home/airflow/.local/lib/python3.12/site-packages/airflow/example_dags/tutorial_dag.py
[2024-08-03T14:36:42.342+0000] {logging_mixin.py:188} INFO - [2024-08-03T14:36:42.342+0000] {dag.py:3089} INFO - Sync 1 DAGs
[2024-08-03T14:36:42.519+0000] {logging_mixin.py:188} INFO - [2024-08-03T14:36:42.512+0000] {dag.py:3947} INFO - Setting next_dagrun for tutorial_dag to None, run_after=None
[2024-08-03T14:36:42.778+0000] {processor.py:183} INFO - Processing /home/airflow/.local/lib/python3.12/site-packages/airflow/example_dags/tutorial_dag.py took 0.818 seconds
[2024-08-03T14:42:19.017+0000] {processor.py:161} INFO - Started process (PID=8088) to work on /home/airflow/.local/lib/python3.12/site-packages/airflow/example_dags/tutorial_dag.py
[2024-08-03T14:42:19.041+0000] {processor.py:830} INFO - Processing file /home/airflow/.local/lib/python3.12/site-packages/airflow/example_dags/tutorial_dag.py for tasks to queue
[2024-08-03T14:42:19.049+0000] {logging_mixin.py:188} INFO - [2024-08-03T14:42:19.044+0000] {dagbag.py:545} INFO - Filling up the DagBag from /home/airflow/.local/lib/python3.12/site-packages/airflow/example_dags/tutorial_dag.py
[2024-08-03T14:42:19.096+0000] {processor.py:840} INFO - DAG(s) 'tutorial_dag' retrieved from /home/airflow/.local/lib/python3.12/site-packages/airflow/example_dags/tutorial_dag.py
[2024-08-03T14:42:19.266+0000] {logging_mixin.py:188} INFO - [2024-08-03T14:42:19.265+0000] {dag.py:3089} INFO - Sync 1 DAGs
[2024-08-03T14:42:19.338+0000] {logging_mixin.py:188} INFO - [2024-08-03T14:42:19.335+0000] {dag.py:3947} INFO - Setting next_dagrun for tutorial_dag to None, run_after=None
[2024-08-03T14:42:19.452+0000] {processor.py:183} INFO - Processing /home/airflow/.local/lib/python3.12/site-packages/airflow/example_dags/tutorial_dag.py took 0.496 seconds
[2024-08-03T14:42:49.917+0000] {processor.py:161} INFO - Started process (PID=8149) to work on /home/airflow/.local/lib/python3.12/site-packages/airflow/example_dags/tutorial_dag.py
[2024-08-03T14:42:49.919+0000] {processor.py:830} INFO - Processing file /home/airflow/.local/lib/python3.12/site-packages/airflow/example_dags/tutorial_dag.py for tasks to queue
[2024-08-03T14:42:49.920+0000] {logging_mixin.py:188} INFO - [2024-08-03T14:42:49.920+0000] {dagbag.py:545} INFO - Filling up the DagBag from /home/airflow/.local/lib/python3.12/site-packages/airflow/example_dags/tutorial_dag.py
[2024-08-03T14:42:49.928+0000] {processor.py:840} INFO - DAG(s) 'tutorial_dag' retrieved from /home/airflow/.local/lib/python3.12/site-packages/airflow/example_dags/tutorial_dag.py
[2024-08-03T14:42:49.962+0000] {logging_mixin.py:188} INFO - [2024-08-03T14:42:49.962+0000] {dag.py:3089} INFO - Sync 1 DAGs
[2024-08-03T14:42:49.972+0000] {logging_mixin.py:188} INFO - [2024-08-03T14:42:49.972+0000] {dag.py:3947} INFO - Setting next_dagrun for tutorial_dag to None, run_after=None
[2024-08-03T14:42:49.987+0000] {processor.py:183} INFO - Processing /home/airflow/.local/lib/python3.12/site-packages/airflow/example_dags/tutorial_dag.py took 0.077 seconds
[2024-08-03T14:43:23.062+0000] {processor.py:161} INFO - Started process (PID=8220) to work on /home/airflow/.local/lib/python3.12/site-packages/airflow/example_dags/tutorial_dag.py
[2024-08-03T14:43:23.068+0000] {processor.py:830} INFO - Processing file /home/airflow/.local/lib/python3.12/site-packages/airflow/example_dags/tutorial_dag.py for tasks to queue
[2024-08-03T14:43:23.076+0000] {logging_mixin.py:188} INFO - [2024-08-03T14:43:23.073+0000] {dagbag.py:545} INFO - Filling up the DagBag from /home/airflow/.local/lib/python3.12/site-packages/airflow/example_dags/tutorial_dag.py
[2024-08-03T14:43:23.112+0000] {processor.py:840} INFO - DAG(s) 'tutorial_dag' retrieved from /home/airflow/.local/lib/python3.12/site-packages/airflow/example_dags/tutorial_dag.py
[2024-08-03T14:43:23.207+0000] {logging_mixin.py:188} INFO - [2024-08-03T14:43:23.207+0000] {dag.py:3089} INFO - Sync 1 DAGs
[2024-08-03T14:43:23.251+0000] {logging_mixin.py:188} INFO - [2024-08-03T14:43:23.251+0000] {dag.py:3947} INFO - Setting next_dagrun for tutorial_dag to None, run_after=None
[2024-08-03T14:43:23.309+0000] {processor.py:183} INFO - Processing /home/airflow/.local/lib/python3.12/site-packages/airflow/example_dags/tutorial_dag.py took 0.265 seconds
[2024-08-03T14:43:53.789+0000] {processor.py:161} INFO - Started process (PID=8285) to work on /home/airflow/.local/lib/python3.12/site-packages/airflow/example_dags/tutorial_dag.py
[2024-08-03T14:43:53.790+0000] {processor.py:830} INFO - Processing file /home/airflow/.local/lib/python3.12/site-packages/airflow/example_dags/tutorial_dag.py for tasks to queue
[2024-08-03T14:43:53.790+0000] {logging_mixin.py:188} INFO - [2024-08-03T14:43:53.790+0000] {dagbag.py:545} INFO - Filling up the DagBag from /home/airflow/.local/lib/python3.12/site-packages/airflow/example_dags/tutorial_dag.py
[2024-08-03T14:43:53.793+0000] {processor.py:840} INFO - DAG(s) 'tutorial_dag' retrieved from /home/airflow/.local/lib/python3.12/site-packages/airflow/example_dags/tutorial_dag.py
[2024-08-03T14:43:53.804+0000] {logging_mixin.py:188} INFO - [2024-08-03T14:43:53.804+0000] {dag.py:3089} INFO - Sync 1 DAGs
[2024-08-03T14:43:53.810+0000] {logging_mixin.py:188} INFO - [2024-08-03T14:43:53.810+0000] {dag.py:3947} INFO - Setting next_dagrun for tutorial_dag to None, run_after=None
[2024-08-03T14:43:53.817+0000] {processor.py:183} INFO - Processing /home/airflow/.local/lib/python3.12/site-packages/airflow/example_dags/tutorial_dag.py took 0.031 seconds
[2024-08-03T15:06:05.952+0000] {processor.py:161} INFO - Started process (PID=8372) to work on /home/airflow/.local/lib/python3.12/site-packages/airflow/example_dags/tutorial_dag.py
[2024-08-03T15:06:05.982+0000] {processor.py:830} INFO - Processing file /home/airflow/.local/lib/python3.12/site-packages/airflow/example_dags/tutorial_dag.py for tasks to queue
[2024-08-03T15:06:06.038+0000] {logging_mixin.py:188} INFO - [2024-08-03T15:06:06.013+0000] {dagbag.py:545} INFO - Filling up the DagBag from /home/airflow/.local/lib/python3.12/site-packages/airflow/example_dags/tutorial_dag.py
[2024-08-03T15:06:06.275+0000] {processor.py:840} INFO - DAG(s) 'tutorial_dag' retrieved from /home/airflow/.local/lib/python3.12/site-packages/airflow/example_dags/tutorial_dag.py
[2024-08-03T15:06:06.749+0000] {logging_mixin.py:188} INFO - [2024-08-03T15:06:06.747+0000] {dag.py:3089} INFO - Sync 1 DAGs
[2024-08-03T15:06:06.947+0000] {logging_mixin.py:188} INFO - [2024-08-03T15:06:06.947+0000] {dag.py:3947} INFO - Setting next_dagrun for tutorial_dag to None, run_after=None
[2024-08-03T15:06:07.250+0000] {processor.py:183} INFO - Processing /home/airflow/.local/lib/python3.12/site-packages/airflow/example_dags/tutorial_dag.py took 1.432 seconds
[2024-08-03T15:55:14.575+0000] {processor.py:161} INFO - Started process (PID=8433) to work on /home/airflow/.local/lib/python3.12/site-packages/airflow/example_dags/tutorial_dag.py
[2024-08-03T15:55:14.578+0000] {processor.py:830} INFO - Processing file /home/airflow/.local/lib/python3.12/site-packages/airflow/example_dags/tutorial_dag.py for tasks to queue
[2024-08-03T15:55:14.579+0000] {logging_mixin.py:188} INFO - [2024-08-03T15:55:14.579+0000] {dagbag.py:545} INFO - Filling up the DagBag from /home/airflow/.local/lib/python3.12/site-packages/airflow/example_dags/tutorial_dag.py
[2024-08-03T15:55:14.583+0000] {processor.py:840} INFO - DAG(s) 'tutorial_dag' retrieved from /home/airflow/.local/lib/python3.12/site-packages/airflow/example_dags/tutorial_dag.py
[2024-08-03T15:55:14.604+0000] {logging_mixin.py:188} INFO - [2024-08-03T15:55:14.604+0000] {dag.py:3089} INFO - Sync 1 DAGs
[2024-08-03T15:55:14.613+0000] {logging_mixin.py:188} INFO - [2024-08-03T15:55:14.613+0000] {dag.py:3947} INFO - Setting next_dagrun for tutorial_dag to None, run_after=None
[2024-08-03T15:55:14.622+0000] {processor.py:183} INFO - Processing /home/airflow/.local/lib/python3.12/site-packages/airflow/example_dags/tutorial_dag.py took 0.053 seconds
[2024-08-03T17:01:50.281+0000] {processor.py:161} INFO - Started process (PID=8486) to work on /home/airflow/.local/lib/python3.12/site-packages/airflow/example_dags/tutorial_dag.py
[2024-08-03T17:01:50.289+0000] {processor.py:830} INFO - Processing file /home/airflow/.local/lib/python3.12/site-packages/airflow/example_dags/tutorial_dag.py for tasks to queue
[2024-08-03T17:01:50.296+0000] {logging_mixin.py:188} INFO - [2024-08-03T17:01:50.292+0000] {dagbag.py:545} INFO - Filling up the DagBag from /home/airflow/.local/lib/python3.12/site-packages/airflow/example_dags/tutorial_dag.py
[2024-08-03T17:01:50.447+0000] {processor.py:840} INFO - DAG(s) 'tutorial_dag' retrieved from /home/airflow/.local/lib/python3.12/site-packages/airflow/example_dags/tutorial_dag.py
[2024-08-03T17:24:21.503+0000] {logging_mixin.py:188} INFO - [2024-08-03T17:24:21.493+0000] {dag.py:3089} INFO - Sync 1 DAGs
[2024-08-03T17:24:21.638+0000] {logging_mixin.py:188} INFO - [2024-08-03T17:24:21.636+0000] {dag.py:3947} INFO - Setting next_dagrun for tutorial_dag to None, run_after=None
[2024-08-03T17:24:21.916+0000] {processor.py:183} INFO - Processing /home/airflow/.local/lib/python3.12/site-packages/airflow/example_dags/tutorial_dag.py took 1.377 seconds
[2024-08-03T17:24:56.047+0000] {processor.py:161} INFO - Started process (PID=8547) to work on /home/airflow/.local/lib/python3.12/site-packages/airflow/example_dags/tutorial_dag.py
[2024-08-03T17:24:56.051+0000] {processor.py:830} INFO - Processing file /home/airflow/.local/lib/python3.12/site-packages/airflow/example_dags/tutorial_dag.py for tasks to queue
[2024-08-03T17:24:56.054+0000] {logging_mixin.py:188} INFO - [2024-08-03T17:24:56.054+0000] {dagbag.py:545} INFO - Filling up the DagBag from /home/airflow/.local/lib/python3.12/site-packages/airflow/example_dags/tutorial_dag.py
[2024-08-03T17:24:56.072+0000] {processor.py:840} INFO - DAG(s) 'tutorial_dag' retrieved from /home/airflow/.local/lib/python3.12/site-packages/airflow/example_dags/tutorial_dag.py
[2024-08-03T17:24:56.165+0000] {logging_mixin.py:188} INFO - [2024-08-03T17:24:56.164+0000] {dag.py:3089} INFO - Sync 1 DAGs
[2024-08-03T17:24:56.193+0000] {logging_mixin.py:188} INFO - [2024-08-03T17:24:56.192+0000] {dag.py:3947} INFO - Setting next_dagrun for tutorial_dag to None, run_after=None
[2024-08-03T17:24:56.255+0000] {processor.py:183} INFO - Processing /home/airflow/.local/lib/python3.12/site-packages/airflow/example_dags/tutorial_dag.py took 0.219 seconds
[2024-08-03T17:26:48.276+0000] {processor.py:161} INFO - Started process (PID=8647) to work on /home/airflow/.local/lib/python3.12/site-packages/airflow/example_dags/tutorial_dag.py
[2024-08-03T17:26:48.288+0000] {processor.py:830} INFO - Processing file /home/airflow/.local/lib/python3.12/site-packages/airflow/example_dags/tutorial_dag.py for tasks to queue
[2024-08-03T17:26:48.302+0000] {logging_mixin.py:188} INFO - [2024-08-03T17:26:48.301+0000] {dagbag.py:545} INFO - Filling up the DagBag from /home/airflow/.local/lib/python3.12/site-packages/airflow/example_dags/tutorial_dag.py
[2024-08-03T17:26:48.361+0000] {processor.py:840} INFO - DAG(s) 'tutorial_dag' retrieved from /home/airflow/.local/lib/python3.12/site-packages/airflow/example_dags/tutorial_dag.py
[2024-08-03T17:26:48.536+0000] {logging_mixin.py:188} INFO - [2024-08-03T17:26:48.532+0000] {dag.py:3089} INFO - Sync 1 DAGs
[2024-08-03T17:26:48.600+0000] {logging_mixin.py:188} INFO - [2024-08-03T17:26:48.600+0000] {dag.py:3947} INFO - Setting next_dagrun for tutorial_dag to None, run_after=None
[2024-08-03T17:26:48.777+0000] {processor.py:183} INFO - Processing /home/airflow/.local/lib/python3.12/site-packages/airflow/example_dags/tutorial_dag.py took 0.549 seconds
[2024-08-03T17:27:19.527+0000] {processor.py:161} INFO - Started process (PID=8708) to work on /home/airflow/.local/lib/python3.12/site-packages/airflow/example_dags/tutorial_dag.py
[2024-08-03T17:27:19.530+0000] {processor.py:830} INFO - Processing file /home/airflow/.local/lib/python3.12/site-packages/airflow/example_dags/tutorial_dag.py for tasks to queue
[2024-08-03T17:27:19.532+0000] {logging_mixin.py:188} INFO - [2024-08-03T17:27:19.531+0000] {dagbag.py:545} INFO - Filling up the DagBag from /home/airflow/.local/lib/python3.12/site-packages/airflow/example_dags/tutorial_dag.py
[2024-08-03T17:27:19.547+0000] {processor.py:840} INFO - DAG(s) 'tutorial_dag' retrieved from /home/airflow/.local/lib/python3.12/site-packages/airflow/example_dags/tutorial_dag.py
[2024-08-03T17:27:19.606+0000] {logging_mixin.py:188} INFO - [2024-08-03T17:27:19.606+0000] {dag.py:3089} INFO - Sync 1 DAGs
[2024-08-03T17:27:19.628+0000] {logging_mixin.py:188} INFO - [2024-08-03T17:27:19.627+0000] {dag.py:3947} INFO - Setting next_dagrun for tutorial_dag to None, run_after=None
[2024-08-03T17:27:19.645+0000] {processor.py:183} INFO - Processing /home/airflow/.local/lib/python3.12/site-packages/airflow/example_dags/tutorial_dag.py took 0.136 seconds
[2024-08-03T17:49:51.316+0000] {processor.py:161} INFO - Started process (PID=8778) to work on /home/airflow/.local/lib/python3.12/site-packages/airflow/example_dags/tutorial_dag.py
[2024-08-03T17:49:51.329+0000] {processor.py:830} INFO - Processing file /home/airflow/.local/lib/python3.12/site-packages/airflow/example_dags/tutorial_dag.py for tasks to queue
[2024-08-03T17:49:51.335+0000] {logging_mixin.py:188} INFO - [2024-08-03T17:49:51.333+0000] {dagbag.py:545} INFO - Filling up the DagBag from /home/airflow/.local/lib/python3.12/site-packages/airflow/example_dags/tutorial_dag.py
[2024-08-03T17:49:51.386+0000] {processor.py:840} INFO - DAG(s) 'tutorial_dag' retrieved from /home/airflow/.local/lib/python3.12/site-packages/airflow/example_dags/tutorial_dag.py
[2024-08-03T17:49:51.585+0000] {logging_mixin.py:188} INFO - [2024-08-03T17:49:51.583+0000] {dag.py:3089} INFO - Sync 1 DAGs
[2024-08-03T17:49:51.748+0000] {logging_mixin.py:188} INFO - [2024-08-03T17:49:51.748+0000] {dag.py:3947} INFO - Setting next_dagrun for tutorial_dag to None, run_after=None
[2024-08-03T17:49:51.869+0000] {processor.py:183} INFO - Processing /home/airflow/.local/lib/python3.12/site-packages/airflow/example_dags/tutorial_dag.py took 0.614 seconds
[2024-08-03T18:23:31.482+0000] {processor.py:161} INFO - Started process (PID=8833) to work on /home/airflow/.local/lib/python3.12/site-packages/airflow/example_dags/tutorial_dag.py
[2024-08-03T18:23:31.483+0000] {processor.py:830} INFO - Processing file /home/airflow/.local/lib/python3.12/site-packages/airflow/example_dags/tutorial_dag.py for tasks to queue
[2024-08-03T18:23:31.484+0000] {logging_mixin.py:188} INFO - [2024-08-03T18:23:31.484+0000] {dagbag.py:545} INFO - Filling up the DagBag from /home/airflow/.local/lib/python3.12/site-packages/airflow/example_dags/tutorial_dag.py
[2024-08-03T18:23:31.489+0000] {processor.py:840} INFO - DAG(s) 'tutorial_dag' retrieved from /home/airflow/.local/lib/python3.12/site-packages/airflow/example_dags/tutorial_dag.py
[2024-08-03T18:23:31.510+0000] {logging_mixin.py:188} INFO - [2024-08-03T18:23:31.510+0000] {dag.py:3089} INFO - Sync 1 DAGs
[2024-08-03T18:23:31.523+0000] {logging_mixin.py:188} INFO - [2024-08-03T18:23:31.523+0000] {dag.py:3947} INFO - Setting next_dagrun for tutorial_dag to None, run_after=None
[2024-08-03T18:23:31.538+0000] {processor.py:183} INFO - Processing /home/airflow/.local/lib/python3.12/site-packages/airflow/example_dags/tutorial_dag.py took 0.062 seconds
[2024-08-03T19:08:59.865+0000] {processor.py:161} INFO - Started process (PID=8890) to work on /home/airflow/.local/lib/python3.12/site-packages/airflow/example_dags/tutorial_dag.py
[2024-08-03T19:08:59.874+0000] {processor.py:830} INFO - Processing file /home/airflow/.local/lib/python3.12/site-packages/airflow/example_dags/tutorial_dag.py for tasks to queue
[2024-08-03T19:08:59.881+0000] {logging_mixin.py:188} INFO - [2024-08-03T19:08:59.878+0000] {dagbag.py:545} INFO - Filling up the DagBag from /home/airflow/.local/lib/python3.12/site-packages/airflow/example_dags/tutorial_dag.py
[2024-08-03T19:08:59.951+0000] {processor.py:840} INFO - DAG(s) 'tutorial_dag' retrieved from /home/airflow/.local/lib/python3.12/site-packages/airflow/example_dags/tutorial_dag.py
[2024-08-03T19:09:00.127+0000] {logging_mixin.py:188} INFO - [2024-08-03T19:09:00.125+0000] {dag.py:3089} INFO - Sync 1 DAGs
[2024-08-03T19:09:00.266+0000] {logging_mixin.py:188} INFO - [2024-08-03T19:09:00.265+0000] {dag.py:3947} INFO - Setting next_dagrun for tutorial_dag to None, run_after=None
[2024-08-03T19:09:00.382+0000] {processor.py:183} INFO - Processing /home/airflow/.local/lib/python3.12/site-packages/airflow/example_dags/tutorial_dag.py took 0.587 seconds
[2024-08-03T20:16:22.502+0000] {processor.py:161} INFO - Started process (PID=8951) to work on /home/airflow/.local/lib/python3.12/site-packages/airflow/example_dags/tutorial_dag.py
[2024-08-03T20:16:22.505+0000] {processor.py:830} INFO - Processing file /home/airflow/.local/lib/python3.12/site-packages/airflow/example_dags/tutorial_dag.py for tasks to queue
[2024-08-03T20:16:22.507+0000] {logging_mixin.py:188} INFO - [2024-08-03T20:16:22.507+0000] {dagbag.py:545} INFO - Filling up the DagBag from /home/airflow/.local/lib/python3.12/site-packages/airflow/example_dags/tutorial_dag.py
[2024-08-03T20:16:22.522+0000] {processor.py:840} INFO - DAG(s) 'tutorial_dag' retrieved from /home/airflow/.local/lib/python3.12/site-packages/airflow/example_dags/tutorial_dag.py
[2024-08-03T20:16:22.571+0000] {logging_mixin.py:188} INFO - [2024-08-03T20:16:22.571+0000] {dag.py:3089} INFO - Sync 1 DAGs
[2024-08-03T20:16:22.589+0000] {logging_mixin.py:188} INFO - [2024-08-03T20:16:22.589+0000] {dag.py:3947} INFO - Setting next_dagrun for tutorial_dag to None, run_after=None
[2024-08-03T20:16:22.628+0000] {processor.py:183} INFO - Processing /home/airflow/.local/lib/python3.12/site-packages/airflow/example_dags/tutorial_dag.py took 0.139 seconds
[2024-08-03T21:24:58.959+0000] {processor.py:161} INFO - Started process (PID=9002) to work on /home/airflow/.local/lib/python3.12/site-packages/airflow/example_dags/tutorial_dag.py
[2024-08-03T21:24:58.972+0000] {processor.py:830} INFO - Processing file /home/airflow/.local/lib/python3.12/site-packages/airflow/example_dags/tutorial_dag.py for tasks to queue
[2024-08-03T21:24:58.981+0000] {logging_mixin.py:188} INFO - [2024-08-03T21:24:58.975+0000] {dagbag.py:545} INFO - Filling up the DagBag from /home/airflow/.local/lib/python3.12/site-packages/airflow/example_dags/tutorial_dag.py
[2024-08-03T21:24:59.027+0000] {processor.py:840} INFO - DAG(s) 'tutorial_dag' retrieved from /home/airflow/.local/lib/python3.12/site-packages/airflow/example_dags/tutorial_dag.py
[2024-08-03T21:24:59.270+0000] {logging_mixin.py:188} INFO - [2024-08-03T21:24:59.269+0000] {dag.py:3089} INFO - Sync 1 DAGs
[2024-08-03T21:24:59.370+0000] {logging_mixin.py:188} INFO - [2024-08-03T21:24:59.361+0000] {dag.py:3947} INFO - Setting next_dagrun for tutorial_dag to None, run_after=None
[2024-08-03T21:24:59.492+0000] {processor.py:183} INFO - Processing /home/airflow/.local/lib/python3.12/site-packages/airflow/example_dags/tutorial_dag.py took 0.593 seconds
[2024-08-03T23:34:59.412+0000] {processor.py:161} INFO - Started process (PID=9084) to work on /home/airflow/.local/lib/python3.12/site-packages/airflow/example_dags/tutorial_dag.py
[2024-08-03T23:34:59.425+0000] {processor.py:830} INFO - Processing file /home/airflow/.local/lib/python3.12/site-packages/airflow/example_dags/tutorial_dag.py for tasks to queue
[2024-08-03T23:34:59.431+0000] {logging_mixin.py:188} INFO - [2024-08-03T23:34:59.429+0000] {dagbag.py:545} INFO - Filling up the DagBag from /home/airflow/.local/lib/python3.12/site-packages/airflow/example_dags/tutorial_dag.py
[2024-08-03T23:34:59.532+0000] {processor.py:840} INFO - DAG(s) 'tutorial_dag' retrieved from /home/airflow/.local/lib/python3.12/site-packages/airflow/example_dags/tutorial_dag.py
[2024-08-03T23:34:59.931+0000] {logging_mixin.py:188} INFO - [2024-08-03T23:34:59.926+0000] {dag.py:3089} INFO - Sync 1 DAGs
[2024-08-03T23:35:00.044+0000] {logging_mixin.py:188} INFO - [2024-08-03T23:35:00.043+0000] {dag.py:3947} INFO - Setting next_dagrun for tutorial_dag to None, run_after=None
[2024-08-03T23:35:01.135+0000] {processor.py:183} INFO - Processing /home/airflow/.local/lib/python3.12/site-packages/airflow/example_dags/tutorial_dag.py took 1.852 seconds
