[2024-08-04T18:59:20.032+0000] {local_task_job_runner.py:120} INFO - ::group::Pre task execution logs
[2024-08-04T18:59:20.082+0000] {taskinstance.py:2076} INFO - Dependencies all met for dep_context=non-requeueable deps ti=<TaskInstance: etl_dag.create_dim_company scheduled__2024-08-04T05:40:00+00:00 [queued]>
[2024-08-04T18:59:20.100+0000] {taskinstance.py:2076} INFO - Dependencies all met for dep_context=requeueable deps ti=<TaskInstance: etl_dag.create_dim_company scheduled__2024-08-04T05:40:00+00:00 [queued]>
[2024-08-04T18:59:20.103+0000] {taskinstance.py:2306} INFO - Starting attempt 1 of 6
[2024-08-04T18:59:20.151+0000] {taskinstance.py:2330} INFO - Executing <Task(PostgresOperator): create_dim_company> on 2024-08-04 05:40:00+00:00
[2024-08-04T18:59:20.162+0000] {warnings.py:112} WARNING - /home/***/.local/lib/python3.12/site-packages/***/task/task_runner/standard_task_runner.py:62: DeprecationWarning: This process (pid=465) is multi-threaded, use of fork() may lead to deadlocks in the child.
  pid = os.fork()

[2024-08-04T18:59:20.167+0000] {standard_task_runner.py:64} INFO - Started process 473 to run task
[2024-08-04T18:59:20.166+0000] {standard_task_runner.py:90} INFO - Running: ['***', 'tasks', 'run', 'etl_dag', 'create_dim_company', 'scheduled__2024-08-04T05:40:00+00:00', '--job-id', '745', '--raw', '--subdir', 'DAGS_FOLDER/etl_dag.py', '--cfg-path', '/tmp/tmpbh90xhh4']
[2024-08-04T18:59:20.169+0000] {standard_task_runner.py:91} INFO - Job 745: Subtask create_dim_company
[2024-08-04T18:59:20.336+0000] {task_command.py:426} INFO - Running <TaskInstance: etl_dag.create_dim_company scheduled__2024-08-04T05:40:00+00:00 [running]> on host 83ccd21ce624
[2024-08-04T18:59:20.697+0000] {taskinstance.py:2648} INFO - Exporting env vars: AIRFLOW_CTX_DAG_OWNER='Gabriel Almeida' AIRFLOW_CTX_DAG_ID='etl_dag' AIRFLOW_CTX_TASK_ID='create_dim_company' AIRFLOW_CTX_EXECUTION_DATE='2024-08-04T05:40:00+00:00' AIRFLOW_CTX_TRY_NUMBER='1' AIRFLOW_CTX_DAG_RUN_ID='scheduled__2024-08-04T05:40:00+00:00'
[2024-08-04T18:59:20.703+0000] {taskinstance.py:430} INFO - ::endgroup::
[2024-08-04T18:59:20.705+0000] {sql.py:282} INFO - Executing: 
            CREATE TABLE IF NOT EXISTS DimCompany (
                id_company INT PRIMARY KEY,
                company VARCHAR(255)
            );
        
[2024-08-04T18:59:20.731+0000] {base.py:84} INFO - Using connection ID 'postgres_conn' for task execution.
[2024-08-04T18:59:20.758+0000] {base.py:84} INFO - Using connection ID 'postgres_conn' for task execution.
[2024-08-04T18:59:20.797+0000] {sql.py:495} INFO - Running statement: 
            CREATE TABLE IF NOT EXISTS DimCompany (
                id_company INT PRIMARY KEY,
                company VARCHAR(255)
            );
        , parameters: None
[2024-08-04T18:59:20.808+0000] {taskinstance.py:441} INFO - ::group::Post task execution logs
[2024-08-04T18:59:20.829+0000] {taskinstance.py:1206} INFO - Marking task as SUCCESS. dag_id=etl_dag, task_id=create_dim_company, run_id=scheduled__2024-08-04T05:40:00+00:00, execution_date=20240804T054000, start_date=20240804T185920, end_date=20240804T185920
[2024-08-04T18:59:20.909+0000] {local_task_job_runner.py:243} INFO - Task exited with return code 0
[2024-08-04T18:59:20.955+0000] {warnings.py:112} WARNING - /home/***/.local/lib/python3.12/site-packages/***/models/baseoperator.py:1297: AirflowProviderDeprecationWarning: Call to deprecated class PostgresOperator. (Please use `***.providers.common.sql.operators.sql.SQLExecuteQueryOperator`.Also, you can provide `hook_params={'schema': <database>}`.)
  result = cls.__new__(cls)

[2024-08-04T18:59:21.005+0000] {taskinstance.py:3503} INFO - 1 downstream tasks scheduled from follow-on schedule check
[2024-08-04T18:59:21.008+0000] {local_task_job_runner.py:222} INFO - ::endgroup::
