[2024-08-05T01:00:08.816+0000] {local_task_job_runner.py:120} INFO - ::group::Pre task execution logs
[2024-08-05T01:00:08.836+0000] {taskinstance.py:2076} INFO - Dependencies all met for dep_context=non-requeueable deps ti=<TaskInstance: etl_dag.create_dim_company scheduled__2024-08-05T00:50:00+00:00 [queued]>
[2024-08-05T01:00:08.849+0000] {taskinstance.py:2076} INFO - Dependencies all met for dep_context=requeueable deps ti=<TaskInstance: etl_dag.create_dim_company scheduled__2024-08-05T00:50:00+00:00 [queued]>
[2024-08-05T01:00:08.849+0000] {taskinstance.py:2306} INFO - Starting attempt 1 of 6
[2024-08-05T01:00:08.863+0000] {taskinstance.py:2330} INFO - Executing <Task(PostgresOperator): create_dim_company> on 2024-08-05 00:50:00+00:00
[2024-08-05T01:00:08.876+0000] {warnings.py:112} WARNING - /home/***/.local/lib/python3.12/site-packages/***/task/task_runner/standard_task_runner.py:62: DeprecationWarning: This process (pid=340) is multi-threaded, use of fork() may lead to deadlocks in the child.
  pid = os.fork()

[2024-08-05T01:00:08.877+0000] {standard_task_runner.py:64} INFO - Started process 346 to run task
[2024-08-05T01:00:08.877+0000] {standard_task_runner.py:90} INFO - Running: ['***', 'tasks', 'run', 'etl_dag', 'create_dim_company', 'scheduled__2024-08-05T00:50:00+00:00', '--job-id', '1656', '--raw', '--subdir', 'DAGS_FOLDER/etl_dag.py', '--cfg-path', '/tmp/tmps4tpz29a']
[2024-08-05T01:00:08.881+0000] {standard_task_runner.py:91} INFO - Job 1656: Subtask create_dim_company
[2024-08-05T01:00:08.948+0000] {task_command.py:426} INFO - Running <TaskInstance: etl_dag.create_dim_company scheduled__2024-08-05T00:50:00+00:00 [running]> on host 59ce2ba01338
[2024-08-05T01:00:09.016+0000] {taskinstance.py:2648} INFO - Exporting env vars: AIRFLOW_CTX_DAG_OWNER='Gabriel Almeida' AIRFLOW_CTX_DAG_ID='etl_dag' AIRFLOW_CTX_TASK_ID='create_dim_company' AIRFLOW_CTX_EXECUTION_DATE='2024-08-05T00:50:00+00:00' AIRFLOW_CTX_TRY_NUMBER='1' AIRFLOW_CTX_DAG_RUN_ID='scheduled__2024-08-05T00:50:00+00:00'
[2024-08-05T01:00:09.018+0000] {taskinstance.py:430} INFO - ::endgroup::
[2024-08-05T01:00:09.026+0000] {sql.py:282} INFO - Executing: 
            CREATE TABLE IF NOT EXISTS DimCompany (
                id_company SERIAL PRIMARY KEY,
                company VARCHAR(255) UNIQUE NOT NULL
            );
        
[2024-08-05T01:00:09.033+0000] {base.py:84} INFO - Using connection ID 'postgres_conn' for task execution.
[2024-08-05T01:00:09.041+0000] {base.py:84} INFO - Using connection ID 'postgres_conn' for task execution.
[2024-08-05T01:00:09.055+0000] {sql.py:495} INFO - Running statement: 
            CREATE TABLE IF NOT EXISTS DimCompany (
                id_company SERIAL PRIMARY KEY,
                company VARCHAR(255) UNIQUE NOT NULL
            );
        , parameters: None
[2024-08-05T01:00:09.057+0000] {taskinstance.py:441} INFO - ::group::Post task execution logs
[2024-08-05T01:00:09.073+0000] {taskinstance.py:1206} INFO - Marking task as SUCCESS. dag_id=etl_dag, task_id=create_dim_company, run_id=scheduled__2024-08-05T00:50:00+00:00, execution_date=20240805T005000, start_date=20240805T010008, end_date=20240805T010009
[2024-08-05T01:00:09.100+0000] {local_task_job_runner.py:243} INFO - Task exited with return code 0
[2024-08-05T01:00:09.108+0000] {local_task_job_runner.py:222} INFO - ::endgroup::
