[2024-07-30T23:38:09.861+0000] {local_task_job_runner.py:120} INFO - ::group::Pre task execution logs
[2024-07-30T23:38:09.870+0000] {taskinstance.py:2076} INFO - Dependencies all met for dep_context=non-requeueable deps ti=<TaskInstance: etl_dag.transform_data manual__2024-07-30T23:38:06.626373+00:00 [queued]>
[2024-07-30T23:38:09.874+0000] {taskinstance.py:2076} INFO - Dependencies all met for dep_context=requeueable deps ti=<TaskInstance: etl_dag.transform_data manual__2024-07-30T23:38:06.626373+00:00 [queued]>
[2024-07-30T23:38:09.875+0000] {taskinstance.py:2306} INFO - Starting attempt 1 of 2
[2024-07-30T23:38:09.881+0000] {taskinstance.py:2330} INFO - Executing <Task(PythonOperator): transform_data> on 2024-07-30 23:38:06.626373+00:00
[2024-07-30T23:38:09.884+0000] {warnings.py:112} WARNING - /home/***/.local/lib/python3.12/site-packages/***/task/task_runner/standard_task_runner.py:62: DeprecationWarning: This process (pid=470) is multi-threaded, use of fork() may lead to deadlocks in the child.
  pid = os.fork()

[2024-07-30T23:38:09.885+0000] {standard_task_runner.py:64} INFO - Started process 472 to run task
[2024-07-30T23:38:09.885+0000] {standard_task_runner.py:90} INFO - Running: ['***', 'tasks', 'run', 'etl_dag', 'transform_data', 'manual__2024-07-30T23:38:06.626373+00:00', '--job-id', '22', '--raw', '--subdir', 'DAGS_FOLDER/etl_dag.py', '--cfg-path', '/tmp/tmpxh7kr02z']
[2024-07-30T23:38:09.886+0000] {standard_task_runner.py:91} INFO - Job 22: Subtask transform_data
[2024-07-30T23:38:09.907+0000] {task_command.py:426} INFO - Running <TaskInstance: etl_dag.transform_data manual__2024-07-30T23:38:06.626373+00:00 [running]> on host bb49ef30ae89
[2024-07-30T23:38:09.947+0000] {taskinstance.py:2648} INFO - Exporting env vars: AIRFLOW_CTX_DAG_OWNER='Gabriel Almeida' AIRFLOW_CTX_DAG_ID='etl_dag' AIRFLOW_CTX_TASK_ID='transform_data' AIRFLOW_CTX_EXECUTION_DATE='2024-07-30T23:38:06.626373+00:00' AIRFLOW_CTX_TRY_NUMBER='1' AIRFLOW_CTX_DAG_RUN_ID='manual__2024-07-30T23:38:06.626373+00:00'
[2024-07-30T23:38:09.947+0000] {taskinstance.py:430} INFO - ::endgroup::
[2024-07-30T23:38:09.953+0000] {taskinstance.py:441} INFO - ::group::Post task execution logs
[2024-07-30T23:38:09.953+0000] {taskinstance.py:2905} ERROR - Task failed with exception
Traceback (most recent call last):
  File "/home/airflow/.local/lib/python3.12/site-packages/airflow/models/taskinstance.py", line 465, in _execute_task
    result = _execute_callable(context=context, **execute_callable_kwargs)
             ^^^^^^^^^^^^^^^^^^^^^^^^^^^^^^^^^^^^^^^^^^^^^^^^^^^^^^^^^^^^^
  File "/home/airflow/.local/lib/python3.12/site-packages/airflow/models/taskinstance.py", line 432, in _execute_callable
    return execute_callable(context=context, **execute_callable_kwargs)
           ^^^^^^^^^^^^^^^^^^^^^^^^^^^^^^^^^^^^^^^^^^^^^^^^^^^^^^^^^^^^
  File "/home/airflow/.local/lib/python3.12/site-packages/airflow/models/baseoperator.py", line 401, in wrapper
    return func(self, *args, **kwargs)
           ^^^^^^^^^^^^^^^^^^^^^^^^^^^
  File "/home/airflow/.local/lib/python3.12/site-packages/airflow/operators/python.py", line 235, in execute
    return_value = self.execute_callable()
                   ^^^^^^^^^^^^^^^^^^^^^^^
  File "/home/airflow/.local/lib/python3.12/site-packages/airflow/operators/python.py", line 252, in execute_callable
    return self.python_callable(*self.op_args, **self.op_kwargs)
           ^^^^^^^^^^^^^^^^^^^^^^^^^^^^^^^^^^^^^^^^^^^^^^^^^^^^^
  File "/opt/airflow/dags/etl/transform.py", line 14, in transform
    df = pd.json_normalize(data)  # Ajuste conforme o formato dos dados
         ^^^^^^^^^^^^^^^^^^^^^^^
  File "/home/airflow/.local/lib/python3.12/site-packages/pandas/io/json/_normalize.py", line 445, in json_normalize
    raise NotImplementedError
NotImplementedError
[2024-07-30T23:38:09.959+0000] {taskinstance.py:1206} INFO - Marking task as UP_FOR_RETRY. dag_id=etl_dag, task_id=transform_data, run_id=manual__2024-07-30T23:38:06.626373+00:00, execution_date=20240730T233806, start_date=20240730T233809, end_date=20240730T233809
[2024-07-30T23:38:09.963+0000] {standard_task_runner.py:110} ERROR - Failed to execute job 22 for task transform_data (; 472)
[2024-07-30T23:38:09.981+0000] {local_task_job_runner.py:243} INFO - Task exited with return code 1
[2024-07-30T23:38:09.990+0000] {taskinstance.py:3503} INFO - 0 downstream tasks scheduled from follow-on schedule check
[2024-07-30T23:38:09.991+0000] {local_task_job_runner.py:222} INFO - ::endgroup::
