[2024-08-04T20:50:19.841+0000] {local_task_job_runner.py:120} INFO - ::group::Pre task execution logs
[2024-08-04T20:50:19.874+0000] {taskinstance.py:2076} INFO - Dependencies all met for dep_context=non-requeueable deps ti=<TaskInstance: etl_dag.carga_dimensao_campaign scheduled__2024-08-04T20:40:00+00:00 [queued]>
[2024-08-04T20:50:19.888+0000] {taskinstance.py:2076} INFO - Dependencies all met for dep_context=requeueable deps ti=<TaskInstance: etl_dag.carga_dimensao_campaign scheduled__2024-08-04T20:40:00+00:00 [queued]>
[2024-08-04T20:50:19.892+0000] {taskinstance.py:2306} INFO - Starting attempt 1 of 6
[2024-08-04T20:50:19.932+0000] {taskinstance.py:2330} INFO - Executing <Task(PythonOperator): carga_dimensao_campaign> on 2024-08-04 20:40:00+00:00
[2024-08-04T20:50:19.952+0000] {warnings.py:112} WARNING - /home/***/.local/lib/python3.12/site-packages/***/task/task_runner/standard_task_runner.py:62: DeprecationWarning: This process (pid=3119) is multi-threaded, use of fork() may lead to deadlocks in the child.
  pid = os.fork()

[2024-08-04T20:50:19.960+0000] {standard_task_runner.py:64} INFO - Started process 3124 to run task
[2024-08-04T20:50:19.957+0000] {standard_task_runner.py:90} INFO - Running: ['***', 'tasks', 'run', 'etl_dag', 'carga_dimensao_campaign', 'scheduled__2024-08-04T20:40:00+00:00', '--job-id', '989', '--raw', '--subdir', 'DAGS_FOLDER/etl_dag.py', '--cfg-path', '/tmp/tmpqxumd_3_']
[2024-08-04T20:50:19.967+0000] {standard_task_runner.py:91} INFO - Job 989: Subtask carga_dimensao_campaign
[2024-08-04T20:50:20.137+0000] {task_command.py:426} INFO - Running <TaskInstance: etl_dag.carga_dimensao_campaign scheduled__2024-08-04T20:40:00+00:00 [running]> on host 83ccd21ce624
[2024-08-04T20:50:20.371+0000] {taskinstance.py:2648} INFO - Exporting env vars: AIRFLOW_CTX_DAG_OWNER='Gabriel Almeida' AIRFLOW_CTX_DAG_ID='etl_dag' AIRFLOW_CTX_TASK_ID='carga_dimensao_campaign' AIRFLOW_CTX_EXECUTION_DATE='2024-08-04T20:40:00+00:00' AIRFLOW_CTX_TRY_NUMBER='1' AIRFLOW_CTX_DAG_RUN_ID='scheduled__2024-08-04T20:40:00+00:00'
[2024-08-04T20:50:20.376+0000] {taskinstance.py:430} INFO - ::endgroup::
[2024-08-04T20:50:20.568+0000] {base.py:84} INFO - Using connection ID 'postgres_conn' for task execution.
[2024-08-04T20:50:20.654+0000] {logging_mixin.py:188} INFO - Dados inseridos na tabela DimCampaign com sucesso.
[2024-08-04T20:50:20.655+0000] {python.py:237} INFO - Done. Returned value was: None
[2024-08-04T20:50:20.656+0000] {taskinstance.py:441} INFO - ::group::Post task execution logs
[2024-08-04T20:50:20.677+0000] {taskinstance.py:1206} INFO - Marking task as SUCCESS. dag_id=etl_dag, task_id=carga_dimensao_campaign, run_id=scheduled__2024-08-04T20:40:00+00:00, execution_date=20240804T204000, start_date=20240804T205019, end_date=20240804T205020
[2024-08-04T20:50:20.727+0000] {local_task_job_runner.py:243} INFO - Task exited with return code 0
[2024-08-04T20:50:20.855+0000] {taskinstance.py:3503} INFO - 0 downstream tasks scheduled from follow-on schedule check
[2024-08-04T20:50:20.863+0000] {local_task_job_runner.py:222} INFO - ::endgroup::
