[2024-08-02T09:50:33.681+0000] {local_task_job_runner.py:120} INFO - ::group::Pre task execution logs
[2024-08-02T09:50:33.696+0000] {taskinstance.py:2076} INFO - Dependencies all met for dep_context=non-requeueable deps ti=<TaskInstance: etl_dag.transform_data manual__2024-08-02T09:50:29.393349+00:00 [queued]>
[2024-08-02T09:50:33.703+0000] {taskinstance.py:2076} INFO - Dependencies all met for dep_context=requeueable deps ti=<TaskInstance: etl_dag.transform_data manual__2024-08-02T09:50:29.393349+00:00 [queued]>
[2024-08-02T09:50:33.703+0000] {taskinstance.py:2306} INFO - Starting attempt 1 of 6
[2024-08-02T09:50:33.712+0000] {taskinstance.py:2330} INFO - Executing <Task(PythonOperator): transform_data> on 2024-08-02 09:50:29.393349+00:00
[2024-08-02T09:50:33.720+0000] {warnings.py:112} WARNING - /home/***/.local/lib/python3.12/site-packages/***/task/task_runner/standard_task_runner.py:62: DeprecationWarning: This process (pid=638) is multi-threaded, use of fork() may lead to deadlocks in the child.
  pid = os.fork()

[2024-08-02T09:50:33.722+0000] {standard_task_runner.py:90} INFO - Running: ['***', 'tasks', 'run', 'etl_dag', 'transform_data', 'manual__2024-08-02T09:50:29.393349+00:00', '--job-id', '220', '--raw', '--subdir', 'DAGS_FOLDER/etl_dag.py', '--cfg-path', '/tmp/tmp8qvayzqr']
[2024-08-02T09:50:33.723+0000] {standard_task_runner.py:64} INFO - Started process 640 to run task
[2024-08-02T09:50:33.723+0000] {standard_task_runner.py:91} INFO - Job 220: Subtask transform_data
[2024-08-02T09:50:33.808+0000] {task_command.py:426} INFO - Running <TaskInstance: etl_dag.transform_data manual__2024-08-02T09:50:29.393349+00:00 [running]> on host 69633e19c226
[2024-08-02T09:50:33.879+0000] {taskinstance.py:2648} INFO - Exporting env vars: AIRFLOW_CTX_DAG_OWNER='Gabriel Almeida' AIRFLOW_CTX_DAG_ID='etl_dag' AIRFLOW_CTX_TASK_ID='transform_data' AIRFLOW_CTX_EXECUTION_DATE='2024-08-02T09:50:29.393349+00:00' AIRFLOW_CTX_TRY_NUMBER='1' AIRFLOW_CTX_DAG_RUN_ID='manual__2024-08-02T09:50:29.393349+00:00'
[2024-08-02T09:50:33.881+0000] {taskinstance.py:430} INFO - ::endgroup::
[2024-08-02T09:50:33.903+0000] {logging_mixin.py:188} INFO - DataFrame:
[2024-08-02T09:50:33.926+0000] {logging_mixin.py:188} INFO -         id  id_campaign  ...                      opened_at clicked_at
0  1826658         1157  ...  2024-07-29T18:54:25.000-03:00       None
1  1826659         1150  ...  2024-07-29T18:26:58.000-03:00       None
2  1826660         1150  ...  2024-07-29T18:26:57.000-03:00       None
3  1826661         1157  ...  2024-07-29T18:27:00.000-03:00       None
4  1826662         1157  ...  2024-07-30T01:13:48.000-03:00       None

[5 rows x 12 columns]
[2024-08-02T09:50:33.945+0000] {crypto.py:82} WARNING - empty cryptography key - values will not be stored encrypted.
[2024-08-02T09:50:33.947+0000] {python.py:237} INFO - Done. Returned value was:           id  id_campaign  ...                      opened_at clicked_at
0    1826658         1157  ...  2024-07-29T18:54:25.000-03:00       None
1    1826659         1150  ...  2024-07-29T18:26:58.000-03:00       None
2    1826660         1150  ...  2024-07-29T18:26:57.000-03:00       None
3    1826661         1157  ...  2024-07-29T18:27:00.000-03:00       None
4    1826662         1157  ...  2024-07-30T01:13:48.000-03:00       None
..       ...          ...  ...                            ...        ...
995  1827653         1144  ...                           None       None
996  1827654         1144  ...                           None       None
997  1827655         1144  ...                           None       None
998  1827656         1144  ...                           None       None
999  1827657         1144  ...  2024-08-01T01:09:03.000-03:00       None

[1000 rows x 12 columns]
[2024-08-02T09:50:33.957+0000] {taskinstance.py:441} INFO - ::group::Post task execution logs
[2024-08-02T09:50:34.004+0000] {taskinstance.py:1206} INFO - Marking task as SUCCESS. dag_id=etl_dag, task_id=transform_data, run_id=manual__2024-08-02T09:50:29.393349+00:00, execution_date=20240802T095029, start_date=20240802T095033, end_date=20240802T095034
[2024-08-02T09:50:34.029+0000] {local_task_job_runner.py:243} INFO - Task exited with return code 0
[2024-08-02T09:50:34.059+0000] {warnings.py:112} WARNING - /home/***/.local/lib/python3.12/site-packages/***/models/baseoperator.py:1297: AirflowProviderDeprecationWarning: Call to deprecated class PostgresOperator. (Please use `***.providers.common.sql.operators.sql.SQLExecuteQueryOperator`.Also, you can provide `hook_params={'schema': <database>}`.)
  result = cls.__new__(cls)

[2024-08-02T09:50:34.075+0000] {taskinstance.py:3503} INFO - 1 downstream tasks scheduled from follow-on schedule check
[2024-08-02T09:50:34.076+0000] {local_task_job_runner.py:222} INFO - ::endgroup::
