[2024-08-02T11:26:33.303+0000] {local_task_job_runner.py:120} INFO - ::group::Pre task execution logs
[2024-08-02T11:26:33.325+0000] {taskinstance.py:2076} INFO - Dependencies all met for dep_context=non-requeueable deps ti=<TaskInstance: etl_dag.create_dim_campaign scheduled__2024-08-02T11:10:00+00:00 [queued]>
[2024-08-02T11:26:33.338+0000] {taskinstance.py:2076} INFO - Dependencies all met for dep_context=requeueable deps ti=<TaskInstance: etl_dag.create_dim_campaign scheduled__2024-08-02T11:10:00+00:00 [queued]>
[2024-08-02T11:26:33.339+0000] {taskinstance.py:2306} INFO - Starting attempt 1 of 6
[2024-08-02T11:26:33.358+0000] {taskinstance.py:2330} INFO - Executing <Task(PostgresOperator): create_dim_campaign> on 2024-08-02 11:10:00+00:00
[2024-08-02T11:26:33.365+0000] {warnings.py:112} WARNING - /home/***/.local/lib/python3.12/site-packages/***/task/task_runner/standard_task_runner.py:62: DeprecationWarning: This process (pid=1386) is multi-threaded, use of fork() may lead to deadlocks in the child.
  pid = os.fork()

[2024-08-02T11:26:33.377+0000] {standard_task_runner.py:64} INFO - Started process 1396 to run task
[2024-08-02T11:26:33.378+0000] {standard_task_runner.py:90} INFO - Running: ['***', 'tasks', 'run', 'etl_dag', 'create_dim_campaign', 'scheduled__2024-08-02T11:10:00+00:00', '--job-id', '308', '--raw', '--subdir', 'DAGS_FOLDER/etl_dag.py', '--cfg-path', '/tmp/tmpxtov2tmu']
[2024-08-02T11:26:33.382+0000] {standard_task_runner.py:91} INFO - Job 308: Subtask create_dim_campaign
[2024-08-02T11:26:33.426+0000] {task_command.py:426} INFO - Running <TaskInstance: etl_dag.create_dim_campaign scheduled__2024-08-02T11:10:00+00:00 [running]> on host 69633e19c226
[2024-08-02T11:26:33.501+0000] {taskinstance.py:2648} INFO - Exporting env vars: AIRFLOW_CTX_DAG_OWNER='Gabriel Almeida' AIRFLOW_CTX_DAG_ID='etl_dag' AIRFLOW_CTX_TASK_ID='create_dim_campaign' AIRFLOW_CTX_EXECUTION_DATE='2024-08-02T11:10:00+00:00' AIRFLOW_CTX_TRY_NUMBER='1' AIRFLOW_CTX_DAG_RUN_ID='scheduled__2024-08-02T11:10:00+00:00'
[2024-08-02T11:26:33.503+0000] {taskinstance.py:430} INFO - ::endgroup::
[2024-08-02T11:26:33.504+0000] {sql.py:282} INFO - Executing: 
            CREATE TABLE IF NOT EXISTS DimCampaign (
                id_campaign INT PRIMARY KEY,
                campaign VARCHAR(255)
            );
        
[2024-08-02T11:26:33.512+0000] {base.py:84} INFO - Using connection ID 'postgres_conn' for task execution.
[2024-08-02T11:26:33.530+0000] {base.py:84} INFO - Using connection ID 'postgres_conn' for task execution.
[2024-08-02T11:26:33.552+0000] {sql.py:495} INFO - Running statement: 
            CREATE TABLE IF NOT EXISTS DimCampaign (
                id_campaign INT PRIMARY KEY,
                campaign VARCHAR(255)
            );
        , parameters: None
[2024-08-02T11:26:33.556+0000] {taskinstance.py:441} INFO - ::group::Post task execution logs
[2024-08-02T11:26:33.578+0000] {taskinstance.py:1206} INFO - Marking task as SUCCESS. dag_id=etl_dag, task_id=create_dim_campaign, run_id=scheduled__2024-08-02T11:10:00+00:00, execution_date=20240802T111000, start_date=20240802T112633, end_date=20240802T112633
[2024-08-02T11:26:33.605+0000] {local_task_job_runner.py:243} INFO - Task exited with return code 0
[2024-08-02T11:26:33.615+0000] {local_task_job_runner.py:222} INFO - ::endgroup::
