[2024-08-02T20:43:39.610+0000] {local_task_job_runner.py:120} INFO - ::group::Pre task execution logs
[2024-08-02T20:43:40.425+0000] {taskinstance.py:2076} INFO - Dependencies all met for dep_context=non-requeueable deps ti=<TaskInstance: etl_dag.create_dim_company scheduled__2024-08-02T13:00:00+00:00 [queued]>
[2024-08-02T20:43:40.763+0000] {taskinstance.py:2076} INFO - Dependencies all met for dep_context=requeueable deps ti=<TaskInstance: etl_dag.create_dim_company scheduled__2024-08-02T13:00:00+00:00 [queued]>
[2024-08-02T20:43:40.798+0000] {taskinstance.py:2306} INFO - Starting attempt 1 of 6
[2024-08-02T20:43:41.242+0000] {taskinstance.py:2330} INFO - Executing <Task(PostgresOperator): create_dim_company> on 2024-08-02 13:00:00+00:00
[2024-08-02T20:43:41.338+0000] {warnings.py:112} WARNING - /home/***/.local/lib/python3.12/site-packages/***/task/task_runner/standard_task_runner.py:62: DeprecationWarning: This process (pid=2473) is multi-threaded, use of fork() may lead to deadlocks in the child.
  pid = os.fork()

[2024-08-02T20:43:41.351+0000] {standard_task_runner.py:64} INFO - Started process 2517 to run task
[2024-08-02T20:43:41.369+0000] {standard_task_runner.py:90} INFO - Running: ['***', 'tasks', 'run', 'etl_dag', 'create_dim_company', 'scheduled__2024-08-02T13:00:00+00:00', '--job-id', '452', '--raw', '--subdir', 'DAGS_FOLDER/etl_dag.py', '--cfg-path', '/tmp/tmprz4escrp']
[2024-08-02T20:43:41.382+0000] {standard_task_runner.py:91} INFO - Job 452: Subtask create_dim_company
[2024-08-02T20:43:45.188+0000] {task_command.py:426} INFO - Running <TaskInstance: etl_dag.create_dim_company scheduled__2024-08-02T13:00:00+00:00 [running]> on host 69633e19c226
[2024-08-02T20:43:50.616+0000] {taskinstance.py:2648} INFO - Exporting env vars: AIRFLOW_CTX_DAG_OWNER='Gabriel Almeida' AIRFLOW_CTX_DAG_ID='etl_dag' AIRFLOW_CTX_TASK_ID='create_dim_company' AIRFLOW_CTX_EXECUTION_DATE='2024-08-02T13:00:00+00:00' AIRFLOW_CTX_TRY_NUMBER='1' AIRFLOW_CTX_DAG_RUN_ID='scheduled__2024-08-02T13:00:00+00:00'
[2024-08-02T20:43:51.033+0000] {taskinstance.py:430} INFO - ::endgroup::
[2024-08-02T20:43:51.051+0000] {sql.py:282} INFO - Executing: 
            CREATE TABLE IF NOT EXISTS DimCompany (
                id_company INT PRIMARY KEY,
                company VARCHAR(255)
            );
        
[2024-08-02T20:43:51.986+0000] {base.py:84} INFO - Using connection ID 'postgres_conn' for task execution.
[2024-08-02T20:43:52.836+0000] {base.py:84} INFO - Using connection ID 'postgres_conn' for task execution.
[2024-08-02T20:43:53.313+0000] {sql.py:495} INFO - Running statement: 
            CREATE TABLE IF NOT EXISTS DimCompany (
                id_company INT PRIMARY KEY,
                company VARCHAR(255)
            );
        , parameters: None
[2024-08-02T20:43:53.570+0000] {taskinstance.py:441} INFO - ::group::Post task execution logs
[2024-08-02T20:43:54.509+0000] {taskinstance.py:1206} INFO - Marking task as SUCCESS. dag_id=etl_dag, task_id=create_dim_company, run_id=scheduled__2024-08-02T13:00:00+00:00, execution_date=20240802T130000, start_date=20240802T204340, end_date=20240802T204354
[2024-08-02T20:43:55.278+0000] {local_task_job_runner.py:243} INFO - Task exited with return code 0
[2024-08-02T20:43:55.889+0000] {warnings.py:112} WARNING - /home/***/.local/lib/python3.12/site-packages/***/models/baseoperator.py:1297: AirflowProviderDeprecationWarning: Call to deprecated class PostgresOperator. (Please use `***.providers.common.sql.operators.sql.SQLExecuteQueryOperator`.Also, you can provide `hook_params={'schema': <database>}`.)
  result = cls.__new__(cls)

[2024-08-02T20:43:57.923+0000] {taskinstance.py:3503} INFO - 1 downstream tasks scheduled from follow-on schedule check
[2024-08-02T20:43:58.024+0000] {local_task_job_runner.py:222} INFO - ::endgroup::
