[2024-08-05T00:51:58.841+0000] {local_task_job_runner.py:120} INFO - ::group::Pre task execution logs
[2024-08-05T00:52:02.900+0000] {taskinstance.py:2076} INFO - Dependencies all met for dep_context=non-requeueable deps ti=<TaskInstance: etl_dag.carga_dimensao_campaign scheduled__2024-08-05T00:40:00+00:00 [queued]>
[2024-08-05T00:52:03.471+0000] {taskinstance.py:2076} INFO - Dependencies all met for dep_context=requeueable deps ti=<TaskInstance: etl_dag.carga_dimensao_campaign scheduled__2024-08-05T00:40:00+00:00 [queued]>
[2024-08-05T00:52:03.628+0000] {taskinstance.py:2306} INFO - Starting attempt 1 of 6
[2024-08-05T00:52:09.784+0000] {taskinstance.py:2330} INFO - Executing <Task(PythonOperator): carga_dimensao_campaign> on 2024-08-05 00:40:00+00:00
[2024-08-05T00:52:10.182+0000] {warnings.py:112} WARNING - /home/***/.local/lib/python3.12/site-packages/***/task/task_runner/standard_task_runner.py:62: DeprecationWarning: This process (pid=81) is multi-threaded, use of fork() may lead to deadlocks in the child.
  pid = os.fork()

[2024-08-05T00:52:10.252+0000] {standard_task_runner.py:64} INFO - Started process 121 to run task
[2024-08-05T00:52:10.560+0000] {standard_task_runner.py:90} INFO - Running: ['***', 'tasks', 'run', 'etl_dag', 'carga_dimensao_campaign', 'scheduled__2024-08-05T00:40:00+00:00', '--job-id', '1611', '--raw', '--subdir', 'DAGS_FOLDER/etl_dag.py', '--cfg-path', '/tmp/tmps68z9hev']
[2024-08-05T00:52:11.481+0000] {standard_task_runner.py:91} INFO - Job 1611: Subtask carga_dimensao_campaign
[2024-08-05T00:52:13.072+0000] {task_command.py:426} INFO - Running <TaskInstance: etl_dag.carga_dimensao_campaign scheduled__2024-08-05T00:40:00+00:00 [running]> on host e5e34d4cb805
[2024-08-05T00:52:16.484+0000] {taskinstance.py:2648} INFO - Exporting env vars: AIRFLOW_CTX_DAG_OWNER='Gabriel Almeida' AIRFLOW_CTX_DAG_ID='etl_dag' AIRFLOW_CTX_TASK_ID='carga_dimensao_campaign' AIRFLOW_CTX_EXECUTION_DATE='2024-08-05T00:40:00+00:00' AIRFLOW_CTX_TRY_NUMBER='1' AIRFLOW_CTX_DAG_RUN_ID='scheduled__2024-08-05T00:40:00+00:00'
[2024-08-05T00:52:16.816+0000] {taskinstance.py:430} INFO - ::endgroup::
[2024-08-05T00:52:21.673+0000] {taskinstance.py:441} INFO - ::group::Post task execution logs
[2024-08-05T00:52:21.750+0000] {taskinstance.py:2905} ERROR - Task failed with exception
Traceback (most recent call last):
  File "/home/airflow/.local/lib/python3.12/site-packages/airflow/models/taskinstance.py", line 465, in _execute_task
    result = _execute_callable(context=context, **execute_callable_kwargs)
             ^^^^^^^^^^^^^^^^^^^^^^^^^^^^^^^^^^^^^^^^^^^^^^^^^^^^^^^^^^^^^
  File "/home/airflow/.local/lib/python3.12/site-packages/airflow/models/taskinstance.py", line 432, in _execute_callable
    return execute_callable(context=context, **execute_callable_kwargs)
           ^^^^^^^^^^^^^^^^^^^^^^^^^^^^^^^^^^^^^^^^^^^^^^^^^^^^^^^^^^^^
  File "/home/airflow/.local/lib/python3.12/site-packages/airflow/models/baseoperator.py", line 401, in wrapper
    return func(self, *args, **kwargs)
           ^^^^^^^^^^^^^^^^^^^^^^^^^^^
  File "/home/airflow/.local/lib/python3.12/site-packages/airflow/operators/python.py", line 235, in execute
    return_value = self.execute_callable()
                   ^^^^^^^^^^^^^^^^^^^^^^^
  File "/home/airflow/.local/lib/python3.12/site-packages/airflow/operators/python.py", line 252, in execute_callable
    return self.python_callable(*self.op_args, **self.op_kwargs)
           ^^^^^^^^^^^^^^^^^^^^^^^^^^^^^^^^^^^^^^^^^^^^^^^^^^^^^
  File "/opt/airflow/dags/etl/dim_load.py", line 43, in load_dim_campaign
    unique_campaign = df[['id_campaign','campaign']].drop_duplicates()
                      ~~^^^^^^^^^^^^^^^^^^^^^^^^^^^^
TypeError: 'NoneType' object is not subscriptable
[2024-08-05T00:52:22.470+0000] {taskinstance.py:1206} INFO - Marking task as UP_FOR_RETRY. dag_id=etl_dag, task_id=carga_dimensao_campaign, run_id=scheduled__2024-08-05T00:40:00+00:00, execution_date=20240805T004000, start_date=20240805T005203, end_date=20240805T005222
[2024-08-05T00:52:22.883+0000] {standard_task_runner.py:110} ERROR - Failed to execute job 1611 for task carga_dimensao_campaign ('NoneType' object is not subscriptable; 121)
[2024-08-05T00:52:23.385+0000] {local_task_job_runner.py:243} INFO - Task exited with return code 1
[2024-08-05T00:52:24.528+0000] {local_task_job_runner.py:222} INFO - ::endgroup::
