[2024-08-04T21:00:10.681+0000] {local_task_job_runner.py:120} INFO - ::group::Pre task execution logs
[2024-08-04T21:00:10.694+0000] {taskinstance.py:2076} INFO - Dependencies all met for dep_context=non-requeueable deps ti=<TaskInstance: etl_dag.create_dim_campaign scheduled__2024-08-04T20:50:00+00:00 [queued]>
[2024-08-04T21:00:10.700+0000] {taskinstance.py:2076} INFO - Dependencies all met for dep_context=requeueable deps ti=<TaskInstance: etl_dag.create_dim_campaign scheduled__2024-08-04T20:50:00+00:00 [queued]>
[2024-08-04T21:00:10.701+0000] {taskinstance.py:2306} INFO - Starting attempt 1 of 6
[2024-08-04T21:00:10.709+0000] {taskinstance.py:2330} INFO - Executing <Task(PostgresOperator): create_dim_campaign> on 2024-08-04 20:50:00+00:00
[2024-08-04T21:00:10.732+0000] {warnings.py:112} WARNING - /home/***/.local/lib/python3.12/site-packages/***/task/task_runner/standard_task_runner.py:62: DeprecationWarning: This process (pid=3408) is multi-threaded, use of fork() may lead to deadlocks in the child.
  pid = os.fork()

[2024-08-04T21:00:10.738+0000] {standard_task_runner.py:64} INFO - Started process 3414 to run task
[2024-08-04T21:00:10.741+0000] {standard_task_runner.py:90} INFO - Running: ['***', 'tasks', 'run', 'etl_dag', 'create_dim_campaign', 'scheduled__2024-08-04T20:50:00+00:00', '--job-id', '1016', '--raw', '--subdir', 'DAGS_FOLDER/etl_dag.py', '--cfg-path', '/tmp/tmpvfwvl0mz']
[2024-08-04T21:00:10.744+0000] {standard_task_runner.py:91} INFO - Job 1016: Subtask create_dim_campaign
[2024-08-04T21:00:10.875+0000] {task_command.py:426} INFO - Running <TaskInstance: etl_dag.create_dim_campaign scheduled__2024-08-04T20:50:00+00:00 [running]> on host 83ccd21ce624
[2024-08-04T21:00:11.028+0000] {taskinstance.py:2648} INFO - Exporting env vars: AIRFLOW_CTX_DAG_OWNER='Gabriel Almeida' AIRFLOW_CTX_DAG_ID='etl_dag' AIRFLOW_CTX_TASK_ID='create_dim_campaign' AIRFLOW_CTX_EXECUTION_DATE='2024-08-04T20:50:00+00:00' AIRFLOW_CTX_TRY_NUMBER='1' AIRFLOW_CTX_DAG_RUN_ID='scheduled__2024-08-04T20:50:00+00:00'
[2024-08-04T21:00:11.031+0000] {taskinstance.py:430} INFO - ::endgroup::
[2024-08-04T21:00:11.032+0000] {sql.py:282} INFO - Executing: 
            CREATE TABLE IF NOT EXISTS DimCampaign (
                id_campaign SERIAL PRIMARY KEY,
                campaign VARCHAR(255) UNIQUE NOT NULL
            );
        
[2024-08-04T21:00:11.040+0000] {base.py:84} INFO - Using connection ID 'postgres_conn' for task execution.
[2024-08-04T21:00:11.048+0000] {base.py:84} INFO - Using connection ID 'postgres_conn' for task execution.
[2024-08-04T21:00:11.070+0000] {sql.py:495} INFO - Running statement: 
            CREATE TABLE IF NOT EXISTS DimCampaign (
                id_campaign SERIAL PRIMARY KEY,
                campaign VARCHAR(255) UNIQUE NOT NULL
            );
        , parameters: None
[2024-08-04T21:00:11.073+0000] {taskinstance.py:441} INFO - ::group::Post task execution logs
[2024-08-04T21:00:11.083+0000] {taskinstance.py:1206} INFO - Marking task as SUCCESS. dag_id=etl_dag, task_id=create_dim_campaign, run_id=scheduled__2024-08-04T20:50:00+00:00, execution_date=20240804T205000, start_date=20240804T210010, end_date=20240804T210011
[2024-08-04T21:00:11.131+0000] {local_task_job_runner.py:243} INFO - Task exited with return code 0
[2024-08-04T21:00:11.145+0000] {local_task_job_runner.py:222} INFO - ::endgroup::
