[2024-07-31T00:00:03.105+0000] {local_task_job_runner.py:120} INFO - ::group::Pre task execution logs
[2024-07-31T00:00:03.113+0000] {taskinstance.py:2076} INFO - Dependencies all met for dep_context=non-requeueable deps ti=<TaskInstance: etl_dag.transform_data scheduled__2024-07-30T00:00:00+00:00 [queued]>
[2024-07-31T00:00:03.116+0000] {taskinstance.py:2076} INFO - Dependencies all met for dep_context=requeueable deps ti=<TaskInstance: etl_dag.transform_data scheduled__2024-07-30T00:00:00+00:00 [queued]>
[2024-07-31T00:00:03.117+0000] {taskinstance.py:2306} INFO - Starting attempt 1 of 2
[2024-07-31T00:00:03.122+0000] {taskinstance.py:2330} INFO - Executing <Task(PythonOperator): transform_data> on 2024-07-30 00:00:00+00:00
[2024-07-31T00:00:03.125+0000] {warnings.py:112} WARNING - /home/***/.local/lib/python3.12/site-packages/***/task/task_runner/standard_task_runner.py:62: DeprecationWarning: This process (pid=805) is multi-threaded, use of fork() may lead to deadlocks in the child.
  pid = os.fork()

[2024-07-31T00:00:03.126+0000] {standard_task_runner.py:64} INFO - Started process 807 to run task
[2024-07-31T00:00:03.126+0000] {standard_task_runner.py:90} INFO - Running: ['***', 'tasks', 'run', 'etl_dag', 'transform_data', 'scheduled__2024-07-30T00:00:00+00:00', '--job-id', '36', '--raw', '--subdir', 'DAGS_FOLDER/etl_dag.py', '--cfg-path', '/tmp/tmp_axjg50j']
[2024-07-31T00:00:03.127+0000] {standard_task_runner.py:91} INFO - Job 36: Subtask transform_data
[2024-07-31T00:00:03.152+0000] {task_command.py:426} INFO - Running <TaskInstance: etl_dag.transform_data scheduled__2024-07-30T00:00:00+00:00 [running]> on host bb49ef30ae89
[2024-07-31T00:00:03.192+0000] {taskinstance.py:2648} INFO - Exporting env vars: AIRFLOW_CTX_DAG_OWNER='Gabriel Almeida' AIRFLOW_CTX_DAG_ID='etl_dag' AIRFLOW_CTX_TASK_ID='transform_data' AIRFLOW_CTX_EXECUTION_DATE='2024-07-30T00:00:00+00:00' AIRFLOW_CTX_TRY_NUMBER='1' AIRFLOW_CTX_DAG_RUN_ID='scheduled__2024-07-30T00:00:00+00:00'
[2024-07-31T00:00:03.192+0000] {taskinstance.py:430} INFO - ::endgroup::
[2024-07-31T00:00:03.205+0000] {logging_mixin.py:188} INFO - DataFrame:
[2024-07-31T00:00:03.212+0000] {logging_mixin.py:188} INFO -         id  id_campaign  ...                      opened_at clicked_at
0  1814658         2545  ...                           None       None
1  1814659         2545  ...  2024-07-15T16:04:17.000-03:00       None
2  1814660         2545  ...  2024-07-15T16:04:19.000-03:00       None
3  1814661         2545  ...  2024-07-15T16:08:37.000-03:00       None
4  1814662         2545  ...                           None       None

[5 rows x 12 columns]
[2024-07-31T00:00:03.220+0000] {crypto.py:82} WARNING - empty cryptography key - values will not be stored encrypted.
[2024-07-31T00:00:03.222+0000] {logging_mixin.py:188} INFO - 1815657
[2024-07-31T00:00:03.222+0000] {python.py:237} INFO - Done. Returned value was:           id  id_campaign  ...                      opened_at clicked_at
0    1814658         2545  ...                           None       None
1    1814659         2545  ...  2024-07-15T16:04:17.000-03:00       None
2    1814660         2545  ...  2024-07-15T16:04:19.000-03:00       None
3    1814661         2545  ...  2024-07-15T16:08:37.000-03:00       None
4    1814662         2545  ...                           None       None
..       ...          ...  ...                            ...        ...
995  1815653         1142  ...  2024-07-17T05:34:02.000-03:00       None
996  1815654         1142  ...  2024-07-17T05:34:04.000-03:00       None
997  1815655         1142  ...  2024-07-17T05:34:08.000-03:00       None
998  1815656         1142  ...  2024-07-17T05:34:22.000-03:00       None
999  1815657         1142  ...  2024-07-17T05:34:15.000-03:00       None

[1000 rows x 12 columns]
[2024-07-31T00:00:03.231+0000] {taskinstance.py:441} INFO - ::group::Post task execution logs
[2024-07-31T00:00:03.265+0000] {taskinstance.py:1206} INFO - Marking task as SUCCESS. dag_id=etl_dag, task_id=transform_data, run_id=scheduled__2024-07-30T00:00:00+00:00, execution_date=20240730T000000, start_date=20240731T000003, end_date=20240731T000003
[2024-07-31T00:00:03.309+0000] {local_task_job_runner.py:243} INFO - Task exited with return code 0
[2024-07-31T00:00:03.322+0000] {taskinstance.py:3503} INFO - 0 downstream tasks scheduled from follow-on schedule check
[2024-07-31T00:00:03.323+0000] {local_task_job_runner.py:222} INFO - ::endgroup::
