[2024-08-05T00:51:27.315+0000] {local_task_job_runner.py:120} INFO - ::group::Pre task execution logs
[2024-08-05T00:51:54.448+0000] {taskinstance.py:2076} INFO - Dependencies all met for dep_context=non-requeueable deps ti=<TaskInstance: etl_dag.carga_dimensao_user_type scheduled__2024-08-05T00:40:00+00:00 [queued]>
[2024-08-05T00:51:54.715+0000] {taskinstance.py:2076} INFO - Dependencies all met for dep_context=requeueable deps ti=<TaskInstance: etl_dag.carga_dimensao_user_type scheduled__2024-08-05T00:40:00+00:00 [queued]>
[2024-08-05T00:51:54.745+0000] {taskinstance.py:2306} INFO - Starting attempt 1 of 6
[2024-08-05T00:51:56.514+0000] {taskinstance.py:2330} INFO - Executing <Task(PythonOperator): carga_dimensao_user_type> on 2024-08-05 00:40:00+00:00
[2024-08-05T00:51:56.933+0000] {warnings.py:112} WARNING - /home/***/.local/lib/python3.12/site-packages/***/task/task_runner/standard_task_runner.py:62: DeprecationWarning: This process (pid=82) is multi-threaded, use of fork() may lead to deadlocks in the child.
  pid = os.fork()

[2024-08-05T00:51:57.039+0000] {standard_task_runner.py:64} INFO - Started process 119 to run task
[2024-08-05T00:51:57.042+0000] {standard_task_runner.py:90} INFO - Running: ['***', 'tasks', 'run', 'etl_dag', 'carga_dimensao_user_type', 'scheduled__2024-08-05T00:40:00+00:00', '--job-id', '1604', '--raw', '--subdir', 'DAGS_FOLDER/etl_dag.py', '--cfg-path', '/tmp/tmplsj6ihge']
[2024-08-05T00:51:57.247+0000] {standard_task_runner.py:91} INFO - Job 1604: Subtask carga_dimensao_user_type
[2024-08-05T00:52:05.466+0000] {task_command.py:426} INFO - Running <TaskInstance: etl_dag.carga_dimensao_user_type scheduled__2024-08-05T00:40:00+00:00 [running]> on host e5e34d4cb805
[2024-08-05T00:52:14.700+0000] {taskinstance.py:2648} INFO - Exporting env vars: AIRFLOW_CTX_DAG_OWNER='Gabriel Almeida' AIRFLOW_CTX_DAG_ID='etl_dag' AIRFLOW_CTX_TASK_ID='carga_dimensao_user_type' AIRFLOW_CTX_EXECUTION_DATE='2024-08-05T00:40:00+00:00' AIRFLOW_CTX_TRY_NUMBER='1' AIRFLOW_CTX_DAG_RUN_ID='scheduled__2024-08-05T00:40:00+00:00'
[2024-08-05T00:52:14.826+0000] {taskinstance.py:430} INFO - ::endgroup::
[2024-08-05T00:52:16.557+0000] {taskinstance.py:441} INFO - ::group::Post task execution logs
[2024-08-05T00:52:16.575+0000] {taskinstance.py:2905} ERROR - Task failed with exception
Traceback (most recent call last):
  File "/home/airflow/.local/lib/python3.12/site-packages/airflow/models/taskinstance.py", line 465, in _execute_task
    result = _execute_callable(context=context, **execute_callable_kwargs)
             ^^^^^^^^^^^^^^^^^^^^^^^^^^^^^^^^^^^^^^^^^^^^^^^^^^^^^^^^^^^^^
  File "/home/airflow/.local/lib/python3.12/site-packages/airflow/models/taskinstance.py", line 432, in _execute_callable
    return execute_callable(context=context, **execute_callable_kwargs)
           ^^^^^^^^^^^^^^^^^^^^^^^^^^^^^^^^^^^^^^^^^^^^^^^^^^^^^^^^^^^^
  File "/home/airflow/.local/lib/python3.12/site-packages/airflow/models/baseoperator.py", line 401, in wrapper
    return func(self, *args, **kwargs)
           ^^^^^^^^^^^^^^^^^^^^^^^^^^^
  File "/home/airflow/.local/lib/python3.12/site-packages/airflow/operators/python.py", line 235, in execute
    return_value = self.execute_callable()
                   ^^^^^^^^^^^^^^^^^^^^^^^
  File "/home/airflow/.local/lib/python3.12/site-packages/airflow/operators/python.py", line 252, in execute_callable
    return self.python_callable(*self.op_args, **self.op_kwargs)
           ^^^^^^^^^^^^^^^^^^^^^^^^^^^^^^^^^^^^^^^^^^^^^^^^^^^^^
  File "/opt/airflow/dags/etl/dim_load.py", line 7, in load_dim_user_type
    unique_user_types = df[['user_type']].drop_duplicates()
                        ~~^^^^^^^^^^^^^^^
TypeError: 'NoneType' object is not subscriptable
[2024-08-05T00:52:20.638+0000] {taskinstance.py:1206} INFO - Marking task as UP_FOR_RETRY. dag_id=etl_dag, task_id=carga_dimensao_user_type, run_id=scheduled__2024-08-05T00:40:00+00:00, execution_date=20240805T004000, start_date=20240805T005154, end_date=20240805T005220
[2024-08-05T00:52:22.493+0000] {standard_task_runner.py:110} ERROR - Failed to execute job 1604 for task carga_dimensao_user_type ('NoneType' object is not subscriptable; 119)
[2024-08-05T00:52:23.027+0000] {local_task_job_runner.py:243} INFO - Task exited with return code 1
[2024-08-05T00:52:26.116+0000] {taskinstance.py:3503} INFO - 0 downstream tasks scheduled from follow-on schedule check
[2024-08-05T00:52:26.364+0000] {local_task_job_runner.py:222} INFO - ::endgroup::
