[2024-08-04T19:50:11.027+0000] {local_task_job_runner.py:120} INFO - ::group::Pre task execution logs
[2024-08-04T19:50:11.066+0000] {taskinstance.py:2076} INFO - Dependencies all met for dep_context=non-requeueable deps ti=<TaskInstance: etl_dag.create_dim_user_type scheduled__2024-08-04T19:40:00+00:00 [queued]>
[2024-08-04T19:50:11.079+0000] {taskinstance.py:2076} INFO - Dependencies all met for dep_context=requeueable deps ti=<TaskInstance: etl_dag.create_dim_user_type scheduled__2024-08-04T19:40:00+00:00 [queued]>
[2024-08-04T19:50:11.082+0000] {taskinstance.py:2306} INFO - Starting attempt 1 of 6
[2024-08-04T19:50:11.099+0000] {taskinstance.py:2330} INFO - Executing <Task(PostgresOperator): create_dim_user_type> on 2024-08-04 19:40:00+00:00
[2024-08-04T19:50:11.126+0000] {warnings.py:112} WARNING - /home/***/.local/lib/python3.12/site-packages/***/task/task_runner/standard_task_runner.py:62: DeprecationWarning: This process (pid=1688) is multi-threaded, use of fork() may lead to deadlocks in the child.
  pid = os.fork()

[2024-08-04T19:50:11.134+0000] {standard_task_runner.py:64} INFO - Started process 1701 to run task
[2024-08-04T19:50:11.134+0000] {standard_task_runner.py:90} INFO - Running: ['***', 'tasks', 'run', 'etl_dag', 'create_dim_user_type', 'scheduled__2024-08-04T19:40:00+00:00', '--job-id', '864', '--raw', '--subdir', 'DAGS_FOLDER/etl_dag.py', '--cfg-path', '/tmp/tmpcv31s0pj']
[2024-08-04T19:50:11.139+0000] {standard_task_runner.py:91} INFO - Job 864: Subtask create_dim_user_type
[2024-08-04T19:50:11.352+0000] {task_command.py:426} INFO - Running <TaskInstance: etl_dag.create_dim_user_type scheduled__2024-08-04T19:40:00+00:00 [running]> on host 83ccd21ce624
[2024-08-04T19:50:11.597+0000] {taskinstance.py:2648} INFO - Exporting env vars: AIRFLOW_CTX_DAG_OWNER='Gabriel Almeida' AIRFLOW_CTX_DAG_ID='etl_dag' AIRFLOW_CTX_TASK_ID='create_dim_user_type' AIRFLOW_CTX_EXECUTION_DATE='2024-08-04T19:40:00+00:00' AIRFLOW_CTX_TRY_NUMBER='1' AIRFLOW_CTX_DAG_RUN_ID='scheduled__2024-08-04T19:40:00+00:00'
[2024-08-04T19:50:11.615+0000] {taskinstance.py:430} INFO - ::endgroup::
[2024-08-04T19:50:11.618+0000] {sql.py:282} INFO - Executing: 
            CREATE TABLE IF NOT EXISTS DimUserType (
                id_user_type SERIAL PRIMARY KEY,
                user_type VARCHAR(255) UNIQUE NOT NULL
);
        
[2024-08-04T19:50:11.661+0000] {base.py:84} INFO - Using connection ID 'postgres_conn' for task execution.
[2024-08-04T19:50:11.734+0000] {base.py:84} INFO - Using connection ID 'postgres_conn' for task execution.
[2024-08-04T19:50:11.821+0000] {sql.py:495} INFO - Running statement: 
            CREATE TABLE IF NOT EXISTS DimUserType (
                id_user_type SERIAL PRIMARY KEY,
                user_type VARCHAR(255) UNIQUE NOT NULL
);
        , parameters: None
[2024-08-04T19:50:11.876+0000] {taskinstance.py:441} INFO - ::group::Post task execution logs
[2024-08-04T19:50:11.910+0000] {taskinstance.py:1206} INFO - Marking task as SUCCESS. dag_id=etl_dag, task_id=create_dim_user_type, run_id=scheduled__2024-08-04T19:40:00+00:00, execution_date=20240804T194000, start_date=20240804T195011, end_date=20240804T195011
[2024-08-04T19:50:11.993+0000] {local_task_job_runner.py:243} INFO - Task exited with return code 0
[2024-08-04T19:50:12.045+0000] {local_task_job_runner.py:222} INFO - ::endgroup::
