[2024-08-01T17:10:39.194+0000] {local_task_job_runner.py:120} INFO - ::group::Pre task execution logs
[2024-08-01T17:10:39.214+0000] {taskinstance.py:2076} INFO - Dependencies all met for dep_context=non-requeueable deps ti=<TaskInstance: etl_dag.create_fato_email_marketing manual__2024-08-01T17:09:27.168537+00:00 [queued]>
[2024-08-01T17:10:39.221+0000] {taskinstance.py:2076} INFO - Dependencies all met for dep_context=requeueable deps ti=<TaskInstance: etl_dag.create_fato_email_marketing manual__2024-08-01T17:09:27.168537+00:00 [queued]>
[2024-08-01T17:10:39.221+0000] {taskinstance.py:2306} INFO - Starting attempt 2 of 6
[2024-08-01T17:10:39.231+0000] {taskinstance.py:2330} INFO - Executing <Task(PostgresOperator): create_fato_email_marketing> on 2024-08-01 17:09:27.168537+00:00
[2024-08-01T17:10:39.245+0000] {warnings.py:112} WARNING - /home/***/.local/lib/python3.12/site-packages/***/task/task_runner/standard_task_runner.py:62: DeprecationWarning: This process (pid=801) is multi-threaded, use of fork() may lead to deadlocks in the child.
  pid = os.fork()

[2024-08-01T17:10:39.246+0000] {standard_task_runner.py:64} INFO - Started process 803 to run task
[2024-08-01T17:10:39.246+0000] {standard_task_runner.py:90} INFO - Running: ['***', 'tasks', 'run', 'etl_dag', 'create_fato_email_marketing', 'manual__2024-08-01T17:09:27.168537+00:00', '--job-id', '137', '--raw', '--subdir', 'DAGS_FOLDER/etl_dag.py', '--cfg-path', '/tmp/tmpmgsfae6n']
[2024-08-01T17:10:39.247+0000] {standard_task_runner.py:91} INFO - Job 137: Subtask create_fato_email_marketing
[2024-08-01T17:10:39.341+0000] {task_command.py:426} INFO - Running <TaskInstance: etl_dag.create_fato_email_marketing manual__2024-08-01T17:09:27.168537+00:00 [running]> on host e27a9ccca098
[2024-08-01T17:10:39.582+0000] {taskinstance.py:2648} INFO - Exporting env vars: AIRFLOW_CTX_DAG_OWNER='Gabriel Almeida' AIRFLOW_CTX_DAG_ID='etl_dag' AIRFLOW_CTX_TASK_ID='create_fato_email_marketing' AIRFLOW_CTX_EXECUTION_DATE='2024-08-01T17:09:27.168537+00:00' AIRFLOW_CTX_TRY_NUMBER='2' AIRFLOW_CTX_DAG_RUN_ID='manual__2024-08-01T17:09:27.168537+00:00'
[2024-08-01T17:10:39.594+0000] {taskinstance.py:430} INFO - ::endgroup::
[2024-08-01T17:10:39.603+0000] {sql.py:282} INFO - Executing: 
            CREATE TABLE IF NOT EXISTS FatoEmailMarketing (
                id INT PRIMARY KEY,
                id_campaign INT,
                id_company INT,
                id_user_type INT,
                "to" VARCHAR(255),
                mailer VARCHAR(255),
                subject VARCHAR(255),
                sent_at TIMESTAMP,
                opened_at TIMESTAMP,
                clicked_at TIMESTAMP,
                token VARCHAR(255),
                FOREIGN KEY (id_campaign) REFERENCES DimCampaign(id_campaign),
                FOREIGN KEY (id_company) REFERENCES DimCompany(id_company),
                FOREIGN KEY (id_user_type) REFERENCES DimUserType(id_user_type)
            );
        
[2024-08-01T17:10:39.633+0000] {base.py:84} INFO - Using connection ID 'postgres_conn' for task execution.
[2024-08-01T17:10:39.673+0000] {base.py:84} INFO - Using connection ID 'postgres_conn' for task execution.
[2024-08-01T17:10:39.699+0000] {sql.py:495} INFO - Running statement: 
            CREATE TABLE IF NOT EXISTS FatoEmailMarketing (
                id INT PRIMARY KEY,
                id_campaign INT,
                id_company INT,
                id_user_type INT,
                "to" VARCHAR(255),
                mailer VARCHAR(255),
                subject VARCHAR(255),
                sent_at TIMESTAMP,
                opened_at TIMESTAMP,
                clicked_at TIMESTAMP,
                token VARCHAR(255),
                FOREIGN KEY (id_campaign) REFERENCES DimCampaign(id_campaign),
                FOREIGN KEY (id_company) REFERENCES DimCompany(id_company),
                FOREIGN KEY (id_user_type) REFERENCES DimUserType(id_user_type)
            );
        , parameters: None
[2024-08-01T17:10:39.730+0000] {taskinstance.py:441} INFO - ::group::Post task execution logs
[2024-08-01T17:10:39.749+0000] {taskinstance.py:1206} INFO - Marking task as SUCCESS. dag_id=etl_dag, task_id=create_fato_email_marketing, run_id=manual__2024-08-01T17:09:27.168537+00:00, execution_date=20240801T170927, start_date=20240801T171039, end_date=20240801T171039
[2024-08-01T17:10:39.811+0000] {local_task_job_runner.py:243} INFO - Task exited with return code 0
[2024-08-01T17:10:39.863+0000] {taskinstance.py:3503} INFO - 0 downstream tasks scheduled from follow-on schedule check
[2024-08-01T17:10:39.866+0000] {local_task_job_runner.py:222} INFO - ::endgroup::
