[2024-08-05T00:51:26.536+0000] {local_task_job_runner.py:120} INFO - ::group::Pre task execution logs
[2024-08-05T00:51:28.009+0000] {taskinstance.py:2076} INFO - Dependencies all met for dep_context=non-requeueable deps ti=<TaskInstance: etl_dag.transform_data scheduled__2024-08-05T00:40:00+00:00 [queued]>
[2024-08-05T00:51:28.188+0000] {taskinstance.py:2076} INFO - Dependencies all met for dep_context=requeueable deps ti=<TaskInstance: etl_dag.transform_data scheduled__2024-08-05T00:40:00+00:00 [queued]>
[2024-08-05T00:51:28.210+0000] {taskinstance.py:2306} INFO - Starting attempt 1 of 6
[2024-08-05T00:52:02.609+0000] {taskinstance.py:2330} INFO - Executing <Task(PythonOperator): transform_data> on 2024-08-05 00:40:00+00:00
[2024-08-05T00:52:03.695+0000] {warnings.py:112} WARNING - /home/***/.local/lib/python3.12/site-packages/***/task/task_runner/standard_task_runner.py:62: DeprecationWarning: This process (pid=79) is multi-threaded, use of fork() may lead to deadlocks in the child.
  pid = os.fork()

[2024-08-05T00:52:04.098+0000] {standard_task_runner.py:64} INFO - Started process 120 to run task
[2024-08-05T00:52:04.152+0000] {standard_task_runner.py:90} INFO - Running: ['***', 'tasks', 'run', 'etl_dag', 'transform_data', 'scheduled__2024-08-05T00:40:00+00:00', '--job-id', '1603', '--raw', '--subdir', 'DAGS_FOLDER/etl_dag.py', '--cfg-path', '/tmp/tmpcx0j_yoz']
[2024-08-05T00:52:04.457+0000] {standard_task_runner.py:91} INFO - Job 1603: Subtask transform_data
[2024-08-05T00:52:13.350+0000] {task_command.py:426} INFO - Running <TaskInstance: etl_dag.transform_data scheduled__2024-08-05T00:40:00+00:00 [running]> on host e5e34d4cb805
[2024-08-05T00:52:21.728+0000] {taskinstance.py:2648} INFO - Exporting env vars: AIRFLOW_CTX_DAG_OWNER='Gabriel Almeida' AIRFLOW_CTX_DAG_ID='etl_dag' AIRFLOW_CTX_TASK_ID='transform_data' AIRFLOW_CTX_EXECUTION_DATE='2024-08-05T00:40:00+00:00' AIRFLOW_CTX_TRY_NUMBER='1' AIRFLOW_CTX_DAG_RUN_ID='scheduled__2024-08-05T00:40:00+00:00'
[2024-08-05T00:52:21.964+0000] {taskinstance.py:430} INFO - ::endgroup::
[2024-08-05T00:52:25.141+0000] {logging_mixin.py:188} INFO - DataFrame:
[2024-08-05T00:52:26.256+0000] {logging_mixin.py:188} INFO - Empty DataFrame
Columns: []
Index: []
[2024-08-05T00:52:26.570+0000] {logging_mixin.py:188} INFO - Series([], dtype: int64)
[2024-08-05T00:52:28.057+0000] {crypto.py:82} WARNING - empty cryptography key - values will not be stored encrypted.
[2024-08-05T00:52:29.212+0000] {python.py:237} INFO - Done. Returned value was: Empty DataFrame
Columns: []
Index: []
[2024-08-05T00:52:30.370+0000] {taskinstance.py:441} INFO - ::group::Post task execution logs
[2024-08-05T00:52:51.254+0000] {taskinstance.py:1206} INFO - Marking task as SUCCESS. dag_id=etl_dag, task_id=transform_data, run_id=scheduled__2024-08-05T00:40:00+00:00, execution_date=20240805T004000, start_date=20240805T005128, end_date=20240805T005251
[2024-08-05T00:52:59.562+0000] {local_task_job_runner.py:243} INFO - Task exited with return code 0
[2024-08-05T00:53:01.123+0000] {local_task_job_runner.py:222} INFO - ::endgroup::
