[2024-08-01T16:37:44.180+0000] {local_task_job_runner.py:120} INFO - ::group::Pre task execution logs
[2024-08-01T16:37:44.191+0000] {taskinstance.py:2076} INFO - Dependencies all met for dep_context=non-requeueable deps ti=<TaskInstance: etl_dag.load_data manual__2024-08-01T16:37:38.755395+00:00 [queued]>
[2024-08-01T16:37:44.196+0000] {taskinstance.py:2076} INFO - Dependencies all met for dep_context=requeueable deps ti=<TaskInstance: etl_dag.load_data manual__2024-08-01T16:37:38.755395+00:00 [queued]>
[2024-08-01T16:37:44.196+0000] {taskinstance.py:2306} INFO - Starting attempt 1 of 2
[2024-08-01T16:37:44.203+0000] {taskinstance.py:2330} INFO - Executing <Task(PythonOperator): load_data> on 2024-08-01 16:37:38.755395+00:00
[2024-08-01T16:37:44.207+0000] {warnings.py:112} WARNING - /home/***/.local/lib/python3.12/site-packages/***/task/task_runner/standard_task_runner.py:62: DeprecationWarning: This process (pid=239) is multi-threaded, use of fork() may lead to deadlocks in the child.
  pid = os.fork()

[2024-08-01T16:37:44.208+0000] {standard_task_runner.py:64} INFO - Started process 241 to run task
[2024-08-01T16:37:44.209+0000] {standard_task_runner.py:90} INFO - Running: ['***', 'tasks', 'run', 'etl_dag', 'load_data', 'manual__2024-08-01T16:37:38.755395+00:00', '--job-id', '104', '--raw', '--subdir', 'DAGS_FOLDER/etl_dag.py', '--cfg-path', '/tmp/tmpj5xkkosz']
[2024-08-01T16:37:44.209+0000] {standard_task_runner.py:91} INFO - Job 104: Subtask load_data
[2024-08-01T16:37:44.256+0000] {task_command.py:426} INFO - Running <TaskInstance: etl_dag.load_data manual__2024-08-01T16:37:38.755395+00:00 [running]> on host e27a9ccca098
[2024-08-01T16:37:44.311+0000] {taskinstance.py:2648} INFO - Exporting env vars: AIRFLOW_CTX_DAG_OWNER='Gabriel Almeida' AIRFLOW_CTX_DAG_ID='etl_dag' AIRFLOW_CTX_TASK_ID='load_data' AIRFLOW_CTX_EXECUTION_DATE='2024-08-01T16:37:38.755395+00:00' AIRFLOW_CTX_TRY_NUMBER='1' AIRFLOW_CTX_DAG_RUN_ID='manual__2024-08-01T16:37:38.755395+00:00'
[2024-08-01T16:37:44.312+0000] {taskinstance.py:430} INFO - ::endgroup::
[2024-08-01T16:37:44.419+0000] {base.py:84} INFO - Using connection ID 'postgres_conn' for task execution.
[2024-08-01T16:37:44.529+0000] {logging_mixin.py:188} INFO - Dados carregados com sucesso.
[2024-08-01T16:37:44.530+0000] {logging_mixin.py:188} INFO - ####CHEGOU AQUI#####
[2024-08-01T16:37:44.530+0000] {python.py:237} INFO - Done. Returned value was: None
[2024-08-01T16:37:44.531+0000] {taskinstance.py:441} INFO - ::group::Post task execution logs
[2024-08-01T16:37:44.539+0000] {taskinstance.py:1206} INFO - Marking task as SUCCESS. dag_id=etl_dag, task_id=load_data, run_id=manual__2024-08-01T16:37:38.755395+00:00, execution_date=20240801T163738, start_date=20240801T163744, end_date=20240801T163744
[2024-08-01T16:37:44.556+0000] {local_task_job_runner.py:243} INFO - Task exited with return code 0
[2024-08-01T16:37:44.568+0000] {taskinstance.py:3503} INFO - 0 downstream tasks scheduled from follow-on schedule check
[2024-08-01T16:37:44.569+0000] {local_task_job_runner.py:222} INFO - ::endgroup::
