[2024-08-04T23:20:09.894+0000] {local_task_job_runner.py:120} INFO - ::group::Pre task execution logs
[2024-08-04T23:20:09.926+0000] {taskinstance.py:2076} INFO - Dependencies all met for dep_context=non-requeueable deps ti=<TaskInstance: etl_dag.create_dim_company scheduled__2024-08-04T23:10:00+00:00 [queued]>
[2024-08-04T23:20:09.943+0000] {taskinstance.py:2076} INFO - Dependencies all met for dep_context=requeueable deps ti=<TaskInstance: etl_dag.create_dim_company scheduled__2024-08-04T23:10:00+00:00 [queued]>
[2024-08-04T23:20:09.943+0000] {taskinstance.py:2306} INFO - Starting attempt 1 of 6
[2024-08-04T23:20:09.959+0000] {taskinstance.py:2330} INFO - Executing <Task(PostgresOperator): create_dim_company> on 2024-08-04 23:10:00+00:00
[2024-08-04T23:20:09.980+0000] {warnings.py:112} WARNING - /home/***/.local/lib/python3.12/site-packages/***/task/task_runner/standard_task_runner.py:62: DeprecationWarning: This process (pid=2184) is multi-threaded, use of fork() may lead to deadlocks in the child.
  pid = os.fork()

[2024-08-04T23:20:09.987+0000] {standard_task_runner.py:64} INFO - Started process 2191 to run task
[2024-08-04T23:20:09.990+0000] {standard_task_runner.py:90} INFO - Running: ['***', 'tasks', 'run', 'etl_dag', 'create_dim_company', 'scheduled__2024-08-04T23:10:00+00:00', '--job-id', '1317', '--raw', '--subdir', 'DAGS_FOLDER/etl_dag.py', '--cfg-path', '/tmp/tmpmtaqp_vk']
[2024-08-04T23:20:09.993+0000] {standard_task_runner.py:91} INFO - Job 1317: Subtask create_dim_company
[2024-08-04T23:20:10.062+0000] {task_command.py:426} INFO - Running <TaskInstance: etl_dag.create_dim_company scheduled__2024-08-04T23:10:00+00:00 [running]> on host 88edf8e2824b
[2024-08-04T23:20:10.159+0000] {taskinstance.py:2648} INFO - Exporting env vars: AIRFLOW_CTX_DAG_OWNER='Gabriel Almeida' AIRFLOW_CTX_DAG_ID='etl_dag' AIRFLOW_CTX_TASK_ID='create_dim_company' AIRFLOW_CTX_EXECUTION_DATE='2024-08-04T23:10:00+00:00' AIRFLOW_CTX_TRY_NUMBER='1' AIRFLOW_CTX_DAG_RUN_ID='scheduled__2024-08-04T23:10:00+00:00'
[2024-08-04T23:20:10.163+0000] {taskinstance.py:430} INFO - ::endgroup::
[2024-08-04T23:20:10.164+0000] {sql.py:282} INFO - Executing: 
            CREATE TABLE IF NOT EXISTS DimCompany (
                id_company SERIAL PRIMARY KEY,
                company VARCHAR(255) UNIQUE NOT NULL
            );
        
[2024-08-04T23:20:10.183+0000] {base.py:84} INFO - Using connection ID 'postgres_conn' for task execution.
[2024-08-04T23:20:10.196+0000] {base.py:84} INFO - Using connection ID 'postgres_conn' for task execution.
[2024-08-04T23:20:10.226+0000] {sql.py:495} INFO - Running statement: 
            CREATE TABLE IF NOT EXISTS DimCompany (
                id_company SERIAL PRIMARY KEY,
                company VARCHAR(255) UNIQUE NOT NULL
            );
        , parameters: None
[2024-08-04T23:20:10.231+0000] {taskinstance.py:441} INFO - ::group::Post task execution logs
[2024-08-04T23:20:10.248+0000] {taskinstance.py:1206} INFO - Marking task as SUCCESS. dag_id=etl_dag, task_id=create_dim_company, run_id=scheduled__2024-08-04T23:10:00+00:00, execution_date=20240804T231000, start_date=20240804T232009, end_date=20240804T232010
[2024-08-04T23:20:10.296+0000] {local_task_job_runner.py:243} INFO - Task exited with return code 0
[2024-08-04T23:20:10.310+0000] {warnings.py:112} WARNING - /home/***/.local/lib/python3.12/site-packages/***/models/baseoperator.py:1297: AirflowProviderDeprecationWarning: Call to deprecated class PostgresOperator. (Please use `***.providers.common.sql.operators.sql.SQLExecuteQueryOperator`.Also, you can provide `hook_params={'schema': <database>}`.)
  result = cls.__new__(cls)

[2024-08-04T23:20:10.320+0000] {taskinstance.py:3503} INFO - 0 downstream tasks scheduled from follow-on schedule check
[2024-08-04T23:20:10.321+0000] {local_task_job_runner.py:222} INFO - ::endgroup::
