[2024-08-02T09:37:59.618+0000] {local_task_job_runner.py:120} INFO - ::group::Pre task execution logs
[2024-08-02T09:37:59.630+0000] {taskinstance.py:2076} INFO - Dependencies all met for dep_context=non-requeueable deps ti=<TaskInstance: etl_dag.Carga_Dimensao_user_type manual__2024-08-02T09:37:47.254013+00:00 [queued]>
[2024-08-02T09:37:59.633+0000] {taskinstance.py:2076} INFO - Dependencies all met for dep_context=requeueable deps ti=<TaskInstance: etl_dag.Carga_Dimensao_user_type manual__2024-08-02T09:37:47.254013+00:00 [queued]>
[2024-08-02T09:37:59.634+0000] {taskinstance.py:2306} INFO - Starting attempt 1 of 6
[2024-08-02T09:37:59.640+0000] {taskinstance.py:2330} INFO - Executing <Task(PythonOperator): Carga_Dimensao_user_type> on 2024-08-02 09:37:47.254013+00:00
[2024-08-02T09:37:59.646+0000] {warnings.py:112} WARNING - /home/***/.local/lib/python3.12/site-packages/***/task/task_runner/standard_task_runner.py:62: DeprecationWarning: This process (pid=291) is multi-threaded, use of fork() may lead to deadlocks in the child.
  pid = os.fork()

[2024-08-02T09:37:59.647+0000] {standard_task_runner.py:64} INFO - Started process 293 to run task
[2024-08-02T09:37:59.647+0000] {standard_task_runner.py:90} INFO - Running: ['***', 'tasks', 'run', 'etl_dag', 'Carga_Dimensao_user_type', 'manual__2024-08-02T09:37:47.254013+00:00', '--job-id', '178', '--raw', '--subdir', 'DAGS_FOLDER/etl_dag.py', '--cfg-path', '/tmp/tmpbaiut0qz']
[2024-08-02T09:37:59.648+0000] {standard_task_runner.py:91} INFO - Job 178: Subtask Carga_Dimensao_user_type
[2024-08-02T09:37:59.674+0000] {task_command.py:426} INFO - Running <TaskInstance: etl_dag.Carga_Dimensao_user_type manual__2024-08-02T09:37:47.254013+00:00 [running]> on host 69633e19c226
[2024-08-02T09:37:59.741+0000] {taskinstance.py:2648} INFO - Exporting env vars: AIRFLOW_CTX_DAG_OWNER='Gabriel Almeida' AIRFLOW_CTX_DAG_ID='etl_dag' AIRFLOW_CTX_TASK_ID='Carga_Dimensao_user_type' AIRFLOW_CTX_EXECUTION_DATE='2024-08-02T09:37:47.254013+00:00' AIRFLOW_CTX_TRY_NUMBER='1' AIRFLOW_CTX_DAG_RUN_ID='manual__2024-08-02T09:37:47.254013+00:00'
[2024-08-02T09:37:59.742+0000] {taskinstance.py:430} INFO - ::endgroup::
[2024-08-02T09:37:59.832+0000] {logging_mixin.py:188} INFO -           id  id_campaign  ...                      opened_at clicked_at
0    1820658         2602  ...                           None       None
1    1820659         2602  ...                           None       None
2    1820660         2602  ...  2024-07-23T14:02:01.000-03:00       None
3    1820661         2607  ...                           None       None
4    1820662         2602  ...                           None       None
..       ...          ...  ...                            ...        ...
995  1821653         2602  ...                           None       None
996  1821654         2602  ...  2024-07-23T14:55:01.000-03:00       None
997  1821655         2602  ...                           None       None
998  1821656         2602  ...                           None       None
999  1821657         2607  ...                           None       None

[1000 rows x 12 columns]
[2024-08-02T09:37:59.834+0000] {logging_mixin.py:188} INFO -   user_type
0      Lead
[2024-08-02T09:37:59.834+0000] {python.py:237} INFO - Done. Returned value was: None
[2024-08-02T09:37:59.835+0000] {taskinstance.py:441} INFO - ::group::Post task execution logs
[2024-08-02T09:37:59.841+0000] {taskinstance.py:1206} INFO - Marking task as SUCCESS. dag_id=etl_dag, task_id=Carga_Dimensao_user_type, run_id=manual__2024-08-02T09:37:47.254013+00:00, execution_date=20240802T093747, start_date=20240802T093759, end_date=20240802T093759
[2024-08-02T09:37:59.871+0000] {local_task_job_runner.py:243} INFO - Task exited with return code 0
[2024-08-02T09:37:59.883+0000] {taskinstance.py:3503} INFO - 0 downstream tasks scheduled from follow-on schedule check
[2024-08-02T09:37:59.884+0000] {local_task_job_runner.py:222} INFO - ::endgroup::
