[2024-08-04T23:33:42.255+0000] {local_task_job_runner.py:120} INFO - ::group::Pre task execution logs
[2024-08-04T23:33:42.271+0000] {taskinstance.py:2076} INFO - Dependencies all met for dep_context=non-requeueable deps ti=<TaskInstance: etl_dag.carga_fatoemailmarketing manual__2024-08-04T23:33:17.475485+00:00 [queued]>
[2024-08-04T23:33:42.278+0000] {taskinstance.py:2076} INFO - Dependencies all met for dep_context=requeueable deps ti=<TaskInstance: etl_dag.carga_fatoemailmarketing manual__2024-08-04T23:33:17.475485+00:00 [queued]>
[2024-08-04T23:33:42.279+0000] {taskinstance.py:2306} INFO - Starting attempt 1 of 6
[2024-08-04T23:33:42.287+0000] {taskinstance.py:2330} INFO - Executing <Task(PythonOperator): carga_fatoemailmarketing> on 2024-08-04 23:33:17.475485+00:00
[2024-08-04T23:33:42.304+0000] {warnings.py:112} WARNING - /home/***/.local/lib/python3.12/site-packages/***/task/task_runner/standard_task_runner.py:62: DeprecationWarning: This process (pid=2626) is multi-threaded, use of fork() may lead to deadlocks in the child.
  pid = os.fork()

[2024-08-04T23:33:42.306+0000] {standard_task_runner.py:64} INFO - Started process 2628 to run task
[2024-08-04T23:33:42.308+0000] {standard_task_runner.py:90} INFO - Running: ['***', 'tasks', 'run', 'etl_dag', 'carga_fatoemailmarketing', 'manual__2024-08-04T23:33:17.475485+00:00', '--job-id', '1361', '--raw', '--subdir', 'DAGS_FOLDER/etl_dag.py', '--cfg-path', '/tmp/tmph4o4fhkr']
[2024-08-04T23:33:42.309+0000] {standard_task_runner.py:91} INFO - Job 1361: Subtask carga_fatoemailmarketing
[2024-08-04T23:33:42.360+0000] {task_command.py:426} INFO - Running <TaskInstance: etl_dag.carga_fatoemailmarketing manual__2024-08-04T23:33:17.475485+00:00 [running]> on host 88edf8e2824b
[2024-08-04T23:33:42.459+0000] {taskinstance.py:2648} INFO - Exporting env vars: AIRFLOW_CTX_DAG_OWNER='Gabriel Almeida' AIRFLOW_CTX_DAG_ID='etl_dag' AIRFLOW_CTX_TASK_ID='carga_fatoemailmarketing' AIRFLOW_CTX_EXECUTION_DATE='2024-08-04T23:33:17.475485+00:00' AIRFLOW_CTX_TRY_NUMBER='1' AIRFLOW_CTX_DAG_RUN_ID='manual__2024-08-04T23:33:17.475485+00:00'
[2024-08-04T23:33:42.461+0000] {taskinstance.py:430} INFO - ::endgroup::
[2024-08-04T23:33:42.534+0000] {base.py:84} INFO - Using connection ID 'postgres_conn' for task execution.
[2024-08-04T23:33:42.603+0000] {python.py:237} INFO - Done. Returned value was: None
[2024-08-04T23:33:42.604+0000] {taskinstance.py:441} INFO - ::group::Post task execution logs
[2024-08-04T23:33:42.614+0000] {taskinstance.py:1206} INFO - Marking task as SUCCESS. dag_id=etl_dag, task_id=carga_fatoemailmarketing, run_id=manual__2024-08-04T23:33:17.475485+00:00, execution_date=20240804T233317, start_date=20240804T233342, end_date=20240804T233342
[2024-08-04T23:33:42.655+0000] {local_task_job_runner.py:243} INFO - Task exited with return code 0
[2024-08-04T23:33:42.679+0000] {taskinstance.py:3503} INFO - 0 downstream tasks scheduled from follow-on schedule check
[2024-08-04T23:33:42.680+0000] {local_task_job_runner.py:222} INFO - ::endgroup::
