[2024-08-04T21:30:11.442+0000] {local_task_job_runner.py:120} INFO - ::group::Pre task execution logs
[2024-08-04T21:30:11.465+0000] {taskinstance.py:2076} INFO - Dependencies all met for dep_context=non-requeueable deps ti=<TaskInstance: etl_dag.create_dim_user_type scheduled__2024-08-04T21:20:00+00:00 [queued]>
[2024-08-04T21:30:11.474+0000] {taskinstance.py:2076} INFO - Dependencies all met for dep_context=requeueable deps ti=<TaskInstance: etl_dag.create_dim_user_type scheduled__2024-08-04T21:20:00+00:00 [queued]>
[2024-08-04T21:30:11.474+0000] {taskinstance.py:2306} INFO - Starting attempt 1 of 6
[2024-08-04T21:30:11.496+0000] {taskinstance.py:2330} INFO - Executing <Task(PostgresOperator): create_dim_user_type> on 2024-08-04 21:20:00+00:00
[2024-08-04T21:30:11.509+0000] {warnings.py:112} WARNING - /home/***/.local/lib/python3.12/site-packages/***/task/task_runner/standard_task_runner.py:62: DeprecationWarning: This process (pid=3992) is multi-threaded, use of fork() may lead to deadlocks in the child.
  pid = os.fork()

[2024-08-04T21:30:11.512+0000] {standard_task_runner.py:64} INFO - Started process 4004 to run task
[2024-08-04T21:30:11.515+0000] {standard_task_runner.py:90} INFO - Running: ['***', 'tasks', 'run', 'etl_dag', 'create_dim_user_type', 'scheduled__2024-08-04T21:20:00+00:00', '--job-id', '1049', '--raw', '--subdir', 'DAGS_FOLDER/etl_dag.py', '--cfg-path', '/tmp/tmp5a57f7at']
[2024-08-04T21:30:11.518+0000] {standard_task_runner.py:91} INFO - Job 1049: Subtask create_dim_user_type
[2024-08-04T21:30:11.630+0000] {task_command.py:426} INFO - Running <TaskInstance: etl_dag.create_dim_user_type scheduled__2024-08-04T21:20:00+00:00 [running]> on host 83ccd21ce624
[2024-08-04T21:30:11.746+0000] {taskinstance.py:2648} INFO - Exporting env vars: AIRFLOW_CTX_DAG_OWNER='Gabriel Almeida' AIRFLOW_CTX_DAG_ID='etl_dag' AIRFLOW_CTX_TASK_ID='create_dim_user_type' AIRFLOW_CTX_EXECUTION_DATE='2024-08-04T21:20:00+00:00' AIRFLOW_CTX_TRY_NUMBER='1' AIRFLOW_CTX_DAG_RUN_ID='scheduled__2024-08-04T21:20:00+00:00'
[2024-08-04T21:30:11.750+0000] {taskinstance.py:430} INFO - ::endgroup::
[2024-08-04T21:30:11.751+0000] {sql.py:282} INFO - Executing: 
            CREATE TABLE IF NOT EXISTS DimUserType (
                id_user_type SERIAL PRIMARY KEY,
                user_type VARCHAR(255) UNIQUE NOT NULL
);
        
[2024-08-04T21:30:11.771+0000] {base.py:84} INFO - Using connection ID 'postgres_conn' for task execution.
[2024-08-04T21:30:11.797+0000] {base.py:84} INFO - Using connection ID 'postgres_conn' for task execution.
[2024-08-04T21:30:11.812+0000] {sql.py:495} INFO - Running statement: 
            CREATE TABLE IF NOT EXISTS DimUserType (
                id_user_type SERIAL PRIMARY KEY,
                user_type VARCHAR(255) UNIQUE NOT NULL
);
        , parameters: None
[2024-08-04T21:30:11.816+0000] {taskinstance.py:441} INFO - ::group::Post task execution logs
[2024-08-04T21:30:11.824+0000] {taskinstance.py:1206} INFO - Marking task as SUCCESS. dag_id=etl_dag, task_id=create_dim_user_type, run_id=scheduled__2024-08-04T21:20:00+00:00, execution_date=20240804T212000, start_date=20240804T213011, end_date=20240804T213011
[2024-08-04T21:30:11.864+0000] {local_task_job_runner.py:243} INFO - Task exited with return code 0
[2024-08-04T21:30:11.898+0000] {local_task_job_runner.py:222} INFO - ::endgroup::
