[2024-08-04T18:59:19.966+0000] {local_task_job_runner.py:120} INFO - ::group::Pre task execution logs
[2024-08-04T18:59:20.008+0000] {taskinstance.py:2076} INFO - Dependencies all met for dep_context=non-requeueable deps ti=<TaskInstance: etl_dag.create_dim_campaign scheduled__2024-08-04T05:40:00+00:00 [queued]>
[2024-08-04T18:59:20.024+0000] {taskinstance.py:2076} INFO - Dependencies all met for dep_context=requeueable deps ti=<TaskInstance: etl_dag.create_dim_campaign scheduled__2024-08-04T05:40:00+00:00 [queued]>
[2024-08-04T18:59:20.025+0000] {taskinstance.py:2306} INFO - Starting attempt 1 of 6
[2024-08-04T18:59:20.047+0000] {taskinstance.py:2330} INFO - Executing <Task(PostgresOperator): create_dim_campaign> on 2024-08-04 05:40:00+00:00
[2024-08-04T18:59:20.090+0000] {standard_task_runner.py:90} INFO - Running: ['***', 'tasks', 'run', 'etl_dag', 'create_dim_campaign', 'scheduled__2024-08-04T05:40:00+00:00', '--job-id', '743', '--raw', '--subdir', 'DAGS_FOLDER/etl_dag.py', '--cfg-path', '/tmp/tmp8oyxsc2z']
[2024-08-04T18:59:20.094+0000] {standard_task_runner.py:91} INFO - Job 743: Subtask create_dim_campaign
[2024-08-04T18:59:20.089+0000] {warnings.py:112} WARNING - /home/***/.local/lib/python3.12/site-packages/***/task/task_runner/standard_task_runner.py:62: DeprecationWarning: This process (pid=463) is multi-threaded, use of fork() may lead to deadlocks in the child.
  pid = os.fork()

[2024-08-04T18:59:20.101+0000] {standard_task_runner.py:64} INFO - Started process 471 to run task
[2024-08-04T18:59:20.269+0000] {task_command.py:426} INFO - Running <TaskInstance: etl_dag.create_dim_campaign scheduled__2024-08-04T05:40:00+00:00 [running]> on host 83ccd21ce624
[2024-08-04T18:59:20.558+0000] {taskinstance.py:2648} INFO - Exporting env vars: AIRFLOW_CTX_DAG_OWNER='Gabriel Almeida' AIRFLOW_CTX_DAG_ID='etl_dag' AIRFLOW_CTX_TASK_ID='create_dim_campaign' AIRFLOW_CTX_EXECUTION_DATE='2024-08-04T05:40:00+00:00' AIRFLOW_CTX_TRY_NUMBER='1' AIRFLOW_CTX_DAG_RUN_ID='scheduled__2024-08-04T05:40:00+00:00'
[2024-08-04T18:59:20.589+0000] {taskinstance.py:430} INFO - ::endgroup::
[2024-08-04T18:59:20.590+0000] {sql.py:282} INFO - Executing: 
            CREATE TABLE IF NOT EXISTS DimCampaign (
                id_campaign INT PRIMARY KEY,
                campaign VARCHAR(255)
            );
        
[2024-08-04T18:59:20.652+0000] {base.py:84} INFO - Using connection ID 'postgres_conn' for task execution.
[2024-08-04T18:59:20.689+0000] {base.py:84} INFO - Using connection ID 'postgres_conn' for task execution.
[2024-08-04T18:59:20.724+0000] {sql.py:495} INFO - Running statement: 
            CREATE TABLE IF NOT EXISTS DimCampaign (
                id_campaign INT PRIMARY KEY,
                campaign VARCHAR(255)
            );
        , parameters: None
[2024-08-04T18:59:20.738+0000] {taskinstance.py:441} INFO - ::group::Post task execution logs
[2024-08-04T18:59:20.764+0000] {taskinstance.py:1206} INFO - Marking task as SUCCESS. dag_id=etl_dag, task_id=create_dim_campaign, run_id=scheduled__2024-08-04T05:40:00+00:00, execution_date=20240804T054000, start_date=20240804T185920, end_date=20240804T185920
[2024-08-04T18:59:20.828+0000] {local_task_job_runner.py:243} INFO - Task exited with return code 0
[2024-08-04T18:59:20.892+0000] {local_task_job_runner.py:222} INFO - ::endgroup::
