[2024-08-02T09:50:12.115+0000] {local_task_job_runner.py:120} INFO - ::group::Pre task execution logs
[2024-08-02T09:50:12.124+0000] {taskinstance.py:2076} INFO - Dependencies all met for dep_context=non-requeueable deps ti=<TaskInstance: etl_dag.Carga_Dimensao_user_type scheduled__2024-08-02T09:40:00+00:00 [queued]>
[2024-08-02T09:50:12.127+0000] {taskinstance.py:2076} INFO - Dependencies all met for dep_context=requeueable deps ti=<TaskInstance: etl_dag.Carga_Dimensao_user_type scheduled__2024-08-02T09:40:00+00:00 [queued]>
[2024-08-02T09:50:12.127+0000] {taskinstance.py:2306} INFO - Starting attempt 1 of 6
[2024-08-02T09:50:12.133+0000] {taskinstance.py:2330} INFO - Executing <Task(PythonOperator): Carga_Dimensao_user_type> on 2024-08-02 09:40:00+00:00
[2024-08-02T09:50:12.138+0000] {warnings.py:112} WARNING - /home/***/.local/lib/python3.12/site-packages/***/task/task_runner/standard_task_runner.py:62: DeprecationWarning: This process (pid=616) is multi-threaded, use of fork() may lead to deadlocks in the child.
  pid = os.fork()

[2024-08-02T09:50:12.139+0000] {standard_task_runner.py:64} INFO - Started process 618 to run task
[2024-08-02T09:50:12.139+0000] {standard_task_runner.py:90} INFO - Running: ['***', 'tasks', 'run', 'etl_dag', 'Carga_Dimensao_user_type', 'scheduled__2024-08-02T09:40:00+00:00', '--job-id', '218', '--raw', '--subdir', 'DAGS_FOLDER/etl_dag.py', '--cfg-path', '/tmp/tmphlg3w1d2']
[2024-08-02T09:50:12.140+0000] {standard_task_runner.py:91} INFO - Job 218: Subtask Carga_Dimensao_user_type
[2024-08-02T09:50:12.166+0000] {task_command.py:426} INFO - Running <TaskInstance: etl_dag.Carga_Dimensao_user_type scheduled__2024-08-02T09:40:00+00:00 [running]> on host 69633e19c226
[2024-08-02T09:50:12.233+0000] {taskinstance.py:2648} INFO - Exporting env vars: AIRFLOW_CTX_DAG_OWNER='Gabriel Almeida' AIRFLOW_CTX_DAG_ID='etl_dag' AIRFLOW_CTX_TASK_ID='Carga_Dimensao_user_type' AIRFLOW_CTX_EXECUTION_DATE='2024-08-02T09:40:00+00:00' AIRFLOW_CTX_TRY_NUMBER='1' AIRFLOW_CTX_DAG_RUN_ID='scheduled__2024-08-02T09:40:00+00:00'
[2024-08-02T09:50:12.234+0000] {taskinstance.py:430} INFO - ::endgroup::
[2024-08-02T09:50:12.302+0000] {logging_mixin.py:188} INFO -           id  id_campaign  ...                      opened_at clicked_at
0    1825658         1140  ...  2024-07-26T22:48:36.000-03:00       None
1    1825659         1140  ...  2024-07-27T10:54:02.000-03:00       None
2    1825660         1140  ...  2024-07-26T22:48:57.000-03:00       None
3    1825661         1140  ...  2024-07-26T22:49:12.000-03:00       None
4    1825662         1140  ...  2024-07-26T22:49:20.000-03:00       None
..       ...          ...  ...                            ...        ...
995  1826653         1150  ...  2024-07-29T18:26:38.000-03:00       None
996  1826654         1150  ...                           None       None
997  1826655         1150  ...                           None       None
998  1826656         1157  ...                           None       None
999  1826657         1150  ...  2024-07-29T18:26:52.000-03:00       None

[1000 rows x 12 columns]
[2024-08-02T09:50:12.306+0000] {logging_mixin.py:188} INFO -           id  id_campaign  ...                      opened_at clicked_at
0    1825658         1140  ...  2024-07-26T22:48:36.000-03:00       None
1    1825659         1140  ...  2024-07-27T10:54:02.000-03:00       None
2    1825660         1140  ...  2024-07-26T22:48:57.000-03:00       None
3    1825661         1140  ...  2024-07-26T22:49:12.000-03:00       None
4    1825662         1140  ...  2024-07-26T22:49:20.000-03:00       None
..       ...          ...  ...                            ...        ...
995  1826653         1150  ...  2024-07-29T18:26:38.000-03:00       None
996  1826654         1150  ...                           None       None
997  1826655         1150  ...                           None       None
998  1826656         1157  ...                           None       None
999  1826657         1150  ...  2024-07-29T18:26:52.000-03:00       None

[1000 rows x 12 columns]
[2024-08-02T09:50:12.309+0000] {logging_mixin.py:188} INFO -   user_type
0      Lead
[2024-08-02T09:50:12.309+0000] {python.py:237} INFO - Done. Returned value was: None
[2024-08-02T09:50:12.309+0000] {taskinstance.py:441} INFO - ::group::Post task execution logs
[2024-08-02T09:50:12.316+0000] {taskinstance.py:1206} INFO - Marking task as SUCCESS. dag_id=etl_dag, task_id=Carga_Dimensao_user_type, run_id=scheduled__2024-08-02T09:40:00+00:00, execution_date=20240802T094000, start_date=20240802T095012, end_date=20240802T095012
[2024-08-02T09:50:12.366+0000] {local_task_job_runner.py:243} INFO - Task exited with return code 0
[2024-08-02T09:50:12.378+0000] {taskinstance.py:3503} INFO - 0 downstream tasks scheduled from follow-on schedule check
[2024-08-02T09:50:12.378+0000] {local_task_job_runner.py:222} INFO - ::endgroup::
