[2024-07-31T00:18:52.819+0000] {local_task_job_runner.py:120} INFO - ::group::Pre task execution logs
[2024-07-31T00:18:52.829+0000] {taskinstance.py:2076} INFO - Dependencies all met for dep_context=non-requeueable deps ti=<TaskInstance: etl_dag.transform_data manual__2024-07-31T00:18:49.303760+00:00 [queued]>
[2024-07-31T00:18:52.833+0000] {taskinstance.py:2076} INFO - Dependencies all met for dep_context=requeueable deps ti=<TaskInstance: etl_dag.transform_data manual__2024-07-31T00:18:49.303760+00:00 [queued]>
[2024-07-31T00:18:52.833+0000] {taskinstance.py:2306} INFO - Starting attempt 1 of 2
[2024-07-31T00:18:52.840+0000] {taskinstance.py:2330} INFO - Executing <Task(PythonOperator): transform_data> on 2024-07-31 00:18:49.303760+00:00
[2024-07-31T00:18:52.847+0000] {warnings.py:112} WARNING - /home/***/.local/lib/python3.12/site-packages/***/task/task_runner/standard_task_runner.py:62: DeprecationWarning: This process (pid=1106) is multi-threaded, use of fork() may lead to deadlocks in the child.
  pid = os.fork()

[2024-07-31T00:18:52.848+0000] {standard_task_runner.py:64} INFO - Started process 1108 to run task
[2024-07-31T00:18:52.848+0000] {standard_task_runner.py:90} INFO - Running: ['***', 'tasks', 'run', 'etl_dag', 'transform_data', 'manual__2024-07-31T00:18:49.303760+00:00', '--job-id', '50', '--raw', '--subdir', 'DAGS_FOLDER/etl_dag.py', '--cfg-path', '/tmp/tmph5gy6cdk']
[2024-07-31T00:18:52.849+0000] {standard_task_runner.py:91} INFO - Job 50: Subtask transform_data
[2024-07-31T00:18:52.882+0000] {task_command.py:426} INFO - Running <TaskInstance: etl_dag.transform_data manual__2024-07-31T00:18:49.303760+00:00 [running]> on host bb49ef30ae89
[2024-07-31T00:18:52.929+0000] {taskinstance.py:2648} INFO - Exporting env vars: AIRFLOW_CTX_DAG_OWNER='Gabriel Almeida' AIRFLOW_CTX_DAG_ID='etl_dag' AIRFLOW_CTX_TASK_ID='transform_data' AIRFLOW_CTX_EXECUTION_DATE='2024-07-31T00:18:49.303760+00:00' AIRFLOW_CTX_TRY_NUMBER='1' AIRFLOW_CTX_DAG_RUN_ID='manual__2024-07-31T00:18:49.303760+00:00'
[2024-07-31T00:18:52.930+0000] {taskinstance.py:430} INFO - ::endgroup::
[2024-07-31T00:18:52.949+0000] {logging_mixin.py:188} INFO - DataFrame:
[2024-07-31T00:18:52.959+0000] {logging_mixin.py:188} INFO -         id  id_campaign  ...                      opened_at clicked_at
0  1819658         2601  ...                           None       None
1  1819659         2616  ...  2024-07-22T19:15:40.000-03:00       None
2  1819660         2616  ...  2024-07-22T19:15:39.000-03:00       None
3  1819661         2601  ...                           None       None
4  1819662         2601  ...  2024-07-22T19:15:40.000-03:00       None

[5 rows x 12 columns]
[2024-07-31T00:18:52.968+0000] {crypto.py:82} WARNING - empty cryptography key - values will not be stored encrypted.
[2024-07-31T00:18:52.970+0000] {logging_mixin.py:188} INFO - 1820657
[2024-07-31T00:18:52.971+0000] {python.py:237} INFO - Done. Returned value was:           id  id_campaign  ...                      opened_at clicked_at
0    1819658         2601  ...                           None       None
1    1819659         2616  ...  2024-07-22T19:15:40.000-03:00       None
2    1819660         2616  ...  2024-07-22T19:15:39.000-03:00       None
3    1819661         2601  ...                           None       None
4    1819662         2601  ...  2024-07-22T19:15:40.000-03:00       None
..       ...          ...  ...                            ...        ...
995  1820653         2602  ...  2024-07-23T23:37:09.000-03:00       None
996  1820654         2602  ...  2024-07-23T21:12:33.000-03:00       None
997  1820655         2602  ...  2024-07-23T14:01:55.000-03:00       None
998  1820656         2602  ...                           None       None
999  1820657         2602  ...                           None       None

[1000 rows x 12 columns]
[2024-07-31T00:18:52.979+0000] {taskinstance.py:441} INFO - ::group::Post task execution logs
[2024-07-31T00:18:53.022+0000] {taskinstance.py:1206} INFO - Marking task as SUCCESS. dag_id=etl_dag, task_id=transform_data, run_id=manual__2024-07-31T00:18:49.303760+00:00, execution_date=20240731T001849, start_date=20240731T001852, end_date=20240731T001853
[2024-07-31T00:18:53.032+0000] {local_task_job_runner.py:243} INFO - Task exited with return code 0
[2024-07-31T00:18:53.047+0000] {taskinstance.py:3503} INFO - 1 downstream tasks scheduled from follow-on schedule check
[2024-07-31T00:18:53.048+0000] {local_task_job_runner.py:222} INFO - ::endgroup::
